[0.021s] Invoking command in '/home/user/humble_ws/build/franka_hardware': AMENT_PREFIX_PATH=/home/user/humble_ws/install/franka_msgs:${AMENT_PREFIX_PATH} CMAKE_PREFIX_PATH=/home/user/humble_ws/install/franka_msgs:~/Libraries/libfranka/lib/cmake:~/Libraries/mujoco/lib/cmake:/opt/ros/humble LD_LIBRARY_PATH=/home/user/humble_ws/install/franka_msgs/lib:${LD_LIBRARY_PATH} PYTHONPATH=/home/user/humble_ws/install/franka_msgs/local/lib/python3.10/dist-packages:${PYTHONPATH} /usr/bin/cmake /home/user/humble_ws/src/bimanual_architecture/franka_hardware -DCMAKE_BUILD_TYPE=Release -DCMAKE_INSTALL_PREFIX=/home/user/humble_ws/install/franka_hardware
[0.070s] -- The C compiler identification is GNU 11.4.0
[0.111s] -- The CXX compiler identification is GNU 11.4.0
[0.118s] -- Detecting C compiler ABI info
[0.178s] -- Detecting C compiler ABI info - done
[0.186s] -- Check for working C compiler: /usr/bin/cc - skipped
[0.186s] -- Detecting C compile features
[0.186s] -- Detecting C compile features - done
[0.190s] -- Detecting CXX compiler ABI info
[0.259s] -- Detecting CXX compiler ABI info - done
[0.265s] -- Check for working CXX compiler: /usr/bin/c++ - skipped
[0.265s] -- Detecting CXX compile features
[0.265s] -- Detecting CXX compile features - done
[0.267s] -- Found ament_cmake: 1.3.10 (/opt/ros/humble/share/ament_cmake/cmake)
[0.377s] -- Found Python3: /usr/bin/python3 (found version "3.10.12") found components: Interpreter 
[0.490s] -- Found rclcpp: 16.0.10 (/opt/ros/humble/share/rclcpp/cmake)
[0.555s] -- Found rosidl_generator_c: 3.1.5 (/opt/ros/humble/share/rosidl_generator_c/cmake)
[0.564s] -- Found rosidl_adapter: 3.1.5 (/opt/ros/humble/share/rosidl_adapter/cmake)
[0.578s] -- Found rosidl_generator_cpp: 3.1.5 (/opt/ros/humble/share/rosidl_generator_cpp/cmake)
[0.596s] -- Using all available rosidl_typesupport_c: rosidl_typesupport_fastrtps_c;rosidl_typesupport_introspection_c
[0.615s] -- Using all available rosidl_typesupport_cpp: rosidl_typesupport_fastrtps_cpp;rosidl_typesupport_introspection_cpp
[0.655s] -- Found rmw_implementation_cmake: 6.1.2 (/opt/ros/humble/share/rmw_implementation_cmake/cmake)
[0.658s] -- Found rmw_fastrtps_cpp: 6.2.7 (/opt/ros/humble/share/rmw_fastrtps_cpp/cmake)
[0.748s] -- Found OpenSSL: /usr/lib/x86_64-linux-gnu/libcrypto.so (found version "3.0.2")  
[0.772s] -- Found FastRTPS: /opt/ros/humble/include  
[0.810s] -- Using RMW implementation 'rmw_fastrtps_cpp' as default
[0.826s] -- Looking for pthread.h
[0.909s] -- Looking for pthread.h - found
[0.909s] -- Performing Test CMAKE_HAVE_LIBC_PTHREAD
[1.000s] -- Performing Test CMAKE_HAVE_LIBC_PTHREAD - Success
[1.002s] -- Found Threads: TRUE  
[1.057s] -- Found rclcpp_action: 16.0.10 (/opt/ros/humble/share/rclcpp_action/cmake)
[1.104s] -- Found rclcpp_components: 16.0.10 (/opt/ros/humble/share/rclcpp_components/cmake)
[1.157s] -- Found std_srvs: 4.2.4 (/opt/ros/humble/share/std_srvs/cmake)
[1.174s] -- Found franka_msgs: 0.0.0 (/home/user/humble_ws/install/franka_msgs/share/franka_msgs/cmake)
[1.231s] -- Found hardware_interface: 2.44.0 (/opt/ros/humble/share/hardware_interface/cmake)
[1.437s] -- Found Boost: /usr/lib/x86_64-linux-gnu/cmake/Boost-1.74.0/BoostConfig.cmake (found version "1.74.0") found components: thread chrono 
[1.452s] -- Found OpenGL: /usr/lib/x86_64-linux-gnu/libOpenGL.so   
[1.476s] -- Found ament_cmake_clang_format: 0.12.11 (/opt/ros/humble/share/ament_cmake_clang_format/cmake)
[1.479s] -- Found ament_cmake_copyright: 0.12.11 (/opt/ros/humble/share/ament_cmake_copyright/cmake)
[1.483s] -- Found ament_cmake_cppcheck: 0.12.11 (/opt/ros/humble/share/ament_cmake_cppcheck/cmake)
[1.487s] -- Found ament_cmake_flake8: 0.12.11 (/opt/ros/humble/share/ament_cmake_flake8/cmake)
[1.491s] -- Found ament_cmake_lint_cmake: 0.12.11 (/opt/ros/humble/share/ament_cmake_lint_cmake/cmake)
[1.495s] -- Found ament_cmake_pep257: 0.12.11 (/opt/ros/humble/share/ament_cmake_pep257/cmake)
[1.498s] -- Found ament_cmake_xmllint: 0.12.11 (/opt/ros/humble/share/ament_cmake_xmllint/cmake)
[1.577s] -- Configuring done
[1.636s] -- Generating done
[1.639s] -- Build files have been written to: /home/user/humble_ws/build/franka_hardware
[1.652s] Invoked command in '/home/user/humble_ws/build/franka_hardware' returned '0': AMENT_PREFIX_PATH=/home/user/humble_ws/install/franka_msgs:${AMENT_PREFIX_PATH} CMAKE_PREFIX_PATH=/home/user/humble_ws/install/franka_msgs:~/Libraries/libfranka/lib/cmake:~/Libraries/mujoco/lib/cmake:/opt/ros/humble LD_LIBRARY_PATH=/home/user/humble_ws/install/franka_msgs/lib:${LD_LIBRARY_PATH} PYTHONPATH=/home/user/humble_ws/install/franka_msgs/local/lib/python3.10/dist-packages:${PYTHONPATH} /usr/bin/cmake /home/user/humble_ws/src/bimanual_architecture/franka_hardware -DCMAKE_BUILD_TYPE=Release -DCMAKE_INSTALL_PREFIX=/home/user/humble_ws/install/franka_hardware
[1.654s] Invoking command in '/home/user/humble_ws/build/franka_hardware': AMENT_PREFIX_PATH=/home/user/humble_ws/install/franka_msgs:${AMENT_PREFIX_PATH} CMAKE_PREFIX_PATH=/home/user/humble_ws/install/franka_msgs:~/Libraries/libfranka/lib/cmake:~/Libraries/mujoco/lib/cmake:/opt/ros/humble LD_LIBRARY_PATH=/home/user/humble_ws/install/franka_msgs/lib:${LD_LIBRARY_PATH} PYTHONPATH=/home/user/humble_ws/install/franka_msgs/local/lib/python3.10/dist-packages:${PYTHONPATH} /usr/bin/cmake --build /home/user/humble_ws/build/franka_hardware -- -j12 -l12
[1.740s] [ 14%] Building CXX object CMakeFiles/franka_hardware.dir/src/franka_mujoco_multi_hardware_interface.cpp.o
[1.741s] [ 14%] Building CXX object CMakeFiles/franka_hardware.dir/src/robot_sim.cpp.o
[1.741s] [ 21%] Building CXX object CMakeFiles/franka_hardware.dir/src/garmi_head_sim.cpp.o
[1.741s] [ 28%] Building CXX object CMakeFiles/franka_hardware.dir/src/robot.cpp.o
[1.741s] [ 35%] Building CXX object CMakeFiles/franka_hardware.dir/src/garmi_mujoco_hardware_interface.cpp.o
[1.743s] [ 42%] Building CXX object CMakeFiles/franka_hardware.dir/src/franka_multi_hardware_interface.cpp.o
[1.745s] [ 50%] Building CXX object CMakeFiles/franka_hardware.dir/src/mobile_base_sim.cpp.o
[1.747s] [ 57%] Building CXX object CMakeFiles/franka_hardware.dir/src/franka_error_recovery_service_server.cpp.o
[1.751s] [ 64%] Building CXX object CMakeFiles/franka_hardware.dir/src/gripper_sim_action_server.cpp.o
[1.754s] [ 71%] Building CXX object CMakeFiles/franka_hardware.dir/src/franka_executor.cpp.o
[1.754s] [ 78%] Building CXX object CMakeFiles/franka_hardware.dir/src/control_mode.cpp.o
[1.754s] [ 85%] Building CXX object CMakeFiles/franka_hardware.dir/src/franka_param_service_server.cpp.o
[4.332s] [ 92%] Building CXX object CMakeFiles/franka_hardware.dir/src/helper_functions.cpp.o
[14.106s] In file included from /opt/ros/humble/include/rclcpp/rclcpp/logging.hpp:24,
[14.106s]                  from /opt/ros/humble/include/rclcpp/rclcpp/client.hpp:40,
[14.106s]                  from /opt/ros/humble/include/rclcpp/rclcpp/callback_group.hpp:24,
[14.106s]                  from /opt/ros/humble/include/rclcpp/rclcpp/any_executable.hpp:20,
[14.106s]                  from /opt/ros/humble/include/rclcpp/rclcpp/memory_strategy.hpp:25,
[14.107s]                  from /opt/ros/humble/include/rclcpp/rclcpp/memory_strategies.hpp:18,
[14.107s]                  from /opt/ros/humble/include/rclcpp/rclcpp/executor_options.hpp:20,
[14.107s]                  from /opt/ros/humble/include/rclcpp/rclcpp/executor.hpp:37,
[14.107s]                  from /opt/ros/humble/include/rclcpp/rclcpp/executors/multi_threaded_executor.hpp:25,
[14.111s]                  from /opt/ros/humble/include/rclcpp/rclcpp/executors.hpp:21,
[14.111s]                  from /opt/ros/humble/include/rclcpp/rclcpp/rclcpp.hpp:155,
[14.111s]                  from /home/user/humble_ws/src/bimanual_architecture/franka_hardware/include/franka_hardware/franka_multi_hardware_interface.hpp:27,
[14.111s]                  from /home/user/humble_ws/src/bimanual_architecture/franka_hardware/src/franka_multi_hardware_interface.cpp:1:
[14.112s] /home/user/humble_ws/src/bimanual_architecture/franka_hardware/src/franka_multi_hardware_interface.cpp: In member function ‘virtual hardware_interface::return_type franka_hardware::FrankaMultiHardwareInterface::prepare_command_mode_switch(const std::vector<std::__cxx11::basic_string<char> >&, const std::vector<std::__cxx11::basic_string<char> >&)’:
[14.112s] /home/user/humble_ws/src/bimanual_architecture/franka_hardware/src/franka_multi_hardware_interface.cpp:389:45: warning: format ‘%ld’ expects argument of type ‘long int’, but argument 5 has type ‘int’ [-Wformat=]
[14.112s]   389 |             RCLCPP_ERROR(this->getLogger(), "Requested Cartesian position stop interface's size is not %ld (got %ld)", 16, stop_interfaces.size());
[14.112s]       |                                             ^~~~~~~~~~~~~~~~~~~~~~~~~~~~~~~~~~~~~~~~~~~~~~~~~~~~~~~~~~~~~~~~~~~~~~~~~  ~~
[14.112s]       |                                                                                                                        |
[14.112s]       |                                                                                                                        int
[14.113s] /home/user/humble_ws/src/bimanual_architecture/franka_hardware/src/franka_multi_hardware_interface.cpp:389:106: note: format string is defined here
[14.113s]   389 |             RCLCPP_ERROR(this->getLogger(), "Requested Cartesian position stop interface's size is not %ld (got %ld)", 16, stop_interfaces.size());
[14.113s]       |                                                                                                        ~~^
[14.113s]       |                                                                                                          |
[14.113s]       |                                                                                                          long int
[14.114s]       |                                                                                                        %d
[14.114s] In file included from /opt/ros/humble/include/rclcpp/rclcpp/logging.hpp:24,
[14.114s]                  from /opt/ros/humble/include/rclcpp/rclcpp/client.hpp:40,
[14.114s]                  from /opt/ros/humble/include/rclcpp/rclcpp/callback_group.hpp:24,
[14.114s]                  from /opt/ros/humble/include/rclcpp/rclcpp/any_executable.hpp:20,
[14.114s]                  from /opt/ros/humble/include/rclcpp/rclcpp/memory_strategy.hpp:25,
[14.114s]                  from /opt/ros/humble/include/rclcpp/rclcpp/memory_strategies.hpp:18,
[14.115s]                  from /opt/ros/humble/include/rclcpp/rclcpp/executor_options.hpp:20,
[14.115s]                  from /opt/ros/humble/include/rclcpp/rclcpp/executor.hpp:37,
[14.115s]                  from /opt/ros/humble/include/rclcpp/rclcpp/executors/multi_threaded_executor.hpp:25,
[14.115s]                  from /opt/ros/humble/include/rclcpp/rclcpp/executors.hpp:21,
[14.115s]                  from /opt/ros/humble/include/rclcpp/rclcpp/rclcpp.hpp:155,
[14.119s]                  from /home/user/humble_ws/src/bimanual_architecture/franka_hardware/include/franka_hardware/franka_multi_hardware_interface.hpp:27,
[14.119s]                  from /home/user/humble_ws/src/bimanual_architecture/franka_hardware/src/franka_multi_hardware_interface.cpp:1:
[14.120s] /home/user/humble_ws/src/bimanual_architecture/franka_hardware/src/franka_multi_hardware_interface.cpp:395:45: warning: format ‘%ld’ expects argument of type ‘long int’, but argument 5 has type ‘int’ [-Wformat=]
[14.120s]   395 |             RCLCPP_ERROR(this->getLogger(), "Requested Cartesian velocity stop interface's size is not %ld (got %ld)", 6, arm_stop_interfaces.size());
[14.120s]       |                                             ^~~~~~~~~~~~~~~~~~~~~~~~~~~~~~~~~~~~~~~~~~~~~~~~~~~~~~~~~~~~~~~~~~~~~~~~~  ~
[14.120s]       |                                                                                                                        |
[14.120s]       |                                                                                                                        int
[14.121s] /home/user/humble_ws/src/bimanual_architecture/franka_hardware/src/franka_multi_hardware_interface.cpp:395:106: note: format string is defined here
[14.121s]   395 |             RCLCPP_ERROR(this->getLogger(), "Requested Cartesian velocity stop interface's size is not %ld (got %ld)", 6, arm_stop_interfaces.size());
[14.121s]       |                                                                                                        ~~^
[14.121s]       |                                                                                                          |
[14.121s]       |                                                                                                          long int
[14.121s]       |                                                                                                        %d
[14.122s] /home/user/humble_ws/src/bimanual_architecture/franka_hardware/src/gripper_sim_action_server.cpp: In member function ‘bool franka_gripper::GripperSimActionServer::simGripperGrasp(double, double, double, double, double)’:
[14.122s] /home/user/humble_ws/src/bimanual_architecture/franka_hardware/src/gripper_sim_action_server.cpp:224:81: warning: unused parameter ‘force’ [-Wunused-parameter]
[14.122s]   224 | bool GripperSimActionServer::simGripperGrasp(double width, double speed, double force,
[14.122s]       |                                                                          ~~~~~~~^~~~~
[14.122s] /home/user/humble_ws/src/bimanual_architecture/franka_hardware/src/gripper_sim_action_server.cpp:225:54: warning: unused parameter ‘epsilon_inner’ [-Wunused-parameter]
[14.130s]   225 |                                               double epsilon_inner, double epsilon_outer){
[14.130s]       |                                               ~~~~~~~^~~~~~~~~~~~~
[14.130s] /home/user/humble_ws/src/bimanual_architecture/franka_hardware/src/gripper_sim_action_server.cpp:225:76: warning: unused parameter ‘epsilon_outer’ [-Wunused-parameter]
[14.130s]   225 |                                               double epsilon_inner, double epsilon_outer){
[14.130s]       |                                                                     ~~~~~~~^~~~~~~~~~~~~
[14.131s] In file included from /opt/ros/humble/include/rclcpp/rclcpp/logging.hpp:24,
[14.131s]                  from /opt/ros/humble/include/rclcpp/rclcpp/client.hpp:40,
[14.131s]                  from /opt/ros/humble/include/rclcpp/rclcpp/callback_group.hpp:24,
[14.131s]                  from /opt/ros/humble/include/rclcpp/rclcpp/any_executable.hpp:20,
[14.132s]                  from /opt/ros/humble/include/rclcpp/rclcpp/memory_strategy.hpp:25,
[14.132s]                  from /opt/ros/humble/include/rclcpp/rclcpp/memory_strategies.hpp:18,
[14.132s]                  from /opt/ros/humble/include/rclcpp/rclcpp/executor_options.hpp:20,
[14.132s]                  from /opt/ros/humble/include/rclcpp/rclcpp/executor.hpp:37,
[14.135s]                  from /opt/ros/humble/include/rclcpp/rclcpp/executors/multi_threaded_executor.hpp:25,
[14.135s]                  from /opt/ros/humble/include/rclcpp/rclcpp/executors.hpp:21,
[14.135s]                  from /opt/ros/humble/include/rclcpp/rclcpp/rclcpp.hpp:155,
[14.135s]                  from /home/user/humble_ws/src/bimanual_architecture/franka_hardware/include/franka_hardware/franka_multi_hardware_interface.hpp:27,
[14.140s]                  from /home/user/humble_ws/src/bimanual_architecture/franka_hardware/src/franka_multi_hardware_interface.cpp:1:
[14.140s] /home/user/humble_ws/src/bimanual_architecture/franka_hardware/src/franka_multi_hardware_interface.cpp:483:43: warning: format ‘%ld’ expects argument of type ‘long int’, but argument 5 has type ‘unsigned int’ [-Wformat=]
[14.140s]   483 |           RCLCPP_ERROR(this->getLogger(), "Requested Cartesian start interface's size is not %ld nor %ld (got %ld)", 16U, 6U, arm_start_interfaces.size());
[14.140s]       |                                           ^~~~~~~~~~~~~~~~~~~~~~~~~~~~~~~~~~~~~~~~~~~~~~~~~~~~~~~~~~~~~~~~~~~~~~~~~  ~~~
[14.140s]       |                                                                                                                      |
[14.141s]       |                                                                                                                      unsigned int
[14.141s] /home/user/humble_ws/src/bimanual_architecture/franka_hardware/src/franka_multi_hardware_interface.cpp:483:96: note: format string is defined here
[14.141s]   483 |           RCLCPP_ERROR(this->getLogger(), "Requested Cartesian start interface's size is not %ld nor %ld (got %ld)", 16U, 6U, arm_start_interfaces.size());
[14.141s]       |                                                                                              ~~^
[14.141s]       |                                                                                                |
[14.142s]       |                                                                                                long int
[14.142s]       |                                                                                              %d
[14.142s] In file included from /opt/ros/humble/include/rclcpp/rclcpp/logging.hpp:24,
[14.142s]                  from /opt/ros/humble/include/rclcpp/rclcpp/client.hpp:40,
[14.142s]                  from /opt/ros/humble/include/rclcpp/rclcpp/callback_group.hpp:24,
[14.142s]                  from /opt/ros/humble/include/rclcpp/rclcpp/any_executable.hpp:20,
[14.142s]                  from /opt/ros/humble/include/rclcpp/rclcpp/memory_strategy.hpp:25,
[14.143s]                  from /opt/ros/humble/include/rclcpp/rclcpp/memory_strategies.hpp:18,
[14.143s]                  from /opt/ros/humble/include/rclcpp/rclcpp/executor_options.hpp:20,
[14.143s]                  from /opt/ros/humble/include/rclcpp/rclcpp/executor.hpp:37,
[14.143s]                  from /opt/ros/humble/include/rclcpp/rclcpp/executors/multi_threaded_executor.hpp:25,
[14.143s]                  from /opt/ros/humble/include/rclcpp/rclcpp/executors.hpp:21,
[14.147s]                  from /opt/ros/humble/include/rclcpp/rclcpp/rclcpp.hpp:155,
[14.147s]                  from /home/user/humble_ws/src/bimanual_architecture/franka_hardware/include/franka_hardware/franka_multi_hardware_interface.hpp:27,
[14.147s]                  from /home/user/humble_ws/src/bimanual_architecture/franka_hardware/src/franka_multi_hardware_interface.cpp:1:
[14.147s] /home/user/humble_ws/src/bimanual_architecture/franka_hardware/src/franka_multi_hardware_interface.cpp:483:43: warning: format ‘%ld’ expects argument of type ‘long int’, but argument 6 has type ‘unsigned int’ [-Wformat=]
[14.147s]   483 |           RCLCPP_ERROR(this->getLogger(), "Requested Cartesian start interface's size is not %ld nor %ld (got %ld)", 16U, 6U, arm_start_interfaces.size());
[14.147s]       |                                           ^~~~~~~~~~~~~~~~~~~~~~~~~~~~~~~~~~~~~~~~~~~~~~~~~~~~~~~~~~~~~~~~~~~~~~~~~       ~~
[14.148s]       |                                                                                                                           |
[14.148s]       |                                                                                                                           unsigned int
[14.148s] /home/user/humble_ws/src/bimanual_architecture/franka_hardware/src/franka_multi_hardware_interface.cpp:483:104: note: format string is defined here
[14.148s]   483 |           RCLCPP_ERROR(this->getLogger(), "Requested Cartesian start interface's size is not %ld nor %ld (got %ld)", 16U, 6U, arm_start_interfaces.size());
[14.148s]       |                                                                                                      ~~^
[14.149s]       |                                                                                                        |
[14.149s]       |                                                                                                        long int
[14.149s]       |                                                                                                      %d
[21.693s] In file included from /home/user/humble_ws/src/bimanual_architecture/franka_hardware/include/franka_hardware/franka_mujoco_multi_hardware_interface.hpp:38,
[21.693s]                  from /home/user/humble_ws/src/bimanual_architecture/franka_hardware/src/franka_mujoco_multi_hardware_interface.cpp:15:
[21.693s] /home/user/humble_ws/src/bimanual_architecture/franka_hardware/include/franka_hardware/mujoco_visualizer.hpp: In lambda function:
[21.693s] /home/user/humble_ws/src/bimanual_architecture/franka_hardware/include/franka_hardware/mujoco_visualizer.hpp:79:66: warning: unused parameter ‘button’ [-Wunused-parameter]
[21.693s]    79 |         glfwSetMouseButtonCallback(window, [](GLFWwindow* w, int button, int act, int mods)
[21.693s]       |                                                              ~~~~^~~~~~
[21.694s] /home/user/humble_ws/src/bimanual_architecture/franka_hardware/include/franka_hardware/mujoco_visualizer.hpp:79:78: warning: unused parameter ‘act’ [-Wunused-parameter]
[21.694s]    79 |         glfwSetMouseButtonCallback(window, [](GLFWwindow* w, int button, int act, int mods)
[21.694s]       |                                                                          ~~~~^~~
[21.694s] /home/user/humble_ws/src/bimanual_architecture/franka_hardware/include/franka_hardware/mujoco_visualizer.hpp:79:87: warning: unused parameter ‘mods’ [-Wunused-parameter]
[21.694s]    79 |         glfwSetMouseButtonCallback(window, [](GLFWwindow* w, int button, int act, int mods)
[21.694s]       |                                                                                   ~~~~^~~~
[21.696s] /home/user/humble_ws/src/bimanual_architecture/franka_hardware/include/franka_hardware/mujoco_visualizer.hpp: In lambda function:
[21.696s] /home/user/humble_ws/src/bimanual_architecture/franka_hardware/include/franka_hardware/mujoco_visualizer.hpp:90:69: warning: unused parameter ‘xoffset’ [-Wunused-parameter]
[21.696s]    90 |         glfwSetScrollCallback(window, [](GLFWwindow* window, double xoffset, double yoffset)
[21.696s]       |                                                              ~~~~~~~^~~~~~~
[21.860s] In file included from /home/user/humble_ws/src/bimanual_architecture/franka_hardware/include/franka_hardware/garmi_mujoco_hardware_interface.hpp:40,
[21.861s]                  from /home/user/humble_ws/src/bimanual_architecture/franka_hardware/src/garmi_mujoco_hardware_interface.cpp:15:
[21.861s] /home/user/humble_ws/src/bimanual_architecture/franka_hardware/include/franka_hardware/mujoco_visualizer.hpp: In lambda function:
[21.861s] /home/user/humble_ws/src/bimanual_architecture/franka_hardware/include/franka_hardware/mujoco_visualizer.hpp:79:66: warning: unused parameter ‘button’ [-Wunused-parameter]
[21.861s]    79 |         glfwSetMouseButtonCallback(window, [](GLFWwindow* w, int button, int act, int mods)
[21.861s]       |                                                              ~~~~^~~~~~
[21.862s] /home/user/humble_ws/src/bimanual_architecture/franka_hardware/include/franka_hardware/mujoco_visualizer.hpp:79:78: warning: unused parameter ‘act’ [-Wunused-parameter]
[21.862s]    79 |         glfwSetMouseButtonCallback(window, [](GLFWwindow* w, int button, int act, int mods)
[21.862s]       |                                                                          ~~~~^~~
[21.862s] /home/user/humble_ws/src/bimanual_architecture/franka_hardware/include/franka_hardware/mujoco_visualizer.hpp:79:87: warning: unused parameter ‘mods’ [-Wunused-parameter]
[21.862s]    79 |         glfwSetMouseButtonCallback(window, [](GLFWwindow* w, int button, int act, int mods)
[21.862s]       |                                                                                   ~~~~^~~~
[21.863s] /home/user/humble_ws/src/bimanual_architecture/franka_hardware/include/franka_hardware/mujoco_visualizer.hpp: In lambda function:
[21.863s] /home/user/humble_ws/src/bimanual_architecture/franka_hardware/include/franka_hardware/mujoco_visualizer.hpp:90:69: warning: unused parameter ‘xoffset’ [-Wunused-parameter]
[21.863s]    90 |         glfwSetScrollCallback(window, [](GLFWwindow* window, double xoffset, double yoffset)
[21.863s]       |                                                              ~~~~~~~^~~~~~~
[23.570s] /home/user/humble_ws/src/bimanual_architecture/franka_hardware/src/franka_multi_hardware_interface.cpp:393:9: warning: ‘is_velocity’ may be used uninitialized in this function [-Wmaybe-uninitialized]
[23.571s]   393 |         if(is_velocity){
[23.571s]       |         ^~
[23.571s] /home/user/humble_ws/src/bimanual_architecture/franka_hardware/src/franka_multi_hardware_interface.cpp:387:9: warning: ‘is_position’ may be used uninitialized in this function [-Wmaybe-uninitialized]
[23.571s]   387 |         if(is_position){
[23.571s]       |         ^~
[35.933s] [100%] Linking CXX shared library libfranka_hardware.so
[36.188s] [100%] Built target franka_hardware
[36.201s] Invoked command in '/home/user/humble_ws/build/franka_hardware' returned '0': AMENT_PREFIX_PATH=/home/user/humble_ws/install/franka_msgs:${AMENT_PREFIX_PATH} CMAKE_PREFIX_PATH=/home/user/humble_ws/install/franka_msgs:~/Libraries/libfranka/lib/cmake:~/Libraries/mujoco/lib/cmake:/opt/ros/humble LD_LIBRARY_PATH=/home/user/humble_ws/install/franka_msgs/lib:${LD_LIBRARY_PATH} PYTHONPATH=/home/user/humble_ws/install/franka_msgs/local/lib/python3.10/dist-packages:${PYTHONPATH} /usr/bin/cmake --build /home/user/humble_ws/build/franka_hardware -- -j12 -l12
[36.260s] Invoking command in '/home/user/humble_ws/build/franka_hardware': AMENT_PREFIX_PATH=/home/user/humble_ws/install/franka_msgs:${AMENT_PREFIX_PATH} CMAKE_PREFIX_PATH=/home/user/humble_ws/install/franka_msgs:~/Libraries/libfranka/lib/cmake:~/Libraries/mujoco/lib/cmake:/opt/ros/humble LD_LIBRARY_PATH=/home/user/humble_ws/install/franka_msgs/lib:${LD_LIBRARY_PATH} PYTHONPATH=/home/user/humble_ws/install/franka_msgs/local/lib/python3.10/dist-packages:${PYTHONPATH} /usr/bin/cmake --install /home/user/humble_ws/build/franka_hardware
[36.265s] -- Install configuration: "Release"
[36.265s] -- Installing: /home/user/humble_ws/install/franka_hardware/share/franka_hardware/franka_hardware.xml
[36.265s] -- Installing: /home/user/humble_ws/install/franka_hardware/lib/libfranka_hardware.so
[36.267s] -- Set runtime path of "/home/user/humble_ws/install/franka_hardware/lib/libfranka_hardware.so" to ""
[36.267s] -- Installing: /home/user/humble_ws/install/franka_hardware/include
[36.267s] -- Installing: /home/user/humble_ws/install/franka_hardware/include/franka_hardware
[36.267s] -- Installing: /home/user/humble_ws/install/franka_hardware/include/franka_hardware/mobile_base_sim.hpp
[36.268s] -- Installing: /home/user/humble_ws/install/franka_hardware/include/franka_hardware/robot.hpp
[36.268s] -- Installing: /home/user/humble_ws/install/franka_hardware/include/franka_hardware/franka_mujoco_multi_hardware_interface.hpp
[36.268s] -- Installing: /home/user/humble_ws/install/franka_hardware/include/franka_hardware/franka_hardware_interface.hpp
[36.268s] -- Installing: /home/user/humble_ws/install/franka_hardware/include/franka_hardware/control_mode.h
[36.268s] -- Installing: /home/user/humble_ws/install/franka_hardware/include/franka_hardware/franka_executor.hpp
[36.268s] -- Installing: /home/user/humble_ws/install/franka_hardware/include/franka_hardware/mujoco_pose_service.hpp
[36.268s] -- Installing: /home/user/humble_ws/install/franka_hardware/include/franka_hardware/model_franka.hpp
[36.269s] -- Installing: /home/user/humble_ws/install/franka_hardware/include/franka_hardware/garmi_head_sim.hpp
[36.269s] -- Installing: /home/user/humble_ws/install/franka_hardware/include/franka_hardware/robot_sim.hpp
[36.269s] -- Installing: /home/user/humble_ws/install/franka_hardware/include/franka_hardware/gripper_sim_action_server.hpp
[36.269s] -- Installing: /home/user/humble_ws/install/franka_hardware/include/franka_hardware/franka_multi_hardware_interface.hpp
[36.269s] -- Installing: /home/user/humble_ws/install/franka_hardware/include/franka_hardware/garmi_mujoco_hardware_interface.hpp
[36.270s] -- Installing: /home/user/humble_ws/install/franka_hardware/include/franka_hardware/franka_error_recovery_service_server.hpp
[36.270s] -- Installing: /home/user/humble_ws/install/franka_hardware/include/franka_hardware/helper_functions.hpp
[36.270s] -- Installing: /home/user/humble_ws/install/franka_hardware/include/franka_hardware/model_base.hpp
[36.270s] -- Installing: /home/user/humble_ws/install/franka_hardware/include/franka_hardware/mujoco_visualizer.hpp
[36.270s] -- Installing: /home/user/humble_ws/install/franka_hardware/include/franka_hardware/model.hpp
[36.270s] -- Installing: /home/user/humble_ws/install/franka_hardware/include/franka_hardware/franka_mujoco_hardware_interface.hpp
[36.270s] -- Installing: /home/user/humble_ws/install/franka_hardware/include/franka_hardware/franka_param_service_server.hpp
[36.270s] -- Installing: /home/user/humble_ws/install/franka_hardware/include/franka_hardware/model_sim.hpp
[36.270s] -- Installing: /home/user/humble_ws/install/franka_hardware/share/franka_hardware/environment/library_path.sh
[36.270s] -- Installing: /home/user/humble_ws/install/franka_hardware/share/franka_hardware/environment/library_path.dsv
[36.270s] -- Installing: /home/user/humble_ws/install/franka_hardware/share/ament_index/resource_index/package_run_dependencies/franka_hardware
[36.270s] -- Installing: /home/user/humble_ws/install/franka_hardware/share/ament_index/resource_index/parent_prefix_path/franka_hardware
[36.270s] -- Installing: /home/user/humble_ws/install/franka_hardware/share/franka_hardware/environment/ament_prefix_path.sh
[36.270s] -- Installing: /home/user/humble_ws/install/franka_hardware/share/franka_hardware/environment/ament_prefix_path.dsv
[36.271s] -- Installing: /home/user/humble_ws/install/franka_hardware/share/franka_hardware/environment/path.sh
[36.271s] -- Installing: /home/user/humble_ws/install/franka_hardware/share/franka_hardware/environment/path.dsv
[36.271s] -- Installing: /home/user/humble_ws/install/franka_hardware/share/franka_hardware/local_setup.bash
[36.271s] -- Installing: /home/user/humble_ws/install/franka_hardware/share/franka_hardware/local_setup.sh
[36.271s] -- Installing: /home/user/humble_ws/install/franka_hardware/share/franka_hardware/local_setup.zsh
[36.271s] -- Installing: /home/user/humble_ws/install/franka_hardware/share/franka_hardware/local_setup.dsv
[36.271s] -- Installing: /home/user/humble_ws/install/franka_hardware/share/franka_hardware/package.dsv
[36.271s] -- Installing: /home/user/humble_ws/install/franka_hardware/share/ament_index/resource_index/packages/franka_hardware
[36.271s] -- Installing: /home/user/humble_ws/install/franka_hardware/share/ament_index/resource_index/hardware_interface__pluginlib__plugin/franka_hardware
[36.271s] -- Installing: /home/user/humble_ws/install/franka_hardware/share/franka_hardware/cmake/ament_cmake_export_include_directories-extras.cmake
[36.271s] -- Installing: /home/user/humble_ws/install/franka_hardware/share/franka_hardware/cmake/ament_cmake_export_libraries-extras.cmake
[36.271s] -- Installing: /home/user/humble_ws/install/franka_hardware/share/franka_hardware/cmake/ament_cmake_export_dependencies-extras.cmake
[36.271s] -- Installing: /home/user/humble_ws/install/franka_hardware/share/franka_hardware/cmake/franka_hardwareConfig.cmake
[36.271s] -- Installing: /home/user/humble_ws/install/franka_hardware/share/franka_hardware/cmake/franka_hardwareConfig-version.cmake
[36.271s] -- Installing: /home/user/humble_ws/install/franka_hardware/share/franka_hardware/package.xml
[36.272s] Invoked command in '/home/user/humble_ws/build/franka_hardware' returned '0': AMENT_PREFIX_PATH=/home/user/humble_ws/install/franka_msgs:${AMENT_PREFIX_PATH} CMAKE_PREFIX_PATH=/home/user/humble_ws/install/franka_msgs:~/Libraries/libfranka/lib/cmake:~/Libraries/mujoco/lib/cmake:/opt/ros/humble LD_LIBRARY_PATH=/home/user/humble_ws/install/franka_msgs/lib:${LD_LIBRARY_PATH} PYTHONPATH=/home/user/humble_ws/install/franka_msgs/local/lib/python3.10/dist-packages:${PYTHONPATH} /usr/bin/cmake --install /home/user/humble_ws/build/franka_hardware
