/home/user/humble_ws/src/bimanual_architecture/franka_example_controllers/src/dual_joint_velocity_example_controller.cpp: In member function ‘virtual controller_interface::return_type franka_example_controllers::DualJointVelocityExampleController::update(const rclcpp::Time&, const rclcpp::Duration&)’:
/home/user/humble_ws/src/bimanual_architecture/franka_example_controllers/src/dual_joint_velocity_example_controller.cpp:61:11: warning: unused variable ‘arm’ [-Wunused-variable]
   61 |     auto &arm = arm_container_pair.second;
      |           ^~~
In file included from /usr/local/include/eigen3/Eigen/Core:507,
                 from /usr/local/include/eigen3/Eigen/Dense:1,
                 from /usr/local/include/eigen3/Eigen/Eigen:1,
                 from /home/user/humble_ws/src/bimanual_architecture/franka_example_controllers/include/franka_example_controllers/cartesian_impedance_example_controller.hpp:19,
                 from /home/user/humble_ws/src/bimanual_architecture/franka_example_controllers/src/cartesian_impedance_example_controller.cpp:15:
/usr/local/include/eigen3/Eigen/src/Core/products/TriangularMatrixVector.h: In static member function ‘static void Eigen::internal::trmv_selector<Mode, 1>::run(const Lhs&, const Rhs&, Dest&, const typename Dest::Scalar&) [with Lhs = Eigen::Transpose<const Eigen::Block<const Eigen::Block<Eigen::Matrix<double, -1, -1>, -1, -1, false>, -1, -1, false> >; Rhs = Eigen::Transpose<const Eigen::CwiseBinaryOp<Eigen::internal::scalar_product_op<double, double>, const Eigen::CwiseNullaryOp<Eigen::internal::scalar_constant_op<double>, const Eigen::Matrix<double, 1, -1> >, const Eigen::Transpose<const Eigen::Block<const Eigen::Block<const Eigen::Block<Eigen::Matrix<double, -1, -1>, -1, -1, false>, -1, 1, true>, -1, 1, false> > > >; Dest = Eigen::Transpose<Eigen::Block<Eigen::Block<Eigen::Matrix<double, -1, -1, 1, -1, -1>, 1, -1, true>, 1, -1, false> >; int Mode = 6]’:
/usr/local/include/eigen3/Eigen/src/Core/products/TriangularMatrixVector.h:332:12: warning: ‘result’ may be used uninitialized [-Wmaybe-uninitialized]
  327 |     internal::triangular_matrix_vector_product
      |     ~~~~~~~~~~~~~~~~~~~~~~~~~~~~~~~~~~~~~~~~~~
  328 |       <Index,Mode,
      |       ~~~~~~~~~~~~
  329 |        LhsScalar, LhsBlasTraits::NeedToConjugate,
      |        ~~~~~~~~~~~~~~~~~~~~~~~~~~~~~~~~~~~~~~~~~~
  330 |        RhsScalar, RhsBlasTraits::NeedToConjugate,
      |        ~~~~~~~~~~~~~~~~~~~~~~~~~~~~~~~~~~~~~~~~~~
  331 |        RowMajor>
      |        ~~~~~~~~~
  332 |       ::run(actualLhs.rows(),actualLhs.cols(),
      |       ~~~~~^~~~~~~~~~~~~~~~~~~~~~~~~~~~~~~~~~~
  333 |             actualLhs.data(),actualLhs.outerStride(),
      |             ~~~~~~~~~~~~~~~~~~~~~~~~~~~~~~~~~~~~~~~~~
  334 |             actualRhsPtr,1,
      |             ~~~~~~~~~~~~~~~
  335 |             dest.data(),dest.innerStride(),
      |             ~~~~~~~~~~~~~~~~~~~~~~~~~~~~~~~
  336 |             actualAlpha);
      |             ~~~~~~~~~~~~
/usr/local/include/eigen3/Eigen/src/Core/products/TriangularMatrixVector.h:105:24: note: by argument 5 of type ‘const double*’ to ‘static void Eigen::internal::triangular_matrix_vector_product<Index, Mode, LhsScalar, ConjLhs, RhsScalar, ConjRhs, 1, Version>::run(Index, Index, const LhsScalar*, Index, const RhsScalar*, Index, Eigen::internal::triangular_matrix_vector_product<Index, Mode, LhsScalar, ConjLhs, RhsScalar, ConjRhs, 1, Version>::ResScalar*, Index, const ResScalar&) [with Index = long int; int Mode = 6; LhsScalar = double; bool ConjLhs = false; RhsScalar = double; bool ConjRhs = false; int Version = 0]’ declared here
  105 | EIGEN_DONT_INLINE void triangular_matrix_vector_product<Index,Mode,LhsScalar,ConjLhs,RhsScalar,ConjRhs,RowMajor,Version>
      |                        ^~~~~~~~~~~~~~~~~~~~~~~~~~~~~~~~~~~~~~~~~~~~~~~~~~~~~~~~~~~~~~~~~~~~~~~~~~~~~~~~~~~~~~~~~~~~~~~~~
