-- The C compiler identification is GNU 11.4.0
-- The CXX compiler identification is GNU 11.4.0
-- Detecting C compiler ABI info
-- Detecting C compiler ABI info - done
-- Check for working C compiler: /usr/bin/cc - skipped
-- Detecting C compile features
-- Detecting C compile features - done
-- Detecting CXX compiler ABI info
-- Detecting CXX compiler ABI info - done
-- Check for working CXX compiler: /usr/bin/c++ - skipped
-- Detecting CXX compile features
-- Detecting CXX compile features - done
-- Found ament_cmake: 1.3.10 (/opt/ros/humble/share/ament_cmake/cmake)
-- Found Python3: /usr/bin/python3 (found version "3.10.12") found components: Interpreter 
-- Found rclcpp: 16.0.10 (/opt/ros/humble/share/rclcpp/cmake)
-- Found rosidl_generator_c: 3.1.5 (/opt/ros/humble/share/rosidl_generator_c/cmake)
-- Found rosidl_adapter: 3.1.5 (/opt/ros/humble/share/rosidl_adapter/cmake)
-- Found rosidl_generator_cpp: 3.1.5 (/opt/ros/humble/share/rosidl_generator_cpp/cmake)
-- Using all available rosidl_typesupport_c: rosidl_typesupport_fastrtps_c;rosidl_typesupport_introspection_c
-- Using all available rosidl_typesupport_cpp: rosidl_typesupport_fastrtps_cpp;rosidl_typesupport_introspection_cpp
-- Found rmw_implementation_cmake: 6.1.2 (/opt/ros/humble/share/rmw_implementation_cmake/cmake)
-- Found rmw_fastrtps_cpp: 6.2.7 (/opt/ros/humble/share/rmw_fastrtps_cpp/cmake)
-- Found OpenSSL: /usr/lib/x86_64-linux-gnu/libcrypto.so (found version "3.0.2")  
-- Found FastRTPS: /opt/ros/humble/include  
-- Using RMW implementation 'rmw_fastrtps_cpp' as default
-- Looking for pthread.h
-- Looking for pthread.h - found
-- Performing Test CMAKE_HAVE_LIBC_PTHREAD
-- Performing Test CMAKE_HAVE_LIBC_PTHREAD - Success
-- Found Threads: TRUE  
-- Found controller_interface: 2.44.0 (/opt/ros/humble/share/controller_interface/cmake)
-- Found franka_semantic_components: 0.0.0 (/home/user/humble_ws/install/franka_semantic_components/share/franka_semantic_components/cmake)
-- Found generate_parameter_library: 0.3.9 (/opt/ros/humble/share/generate_parameter_library/cmake)
-- Found parameter_traits: 0.3.9 (/opt/ros/humble/share/parameter_traits/cmake)
-- Found ament_cmake_clang_format: 0.12.11 (/opt/ros/humble/share/ament_cmake_clang_format/cmake)
-- Found ament_cmake_copyright: 0.12.11 (/opt/ros/humble/share/ament_cmake_copyright/cmake)
-- Found ament_cmake_cppcheck: 0.12.11 (/opt/ros/humble/share/ament_cmake_cppcheck/cmake)
-- Found ament_cmake_flake8: 0.12.11 (/opt/ros/humble/share/ament_cmake_flake8/cmake)
-- Found ament_cmake_lint_cmake: 0.12.11 (/opt/ros/humble/share/ament_cmake_lint_cmake/cmake)
-- Found ament_cmake_pep257: 0.12.11 (/opt/ros/humble/share/ament_cmake_pep257/cmake)
-- Found ament_cmake_xmllint: 0.12.11 (/opt/ros/humble/share/ament_cmake_xmllint/cmake)
-- Configuring done
-- Generating done
-- Build files have been written to: /home/user/humble_ws/build/franka_example_controllers
[  7%] Running `/opt/ros/humble/bin/generate_parameter_library_cpp /home/user/humble_ws/build/franka_example_controllers/franka_example_controllers_parameters/include//franka_example_controllers_parameters.hpp /home/user/humble_ws/src/bimanual_architecture/franka_example_controllers/src/model_example_controller_parameters.yaml `
[ 15%] Building CXX object CMakeFiles/franka_example_controllers.dir/src/joint_impedance_example_controller.cpp.o
[ 23%] Building CXX object CMakeFiles/franka_example_controllers.dir/src/move_to_start_example_controller.cpp.o
[ 30%] Building CXX object CMakeFiles/franka_example_controllers.dir/src/cartesian_velocity_example_controller.cpp.o
[ 38%] Building CXX object CMakeFiles/franka_example_controllers.dir/src/cartesian_impedance_example_controller.cpp.o
[ 46%] Building CXX object CMakeFiles/franka_example_controllers.dir/src/gravity_compensation_example_controller.cpp.o
[ 53%] Building CXX object CMakeFiles/franka_example_controllers.dir/src/motion_generator.cpp.o
[ 61%] Building CXX object CMakeFiles/franka_example_controllers.dir/src/joint_position_example_controller.cpp.o
[ 69%] Building CXX object CMakeFiles/franka_example_controllers.dir/src/multi_joint_impedance_example_controller.cpp.o
[ 76%] Building CXX object CMakeFiles/franka_example_controllers.dir/src/joint_velocity_example_controller.cpp.o
[ 84%] Building CXX object CMakeFiles/franka_example_controllers.dir/src/model_example_controller.cpp.o
[ 92%] Building CXX object CMakeFiles/franka_example_controllers.dir/src/dual_joint_velocity_example_controller.cpp.o
[ 92%] Built target franka_example_controllers_parameters
/home/user/humble_ws/src/bimanual_architecture/franka_example_controllers/src/dual_joint_velocity_example_controller.cpp: In member function ‘virtual controller_interface::return_type franka_example_controllers::DualJointVelocityExampleController::update(const rclcpp::Time&, const rclcpp::Duration&)’:
/home/user/humble_ws/src/bimanual_architecture/franka_example_controllers/src/dual_joint_velocity_example_controller.cpp:61:11: warning: unused variable ‘arm’ [-Wunused-variable]
   61 |     auto &arm = arm_container_pair.second;
      |           ^~~
In file included from /usr/local/include/eigen3/Eigen/Core:507,
                 from /usr/local/include/eigen3/Eigen/Dense:1,
                 from /usr/local/include/eigen3/Eigen/Eigen:1,
                 from /home/user/humble_ws/src/bimanual_architecture/franka_example_controllers/include/franka_example_controllers/cartesian_impedance_example_controller.hpp:19,
                 from /home/user/humble_ws/src/bimanual_architecture/franka_example_controllers/src/cartesian_impedance_example_controller.cpp:15:
/usr/local/include/eigen3/Eigen/src/Core/products/TriangularMatrixVector.h: In static member function ‘static void Eigen::internal::trmv_selector<Mode, 1>::run(const Lhs&, const Rhs&, Dest&, const typename Dest::Scalar&) [with Lhs = Eigen::Transpose<const Eigen::Block<const Eigen::Block<Eigen::Matrix<double, -1, -1>, -1, -1, false>, -1, -1, false> >; Rhs = Eigen::Transpose<const Eigen::CwiseBinaryOp<Eigen::internal::scalar_product_op<double, double>, const Eigen::CwiseNullaryOp<Eigen::internal::scalar_constant_op<double>, const Eigen::Matrix<double, 1, -1> >, const Eigen::Transpose<const Eigen::Block<const Eigen::Block<const Eigen::Block<Eigen::Matrix<double, -1, -1>, -1, -1, false>, -1, 1, true>, -1, 1, false> > > >; Dest = Eigen::Transpose<Eigen::Block<Eigen::Block<Eigen::Matrix<double, -1, -1, 1, -1, -1>, 1, -1, true>, 1, -1, false> >; int Mode = 6]’:
/usr/local/include/eigen3/Eigen/src/Core/products/TriangularMatrixVector.h:332:12: warning: ‘result’ may be used uninitialized [-Wmaybe-uninitialized]
  327 |     internal::triangular_matrix_vector_product
      |     ~~~~~~~~~~~~~~~~~~~~~~~~~~~~~~~~~~~~~~~~~~
  328 |       <Index,Mode,
      |       ~~~~~~~~~~~~
  329 |        LhsScalar, LhsBlasTraits::NeedToConjugate,
      |        ~~~~~~~~~~~~~~~~~~~~~~~~~~~~~~~~~~~~~~~~~~
  330 |        RhsScalar, RhsBlasTraits::NeedToConjugate,
      |        ~~~~~~~~~~~~~~~~~~~~~~~~~~~~~~~~~~~~~~~~~~
  331 |        RowMajor>
      |        ~~~~~~~~~
  332 |       ::run(actualLhs.rows(),actualLhs.cols(),
      |       ~~~~~^~~~~~~~~~~~~~~~~~~~~~~~~~~~~~~~~~~
  333 |             actualLhs.data(),actualLhs.outerStride(),
      |             ~~~~~~~~~~~~~~~~~~~~~~~~~~~~~~~~~~~~~~~~~
  334 |             actualRhsPtr,1,
      |             ~~~~~~~~~~~~~~~
  335 |             dest.data(),dest.innerStride(),
      |             ~~~~~~~~~~~~~~~~~~~~~~~~~~~~~~~
  336 |             actualAlpha);
      |             ~~~~~~~~~~~~
/usr/local/include/eigen3/Eigen/src/Core/products/TriangularMatrixVector.h:105:24: note: by argument 5 of type ‘const double*’ to ‘static void Eigen::internal::triangular_matrix_vector_product<Index, Mode, LhsScalar, ConjLhs, RhsScalar, ConjRhs, 1, Version>::run(Index, Index, const LhsScalar*, Index, const RhsScalar*, Index, Eigen::internal::triangular_matrix_vector_product<Index, Mode, LhsScalar, ConjLhs, RhsScalar, ConjRhs, 1, Version>::ResScalar*, Index, const ResScalar&) [with Index = long int; int Mode = 6; LhsScalar = double; bool ConjLhs = false; RhsScalar = double; bool ConjRhs = false; int Version = 0]’ declared here
  105 | EIGEN_DONT_INLINE void triangular_matrix_vector_product<Index,Mode,LhsScalar,ConjLhs,RhsScalar,ConjRhs,RowMajor,Version>
      |                        ^~~~~~~~~~~~~~~~~~~~~~~~~~~~~~~~~~~~~~~~~~~~~~~~~~~~~~~~~~~~~~~~~~~~~~~~~~~~~~~~~~~~~~~~~~~~~~~~~
[100%] Linking CXX shared library libfranka_example_controllers.so
[100%] Built target franka_example_controllers
-- Install configuration: "Release"
-- Installing: /home/user/humble_ws/install/franka_example_controllers/include/franka_example_controllers_parameters
-- Installing: /home/user/humble_ws/install/franka_example_controllers/include/franka_example_controllers_parameters/franka_example_controllers_parameters.hpp
-- Installing: /home/user/humble_ws/install/franka_example_controllers/share/franka_example_controllers/franka_example_controllers.xml
-- Installing: /home/user/humble_ws/install/franka_example_controllers/lib/libfranka_example_controllers.so
-- Set runtime path of "/home/user/humble_ws/install/franka_example_controllers/lib/libfranka_example_controllers.so" to ""
-- Up-to-date: /home/user/humble_ws/install/franka_example_controllers/include
-- Installing: /home/user/humble_ws/install/franka_example_controllers/include/franka_example_controllers
-- Installing: /home/user/humble_ws/install/franka_example_controllers/include/franka_example_controllers/cartesian_velocity_example_controller.hpp
-- Installing: /home/user/humble_ws/install/franka_example_controllers/include/franka_example_controllers/joint_velocity_example_controller.hpp
-- Installing: /home/user/humble_ws/install/franka_example_controllers/include/franka_example_controllers/gravity_compensation_example_controller.hpp
-- Installing: /home/user/humble_ws/install/franka_example_controllers/include/franka_example_controllers/multi_joint_impedance_example_controller.hpp
-- Installing: /home/user/humble_ws/install/franka_example_controllers/include/franka_example_controllers/model_example_controller.hpp
-- Installing: /home/user/humble_ws/install/franka_example_controllers/include/franka_example_controllers/dual_joint_velocity_example_controller.hpp
-- Installing: /home/user/humble_ws/install/franka_example_controllers/include/franka_example_controllers/cartesian_impedance_example_controller.hpp
-- Installing: /home/user/humble_ws/install/franka_example_controllers/include/franka_example_controllers/move_to_start_example_controller.hpp
-- Installing: /home/user/humble_ws/install/franka_example_controllers/include/franka_example_controllers/motion_generator.hpp
-- Installing: /home/user/humble_ws/install/franka_example_controllers/include/franka_example_controllers/joint_impedance_example_controller.hpp
-- Installing: /home/user/humble_ws/install/franka_example_controllers/include/franka_example_controllers/joint_position_example_controller.hpp
-- Installing: /home/user/humble_ws/install/franka_example_controllers/share/franka_example_controllers/environment/library_path.sh
-- Installing: /home/user/humble_ws/install/franka_example_controllers/share/franka_example_controllers/environment/library_path.dsv
-- Installing: /home/user/humble_ws/install/franka_example_controllers/share/ament_index/resource_index/package_run_dependencies/franka_example_controllers
-- Installing: /home/user/humble_ws/install/franka_example_controllers/share/ament_index/resource_index/parent_prefix_path/franka_example_controllers
-- Installing: /home/user/humble_ws/install/franka_example_controllers/share/franka_example_controllers/environment/ament_prefix_path.sh
-- Installing: /home/user/humble_ws/install/franka_example_controllers/share/franka_example_controllers/environment/ament_prefix_path.dsv
-- Installing: /home/user/humble_ws/install/franka_example_controllers/share/franka_example_controllers/environment/path.sh
-- Installing: /home/user/humble_ws/install/franka_example_controllers/share/franka_example_controllers/environment/path.dsv
-- Installing: /home/user/humble_ws/install/franka_example_controllers/share/franka_example_controllers/local_setup.bash
-- Installing: /home/user/humble_ws/install/franka_example_controllers/share/franka_example_controllers/local_setup.sh
-- Installing: /home/user/humble_ws/install/franka_example_controllers/share/franka_example_controllers/local_setup.zsh
-- Installing: /home/user/humble_ws/install/franka_example_controllers/share/franka_example_controllers/local_setup.dsv
-- Installing: /home/user/humble_ws/install/franka_example_controllers/share/franka_example_controllers/package.dsv
-- Installing: /home/user/humble_ws/install/franka_example_controllers/share/ament_index/resource_index/packages/franka_example_controllers
-- Installing: /home/user/humble_ws/install/franka_example_controllers/share/ament_index/resource_index/controller_interface__pluginlib__plugin/franka_example_controllers
-- Installing: /home/user/humble_ws/install/franka_example_controllers/share/franka_example_controllers/cmake/ament_cmake_export_include_directories-extras.cmake
-- Installing: /home/user/humble_ws/install/franka_example_controllers/share/franka_example_controllers/cmake/ament_cmake_export_libraries-extras.cmake
-- Installing: /home/user/humble_ws/install/franka_example_controllers/share/franka_example_controllers/cmake/ament_cmake_export_dependencies-extras.cmake
-- Installing: /home/user/humble_ws/install/franka_example_controllers/share/franka_example_controllers/cmake/franka_example_controllersConfig.cmake
-- Installing: /home/user/humble_ws/install/franka_example_controllers/share/franka_example_controllers/cmake/franka_example_controllersConfig-version.cmake
-- Installing: /home/user/humble_ws/install/franka_example_controllers/share/franka_example_controllers/package.xml
