-- The C compiler identification is GNU 11.4.0
-- The CXX compiler identification is GNU 11.4.0
-- Detecting C compiler ABI info
-- Detecting C compiler ABI info - done
-- Check for working C compiler: /usr/bin/cc - skipped
-- Detecting C compile features
-- Detecting C compile features - done
-- Detecting CXX compiler ABI info
-- Detecting CXX compiler ABI info - done
-- Check for working CXX compiler: /usr/bin/c++ - skipped
-- Detecting CXX compile features
-- Detecting CXX compile features - done
-- Found ament_cmake: 1.3.10 (/opt/ros/humble/share/ament_cmake/cmake)
-- Found Python3: /usr/bin/python3 (found version "3.10.12") found components: Interpreter 
-- Found rclcpp: 16.0.10 (/opt/ros/humble/share/rclcpp/cmake)
-- Found rosidl_generator_c: 3.1.5 (/opt/ros/humble/share/rosidl_generator_c/cmake)
-- Found rosidl_adapter: 3.1.5 (/opt/ros/humble/share/rosidl_adapter/cmake)
-- Found rosidl_generator_cpp: 3.1.5 (/opt/ros/humble/share/rosidl_generator_cpp/cmake)
-- Using all available rosidl_typesupport_c: rosidl_typesupport_fastrtps_c;rosidl_typesupport_introspection_c
-- Using all available rosidl_typesupport_cpp: rosidl_typesupport_fastrtps_cpp;rosidl_typesupport_introspection_cpp
-- Found rmw_implementation_cmake: 6.1.2 (/opt/ros/humble/share/rmw_implementation_cmake/cmake)
-- Found rmw_fastrtps_cpp: 6.2.7 (/opt/ros/humble/share/rmw_fastrtps_cpp/cmake)
-- Found OpenSSL: /usr/lib/x86_64-linux-gnu/libcrypto.so (found version "3.0.2")  
-- Found FastRTPS: /opt/ros/humble/include  
-- Using RMW implementation 'rmw_fastrtps_cpp' as default
-- Looking for pthread.h
-- Looking for pthread.h - found
-- Performing Test CMAKE_HAVE_LIBC_PTHREAD
-- Performing Test CMAKE_HAVE_LIBC_PTHREAD - Success
-- Found Threads: TRUE  
-- Found controller_interface: 2.44.0 (/opt/ros/humble/share/controller_interface/cmake)
-- Found franka_semantic_components: 0.0.0 (/home/user/humble_ws/install/franka_semantic_components/share/franka_semantic_components/cmake)
-- Found generate_parameter_library: 0.3.9 (/opt/ros/humble/share/generate_parameter_library/cmake)
-- Found parameter_traits: 0.3.9 (/opt/ros/humble/share/parameter_traits/cmake)
-- Found ament_cmake_clang_format: 0.12.11 (/opt/ros/humble/share/ament_cmake_clang_format/cmake)
-- Found ament_cmake_copyright: 0.12.11 (/opt/ros/humble/share/ament_cmake_copyright/cmake)
-- Found ament_cmake_cppcheck: 0.12.11 (/opt/ros/humble/share/ament_cmake_cppcheck/cmake)
-- Found ament_cmake_flake8: 0.12.11 (/opt/ros/humble/share/ament_cmake_flake8/cmake)
-- Found ament_cmake_lint_cmake: 0.12.11 (/opt/ros/humble/share/ament_cmake_lint_cmake/cmake)
-- Found ament_cmake_pep257: 0.12.11 (/opt/ros/humble/share/ament_cmake_pep257/cmake)
-- Found ament_cmake_xmllint: 0.12.11 (/opt/ros/humble/share/ament_cmake_xmllint/cmake)
-- Configuring done
-- Generating done
-- Build files have been written to: /home/user/humble_ws/build/franka_example_controllers
[  7%] Running `/opt/ros/humble/bin/generate_parameter_library_cpp /home/user/humble_ws/build/franka_example_controllers/franka_example_controllers_parameters/include//franka_example_controllers_parameters.hpp /home/user/humble_ws/src/bimanual_architecture/franka_example_controllers/src/model_example_controller_parameters.yaml `
[ 15%] Building CXX object CMakeFiles/franka_example_controllers.dir/src/joint_impedance_example_controller.cpp.o
[ 23%] Building CXX object CMakeFiles/franka_example_controllers.dir/src/move_to_start_example_controller.cpp.o
[ 30%] Building CXX object CMakeFiles/franka_example_controllers.dir/src/cartesian_velocity_example_controller.cpp.o
[ 38%] Building CXX object CMakeFiles/franka_example_controllers.dir/src/cartesian_impedance_example_controller.cpp.o
[ 46%] Building CXX object CMakeFiles/franka_example_controllers.dir/src/gravity_compensation_example_controller.cpp.o
[ 53%] Building CXX object CMakeFiles/franka_example_controllers.dir/src/motion_generator.cpp.o
[ 61%] Building CXX object CMakeFiles/franka_example_controllers.dir/src/joint_position_example_controller.cpp.o
[ 69%] Building CXX object CMakeFiles/franka_example_controllers.dir/src/multi_joint_impedance_example_controller.cpp.o
[ 76%] Building CXX object CMakeFiles/franka_example_controllers.dir/src/joint_velocity_example_controller.cpp.o
[ 84%] Building CXX object CMakeFiles/franka_example_controllers.dir/src/model_example_controller.cpp.o
[ 92%] Building CXX object CMakeFiles/franka_example_controllers.dir/src/dual_joint_velocity_example_controller.cpp.o
[ 92%] Built target franka_example_controllers_parameters
[100%] Linking CXX shared library libfranka_example_controllers.so
[100%] Built target franka_example_controllers
-- Install configuration: "Release"
-- Installing: /home/user/humble_ws/install/franka_example_controllers/include/franka_example_controllers_parameters
-- Installing: /home/user/humble_ws/install/franka_example_controllers/include/franka_example_controllers_parameters/franka_example_controllers_parameters.hpp
-- Installing: /home/user/humble_ws/install/franka_example_controllers/share/franka_example_controllers/franka_example_controllers.xml
-- Installing: /home/user/humble_ws/install/franka_example_controllers/lib/libfranka_example_controllers.so
-- Set runtime path of "/home/user/humble_ws/install/franka_example_controllers/lib/libfranka_example_controllers.so" to ""
-- Up-to-date: /home/user/humble_ws/install/franka_example_controllers/include
-- Installing: /home/user/humble_ws/install/franka_example_controllers/include/franka_example_controllers
-- Installing: /home/user/humble_ws/install/franka_example_controllers/include/franka_example_controllers/cartesian_velocity_example_controller.hpp
-- Installing: /home/user/humble_ws/install/franka_example_controllers/include/franka_example_controllers/joint_velocity_example_controller.hpp
-- Installing: /home/user/humble_ws/install/franka_example_controllers/include/franka_example_controllers/gravity_compensation_example_controller.hpp
-- Installing: /home/user/humble_ws/install/franka_example_controllers/include/franka_example_controllers/multi_joint_impedance_example_controller.hpp
-- Installing: /home/user/humble_ws/install/franka_example_controllers/include/franka_example_controllers/model_example_controller.hpp
-- Installing: /home/user/humble_ws/install/franka_example_controllers/include/franka_example_controllers/dual_joint_velocity_example_controller.hpp
-- Installing: /home/user/humble_ws/install/franka_example_controllers/include/franka_example_controllers/cartesian_impedance_example_controller.hpp
-- Installing: /home/user/humble_ws/install/franka_example_controllers/include/franka_example_controllers/move_to_start_example_controller.hpp
-- Installing: /home/user/humble_ws/install/franka_example_controllers/include/franka_example_controllers/motion_generator.hpp
-- Installing: /home/user/humble_ws/install/franka_example_controllers/include/franka_example_controllers/joint_impedance_example_controller.hpp
-- Installing: /home/user/humble_ws/install/franka_example_controllers/include/franka_example_controllers/joint_position_example_controller.hpp
-- Installing: /home/user/humble_ws/install/franka_example_controllers/share/franka_example_controllers/environment/library_path.sh
-- Installing: /home/user/humble_ws/install/franka_example_controllers/share/franka_example_controllers/environment/library_path.dsv
-- Installing: /home/user/humble_ws/install/franka_example_controllers/share/ament_index/resource_index/package_run_dependencies/franka_example_controllers
-- Installing: /home/user/humble_ws/install/franka_example_controllers/share/ament_index/resource_index/parent_prefix_path/franka_example_controllers
-- Installing: /home/user/humble_ws/install/franka_example_controllers/share/franka_example_controllers/environment/ament_prefix_path.sh
-- Installing: /home/user/humble_ws/install/franka_example_controllers/share/franka_example_controllers/environment/ament_prefix_path.dsv
-- Installing: /home/user/humble_ws/install/franka_example_controllers/share/franka_example_controllers/environment/path.sh
-- Installing: /home/user/humble_ws/install/franka_example_controllers/share/franka_example_controllers/environment/path.dsv
-- Installing: /home/user/humble_ws/install/franka_example_controllers/share/franka_example_controllers/local_setup.bash
-- Installing: /home/user/humble_ws/install/franka_example_controllers/share/franka_example_controllers/local_setup.sh
-- Installing: /home/user/humble_ws/install/franka_example_controllers/share/franka_example_controllers/local_setup.zsh
-- Installing: /home/user/humble_ws/install/franka_example_controllers/share/franka_example_controllers/local_setup.dsv
-- Installing: /home/user/humble_ws/install/franka_example_controllers/share/franka_example_controllers/package.dsv
-- Installing: /home/user/humble_ws/install/franka_example_controllers/share/ament_index/resource_index/packages/franka_example_controllers
-- Installing: /home/user/humble_ws/install/franka_example_controllers/share/ament_index/resource_index/controller_interface__pluginlib__plugin/franka_example_controllers
-- Installing: /home/user/humble_ws/install/franka_example_controllers/share/franka_example_controllers/cmake/ament_cmake_export_include_directories-extras.cmake
-- Installing: /home/user/humble_ws/install/franka_example_controllers/share/franka_example_controllers/cmake/ament_cmake_export_libraries-extras.cmake
-- Installing: /home/user/humble_ws/install/franka_example_controllers/share/franka_example_controllers/cmake/ament_cmake_export_dependencies-extras.cmake
-- Installing: /home/user/humble_ws/install/franka_example_controllers/share/franka_example_controllers/cmake/franka_example_controllersConfig.cmake
-- Installing: /home/user/humble_ws/install/franka_example_controllers/share/franka_example_controllers/cmake/franka_example_controllersConfig-version.cmake
-- Installing: /home/user/humble_ws/install/franka_example_controllers/share/franka_example_controllers/package.xml
