[0.026s] Invoking command in '/home/user/humble_ws/build/franka_example_controllers': AMENT_PREFIX_PATH=/home/user/humble_ws/install/franka_semantic_components:/home/user/humble_ws/install/franka_hardware:/home/user/humble_ws/install/franka_msgs:${AMENT_PREFIX_PATH} CMAKE_PREFIX_PATH=/home/user/humble_ws/install/franka_semantic_components:/home/user/humble_ws/install/franka_hardware:/home/user/humble_ws/install/franka_msgs:~/Libraries/libfranka/lib/cmake:~/Libraries/mujoco/lib/cmake:/opt/ros/humble LD_LIBRARY_PATH=/home/user/humble_ws/install/franka_semantic_components/lib:/home/user/humble_ws/install/franka_hardware/lib:/home/user/humble_ws/install/franka_msgs/lib:${LD_LIBRARY_PATH} PYTHONPATH=/home/user/humble_ws/install/franka_msgs/local/lib/python3.10/dist-packages:${PYTHONPATH} /usr/bin/cmake /home/user/humble_ws/src/bimanual_architecture/franka_example_controllers -DCMAKE_BUILD_TYPE=Release -DCMAKE_INSTALL_PREFIX=/home/user/humble_ws/install/franka_example_controllers
[0.077s] -- The C compiler identification is GNU 11.4.0
[0.123s] -- The CXX compiler identification is GNU 11.4.0
[0.130s] -- Detecting C compiler ABI info
[0.187s] -- Detecting C compiler ABI info - done
[0.191s] -- Check for working C compiler: /usr/bin/cc - skipped
[0.191s] -- Detecting C compile features
[0.191s] -- Detecting C compile features - done
[0.193s] -- Detecting CXX compiler ABI info
[0.260s] -- Detecting CXX compiler ABI info - done
[0.265s] -- Check for working CXX compiler: /usr/bin/c++ - skipped
[0.265s] -- Detecting CXX compile features
[0.265s] -- Detecting CXX compile features - done
[0.267s] -- Found ament_cmake: 1.3.10 (/opt/ros/humble/share/ament_cmake/cmake)
[0.393s] -- Found Python3: /usr/bin/python3 (found version "3.10.12") found components: Interpreter 
[0.498s] -- Found rclcpp: 16.0.10 (/opt/ros/humble/share/rclcpp/cmake)
[0.551s] -- Found rosidl_generator_c: 3.1.5 (/opt/ros/humble/share/rosidl_generator_c/cmake)
[0.559s] -- Found rosidl_adapter: 3.1.5 (/opt/ros/humble/share/rosidl_adapter/cmake)
[0.572s] -- Found rosidl_generator_cpp: 3.1.5 (/opt/ros/humble/share/rosidl_generator_cpp/cmake)
[0.589s] -- Using all available rosidl_typesupport_c: rosidl_typesupport_fastrtps_c;rosidl_typesupport_introspection_c
[0.612s] -- Using all available rosidl_typesupport_cpp: rosidl_typesupport_fastrtps_cpp;rosidl_typesupport_introspection_cpp
[0.680s] -- Found rmw_implementation_cmake: 6.1.2 (/opt/ros/humble/share/rmw_implementation_cmake/cmake)
[0.685s] -- Found rmw_fastrtps_cpp: 6.2.7 (/opt/ros/humble/share/rmw_fastrtps_cpp/cmake)
[0.796s] -- Found OpenSSL: /usr/lib/x86_64-linux-gnu/libcrypto.so (found version "3.0.2")  
[0.818s] -- Found FastRTPS: /opt/ros/humble/include  
[0.850s] -- Using RMW implementation 'rmw_fastrtps_cpp' as default
[0.865s] -- Looking for pthread.h
[0.938s] -- Looking for pthread.h - found
[0.938s] -- Performing Test CMAKE_HAVE_LIBC_PTHREAD
[1.011s] -- Performing Test CMAKE_HAVE_LIBC_PTHREAD - Success
[1.012s] -- Found Threads: TRUE  
[1.054s] -- Found controller_interface: 2.44.0 (/opt/ros/humble/share/controller_interface/cmake)
[1.181s] -- Found franka_semantic_components: 0.0.0 (/home/user/humble_ws/install/franka_semantic_components/share/franka_semantic_components/cmake)
[1.210s] -- Found generate_parameter_library: 0.3.9 (/opt/ros/humble/share/generate_parameter_library/cmake)
[1.212s] -- Found parameter_traits: 0.3.9 (/opt/ros/humble/share/parameter_traits/cmake)
[1.249s] -- Found ament_cmake_clang_format: 0.12.11 (/opt/ros/humble/share/ament_cmake_clang_format/cmake)
[1.251s] -- Found ament_cmake_copyright: 0.12.11 (/opt/ros/humble/share/ament_cmake_copyright/cmake)
[1.253s] -- Found ament_cmake_cppcheck: 0.12.11 (/opt/ros/humble/share/ament_cmake_cppcheck/cmake)
[1.255s] -- Found ament_cmake_flake8: 0.12.11 (/opt/ros/humble/share/ament_cmake_flake8/cmake)
[1.257s] -- Found ament_cmake_lint_cmake: 0.12.11 (/opt/ros/humble/share/ament_cmake_lint_cmake/cmake)
[1.259s] -- Found ament_cmake_pep257: 0.12.11 (/opt/ros/humble/share/ament_cmake_pep257/cmake)
[1.261s] -- Found ament_cmake_xmllint: 0.12.11 (/opt/ros/humble/share/ament_cmake_xmllint/cmake)
[1.353s] -- Configuring done
[1.412s] -- Generating done
[1.415s] -- Build files have been written to: /home/user/humble_ws/build/franka_example_controllers
[1.430s] Invoked command in '/home/user/humble_ws/build/franka_example_controllers' returned '0': AMENT_PREFIX_PATH=/home/user/humble_ws/install/franka_semantic_components:/home/user/humble_ws/install/franka_hardware:/home/user/humble_ws/install/franka_msgs:${AMENT_PREFIX_PATH} CMAKE_PREFIX_PATH=/home/user/humble_ws/install/franka_semantic_components:/home/user/humble_ws/install/franka_hardware:/home/user/humble_ws/install/franka_msgs:~/Libraries/libfranka/lib/cmake:~/Libraries/mujoco/lib/cmake:/opt/ros/humble LD_LIBRARY_PATH=/home/user/humble_ws/install/franka_semantic_components/lib:/home/user/humble_ws/install/franka_hardware/lib:/home/user/humble_ws/install/franka_msgs/lib:${LD_LIBRARY_PATH} PYTHONPATH=/home/user/humble_ws/install/franka_msgs/local/lib/python3.10/dist-packages:${PYTHONPATH} /usr/bin/cmake /home/user/humble_ws/src/bimanual_architecture/franka_example_controllers -DCMAKE_BUILD_TYPE=Release -DCMAKE_INSTALL_PREFIX=/home/user/humble_ws/install/franka_example_controllers
[1.431s] Invoking command in '/home/user/humble_ws/build/franka_example_controllers': AMENT_PREFIX_PATH=/home/user/humble_ws/install/franka_semantic_components:/home/user/humble_ws/install/franka_hardware:/home/user/humble_ws/install/franka_msgs:${AMENT_PREFIX_PATH} CMAKE_PREFIX_PATH=/home/user/humble_ws/install/franka_semantic_components:/home/user/humble_ws/install/franka_hardware:/home/user/humble_ws/install/franka_msgs:~/Libraries/libfranka/lib/cmake:~/Libraries/mujoco/lib/cmake:/opt/ros/humble LD_LIBRARY_PATH=/home/user/humble_ws/install/franka_semantic_components/lib:/home/user/humble_ws/install/franka_hardware/lib:/home/user/humble_ws/install/franka_msgs/lib:${LD_LIBRARY_PATH} PYTHONPATH=/home/user/humble_ws/install/franka_msgs/local/lib/python3.10/dist-packages:${PYTHONPATH} /usr/bin/cmake --build /home/user/humble_ws/build/franka_example_controllers -- -j12 -l12
[1.495s] [  7%] Running `/opt/ros/humble/bin/generate_parameter_library_cpp /home/user/humble_ws/build/franka_example_controllers/franka_example_controllers_parameters/include//franka_example_controllers_parameters.hpp /home/user/humble_ws/src/bimanual_architecture/franka_example_controllers/src/model_example_controller_parameters.yaml `
[1.497s] [ 15%] Building CXX object CMakeFiles/franka_example_controllers.dir/src/joint_impedance_example_controller.cpp.o
[1.497s] [ 23%] Building CXX object CMakeFiles/franka_example_controllers.dir/src/move_to_start_example_controller.cpp.o
[1.499s] [ 30%] Building CXX object CMakeFiles/franka_example_controllers.dir/src/cartesian_velocity_example_controller.cpp.o
[1.500s] [ 38%] Building CXX object CMakeFiles/franka_example_controllers.dir/src/cartesian_impedance_example_controller.cpp.o
[1.501s] [ 46%] Building CXX object CMakeFiles/franka_example_controllers.dir/src/gravity_compensation_example_controller.cpp.o
[1.501s] [ 53%] Building CXX object CMakeFiles/franka_example_controllers.dir/src/motion_generator.cpp.o
[1.502s] [ 61%] Building CXX object CMakeFiles/franka_example_controllers.dir/src/joint_position_example_controller.cpp.o
[1.503s] [ 69%] Building CXX object CMakeFiles/franka_example_controllers.dir/src/multi_joint_impedance_example_controller.cpp.o
[1.504s] [ 76%] Building CXX object CMakeFiles/franka_example_controllers.dir/src/joint_velocity_example_controller.cpp.o
[1.504s] [ 84%] Building CXX object CMakeFiles/franka_example_controllers.dir/src/model_example_controller.cpp.o
[1.513s] [ 92%] Building CXX object CMakeFiles/franka_example_controllers.dir/src/dual_joint_velocity_example_controller.cpp.o
[2.039s] [ 92%] Built target franka_example_controllers_parameters
[14.808s] /home/user/humble_ws/src/bimanual_architecture/franka_example_controllers/src/dual_joint_velocity_example_controller.cpp: In member function ‘virtual controller_interface::return_type franka_example_controllers::DualJointVelocityExampleController::update(const rclcpp::Time&, const rclcpp::Duration&)’:
[14.808s] /home/user/humble_ws/src/bimanual_architecture/franka_example_controllers/src/dual_joint_velocity_example_controller.cpp:61:11: warning: unused variable ‘arm’ [-Wunused-variable]
[14.808s]    61 |     auto &arm = arm_container_pair.second;
[14.809s]       |           ^~~
[43.710s] In file included from /usr/local/include/eigen3/Eigen/Core:507,
[43.710s]                  from /usr/local/include/eigen3/Eigen/Dense:1,
[43.710s]                  from /usr/local/include/eigen3/Eigen/Eigen:1,
[43.710s]                  from /home/user/humble_ws/src/bimanual_architecture/franka_example_controllers/include/franka_example_controllers/cartesian_impedance_example_controller.hpp:19,
[43.711s]                  from /home/user/humble_ws/src/bimanual_architecture/franka_example_controllers/src/cartesian_impedance_example_controller.cpp:15:
[43.711s] /usr/local/include/eigen3/Eigen/src/Core/products/TriangularMatrixVector.h: In static member function ‘static void Eigen::internal::trmv_selector<Mode, 1>::run(const Lhs&, const Rhs&, Dest&, const typename Dest::Scalar&) [with Lhs = Eigen::Transpose<const Eigen::Block<const Eigen::Block<Eigen::Matrix<double, -1, -1>, -1, -1, false>, -1, -1, false> >; Rhs = Eigen::Transpose<const Eigen::CwiseBinaryOp<Eigen::internal::scalar_product_op<double, double>, const Eigen::CwiseNullaryOp<Eigen::internal::scalar_constant_op<double>, const Eigen::Matrix<double, 1, -1> >, const Eigen::Transpose<const Eigen::Block<const Eigen::Block<const Eigen::Block<Eigen::Matrix<double, -1, -1>, -1, -1, false>, -1, 1, true>, -1, 1, false> > > >; Dest = Eigen::Transpose<Eigen::Block<Eigen::Block<Eigen::Matrix<double, -1, -1, 1, -1, -1>, 1, -1, true>, 1, -1, false> >; int Mode = 6]’:
[43.711s] /usr/local/include/eigen3/Eigen/src/Core/products/TriangularMatrixVector.h:332:12: warning: ‘result’ may be used uninitialized [-Wmaybe-uninitialized]
[43.711s]   327 |     internal::triangular_matrix_vector_product
[43.711s]       |     ~~~~~~~~~~~~~~~~~~~~~~~~~~~~~~~~~~~~~~~~~~
[43.711s]   328 |       <Index,Mode,
[43.712s]       |       ~~~~~~~~~~~~
[43.712s]   329 |        LhsScalar, LhsBlasTraits::NeedToConjugate,
[43.712s]       |        ~~~~~~~~~~~~~~~~~~~~~~~~~~~~~~~~~~~~~~~~~~
[43.712s]   330 |        RhsScalar, RhsBlasTraits::NeedToConjugate,
[43.712s]       |        ~~~~~~~~~~~~~~~~~~~~~~~~~~~~~~~~~~~~~~~~~~
[43.712s]   331 |        RowMajor>
[43.713s]       |        ~~~~~~~~~
[43.713s]   332 |       ::run(actualLhs.rows(),actualLhs.cols(),
[43.713s]       |       ~~~~~^~~~~~~~~~~~~~~~~~~~~~~~~~~~~~~~~~~
[43.713s]   333 |             actualLhs.data(),actualLhs.outerStride(),
[43.713s]       |             ~~~~~~~~~~~~~~~~~~~~~~~~~~~~~~~~~~~~~~~~~
[43.713s]   334 |             actualRhsPtr,1,
[43.713s]       |             ~~~~~~~~~~~~~~~
[43.714s]   335 |             dest.data(),dest.innerStride(),
[43.717s]       |             ~~~~~~~~~~~~~~~~~~~~~~~~~~~~~~~
[43.717s]   336 |             actualAlpha);
[43.717s]       |             ~~~~~~~~~~~~
[43.717s] /usr/local/include/eigen3/Eigen/src/Core/products/TriangularMatrixVector.h:105:24: note: by argument 5 of type ‘const double*’ to ‘static void Eigen::internal::triangular_matrix_vector_product<Index, Mode, LhsScalar, ConjLhs, RhsScalar, ConjRhs, 1, Version>::run(Index, Index, const LhsScalar*, Index, const RhsScalar*, Index, Eigen::internal::triangular_matrix_vector_product<Index, Mode, LhsScalar, ConjLhs, RhsScalar, ConjRhs, 1, Version>::ResScalar*, Index, const ResScalar&) [with Index = long int; int Mode = 6; LhsScalar = double; bool ConjLhs = false; RhsScalar = double; bool ConjRhs = false; int Version = 0]’ declared here
[43.718s]   105 | EIGEN_DONT_INLINE void triangular_matrix_vector_product<Index,Mode,LhsScalar,ConjLhs,RhsScalar,ConjRhs,RowMajor,Version>
[43.718s]       |                        ^~~~~~~~~~~~~~~~~~~~~~~~~~~~~~~~~~~~~~~~~~~~~~~~~~~~~~~~~~~~~~~~~~~~~~~~~~~~~~~~~~~~~~~~~~~~~~~~~
[46.729s] [100%] Linking CXX shared library libfranka_example_controllers.so
[47.005s] [100%] Built target franka_example_controllers
[47.021s] Invoked command in '/home/user/humble_ws/build/franka_example_controllers' returned '0': AMENT_PREFIX_PATH=/home/user/humble_ws/install/franka_semantic_components:/home/user/humble_ws/install/franka_hardware:/home/user/humble_ws/install/franka_msgs:${AMENT_PREFIX_PATH} CMAKE_PREFIX_PATH=/home/user/humble_ws/install/franka_semantic_components:/home/user/humble_ws/install/franka_hardware:/home/user/humble_ws/install/franka_msgs:~/Libraries/libfranka/lib/cmake:~/Libraries/mujoco/lib/cmake:/opt/ros/humble LD_LIBRARY_PATH=/home/user/humble_ws/install/franka_semantic_components/lib:/home/user/humble_ws/install/franka_hardware/lib:/home/user/humble_ws/install/franka_msgs/lib:${LD_LIBRARY_PATH} PYTHONPATH=/home/user/humble_ws/install/franka_msgs/local/lib/python3.10/dist-packages:${PYTHONPATH} /usr/bin/cmake --build /home/user/humble_ws/build/franka_example_controllers -- -j12 -l12
[47.079s] Invoking command in '/home/user/humble_ws/build/franka_example_controllers': AMENT_PREFIX_PATH=/home/user/humble_ws/install/franka_semantic_components:/home/user/humble_ws/install/franka_hardware:/home/user/humble_ws/install/franka_msgs:${AMENT_PREFIX_PATH} CMAKE_PREFIX_PATH=/home/user/humble_ws/install/franka_semantic_components:/home/user/humble_ws/install/franka_hardware:/home/user/humble_ws/install/franka_msgs:~/Libraries/libfranka/lib/cmake:~/Libraries/mujoco/lib/cmake:/opt/ros/humble LD_LIBRARY_PATH=/home/user/humble_ws/install/franka_semantic_components/lib:/home/user/humble_ws/install/franka_hardware/lib:/home/user/humble_ws/install/franka_msgs/lib:${LD_LIBRARY_PATH} PYTHONPATH=/home/user/humble_ws/install/franka_msgs/local/lib/python3.10/dist-packages:${PYTHONPATH} /usr/bin/cmake --install /home/user/humble_ws/build/franka_example_controllers
[47.090s] -- Install configuration: "Release"
[47.090s] -- Installing: /home/user/humble_ws/install/franka_example_controllers/include/franka_example_controllers_parameters
[47.090s] -- Installing: /home/user/humble_ws/install/franka_example_controllers/include/franka_example_controllers_parameters/franka_example_controllers_parameters.hpp
[47.090s] -- Installing: /home/user/humble_ws/install/franka_example_controllers/share/franka_example_controllers/franka_example_controllers.xml
[47.092s] -- Installing: /home/user/humble_ws/install/franka_example_controllers/lib/libfranka_example_controllers.so
[47.093s] -- Set runtime path of "/home/user/humble_ws/install/franka_example_controllers/lib/libfranka_example_controllers.so" to ""
[47.093s] -- Up-to-date: /home/user/humble_ws/install/franka_example_controllers/include
[47.093s] -- Installing: /home/user/humble_ws/install/franka_example_controllers/include/franka_example_controllers
[47.094s] -- Installing: /home/user/humble_ws/install/franka_example_controllers/include/franka_example_controllers/cartesian_velocity_example_controller.hpp
[47.094s] -- Installing: /home/user/humble_ws/install/franka_example_controllers/include/franka_example_controllers/joint_velocity_example_controller.hpp
[47.095s] -- Installing: /home/user/humble_ws/install/franka_example_controllers/include/franka_example_controllers/gravity_compensation_example_controller.hpp
[47.095s] -- Installing: /home/user/humble_ws/install/franka_example_controllers/include/franka_example_controllers/multi_joint_impedance_example_controller.hpp
[47.096s] -- Installing: /home/user/humble_ws/install/franka_example_controllers/include/franka_example_controllers/model_example_controller.hpp
[47.096s] -- Installing: /home/user/humble_ws/install/franka_example_controllers/include/franka_example_controllers/dual_joint_velocity_example_controller.hpp
[47.097s] -- Installing: /home/user/humble_ws/install/franka_example_controllers/include/franka_example_controllers/cartesian_impedance_example_controller.hpp
[47.097s] -- Installing: /home/user/humble_ws/install/franka_example_controllers/include/franka_example_controllers/move_to_start_example_controller.hpp
[47.098s] -- Installing: /home/user/humble_ws/install/franka_example_controllers/include/franka_example_controllers/motion_generator.hpp
[47.098s] -- Installing: /home/user/humble_ws/install/franka_example_controllers/include/franka_example_controllers/joint_impedance_example_controller.hpp
[47.099s] -- Installing: /home/user/humble_ws/install/franka_example_controllers/include/franka_example_controllers/joint_position_example_controller.hpp
[47.103s] -- Installing: /home/user/humble_ws/install/franka_example_controllers/share/franka_example_controllers/environment/library_path.sh
[47.103s] -- Installing: /home/user/humble_ws/install/franka_example_controllers/share/franka_example_controllers/environment/library_path.dsv
[47.103s] -- Installing: /home/user/humble_ws/install/franka_example_controllers/share/ament_index/resource_index/package_run_dependencies/franka_example_controllers
[47.103s] -- Installing: /home/user/humble_ws/install/franka_example_controllers/share/ament_index/resource_index/parent_prefix_path/franka_example_controllers
[47.103s] -- Installing: /home/user/humble_ws/install/franka_example_controllers/share/franka_example_controllers/environment/ament_prefix_path.sh
[47.103s] -- Installing: /home/user/humble_ws/install/franka_example_controllers/share/franka_example_controllers/environment/ament_prefix_path.dsv
[47.103s] -- Installing: /home/user/humble_ws/install/franka_example_controllers/share/franka_example_controllers/environment/path.sh
[47.104s] -- Installing: /home/user/humble_ws/install/franka_example_controllers/share/franka_example_controllers/environment/path.dsv
[47.104s] -- Installing: /home/user/humble_ws/install/franka_example_controllers/share/franka_example_controllers/local_setup.bash
[47.104s] -- Installing: /home/user/humble_ws/install/franka_example_controllers/share/franka_example_controllers/local_setup.sh
[47.104s] -- Installing: /home/user/humble_ws/install/franka_example_controllers/share/franka_example_controllers/local_setup.zsh
[47.105s] -- Installing: /home/user/humble_ws/install/franka_example_controllers/share/franka_example_controllers/local_setup.dsv
[47.105s] -- Installing: /home/user/humble_ws/install/franka_example_controllers/share/franka_example_controllers/package.dsv
[47.105s] -- Installing: /home/user/humble_ws/install/franka_example_controllers/share/ament_index/resource_index/packages/franka_example_controllers
[47.106s] -- Installing: /home/user/humble_ws/install/franka_example_controllers/share/ament_index/resource_index/controller_interface__pluginlib__plugin/franka_example_controllers
[47.107s] -- Installing: /home/user/humble_ws/install/franka_example_controllers/share/franka_example_controllers/cmake/ament_cmake_export_include_directories-extras.cmake
[47.107s] -- Installing: /home/user/humble_ws/install/franka_example_controllers/share/franka_example_controllers/cmake/ament_cmake_export_libraries-extras.cmake
[47.108s] -- Installing: /home/user/humble_ws/install/franka_example_controllers/share/franka_example_controllers/cmake/ament_cmake_export_dependencies-extras.cmake
[47.108s] -- Installing: /home/user/humble_ws/install/franka_example_controllers/share/franka_example_controllers/cmake/franka_example_controllersConfig.cmake
[47.108s] -- Installing: /home/user/humble_ws/install/franka_example_controllers/share/franka_example_controllers/cmake/franka_example_controllersConfig-version.cmake
[47.109s] -- Installing: /home/user/humble_ws/install/franka_example_controllers/share/franka_example_controllers/package.xml
[47.114s] Invoked command in '/home/user/humble_ws/build/franka_example_controllers' returned '0': AMENT_PREFIX_PATH=/home/user/humble_ws/install/franka_semantic_components:/home/user/humble_ws/install/franka_hardware:/home/user/humble_ws/install/franka_msgs:${AMENT_PREFIX_PATH} CMAKE_PREFIX_PATH=/home/user/humble_ws/install/franka_semantic_components:/home/user/humble_ws/install/franka_hardware:/home/user/humble_ws/install/franka_msgs:~/Libraries/libfranka/lib/cmake:~/Libraries/mujoco/lib/cmake:/opt/ros/humble LD_LIBRARY_PATH=/home/user/humble_ws/install/franka_semantic_components/lib:/home/user/humble_ws/install/franka_hardware/lib:/home/user/humble_ws/install/franka_msgs/lib:${LD_LIBRARY_PATH} PYTHONPATH=/home/user/humble_ws/install/franka_msgs/local/lib/python3.10/dist-packages:${PYTHONPATH} /usr/bin/cmake --install /home/user/humble_ws/build/franka_example_controllers
