-- Found ament_cmake: 1.3.10 (/opt/ros/humble/share/ament_cmake/cmake)
-- Found builtin_interfaces: 1.2.1 (/opt/ros/humble/share/builtin_interfaces/cmake)
-- Found rosidl_generator_c: 3.1.5 (/opt/ros/humble/share/rosidl_generator_c/cmake)
-- Found rosidl_adapter: 3.1.5 (/opt/ros/humble/share/rosidl_adapter/cmake)
-- Found rosidl_generator_cpp: 3.1.5 (/opt/ros/humble/share/rosidl_generator_cpp/cmake)
-- Using all available rosidl_typesupport_c: rosidl_typesupport_fastrtps_c;rosidl_typesupport_introspection_c
-- Using all available rosidl_typesupport_cpp: rosidl_typesupport_fastrtps_cpp;rosidl_typesupport_introspection_cpp
-- Found control_msgs: 4.7.0 (/opt/ros/humble/share/control_msgs/cmake)
-- Found multi_mode_control_msgs: 0.0.0 (/home/user/humble_ws/install/multi_mode_control_msgs/share/multi_mode_control_msgs/cmake)
-- Found controller_interface: 2.44.0 (/opt/ros/humble/share/controller_interface/cmake)
-- Found rmw_implementation_cmake: 6.1.2 (/opt/ros/humble/share/rmw_implementation_cmake/cmake)
-- Found rmw_fastrtps_cpp: 6.2.7 (/opt/ros/humble/share/rmw_fastrtps_cpp/cmake)
-- Found TinyXML2 via Config file: TinyXML2_DIR-NOTFOUND
-- Found TinyXML2 via Config file: TinyXML2_DIR-NOTFOUND
-- Found TinyXML2 via Config file: TinyXML2_DIR-NOTFOUND
-- Found TinyXML2 via Config file: TinyXML2_DIR-NOTFOUND
-- Using RMW implementation 'rmw_fastrtps_cpp' as default
-- Found controller_manager: 2.44.0 (/opt/ros/humble/share/controller_manager/cmake)
-- Found franka_semantic_components: 0.0.0 (/home/user/humble_ws/install/franka_semantic_components/share/franka_semantic_components/cmake)
-- Found generate_parameter_library: 0.3.9 (/opt/ros/humble/share/generate_parameter_library/cmake)
-- Found parameter_traits: 0.3.9 (/opt/ros/humble/share/parameter_traits/cmake)
-- Found ament_lint_auto: 0.12.11 (/opt/ros/humble/share/ament_lint_auto/cmake)
-- Added test 'cppcheck' to perform static code analysis on C / C++ code
-- Configured cppcheck include dirs: /home/user/humble_ws/src/bimanual_architecture/franka_multi_mode_controller/multi_mode_controller/include
-- Configured cppcheck exclude dirs and/or files: 
-- Added test 'lint_cmake' to check CMake code style
-- Added test 'uncrustify' to check C / C++ code style
-- Configured uncrustify additional arguments: 
-- Added test 'xmllint' to check XML markup files
-- Configuring done
-- Generating done
-- Build files have been written to: /home/user/humble_ws/build/multi_mode_controller
[35m[1mConsolidate compiler generated dependencies of target openGJK[0m
[35m[1mConsolidate compiler generated dependencies of target synchronous_client[0m
[ 10%] Built target openGJK
[ 20%] Built target synchronous_client
[35m[1mConsolidate compiler generated dependencies of target multi_mode_controller[0m
[100%] Built target multi_mode_controller
-- Install configuration: "Release"
-- Up-to-date: /home/user/humble_ws/install/multi_mode_controller/lib/libopenGJK.a
-- Up-to-date: /home/user/humble_ws/install/multi_mode_controller/lib/libmulti_mode_controller.so
-- Up-to-date: /home/user/humble_ws/install/multi_mode_controller/include
-- Up-to-date: /home/user/humble_ws/install/multi_mode_controller/include/multi_mode_controller
-- Up-to-date: /home/user/humble_ws/install/multi_mode_controller/include/multi_mode_controller/controllers
-- Up-to-date: /home/user/humble_ws/install/multi_mode_controller/include/multi_mode_controller/controllers/panda_cartesian_impedance_controller.h
-- Up-to-date: /home/user/humble_ws/install/multi_mode_controller/include/multi_mode_controller/controllers/comless_dual_joint_impedance_controller.h
-- Up-to-date: /home/user/humble_ws/install/multi_mode_controller/include/multi_mode_controller/controllers/twin_joint_impedance_controller.h
-- Up-to-date: /home/user/humble_ws/install/multi_mode_controller/include/multi_mode_controller/controllers/comless_dual_cartesian_impedance_controller.h
-- Up-to-date: /home/user/humble_ws/install/multi_mode_controller/include/multi_mode_controller/controllers/twin_cartesian_impedance_controller.h
-- Up-to-date: /home/user/humble_ws/install/multi_mode_controller/include/multi_mode_controller/controllers/panda_joint_velocity_controller.h
-- Up-to-date: /home/user/humble_ws/install/multi_mode_controller/include/multi_mode_controller/controllers/comless_panda_cartesian_impedance_controller.h
-- Up-to-date: /home/user/humble_ws/install/multi_mode_controller/include/multi_mode_controller/controllers/comless_coupled_dual_cartesian_impedance_controller.h
-- Up-to-date: /home/user/humble_ws/install/multi_mode_controller/include/multi_mode_controller/controllers/dual_cartesian_impedance_controller.h
-- Up-to-date: /home/user/humble_ws/install/multi_mode_controller/include/multi_mode_controller/controllers/panda_joint_impedance_controller.h
-- Up-to-date: /home/user/humble_ws/install/multi_mode_controller/include/multi_mode_controller/controllers/comless_panda_joint_impedance_controller.h
-- Up-to-date: /home/user/humble_ws/install/multi_mode_controller/include/multi_mode_controller/controllers/des_coupled_dual_cartesian_impedance_controller.h
-- Up-to-date: /home/user/humble_ws/install/multi_mode_controller/include/multi_mode_controller/utils
-- Up-to-date: /home/user/humble_ws/install/multi_mode_controller/include/multi_mode_controller/utils/factory.h
-- Up-to-date: /home/user/humble_ws/install/multi_mode_controller/include/multi_mode_controller/utils/damping_design.h
-- Up-to-date: /home/user/humble_ws/install/multi_mode_controller/include/multi_mode_controller/utils/synchronous_client.h
-- Up-to-date: /home/user/humble_ws/install/multi_mode_controller/include/multi_mode_controller/utils/robot_data.h
-- Up-to-date: /home/user/humble_ws/install/multi_mode_controller/include/multi_mode_controller/utils/conversions.h
-- Up-to-date: /home/user/humble_ws/install/multi_mode_controller/include/multi_mode_controller/utils/get_robot_state_msg.h
-- Up-to-date: /home/user/humble_ws/install/multi_mode_controller/include/multi_mode_controller/utils/type_name.h
-- Up-to-date: /home/user/humble_ws/install/multi_mode_controller/include/multi_mode_controller/utils/buffered.h
-- Up-to-date: /home/user/humble_ws/install/multi_mode_controller/include/multi_mode_controller/utils/controller_factory.h
-- Up-to-date: /home/user/humble_ws/install/multi_mode_controller/include/multi_mode_controller/utils/nullspace_projection.h
-- Up-to-date: /home/user/humble_ws/install/multi_mode_controller/include/multi_mode_controller/utils/redundancy_resolution.h
-- Up-to-date: /home/user/humble_ws/install/multi_mode_controller/include/multi_mode_controller/utils/sync_service_client.hpp
-- Up-to-date: /home/user/humble_ws/install/multi_mode_controller/include/multi_mode_controller/utils/openGJK.h
-- Up-to-date: /home/user/humble_ws/install/multi_mode_controller/include/multi_mode_controller/utils/panda_limits.h
-- Up-to-date: /home/user/humble_ws/install/multi_mode_controller/include/multi_mode_controller/base
-- Up-to-date: /home/user/humble_ws/install/multi_mode_controller/include/multi_mode_controller/base/panda_controller_interface.h
-- Up-to-date: /home/user/humble_ws/install/multi_mode_controller/include/multi_mode_controller/base/switch_engine_interface.h
-- Up-to-date: /home/user/humble_ws/install/multi_mode_controller/include/multi_mode_controller/base/panda_controller_base.h
-- Up-to-date: /home/user/humble_ws/install/multi_mode_controller/include/multi_mode_controller/base/switch_engine.h
-- Up-to-date: /home/user/humble_ws/install/multi_mode_controller/include/multi_mode_controller/base/panda_controller_ros_interface.h
-- Up-to-date: /home/user/humble_ws/install/multi_mode_controller/lib/libsynchronous_client.so
-- Up-to-date: /home/user/humble_ws/install/multi_mode_controller/share/multi_mode_controller/environment/library_path.sh
-- Installing: /home/user/humble_ws/install/multi_mode_controller/share/multi_mode_controller/environment/library_path.dsv
-- Up-to-date: /home/user/humble_ws/install/multi_mode_controller/share/ament_index/resource_index/package_run_dependencies/multi_mode_controller
-- Installing: /home/user/humble_ws/install/multi_mode_controller/share/ament_index/resource_index/parent_prefix_path/multi_mode_controller
-- Up-to-date: /home/user/humble_ws/install/multi_mode_controller/share/multi_mode_controller/environment/ament_prefix_path.sh
-- Installing: /home/user/humble_ws/install/multi_mode_controller/share/multi_mode_controller/environment/ament_prefix_path.dsv
-- Up-to-date: /home/user/humble_ws/install/multi_mode_controller/share/multi_mode_controller/environment/path.sh
-- Installing: /home/user/humble_ws/install/multi_mode_controller/share/multi_mode_controller/environment/path.dsv
-- Up-to-date: /home/user/humble_ws/install/multi_mode_controller/share/multi_mode_controller/local_setup.bash
-- Up-to-date: /home/user/humble_ws/install/multi_mode_controller/share/multi_mode_controller/local_setup.sh
-- Up-to-date: /home/user/humble_ws/install/multi_mode_controller/share/multi_mode_controller/local_setup.zsh
-- Installing: /home/user/humble_ws/install/multi_mode_controller/share/multi_mode_controller/local_setup.dsv
-- Installing: /home/user/humble_ws/install/multi_mode_controller/share/multi_mode_controller/package.dsv
-- Up-to-date: /home/user/humble_ws/install/multi_mode_controller/share/ament_index/resource_index/packages/multi_mode_controller
-- Up-to-date: /home/user/humble_ws/install/multi_mode_controller/share/multi_mode_controller/cmake/ament_cmake_export_include_directories-extras.cmake
-- Up-to-date: /home/user/humble_ws/install/multi_mode_controller/share/multi_mode_controller/cmake/ament_cmake_export_libraries-extras.cmake
-- Up-to-date: /home/user/humble_ws/install/multi_mode_controller/share/multi_mode_controller/cmake/ament_cmake_export_dependencies-extras.cmake
-- Up-to-date: /home/user/humble_ws/install/multi_mode_controller/share/multi_mode_controller/cmake/multi_mode_controllerConfig.cmake
-- Up-to-date: /home/user/humble_ws/install/multi_mode_controller/share/multi_mode_controller/cmake/multi_mode_controllerConfig-version.cmake
-- Up-to-date: /home/user/humble_ws/install/multi_mode_controller/share/multi_mode_controller/package.xml
