[0.032s] Invoking command in '/home/user/humble_ws/build/multi_mode_controller': CMAKE_PREFIX_PATH=/home/user/humble_ws/install/franka_semantic_components:/home/user/humble_ws/install/multi_mode_control_msgs:/home/user/humble_ws/install/franka_hardware:/home/user/humble_ws/install/franka_msgs:/home/user/humble_ws/install/panda_motion_generators:/home/user/humble_ws/install/panda_motion_generator_msgs:/home/user/humble_ws/install/multi_mode_controller_impl:/home/user/humble_ws/install/multi_mode_controller:/home/user/humble_ws/install/garmi_controllers:/home/user/humble_ws/install/franka_robot_state_broadcaster:/home/user/humble_ws/install/franka_example_controllers:/home/user/humble_ws/install/franka_moveit_config:/home/user/humble_ws/install/franka_bringup:/home/user/humble_ws/install/franka_gripper:/home/user/humble_ws/install/franka_control2:/home/user/humble_ws/install/franka_description:/home/user/Libraries/libfranka/lib/cmake:/home/user/Libraries/mujoco/lib/cmake:/opt/ros/humble LD_LIBRARY_PATH=/home/user/humble_ws/install/franka_semantic_components/lib:/home/user/humble_ws/install/multi_mode_control_msgs/lib:/home/user/humble_ws/install/franka_hardware/lib:/home/user/humble_ws/install/franka_msgs/lib:/home/user/humble_ws/install/panda_motion_generators/lib:/home/user/humble_ws/install/panda_motion_generator_msgs/lib:/home/user/humble_ws/install/multi_mode_controller_impl/lib:/home/user/humble_ws/install/multi_mode_controller/lib:/home/user/humble_ws/install/garmi_controllers/lib:/home/user/humble_ws/install/franka_robot_state_broadcaster/lib:/home/user/humble_ws/install/franka_example_controllers/lib:/home/user/humble_ws/install/franka_gripper/lib:/opt/ros/humble/opt/rviz_ogre_vendor/lib:/opt/ros/humble/lib/x86_64-linux-gnu:/opt/ros/humble/lib:/home/user/Libraries/libfranka/lib:/home/user/Libraries/mujoco/lib /usr/bin/cmake /home/user/humble_ws/src/bimanual_architecture/franka_multi_mode_controller/multi_mode_controller -DCMAKE_INSTALL_PREFIX=/home/user/humble_ws/install/multi_mode_controller
[0.044s] -- Found ament_cmake: 1.3.10 (/opt/ros/humble/share/ament_cmake/cmake)
[0.193s] -- Found builtin_interfaces: 1.2.1 (/opt/ros/humble/share/builtin_interfaces/cmake)
[0.227s] -- Found rosidl_generator_c: 3.1.5 (/opt/ros/humble/share/rosidl_generator_c/cmake)
[0.231s] -- Found rosidl_adapter: 3.1.5 (/opt/ros/humble/share/rosidl_adapter/cmake)
[0.240s] -- Found rosidl_generator_cpp: 3.1.5 (/opt/ros/humble/share/rosidl_generator_cpp/cmake)
[0.257s] -- Using all available rosidl_typesupport_c: rosidl_typesupport_fastrtps_c;rosidl_typesupport_introspection_c
[0.277s] -- Using all available rosidl_typesupport_cpp: rosidl_typesupport_fastrtps_cpp;rosidl_typesupport_introspection_cpp
[0.295s] -- Found control_msgs: 4.7.0 (/opt/ros/humble/share/control_msgs/cmake)
[0.430s] -- Found multi_mode_control_msgs: 0.0.0 (/home/user/humble_ws/install/multi_mode_control_msgs/share/multi_mode_control_msgs/cmake)
[0.470s] -- Found controller_interface: 2.44.0 (/opt/ros/humble/share/controller_interface/cmake)
[0.520s] -- Found rmw_implementation_cmake: 6.1.2 (/opt/ros/humble/share/rmw_implementation_cmake/cmake)
[0.521s] -- Found rmw_fastrtps_cpp: 6.2.7 (/opt/ros/humble/share/rmw_fastrtps_cpp/cmake)
[0.545s] -- Found TinyXML2 via Config file: TinyXML2_DIR-NOTFOUND
[0.556s] -- Found TinyXML2 via Config file: TinyXML2_DIR-NOTFOUND
[0.575s] -- Found TinyXML2 via Config file: TinyXML2_DIR-NOTFOUND
[0.585s] -- Found TinyXML2 via Config file: TinyXML2_DIR-NOTFOUND
[0.596s] -- Using RMW implementation 'rmw_fastrtps_cpp' as default
[0.638s] -- Found controller_manager: 2.44.0 (/opt/ros/humble/share/controller_manager/cmake)
[0.665s] -- Found franka_semantic_components: 0.0.0 (/home/user/humble_ws/install/franka_semantic_components/share/franka_semantic_components/cmake)
[0.677s] -- Found generate_parameter_library: 0.3.9 (/opt/ros/humble/share/generate_parameter_library/cmake)
[0.678s] -- Found parameter_traits: 0.3.9 (/opt/ros/humble/share/parameter_traits/cmake)
[0.751s] -- Found ament_lint_auto: 0.12.11 (/opt/ros/humble/share/ament_lint_auto/cmake)
[0.846s] -- Added test 'cppcheck' to perform static code analysis on C / C++ code
[0.846s] -- Configured cppcheck include dirs: /home/user/humble_ws/src/bimanual_architecture/franka_multi_mode_controller/multi_mode_controller/include
[0.847s] -- Configured cppcheck exclude dirs and/or files: 
[0.848s] -- Added test 'lint_cmake' to check CMake code style
[0.852s] -- Added test 'uncrustify' to check C / C++ code style
[0.852s] -- Configured uncrustify additional arguments: 
[0.852s] -- Added test 'xmllint' to check XML markup files
[0.861s] -- Configuring done
[0.913s] -- Generating done
[0.915s] -- Build files have been written to: /home/user/humble_ws/build/multi_mode_controller
[0.922s] Invoked command in '/home/user/humble_ws/build/multi_mode_controller' returned '0': CMAKE_PREFIX_PATH=/home/user/humble_ws/install/franka_semantic_components:/home/user/humble_ws/install/multi_mode_control_msgs:/home/user/humble_ws/install/franka_hardware:/home/user/humble_ws/install/franka_msgs:/home/user/humble_ws/install/panda_motion_generators:/home/user/humble_ws/install/panda_motion_generator_msgs:/home/user/humble_ws/install/multi_mode_controller_impl:/home/user/humble_ws/install/multi_mode_controller:/home/user/humble_ws/install/garmi_controllers:/home/user/humble_ws/install/franka_robot_state_broadcaster:/home/user/humble_ws/install/franka_example_controllers:/home/user/humble_ws/install/franka_moveit_config:/home/user/humble_ws/install/franka_bringup:/home/user/humble_ws/install/franka_gripper:/home/user/humble_ws/install/franka_control2:/home/user/humble_ws/install/franka_description:/home/user/Libraries/libfranka/lib/cmake:/home/user/Libraries/mujoco/lib/cmake:/opt/ros/humble LD_LIBRARY_PATH=/home/user/humble_ws/install/franka_semantic_components/lib:/home/user/humble_ws/install/multi_mode_control_msgs/lib:/home/user/humble_ws/install/franka_hardware/lib:/home/user/humble_ws/install/franka_msgs/lib:/home/user/humble_ws/install/panda_motion_generators/lib:/home/user/humble_ws/install/panda_motion_generator_msgs/lib:/home/user/humble_ws/install/multi_mode_controller_impl/lib:/home/user/humble_ws/install/multi_mode_controller/lib:/home/user/humble_ws/install/garmi_controllers/lib:/home/user/humble_ws/install/franka_robot_state_broadcaster/lib:/home/user/humble_ws/install/franka_example_controllers/lib:/home/user/humble_ws/install/franka_gripper/lib:/opt/ros/humble/opt/rviz_ogre_vendor/lib:/opt/ros/humble/lib/x86_64-linux-gnu:/opt/ros/humble/lib:/home/user/Libraries/libfranka/lib:/home/user/Libraries/mujoco/lib /usr/bin/cmake /home/user/humble_ws/src/bimanual_architecture/franka_multi_mode_controller/multi_mode_controller -DCMAKE_INSTALL_PREFIX=/home/user/humble_ws/install/multi_mode_controller
[0.924s] Invoking command in '/home/user/humble_ws/build/multi_mode_controller': CMAKE_PREFIX_PATH=/home/user/humble_ws/install/franka_semantic_components:/home/user/humble_ws/install/multi_mode_control_msgs:/home/user/humble_ws/install/franka_hardware:/home/user/humble_ws/install/franka_msgs:/home/user/humble_ws/install/panda_motion_generators:/home/user/humble_ws/install/panda_motion_generator_msgs:/home/user/humble_ws/install/multi_mode_controller_impl:/home/user/humble_ws/install/multi_mode_controller:/home/user/humble_ws/install/garmi_controllers:/home/user/humble_ws/install/franka_robot_state_broadcaster:/home/user/humble_ws/install/franka_example_controllers:/home/user/humble_ws/install/franka_moveit_config:/home/user/humble_ws/install/franka_bringup:/home/user/humble_ws/install/franka_gripper:/home/user/humble_ws/install/franka_control2:/home/user/humble_ws/install/franka_description:/home/user/Libraries/libfranka/lib/cmake:/home/user/Libraries/mujoco/lib/cmake:/opt/ros/humble LD_LIBRARY_PATH=/home/user/humble_ws/install/franka_semantic_components/lib:/home/user/humble_ws/install/multi_mode_control_msgs/lib:/home/user/humble_ws/install/franka_hardware/lib:/home/user/humble_ws/install/franka_msgs/lib:/home/user/humble_ws/install/panda_motion_generators/lib:/home/user/humble_ws/install/panda_motion_generator_msgs/lib:/home/user/humble_ws/install/multi_mode_controller_impl/lib:/home/user/humble_ws/install/multi_mode_controller/lib:/home/user/humble_ws/install/garmi_controllers/lib:/home/user/humble_ws/install/franka_robot_state_broadcaster/lib:/home/user/humble_ws/install/franka_example_controllers/lib:/home/user/humble_ws/install/franka_gripper/lib:/opt/ros/humble/opt/rviz_ogre_vendor/lib:/opt/ros/humble/lib/x86_64-linux-gnu:/opt/ros/humble/lib:/home/user/Libraries/libfranka/lib:/home/user/Libraries/mujoco/lib /usr/bin/cmake --build /home/user/humble_ws/build/multi_mode_controller -- -j12 -l12
[0.979s] [35m[1mConsolidate compiler generated dependencies of target openGJK[0m
[0.988s] [35m[1mConsolidate compiler generated dependencies of target synchronous_client[0m
[0.998s] [ 10%] Built target openGJK
[1.013s] [ 20%] Built target synchronous_client
[1.037s] [35m[1mConsolidate compiler generated dependencies of target multi_mode_controller[0m
[1.086s] [100%] Built target multi_mode_controller
[1.098s] Invoked command in '/home/user/humble_ws/build/multi_mode_controller' returned '0': CMAKE_PREFIX_PATH=/home/user/humble_ws/install/franka_semantic_components:/home/user/humble_ws/install/multi_mode_control_msgs:/home/user/humble_ws/install/franka_hardware:/home/user/humble_ws/install/franka_msgs:/home/user/humble_ws/install/panda_motion_generators:/home/user/humble_ws/install/panda_motion_generator_msgs:/home/user/humble_ws/install/multi_mode_controller_impl:/home/user/humble_ws/install/multi_mode_controller:/home/user/humble_ws/install/garmi_controllers:/home/user/humble_ws/install/franka_robot_state_broadcaster:/home/user/humble_ws/install/franka_example_controllers:/home/user/humble_ws/install/franka_moveit_config:/home/user/humble_ws/install/franka_bringup:/home/user/humble_ws/install/franka_gripper:/home/user/humble_ws/install/franka_control2:/home/user/humble_ws/install/franka_description:/home/user/Libraries/libfranka/lib/cmake:/home/user/Libraries/mujoco/lib/cmake:/opt/ros/humble LD_LIBRARY_PATH=/home/user/humble_ws/install/franka_semantic_components/lib:/home/user/humble_ws/install/multi_mode_control_msgs/lib:/home/user/humble_ws/install/franka_hardware/lib:/home/user/humble_ws/install/franka_msgs/lib:/home/user/humble_ws/install/panda_motion_generators/lib:/home/user/humble_ws/install/panda_motion_generator_msgs/lib:/home/user/humble_ws/install/multi_mode_controller_impl/lib:/home/user/humble_ws/install/multi_mode_controller/lib:/home/user/humble_ws/install/garmi_controllers/lib:/home/user/humble_ws/install/franka_robot_state_broadcaster/lib:/home/user/humble_ws/install/franka_example_controllers/lib:/home/user/humble_ws/install/franka_gripper/lib:/opt/ros/humble/opt/rviz_ogre_vendor/lib:/opt/ros/humble/lib/x86_64-linux-gnu:/opt/ros/humble/lib:/home/user/Libraries/libfranka/lib:/home/user/Libraries/mujoco/lib /usr/bin/cmake --build /home/user/humble_ws/build/multi_mode_controller -- -j12 -l12
[1.215s] Invoking command in '/home/user/humble_ws/build/multi_mode_controller': CMAKE_PREFIX_PATH=/home/user/humble_ws/install/franka_semantic_components:/home/user/humble_ws/install/multi_mode_control_msgs:/home/user/humble_ws/install/franka_hardware:/home/user/humble_ws/install/franka_msgs:/home/user/humble_ws/install/panda_motion_generators:/home/user/humble_ws/install/panda_motion_generator_msgs:/home/user/humble_ws/install/multi_mode_controller_impl:/home/user/humble_ws/install/multi_mode_controller:/home/user/humble_ws/install/garmi_controllers:/home/user/humble_ws/install/franka_robot_state_broadcaster:/home/user/humble_ws/install/franka_example_controllers:/home/user/humble_ws/install/franka_moveit_config:/home/user/humble_ws/install/franka_bringup:/home/user/humble_ws/install/franka_gripper:/home/user/humble_ws/install/franka_control2:/home/user/humble_ws/install/franka_description:/home/user/Libraries/libfranka/lib/cmake:/home/user/Libraries/mujoco/lib/cmake:/opt/ros/humble LD_LIBRARY_PATH=/home/user/humble_ws/install/franka_semantic_components/lib:/home/user/humble_ws/install/multi_mode_control_msgs/lib:/home/user/humble_ws/install/franka_hardware/lib:/home/user/humble_ws/install/franka_msgs/lib:/home/user/humble_ws/install/panda_motion_generators/lib:/home/user/humble_ws/install/panda_motion_generator_msgs/lib:/home/user/humble_ws/install/multi_mode_controller_impl/lib:/home/user/humble_ws/install/multi_mode_controller/lib:/home/user/humble_ws/install/garmi_controllers/lib:/home/user/humble_ws/install/franka_robot_state_broadcaster/lib:/home/user/humble_ws/install/franka_example_controllers/lib:/home/user/humble_ws/install/franka_gripper/lib:/opt/ros/humble/opt/rviz_ogre_vendor/lib:/opt/ros/humble/lib/x86_64-linux-gnu:/opt/ros/humble/lib:/home/user/Libraries/libfranka/lib:/home/user/Libraries/mujoco/lib /usr/bin/cmake --install /home/user/humble_ws/build/multi_mode_controller
[1.223s] -- Install configuration: "Release"
[1.224s] -- Up-to-date: /home/user/humble_ws/install/multi_mode_controller/lib/libopenGJK.a
[1.226s] -- Up-to-date: /home/user/humble_ws/install/multi_mode_controller/lib/libmulti_mode_controller.so
[1.231s] -- Up-to-date: /home/user/humble_ws/install/multi_mode_controller/include
[1.231s] -- Up-to-date: /home/user/humble_ws/install/multi_mode_controller/include/multi_mode_controller
[1.231s] -- Up-to-date: /home/user/humble_ws/install/multi_mode_controller/include/multi_mode_controller/controllers
[1.231s] -- Up-to-date: /home/user/humble_ws/install/multi_mode_controller/include/multi_mode_controller/controllers/panda_cartesian_impedance_controller.h
[1.232s] -- Up-to-date: /home/user/humble_ws/install/multi_mode_controller/include/multi_mode_controller/controllers/comless_dual_joint_impedance_controller.h
[1.232s] -- Up-to-date: /home/user/humble_ws/install/multi_mode_controller/include/multi_mode_controller/controllers/twin_joint_impedance_controller.h
[1.233s] -- Up-to-date: /home/user/humble_ws/install/multi_mode_controller/include/multi_mode_controller/controllers/comless_dual_cartesian_impedance_controller.h
[1.234s] -- Up-to-date: /home/user/humble_ws/install/multi_mode_controller/include/multi_mode_controller/controllers/twin_cartesian_impedance_controller.h
[1.235s] -- Up-to-date: /home/user/humble_ws/install/multi_mode_controller/include/multi_mode_controller/controllers/panda_joint_velocity_controller.h
[1.236s] -- Up-to-date: /home/user/humble_ws/install/multi_mode_controller/include/multi_mode_controller/controllers/comless_panda_cartesian_impedance_controller.h
[1.236s] -- Up-to-date: /home/user/humble_ws/install/multi_mode_controller/include/multi_mode_controller/controllers/comless_coupled_dual_cartesian_impedance_controller.h
[1.237s] -- Up-to-date: /home/user/humble_ws/install/multi_mode_controller/include/multi_mode_controller/controllers/dual_cartesian_impedance_controller.h
[1.238s] -- Up-to-date: /home/user/humble_ws/install/multi_mode_controller/include/multi_mode_controller/controllers/panda_joint_impedance_controller.h
[1.238s] -- Up-to-date: /home/user/humble_ws/install/multi_mode_controller/include/multi_mode_controller/controllers/comless_panda_joint_impedance_controller.h
[1.239s] -- Up-to-date: /home/user/humble_ws/install/multi_mode_controller/include/multi_mode_controller/controllers/des_coupled_dual_cartesian_impedance_controller.h
[1.239s] -- Up-to-date: /home/user/humble_ws/install/multi_mode_controller/include/multi_mode_controller/utils
[1.239s] -- Up-to-date: /home/user/humble_ws/install/multi_mode_controller/include/multi_mode_controller/utils/factory.h
[1.240s] -- Up-to-date: /home/user/humble_ws/install/multi_mode_controller/include/multi_mode_controller/utils/damping_design.h
[1.241s] -- Up-to-date: /home/user/humble_ws/install/multi_mode_controller/include/multi_mode_controller/utils/synchronous_client.h
[1.241s] -- Up-to-date: /home/user/humble_ws/install/multi_mode_controller/include/multi_mode_controller/utils/robot_data.h
[1.242s] -- Up-to-date: /home/user/humble_ws/install/multi_mode_controller/include/multi_mode_controller/utils/conversions.h
[1.242s] -- Up-to-date: /home/user/humble_ws/install/multi_mode_controller/include/multi_mode_controller/utils/get_robot_state_msg.h
[1.243s] -- Up-to-date: /home/user/humble_ws/install/multi_mode_controller/include/multi_mode_controller/utils/type_name.h
[1.244s] -- Up-to-date: /home/user/humble_ws/install/multi_mode_controller/include/multi_mode_controller/utils/buffered.h
[1.245s] -- Up-to-date: /home/user/humble_ws/install/multi_mode_controller/include/multi_mode_controller/utils/controller_factory.h
[1.246s] -- Up-to-date: /home/user/humble_ws/install/multi_mode_controller/include/multi_mode_controller/utils/nullspace_projection.h
[1.246s] -- Up-to-date: /home/user/humble_ws/install/multi_mode_controller/include/multi_mode_controller/utils/redundancy_resolution.h
[1.247s] -- Up-to-date: /home/user/humble_ws/install/multi_mode_controller/include/multi_mode_controller/utils/sync_service_client.hpp
[1.248s] -- Up-to-date: /home/user/humble_ws/install/multi_mode_controller/include/multi_mode_controller/utils/openGJK.h
[1.248s] -- Up-to-date: /home/user/humble_ws/install/multi_mode_controller/include/multi_mode_controller/utils/panda_limits.h
[1.249s] -- Up-to-date: /home/user/humble_ws/install/multi_mode_controller/include/multi_mode_controller/base
[1.249s] -- Up-to-date: /home/user/humble_ws/install/multi_mode_controller/include/multi_mode_controller/base/panda_controller_interface.h
[1.250s] -- Up-to-date: /home/user/humble_ws/install/multi_mode_controller/include/multi_mode_controller/base/switch_engine_interface.h
[1.251s] -- Up-to-date: /home/user/humble_ws/install/multi_mode_controller/include/multi_mode_controller/base/panda_controller_base.h
[1.252s] -- Up-to-date: /home/user/humble_ws/install/multi_mode_controller/include/multi_mode_controller/base/switch_engine.h
[1.252s] -- Up-to-date: /home/user/humble_ws/install/multi_mode_controller/include/multi_mode_controller/base/panda_controller_ros_interface.h
[1.254s] -- Up-to-date: /home/user/humble_ws/install/multi_mode_controller/lib/libsynchronous_client.so
[1.255s] -- Up-to-date: /home/user/humble_ws/install/multi_mode_controller/share/multi_mode_controller/environment/library_path.sh
[1.256s] -- Installing: /home/user/humble_ws/install/multi_mode_controller/share/multi_mode_controller/environment/library_path.dsv
[1.256s] -- Up-to-date: /home/user/humble_ws/install/multi_mode_controller/share/ament_index/resource_index/package_run_dependencies/multi_mode_controller
[1.257s] -- Installing: /home/user/humble_ws/install/multi_mode_controller/share/ament_index/resource_index/parent_prefix_path/multi_mode_controller
[1.258s] -- Up-to-date: /home/user/humble_ws/install/multi_mode_controller/share/multi_mode_controller/environment/ament_prefix_path.sh
[1.259s] -- Installing: /home/user/humble_ws/install/multi_mode_controller/share/multi_mode_controller/environment/ament_prefix_path.dsv
[1.259s] -- Up-to-date: /home/user/humble_ws/install/multi_mode_controller/share/multi_mode_controller/environment/path.sh
[1.260s] -- Installing: /home/user/humble_ws/install/multi_mode_controller/share/multi_mode_controller/environment/path.dsv
[1.260s] -- Up-to-date: /home/user/humble_ws/install/multi_mode_controller/share/multi_mode_controller/local_setup.bash
[1.261s] -- Up-to-date: /home/user/humble_ws/install/multi_mode_controller/share/multi_mode_controller/local_setup.sh
[1.262s] -- Up-to-date: /home/user/humble_ws/install/multi_mode_controller/share/multi_mode_controller/local_setup.zsh
[1.263s] -- Installing: /home/user/humble_ws/install/multi_mode_controller/share/multi_mode_controller/local_setup.dsv
[1.263s] -- Installing: /home/user/humble_ws/install/multi_mode_controller/share/multi_mode_controller/package.dsv
[1.264s] -- Up-to-date: /home/user/humble_ws/install/multi_mode_controller/share/ament_index/resource_index/packages/multi_mode_controller
[1.264s] -- Up-to-date: /home/user/humble_ws/install/multi_mode_controller/share/multi_mode_controller/cmake/ament_cmake_export_include_directories-extras.cmake
[1.265s] -- Up-to-date: /home/user/humble_ws/install/multi_mode_controller/share/multi_mode_controller/cmake/ament_cmake_export_libraries-extras.cmake
[1.266s] -- Up-to-date: /home/user/humble_ws/install/multi_mode_controller/share/multi_mode_controller/cmake/ament_cmake_export_dependencies-extras.cmake
[1.266s] -- Up-to-date: /home/user/humble_ws/install/multi_mode_controller/share/multi_mode_controller/cmake/multi_mode_controllerConfig.cmake
[1.267s] -- Up-to-date: /home/user/humble_ws/install/multi_mode_controller/share/multi_mode_controller/cmake/multi_mode_controllerConfig-version.cmake
[1.268s] -- Up-to-date: /home/user/humble_ws/install/multi_mode_controller/share/multi_mode_controller/package.xml
[1.271s] Invoked command in '/home/user/humble_ws/build/multi_mode_controller' returned '0': CMAKE_PREFIX_PATH=/home/user/humble_ws/install/franka_semantic_components:/home/user/humble_ws/install/multi_mode_control_msgs:/home/user/humble_ws/install/franka_hardware:/home/user/humble_ws/install/franka_msgs:/home/user/humble_ws/install/panda_motion_generators:/home/user/humble_ws/install/panda_motion_generator_msgs:/home/user/humble_ws/install/multi_mode_controller_impl:/home/user/humble_ws/install/multi_mode_controller:/home/user/humble_ws/install/garmi_controllers:/home/user/humble_ws/install/franka_robot_state_broadcaster:/home/user/humble_ws/install/franka_example_controllers:/home/user/humble_ws/install/franka_moveit_config:/home/user/humble_ws/install/franka_bringup:/home/user/humble_ws/install/franka_gripper:/home/user/humble_ws/install/franka_control2:/home/user/humble_ws/install/franka_description:/home/user/Libraries/libfranka/lib/cmake:/home/user/Libraries/mujoco/lib/cmake:/opt/ros/humble LD_LIBRARY_PATH=/home/user/humble_ws/install/franka_semantic_components/lib:/home/user/humble_ws/install/multi_mode_control_msgs/lib:/home/user/humble_ws/install/franka_hardware/lib:/home/user/humble_ws/install/franka_msgs/lib:/home/user/humble_ws/install/panda_motion_generators/lib:/home/user/humble_ws/install/panda_motion_generator_msgs/lib:/home/user/humble_ws/install/multi_mode_controller_impl/lib:/home/user/humble_ws/install/multi_mode_controller/lib:/home/user/humble_ws/install/garmi_controllers/lib:/home/user/humble_ws/install/franka_robot_state_broadcaster/lib:/home/user/humble_ws/install/franka_example_controllers/lib:/home/user/humble_ws/install/franka_gripper/lib:/opt/ros/humble/opt/rviz_ogre_vendor/lib:/opt/ros/humble/lib/x86_64-linux-gnu:/opt/ros/humble/lib:/home/user/Libraries/libfranka/lib:/home/user/Libraries/mujoco/lib /usr/bin/cmake --install /home/user/humble_ws/build/multi_mode_controller
