[0.027s] Invoking command in '/home/user/humble_ws/build/panda_motion_generator_msgs': CMAKE_PREFIX_PATH=${CMAKE_PREFIX_PATH}:/opt/ros/humble /usr/bin/cmake --build /home/user/humble_ws/build/panda_motion_generator_msgs -- -j12 -l12
[0.164s] [  1%] Built target panda_motion_generator_msgs__cpp
[0.188s] [ 12%] Built target panda_motion_generator_msgs__rosidl_generator_c
[0.210s] [ 12%] Built target ament_cmake_python_copy_panda_motion_generator_msgs
[0.286s] [ 30%] Built target panda_motion_generator_msgs__rosidl_typesupport_introspection_cpp
[0.287s] [ 42%] Built target panda_motion_generator_msgs__rosidl_typesupport_c
[0.287s] [ 55%] Built target panda_motion_generator_msgs__rosidl_typesupport_introspection_c
[0.287s] [ 57%] Built target panda_motion_generator_msgs__rosidl_typesupport_cpp
[0.288s] [ 68%] Built target panda_motion_generator_msgs__rosidl_typesupport_fastrtps_c
[0.292s] [ 79%] Built target panda_motion_generator_msgs__rosidl_typesupport_fastrtps_cpp
[0.372s] [ 79%] Built target panda_motion_generator_msgs
[0.395s] [ 80%] Built target panda_motion_generator_msgs__py
[0.446s] [ 90%] Built target panda_motion_generator_msgs__rosidl_generator_py
[0.495s] [ 93%] Built target panda_motion_generator_msgs__rosidl_typesupport_fastrtps_c__pyext
[0.508s] running egg_info
[0.509s] [100%] Built target panda_motion_generator_msgs__rosidl_typesupport_c__pyext
[0.509s] [100%] Built target panda_motion_generator_msgs__rosidl_typesupport_introspection_c__pyext
[0.510s] writing panda_motion_generator_msgs.egg-info/PKG-INFO
[0.510s] writing dependency_links to panda_motion_generator_msgs.egg-info/dependency_links.txt
[0.510s] writing top-level names to panda_motion_generator_msgs.egg-info/top_level.txt
[0.513s] reading manifest file 'panda_motion_generator_msgs.egg-info/SOURCES.txt'
[0.513s] writing manifest file 'panda_motion_generator_msgs.egg-info/SOURCES.txt'
[0.555s] [100%] Built target ament_cmake_python_build_panda_motion_generator_msgs_egg
[0.572s] Invoked command in '/home/user/humble_ws/build/panda_motion_generator_msgs' returned '0': CMAKE_PREFIX_PATH=${CMAKE_PREFIX_PATH}:/opt/ros/humble /usr/bin/cmake --build /home/user/humble_ws/build/panda_motion_generator_msgs -- -j12 -l12
[0.957s] Invoking command in '/home/user/humble_ws/build/panda_motion_generator_msgs': CMAKE_PREFIX_PATH=${CMAKE_PREFIX_PATH}:/opt/ros/humble /usr/bin/cmake --install /home/user/humble_ws/build/panda_motion_generator_msgs
[0.975s] -- Install configuration: "Release"
[0.975s] -- Up-to-date: /home/user/humble_ws/install/panda_motion_generator_msgs/share/ament_index/resource_index/rosidl_interfaces/panda_motion_generator_msgs
[0.975s] -- Up-to-date: /home/user/humble_ws/install/panda_motion_generator_msgs/include/panda_motion_generator_msgs/panda_motion_generator_msgs
[0.976s] -- Up-to-date: /home/user/humble_ws/install/panda_motion_generator_msgs/include/panda_motion_generator_msgs/panda_motion_generator_msgs/action
[0.976s] -- Up-to-date: /home/user/humble_ws/install/panda_motion_generator_msgs/include/panda_motion_generator_msgs/panda_motion_generator_msgs/action/detail
[0.976s] -- Up-to-date: /home/user/humble_ws/install/panda_motion_generator_msgs/include/panda_motion_generator_msgs/panda_motion_generator_msgs/action/detail/cartesian_via_motion__type_support.h
[0.976s] -- Up-to-date: /home/user/humble_ws/install/panda_motion_generator_msgs/include/panda_motion_generator_msgs/panda_motion_generator_msgs/action/detail/joint_via_motion__type_support.h
[0.977s] -- Up-to-date: /home/user/humble_ws/install/panda_motion_generator_msgs/include/panda_motion_generator_msgs/panda_motion_generator_msgs/action/detail/joint_via_motion__struct.h
[0.977s] -- Up-to-date: /home/user/humble_ws/install/panda_motion_generator_msgs/include/panda_motion_generator_msgs/panda_motion_generator_msgs/action/detail/cartesian_via_motion__functions.h
[0.977s] -- Up-to-date: /home/user/humble_ws/install/panda_motion_generator_msgs/include/panda_motion_generator_msgs/panda_motion_generator_msgs/action/detail/joint_via_motion__functions.h
[0.977s] -- Up-to-date: /home/user/humble_ws/install/panda_motion_generator_msgs/include/panda_motion_generator_msgs/panda_motion_generator_msgs/action/detail/joint_via_motion__functions.c
[0.978s] -- Up-to-date: /home/user/humble_ws/install/panda_motion_generator_msgs/include/panda_motion_generator_msgs/panda_motion_generator_msgs/action/detail/cartesian_via_motion__struct.h
[0.978s] -- Up-to-date: /home/user/humble_ws/install/panda_motion_generator_msgs/include/panda_motion_generator_msgs/panda_motion_generator_msgs/action/detail/cartesian_via_motion__functions.c
[0.978s] -- Up-to-date: /home/user/humble_ws/install/panda_motion_generator_msgs/include/panda_motion_generator_msgs/panda_motion_generator_msgs/action/cartesian_via_motion.h
[0.978s] -- Up-to-date: /home/user/humble_ws/install/panda_motion_generator_msgs/include/panda_motion_generator_msgs/panda_motion_generator_msgs/action/joint_via_motion.h
[0.978s] -- Up-to-date: /home/user/humble_ws/install/panda_motion_generator_msgs/include/panda_motion_generator_msgs/panda_motion_generator_msgs/msg
[0.978s] -- Up-to-date: /home/user/humble_ws/install/panda_motion_generator_msgs/include/panda_motion_generator_msgs/panda_motion_generator_msgs/msg/rosidl_generator_c__visibility_control.h
[0.978s] -- Up-to-date: /home/user/humble_ws/install/panda_motion_generator_msgs/include/panda_motion_generator_msgs/panda_motion_generator_msgs/msg/detail
[0.979s] -- Up-to-date: /home/user/humble_ws/install/panda_motion_generator_msgs/include/panda_motion_generator_msgs/panda_motion_generator_msgs/msg/detail/simple_action_result__functions.c
[0.979s] -- Up-to-date: /home/user/humble_ws/install/panda_motion_generator_msgs/include/panda_motion_generator_msgs/panda_motion_generator_msgs/msg/detail/simple_action_result__type_support.h
[0.979s] -- Up-to-date: /home/user/humble_ws/install/panda_motion_generator_msgs/include/panda_motion_generator_msgs/panda_motion_generator_msgs/msg/detail/joint_pose__struct.h
[0.979s] -- Up-to-date: /home/user/humble_ws/install/panda_motion_generator_msgs/include/panda_motion_generator_msgs/panda_motion_generator_msgs/msg/detail/set_time_scaling__functions.c
[0.979s] -- Up-to-date: /home/user/humble_ws/install/panda_motion_generator_msgs/include/panda_motion_generator_msgs/panda_motion_generator_msgs/msg/detail/set_time_scaling__type_support.h
[0.980s] -- Up-to-date: /home/user/humble_ws/install/panda_motion_generator_msgs/include/panda_motion_generator_msgs/panda_motion_generator_msgs/msg/detail/joint_pose__type_support.h
[0.980s] -- Up-to-date: /home/user/humble_ws/install/panda_motion_generator_msgs/include/panda_motion_generator_msgs/panda_motion_generator_msgs/msg/detail/set_time_scaling__struct.h
[0.980s] -- Up-to-date: /home/user/humble_ws/install/panda_motion_generator_msgs/include/panda_motion_generator_msgs/panda_motion_generator_msgs/msg/detail/joint_pose__functions.h
[0.980s] -- Up-to-date: /home/user/humble_ws/install/panda_motion_generator_msgs/include/panda_motion_generator_msgs/panda_motion_generator_msgs/msg/detail/simple_action_result__functions.h
[0.980s] -- Up-to-date: /home/user/humble_ws/install/panda_motion_generator_msgs/include/panda_motion_generator_msgs/panda_motion_generator_msgs/msg/detail/simple_action_result__struct.h
[0.981s] -- Up-to-date: /home/user/humble_ws/install/panda_motion_generator_msgs/include/panda_motion_generator_msgs/panda_motion_generator_msgs/msg/detail/set_time_scaling__functions.h
[0.981s] -- Up-to-date: /home/user/humble_ws/install/panda_motion_generator_msgs/include/panda_motion_generator_msgs/panda_motion_generator_msgs/msg/detail/joint_pose__functions.c
[0.981s] -- Up-to-date: /home/user/humble_ws/install/panda_motion_generator_msgs/include/panda_motion_generator_msgs/panda_motion_generator_msgs/msg/simple_action_result.h
[0.982s] -- Up-to-date: /home/user/humble_ws/install/panda_motion_generator_msgs/include/panda_motion_generator_msgs/panda_motion_generator_msgs/msg/set_time_scaling.h
[0.982s] -- Up-to-date: /home/user/humble_ws/install/panda_motion_generator_msgs/include/panda_motion_generator_msgs/panda_motion_generator_msgs/msg/joint_pose.h
[0.982s] -- Up-to-date: /home/user/humble_ws/install/panda_motion_generator_msgs/share/panda_motion_generator_msgs/environment/library_path.sh
[0.982s] -- Up-to-date: /home/user/humble_ws/install/panda_motion_generator_msgs/share/panda_motion_generator_msgs/environment/library_path.dsv
[0.982s] -- Up-to-date: /home/user/humble_ws/install/panda_motion_generator_msgs/lib/libpanda_motion_generator_msgs__rosidl_generator_c.so
[0.982s] -- Up-to-date: /home/user/humble_ws/install/panda_motion_generator_msgs/include/panda_motion_generator_msgs/panda_motion_generator_msgs
[0.982s] -- Up-to-date: /home/user/humble_ws/install/panda_motion_generator_msgs/include/panda_motion_generator_msgs/panda_motion_generator_msgs/action
[0.982s] -- Up-to-date: /home/user/humble_ws/install/panda_motion_generator_msgs/include/panda_motion_generator_msgs/panda_motion_generator_msgs/action/detail
[0.983s] -- Up-to-date: /home/user/humble_ws/install/panda_motion_generator_msgs/include/panda_motion_generator_msgs/panda_motion_generator_msgs/action/detail/cartesian_via_motion__rosidl_typesupport_fastrtps_c.h
[0.983s] -- Up-to-date: /home/user/humble_ws/install/panda_motion_generator_msgs/include/panda_motion_generator_msgs/panda_motion_generator_msgs/action/detail/joint_via_motion__rosidl_typesupport_fastrtps_c.h
[0.984s] -- Up-to-date: /home/user/humble_ws/install/panda_motion_generator_msgs/include/panda_motion_generator_msgs/panda_motion_generator_msgs/msg
[0.984s] -- Up-to-date: /home/user/humble_ws/install/panda_motion_generator_msgs/include/panda_motion_generator_msgs/panda_motion_generator_msgs/msg/detail
[0.984s] -- Up-to-date: /home/user/humble_ws/install/panda_motion_generator_msgs/include/panda_motion_generator_msgs/panda_motion_generator_msgs/msg/detail/joint_pose__rosidl_typesupport_fastrtps_c.h
[0.984s] -- Up-to-date: /home/user/humble_ws/install/panda_motion_generator_msgs/include/panda_motion_generator_msgs/panda_motion_generator_msgs/msg/detail/simple_action_result__rosidl_typesupport_fastrtps_c.h
[0.984s] -- Up-to-date: /home/user/humble_ws/install/panda_motion_generator_msgs/include/panda_motion_generator_msgs/panda_motion_generator_msgs/msg/detail/set_time_scaling__rosidl_typesupport_fastrtps_c.h
[0.985s] -- Up-to-date: /home/user/humble_ws/install/panda_motion_generator_msgs/include/panda_motion_generator_msgs/panda_motion_generator_msgs/msg/rosidl_typesupport_fastrtps_c__visibility_control.h
[0.985s] -- Up-to-date: /home/user/humble_ws/install/panda_motion_generator_msgs/lib/libpanda_motion_generator_msgs__rosidl_typesupport_fastrtps_c.so
[0.985s] -- Up-to-date: /home/user/humble_ws/install/panda_motion_generator_msgs/include/panda_motion_generator_msgs/panda_motion_generator_msgs
[0.985s] -- Up-to-date: /home/user/humble_ws/install/panda_motion_generator_msgs/include/panda_motion_generator_msgs/panda_motion_generator_msgs/action
[0.985s] -- Up-to-date: /home/user/humble_ws/install/panda_motion_generator_msgs/include/panda_motion_generator_msgs/panda_motion_generator_msgs/action/cartesian_via_motion.hpp
[0.986s] -- Up-to-date: /home/user/humble_ws/install/panda_motion_generator_msgs/include/panda_motion_generator_msgs/panda_motion_generator_msgs/action/joint_via_motion.hpp
[0.986s] -- Up-to-date: /home/user/humble_ws/install/panda_motion_generator_msgs/include/panda_motion_generator_msgs/panda_motion_generator_msgs/action/detail
[0.986s] -- Up-to-date: /home/user/humble_ws/install/panda_motion_generator_msgs/include/panda_motion_generator_msgs/panda_motion_generator_msgs/action/detail/cartesian_via_motion__traits.hpp
[0.986s] -- Up-to-date: /home/user/humble_ws/install/panda_motion_generator_msgs/include/panda_motion_generator_msgs/panda_motion_generator_msgs/action/detail/joint_via_motion__traits.hpp
[0.986s] -- Up-to-date: /home/user/humble_ws/install/panda_motion_generator_msgs/include/panda_motion_generator_msgs/panda_motion_generator_msgs/action/detail/cartesian_via_motion__builder.hpp
[0.987s] -- Up-to-date: /home/user/humble_ws/install/panda_motion_generator_msgs/include/panda_motion_generator_msgs/panda_motion_generator_msgs/action/detail/joint_via_motion__builder.hpp
[0.987s] -- Up-to-date: /home/user/humble_ws/install/panda_motion_generator_msgs/include/panda_motion_generator_msgs/panda_motion_generator_msgs/action/detail/cartesian_via_motion__struct.hpp
[0.987s] -- Up-to-date: /home/user/humble_ws/install/panda_motion_generator_msgs/include/panda_motion_generator_msgs/panda_motion_generator_msgs/action/detail/joint_via_motion__struct.hpp
[0.987s] -- Up-to-date: /home/user/humble_ws/install/panda_motion_generator_msgs/include/panda_motion_generator_msgs/panda_motion_generator_msgs/msg
[0.988s] -- Up-to-date: /home/user/humble_ws/install/panda_motion_generator_msgs/include/panda_motion_generator_msgs/panda_motion_generator_msgs/msg/detail
[0.988s] -- Up-to-date: /home/user/humble_ws/install/panda_motion_generator_msgs/include/panda_motion_generator_msgs/panda_motion_generator_msgs/msg/detail/set_time_scaling__builder.hpp
[0.988s] -- Up-to-date: /home/user/humble_ws/install/panda_motion_generator_msgs/include/panda_motion_generator_msgs/panda_motion_generator_msgs/msg/detail/joint_pose__traits.hpp
[0.988s] -- Up-to-date: /home/user/humble_ws/install/panda_motion_generator_msgs/include/panda_motion_generator_msgs/panda_motion_generator_msgs/msg/detail/simple_action_result__traits.hpp
[0.989s] -- Up-to-date: /home/user/humble_ws/install/panda_motion_generator_msgs/include/panda_motion_generator_msgs/panda_motion_generator_msgs/msg/detail/joint_pose__struct.hpp
[0.989s] -- Up-to-date: /home/user/humble_ws/install/panda_motion_generator_msgs/include/panda_motion_generator_msgs/panda_motion_generator_msgs/msg/detail/simple_action_result__struct.hpp
[0.989s] -- Up-to-date: /home/user/humble_ws/install/panda_motion_generator_msgs/include/panda_motion_generator_msgs/panda_motion_generator_msgs/msg/detail/set_time_scaling__traits.hpp
[0.989s] -- Up-to-date: /home/user/humble_ws/install/panda_motion_generator_msgs/include/panda_motion_generator_msgs/panda_motion_generator_msgs/msg/detail/joint_pose__builder.hpp
[0.989s] -- Up-to-date: /home/user/humble_ws/install/panda_motion_generator_msgs/include/panda_motion_generator_msgs/panda_motion_generator_msgs/msg/detail/set_time_scaling__struct.hpp
[0.989s] -- Up-to-date: /home/user/humble_ws/install/panda_motion_generator_msgs/include/panda_motion_generator_msgs/panda_motion_generator_msgs/msg/detail/simple_action_result__builder.hpp
[0.990s] -- Up-to-date: /home/user/humble_ws/install/panda_motion_generator_msgs/include/panda_motion_generator_msgs/panda_motion_generator_msgs/msg/set_time_scaling.hpp
[0.990s] -- Up-to-date: /home/user/humble_ws/install/panda_motion_generator_msgs/include/panda_motion_generator_msgs/panda_motion_generator_msgs/msg/simple_action_result.hpp
[0.990s] -- Up-to-date: /home/user/humble_ws/install/panda_motion_generator_msgs/include/panda_motion_generator_msgs/panda_motion_generator_msgs/msg/joint_pose.hpp
[0.991s] -- Up-to-date: /home/user/humble_ws/install/panda_motion_generator_msgs/include/panda_motion_generator_msgs/panda_motion_generator_msgs
[0.991s] -- Up-to-date: /home/user/humble_ws/install/panda_motion_generator_msgs/include/panda_motion_generator_msgs/panda_motion_generator_msgs/action
[0.991s] -- Up-to-date: /home/user/humble_ws/install/panda_motion_generator_msgs/include/panda_motion_generator_msgs/panda_motion_generator_msgs/action/detail
[0.991s] -- Up-to-date: /home/user/humble_ws/install/panda_motion_generator_msgs/include/panda_motion_generator_msgs/panda_motion_generator_msgs/action/detail/dds_fastrtps
[0.991s] -- Up-to-date: /home/user/humble_ws/install/panda_motion_generator_msgs/include/panda_motion_generator_msgs/panda_motion_generator_msgs/action/detail/joint_via_motion__rosidl_typesupport_fastrtps_cpp.hpp
[0.991s] -- Up-to-date: /home/user/humble_ws/install/panda_motion_generator_msgs/include/panda_motion_generator_msgs/panda_motion_generator_msgs/action/detail/cartesian_via_motion__rosidl_typesupport_fastrtps_cpp.hpp
[0.992s] -- Up-to-date: /home/user/humble_ws/install/panda_motion_generator_msgs/include/panda_motion_generator_msgs/panda_motion_generator_msgs/msg
[0.992s] -- Up-to-date: /home/user/humble_ws/install/panda_motion_generator_msgs/include/panda_motion_generator_msgs/panda_motion_generator_msgs/msg/detail
[0.992s] -- Up-to-date: /home/user/humble_ws/install/panda_motion_generator_msgs/include/panda_motion_generator_msgs/panda_motion_generator_msgs/msg/detail/dds_fastrtps
[0.992s] -- Up-to-date: /home/user/humble_ws/install/panda_motion_generator_msgs/include/panda_motion_generator_msgs/panda_motion_generator_msgs/msg/detail/joint_pose__rosidl_typesupport_fastrtps_cpp.hpp
[0.992s] -- Up-to-date: /home/user/humble_ws/install/panda_motion_generator_msgs/include/panda_motion_generator_msgs/panda_motion_generator_msgs/msg/detail/simple_action_result__rosidl_typesupport_fastrtps_cpp.hpp
[0.992s] -- Up-to-date: /home/user/humble_ws/install/panda_motion_generator_msgs/include/panda_motion_generator_msgs/panda_motion_generator_msgs/msg/detail/set_time_scaling__rosidl_typesupport_fastrtps_cpp.hpp
[0.993s] -- Up-to-date: /home/user/humble_ws/install/panda_motion_generator_msgs/include/panda_motion_generator_msgs/panda_motion_generator_msgs/msg/rosidl_typesupport_fastrtps_cpp__visibility_control.h
[0.993s] -- Up-to-date: /home/user/humble_ws/install/panda_motion_generator_msgs/lib/libpanda_motion_generator_msgs__rosidl_typesupport_fastrtps_cpp.so
[0.993s] -- Up-to-date: /home/user/humble_ws/install/panda_motion_generator_msgs/include/panda_motion_generator_msgs/panda_motion_generator_msgs
[0.993s] -- Up-to-date: /home/user/humble_ws/install/panda_motion_generator_msgs/include/panda_motion_generator_msgs/panda_motion_generator_msgs/action
[0.993s] -- Up-to-date: /home/user/humble_ws/install/panda_motion_generator_msgs/include/panda_motion_generator_msgs/panda_motion_generator_msgs/action/detail
[0.993s] -- Up-to-date: /home/user/humble_ws/install/panda_motion_generator_msgs/include/panda_motion_generator_msgs/panda_motion_generator_msgs/action/detail/cartesian_via_motion__rosidl_typesupport_introspection_c.h
[0.993s] -- Up-to-date: /home/user/humble_ws/install/panda_motion_generator_msgs/include/panda_motion_generator_msgs/panda_motion_generator_msgs/action/detail/joint_via_motion__rosidl_typesupport_introspection_c.h
[0.993s] -- Up-to-date: /home/user/humble_ws/install/panda_motion_generator_msgs/include/panda_motion_generator_msgs/panda_motion_generator_msgs/action/detail/joint_via_motion__type_support.c
[0.993s] -- Up-to-date: /home/user/humble_ws/install/panda_motion_generator_msgs/include/panda_motion_generator_msgs/panda_motion_generator_msgs/action/detail/cartesian_via_motion__type_support.c
[0.994s] -- Up-to-date: /home/user/humble_ws/install/panda_motion_generator_msgs/include/panda_motion_generator_msgs/panda_motion_generator_msgs/msg
[0.994s] -- Up-to-date: /home/user/humble_ws/install/panda_motion_generator_msgs/include/panda_motion_generator_msgs/panda_motion_generator_msgs/msg/detail
[0.994s] -- Up-to-date: /home/user/humble_ws/install/panda_motion_generator_msgs/include/panda_motion_generator_msgs/panda_motion_generator_msgs/msg/detail/simple_action_result__type_support.c
[0.994s] -- Up-to-date: /home/user/humble_ws/install/panda_motion_generator_msgs/include/panda_motion_generator_msgs/panda_motion_generator_msgs/msg/detail/joint_pose__rosidl_typesupport_introspection_c.h
[0.994s] -- Up-to-date: /home/user/humble_ws/install/panda_motion_generator_msgs/include/panda_motion_generator_msgs/panda_motion_generator_msgs/msg/detail/joint_pose__type_support.c
[0.994s] -- Up-to-date: /home/user/humble_ws/install/panda_motion_generator_msgs/include/panda_motion_generator_msgs/panda_motion_generator_msgs/msg/detail/set_time_scaling__type_support.c
[0.994s] -- Up-to-date: /home/user/humble_ws/install/panda_motion_generator_msgs/include/panda_motion_generator_msgs/panda_motion_generator_msgs/msg/detail/simple_action_result__rosidl_typesupport_introspection_c.h
[0.994s] -- Up-to-date: /home/user/humble_ws/install/panda_motion_generator_msgs/include/panda_motion_generator_msgs/panda_motion_generator_msgs/msg/detail/set_time_scaling__rosidl_typesupport_introspection_c.h
[0.994s] -- Up-to-date: /home/user/humble_ws/install/panda_motion_generator_msgs/include/panda_motion_generator_msgs/panda_motion_generator_msgs/msg/rosidl_typesupport_introspection_c__visibility_control.h
[0.995s] -- Up-to-date: /home/user/humble_ws/install/panda_motion_generator_msgs/lib/libpanda_motion_generator_msgs__rosidl_typesupport_introspection_c.so
[0.995s] -- Up-to-date: /home/user/humble_ws/install/panda_motion_generator_msgs/lib/libpanda_motion_generator_msgs__rosidl_typesupport_c.so
[0.995s] -- Up-to-date: /home/user/humble_ws/install/panda_motion_generator_msgs/include/panda_motion_generator_msgs/panda_motion_generator_msgs
[0.995s] -- Up-to-date: /home/user/humble_ws/install/panda_motion_generator_msgs/include/panda_motion_generator_msgs/panda_motion_generator_msgs/action
[0.995s] -- Up-to-date: /home/user/humble_ws/install/panda_motion_generator_msgs/include/panda_motion_generator_msgs/panda_motion_generator_msgs/action/detail
[0.995s] -- Up-to-date: /home/user/humble_ws/install/panda_motion_generator_msgs/include/panda_motion_generator_msgs/panda_motion_generator_msgs/action/detail/cartesian_via_motion__rosidl_typesupport_introspection_cpp.hpp
[0.995s] -- Up-to-date: /home/user/humble_ws/install/panda_motion_generator_msgs/include/panda_motion_generator_msgs/panda_motion_generator_msgs/action/detail/joint_via_motion__type_support.cpp
[0.995s] -- Up-to-date: /home/user/humble_ws/install/panda_motion_generator_msgs/include/panda_motion_generator_msgs/panda_motion_generator_msgs/action/detail/joint_via_motion__rosidl_typesupport_introspection_cpp.hpp
[0.995s] -- Up-to-date: /home/user/humble_ws/install/panda_motion_generator_msgs/include/panda_motion_generator_msgs/panda_motion_generator_msgs/action/detail/cartesian_via_motion__type_support.cpp
[0.995s] -- Up-to-date: /home/user/humble_ws/install/panda_motion_generator_msgs/include/panda_motion_generator_msgs/panda_motion_generator_msgs/msg
[0.995s] -- Up-to-date: /home/user/humble_ws/install/panda_motion_generator_msgs/include/panda_motion_generator_msgs/panda_motion_generator_msgs/msg/detail
[0.996s] -- Up-to-date: /home/user/humble_ws/install/panda_motion_generator_msgs/include/panda_motion_generator_msgs/panda_motion_generator_msgs/msg/detail/simple_action_result__rosidl_typesupport_introspection_cpp.hpp
[0.996s] -- Up-to-date: /home/user/humble_ws/install/panda_motion_generator_msgs/include/panda_motion_generator_msgs/panda_motion_generator_msgs/msg/detail/joint_pose__type_support.cpp
[0.996s] -- Up-to-date: /home/user/humble_ws/install/panda_motion_generator_msgs/include/panda_motion_generator_msgs/panda_motion_generator_msgs/msg/detail/joint_pose__rosidl_typesupport_introspection_cpp.hpp
[0.996s] -- Up-to-date: /home/user/humble_ws/install/panda_motion_generator_msgs/include/panda_motion_generator_msgs/panda_motion_generator_msgs/msg/detail/set_time_scaling__rosidl_typesupport_introspection_cpp.hpp
[0.996s] -- Up-to-date: /home/user/humble_ws/install/panda_motion_generator_msgs/include/panda_motion_generator_msgs/panda_motion_generator_msgs/msg/detail/simple_action_result__type_support.cpp
[0.996s] -- Up-to-date: /home/user/humble_ws/install/panda_motion_generator_msgs/include/panda_motion_generator_msgs/panda_motion_generator_msgs/msg/detail/set_time_scaling__type_support.cpp
[0.996s] -- Up-to-date: /home/user/humble_ws/install/panda_motion_generator_msgs/lib/libpanda_motion_generator_msgs__rosidl_typesupport_introspection_cpp.so
[0.996s] -- Up-to-date: /home/user/humble_ws/install/panda_motion_generator_msgs/lib/libpanda_motion_generator_msgs__rosidl_typesupport_cpp.so
[0.996s] -- Up-to-date: /home/user/humble_ws/install/panda_motion_generator_msgs/share/panda_motion_generator_msgs/environment/pythonpath.sh
[0.996s] -- Up-to-date: /home/user/humble_ws/install/panda_motion_generator_msgs/share/panda_motion_generator_msgs/environment/pythonpath.dsv
[0.997s] -- Up-to-date: /home/user/humble_ws/install/panda_motion_generator_msgs/local/lib/python3.10/dist-packages/panda_motion_generator_msgs-0.0.0-py3.10.egg-info
[0.997s] -- Installing: /home/user/humble_ws/install/panda_motion_generator_msgs/local/lib/python3.10/dist-packages/panda_motion_generator_msgs-0.0.0-py3.10.egg-info/top_level.txt
[0.997s] -- Installing: /home/user/humble_ws/install/panda_motion_generator_msgs/local/lib/python3.10/dist-packages/panda_motion_generator_msgs-0.0.0-py3.10.egg-info/dependency_links.txt
[0.997s] -- Installing: /home/user/humble_ws/install/panda_motion_generator_msgs/local/lib/python3.10/dist-packages/panda_motion_generator_msgs-0.0.0-py3.10.egg-info/SOURCES.txt
[0.997s] -- Installing: /home/user/humble_ws/install/panda_motion_generator_msgs/local/lib/python3.10/dist-packages/panda_motion_generator_msgs-0.0.0-py3.10.egg-info/PKG-INFO
[0.997s] -- Up-to-date: /home/user/humble_ws/install/panda_motion_generator_msgs/local/lib/python3.10/dist-packages/panda_motion_generator_msgs
[0.997s] -- Up-to-date: /home/user/humble_ws/install/panda_motion_generator_msgs/local/lib/python3.10/dist-packages/panda_motion_generator_msgs/action
[0.997s] -- Up-to-date: /home/user/humble_ws/install/panda_motion_generator_msgs/local/lib/python3.10/dist-packages/panda_motion_generator_msgs/action/_joint_via_motion.py
[0.997s] -- Up-to-date: /home/user/humble_ws/install/panda_motion_generator_msgs/local/lib/python3.10/dist-packages/panda_motion_generator_msgs/action/_cartesian_via_motion_s.c
[0.997s] -- Up-to-date: /home/user/humble_ws/install/panda_motion_generator_msgs/local/lib/python3.10/dist-packages/panda_motion_generator_msgs/action/_cartesian_via_motion.py
[0.997s] -- Up-to-date: /home/user/humble_ws/install/panda_motion_generator_msgs/local/lib/python3.10/dist-packages/panda_motion_generator_msgs/action/_joint_via_motion_s.c
[0.997s] -- Up-to-date: /home/user/humble_ws/install/panda_motion_generator_msgs/local/lib/python3.10/dist-packages/panda_motion_generator_msgs/action/__init__.py
[0.997s] -- Up-to-date: /home/user/humble_ws/install/panda_motion_generator_msgs/local/lib/python3.10/dist-packages/panda_motion_generator_msgs/panda_motion_generator_msgs_s__rosidl_typesupport_fastrtps_c.cpython-310-x86_64-linux-gnu.so
[0.998s] -- Up-to-date: /home/user/humble_ws/install/panda_motion_generator_msgs/local/lib/python3.10/dist-packages/panda_motion_generator_msgs/libpanda_motion_generator_msgs__rosidl_generator_py.so
[0.998s] -- Up-to-date: /home/user/humble_ws/install/panda_motion_generator_msgs/local/lib/python3.10/dist-packages/panda_motion_generator_msgs/_panda_motion_generator_msgs_s.ep.rosidl_typesupport_introspection_c.c
[0.998s] -- Up-to-date: /home/user/humble_ws/install/panda_motion_generator_msgs/local/lib/python3.10/dist-packages/panda_motion_generator_msgs/panda_motion_generator_msgs_s__rosidl_typesupport_c.cpython-310-x86_64-linux-gnu.so
[0.998s] -- Up-to-date: /home/user/humble_ws/install/panda_motion_generator_msgs/local/lib/python3.10/dist-packages/panda_motion_generator_msgs/msg
[0.998s] -- Up-to-date: /home/user/humble_ws/install/panda_motion_generator_msgs/local/lib/python3.10/dist-packages/panda_motion_generator_msgs/msg/_set_time_scaling_s.c
[0.999s] -- Up-to-date: /home/user/humble_ws/install/panda_motion_generator_msgs/local/lib/python3.10/dist-packages/panda_motion_generator_msgs/msg/_joint_pose.py
[0.999s] -- Up-to-date: /home/user/humble_ws/install/panda_motion_generator_msgs/local/lib/python3.10/dist-packages/panda_motion_generator_msgs/msg/_simple_action_result.py
[0.999s] -- Up-to-date: /home/user/humble_ws/install/panda_motion_generator_msgs/local/lib/python3.10/dist-packages/panda_motion_generator_msgs/msg/_set_time_scaling.py
[0.999s] -- Up-to-date: /home/user/humble_ws/install/panda_motion_generator_msgs/local/lib/python3.10/dist-packages/panda_motion_generator_msgs/msg/_joint_pose_s.c
[0.999s] -- Up-to-date: /home/user/humble_ws/install/panda_motion_generator_msgs/local/lib/python3.10/dist-packages/panda_motion_generator_msgs/msg/__init__.py
[0.999s] -- Up-to-date: /home/user/humble_ws/install/panda_motion_generator_msgs/local/lib/python3.10/dist-packages/panda_motion_generator_msgs/msg/_simple_action_result_s.c
[1.000s] -- Up-to-date: /home/user/humble_ws/install/panda_motion_generator_msgs/local/lib/python3.10/dist-packages/panda_motion_generator_msgs/__init__.py
[1.000s] -- Up-to-date: /home/user/humble_ws/install/panda_motion_generator_msgs/local/lib/python3.10/dist-packages/panda_motion_generator_msgs/panda_motion_generator_msgs_s__rosidl_typesupport_introspection_c.cpython-310-x86_64-linux-gnu.so
[1.000s] -- Up-to-date: /home/user/humble_ws/install/panda_motion_generator_msgs/local/lib/python3.10/dist-packages/panda_motion_generator_msgs/_panda_motion_generator_msgs_s.ep.rosidl_typesupport_c.c
[1.000s] -- Up-to-date: /home/user/humble_ws/install/panda_motion_generator_msgs/local/lib/python3.10/dist-packages/panda_motion_generator_msgs/_panda_motion_generator_msgs_s.ep.rosidl_typesupport_fastrtps_c.c
[1.050s] Listing '/home/user/humble_ws/install/panda_motion_generator_msgs/local/lib/python3.10/dist-packages/panda_motion_generator_msgs'...
[1.050s] Listing '/home/user/humble_ws/install/panda_motion_generator_msgs/local/lib/python3.10/dist-packages/panda_motion_generator_msgs/action'...
[1.050s] Listing '/home/user/humble_ws/install/panda_motion_generator_msgs/local/lib/python3.10/dist-packages/panda_motion_generator_msgs/msg'...
[1.055s] -- Up-to-date: /home/user/humble_ws/install/panda_motion_generator_msgs/local/lib/python3.10/dist-packages/panda_motion_generator_msgs/panda_motion_generator_msgs_s__rosidl_typesupport_fastrtps_c.cpython-310-x86_64-linux-gnu.so
[1.056s] -- Up-to-date: /home/user/humble_ws/install/panda_motion_generator_msgs/local/lib/python3.10/dist-packages/panda_motion_generator_msgs/panda_motion_generator_msgs_s__rosidl_typesupport_introspection_c.cpython-310-x86_64-linux-gnu.so
[1.057s] -- Up-to-date: /home/user/humble_ws/install/panda_motion_generator_msgs/local/lib/python3.10/dist-packages/panda_motion_generator_msgs/panda_motion_generator_msgs_s__rosidl_typesupport_c.cpython-310-x86_64-linux-gnu.so
[1.058s] -- Up-to-date: /home/user/humble_ws/install/panda_motion_generator_msgs/lib/libpanda_motion_generator_msgs__rosidl_generator_py.so
[1.058s] -- Up-to-date: /home/user/humble_ws/install/panda_motion_generator_msgs/share/panda_motion_generator_msgs/msg/JointPose.idl
[1.059s] -- Up-to-date: /home/user/humble_ws/install/panda_motion_generator_msgs/share/panda_motion_generator_msgs/msg/SetTimeScaling.idl
[1.059s] -- Up-to-date: /home/user/humble_ws/install/panda_motion_generator_msgs/share/panda_motion_generator_msgs/msg/SimpleActionResult.idl
[1.059s] -- Up-to-date: /home/user/humble_ws/install/panda_motion_generator_msgs/share/panda_motion_generator_msgs/action/CartesianViaMotion.idl
[1.059s] -- Up-to-date: /home/user/humble_ws/install/panda_motion_generator_msgs/share/panda_motion_generator_msgs/action/JointViaMotion.idl
[1.059s] -- Up-to-date: /home/user/humble_ws/install/panda_motion_generator_msgs/share/panda_motion_generator_msgs/msg/JointPose.msg
[1.059s] -- Up-to-date: /home/user/humble_ws/install/panda_motion_generator_msgs/share/panda_motion_generator_msgs/msg/SetTimeScaling.msg
[1.060s] -- Up-to-date: /home/user/humble_ws/install/panda_motion_generator_msgs/share/panda_motion_generator_msgs/msg/SimpleActionResult.msg
[1.060s] -- Up-to-date: /home/user/humble_ws/install/panda_motion_generator_msgs/share/panda_motion_generator_msgs/action/CartesianViaMotion.action
[1.060s] -- Up-to-date: /home/user/humble_ws/install/panda_motion_generator_msgs/share/panda_motion_generator_msgs/action/JointViaMotion.action
[1.060s] -- Up-to-date: /home/user/humble_ws/install/panda_motion_generator_msgs/share/ament_index/resource_index/package_run_dependencies/panda_motion_generator_msgs
[1.061s] -- Up-to-date: /home/user/humble_ws/install/panda_motion_generator_msgs/share/ament_index/resource_index/parent_prefix_path/panda_motion_generator_msgs
[1.061s] -- Up-to-date: /home/user/humble_ws/install/panda_motion_generator_msgs/share/panda_motion_generator_msgs/environment/ament_prefix_path.sh
[1.061s] -- Up-to-date: /home/user/humble_ws/install/panda_motion_generator_msgs/share/panda_motion_generator_msgs/environment/ament_prefix_path.dsv
[1.061s] -- Up-to-date: /home/user/humble_ws/install/panda_motion_generator_msgs/share/panda_motion_generator_msgs/environment/path.sh
[1.061s] -- Up-to-date: /home/user/humble_ws/install/panda_motion_generator_msgs/share/panda_motion_generator_msgs/environment/path.dsv
[1.061s] -- Up-to-date: /home/user/humble_ws/install/panda_motion_generator_msgs/share/panda_motion_generator_msgs/local_setup.bash
[1.062s] -- Up-to-date: /home/user/humble_ws/install/panda_motion_generator_msgs/share/panda_motion_generator_msgs/local_setup.sh
[1.062s] -- Up-to-date: /home/user/humble_ws/install/panda_motion_generator_msgs/share/panda_motion_generator_msgs/local_setup.zsh
[1.062s] -- Up-to-date: /home/user/humble_ws/install/panda_motion_generator_msgs/share/panda_motion_generator_msgs/local_setup.dsv
[1.062s] -- Installing: /home/user/humble_ws/install/panda_motion_generator_msgs/share/panda_motion_generator_msgs/package.dsv
[1.062s] -- Up-to-date: /home/user/humble_ws/install/panda_motion_generator_msgs/share/ament_index/resource_index/packages/panda_motion_generator_msgs
[1.062s] -- Up-to-date: /home/user/humble_ws/install/panda_motion_generator_msgs/share/panda_motion_generator_msgs/cmake/export_panda_motion_generator_msgs__rosidl_generator_cExport.cmake
[1.062s] -- Up-to-date: /home/user/humble_ws/install/panda_motion_generator_msgs/share/panda_motion_generator_msgs/cmake/export_panda_motion_generator_msgs__rosidl_generator_cExport-release.cmake
[1.063s] -- Up-to-date: /home/user/humble_ws/install/panda_motion_generator_msgs/share/panda_motion_generator_msgs/cmake/export_panda_motion_generator_msgs__rosidl_typesupport_fastrtps_cExport.cmake
[1.063s] -- Up-to-date: /home/user/humble_ws/install/panda_motion_generator_msgs/share/panda_motion_generator_msgs/cmake/export_panda_motion_generator_msgs__rosidl_typesupport_fastrtps_cExport-release.cmake
[1.063s] -- Up-to-date: /home/user/humble_ws/install/panda_motion_generator_msgs/share/panda_motion_generator_msgs/cmake/export_panda_motion_generator_msgs__rosidl_generator_cppExport.cmake
[1.063s] -- Up-to-date: /home/user/humble_ws/install/panda_motion_generator_msgs/share/panda_motion_generator_msgs/cmake/export_panda_motion_generator_msgs__rosidl_typesupport_fastrtps_cppExport.cmake
[1.063s] -- Up-to-date: /home/user/humble_ws/install/panda_motion_generator_msgs/share/panda_motion_generator_msgs/cmake/export_panda_motion_generator_msgs__rosidl_typesupport_fastrtps_cppExport-release.cmake
[1.064s] -- Up-to-date: /home/user/humble_ws/install/panda_motion_generator_msgs/share/panda_motion_generator_msgs/cmake/panda_motion_generator_msgs__rosidl_typesupport_introspection_cExport.cmake
[1.064s] -- Up-to-date: /home/user/humble_ws/install/panda_motion_generator_msgs/share/panda_motion_generator_msgs/cmake/panda_motion_generator_msgs__rosidl_typesupport_introspection_cExport-release.cmake
[1.064s] -- Up-to-date: /home/user/humble_ws/install/panda_motion_generator_msgs/share/panda_motion_generator_msgs/cmake/panda_motion_generator_msgs__rosidl_typesupport_cExport.cmake
[1.064s] -- Up-to-date: /home/user/humble_ws/install/panda_motion_generator_msgs/share/panda_motion_generator_msgs/cmake/panda_motion_generator_msgs__rosidl_typesupport_cExport-release.cmake
[1.064s] -- Up-to-date: /home/user/humble_ws/install/panda_motion_generator_msgs/share/panda_motion_generator_msgs/cmake/panda_motion_generator_msgs__rosidl_typesupport_introspection_cppExport.cmake
[1.065s] -- Up-to-date: /home/user/humble_ws/install/panda_motion_generator_msgs/share/panda_motion_generator_msgs/cmake/panda_motion_generator_msgs__rosidl_typesupport_introspection_cppExport-release.cmake
[1.065s] -- Up-to-date: /home/user/humble_ws/install/panda_motion_generator_msgs/share/panda_motion_generator_msgs/cmake/panda_motion_generator_msgs__rosidl_typesupport_cppExport.cmake
[1.065s] -- Up-to-date: /home/user/humble_ws/install/panda_motion_generator_msgs/share/panda_motion_generator_msgs/cmake/panda_motion_generator_msgs__rosidl_typesupport_cppExport-release.cmake
[1.065s] -- Up-to-date: /home/user/humble_ws/install/panda_motion_generator_msgs/share/panda_motion_generator_msgs/cmake/export_panda_motion_generator_msgs__rosidl_generator_pyExport.cmake
[1.066s] -- Up-to-date: /home/user/humble_ws/install/panda_motion_generator_msgs/share/panda_motion_generator_msgs/cmake/export_panda_motion_generator_msgs__rosidl_generator_pyExport-release.cmake
[1.066s] -- Up-to-date: /home/user/humble_ws/install/panda_motion_generator_msgs/share/panda_motion_generator_msgs/cmake/rosidl_cmake-extras.cmake
[1.066s] -- Up-to-date: /home/user/humble_ws/install/panda_motion_generator_msgs/share/panda_motion_generator_msgs/cmake/ament_cmake_export_dependencies-extras.cmake
[1.066s] -- Up-to-date: /home/user/humble_ws/install/panda_motion_generator_msgs/share/panda_motion_generator_msgs/cmake/ament_cmake_export_include_directories-extras.cmake
[1.066s] -- Up-to-date: /home/user/humble_ws/install/panda_motion_generator_msgs/share/panda_motion_generator_msgs/cmake/ament_cmake_export_libraries-extras.cmake
[1.066s] -- Up-to-date: /home/user/humble_ws/install/panda_motion_generator_msgs/share/panda_motion_generator_msgs/cmake/ament_cmake_export_targets-extras.cmake
[1.067s] -- Up-to-date: /home/user/humble_ws/install/panda_motion_generator_msgs/share/panda_motion_generator_msgs/cmake/rosidl_cmake_export_typesupport_targets-extras.cmake
[1.067s] -- Up-to-date: /home/user/humble_ws/install/panda_motion_generator_msgs/share/panda_motion_generator_msgs/cmake/rosidl_cmake_export_typesupport_libraries-extras.cmake
[1.067s] -- Up-to-date: /home/user/humble_ws/install/panda_motion_generator_msgs/share/panda_motion_generator_msgs/cmake/panda_motion_generator_msgsConfig.cmake
[1.067s] -- Up-to-date: /home/user/humble_ws/install/panda_motion_generator_msgs/share/panda_motion_generator_msgs/cmake/panda_motion_generator_msgsConfig-version.cmake
[1.067s] -- Up-to-date: /home/user/humble_ws/install/panda_motion_generator_msgs/share/panda_motion_generator_msgs/package.xml
[1.071s] Invoked command in '/home/user/humble_ws/build/panda_motion_generator_msgs' returned '0': CMAKE_PREFIX_PATH=${CMAKE_PREFIX_PATH}:/opt/ros/humble /usr/bin/cmake --install /home/user/humble_ws/build/panda_motion_generator_msgs
