-- Found ament_cmake: 1.3.10 (/opt/ros/humble/share/ament_cmake/cmake)
-- Found franka_hardware: 0.0.0 (/home/user/humble_ws/install/franka_hardware/share/franka_hardware/cmake)
-- Found rosidl_generator_c: 3.1.5 (/opt/ros/humble/share/rosidl_generator_c/cmake)
-- Found rosidl_adapter: 3.1.5 (/opt/ros/humble/share/rosidl_adapter/cmake)
-- Found rosidl_generator_cpp: 3.1.5 (/opt/ros/humble/share/rosidl_generator_cpp/cmake)
-- Using all available rosidl_typesupport_c: rosidl_typesupport_fastrtps_c;rosidl_typesupport_introspection_c
-- Using all available rosidl_typesupport_cpp: rosidl_typesupport_fastrtps_cpp;rosidl_typesupport_introspection_cpp
-- Found rmw_implementation_cmake: 6.1.2 (/opt/ros/humble/share/rmw_implementation_cmake/cmake)
-- Found rmw_fastrtps_cpp: 6.2.7 (/opt/ros/humble/share/rmw_fastrtps_cpp/cmake)
-- Found TinyXML2 via Config file: TinyXML2_DIR-NOTFOUND
-- Found TinyXML2 via Config file: TinyXML2_DIR-NOTFOUND
-- Found TinyXML2 via Config file: TinyXML2_DIR-NOTFOUND
-- Found TinyXML2 via Config file: TinyXML2_DIR-NOTFOUND
-- Using RMW implementation 'rmw_fastrtps_cpp' as default
-- Found franka_msgs: 0.0.0 (/home/user/humble_ws/install/franka_msgs/share/franka_msgs/cmake)
-- Found controller_interface: 2.44.0 (/opt/ros/humble/share/controller_interface/cmake)
-- Found ament_lint_auto: 0.12.11 (/opt/ros/humble/share/ament_lint_auto/cmake)
-- Added test 'clang_format' to check C / C++ code style
-- Added test 'copyright' to check source files copyright and LICENSE
-- Added test 'cppcheck' to perform static code analysis on C / C++ code
-- Configured cppcheck include dirs: /home/user/humble_ws/src/bimanual_architecture/franka_semantic_components/include
-- Configured cppcheck exclude dirs and/or files: 
-- Added test 'lint_cmake' to check CMake code style
-- Added test 'xmllint' to check XML markup files
-- Configuring done
-- Generating done
-- Build files have been written to: /home/user/humble_ws/build/franka_semantic_components
[35m[1mConsolidate compiler generated dependencies of target franka_semantic_components[0m
[100%] Built target franka_semantic_components
-- Install configuration: "Release"
-- Up-to-date: /home/user/humble_ws/install/franka_semantic_components/lib/libfranka_semantic_components.so
-- Up-to-date: /home/user/humble_ws/install/franka_semantic_components/include
-- Up-to-date: /home/user/humble_ws/install/franka_semantic_components/include/franka_semantic_components
-- Up-to-date: /home/user/humble_ws/install/franka_semantic_components/include/franka_semantic_components/franka_robot_state.hpp
-- Up-to-date: /home/user/humble_ws/install/franka_semantic_components/include/franka_semantic_components/franka_robot_model.hpp
-- Up-to-date: /home/user/humble_ws/install/franka_semantic_components/share/franka_semantic_components/environment/library_path.sh
-- Installing: /home/user/humble_ws/install/franka_semantic_components/share/franka_semantic_components/environment/library_path.dsv
-- Up-to-date: /home/user/humble_ws/install/franka_semantic_components/share/ament_index/resource_index/package_run_dependencies/franka_semantic_components
-- Installing: /home/user/humble_ws/install/franka_semantic_components/share/ament_index/resource_index/parent_prefix_path/franka_semantic_components
-- Up-to-date: /home/user/humble_ws/install/franka_semantic_components/share/franka_semantic_components/environment/ament_prefix_path.sh
-- Installing: /home/user/humble_ws/install/franka_semantic_components/share/franka_semantic_components/environment/ament_prefix_path.dsv
-- Up-to-date: /home/user/humble_ws/install/franka_semantic_components/share/franka_semantic_components/environment/path.sh
-- Installing: /home/user/humble_ws/install/franka_semantic_components/share/franka_semantic_components/environment/path.dsv
-- Up-to-date: /home/user/humble_ws/install/franka_semantic_components/share/franka_semantic_components/local_setup.bash
-- Up-to-date: /home/user/humble_ws/install/franka_semantic_components/share/franka_semantic_components/local_setup.sh
-- Up-to-date: /home/user/humble_ws/install/franka_semantic_components/share/franka_semantic_components/local_setup.zsh
-- Installing: /home/user/humble_ws/install/franka_semantic_components/share/franka_semantic_components/local_setup.dsv
-- Installing: /home/user/humble_ws/install/franka_semantic_components/share/franka_semantic_components/package.dsv
-- Up-to-date: /home/user/humble_ws/install/franka_semantic_components/share/ament_index/resource_index/packages/franka_semantic_components
-- Up-to-date: /home/user/humble_ws/install/franka_semantic_components/share/franka_semantic_components/cmake/ament_cmake_export_include_directories-extras.cmake
-- Up-to-date: /home/user/humble_ws/install/franka_semantic_components/share/franka_semantic_components/cmake/ament_cmake_export_libraries-extras.cmake
-- Up-to-date: /home/user/humble_ws/install/franka_semantic_components/share/franka_semantic_components/cmake/ament_cmake_export_dependencies-extras.cmake
-- Up-to-date: /home/user/humble_ws/install/franka_semantic_components/share/franka_semantic_components/cmake/franka_semantic_componentsConfig.cmake
-- Up-to-date: /home/user/humble_ws/install/franka_semantic_components/share/franka_semantic_components/cmake/franka_semantic_componentsConfig-version.cmake
-- Up-to-date: /home/user/humble_ws/install/franka_semantic_components/share/franka_semantic_components/package.xml
