[0.016s] Invoking command in '/home/user/humble_ws/build/franka_moveit_config': AMENT_PREFIX_PATH=/home/user/humble_ws/install/franka_hardware:/home/user/humble_ws/install/franka_gripper:/home/user/humble_ws/install/franka_msgs:/home/user/humble_ws/install/franka_description:${AMENT_PREFIX_PATH} CMAKE_PREFIX_PATH=/home/user/humble_ws/install/franka_hardware:/home/user/humble_ws/install/franka_gripper:/home/user/humble_ws/install/franka_msgs:/home/user/humble_ws/install/franka_description:~/Libraries/libfranka/lib/cmake:~/Libraries/mujoco/lib/cmake:/opt/ros/humble LD_LIBRARY_PATH=/home/user/humble_ws/install/franka_hardware/lib:/home/user/humble_ws/install/franka_gripper/lib:/home/user/humble_ws/install/franka_msgs/lib:${LD_LIBRARY_PATH} PYTHONPATH=/home/user/humble_ws/install/franka_gripper/local/lib/python3.10/dist-packages:/home/user/humble_ws/install/franka_msgs/local/lib/python3.10/dist-packages:${PYTHONPATH} /usr/bin/cmake /home/user/humble_ws/src/bimanual_architecture/franka_moveit_config -DCMAKE_BUILD_TYPE=Release -DCMAKE_INSTALL_PREFIX=/home/user/humble_ws/install/franka_moveit_config
[0.069s] -- The C compiler identification is GNU 11.4.0
[0.108s] -- The CXX compiler identification is GNU 11.4.0
[0.113s] -- Detecting C compiler ABI info
[0.172s] -- Detecting C compiler ABI info - done
[0.180s] -- Check for working C compiler: /usr/bin/cc - skipped
[0.180s] -- Detecting C compile features
[0.180s] -- Detecting C compile features - done
[0.183s] -- Detecting CXX compiler ABI info
[0.264s] -- Detecting CXX compiler ABI info - done
[0.273s] -- Check for working CXX compiler: /usr/bin/c++ - skipped
[0.273s] -- Detecting CXX compile features
[0.274s] -- Detecting CXX compile features - done
[0.277s] -- Found ament_cmake: 1.3.10 (/opt/ros/humble/share/ament_cmake/cmake)
[0.401s] -- Found Python3: /usr/bin/python3 (found version "3.10.12") found components: Interpreter 
[0.505s] -- Found ament_lint_auto: 0.12.11 (/opt/ros/humble/share/ament_lint_auto/cmake)
[0.832s] -- Added test 'copyright' to check source files copyright and LICENSE
[0.839s] -- Added test 'flake8' to check Python code syntax and style conventions
[0.840s] -- Added test 'lint_cmake' to check CMake code style
[0.841s] -- Added test 'pep257' to check Python code against some of the docstring style conventions in PEP 257
[0.844s] -- Added test 'xmllint' to check XML markup files
[0.845s] -- Configuring done
[0.847s] -- Generating done
[0.848s] -- Build files have been written to: /home/user/humble_ws/build/franka_moveit_config
[0.851s] Invoked command in '/home/user/humble_ws/build/franka_moveit_config' returned '0': AMENT_PREFIX_PATH=/home/user/humble_ws/install/franka_hardware:/home/user/humble_ws/install/franka_gripper:/home/user/humble_ws/install/franka_msgs:/home/user/humble_ws/install/franka_description:${AMENT_PREFIX_PATH} CMAKE_PREFIX_PATH=/home/user/humble_ws/install/franka_hardware:/home/user/humble_ws/install/franka_gripper:/home/user/humble_ws/install/franka_msgs:/home/user/humble_ws/install/franka_description:~/Libraries/libfranka/lib/cmake:~/Libraries/mujoco/lib/cmake:/opt/ros/humble LD_LIBRARY_PATH=/home/user/humble_ws/install/franka_hardware/lib:/home/user/humble_ws/install/franka_gripper/lib:/home/user/humble_ws/install/franka_msgs/lib:${LD_LIBRARY_PATH} PYTHONPATH=/home/user/humble_ws/install/franka_gripper/local/lib/python3.10/dist-packages:/home/user/humble_ws/install/franka_msgs/local/lib/python3.10/dist-packages:${PYTHONPATH} /usr/bin/cmake /home/user/humble_ws/src/bimanual_architecture/franka_moveit_config -DCMAKE_BUILD_TYPE=Release -DCMAKE_INSTALL_PREFIX=/home/user/humble_ws/install/franka_moveit_config
[0.853s] Invoking command in '/home/user/humble_ws/build/franka_moveit_config': AMENT_PREFIX_PATH=/home/user/humble_ws/install/franka_hardware:/home/user/humble_ws/install/franka_gripper:/home/user/humble_ws/install/franka_msgs:/home/user/humble_ws/install/franka_description:${AMENT_PREFIX_PATH} CMAKE_PREFIX_PATH=/home/user/humble_ws/install/franka_hardware:/home/user/humble_ws/install/franka_gripper:/home/user/humble_ws/install/franka_msgs:/home/user/humble_ws/install/franka_description:~/Libraries/libfranka/lib/cmake:~/Libraries/mujoco/lib/cmake:/opt/ros/humble LD_LIBRARY_PATH=/home/user/humble_ws/install/franka_hardware/lib:/home/user/humble_ws/install/franka_gripper/lib:/home/user/humble_ws/install/franka_msgs/lib:${LD_LIBRARY_PATH} PYTHONPATH=/home/user/humble_ws/install/franka_gripper/local/lib/python3.10/dist-packages:/home/user/humble_ws/install/franka_msgs/local/lib/python3.10/dist-packages:${PYTHONPATH} /usr/bin/cmake --build /home/user/humble_ws/build/franka_moveit_config -- -j12 -l12
[0.888s] Invoked command in '/home/user/humble_ws/build/franka_moveit_config' returned '0': AMENT_PREFIX_PATH=/home/user/humble_ws/install/franka_hardware:/home/user/humble_ws/install/franka_gripper:/home/user/humble_ws/install/franka_msgs:/home/user/humble_ws/install/franka_description:${AMENT_PREFIX_PATH} CMAKE_PREFIX_PATH=/home/user/humble_ws/install/franka_hardware:/home/user/humble_ws/install/franka_gripper:/home/user/humble_ws/install/franka_msgs:/home/user/humble_ws/install/franka_description:~/Libraries/libfranka/lib/cmake:~/Libraries/mujoco/lib/cmake:/opt/ros/humble LD_LIBRARY_PATH=/home/user/humble_ws/install/franka_hardware/lib:/home/user/humble_ws/install/franka_gripper/lib:/home/user/humble_ws/install/franka_msgs/lib:${LD_LIBRARY_PATH} PYTHONPATH=/home/user/humble_ws/install/franka_gripper/local/lib/python3.10/dist-packages:/home/user/humble_ws/install/franka_msgs/local/lib/python3.10/dist-packages:${PYTHONPATH} /usr/bin/cmake --build /home/user/humble_ws/build/franka_moveit_config -- -j12 -l12
[0.911s] Invoking command in '/home/user/humble_ws/build/franka_moveit_config': AMENT_PREFIX_PATH=/home/user/humble_ws/install/franka_hardware:/home/user/humble_ws/install/franka_gripper:/home/user/humble_ws/install/franka_msgs:/home/user/humble_ws/install/franka_description:${AMENT_PREFIX_PATH} CMAKE_PREFIX_PATH=/home/user/humble_ws/install/franka_hardware:/home/user/humble_ws/install/franka_gripper:/home/user/humble_ws/install/franka_msgs:/home/user/humble_ws/install/franka_description:~/Libraries/libfranka/lib/cmake:~/Libraries/mujoco/lib/cmake:/opt/ros/humble LD_LIBRARY_PATH=/home/user/humble_ws/install/franka_hardware/lib:/home/user/humble_ws/install/franka_gripper/lib:/home/user/humble_ws/install/franka_msgs/lib:${LD_LIBRARY_PATH} PYTHONPATH=/home/user/humble_ws/install/franka_gripper/local/lib/python3.10/dist-packages:/home/user/humble_ws/install/franka_msgs/local/lib/python3.10/dist-packages:${PYTHONPATH} /usr/bin/cmake --install /home/user/humble_ws/build/franka_moveit_config
[0.924s] -- Install configuration: "Release"
[0.924s] -- Installing: /home/user/humble_ws/install/franka_moveit_config/share/franka_moveit_config/config
[0.924s] -- Installing: /home/user/humble_ws/install/franka_moveit_config/share/franka_moveit_config/config/ompl_planning.yaml
[0.925s] -- Installing: /home/user/humble_ws/install/franka_moveit_config/share/franka_moveit_config/config/dual_panda_controllers.yaml
[0.925s] -- Installing: /home/user/humble_ws/install/franka_moveit_config/share/franka_moveit_config/config/panda_controllers.yaml
[0.925s] -- Installing: /home/user/humble_ws/install/franka_moveit_config/share/franka_moveit_config/config/panda_ros_controllers.yaml
[0.925s] -- Installing: /home/user/humble_ws/install/franka_moveit_config/share/franka_moveit_config/config/kinematics.yaml
[0.926s] -- Installing: /home/user/humble_ws/install/franka_moveit_config/share/franka_moveit_config/config/dual_panda_ros_controllers.yaml
[0.926s] -- Installing: /home/user/humble_ws/install/franka_moveit_config/share/franka_moveit_config/launch
[0.926s] -- Installing: /home/user/humble_ws/install/franka_moveit_config/share/franka_moveit_config/launch/dual_moveit.launch.py
[0.926s] -- Installing: /home/user/humble_ws/install/franka_moveit_config/share/franka_moveit_config/launch/moveit.launch.py
[0.927s] -- Installing: /home/user/humble_ws/install/franka_moveit_config/share/franka_moveit_config/srdf
[0.927s] -- Installing: /home/user/humble_ws/install/franka_moveit_config/share/franka_moveit_config/srdf/panda_arm_hand.xacro
[0.927s] -- Installing: /home/user/humble_ws/install/franka_moveit_config/share/franka_moveit_config/srdf/panda_arm.srdf.xacro
[0.927s] -- Installing: /home/user/humble_ws/install/franka_moveit_config/share/franka_moveit_config/srdf/group_definition.xacro
[0.927s] -- Installing: /home/user/humble_ws/install/franka_moveit_config/share/franka_moveit_config/srdf/panda_arm.xacro
[0.928s] -- Installing: /home/user/humble_ws/install/franka_moveit_config/share/franka_moveit_config/srdf/hand.xacro
[0.928s] -- Installing: /home/user/humble_ws/install/franka_moveit_config/share/franka_moveit_config/srdf/multi_panda_arm.xacro
[0.928s] -- Installing: /home/user/humble_ws/install/franka_moveit_config/share/franka_moveit_config/srdf/dual_panda_arm.srdf.xacro
[0.928s] -- Installing: /home/user/humble_ws/install/franka_moveit_config/share/franka_moveit_config/rviz
[0.928s] -- Installing: /home/user/humble_ws/install/franka_moveit_config/share/franka_moveit_config/rviz/moveit.rviz
[0.928s] -- Installing: /home/user/humble_ws/install/franka_moveit_config/share/ament_index/resource_index/package_run_dependencies/franka_moveit_config
[0.929s] -- Installing: /home/user/humble_ws/install/franka_moveit_config/share/ament_index/resource_index/parent_prefix_path/franka_moveit_config
[0.929s] -- Installing: /home/user/humble_ws/install/franka_moveit_config/share/franka_moveit_config/environment/ament_prefix_path.sh
[0.929s] -- Installing: /home/user/humble_ws/install/franka_moveit_config/share/franka_moveit_config/environment/ament_prefix_path.dsv
[0.929s] -- Installing: /home/user/humble_ws/install/franka_moveit_config/share/franka_moveit_config/environment/path.sh
[0.929s] -- Installing: /home/user/humble_ws/install/franka_moveit_config/share/franka_moveit_config/environment/path.dsv
[0.929s] -- Installing: /home/user/humble_ws/install/franka_moveit_config/share/franka_moveit_config/local_setup.bash
[0.929s] -- Installing: /home/user/humble_ws/install/franka_moveit_config/share/franka_moveit_config/local_setup.sh
[0.929s] -- Installing: /home/user/humble_ws/install/franka_moveit_config/share/franka_moveit_config/local_setup.zsh
[0.929s] -- Installing: /home/user/humble_ws/install/franka_moveit_config/share/franka_moveit_config/local_setup.dsv
[0.930s] -- Installing: /home/user/humble_ws/install/franka_moveit_config/share/franka_moveit_config/package.dsv
[0.931s] -- Installing: /home/user/humble_ws/install/franka_moveit_config/share/ament_index/resource_index/packages/franka_moveit_config
[0.931s] -- Installing: /home/user/humble_ws/install/franka_moveit_config/share/franka_moveit_config/cmake/franka_moveit_configConfig.cmake
[0.931s] -- Installing: /home/user/humble_ws/install/franka_moveit_config/share/franka_moveit_config/cmake/franka_moveit_configConfig-version.cmake
[0.931s] -- Installing: /home/user/humble_ws/install/franka_moveit_config/share/franka_moveit_config/package.xml
[0.931s] Invoked command in '/home/user/humble_ws/build/franka_moveit_config' returned '0': AMENT_PREFIX_PATH=/home/user/humble_ws/install/franka_hardware:/home/user/humble_ws/install/franka_gripper:/home/user/humble_ws/install/franka_msgs:/home/user/humble_ws/install/franka_description:${AMENT_PREFIX_PATH} CMAKE_PREFIX_PATH=/home/user/humble_ws/install/franka_hardware:/home/user/humble_ws/install/franka_gripper:/home/user/humble_ws/install/franka_msgs:/home/user/humble_ws/install/franka_description:~/Libraries/libfranka/lib/cmake:~/Libraries/mujoco/lib/cmake:/opt/ros/humble LD_LIBRARY_PATH=/home/user/humble_ws/install/franka_hardware/lib:/home/user/humble_ws/install/franka_gripper/lib:/home/user/humble_ws/install/franka_msgs/lib:${LD_LIBRARY_PATH} PYTHONPATH=/home/user/humble_ws/install/franka_gripper/local/lib/python3.10/dist-packages:/home/user/humble_ws/install/franka_msgs/local/lib/python3.10/dist-packages:${PYTHONPATH} /usr/bin/cmake --install /home/user/humble_ws/build/franka_moveit_config
