[ 30%] Built target panda_to_init_pose_client
[ 30%] Built target panda_dq_c1_cartesian_motion_generator_client
[ 46%] Built target panda_poly_c2_joint_motion_generator_client
[ 69%] Built target panda_motion_generators
[ 84%] Built target panda_poly_c2_joint_motion_generator_node
[100%] Built target panda_dq_c1_cartesian_motion_generator_node
-- Install configuration: "Release"
-- Up-to-date: /home/user/humble_ws/install/panda_motion_generators/lib/libpanda_motion_generators.so
-- Up-to-date: /home/user/humble_ws/install/panda_motion_generators/lib/panda_motion_generators/panda_poly_c2_joint_motion_generator_node
-- Up-to-date: /home/user/humble_ws/install/panda_motion_generators/lib/panda_motion_generators/panda_dq_c1_cartesian_motion_generator_node
-- Up-to-date: /home/user/humble_ws/install/panda_motion_generators/lib/panda_motion_generators/panda_poly_c2_joint_motion_generator_client
-- Up-to-date: /home/user/humble_ws/install/panda_motion_generators/lib/panda_motion_generators/panda_dq_c1_cartesian_motion_generator_client
-- Up-to-date: /home/user/humble_ws/install/panda_motion_generators/lib/panda_motion_generators/panda_to_init_pose_client
-- Up-to-date: /home/user/humble_ws/install/panda_motion_generators/include
-- Up-to-date: /home/user/humble_ws/install/panda_motion_generators/include/panda_motion_generators
-- Up-to-date: /home/user/humble_ws/install/panda_motion_generators/include/panda_motion_generators/motion_generators
-- Up-to-date: /home/user/humble_ws/install/panda_motion_generators/include/panda_motion_generators/motion_generators/panda_dq_c1_cartesian_motion_generator.h
-- Up-to-date: /home/user/humble_ws/install/panda_motion_generators/include/panda_motion_generators/motion_generators/panda_poly_c2_joint_motion_generator.h
-- Up-to-date: /home/user/humble_ws/install/panda_motion_generators/include/panda_motion_generators/base
-- Up-to-date: /home/user/humble_ws/install/panda_motion_generators/include/panda_motion_generators/base/motion_generator_base.h
-- Up-to-date: /home/user/humble_ws/install/panda_motion_generators/include/panda_motion_generators/base/motion_generator_ros_interface.h
-- Up-to-date: /home/user/humble_ws/install/panda_motion_generators/include/panda_motion_generators/base/dq_c1_cartesian_motion_generator_base.h
-- Up-to-date: /home/user/humble_ws/install/panda_motion_generators/include/panda_motion_generators/base/dq_c1_cartesian_motion_generator.h
-- Up-to-date: /home/user/humble_ws/install/panda_motion_generators/include/panda_motion_generators/base/poly_c2_joint_motion_generator_base.h
-- Up-to-date: /home/user/humble_ws/install/panda_motion_generators/include/panda_motion_generators/base/poly_c2_joint_motion_generator.h
-- Up-to-date: /home/user/humble_ws/install/panda_motion_generators/share/ament_index/resource_index/package_run_dependencies/panda_motion_generators
-- Up-to-date: /home/user/humble_ws/install/panda_motion_generators/share/ament_index/resource_index/parent_prefix_path/panda_motion_generators
-- Up-to-date: /home/user/humble_ws/install/panda_motion_generators/share/panda_motion_generators/environment/ament_prefix_path.sh
-- Up-to-date: /home/user/humble_ws/install/panda_motion_generators/share/panda_motion_generators/environment/ament_prefix_path.dsv
-- Up-to-date: /home/user/humble_ws/install/panda_motion_generators/share/panda_motion_generators/environment/path.sh
-- Up-to-date: /home/user/humble_ws/install/panda_motion_generators/share/panda_motion_generators/environment/path.dsv
-- Up-to-date: /home/user/humble_ws/install/panda_motion_generators/share/panda_motion_generators/local_setup.bash
-- Up-to-date: /home/user/humble_ws/install/panda_motion_generators/share/panda_motion_generators/local_setup.sh
-- Up-to-date: /home/user/humble_ws/install/panda_motion_generators/share/panda_motion_generators/local_setup.zsh
-- Up-to-date: /home/user/humble_ws/install/panda_motion_generators/share/panda_motion_generators/local_setup.dsv
-- Installing: /home/user/humble_ws/install/panda_motion_generators/share/panda_motion_generators/package.dsv
-- Up-to-date: /home/user/humble_ws/install/panda_motion_generators/share/ament_index/resource_index/packages/panda_motion_generators
-- Up-to-date: /home/user/humble_ws/install/panda_motion_generators/share/panda_motion_generators/cmake/panda_motion_generatorsConfig.cmake
-- Up-to-date: /home/user/humble_ws/install/panda_motion_generators/share/panda_motion_generators/cmake/panda_motion_generatorsConfig-version.cmake
-- Up-to-date: /home/user/humble_ws/install/panda_motion_generators/share/panda_motion_generators/package.xml
