-- The C compiler identification is GNU 11.4.0
-- The CXX compiler identification is GNU 11.4.0
-- Detecting C compiler ABI info
-- Detecting C compiler ABI info - done
-- Check for working C compiler: /usr/bin/cc - skipped
-- Detecting C compile features
-- Detecting C compile features - done
-- Detecting CXX compiler ABI info
-- Detecting CXX compiler ABI info - done
-- Check for working CXX compiler: /usr/bin/c++ - skipped
-- Detecting CXX compile features
-- Detecting CXX compile features - done
-- Found ament_cmake: 1.3.10 (/opt/ros/humble/share/ament_cmake/cmake)
-- Found Python3: /usr/bin/python3 (found version "3.10.12") found components: Interpreter 
-- Found rclcpp: 16.0.10 (/opt/ros/humble/share/rclcpp/cmake)
-- Found rosidl_generator_c: 3.1.5 (/opt/ros/humble/share/rosidl_generator_c/cmake)
-- Found rosidl_adapter: 3.1.5 (/opt/ros/humble/share/rosidl_adapter/cmake)
-- Found rosidl_generator_cpp: 3.1.5 (/opt/ros/humble/share/rosidl_generator_cpp/cmake)
-- Using all available rosidl_typesupport_c: rosidl_typesupport_fastrtps_c;rosidl_typesupport_introspection_c
-- Using all available rosidl_typesupport_cpp: rosidl_typesupport_fastrtps_cpp;rosidl_typesupport_introspection_cpp
-- Found rmw_implementation_cmake: 6.1.2 (/opt/ros/humble/share/rmw_implementation_cmake/cmake)
-- Found rmw_fastrtps_cpp: 6.2.7 (/opt/ros/humble/share/rmw_fastrtps_cpp/cmake)
-- Found OpenSSL: /usr/lib/x86_64-linux-gnu/libcrypto.so (found version "3.0.2")  
-- Found FastRTPS: /opt/ros/humble/include  
-- Using RMW implementation 'rmw_fastrtps_cpp' as default
-- Looking for pthread.h
-- Looking for pthread.h - found
-- Performing Test CMAKE_HAVE_LIBC_PTHREAD
-- Performing Test CMAKE_HAVE_LIBC_PTHREAD - Success
-- Found Threads: TRUE  
-- Found controller_interface: 2.44.0 (/opt/ros/humble/share/controller_interface/cmake)
-- Found franka_msgs: 0.0.0 (/home/user/humble_ws/install/franka_msgs/share/franka_msgs/cmake)
-- Found multi_mode_controller: 0.0.0 (/home/user/humble_ws/install/multi_mode_controller/share/multi_mode_controller/cmake)
-- Found multi_mode_control_msgs: 0.0.0 (/home/user/humble_ws/install/multi_mode_control_msgs/share/multi_mode_control_msgs/cmake)
-- Found ament_lint_auto: 0.12.11 (/opt/ros/humble/share/ament_lint_auto/cmake)
-- Added test 'cppcheck' to perform static code analysis on C / C++ code
-- Configured cppcheck include dirs: /home/user/humble_ws/src/bimanual_architecture/franka_multi_mode_controller/multi_mode_controller_impl/include
-- Configured cppcheck exclude dirs and/or files: 
-- Added test 'lint_cmake' to check CMake code style
-- Added test 'uncrustify' to check C / C++ code style
-- Configured uncrustify additional arguments: 
-- Added test 'xmllint' to check XML markup files
-- Configuring done
-- Generating done
-- Build files have been written to: /home/user/humble_ws/build/multi_mode_controller_impl
[ 50%] Building CXX object CMakeFiles/multi_mode_controller_impl.dir/src/single_multi_mode_controller.cpp.o
In file included from /home/user/humble_ws/src/bimanual_architecture/franka_multi_mode_controller/multi_mode_controller_impl/include/multi_mode_controller_impl/single_multi_mode_controller.h:33,
                 from /home/user/humble_ws/src/bimanual_architecture/franka_multi_mode_controller/multi_mode_controller_impl/src/single_multi_mode_controller.cpp:15:
/home/user/humble_ws/install/multi_mode_controller/include/multi_mode_controller/utils/conversions.h: In function ‘std::string vectorToResource(const std::vector<std::__cxx11::basic_string<char> >&)’:
/home/user/humble_ws/install/multi_mode_controller/include/multi_mode_controller/utils/conversions.h:32:17: warning: comparison of integer expressions of different signedness: ‘int’ and ‘std::vector<std::__cxx11::basic_string<char> >::size_type’ {aka ‘long unsigned int’} [-Wsign-compare]
   32 |   for (int i=1;i<vec.size();++i) {
      |                ~^~~~~~~~~~~
In file included from /home/user/humble_ws/src/bimanual_architecture/franka_multi_mode_controller/multi_mode_controller_impl/include/multi_mode_controller_impl/single_multi_mode_controller.h:34,
                 from /home/user/humble_ws/src/bimanual_architecture/franka_multi_mode_controller/multi_mode_controller_impl/src/single_multi_mode_controller.cpp:15:
/home/user/humble_ws/install/multi_mode_controller/include/multi_mode_controller/base/switch_engine.h: In member function ‘bool switch_engine::SwitchEngine::getRobotStatesCallback(std::shared_ptr<rmw_request_id_s>, const SharedPtr&, const SharedPtr&)’:
/home/user/humble_ws/install/multi_mode_controller/include/multi_mode_controller/base/switch_engine.h:30:49: warning: unused parameter ‘request_header’ [-Wunused-parameter]
   30 |         const std::shared_ptr<rmw_request_id_t> request_header,
      |         ~~~~~~~~~~~~~~~~~~~~~~~~~~~~~~~~~~~~~~~~^~~~~~~~~~~~~~
/home/user/humble_ws/install/multi_mode_controller/include/multi_mode_controller/base/switch_engine.h: In member function ‘virtual bool switch_engine::SwitchEngine::initImpl(const std::vector<panda_controllers::RobotData*>&, rclcpp_lifecycle::LifecycleNode::SharedPtr&, std::string, std::string)’:
/home/user/humble_ws/install/multi_mode_controller/include/multi_mode_controller/base/switch_engine.h:40:69: warning: unused parameter ‘name’ [-Wunused-parameter]
   40 |       rclcpp_lifecycle::LifecycleNode::SharedPtr& node, std::string name, std::string resource) override {
      |                                                         ~~~~~~~~~~~~^~~~
[100%] Linking CXX shared library libmulti_mode_controller_impl.so
[100%] Built target multi_mode_controller_impl
-- Install configuration: "Release"
-- Installing: /home/user/humble_ws/install/multi_mode_controller_impl/share/multi_mode_controller_impl/multi_mode_controllers.xml
-- Installing: /home/user/humble_ws/install/multi_mode_controller_impl/lib/libmulti_mode_controller_impl.so
-- Set runtime path of "/home/user/humble_ws/install/multi_mode_controller_impl/lib/libmulti_mode_controller_impl.so" to ""
-- Installing: /home/user/humble_ws/install/multi_mode_controller_impl/include
-- Installing: /home/user/humble_ws/install/multi_mode_controller_impl/include/multi_mode_controller_impl
-- Installing: /home/user/humble_ws/install/multi_mode_controller_impl/include/multi_mode_controller_impl/single_multi_mode_controller.h
-- Installing: /home/user/humble_ws/install/multi_mode_controller_impl/share/multi_mode_controller_impl/environment/library_path.sh
-- Installing: /home/user/humble_ws/install/multi_mode_controller_impl/share/multi_mode_controller_impl/environment/library_path.dsv
-- Installing: /home/user/humble_ws/install/multi_mode_controller_impl/share/ament_index/resource_index/package_run_dependencies/multi_mode_controller_impl
-- Installing: /home/user/humble_ws/install/multi_mode_controller_impl/share/ament_index/resource_index/parent_prefix_path/multi_mode_controller_impl
-- Installing: /home/user/humble_ws/install/multi_mode_controller_impl/share/multi_mode_controller_impl/environment/ament_prefix_path.sh
-- Installing: /home/user/humble_ws/install/multi_mode_controller_impl/share/multi_mode_controller_impl/environment/ament_prefix_path.dsv
-- Installing: /home/user/humble_ws/install/multi_mode_controller_impl/share/multi_mode_controller_impl/environment/path.sh
-- Installing: /home/user/humble_ws/install/multi_mode_controller_impl/share/multi_mode_controller_impl/environment/path.dsv
-- Installing: /home/user/humble_ws/install/multi_mode_controller_impl/share/multi_mode_controller_impl/local_setup.bash
-- Installing: /home/user/humble_ws/install/multi_mode_controller_impl/share/multi_mode_controller_impl/local_setup.sh
-- Installing: /home/user/humble_ws/install/multi_mode_controller_impl/share/multi_mode_controller_impl/local_setup.zsh
-- Installing: /home/user/humble_ws/install/multi_mode_controller_impl/share/multi_mode_controller_impl/local_setup.dsv
-- Installing: /home/user/humble_ws/install/multi_mode_controller_impl/share/multi_mode_controller_impl/package.dsv
-- Installing: /home/user/humble_ws/install/multi_mode_controller_impl/share/ament_index/resource_index/packages/multi_mode_controller_impl
-- Installing: /home/user/humble_ws/install/multi_mode_controller_impl/share/ament_index/resource_index/controller_interface__pluginlib__plugin/multi_mode_controller_impl
-- Installing: /home/user/humble_ws/install/multi_mode_controller_impl/share/multi_mode_controller_impl/cmake/ament_cmake_export_include_directories-extras.cmake
-- Installing: /home/user/humble_ws/install/multi_mode_controller_impl/share/multi_mode_controller_impl/cmake/ament_cmake_export_libraries-extras.cmake
-- Installing: /home/user/humble_ws/install/multi_mode_controller_impl/share/multi_mode_controller_impl/cmake/ament_cmake_export_dependencies-extras.cmake
-- Installing: /home/user/humble_ws/install/multi_mode_controller_impl/share/multi_mode_controller_impl/cmake/multi_mode_controller_implConfig.cmake
-- Installing: /home/user/humble_ws/install/multi_mode_controller_impl/share/multi_mode_controller_impl/cmake/multi_mode_controller_implConfig-version.cmake
-- Installing: /home/user/humble_ws/install/multi_mode_controller_impl/share/multi_mode_controller_impl/package.xml
