[0.034s] Invoking command in '/home/user/humble_ws/build/multi_mode_controller_impl': AMENT_PREFIX_PATH=/home/user/humble_ws/install/multi_mode_controller:/home/user/humble_ws/install/franka_semantic_components:/home/user/humble_ws/install/multi_mode_control_msgs:/home/user/humble_ws/install/franka_hardware:/home/user/humble_ws/install/franka_msgs:${AMENT_PREFIX_PATH} CMAKE_PREFIX_PATH=/home/user/humble_ws/install/multi_mode_controller:/home/user/humble_ws/install/franka_semantic_components:/home/user/humble_ws/install/multi_mode_control_msgs:/home/user/humble_ws/install/franka_hardware:/home/user/humble_ws/install/franka_msgs:~/Libraries/libfranka/lib/cmake:~/Libraries/mujoco/lib/cmake:/opt/ros/humble LD_LIBRARY_PATH=/home/user/humble_ws/install/multi_mode_controller/lib:/home/user/humble_ws/install/franka_semantic_components/lib:/home/user/humble_ws/install/multi_mode_control_msgs/lib:/home/user/humble_ws/install/franka_hardware/lib:/home/user/humble_ws/install/franka_msgs/lib:${LD_LIBRARY_PATH} PYTHONPATH=/home/user/humble_ws/install/multi_mode_control_msgs/local/lib/python3.10/dist-packages:/home/user/humble_ws/install/franka_msgs/local/lib/python3.10/dist-packages:${PYTHONPATH} /usr/bin/cmake /home/user/humble_ws/src/bimanual_architecture/franka_multi_mode_controller/multi_mode_controller_impl -DCMAKE_BUILD_TYPE=Release -DCMAKE_INSTALL_PREFIX=/home/user/humble_ws/install/multi_mode_controller_impl
[0.122s] -- The C compiler identification is GNU 11.4.0
[0.163s] -- The CXX compiler identification is GNU 11.4.0
[0.170s] -- Detecting C compiler ABI info
[0.245s] -- Detecting C compiler ABI info - done
[0.253s] -- Check for working C compiler: /usr/bin/cc - skipped
[0.253s] -- Detecting C compile features
[0.253s] -- Detecting C compile features - done
[0.256s] -- Detecting CXX compiler ABI info
[0.338s] -- Detecting CXX compiler ABI info - done
[0.349s] -- Check for working CXX compiler: /usr/bin/c++ - skipped
[0.350s] -- Detecting CXX compile features
[0.350s] -- Detecting CXX compile features - done
[0.355s] -- Found ament_cmake: 1.3.10 (/opt/ros/humble/share/ament_cmake/cmake)
[0.473s] -- Found Python3: /usr/bin/python3 (found version "3.10.12") found components: Interpreter 
[0.554s] -- Found rclcpp: 16.0.10 (/opt/ros/humble/share/rclcpp/cmake)
[0.593s] -- Found rosidl_generator_c: 3.1.5 (/opt/ros/humble/share/rosidl_generator_c/cmake)
[0.597s] -- Found rosidl_adapter: 3.1.5 (/opt/ros/humble/share/rosidl_adapter/cmake)
[0.604s] -- Found rosidl_generator_cpp: 3.1.5 (/opt/ros/humble/share/rosidl_generator_cpp/cmake)
[0.615s] -- Using all available rosidl_typesupport_c: rosidl_typesupport_fastrtps_c;rosidl_typesupport_introspection_c
[0.629s] -- Using all available rosidl_typesupport_cpp: rosidl_typesupport_fastrtps_cpp;rosidl_typesupport_introspection_cpp
[0.667s] -- Found rmw_implementation_cmake: 6.1.2 (/opt/ros/humble/share/rmw_implementation_cmake/cmake)
[0.669s] -- Found rmw_fastrtps_cpp: 6.2.7 (/opt/ros/humble/share/rmw_fastrtps_cpp/cmake)
[0.783s] -- Found OpenSSL: /usr/lib/x86_64-linux-gnu/libcrypto.so (found version "3.0.2")  
[0.810s] -- Found FastRTPS: /opt/ros/humble/include  
[0.834s] -- Using RMW implementation 'rmw_fastrtps_cpp' as default
[0.847s] -- Looking for pthread.h
[0.919s] -- Looking for pthread.h - found
[0.919s] -- Performing Test CMAKE_HAVE_LIBC_PTHREAD
[0.999s] -- Performing Test CMAKE_HAVE_LIBC_PTHREAD - Success
[1.000s] -- Found Threads: TRUE  
[1.037s] -- Found controller_interface: 2.44.0 (/opt/ros/humble/share/controller_interface/cmake)
[1.149s] -- Found franka_msgs: 0.0.0 (/home/user/humble_ws/install/franka_msgs/share/franka_msgs/cmake)
[1.165s] -- Found multi_mode_controller: 0.0.0 (/home/user/humble_ws/install/multi_mode_controller/share/multi_mode_controller/cmake)
[1.180s] -- Found multi_mode_control_msgs: 0.0.0 (/home/user/humble_ws/install/multi_mode_control_msgs/share/multi_mode_control_msgs/cmake)
[1.206s] -- Found ament_lint_auto: 0.12.11 (/opt/ros/humble/share/ament_lint_auto/cmake)
[1.276s] -- Added test 'cppcheck' to perform static code analysis on C / C++ code
[1.276s] -- Configured cppcheck include dirs: /home/user/humble_ws/src/bimanual_architecture/franka_multi_mode_controller/multi_mode_controller_impl/include
[1.276s] -- Configured cppcheck exclude dirs and/or files: 
[1.277s] -- Added test 'lint_cmake' to check CMake code style
[1.278s] -- Added test 'uncrustify' to check C / C++ code style
[1.278s] -- Configured uncrustify additional arguments: 
[1.278s] -- Added test 'xmllint' to check XML markup files
[1.281s] -- Configuring done
[1.306s] -- Generating done
[1.307s] -- Build files have been written to: /home/user/humble_ws/build/multi_mode_controller_impl
[1.314s] Invoked command in '/home/user/humble_ws/build/multi_mode_controller_impl' returned '0': AMENT_PREFIX_PATH=/home/user/humble_ws/install/multi_mode_controller:/home/user/humble_ws/install/franka_semantic_components:/home/user/humble_ws/install/multi_mode_control_msgs:/home/user/humble_ws/install/franka_hardware:/home/user/humble_ws/install/franka_msgs:${AMENT_PREFIX_PATH} CMAKE_PREFIX_PATH=/home/user/humble_ws/install/multi_mode_controller:/home/user/humble_ws/install/franka_semantic_components:/home/user/humble_ws/install/multi_mode_control_msgs:/home/user/humble_ws/install/franka_hardware:/home/user/humble_ws/install/franka_msgs:~/Libraries/libfranka/lib/cmake:~/Libraries/mujoco/lib/cmake:/opt/ros/humble LD_LIBRARY_PATH=/home/user/humble_ws/install/multi_mode_controller/lib:/home/user/humble_ws/install/franka_semantic_components/lib:/home/user/humble_ws/install/multi_mode_control_msgs/lib:/home/user/humble_ws/install/franka_hardware/lib:/home/user/humble_ws/install/franka_msgs/lib:${LD_LIBRARY_PATH} PYTHONPATH=/home/user/humble_ws/install/multi_mode_control_msgs/local/lib/python3.10/dist-packages:/home/user/humble_ws/install/franka_msgs/local/lib/python3.10/dist-packages:${PYTHONPATH} /usr/bin/cmake /home/user/humble_ws/src/bimanual_architecture/franka_multi_mode_controller/multi_mode_controller_impl -DCMAKE_BUILD_TYPE=Release -DCMAKE_INSTALL_PREFIX=/home/user/humble_ws/install/multi_mode_controller_impl
[1.316s] Invoking command in '/home/user/humble_ws/build/multi_mode_controller_impl': AMENT_PREFIX_PATH=/home/user/humble_ws/install/multi_mode_controller:/home/user/humble_ws/install/franka_semantic_components:/home/user/humble_ws/install/multi_mode_control_msgs:/home/user/humble_ws/install/franka_hardware:/home/user/humble_ws/install/franka_msgs:${AMENT_PREFIX_PATH} CMAKE_PREFIX_PATH=/home/user/humble_ws/install/multi_mode_controller:/home/user/humble_ws/install/franka_semantic_components:/home/user/humble_ws/install/multi_mode_control_msgs:/home/user/humble_ws/install/franka_hardware:/home/user/humble_ws/install/franka_msgs:~/Libraries/libfranka/lib/cmake:~/Libraries/mujoco/lib/cmake:/opt/ros/humble LD_LIBRARY_PATH=/home/user/humble_ws/install/multi_mode_controller/lib:/home/user/humble_ws/install/franka_semantic_components/lib:/home/user/humble_ws/install/multi_mode_control_msgs/lib:/home/user/humble_ws/install/franka_hardware/lib:/home/user/humble_ws/install/franka_msgs/lib:${LD_LIBRARY_PATH} PYTHONPATH=/home/user/humble_ws/install/multi_mode_control_msgs/local/lib/python3.10/dist-packages:/home/user/humble_ws/install/franka_msgs/local/lib/python3.10/dist-packages:${PYTHONPATH} /usr/bin/cmake --build /home/user/humble_ws/build/multi_mode_controller_impl -- -j12 -l12
[1.367s] [ 50%] Building CXX object CMakeFiles/multi_mode_controller_impl.dir/src/single_multi_mode_controller.cpp.o
[6.429s] In file included from /home/user/humble_ws/src/bimanual_architecture/franka_multi_mode_controller/multi_mode_controller_impl/include/multi_mode_controller_impl/single_multi_mode_controller.h:33,
[6.429s]                  from /home/user/humble_ws/src/bimanual_architecture/franka_multi_mode_controller/multi_mode_controller_impl/src/single_multi_mode_controller.cpp:15:
[6.429s] /home/user/humble_ws/install/multi_mode_controller/include/multi_mode_controller/utils/conversions.h: In function ‘std::string vectorToResource(const std::vector<std::__cxx11::basic_string<char> >&)’:
[6.430s] /home/user/humble_ws/install/multi_mode_controller/include/multi_mode_controller/utils/conversions.h:32:17: warning: comparison of integer expressions of different signedness: ‘int’ and ‘std::vector<std::__cxx11::basic_string<char> >::size_type’ {aka ‘long unsigned int’} [-Wsign-compare]
[6.430s]    32 |   for (int i=1;i<vec.size();++i) {
[6.430s]       |                ~^~~~~~~~~~~
[6.547s] In file included from /home/user/humble_ws/src/bimanual_architecture/franka_multi_mode_controller/multi_mode_controller_impl/include/multi_mode_controller_impl/single_multi_mode_controller.h:34,
[6.547s]                  from /home/user/humble_ws/src/bimanual_architecture/franka_multi_mode_controller/multi_mode_controller_impl/src/single_multi_mode_controller.cpp:15:
[6.547s] /home/user/humble_ws/install/multi_mode_controller/include/multi_mode_controller/base/switch_engine.h: In member function ‘bool switch_engine::SwitchEngine::getRobotStatesCallback(std::shared_ptr<rmw_request_id_s>, const SharedPtr&, const SharedPtr&)’:
[6.547s] /home/user/humble_ws/install/multi_mode_controller/include/multi_mode_controller/base/switch_engine.h:30:49: warning: unused parameter ‘request_header’ [-Wunused-parameter]
[6.547s]    30 |         const std::shared_ptr<rmw_request_id_t> request_header,
[6.547s]       |         ~~~~~~~~~~~~~~~~~~~~~~~~~~~~~~~~~~~~~~~~^~~~~~~~~~~~~~
[6.563s] /home/user/humble_ws/install/multi_mode_controller/include/multi_mode_controller/base/switch_engine.h: In member function ‘virtual bool switch_engine::SwitchEngine::initImpl(const std::vector<panda_controllers::RobotData*>&, rclcpp_lifecycle::LifecycleNode::SharedPtr&, std::string, std::string)’:
[6.563s] /home/user/humble_ws/install/multi_mode_controller/include/multi_mode_controller/base/switch_engine.h:40:69: warning: unused parameter ‘name’ [-Wunused-parameter]
[6.563s]    40 |       rclcpp_lifecycle::LifecycleNode::SharedPtr& node, std::string name, std::string resource) override {
[6.563s]       |                                                         ~~~~~~~~~~~~^~~~
[13.075s] [100%] Linking CXX shared library libmulti_mode_controller_impl.so
[13.290s] [100%] Built target multi_mode_controller_impl
[13.306s] Invoked command in '/home/user/humble_ws/build/multi_mode_controller_impl' returned '0': AMENT_PREFIX_PATH=/home/user/humble_ws/install/multi_mode_controller:/home/user/humble_ws/install/franka_semantic_components:/home/user/humble_ws/install/multi_mode_control_msgs:/home/user/humble_ws/install/franka_hardware:/home/user/humble_ws/install/franka_msgs:${AMENT_PREFIX_PATH} CMAKE_PREFIX_PATH=/home/user/humble_ws/install/multi_mode_controller:/home/user/humble_ws/install/franka_semantic_components:/home/user/humble_ws/install/multi_mode_control_msgs:/home/user/humble_ws/install/franka_hardware:/home/user/humble_ws/install/franka_msgs:~/Libraries/libfranka/lib/cmake:~/Libraries/mujoco/lib/cmake:/opt/ros/humble LD_LIBRARY_PATH=/home/user/humble_ws/install/multi_mode_controller/lib:/home/user/humble_ws/install/franka_semantic_components/lib:/home/user/humble_ws/install/multi_mode_control_msgs/lib:/home/user/humble_ws/install/franka_hardware/lib:/home/user/humble_ws/install/franka_msgs/lib:${LD_LIBRARY_PATH} PYTHONPATH=/home/user/humble_ws/install/multi_mode_control_msgs/local/lib/python3.10/dist-packages:/home/user/humble_ws/install/franka_msgs/local/lib/python3.10/dist-packages:${PYTHONPATH} /usr/bin/cmake --build /home/user/humble_ws/build/multi_mode_controller_impl -- -j12 -l12
[13.336s] Invoking command in '/home/user/humble_ws/build/multi_mode_controller_impl': AMENT_PREFIX_PATH=/home/user/humble_ws/install/multi_mode_controller:/home/user/humble_ws/install/franka_semantic_components:/home/user/humble_ws/install/multi_mode_control_msgs:/home/user/humble_ws/install/franka_hardware:/home/user/humble_ws/install/franka_msgs:${AMENT_PREFIX_PATH} CMAKE_PREFIX_PATH=/home/user/humble_ws/install/multi_mode_controller:/home/user/humble_ws/install/franka_semantic_components:/home/user/humble_ws/install/multi_mode_control_msgs:/home/user/humble_ws/install/franka_hardware:/home/user/humble_ws/install/franka_msgs:~/Libraries/libfranka/lib/cmake:~/Libraries/mujoco/lib/cmake:/opt/ros/humble LD_LIBRARY_PATH=/home/user/humble_ws/install/multi_mode_controller/lib:/home/user/humble_ws/install/franka_semantic_components/lib:/home/user/humble_ws/install/multi_mode_control_msgs/lib:/home/user/humble_ws/install/franka_hardware/lib:/home/user/humble_ws/install/franka_msgs/lib:${LD_LIBRARY_PATH} PYTHONPATH=/home/user/humble_ws/install/multi_mode_control_msgs/local/lib/python3.10/dist-packages:/home/user/humble_ws/install/franka_msgs/local/lib/python3.10/dist-packages:${PYTHONPATH} /usr/bin/cmake --install /home/user/humble_ws/build/multi_mode_controller_impl
[13.344s] -- Install configuration: "Release"
[13.344s] -- Installing: /home/user/humble_ws/install/multi_mode_controller_impl/share/multi_mode_controller_impl/multi_mode_controllers.xml
[13.345s] -- Installing: /home/user/humble_ws/install/multi_mode_controller_impl/lib/libmulti_mode_controller_impl.so
[13.345s] -- Set runtime path of "/home/user/humble_ws/install/multi_mode_controller_impl/lib/libmulti_mode_controller_impl.so" to ""
[13.346s] -- Installing: /home/user/humble_ws/install/multi_mode_controller_impl/include
[13.346s] -- Installing: /home/user/humble_ws/install/multi_mode_controller_impl/include/multi_mode_controller_impl
[13.346s] -- Installing: /home/user/humble_ws/install/multi_mode_controller_impl/include/multi_mode_controller_impl/single_multi_mode_controller.h
[13.346s] -- Installing: /home/user/humble_ws/install/multi_mode_controller_impl/share/multi_mode_controller_impl/environment/library_path.sh
[13.346s] -- Installing: /home/user/humble_ws/install/multi_mode_controller_impl/share/multi_mode_controller_impl/environment/library_path.dsv
[13.346s] -- Installing: /home/user/humble_ws/install/multi_mode_controller_impl/share/ament_index/resource_index/package_run_dependencies/multi_mode_controller_impl
[13.346s] -- Installing: /home/user/humble_ws/install/multi_mode_controller_impl/share/ament_index/resource_index/parent_prefix_path/multi_mode_controller_impl
[13.347s] -- Installing: /home/user/humble_ws/install/multi_mode_controller_impl/share/multi_mode_controller_impl/environment/ament_prefix_path.sh
[13.347s] -- Installing: /home/user/humble_ws/install/multi_mode_controller_impl/share/multi_mode_controller_impl/environment/ament_prefix_path.dsv
[13.347s] -- Installing: /home/user/humble_ws/install/multi_mode_controller_impl/share/multi_mode_controller_impl/environment/path.sh
[13.347s] -- Installing: /home/user/humble_ws/install/multi_mode_controller_impl/share/multi_mode_controller_impl/environment/path.dsv
[13.347s] -- Installing: /home/user/humble_ws/install/multi_mode_controller_impl/share/multi_mode_controller_impl/local_setup.bash
[13.347s] -- Installing: /home/user/humble_ws/install/multi_mode_controller_impl/share/multi_mode_controller_impl/local_setup.sh
[13.347s] -- Installing: /home/user/humble_ws/install/multi_mode_controller_impl/share/multi_mode_controller_impl/local_setup.zsh
[13.348s] -- Installing: /home/user/humble_ws/install/multi_mode_controller_impl/share/multi_mode_controller_impl/local_setup.dsv
[13.348s] -- Installing: /home/user/humble_ws/install/multi_mode_controller_impl/share/multi_mode_controller_impl/package.dsv
[13.348s] -- Installing: /home/user/humble_ws/install/multi_mode_controller_impl/share/ament_index/resource_index/packages/multi_mode_controller_impl
[13.348s] -- Installing: /home/user/humble_ws/install/multi_mode_controller_impl/share/ament_index/resource_index/controller_interface__pluginlib__plugin/multi_mode_controller_impl
[13.348s] -- Installing: /home/user/humble_ws/install/multi_mode_controller_impl/share/multi_mode_controller_impl/cmake/ament_cmake_export_include_directories-extras.cmake
[13.348s] -- Installing: /home/user/humble_ws/install/multi_mode_controller_impl/share/multi_mode_controller_impl/cmake/ament_cmake_export_libraries-extras.cmake
[13.348s] -- Installing: /home/user/humble_ws/install/multi_mode_controller_impl/share/multi_mode_controller_impl/cmake/ament_cmake_export_dependencies-extras.cmake
[13.348s] -- Installing: /home/user/humble_ws/install/multi_mode_controller_impl/share/multi_mode_controller_impl/cmake/multi_mode_controller_implConfig.cmake
[13.349s] -- Installing: /home/user/humble_ws/install/multi_mode_controller_impl/share/multi_mode_controller_impl/cmake/multi_mode_controller_implConfig-version.cmake
[13.349s] -- Installing: /home/user/humble_ws/install/multi_mode_controller_impl/share/multi_mode_controller_impl/package.xml
[13.350s] Invoked command in '/home/user/humble_ws/build/multi_mode_controller_impl' returned '0': AMENT_PREFIX_PATH=/home/user/humble_ws/install/multi_mode_controller:/home/user/humble_ws/install/franka_semantic_components:/home/user/humble_ws/install/multi_mode_control_msgs:/home/user/humble_ws/install/franka_hardware:/home/user/humble_ws/install/franka_msgs:${AMENT_PREFIX_PATH} CMAKE_PREFIX_PATH=/home/user/humble_ws/install/multi_mode_controller:/home/user/humble_ws/install/franka_semantic_components:/home/user/humble_ws/install/multi_mode_control_msgs:/home/user/humble_ws/install/franka_hardware:/home/user/humble_ws/install/franka_msgs:~/Libraries/libfranka/lib/cmake:~/Libraries/mujoco/lib/cmake:/opt/ros/humble LD_LIBRARY_PATH=/home/user/humble_ws/install/multi_mode_controller/lib:/home/user/humble_ws/install/franka_semantic_components/lib:/home/user/humble_ws/install/multi_mode_control_msgs/lib:/home/user/humble_ws/install/franka_hardware/lib:/home/user/humble_ws/install/franka_msgs/lib:${LD_LIBRARY_PATH} PYTHONPATH=/home/user/humble_ws/install/multi_mode_control_msgs/local/lib/python3.10/dist-packages:/home/user/humble_ws/install/franka_msgs/local/lib/python3.10/dist-packages:${PYTHONPATH} /usr/bin/cmake --install /home/user/humble_ws/build/multi_mode_controller_impl
