-- Found ament_cmake: 1.3.10 (/opt/ros/humble/share/ament_cmake/cmake)
-- Found rclcpp: 16.0.10 (/opt/ros/humble/share/rclcpp/cmake)
-- Found rosidl_generator_c: 3.1.5 (/opt/ros/humble/share/rosidl_generator_c/cmake)
-- Found rosidl_adapter: 3.1.5 (/opt/ros/humble/share/rosidl_adapter/cmake)
-- Found rosidl_generator_cpp: 3.1.5 (/opt/ros/humble/share/rosidl_generator_cpp/cmake)
-- Using all available rosidl_typesupport_c: rosidl_typesupport_fastrtps_c;rosidl_typesupport_introspection_c
-- Using all available rosidl_typesupport_cpp: rosidl_typesupport_fastrtps_cpp;rosidl_typesupport_introspection_cpp
-- Found rmw_implementation_cmake: 6.1.2 (/opt/ros/humble/share/rmw_implementation_cmake/cmake)
-- Found rmw_fastrtps_cpp: 6.2.7 (/opt/ros/humble/share/rmw_fastrtps_cpp/cmake)
-- Using RMW implementation 'rmw_fastrtps_cpp' as default
-- Found controller_interface: 2.44.0 (/opt/ros/humble/share/controller_interface/cmake)
-- Found franka_msgs: 0.0.0 (/home/user/humble_ws/install/franka_msgs/share/franka_msgs/cmake)
-- Found multi_mode_controller: 0.0.0 (/home/user/humble_ws/install/multi_mode_controller/share/multi_mode_controller/cmake)
-- Found multi_mode_control_msgs: 0.0.0 (/home/user/humble_ws/install/multi_mode_control_msgs/share/multi_mode_control_msgs/cmake)
-- Found ament_lint_auto: 0.12.11 (/opt/ros/humble/share/ament_lint_auto/cmake)
-- Added test 'cppcheck' to perform static code analysis on C / C++ code
-- Configured cppcheck include dirs: /home/user/humble_ws/src/bimanual_architecture/franka_multi_mode_controller/multi_mode_controller_impl/include
-- Configured cppcheck exclude dirs and/or files: 
-- Added test 'lint_cmake' to check CMake code style
-- Added test 'uncrustify' to check C / C++ code style
-- Configured uncrustify additional arguments: 
-- Added test 'xmllint' to check XML markup files
-- Configuring done
-- Generating done
-- Build files have been written to: /home/user/humble_ws/build/multi_mode_controller_impl
[35m[1mConsolidate compiler generated dependencies of target multi_mode_controller_impl[0m
[100%] Built target multi_mode_controller_impl
-- Install configuration: "Release"
-- Up-to-date: /home/user/humble_ws/install/multi_mode_controller_impl/share/multi_mode_controller_impl/multi_mode_controllers.xml
-- Up-to-date: /home/user/humble_ws/install/multi_mode_controller_impl/lib/libmulti_mode_controller_impl.so
-- Up-to-date: /home/user/humble_ws/install/multi_mode_controller_impl/include
-- Up-to-date: /home/user/humble_ws/install/multi_mode_controller_impl/include/multi_mode_controller_impl
-- Up-to-date: /home/user/humble_ws/install/multi_mode_controller_impl/include/multi_mode_controller_impl/single_multi_mode_controller.h
-- Up-to-date: /home/user/humble_ws/install/multi_mode_controller_impl/share/multi_mode_controller_impl/environment/library_path.sh
-- Installing: /home/user/humble_ws/install/multi_mode_controller_impl/share/multi_mode_controller_impl/environment/library_path.dsv
-- Up-to-date: /home/user/humble_ws/install/multi_mode_controller_impl/share/ament_index/resource_index/package_run_dependencies/multi_mode_controller_impl
-- Installing: /home/user/humble_ws/install/multi_mode_controller_impl/share/ament_index/resource_index/parent_prefix_path/multi_mode_controller_impl
-- Up-to-date: /home/user/humble_ws/install/multi_mode_controller_impl/share/multi_mode_controller_impl/environment/ament_prefix_path.sh
-- Installing: /home/user/humble_ws/install/multi_mode_controller_impl/share/multi_mode_controller_impl/environment/ament_prefix_path.dsv
-- Up-to-date: /home/user/humble_ws/install/multi_mode_controller_impl/share/multi_mode_controller_impl/environment/path.sh
-- Installing: /home/user/humble_ws/install/multi_mode_controller_impl/share/multi_mode_controller_impl/environment/path.dsv
-- Up-to-date: /home/user/humble_ws/install/multi_mode_controller_impl/share/multi_mode_controller_impl/local_setup.bash
-- Up-to-date: /home/user/humble_ws/install/multi_mode_controller_impl/share/multi_mode_controller_impl/local_setup.sh
-- Up-to-date: /home/user/humble_ws/install/multi_mode_controller_impl/share/multi_mode_controller_impl/local_setup.zsh
-- Installing: /home/user/humble_ws/install/multi_mode_controller_impl/share/multi_mode_controller_impl/local_setup.dsv
-- Installing: /home/user/humble_ws/install/multi_mode_controller_impl/share/multi_mode_controller_impl/package.dsv
-- Up-to-date: /home/user/humble_ws/install/multi_mode_controller_impl/share/ament_index/resource_index/packages/multi_mode_controller_impl
-- Up-to-date: /home/user/humble_ws/install/multi_mode_controller_impl/share/ament_index/resource_index/controller_interface__pluginlib__plugin/multi_mode_controller_impl
-- Up-to-date: /home/user/humble_ws/install/multi_mode_controller_impl/share/multi_mode_controller_impl/cmake/ament_cmake_export_include_directories-extras.cmake
-- Up-to-date: /home/user/humble_ws/install/multi_mode_controller_impl/share/multi_mode_controller_impl/cmake/ament_cmake_export_libraries-extras.cmake
-- Up-to-date: /home/user/humble_ws/install/multi_mode_controller_impl/share/multi_mode_controller_impl/cmake/ament_cmake_export_dependencies-extras.cmake
-- Up-to-date: /home/user/humble_ws/install/multi_mode_controller_impl/share/multi_mode_controller_impl/cmake/multi_mode_controller_implConfig.cmake
-- Up-to-date: /home/user/humble_ws/install/multi_mode_controller_impl/share/multi_mode_controller_impl/cmake/multi_mode_controller_implConfig-version.cmake
-- Up-to-date: /home/user/humble_ws/install/multi_mode_controller_impl/share/multi_mode_controller_impl/package.xml
