[0.032s] Invoking command in '/home/user/humble_ws/build/multi_mode_controller_impl': CMAKE_PREFIX_PATH=/home/user/humble_ws/install/multi_mode_controller:/home/user/humble_ws/install/franka_semantic_components:/home/user/humble_ws/install/multi_mode_control_msgs:/home/user/humble_ws/install/franka_hardware:/home/user/humble_ws/install/franka_msgs:/home/user/humble_ws/install/panda_motion_generators:/home/user/humble_ws/install/panda_motion_generator_msgs:/home/user/humble_ws/install/multi_mode_controller_impl:/home/user/humble_ws/install/garmi_controllers:/home/user/humble_ws/install/franka_robot_state_broadcaster:/home/user/humble_ws/install/franka_example_controllers:/home/user/humble_ws/install/franka_moveit_config:/home/user/humble_ws/install/franka_bringup:/home/user/humble_ws/install/franka_gripper:/home/user/humble_ws/install/franka_control2:/home/user/humble_ws/install/franka_description:/home/user/Libraries/libfranka/lib/cmake:/home/user/Libraries/mujoco/lib/cmake:/opt/ros/humble LD_LIBRARY_PATH=/home/user/humble_ws/install/multi_mode_controller/lib:/home/user/humble_ws/install/franka_semantic_components/lib:/home/user/humble_ws/install/multi_mode_control_msgs/lib:/home/user/humble_ws/install/franka_hardware/lib:/home/user/humble_ws/install/franka_msgs/lib:/home/user/humble_ws/install/panda_motion_generators/lib:/home/user/humble_ws/install/panda_motion_generator_msgs/lib:/home/user/humble_ws/install/multi_mode_controller_impl/lib:/home/user/humble_ws/install/garmi_controllers/lib:/home/user/humble_ws/install/franka_robot_state_broadcaster/lib:/home/user/humble_ws/install/franka_example_controllers/lib:/home/user/humble_ws/install/franka_gripper/lib:/opt/ros/humble/opt/rviz_ogre_vendor/lib:/opt/ros/humble/lib/x86_64-linux-gnu:/opt/ros/humble/lib:/home/user/Libraries/libfranka/lib:/home/user/Libraries/mujoco/lib /usr/bin/cmake /home/user/humble_ws/src/bimanual_architecture/franka_multi_mode_controller/multi_mode_controller_impl -DCMAKE_INSTALL_PREFIX=/home/user/humble_ws/install/multi_mode_controller_impl
[0.053s] -- Found ament_cmake: 1.3.10 (/opt/ros/humble/share/ament_cmake/cmake)
[0.211s] -- Found rclcpp: 16.0.10 (/opt/ros/humble/share/rclcpp/cmake)
[0.257s] -- Found rosidl_generator_c: 3.1.5 (/opt/ros/humble/share/rosidl_generator_c/cmake)
[0.261s] -- Found rosidl_adapter: 3.1.5 (/opt/ros/humble/share/rosidl_adapter/cmake)
[0.271s] -- Found rosidl_generator_cpp: 3.1.5 (/opt/ros/humble/share/rosidl_generator_cpp/cmake)
[0.288s] -- Using all available rosidl_typesupport_c: rosidl_typesupport_fastrtps_c;rosidl_typesupport_introspection_c
[0.310s] -- Using all available rosidl_typesupport_cpp: rosidl_typesupport_fastrtps_cpp;rosidl_typesupport_introspection_cpp
[0.365s] -- Found rmw_implementation_cmake: 6.1.2 (/opt/ros/humble/share/rmw_implementation_cmake/cmake)
[0.368s] -- Found rmw_fastrtps_cpp: 6.2.7 (/opt/ros/humble/share/rmw_fastrtps_cpp/cmake)
[0.533s] -- Using RMW implementation 'rmw_fastrtps_cpp' as default
[0.600s] -- Found controller_interface: 2.44.0 (/opt/ros/humble/share/controller_interface/cmake)
[0.727s] -- Found franka_msgs: 0.0.0 (/home/user/humble_ws/install/franka_msgs/share/franka_msgs/cmake)
[0.745s] -- Found multi_mode_controller: 0.0.0 (/home/user/humble_ws/install/multi_mode_controller/share/multi_mode_controller/cmake)
[0.765s] -- Found multi_mode_control_msgs: 0.0.0 (/home/user/humble_ws/install/multi_mode_control_msgs/share/multi_mode_control_msgs/cmake)
[0.804s] -- Found ament_lint_auto: 0.12.11 (/opt/ros/humble/share/ament_lint_auto/cmake)
[0.908s] -- Added test 'cppcheck' to perform static code analysis on C / C++ code
[0.908s] -- Configured cppcheck include dirs: /home/user/humble_ws/src/bimanual_architecture/franka_multi_mode_controller/multi_mode_controller_impl/include
[0.909s] -- Configured cppcheck exclude dirs and/or files: 
[0.909s] -- Added test 'lint_cmake' to check CMake code style
[0.910s] -- Added test 'uncrustify' to check C / C++ code style
[0.910s] -- Configured uncrustify additional arguments: 
[0.911s] -- Added test 'xmllint' to check XML markup files
[0.920s] -- Configuring done
[0.952s] -- Generating done
[0.954s] -- Build files have been written to: /home/user/humble_ws/build/multi_mode_controller_impl
[0.960s] Invoked command in '/home/user/humble_ws/build/multi_mode_controller_impl' returned '0': CMAKE_PREFIX_PATH=/home/user/humble_ws/install/multi_mode_controller:/home/user/humble_ws/install/franka_semantic_components:/home/user/humble_ws/install/multi_mode_control_msgs:/home/user/humble_ws/install/franka_hardware:/home/user/humble_ws/install/franka_msgs:/home/user/humble_ws/install/panda_motion_generators:/home/user/humble_ws/install/panda_motion_generator_msgs:/home/user/humble_ws/install/multi_mode_controller_impl:/home/user/humble_ws/install/garmi_controllers:/home/user/humble_ws/install/franka_robot_state_broadcaster:/home/user/humble_ws/install/franka_example_controllers:/home/user/humble_ws/install/franka_moveit_config:/home/user/humble_ws/install/franka_bringup:/home/user/humble_ws/install/franka_gripper:/home/user/humble_ws/install/franka_control2:/home/user/humble_ws/install/franka_description:/home/user/Libraries/libfranka/lib/cmake:/home/user/Libraries/mujoco/lib/cmake:/opt/ros/humble LD_LIBRARY_PATH=/home/user/humble_ws/install/multi_mode_controller/lib:/home/user/humble_ws/install/franka_semantic_components/lib:/home/user/humble_ws/install/multi_mode_control_msgs/lib:/home/user/humble_ws/install/franka_hardware/lib:/home/user/humble_ws/install/franka_msgs/lib:/home/user/humble_ws/install/panda_motion_generators/lib:/home/user/humble_ws/install/panda_motion_generator_msgs/lib:/home/user/humble_ws/install/multi_mode_controller_impl/lib:/home/user/humble_ws/install/garmi_controllers/lib:/home/user/humble_ws/install/franka_robot_state_broadcaster/lib:/home/user/humble_ws/install/franka_example_controllers/lib:/home/user/humble_ws/install/franka_gripper/lib:/opt/ros/humble/opt/rviz_ogre_vendor/lib:/opt/ros/humble/lib/x86_64-linux-gnu:/opt/ros/humble/lib:/home/user/Libraries/libfranka/lib:/home/user/Libraries/mujoco/lib /usr/bin/cmake /home/user/humble_ws/src/bimanual_architecture/franka_multi_mode_controller/multi_mode_controller_impl -DCMAKE_INSTALL_PREFIX=/home/user/humble_ws/install/multi_mode_controller_impl
[0.962s] Invoking command in '/home/user/humble_ws/build/multi_mode_controller_impl': CMAKE_PREFIX_PATH=/home/user/humble_ws/install/multi_mode_controller:/home/user/humble_ws/install/franka_semantic_components:/home/user/humble_ws/install/multi_mode_control_msgs:/home/user/humble_ws/install/franka_hardware:/home/user/humble_ws/install/franka_msgs:/home/user/humble_ws/install/panda_motion_generators:/home/user/humble_ws/install/panda_motion_generator_msgs:/home/user/humble_ws/install/multi_mode_controller_impl:/home/user/humble_ws/install/garmi_controllers:/home/user/humble_ws/install/franka_robot_state_broadcaster:/home/user/humble_ws/install/franka_example_controllers:/home/user/humble_ws/install/franka_moveit_config:/home/user/humble_ws/install/franka_bringup:/home/user/humble_ws/install/franka_gripper:/home/user/humble_ws/install/franka_control2:/home/user/humble_ws/install/franka_description:/home/user/Libraries/libfranka/lib/cmake:/home/user/Libraries/mujoco/lib/cmake:/opt/ros/humble LD_LIBRARY_PATH=/home/user/humble_ws/install/multi_mode_controller/lib:/home/user/humble_ws/install/franka_semantic_components/lib:/home/user/humble_ws/install/multi_mode_control_msgs/lib:/home/user/humble_ws/install/franka_hardware/lib:/home/user/humble_ws/install/franka_msgs/lib:/home/user/humble_ws/install/panda_motion_generators/lib:/home/user/humble_ws/install/panda_motion_generator_msgs/lib:/home/user/humble_ws/install/multi_mode_controller_impl/lib:/home/user/humble_ws/install/garmi_controllers/lib:/home/user/humble_ws/install/franka_robot_state_broadcaster/lib:/home/user/humble_ws/install/franka_example_controllers/lib:/home/user/humble_ws/install/franka_gripper/lib:/opt/ros/humble/opt/rviz_ogre_vendor/lib:/opt/ros/humble/lib/x86_64-linux-gnu:/opt/ros/humble/lib:/home/user/Libraries/libfranka/lib:/home/user/Libraries/mujoco/lib /usr/bin/cmake --build /home/user/humble_ws/build/multi_mode_controller_impl -- -j12 -l12
[1.022s] [35m[1mConsolidate compiler generated dependencies of target multi_mode_controller_impl[0m
[1.048s] [100%] Built target multi_mode_controller_impl
[1.065s] Invoked command in '/home/user/humble_ws/build/multi_mode_controller_impl' returned '0': CMAKE_PREFIX_PATH=/home/user/humble_ws/install/multi_mode_controller:/home/user/humble_ws/install/franka_semantic_components:/home/user/humble_ws/install/multi_mode_control_msgs:/home/user/humble_ws/install/franka_hardware:/home/user/humble_ws/install/franka_msgs:/home/user/humble_ws/install/panda_motion_generators:/home/user/humble_ws/install/panda_motion_generator_msgs:/home/user/humble_ws/install/multi_mode_controller_impl:/home/user/humble_ws/install/garmi_controllers:/home/user/humble_ws/install/franka_robot_state_broadcaster:/home/user/humble_ws/install/franka_example_controllers:/home/user/humble_ws/install/franka_moveit_config:/home/user/humble_ws/install/franka_bringup:/home/user/humble_ws/install/franka_gripper:/home/user/humble_ws/install/franka_control2:/home/user/humble_ws/install/franka_description:/home/user/Libraries/libfranka/lib/cmake:/home/user/Libraries/mujoco/lib/cmake:/opt/ros/humble LD_LIBRARY_PATH=/home/user/humble_ws/install/multi_mode_controller/lib:/home/user/humble_ws/install/franka_semantic_components/lib:/home/user/humble_ws/install/multi_mode_control_msgs/lib:/home/user/humble_ws/install/franka_hardware/lib:/home/user/humble_ws/install/franka_msgs/lib:/home/user/humble_ws/install/panda_motion_generators/lib:/home/user/humble_ws/install/panda_motion_generator_msgs/lib:/home/user/humble_ws/install/multi_mode_controller_impl/lib:/home/user/humble_ws/install/garmi_controllers/lib:/home/user/humble_ws/install/franka_robot_state_broadcaster/lib:/home/user/humble_ws/install/franka_example_controllers/lib:/home/user/humble_ws/install/franka_gripper/lib:/opt/ros/humble/opt/rviz_ogre_vendor/lib:/opt/ros/humble/lib/x86_64-linux-gnu:/opt/ros/humble/lib:/home/user/Libraries/libfranka/lib:/home/user/Libraries/mujoco/lib /usr/bin/cmake --build /home/user/humble_ws/build/multi_mode_controller_impl -- -j12 -l12
[1.113s] Invoking command in '/home/user/humble_ws/build/multi_mode_controller_impl': CMAKE_PREFIX_PATH=/home/user/humble_ws/install/multi_mode_controller:/home/user/humble_ws/install/franka_semantic_components:/home/user/humble_ws/install/multi_mode_control_msgs:/home/user/humble_ws/install/franka_hardware:/home/user/humble_ws/install/franka_msgs:/home/user/humble_ws/install/panda_motion_generators:/home/user/humble_ws/install/panda_motion_generator_msgs:/home/user/humble_ws/install/multi_mode_controller_impl:/home/user/humble_ws/install/garmi_controllers:/home/user/humble_ws/install/franka_robot_state_broadcaster:/home/user/humble_ws/install/franka_example_controllers:/home/user/humble_ws/install/franka_moveit_config:/home/user/humble_ws/install/franka_bringup:/home/user/humble_ws/install/franka_gripper:/home/user/humble_ws/install/franka_control2:/home/user/humble_ws/install/franka_description:/home/user/Libraries/libfranka/lib/cmake:/home/user/Libraries/mujoco/lib/cmake:/opt/ros/humble LD_LIBRARY_PATH=/home/user/humble_ws/install/multi_mode_controller/lib:/home/user/humble_ws/install/franka_semantic_components/lib:/home/user/humble_ws/install/multi_mode_control_msgs/lib:/home/user/humble_ws/install/franka_hardware/lib:/home/user/humble_ws/install/franka_msgs/lib:/home/user/humble_ws/install/panda_motion_generators/lib:/home/user/humble_ws/install/panda_motion_generator_msgs/lib:/home/user/humble_ws/install/multi_mode_controller_impl/lib:/home/user/humble_ws/install/garmi_controllers/lib:/home/user/humble_ws/install/franka_robot_state_broadcaster/lib:/home/user/humble_ws/install/franka_example_controllers/lib:/home/user/humble_ws/install/franka_gripper/lib:/opt/ros/humble/opt/rviz_ogre_vendor/lib:/opt/ros/humble/lib/x86_64-linux-gnu:/opt/ros/humble/lib:/home/user/Libraries/libfranka/lib:/home/user/Libraries/mujoco/lib /usr/bin/cmake --install /home/user/humble_ws/build/multi_mode_controller_impl
[1.126s] -- Install configuration: "Release"
[1.126s] -- Up-to-date: /home/user/humble_ws/install/multi_mode_controller_impl/share/multi_mode_controller_impl/multi_mode_controllers.xml
[1.127s] -- Up-to-date: /home/user/humble_ws/install/multi_mode_controller_impl/lib/libmulti_mode_controller_impl.so
[1.128s] -- Up-to-date: /home/user/humble_ws/install/multi_mode_controller_impl/include
[1.129s] -- Up-to-date: /home/user/humble_ws/install/multi_mode_controller_impl/include/multi_mode_controller_impl
[1.129s] -- Up-to-date: /home/user/humble_ws/install/multi_mode_controller_impl/include/multi_mode_controller_impl/single_multi_mode_controller.h
[1.130s] -- Up-to-date: /home/user/humble_ws/install/multi_mode_controller_impl/share/multi_mode_controller_impl/environment/library_path.sh
[1.131s] -- Installing: /home/user/humble_ws/install/multi_mode_controller_impl/share/multi_mode_controller_impl/environment/library_path.dsv
[1.131s] -- Up-to-date: /home/user/humble_ws/install/multi_mode_controller_impl/share/ament_index/resource_index/package_run_dependencies/multi_mode_controller_impl
[1.133s] -- Installing: /home/user/humble_ws/install/multi_mode_controller_impl/share/ament_index/resource_index/parent_prefix_path/multi_mode_controller_impl
[1.133s] -- Up-to-date: /home/user/humble_ws/install/multi_mode_controller_impl/share/multi_mode_controller_impl/environment/ament_prefix_path.sh
[1.134s] -- Installing: /home/user/humble_ws/install/multi_mode_controller_impl/share/multi_mode_controller_impl/environment/ament_prefix_path.dsv
[1.134s] -- Up-to-date: /home/user/humble_ws/install/multi_mode_controller_impl/share/multi_mode_controller_impl/environment/path.sh
[1.135s] -- Installing: /home/user/humble_ws/install/multi_mode_controller_impl/share/multi_mode_controller_impl/environment/path.dsv
[1.135s] -- Up-to-date: /home/user/humble_ws/install/multi_mode_controller_impl/share/multi_mode_controller_impl/local_setup.bash
[1.136s] -- Up-to-date: /home/user/humble_ws/install/multi_mode_controller_impl/share/multi_mode_controller_impl/local_setup.sh
[1.137s] -- Up-to-date: /home/user/humble_ws/install/multi_mode_controller_impl/share/multi_mode_controller_impl/local_setup.zsh
[1.138s] -- Installing: /home/user/humble_ws/install/multi_mode_controller_impl/share/multi_mode_controller_impl/local_setup.dsv
[1.138s] -- Installing: /home/user/humble_ws/install/multi_mode_controller_impl/share/multi_mode_controller_impl/package.dsv
[1.139s] -- Up-to-date: /home/user/humble_ws/install/multi_mode_controller_impl/share/ament_index/resource_index/packages/multi_mode_controller_impl
[1.139s] -- Up-to-date: /home/user/humble_ws/install/multi_mode_controller_impl/share/ament_index/resource_index/controller_interface__pluginlib__plugin/multi_mode_controller_impl
[1.140s] -- Up-to-date: /home/user/humble_ws/install/multi_mode_controller_impl/share/multi_mode_controller_impl/cmake/ament_cmake_export_include_directories-extras.cmake
[1.141s] -- Up-to-date: /home/user/humble_ws/install/multi_mode_controller_impl/share/multi_mode_controller_impl/cmake/ament_cmake_export_libraries-extras.cmake
[1.142s] -- Up-to-date: /home/user/humble_ws/install/multi_mode_controller_impl/share/multi_mode_controller_impl/cmake/ament_cmake_export_dependencies-extras.cmake
[1.142s] -- Up-to-date: /home/user/humble_ws/install/multi_mode_controller_impl/share/multi_mode_controller_impl/cmake/multi_mode_controller_implConfig.cmake
[1.143s] -- Up-to-date: /home/user/humble_ws/install/multi_mode_controller_impl/share/multi_mode_controller_impl/cmake/multi_mode_controller_implConfig-version.cmake
[1.144s] -- Up-to-date: /home/user/humble_ws/install/multi_mode_controller_impl/share/multi_mode_controller_impl/package.xml
[1.148s] Invoked command in '/home/user/humble_ws/build/multi_mode_controller_impl' returned '0': CMAKE_PREFIX_PATH=/home/user/humble_ws/install/multi_mode_controller:/home/user/humble_ws/install/franka_semantic_components:/home/user/humble_ws/install/multi_mode_control_msgs:/home/user/humble_ws/install/franka_hardware:/home/user/humble_ws/install/franka_msgs:/home/user/humble_ws/install/panda_motion_generators:/home/user/humble_ws/install/panda_motion_generator_msgs:/home/user/humble_ws/install/multi_mode_controller_impl:/home/user/humble_ws/install/garmi_controllers:/home/user/humble_ws/install/franka_robot_state_broadcaster:/home/user/humble_ws/install/franka_example_controllers:/home/user/humble_ws/install/franka_moveit_config:/home/user/humble_ws/install/franka_bringup:/home/user/humble_ws/install/franka_gripper:/home/user/humble_ws/install/franka_control2:/home/user/humble_ws/install/franka_description:/home/user/Libraries/libfranka/lib/cmake:/home/user/Libraries/mujoco/lib/cmake:/opt/ros/humble LD_LIBRARY_PATH=/home/user/humble_ws/install/multi_mode_controller/lib:/home/user/humble_ws/install/franka_semantic_components/lib:/home/user/humble_ws/install/multi_mode_control_msgs/lib:/home/user/humble_ws/install/franka_hardware/lib:/home/user/humble_ws/install/franka_msgs/lib:/home/user/humble_ws/install/panda_motion_generators/lib:/home/user/humble_ws/install/panda_motion_generator_msgs/lib:/home/user/humble_ws/install/multi_mode_controller_impl/lib:/home/user/humble_ws/install/garmi_controllers/lib:/home/user/humble_ws/install/franka_robot_state_broadcaster/lib:/home/user/humble_ws/install/franka_example_controllers/lib:/home/user/humble_ws/install/franka_gripper/lib:/opt/ros/humble/opt/rviz_ogre_vendor/lib:/opt/ros/humble/lib/x86_64-linux-gnu:/opt/ros/humble/lib:/home/user/Libraries/libfranka/lib:/home/user/Libraries/mujoco/lib /usr/bin/cmake --install /home/user/humble_ws/build/multi_mode_controller_impl
