[0.047s] Invoking command in '/home/user/humble_ws/build/panda_motion_generator_msgs': CMAKE_PREFIX_PATH=${CMAKE_PREFIX_PATH}:/opt/ros/humble /usr/bin/cmake --build /home/user/humble_ws/build/panda_motion_generator_msgs -- -j12 -l12
[0.230s] [  1%] Built target panda_motion_generator_msgs__cpp
[0.240s] [ 12%] Built target panda_motion_generator_msgs__rosidl_generator_c
[0.288s] [ 12%] Built target ament_cmake_python_copy_panda_motion_generator_msgs
[0.305s] [ 23%] Built target panda_motion_generator_msgs__rosidl_typesupport_cpp
[0.323s] [ 34%] Built target panda_motion_generator_msgs__rosidl_typesupport_introspection_c
[0.327s] [ 46%] Built target panda_motion_generator_msgs__rosidl_typesupport_introspection_cpp
[0.333s] [ 57%] Built target panda_motion_generator_msgs__rosidl_typesupport_fastrtps_c
[0.338s] [ 68%] Built target panda_motion_generator_msgs__rosidl_typesupport_fastrtps_cpp
[0.352s] [ 79%] Built target panda_motion_generator_msgs__rosidl_typesupport_c
[0.463s] [ 79%] Built target panda_motion_generator_msgs
[0.464s] [ 80%] Built target panda_motion_generator_msgs__py
[0.515s] [ 90%] Built target panda_motion_generator_msgs__rosidl_generator_py
[0.581s] [100%] Built target panda_motion_generator_msgs__rosidl_typesupport_fastrtps_c__pyext
[0.581s] [ 98%] Built target panda_motion_generator_msgs__rosidl_typesupport_c__pyext
[0.581s] [100%] Built target panda_motion_generator_msgs__rosidl_typesupport_introspection_c__pyext
[0.608s] running egg_info
[0.610s] writing panda_motion_generator_msgs.egg-info/PKG-INFO
[0.610s] writing dependency_links to panda_motion_generator_msgs.egg-info/dependency_links.txt
[0.611s] writing top-level names to panda_motion_generator_msgs.egg-info/top_level.txt
[0.617s] reading manifest file 'panda_motion_generator_msgs.egg-info/SOURCES.txt'
[0.618s] writing manifest file 'panda_motion_generator_msgs.egg-info/SOURCES.txt'
[0.669s] [100%] Built target ament_cmake_python_build_panda_motion_generator_msgs_egg
[0.700s] Invoked command in '/home/user/humble_ws/build/panda_motion_generator_msgs' returned '0': CMAKE_PREFIX_PATH=${CMAKE_PREFIX_PATH}:/opt/ros/humble /usr/bin/cmake --build /home/user/humble_ws/build/panda_motion_generator_msgs -- -j12 -l12
[1.110s] Invoking command in '/home/user/humble_ws/build/panda_motion_generator_msgs': CMAKE_PREFIX_PATH=${CMAKE_PREFIX_PATH}:/opt/ros/humble /usr/bin/cmake --install /home/user/humble_ws/build/panda_motion_generator_msgs
[1.129s] -- Install configuration: "Release"
[1.129s] -- Up-to-date: /home/user/humble_ws/install/panda_motion_generator_msgs/share/ament_index/resource_index/rosidl_interfaces/panda_motion_generator_msgs
[1.130s] -- Up-to-date: /home/user/humble_ws/install/panda_motion_generator_msgs/include/panda_motion_generator_msgs/panda_motion_generator_msgs
[1.130s] -- Up-to-date: /home/user/humble_ws/install/panda_motion_generator_msgs/include/panda_motion_generator_msgs/panda_motion_generator_msgs/action
[1.130s] -- Up-to-date: /home/user/humble_ws/install/panda_motion_generator_msgs/include/panda_motion_generator_msgs/panda_motion_generator_msgs/action/detail
[1.130s] -- Up-to-date: /home/user/humble_ws/install/panda_motion_generator_msgs/include/panda_motion_generator_msgs/panda_motion_generator_msgs/action/detail/cartesian_via_motion__type_support.h
[1.130s] -- Up-to-date: /home/user/humble_ws/install/panda_motion_generator_msgs/include/panda_motion_generator_msgs/panda_motion_generator_msgs/action/detail/joint_via_motion__type_support.h
[1.131s] -- Up-to-date: /home/user/humble_ws/install/panda_motion_generator_msgs/include/panda_motion_generator_msgs/panda_motion_generator_msgs/action/detail/joint_via_motion__struct.h
[1.131s] -- Up-to-date: /home/user/humble_ws/install/panda_motion_generator_msgs/include/panda_motion_generator_msgs/panda_motion_generator_msgs/action/detail/cartesian_via_motion__functions.h
[1.131s] -- Up-to-date: /home/user/humble_ws/install/panda_motion_generator_msgs/include/panda_motion_generator_msgs/panda_motion_generator_msgs/action/detail/joint_via_motion__functions.h
[1.131s] -- Up-to-date: /home/user/humble_ws/install/panda_motion_generator_msgs/include/panda_motion_generator_msgs/panda_motion_generator_msgs/action/detail/joint_via_motion__functions.c
[1.132s] -- Up-to-date: /home/user/humble_ws/install/panda_motion_generator_msgs/include/panda_motion_generator_msgs/panda_motion_generator_msgs/action/detail/cartesian_via_motion__struct.h
[1.132s] -- Up-to-date: /home/user/humble_ws/install/panda_motion_generator_msgs/include/panda_motion_generator_msgs/panda_motion_generator_msgs/action/detail/cartesian_via_motion__functions.c
[1.132s] -- Up-to-date: /home/user/humble_ws/install/panda_motion_generator_msgs/include/panda_motion_generator_msgs/panda_motion_generator_msgs/action/cartesian_via_motion.h
[1.132s] -- Up-to-date: /home/user/humble_ws/install/panda_motion_generator_msgs/include/panda_motion_generator_msgs/panda_motion_generator_msgs/action/joint_via_motion.h
[1.132s] -- Up-to-date: /home/user/humble_ws/install/panda_motion_generator_msgs/include/panda_motion_generator_msgs/panda_motion_generator_msgs/msg
[1.132s] -- Up-to-date: /home/user/humble_ws/install/panda_motion_generator_msgs/include/panda_motion_generator_msgs/panda_motion_generator_msgs/msg/rosidl_generator_c__visibility_control.h
[1.133s] -- Up-to-date: /home/user/humble_ws/install/panda_motion_generator_msgs/include/panda_motion_generator_msgs/panda_motion_generator_msgs/msg/detail
[1.133s] -- Up-to-date: /home/user/humble_ws/install/panda_motion_generator_msgs/include/panda_motion_generator_msgs/panda_motion_generator_msgs/msg/detail/simple_action_result__functions.c
[1.133s] -- Up-to-date: /home/user/humble_ws/install/panda_motion_generator_msgs/include/panda_motion_generator_msgs/panda_motion_generator_msgs/msg/detail/simple_action_result__type_support.h
[1.133s] -- Up-to-date: /home/user/humble_ws/install/panda_motion_generator_msgs/include/panda_motion_generator_msgs/panda_motion_generator_msgs/msg/detail/joint_pose__struct.h
[1.134s] -- Up-to-date: /home/user/humble_ws/install/panda_motion_generator_msgs/include/panda_motion_generator_msgs/panda_motion_generator_msgs/msg/detail/set_time_scaling__functions.c
[1.134s] -- Up-to-date: /home/user/humble_ws/install/panda_motion_generator_msgs/include/panda_motion_generator_msgs/panda_motion_generator_msgs/msg/detail/set_time_scaling__type_support.h
[1.134s] -- Up-to-date: /home/user/humble_ws/install/panda_motion_generator_msgs/include/panda_motion_generator_msgs/panda_motion_generator_msgs/msg/detail/joint_pose__type_support.h
[1.134s] -- Up-to-date: /home/user/humble_ws/install/panda_motion_generator_msgs/include/panda_motion_generator_msgs/panda_motion_generator_msgs/msg/detail/set_time_scaling__struct.h
[1.134s] -- Up-to-date: /home/user/humble_ws/install/panda_motion_generator_msgs/include/panda_motion_generator_msgs/panda_motion_generator_msgs/msg/detail/joint_pose__functions.h
[1.134s] -- Up-to-date: /home/user/humble_ws/install/panda_motion_generator_msgs/include/panda_motion_generator_msgs/panda_motion_generator_msgs/msg/detail/simple_action_result__functions.h
[1.135s] -- Up-to-date: /home/user/humble_ws/install/panda_motion_generator_msgs/include/panda_motion_generator_msgs/panda_motion_generator_msgs/msg/detail/simple_action_result__struct.h
[1.135s] -- Up-to-date: /home/user/humble_ws/install/panda_motion_generator_msgs/include/panda_motion_generator_msgs/panda_motion_generator_msgs/msg/detail/set_time_scaling__functions.h
[1.135s] -- Up-to-date: /home/user/humble_ws/install/panda_motion_generator_msgs/include/panda_motion_generator_msgs/panda_motion_generator_msgs/msg/detail/joint_pose__functions.c
[1.135s] -- Up-to-date: /home/user/humble_ws/install/panda_motion_generator_msgs/include/panda_motion_generator_msgs/panda_motion_generator_msgs/msg/simple_action_result.h
[1.136s] -- Up-to-date: /home/user/humble_ws/install/panda_motion_generator_msgs/include/panda_motion_generator_msgs/panda_motion_generator_msgs/msg/set_time_scaling.h
[1.136s] -- Up-to-date: /home/user/humble_ws/install/panda_motion_generator_msgs/include/panda_motion_generator_msgs/panda_motion_generator_msgs/msg/joint_pose.h
[1.136s] -- Up-to-date: /home/user/humble_ws/install/panda_motion_generator_msgs/share/panda_motion_generator_msgs/environment/library_path.sh
[1.136s] -- Up-to-date: /home/user/humble_ws/install/panda_motion_generator_msgs/share/panda_motion_generator_msgs/environment/library_path.dsv
[1.136s] -- Up-to-date: /home/user/humble_ws/install/panda_motion_generator_msgs/lib/libpanda_motion_generator_msgs__rosidl_generator_c.so
[1.137s] -- Up-to-date: /home/user/humble_ws/install/panda_motion_generator_msgs/include/panda_motion_generator_msgs/panda_motion_generator_msgs
[1.137s] -- Up-to-date: /home/user/humble_ws/install/panda_motion_generator_msgs/include/panda_motion_generator_msgs/panda_motion_generator_msgs/action
[1.137s] -- Up-to-date: /home/user/humble_ws/install/panda_motion_generator_msgs/include/panda_motion_generator_msgs/panda_motion_generator_msgs/action/detail
[1.137s] -- Up-to-date: /home/user/humble_ws/install/panda_motion_generator_msgs/include/panda_motion_generator_msgs/panda_motion_generator_msgs/action/detail/cartesian_via_motion__rosidl_typesupport_fastrtps_c.h
[1.137s] -- Up-to-date: /home/user/humble_ws/install/panda_motion_generator_msgs/include/panda_motion_generator_msgs/panda_motion_generator_msgs/action/detail/joint_via_motion__rosidl_typesupport_fastrtps_c.h
[1.137s] -- Up-to-date: /home/user/humble_ws/install/panda_motion_generator_msgs/include/panda_motion_generator_msgs/panda_motion_generator_msgs/msg
[1.138s] -- Up-to-date: /home/user/humble_ws/install/panda_motion_generator_msgs/include/panda_motion_generator_msgs/panda_motion_generator_msgs/msg/detail
[1.138s] -- Up-to-date: /home/user/humble_ws/install/panda_motion_generator_msgs/include/panda_motion_generator_msgs/panda_motion_generator_msgs/msg/detail/joint_pose__rosidl_typesupport_fastrtps_c.h
[1.138s] -- Up-to-date: /home/user/humble_ws/install/panda_motion_generator_msgs/include/panda_motion_generator_msgs/panda_motion_generator_msgs/msg/detail/simple_action_result__rosidl_typesupport_fastrtps_c.h
[1.138s] -- Up-to-date: /home/user/humble_ws/install/panda_motion_generator_msgs/include/panda_motion_generator_msgs/panda_motion_generator_msgs/msg/detail/set_time_scaling__rosidl_typesupport_fastrtps_c.h
[1.138s] -- Up-to-date: /home/user/humble_ws/install/panda_motion_generator_msgs/include/panda_motion_generator_msgs/panda_motion_generator_msgs/msg/rosidl_typesupport_fastrtps_c__visibility_control.h
[1.138s] -- Up-to-date: /home/user/humble_ws/install/panda_motion_generator_msgs/lib/libpanda_motion_generator_msgs__rosidl_typesupport_fastrtps_c.so
[1.139s] -- Up-to-date: /home/user/humble_ws/install/panda_motion_generator_msgs/include/panda_motion_generator_msgs/panda_motion_generator_msgs
[1.139s] -- Up-to-date: /home/user/humble_ws/install/panda_motion_generator_msgs/include/panda_motion_generator_msgs/panda_motion_generator_msgs/action
[1.139s] -- Up-to-date: /home/user/humble_ws/install/panda_motion_generator_msgs/include/panda_motion_generator_msgs/panda_motion_generator_msgs/action/cartesian_via_motion.hpp
[1.139s] -- Up-to-date: /home/user/humble_ws/install/panda_motion_generator_msgs/include/panda_motion_generator_msgs/panda_motion_generator_msgs/action/joint_via_motion.hpp
[1.139s] -- Up-to-date: /home/user/humble_ws/install/panda_motion_generator_msgs/include/panda_motion_generator_msgs/panda_motion_generator_msgs/action/detail
[1.139s] -- Up-to-date: /home/user/humble_ws/install/panda_motion_generator_msgs/include/panda_motion_generator_msgs/panda_motion_generator_msgs/action/detail/cartesian_via_motion__traits.hpp
[1.140s] -- Up-to-date: /home/user/humble_ws/install/panda_motion_generator_msgs/include/panda_motion_generator_msgs/panda_motion_generator_msgs/action/detail/joint_via_motion__traits.hpp
[1.140s] -- Up-to-date: /home/user/humble_ws/install/panda_motion_generator_msgs/include/panda_motion_generator_msgs/panda_motion_generator_msgs/action/detail/cartesian_via_motion__builder.hpp
[1.140s] -- Up-to-date: /home/user/humble_ws/install/panda_motion_generator_msgs/include/panda_motion_generator_msgs/panda_motion_generator_msgs/action/detail/joint_via_motion__builder.hpp
[1.140s] -- Up-to-date: /home/user/humble_ws/install/panda_motion_generator_msgs/include/panda_motion_generator_msgs/panda_motion_generator_msgs/action/detail/cartesian_via_motion__struct.hpp
[1.141s] -- Up-to-date: /home/user/humble_ws/install/panda_motion_generator_msgs/include/panda_motion_generator_msgs/panda_motion_generator_msgs/action/detail/joint_via_motion__struct.hpp
[1.141s] -- Up-to-date: /home/user/humble_ws/install/panda_motion_generator_msgs/include/panda_motion_generator_msgs/panda_motion_generator_msgs/msg
[1.141s] -- Up-to-date: /home/user/humble_ws/install/panda_motion_generator_msgs/include/panda_motion_generator_msgs/panda_motion_generator_msgs/msg/detail
[1.141s] -- Up-to-date: /home/user/humble_ws/install/panda_motion_generator_msgs/include/panda_motion_generator_msgs/panda_motion_generator_msgs/msg/detail/set_time_scaling__builder.hpp
[1.141s] -- Up-to-date: /home/user/humble_ws/install/panda_motion_generator_msgs/include/panda_motion_generator_msgs/panda_motion_generator_msgs/msg/detail/joint_pose__traits.hpp
[1.141s] -- Up-to-date: /home/user/humble_ws/install/panda_motion_generator_msgs/include/panda_motion_generator_msgs/panda_motion_generator_msgs/msg/detail/simple_action_result__traits.hpp
[1.142s] -- Up-to-date: /home/user/humble_ws/install/panda_motion_generator_msgs/include/panda_motion_generator_msgs/panda_motion_generator_msgs/msg/detail/joint_pose__struct.hpp
[1.142s] -- Up-to-date: /home/user/humble_ws/install/panda_motion_generator_msgs/include/panda_motion_generator_msgs/panda_motion_generator_msgs/msg/detail/simple_action_result__struct.hpp
[1.142s] -- Up-to-date: /home/user/humble_ws/install/panda_motion_generator_msgs/include/panda_motion_generator_msgs/panda_motion_generator_msgs/msg/detail/set_time_scaling__traits.hpp
[1.142s] -- Up-to-date: /home/user/humble_ws/install/panda_motion_generator_msgs/include/panda_motion_generator_msgs/panda_motion_generator_msgs/msg/detail/joint_pose__builder.hpp
[1.142s] -- Up-to-date: /home/user/humble_ws/install/panda_motion_generator_msgs/include/panda_motion_generator_msgs/panda_motion_generator_msgs/msg/detail/set_time_scaling__struct.hpp
[1.142s] -- Up-to-date: /home/user/humble_ws/install/panda_motion_generator_msgs/include/panda_motion_generator_msgs/panda_motion_generator_msgs/msg/detail/simple_action_result__builder.hpp
[1.142s] -- Up-to-date: /home/user/humble_ws/install/panda_motion_generator_msgs/include/panda_motion_generator_msgs/panda_motion_generator_msgs/msg/set_time_scaling.hpp
[1.143s] -- Up-to-date: /home/user/humble_ws/install/panda_motion_generator_msgs/include/panda_motion_generator_msgs/panda_motion_generator_msgs/msg/simple_action_result.hpp
[1.143s] -- Up-to-date: /home/user/humble_ws/install/panda_motion_generator_msgs/include/panda_motion_generator_msgs/panda_motion_generator_msgs/msg/joint_pose.hpp
[1.143s] -- Up-to-date: /home/user/humble_ws/install/panda_motion_generator_msgs/include/panda_motion_generator_msgs/panda_motion_generator_msgs
[1.143s] -- Up-to-date: /home/user/humble_ws/install/panda_motion_generator_msgs/include/panda_motion_generator_msgs/panda_motion_generator_msgs/action
[1.143s] -- Up-to-date: /home/user/humble_ws/install/panda_motion_generator_msgs/include/panda_motion_generator_msgs/panda_motion_generator_msgs/action/detail
[1.143s] -- Up-to-date: /home/user/humble_ws/install/panda_motion_generator_msgs/include/panda_motion_generator_msgs/panda_motion_generator_msgs/action/detail/dds_fastrtps
[1.143s] -- Up-to-date: /home/user/humble_ws/install/panda_motion_generator_msgs/include/panda_motion_generator_msgs/panda_motion_generator_msgs/action/detail/joint_via_motion__rosidl_typesupport_fastrtps_cpp.hpp
[1.144s] -- Up-to-date: /home/user/humble_ws/install/panda_motion_generator_msgs/include/panda_motion_generator_msgs/panda_motion_generator_msgs/action/detail/cartesian_via_motion__rosidl_typesupport_fastrtps_cpp.hpp
[1.144s] -- Up-to-date: /home/user/humble_ws/install/panda_motion_generator_msgs/include/panda_motion_generator_msgs/panda_motion_generator_msgs/msg
[1.144s] -- Up-to-date: /home/user/humble_ws/install/panda_motion_generator_msgs/include/panda_motion_generator_msgs/panda_motion_generator_msgs/msg/detail
[1.144s] -- Up-to-date: /home/user/humble_ws/install/panda_motion_generator_msgs/include/panda_motion_generator_msgs/panda_motion_generator_msgs/msg/detail/dds_fastrtps
[1.144s] -- Up-to-date: /home/user/humble_ws/install/panda_motion_generator_msgs/include/panda_motion_generator_msgs/panda_motion_generator_msgs/msg/detail/joint_pose__rosidl_typesupport_fastrtps_cpp.hpp
[1.144s] -- Up-to-date: /home/user/humble_ws/install/panda_motion_generator_msgs/include/panda_motion_generator_msgs/panda_motion_generator_msgs/msg/detail/simple_action_result__rosidl_typesupport_fastrtps_cpp.hpp
[1.144s] -- Up-to-date: /home/user/humble_ws/install/panda_motion_generator_msgs/include/panda_motion_generator_msgs/panda_motion_generator_msgs/msg/detail/set_time_scaling__rosidl_typesupport_fastrtps_cpp.hpp
[1.145s] -- Up-to-date: /home/user/humble_ws/install/panda_motion_generator_msgs/include/panda_motion_generator_msgs/panda_motion_generator_msgs/msg/rosidl_typesupport_fastrtps_cpp__visibility_control.h
[1.145s] -- Up-to-date: /home/user/humble_ws/install/panda_motion_generator_msgs/lib/libpanda_motion_generator_msgs__rosidl_typesupport_fastrtps_cpp.so
[1.145s] -- Up-to-date: /home/user/humble_ws/install/panda_motion_generator_msgs/include/panda_motion_generator_msgs/panda_motion_generator_msgs
[1.145s] -- Up-to-date: /home/user/humble_ws/install/panda_motion_generator_msgs/include/panda_motion_generator_msgs/panda_motion_generator_msgs/action
[1.145s] -- Up-to-date: /home/user/humble_ws/install/panda_motion_generator_msgs/include/panda_motion_generator_msgs/panda_motion_generator_msgs/action/detail
[1.145s] -- Up-to-date: /home/user/humble_ws/install/panda_motion_generator_msgs/include/panda_motion_generator_msgs/panda_motion_generator_msgs/action/detail/cartesian_via_motion__rosidl_typesupport_introspection_c.h
[1.146s] -- Up-to-date: /home/user/humble_ws/install/panda_motion_generator_msgs/include/panda_motion_generator_msgs/panda_motion_generator_msgs/action/detail/joint_via_motion__rosidl_typesupport_introspection_c.h
[1.146s] -- Up-to-date: /home/user/humble_ws/install/panda_motion_generator_msgs/include/panda_motion_generator_msgs/panda_motion_generator_msgs/action/detail/joint_via_motion__type_support.c
[1.146s] -- Up-to-date: /home/user/humble_ws/install/panda_motion_generator_msgs/include/panda_motion_generator_msgs/panda_motion_generator_msgs/action/detail/cartesian_via_motion__type_support.c
[1.146s] -- Up-to-date: /home/user/humble_ws/install/panda_motion_generator_msgs/include/panda_motion_generator_msgs/panda_motion_generator_msgs/msg
[1.146s] -- Up-to-date: /home/user/humble_ws/install/panda_motion_generator_msgs/include/panda_motion_generator_msgs/panda_motion_generator_msgs/msg/detail
[1.146s] -- Up-to-date: /home/user/humble_ws/install/panda_motion_generator_msgs/include/panda_motion_generator_msgs/panda_motion_generator_msgs/msg/detail/simple_action_result__type_support.c
[1.146s] -- Up-to-date: /home/user/humble_ws/install/panda_motion_generator_msgs/include/panda_motion_generator_msgs/panda_motion_generator_msgs/msg/detail/joint_pose__rosidl_typesupport_introspection_c.h
[1.147s] -- Up-to-date: /home/user/humble_ws/install/panda_motion_generator_msgs/include/panda_motion_generator_msgs/panda_motion_generator_msgs/msg/detail/joint_pose__type_support.c
[1.147s] -- Up-to-date: /home/user/humble_ws/install/panda_motion_generator_msgs/include/panda_motion_generator_msgs/panda_motion_generator_msgs/msg/detail/set_time_scaling__type_support.c
[1.147s] -- Up-to-date: /home/user/humble_ws/install/panda_motion_generator_msgs/include/panda_motion_generator_msgs/panda_motion_generator_msgs/msg/detail/simple_action_result__rosidl_typesupport_introspection_c.h
[1.147s] -- Up-to-date: /home/user/humble_ws/install/panda_motion_generator_msgs/include/panda_motion_generator_msgs/panda_motion_generator_msgs/msg/detail/set_time_scaling__rosidl_typesupport_introspection_c.h
[1.147s] -- Up-to-date: /home/user/humble_ws/install/panda_motion_generator_msgs/include/panda_motion_generator_msgs/panda_motion_generator_msgs/msg/rosidl_typesupport_introspection_c__visibility_control.h
[1.147s] -- Up-to-date: /home/user/humble_ws/install/panda_motion_generator_msgs/lib/libpanda_motion_generator_msgs__rosidl_typesupport_introspection_c.so
[1.147s] -- Up-to-date: /home/user/humble_ws/install/panda_motion_generator_msgs/lib/libpanda_motion_generator_msgs__rosidl_typesupport_c.so
[1.148s] -- Up-to-date: /home/user/humble_ws/install/panda_motion_generator_msgs/include/panda_motion_generator_msgs/panda_motion_generator_msgs
[1.148s] -- Up-to-date: /home/user/humble_ws/install/panda_motion_generator_msgs/include/panda_motion_generator_msgs/panda_motion_generator_msgs/action
[1.148s] -- Up-to-date: /home/user/humble_ws/install/panda_motion_generator_msgs/include/panda_motion_generator_msgs/panda_motion_generator_msgs/action/detail
[1.148s] -- Up-to-date: /home/user/humble_ws/install/panda_motion_generator_msgs/include/panda_motion_generator_msgs/panda_motion_generator_msgs/action/detail/cartesian_via_motion__rosidl_typesupport_introspection_cpp.hpp
[1.148s] -- Up-to-date: /home/user/humble_ws/install/panda_motion_generator_msgs/include/panda_motion_generator_msgs/panda_motion_generator_msgs/action/detail/joint_via_motion__type_support.cpp
[1.148s] -- Up-to-date: /home/user/humble_ws/install/panda_motion_generator_msgs/include/panda_motion_generator_msgs/panda_motion_generator_msgs/action/detail/joint_via_motion__rosidl_typesupport_introspection_cpp.hpp
[1.148s] -- Up-to-date: /home/user/humble_ws/install/panda_motion_generator_msgs/include/panda_motion_generator_msgs/panda_motion_generator_msgs/action/detail/cartesian_via_motion__type_support.cpp
[1.149s] -- Up-to-date: /home/user/humble_ws/install/panda_motion_generator_msgs/include/panda_motion_generator_msgs/panda_motion_generator_msgs/msg
[1.149s] -- Up-to-date: /home/user/humble_ws/install/panda_motion_generator_msgs/include/panda_motion_generator_msgs/panda_motion_generator_msgs/msg/detail
[1.149s] -- Up-to-date: /home/user/humble_ws/install/panda_motion_generator_msgs/include/panda_motion_generator_msgs/panda_motion_generator_msgs/msg/detail/simple_action_result__rosidl_typesupport_introspection_cpp.hpp
[1.149s] -- Up-to-date: /home/user/humble_ws/install/panda_motion_generator_msgs/include/panda_motion_generator_msgs/panda_motion_generator_msgs/msg/detail/joint_pose__type_support.cpp
[1.149s] -- Up-to-date: /home/user/humble_ws/install/panda_motion_generator_msgs/include/panda_motion_generator_msgs/panda_motion_generator_msgs/msg/detail/joint_pose__rosidl_typesupport_introspection_cpp.hpp
[1.149s] -- Up-to-date: /home/user/humble_ws/install/panda_motion_generator_msgs/include/panda_motion_generator_msgs/panda_motion_generator_msgs/msg/detail/set_time_scaling__rosidl_typesupport_introspection_cpp.hpp
[1.150s] -- Up-to-date: /home/user/humble_ws/install/panda_motion_generator_msgs/include/panda_motion_generator_msgs/panda_motion_generator_msgs/msg/detail/simple_action_result__type_support.cpp
[1.150s] -- Up-to-date: /home/user/humble_ws/install/panda_motion_generator_msgs/include/panda_motion_generator_msgs/panda_motion_generator_msgs/msg/detail/set_time_scaling__type_support.cpp
[1.150s] -- Up-to-date: /home/user/humble_ws/install/panda_motion_generator_msgs/lib/libpanda_motion_generator_msgs__rosidl_typesupport_introspection_cpp.so
[1.150s] -- Up-to-date: /home/user/humble_ws/install/panda_motion_generator_msgs/lib/libpanda_motion_generator_msgs__rosidl_typesupport_cpp.so
[1.150s] -- Up-to-date: /home/user/humble_ws/install/panda_motion_generator_msgs/share/panda_motion_generator_msgs/environment/pythonpath.sh
[1.150s] -- Up-to-date: /home/user/humble_ws/install/panda_motion_generator_msgs/share/panda_motion_generator_msgs/environment/pythonpath.dsv
[1.150s] -- Up-to-date: /home/user/humble_ws/install/panda_motion_generator_msgs/local/lib/python3.10/dist-packages/panda_motion_generator_msgs-0.0.0-py3.10.egg-info
[1.150s] -- Installing: /home/user/humble_ws/install/panda_motion_generator_msgs/local/lib/python3.10/dist-packages/panda_motion_generator_msgs-0.0.0-py3.10.egg-info/top_level.txt
[1.151s] -- Installing: /home/user/humble_ws/install/panda_motion_generator_msgs/local/lib/python3.10/dist-packages/panda_motion_generator_msgs-0.0.0-py3.10.egg-info/dependency_links.txt
[1.151s] -- Installing: /home/user/humble_ws/install/panda_motion_generator_msgs/local/lib/python3.10/dist-packages/panda_motion_generator_msgs-0.0.0-py3.10.egg-info/SOURCES.txt
[1.151s] -- Installing: /home/user/humble_ws/install/panda_motion_generator_msgs/local/lib/python3.10/dist-packages/panda_motion_generator_msgs-0.0.0-py3.10.egg-info/PKG-INFO
[1.151s] -- Up-to-date: /home/user/humble_ws/install/panda_motion_generator_msgs/local/lib/python3.10/dist-packages/panda_motion_generator_msgs
[1.151s] -- Up-to-date: /home/user/humble_ws/install/panda_motion_generator_msgs/local/lib/python3.10/dist-packages/panda_motion_generator_msgs/action
[1.151s] -- Up-to-date: /home/user/humble_ws/install/panda_motion_generator_msgs/local/lib/python3.10/dist-packages/panda_motion_generator_msgs/action/_joint_via_motion.py
[1.152s] -- Up-to-date: /home/user/humble_ws/install/panda_motion_generator_msgs/local/lib/python3.10/dist-packages/panda_motion_generator_msgs/action/_cartesian_via_motion_s.c
[1.152s] -- Up-to-date: /home/user/humble_ws/install/panda_motion_generator_msgs/local/lib/python3.10/dist-packages/panda_motion_generator_msgs/action/_cartesian_via_motion.py
[1.152s] -- Up-to-date: /home/user/humble_ws/install/panda_motion_generator_msgs/local/lib/python3.10/dist-packages/panda_motion_generator_msgs/action/_joint_via_motion_s.c
[1.152s] -- Up-to-date: /home/user/humble_ws/install/panda_motion_generator_msgs/local/lib/python3.10/dist-packages/panda_motion_generator_msgs/action/__init__.py
[1.152s] -- Up-to-date: /home/user/humble_ws/install/panda_motion_generator_msgs/local/lib/python3.10/dist-packages/panda_motion_generator_msgs/panda_motion_generator_msgs_s__rosidl_typesupport_fastrtps_c.cpython-310-x86_64-linux-gnu.so
[1.152s] -- Up-to-date: /home/user/humble_ws/install/panda_motion_generator_msgs/local/lib/python3.10/dist-packages/panda_motion_generator_msgs/libpanda_motion_generator_msgs__rosidl_generator_py.so
[1.152s] -- Up-to-date: /home/user/humble_ws/install/panda_motion_generator_msgs/local/lib/python3.10/dist-packages/panda_motion_generator_msgs/_panda_motion_generator_msgs_s.ep.rosidl_typesupport_introspection_c.c
[1.153s] -- Up-to-date: /home/user/humble_ws/install/panda_motion_generator_msgs/local/lib/python3.10/dist-packages/panda_motion_generator_msgs/panda_motion_generator_msgs_s__rosidl_typesupport_c.cpython-310-x86_64-linux-gnu.so
[1.153s] -- Up-to-date: /home/user/humble_ws/install/panda_motion_generator_msgs/local/lib/python3.10/dist-packages/panda_motion_generator_msgs/msg
[1.153s] -- Up-to-date: /home/user/humble_ws/install/panda_motion_generator_msgs/local/lib/python3.10/dist-packages/panda_motion_generator_msgs/msg/_set_time_scaling_s.c
[1.153s] -- Up-to-date: /home/user/humble_ws/install/panda_motion_generator_msgs/local/lib/python3.10/dist-packages/panda_motion_generator_msgs/msg/_joint_pose.py
[1.153s] -- Up-to-date: /home/user/humble_ws/install/panda_motion_generator_msgs/local/lib/python3.10/dist-packages/panda_motion_generator_msgs/msg/_simple_action_result.py
[1.153s] -- Up-to-date: /home/user/humble_ws/install/panda_motion_generator_msgs/local/lib/python3.10/dist-packages/panda_motion_generator_msgs/msg/_set_time_scaling.py
[1.153s] -- Up-to-date: /home/user/humble_ws/install/panda_motion_generator_msgs/local/lib/python3.10/dist-packages/panda_motion_generator_msgs/msg/_joint_pose_s.c
[1.154s] -- Up-to-date: /home/user/humble_ws/install/panda_motion_generator_msgs/local/lib/python3.10/dist-packages/panda_motion_generator_msgs/msg/__init__.py
[1.154s] -- Up-to-date: /home/user/humble_ws/install/panda_motion_generator_msgs/local/lib/python3.10/dist-packages/panda_motion_generator_msgs/msg/_simple_action_result_s.c
[1.154s] -- Up-to-date: /home/user/humble_ws/install/panda_motion_generator_msgs/local/lib/python3.10/dist-packages/panda_motion_generator_msgs/__init__.py
[1.154s] -- Up-to-date: /home/user/humble_ws/install/panda_motion_generator_msgs/local/lib/python3.10/dist-packages/panda_motion_generator_msgs/panda_motion_generator_msgs_s__rosidl_typesupport_introspection_c.cpython-310-x86_64-linux-gnu.so
[1.154s] -- Up-to-date: /home/user/humble_ws/install/panda_motion_generator_msgs/local/lib/python3.10/dist-packages/panda_motion_generator_msgs/_panda_motion_generator_msgs_s.ep.rosidl_typesupport_c.c
[1.154s] -- Up-to-date: /home/user/humble_ws/install/panda_motion_generator_msgs/local/lib/python3.10/dist-packages/panda_motion_generator_msgs/_panda_motion_generator_msgs_s.ep.rosidl_typesupport_fastrtps_c.c
[1.207s] Listing '/home/user/humble_ws/install/panda_motion_generator_msgs/local/lib/python3.10/dist-packages/panda_motion_generator_msgs'...
[1.207s] Listing '/home/user/humble_ws/install/panda_motion_generator_msgs/local/lib/python3.10/dist-packages/panda_motion_generator_msgs/action'...
[1.208s] Listing '/home/user/humble_ws/install/panda_motion_generator_msgs/local/lib/python3.10/dist-packages/panda_motion_generator_msgs/msg'...
[1.214s] -- Up-to-date: /home/user/humble_ws/install/panda_motion_generator_msgs/local/lib/python3.10/dist-packages/panda_motion_generator_msgs/panda_motion_generator_msgs_s__rosidl_typesupport_fastrtps_c.cpython-310-x86_64-linux-gnu.so
[1.214s] -- Up-to-date: /home/user/humble_ws/install/panda_motion_generator_msgs/local/lib/python3.10/dist-packages/panda_motion_generator_msgs/panda_motion_generator_msgs_s__rosidl_typesupport_introspection_c.cpython-310-x86_64-linux-gnu.so
[1.215s] -- Up-to-date: /home/user/humble_ws/install/panda_motion_generator_msgs/local/lib/python3.10/dist-packages/panda_motion_generator_msgs/panda_motion_generator_msgs_s__rosidl_typesupport_c.cpython-310-x86_64-linux-gnu.so
[1.216s] -- Up-to-date: /home/user/humble_ws/install/panda_motion_generator_msgs/lib/libpanda_motion_generator_msgs__rosidl_generator_py.so
[1.216s] -- Up-to-date: /home/user/humble_ws/install/panda_motion_generator_msgs/share/panda_motion_generator_msgs/msg/JointPose.idl
[1.216s] -- Up-to-date: /home/user/humble_ws/install/panda_motion_generator_msgs/share/panda_motion_generator_msgs/msg/SetTimeScaling.idl
[1.217s] -- Up-to-date: /home/user/humble_ws/install/panda_motion_generator_msgs/share/panda_motion_generator_msgs/msg/SimpleActionResult.idl
[1.217s] -- Up-to-date: /home/user/humble_ws/install/panda_motion_generator_msgs/share/panda_motion_generator_msgs/action/CartesianViaMotion.idl
[1.217s] -- Up-to-date: /home/user/humble_ws/install/panda_motion_generator_msgs/share/panda_motion_generator_msgs/action/JointViaMotion.idl
[1.217s] -- Up-to-date: /home/user/humble_ws/install/panda_motion_generator_msgs/share/panda_motion_generator_msgs/msg/JointPose.msg
[1.217s] -- Up-to-date: /home/user/humble_ws/install/panda_motion_generator_msgs/share/panda_motion_generator_msgs/msg/SetTimeScaling.msg
[1.217s] -- Up-to-date: /home/user/humble_ws/install/panda_motion_generator_msgs/share/panda_motion_generator_msgs/msg/SimpleActionResult.msg
[1.218s] -- Up-to-date: /home/user/humble_ws/install/panda_motion_generator_msgs/share/panda_motion_generator_msgs/action/CartesianViaMotion.action
[1.218s] -- Up-to-date: /home/user/humble_ws/install/panda_motion_generator_msgs/share/panda_motion_generator_msgs/action/JointViaMotion.action
[1.218s] -- Up-to-date: /home/user/humble_ws/install/panda_motion_generator_msgs/share/ament_index/resource_index/package_run_dependencies/panda_motion_generator_msgs
[1.218s] -- Up-to-date: /home/user/humble_ws/install/panda_motion_generator_msgs/share/ament_index/resource_index/parent_prefix_path/panda_motion_generator_msgs
[1.218s] -- Up-to-date: /home/user/humble_ws/install/panda_motion_generator_msgs/share/panda_motion_generator_msgs/environment/ament_prefix_path.sh
[1.218s] -- Up-to-date: /home/user/humble_ws/install/panda_motion_generator_msgs/share/panda_motion_generator_msgs/environment/ament_prefix_path.dsv
[1.219s] -- Up-to-date: /home/user/humble_ws/install/panda_motion_generator_msgs/share/panda_motion_generator_msgs/environment/path.sh
[1.219s] -- Up-to-date: /home/user/humble_ws/install/panda_motion_generator_msgs/share/panda_motion_generator_msgs/environment/path.dsv
[1.219s] -- Up-to-date: /home/user/humble_ws/install/panda_motion_generator_msgs/share/panda_motion_generator_msgs/local_setup.bash
[1.220s] -- Up-to-date: /home/user/humble_ws/install/panda_motion_generator_msgs/share/panda_motion_generator_msgs/local_setup.sh
[1.220s] -- Up-to-date: /home/user/humble_ws/install/panda_motion_generator_msgs/share/panda_motion_generator_msgs/local_setup.zsh
[1.220s] -- Up-to-date: /home/user/humble_ws/install/panda_motion_generator_msgs/share/panda_motion_generator_msgs/local_setup.dsv
[1.220s] -- Installing: /home/user/humble_ws/install/panda_motion_generator_msgs/share/panda_motion_generator_msgs/package.dsv
[1.220s] -- Up-to-date: /home/user/humble_ws/install/panda_motion_generator_msgs/share/ament_index/resource_index/packages/panda_motion_generator_msgs
[1.221s] -- Up-to-date: /home/user/humble_ws/install/panda_motion_generator_msgs/share/panda_motion_generator_msgs/cmake/export_panda_motion_generator_msgs__rosidl_generator_cExport.cmake
[1.221s] -- Up-to-date: /home/user/humble_ws/install/panda_motion_generator_msgs/share/panda_motion_generator_msgs/cmake/export_panda_motion_generator_msgs__rosidl_generator_cExport-release.cmake
[1.221s] -- Up-to-date: /home/user/humble_ws/install/panda_motion_generator_msgs/share/panda_motion_generator_msgs/cmake/export_panda_motion_generator_msgs__rosidl_typesupport_fastrtps_cExport.cmake
[1.221s] -- Up-to-date: /home/user/humble_ws/install/panda_motion_generator_msgs/share/panda_motion_generator_msgs/cmake/export_panda_motion_generator_msgs__rosidl_typesupport_fastrtps_cExport-release.cmake
[1.221s] -- Up-to-date: /home/user/humble_ws/install/panda_motion_generator_msgs/share/panda_motion_generator_msgs/cmake/export_panda_motion_generator_msgs__rosidl_generator_cppExport.cmake
[1.221s] -- Up-to-date: /home/user/humble_ws/install/panda_motion_generator_msgs/share/panda_motion_generator_msgs/cmake/export_panda_motion_generator_msgs__rosidl_typesupport_fastrtps_cppExport.cmake
[1.222s] -- Up-to-date: /home/user/humble_ws/install/panda_motion_generator_msgs/share/panda_motion_generator_msgs/cmake/export_panda_motion_generator_msgs__rosidl_typesupport_fastrtps_cppExport-release.cmake
[1.222s] -- Up-to-date: /home/user/humble_ws/install/panda_motion_generator_msgs/share/panda_motion_generator_msgs/cmake/panda_motion_generator_msgs__rosidl_typesupport_introspection_cExport.cmake
[1.222s] -- Up-to-date: /home/user/humble_ws/install/panda_motion_generator_msgs/share/panda_motion_generator_msgs/cmake/panda_motion_generator_msgs__rosidl_typesupport_introspection_cExport-release.cmake
[1.222s] -- Up-to-date: /home/user/humble_ws/install/panda_motion_generator_msgs/share/panda_motion_generator_msgs/cmake/panda_motion_generator_msgs__rosidl_typesupport_cExport.cmake
[1.222s] -- Up-to-date: /home/user/humble_ws/install/panda_motion_generator_msgs/share/panda_motion_generator_msgs/cmake/panda_motion_generator_msgs__rosidl_typesupport_cExport-release.cmake
[1.222s] -- Up-to-date: /home/user/humble_ws/install/panda_motion_generator_msgs/share/panda_motion_generator_msgs/cmake/panda_motion_generator_msgs__rosidl_typesupport_introspection_cppExport.cmake
[1.222s] -- Up-to-date: /home/user/humble_ws/install/panda_motion_generator_msgs/share/panda_motion_generator_msgs/cmake/panda_motion_generator_msgs__rosidl_typesupport_introspection_cppExport-release.cmake
[1.223s] -- Up-to-date: /home/user/humble_ws/install/panda_motion_generator_msgs/share/panda_motion_generator_msgs/cmake/panda_motion_generator_msgs__rosidl_typesupport_cppExport.cmake
[1.223s] -- Up-to-date: /home/user/humble_ws/install/panda_motion_generator_msgs/share/panda_motion_generator_msgs/cmake/panda_motion_generator_msgs__rosidl_typesupport_cppExport-release.cmake
[1.223s] -- Up-to-date: /home/user/humble_ws/install/panda_motion_generator_msgs/share/panda_motion_generator_msgs/cmake/export_panda_motion_generator_msgs__rosidl_generator_pyExport.cmake
[1.224s] -- Up-to-date: /home/user/humble_ws/install/panda_motion_generator_msgs/share/panda_motion_generator_msgs/cmake/export_panda_motion_generator_msgs__rosidl_generator_pyExport-release.cmake
[1.224s] -- Up-to-date: /home/user/humble_ws/install/panda_motion_generator_msgs/share/panda_motion_generator_msgs/cmake/rosidl_cmake-extras.cmake
[1.224s] -- Up-to-date: /home/user/humble_ws/install/panda_motion_generator_msgs/share/panda_motion_generator_msgs/cmake/ament_cmake_export_dependencies-extras.cmake
[1.225s] -- Up-to-date: /home/user/humble_ws/install/panda_motion_generator_msgs/share/panda_motion_generator_msgs/cmake/ament_cmake_export_include_directories-extras.cmake
[1.227s] -- Up-to-date: /home/user/humble_ws/install/panda_motion_generator_msgs/share/panda_motion_generator_msgs/cmake/ament_cmake_export_libraries-extras.cmake
[1.227s] -- Up-to-date: /home/user/humble_ws/install/panda_motion_generator_msgs/share/panda_motion_generator_msgs/cmake/ament_cmake_export_targets-extras.cmake
[1.227s] -- Up-to-date: /home/user/humble_ws/install/panda_motion_generator_msgs/share/panda_motion_generator_msgs/cmake/rosidl_cmake_export_typesupport_targets-extras.cmake
[1.227s] -- Up-to-date: /home/user/humble_ws/install/panda_motion_generator_msgs/share/panda_motion_generator_msgs/cmake/rosidl_cmake_export_typesupport_libraries-extras.cmake
[1.228s] -- Up-to-date: /home/user/humble_ws/install/panda_motion_generator_msgs/share/panda_motion_generator_msgs/cmake/panda_motion_generator_msgsConfig.cmake
[1.228s] -- Up-to-date: /home/user/humble_ws/install/panda_motion_generator_msgs/share/panda_motion_generator_msgs/cmake/panda_motion_generator_msgsConfig-version.cmake
[1.228s] -- Up-to-date: /home/user/humble_ws/install/panda_motion_generator_msgs/share/panda_motion_generator_msgs/package.xml
[1.228s] Invoked command in '/home/user/humble_ws/build/panda_motion_generator_msgs' returned '0': CMAKE_PREFIX_PATH=${CMAKE_PREFIX_PATH}:/opt/ros/humble /usr/bin/cmake --install /home/user/humble_ws/build/panda_motion_generator_msgs
