[0.072s] Invoking command in '/home/user/humble_ws/build/multi_mode_control_msgs': CMAKE_PREFIX_PATH=/home/user/humble_ws/install/franka_msgs:/home/user/humble_ws/install/panda_motion_generators:/home/user/humble_ws/install/panda_motion_generator_msgs:/home/user/humble_ws/install/multi_mode_controller_impl:/home/user/humble_ws/install/multi_mode_controller:/home/user/humble_ws/install/multi_mode_control_msgs:/home/user/humble_ws/install/garmi_controllers:/home/user/humble_ws/install/franka_robot_state_broadcaster:/home/user/humble_ws/install/franka_example_controllers:/home/user/humble_ws/install/franka_semantic_components:/home/user/humble_ws/install/franka_moveit_config:/home/user/humble_ws/install/franka_bringup:/home/user/humble_ws/install/franka_hardware:/home/user/humble_ws/install/franka_gripper:/home/user/humble_ws/install/franka_control2:/home/user/humble_ws/install/franka_description:/home/user/Libraries/libfranka/lib/cmake:/home/user/Libraries/mujoco/lib/cmake:/opt/ros/humble LD_LIBRARY_PATH=/home/user/humble_ws/install/franka_msgs/lib:/home/user/humble_ws/install/panda_motion_generators/lib:/home/user/humble_ws/install/panda_motion_generator_msgs/lib:/home/user/humble_ws/install/multi_mode_controller_impl/lib:/home/user/humble_ws/install/multi_mode_controller/lib:/home/user/humble_ws/install/multi_mode_control_msgs/lib:/home/user/humble_ws/install/garmi_controllers/lib:/home/user/humble_ws/install/franka_robot_state_broadcaster/lib:/home/user/humble_ws/install/franka_example_controllers/lib:/home/user/humble_ws/install/franka_semantic_components/lib:/home/user/humble_ws/install/franka_hardware/lib:/home/user/humble_ws/install/franka_gripper/lib:/opt/ros/humble/opt/rviz_ogre_vendor/lib:/opt/ros/humble/lib/x86_64-linux-gnu:/opt/ros/humble/lib:/home/user/Libraries/libfranka/lib:/home/user/Libraries/mujoco/lib /usr/bin/cmake --build /home/user/humble_ws/build/multi_mode_control_msgs -- -j12 -l12
[0.263s] [  0%] Built target multi_mode_control_msgs__cpp
[0.276s] [ 12%] Built target multi_mode_control_msgs__rosidl_generator_c
[0.318s] [ 12%] Built target ament_cmake_python_copy_multi_mode_control_msgs
[0.344s] [ 24%] Built target multi_mode_control_msgs__rosidl_typesupport_c
[0.350s] [ 36%] Built target multi_mode_control_msgs__rosidl_typesupport_cpp
[0.360s] [ 58%] Built target multi_mode_control_msgs__rosidl_typesupport_introspection_c
[0.360s] [ 60%] Built target multi_mode_control_msgs__rosidl_typesupport_introspection_cpp
[0.364s] [ 72%] Built target multi_mode_control_msgs__rosidl_typesupport_fastrtps_c
[0.371s] [ 84%] Built target multi_mode_control_msgs__rosidl_typesupport_fastrtps_cpp
[0.425s] [ 84%] Built target multi_mode_control_msgs
[0.483s] [ 85%] Built target multi_mode_control_msgs__py
[0.555s] [ 96%] Built target multi_mode_control_msgs__rosidl_generator_py
[0.588s] running egg_info
[0.589s] writing multi_mode_control_msgs.egg-info/PKG-INFO
[0.590s] writing dependency_links to multi_mode_control_msgs.egg-info/dependency_links.txt
[0.590s] writing top-level names to multi_mode_control_msgs.egg-info/top_level.txt
[0.593s] reading manifest file 'multi_mode_control_msgs.egg-info/SOURCES.txt'
[0.594s] writing manifest file 'multi_mode_control_msgs.egg-info/SOURCES.txt'
[0.616s] [ 98%] Built target multi_mode_control_msgs__rosidl_typesupport_c__pyext
[0.616s] [ 98%] Built target multi_mode_control_msgs__rosidl_typesupport_fastrtps_c__pyext
[0.616s] [100%] Built target multi_mode_control_msgs__rosidl_typesupport_introspection_c__pyext
[0.648s] [100%] Built target ament_cmake_python_build_multi_mode_control_msgs_egg
[0.672s] Invoked command in '/home/user/humble_ws/build/multi_mode_control_msgs' returned '0': CMAKE_PREFIX_PATH=/home/user/humble_ws/install/franka_msgs:/home/user/humble_ws/install/panda_motion_generators:/home/user/humble_ws/install/panda_motion_generator_msgs:/home/user/humble_ws/install/multi_mode_controller_impl:/home/user/humble_ws/install/multi_mode_controller:/home/user/humble_ws/install/multi_mode_control_msgs:/home/user/humble_ws/install/garmi_controllers:/home/user/humble_ws/install/franka_robot_state_broadcaster:/home/user/humble_ws/install/franka_example_controllers:/home/user/humble_ws/install/franka_semantic_components:/home/user/humble_ws/install/franka_moveit_config:/home/user/humble_ws/install/franka_bringup:/home/user/humble_ws/install/franka_hardware:/home/user/humble_ws/install/franka_gripper:/home/user/humble_ws/install/franka_control2:/home/user/humble_ws/install/franka_description:/home/user/Libraries/libfranka/lib/cmake:/home/user/Libraries/mujoco/lib/cmake:/opt/ros/humble LD_LIBRARY_PATH=/home/user/humble_ws/install/franka_msgs/lib:/home/user/humble_ws/install/panda_motion_generators/lib:/home/user/humble_ws/install/panda_motion_generator_msgs/lib:/home/user/humble_ws/install/multi_mode_controller_impl/lib:/home/user/humble_ws/install/multi_mode_controller/lib:/home/user/humble_ws/install/multi_mode_control_msgs/lib:/home/user/humble_ws/install/garmi_controllers/lib:/home/user/humble_ws/install/franka_robot_state_broadcaster/lib:/home/user/humble_ws/install/franka_example_controllers/lib:/home/user/humble_ws/install/franka_semantic_components/lib:/home/user/humble_ws/install/franka_hardware/lib:/home/user/humble_ws/install/franka_gripper/lib:/opt/ros/humble/opt/rviz_ogre_vendor/lib:/opt/ros/humble/lib/x86_64-linux-gnu:/opt/ros/humble/lib:/home/user/Libraries/libfranka/lib:/home/user/Libraries/mujoco/lib /usr/bin/cmake --build /home/user/humble_ws/build/multi_mode_control_msgs -- -j12 -l12
[2.007s] Invoking command in '/home/user/humble_ws/build/multi_mode_control_msgs': CMAKE_PREFIX_PATH=/home/user/humble_ws/install/franka_msgs:/home/user/humble_ws/install/panda_motion_generators:/home/user/humble_ws/install/panda_motion_generator_msgs:/home/user/humble_ws/install/multi_mode_controller_impl:/home/user/humble_ws/install/multi_mode_controller:/home/user/humble_ws/install/multi_mode_control_msgs:/home/user/humble_ws/install/garmi_controllers:/home/user/humble_ws/install/franka_robot_state_broadcaster:/home/user/humble_ws/install/franka_example_controllers:/home/user/humble_ws/install/franka_semantic_components:/home/user/humble_ws/install/franka_moveit_config:/home/user/humble_ws/install/franka_bringup:/home/user/humble_ws/install/franka_hardware:/home/user/humble_ws/install/franka_gripper:/home/user/humble_ws/install/franka_control2:/home/user/humble_ws/install/franka_description:/home/user/Libraries/libfranka/lib/cmake:/home/user/Libraries/mujoco/lib/cmake:/opt/ros/humble LD_LIBRARY_PATH=/home/user/humble_ws/install/franka_msgs/lib:/home/user/humble_ws/install/panda_motion_generators/lib:/home/user/humble_ws/install/panda_motion_generator_msgs/lib:/home/user/humble_ws/install/multi_mode_controller_impl/lib:/home/user/humble_ws/install/multi_mode_controller/lib:/home/user/humble_ws/install/multi_mode_control_msgs/lib:/home/user/humble_ws/install/garmi_controllers/lib:/home/user/humble_ws/install/franka_robot_state_broadcaster/lib:/home/user/humble_ws/install/franka_example_controllers/lib:/home/user/humble_ws/install/franka_semantic_components/lib:/home/user/humble_ws/install/franka_hardware/lib:/home/user/humble_ws/install/franka_gripper/lib:/opt/ros/humble/opt/rviz_ogre_vendor/lib:/opt/ros/humble/lib/x86_64-linux-gnu:/opt/ros/humble/lib:/home/user/Libraries/libfranka/lib:/home/user/Libraries/mujoco/lib /usr/bin/cmake --install /home/user/humble_ws/build/multi_mode_control_msgs
[2.023s] -- Install configuration: "Release"
[2.024s] -- Up-to-date: /home/user/humble_ws/install/multi_mode_control_msgs/share/ament_index/resource_index/rosidl_interfaces/multi_mode_control_msgs
[2.024s] -- Up-to-date: /home/user/humble_ws/install/multi_mode_control_msgs/include/multi_mode_control_msgs/multi_mode_control_msgs
[2.024s] -- Up-to-date: /home/user/humble_ws/install/multi_mode_control_msgs/include/multi_mode_control_msgs/multi_mode_control_msgs/srv
[2.024s] -- Up-to-date: /home/user/humble_ws/install/multi_mode_control_msgs/include/multi_mode_control_msgs/multi_mode_control_msgs/srv/set_joint_impedance.h
[2.025s] -- Up-to-date: /home/user/humble_ws/install/multi_mode_control_msgs/include/multi_mode_control_msgs/multi_mode_control_msgs/srv/set_world_state.h
[2.025s] -- Up-to-date: /home/user/humble_ws/install/multi_mode_control_msgs/include/multi_mode_control_msgs/multi_mode_control_msgs/srv/set_reflex.h
[2.025s] -- Up-to-date: /home/user/humble_ws/install/multi_mode_control_msgs/include/multi_mode_control_msgs/multi_mode_control_msgs/srv/set_controllers.h
[2.025s] -- Up-to-date: /home/user/humble_ws/install/multi_mode_control_msgs/include/multi_mode_control_msgs/multi_mode_control_msgs/srv/set_recovery_mode.h
[2.025s] -- Up-to-date: /home/user/humble_ws/install/multi_mode_control_msgs/include/multi_mode_control_msgs/multi_mode_control_msgs/srv/detail
[2.026s] -- Up-to-date: /home/user/humble_ws/install/multi_mode_control_msgs/include/multi_mode_control_msgs/multi_mode_control_msgs/srv/detail/set_reflex__struct.h
[2.026s] -- Up-to-date: /home/user/humble_ws/install/multi_mode_control_msgs/include/multi_mode_control_msgs/multi_mode_control_msgs/srv/detail/set_cartesian_impedance__type_support.h
[2.026s] -- Up-to-date: /home/user/humble_ws/install/multi_mode_control_msgs/include/multi_mode_control_msgs/multi_mode_control_msgs/srv/detail/set_cartesian_impedance__functions.c
[2.026s] -- Up-to-date: /home/user/humble_ws/install/multi_mode_control_msgs/include/multi_mode_control_msgs/multi_mode_control_msgs/srv/detail/set_joint_impedance__struct.h
[2.027s] -- Up-to-date: /home/user/humble_ws/install/multi_mode_control_msgs/include/multi_mode_control_msgs/multi_mode_control_msgs/srv/detail/set_recovery_mode__type_support.h
[2.027s] -- Up-to-date: /home/user/humble_ws/install/multi_mode_control_msgs/include/multi_mode_control_msgs/multi_mode_control_msgs/srv/detail/set_reflex__type_support.h
[2.027s] -- Up-to-date: /home/user/humble_ws/install/multi_mode_control_msgs/include/multi_mode_control_msgs/multi_mode_control_msgs/srv/detail/set_reflex__functions.h
[2.027s] -- Up-to-date: /home/user/humble_ws/install/multi_mode_control_msgs/include/multi_mode_control_msgs/multi_mode_control_msgs/srv/detail/set_reflex__functions.c
[2.027s] -- Up-to-date: /home/user/humble_ws/install/multi_mode_control_msgs/include/multi_mode_control_msgs/multi_mode_control_msgs/srv/detail/set_controllers__struct.h
[2.027s] -- Up-to-date: /home/user/humble_ws/install/multi_mode_control_msgs/include/multi_mode_control_msgs/multi_mode_control_msgs/srv/detail/get_controllers__functions.c
[2.028s] -- Up-to-date: /home/user/humble_ws/install/multi_mode_control_msgs/include/multi_mode_control_msgs/multi_mode_control_msgs/srv/detail/set_recovery_mode__functions.h
[2.028s] -- Up-to-date: /home/user/humble_ws/install/multi_mode_control_msgs/include/multi_mode_control_msgs/multi_mode_control_msgs/srv/detail/get_controllers__type_support.h
[2.028s] -- Up-to-date: /home/user/humble_ws/install/multi_mode_control_msgs/include/multi_mode_control_msgs/multi_mode_control_msgs/srv/detail/set_thresholds__struct.h
[2.028s] -- Up-to-date: /home/user/humble_ws/install/multi_mode_control_msgs/include/multi_mode_control_msgs/multi_mode_control_msgs/srv/detail/set_controllers__type_support.h
[2.028s] -- Up-to-date: /home/user/humble_ws/install/multi_mode_control_msgs/include/multi_mode_control_msgs/multi_mode_control_msgs/srv/detail/set_world_state__functions.c
[2.028s] -- Up-to-date: /home/user/humble_ws/install/multi_mode_control_msgs/include/multi_mode_control_msgs/multi_mode_control_msgs/srv/detail/get_robot_states__functions.c
[2.028s] -- Up-to-date: /home/user/humble_ws/install/multi_mode_control_msgs/include/multi_mode_control_msgs/multi_mode_control_msgs/srv/detail/set_world_state__type_support.h
[2.029s] -- Up-to-date: /home/user/humble_ws/install/multi_mode_control_msgs/include/multi_mode_control_msgs/multi_mode_control_msgs/srv/detail/set_world_state__functions.h
[2.029s] -- Up-to-date: /home/user/humble_ws/install/multi_mode_control_msgs/include/multi_mode_control_msgs/multi_mode_control_msgs/srv/detail/set_cartesian_impedance__struct.h
[2.029s] -- Up-to-date: /home/user/humble_ws/install/multi_mode_control_msgs/include/multi_mode_control_msgs/multi_mode_control_msgs/srv/detail/set_joint_impedance__functions.h
[2.029s] -- Up-to-date: /home/user/humble_ws/install/multi_mode_control_msgs/include/multi_mode_control_msgs/multi_mode_control_msgs/srv/detail/set_recovery_mode__struct.h
[2.029s] -- Up-to-date: /home/user/humble_ws/install/multi_mode_control_msgs/include/multi_mode_control_msgs/multi_mode_control_msgs/srv/detail/get_controllers__functions.h
[2.029s] -- Up-to-date: /home/user/humble_ws/install/multi_mode_control_msgs/include/multi_mode_control_msgs/multi_mode_control_msgs/srv/detail/set_joint_impedance__type_support.h
[2.030s] -- Up-to-date: /home/user/humble_ws/install/multi_mode_control_msgs/include/multi_mode_control_msgs/multi_mode_control_msgs/srv/detail/set_thresholds__functions.h
[2.030s] -- Up-to-date: /home/user/humble_ws/install/multi_mode_control_msgs/include/multi_mode_control_msgs/multi_mode_control_msgs/srv/detail/set_thresholds__type_support.h
[2.030s] -- Up-to-date: /home/user/humble_ws/install/multi_mode_control_msgs/include/multi_mode_control_msgs/multi_mode_control_msgs/srv/detail/set_cartesian_impedance__functions.h
[2.030s] -- Up-to-date: /home/user/humble_ws/install/multi_mode_control_msgs/include/multi_mode_control_msgs/multi_mode_control_msgs/srv/detail/set_controllers__functions.h
[2.030s] -- Up-to-date: /home/user/humble_ws/install/multi_mode_control_msgs/include/multi_mode_control_msgs/multi_mode_control_msgs/srv/detail/get_robot_states__type_support.h
[2.031s] -- Up-to-date: /home/user/humble_ws/install/multi_mode_control_msgs/include/multi_mode_control_msgs/multi_mode_control_msgs/srv/detail/get_controllers__struct.h
[2.032s] -- Up-to-date: /home/user/humble_ws/install/multi_mode_control_msgs/include/multi_mode_control_msgs/multi_mode_control_msgs/srv/detail/get_robot_states__struct.h
[2.032s] -- Up-to-date: /home/user/humble_ws/install/multi_mode_control_msgs/include/multi_mode_control_msgs/multi_mode_control_msgs/srv/detail/get_robot_states__functions.h
[2.032s] -- Up-to-date: /home/user/humble_ws/install/multi_mode_control_msgs/include/multi_mode_control_msgs/multi_mode_control_msgs/srv/detail/set_joint_impedance__functions.c
[2.033s] -- Up-to-date: /home/user/humble_ws/install/multi_mode_control_msgs/include/multi_mode_control_msgs/multi_mode_control_msgs/srv/detail/set_thresholds__functions.c
[2.033s] -- Up-to-date: /home/user/humble_ws/install/multi_mode_control_msgs/include/multi_mode_control_msgs/multi_mode_control_msgs/srv/detail/set_controllers__functions.c
[2.033s] -- Up-to-date: /home/user/humble_ws/install/multi_mode_control_msgs/include/multi_mode_control_msgs/multi_mode_control_msgs/srv/detail/set_world_state__struct.h
[2.034s] -- Up-to-date: /home/user/humble_ws/install/multi_mode_control_msgs/include/multi_mode_control_msgs/multi_mode_control_msgs/srv/detail/set_recovery_mode__functions.c
[2.034s] -- Up-to-date: /home/user/humble_ws/install/multi_mode_control_msgs/include/multi_mode_control_msgs/multi_mode_control_msgs/srv/set_cartesian_impedance.h
[2.034s] -- Up-to-date: /home/user/humble_ws/install/multi_mode_control_msgs/include/multi_mode_control_msgs/multi_mode_control_msgs/srv/set_thresholds.h
[2.034s] -- Up-to-date: /home/user/humble_ws/install/multi_mode_control_msgs/include/multi_mode_control_msgs/multi_mode_control_msgs/srv/get_controllers.h
[2.035s] -- Up-to-date: /home/user/humble_ws/install/multi_mode_control_msgs/include/multi_mode_control_msgs/multi_mode_control_msgs/srv/get_robot_states.h
[2.035s] -- Up-to-date: /home/user/humble_ws/install/multi_mode_control_msgs/include/multi_mode_control_msgs/multi_mode_control_msgs/msg
[2.035s] -- Up-to-date: /home/user/humble_ws/install/multi_mode_control_msgs/include/multi_mode_control_msgs/multi_mode_control_msgs/msg/rosidl_generator_c__visibility_control.h
[2.035s] -- Up-to-date: /home/user/humble_ws/install/multi_mode_control_msgs/include/multi_mode_control_msgs/multi_mode_control_msgs/msg/velocity_goal.h
[2.035s] -- Up-to-date: /home/user/humble_ws/install/multi_mode_control_msgs/include/multi_mode_control_msgs/multi_mode_control_msgs/msg/joint_array.h
[2.036s] -- Up-to-date: /home/user/humble_ws/install/multi_mode_control_msgs/include/multi_mode_control_msgs/multi_mode_control_msgs/msg/detail
[2.036s] -- Up-to-date: /home/user/humble_ws/install/multi_mode_control_msgs/include/multi_mode_control_msgs/multi_mode_control_msgs/msg/detail/dual_cartesian_impedance_goal__functions.c
[2.036s] -- Up-to-date: /home/user/humble_ws/install/multi_mode_control_msgs/include/multi_mode_control_msgs/multi_mode_control_msgs/msg/detail/joint_goal__struct.h
[2.036s] -- Up-to-date: /home/user/humble_ws/install/multi_mode_control_msgs/include/multi_mode_control_msgs/multi_mode_control_msgs/msg/detail/joint_array__functions.c
[2.036s] -- Up-to-date: /home/user/humble_ws/install/multi_mode_control_msgs/include/multi_mode_control_msgs/multi_mode_control_msgs/msg/detail/wrench__functions.c
[2.036s] -- Up-to-date: /home/user/humble_ws/install/multi_mode_control_msgs/include/multi_mode_control_msgs/multi_mode_control_msgs/msg/detail/contact_thresholds__struct.h
[2.037s] -- Up-to-date: /home/user/humble_ws/install/multi_mode_control_msgs/include/multi_mode_control_msgs/multi_mode_control_msgs/msg/detail/joint_array__functions.h
[2.037s] -- Up-to-date: /home/user/humble_ws/install/multi_mode_control_msgs/include/multi_mode_control_msgs/multi_mode_control_msgs/msg/detail/dual_cartesian_impedance_goal__type_support.h
[2.037s] -- Up-to-date: /home/user/humble_ws/install/multi_mode_control_msgs/include/multi_mode_control_msgs/multi_mode_control_msgs/msg/detail/controller__functions.h
[2.037s] -- Up-to-date: /home/user/humble_ws/install/multi_mode_control_msgs/include/multi_mode_control_msgs/multi_mode_control_msgs/msg/detail/joint_goal__functions.h
[2.037s] -- Up-to-date: /home/user/humble_ws/install/multi_mode_control_msgs/include/multi_mode_control_msgs/multi_mode_control_msgs/msg/detail/cartesian_impedance_goal__type_support.h
[2.038s] -- Up-to-date: /home/user/humble_ws/install/multi_mode_control_msgs/include/multi_mode_control_msgs/multi_mode_control_msgs/msg/detail/contact_thresholds__type_support.h
[2.038s] -- Up-to-date: /home/user/humble_ws/install/multi_mode_control_msgs/include/multi_mode_control_msgs/multi_mode_control_msgs/msg/detail/controller__type_support.h
[2.038s] -- Up-to-date: /home/user/humble_ws/install/multi_mode_control_msgs/include/multi_mode_control_msgs/multi_mode_control_msgs/msg/detail/controller__functions.c
[2.038s] -- Up-to-date: /home/user/humble_ws/install/multi_mode_control_msgs/include/multi_mode_control_msgs/multi_mode_control_msgs/msg/detail/wrench__type_support.h
[2.038s] -- Up-to-date: /home/user/humble_ws/install/multi_mode_control_msgs/include/multi_mode_control_msgs/multi_mode_control_msgs/msg/detail/cartesian_impedance_goal__functions.c
[2.038s] -- Up-to-date: /home/user/humble_ws/install/multi_mode_control_msgs/include/multi_mode_control_msgs/multi_mode_control_msgs/msg/detail/velocity_goal__functions.c
[2.039s] -- Up-to-date: /home/user/humble_ws/install/multi_mode_control_msgs/include/multi_mode_control_msgs/multi_mode_control_msgs/msg/detail/velocity_goal__type_support.h
[2.039s] -- Up-to-date: /home/user/humble_ws/install/multi_mode_control_msgs/include/multi_mode_control_msgs/multi_mode_control_msgs/msg/detail/velocity_goal__struct.h
[2.039s] -- Up-to-date: /home/user/humble_ws/install/multi_mode_control_msgs/include/multi_mode_control_msgs/multi_mode_control_msgs/msg/detail/dual_cartesian_impedance_goal__struct.h
[2.039s] -- Up-to-date: /home/user/humble_ws/install/multi_mode_control_msgs/include/multi_mode_control_msgs/multi_mode_control_msgs/msg/detail/joint_goal__functions.c
[2.039s] -- Up-to-date: /home/user/humble_ws/install/multi_mode_control_msgs/include/multi_mode_control_msgs/multi_mode_control_msgs/msg/detail/joint_array__struct.h
[2.039s] -- Up-to-date: /home/user/humble_ws/install/multi_mode_control_msgs/include/multi_mode_control_msgs/multi_mode_control_msgs/msg/detail/contact_thresholds__functions.c
[2.040s] -- Up-to-date: /home/user/humble_ws/install/multi_mode_control_msgs/include/multi_mode_control_msgs/multi_mode_control_msgs/msg/detail/wrench__struct.h
[2.040s] -- Up-to-date: /home/user/humble_ws/install/multi_mode_control_msgs/include/multi_mode_control_msgs/multi_mode_control_msgs/msg/detail/cartesian_impedance_goal__functions.h
[2.040s] -- Up-to-date: /home/user/humble_ws/install/multi_mode_control_msgs/include/multi_mode_control_msgs/multi_mode_control_msgs/msg/detail/controller__struct.h
[2.040s] -- Up-to-date: /home/user/humble_ws/install/multi_mode_control_msgs/include/multi_mode_control_msgs/multi_mode_control_msgs/msg/detail/velocity_goal__functions.h
[2.040s] -- Up-to-date: /home/user/humble_ws/install/multi_mode_control_msgs/include/multi_mode_control_msgs/multi_mode_control_msgs/msg/detail/dual_cartesian_impedance_goal__functions.h
[2.041s] -- Up-to-date: /home/user/humble_ws/install/multi_mode_control_msgs/include/multi_mode_control_msgs/multi_mode_control_msgs/msg/detail/wrench__functions.h
[2.041s] -- Up-to-date: /home/user/humble_ws/install/multi_mode_control_msgs/include/multi_mode_control_msgs/multi_mode_control_msgs/msg/detail/joint_array__type_support.h
[2.041s] -- Up-to-date: /home/user/humble_ws/install/multi_mode_control_msgs/include/multi_mode_control_msgs/multi_mode_control_msgs/msg/detail/contact_thresholds__functions.h
[2.041s] -- Up-to-date: /home/user/humble_ws/install/multi_mode_control_msgs/include/multi_mode_control_msgs/multi_mode_control_msgs/msg/detail/cartesian_impedance_goal__struct.h
[2.042s] -- Up-to-date: /home/user/humble_ws/install/multi_mode_control_msgs/include/multi_mode_control_msgs/multi_mode_control_msgs/msg/detail/joint_goal__type_support.h
[2.042s] -- Up-to-date: /home/user/humble_ws/install/multi_mode_control_msgs/include/multi_mode_control_msgs/multi_mode_control_msgs/msg/joint_goal.h
[2.042s] -- Up-to-date: /home/user/humble_ws/install/multi_mode_control_msgs/include/multi_mode_control_msgs/multi_mode_control_msgs/msg/cartesian_impedance_goal.h
[2.042s] -- Up-to-date: /home/user/humble_ws/install/multi_mode_control_msgs/include/multi_mode_control_msgs/multi_mode_control_msgs/msg/controller.h
[2.042s] -- Up-to-date: /home/user/humble_ws/install/multi_mode_control_msgs/include/multi_mode_control_msgs/multi_mode_control_msgs/msg/wrench.h
[2.043s] -- Up-to-date: /home/user/humble_ws/install/multi_mode_control_msgs/include/multi_mode_control_msgs/multi_mode_control_msgs/msg/contact_thresholds.h
[2.043s] -- Up-to-date: /home/user/humble_ws/install/multi_mode_control_msgs/include/multi_mode_control_msgs/multi_mode_control_msgs/msg/dual_cartesian_impedance_goal.h
[2.043s] -- Up-to-date: /home/user/humble_ws/install/multi_mode_control_msgs/share/multi_mode_control_msgs/environment/library_path.sh
[2.043s] -- Up-to-date: /home/user/humble_ws/install/multi_mode_control_msgs/share/multi_mode_control_msgs/environment/library_path.dsv
[2.043s] -- Up-to-date: /home/user/humble_ws/install/multi_mode_control_msgs/lib/libmulti_mode_control_msgs__rosidl_generator_c.so
[2.043s] -- Up-to-date: /home/user/humble_ws/install/multi_mode_control_msgs/include/multi_mode_control_msgs/multi_mode_control_msgs
[2.044s] -- Up-to-date: /home/user/humble_ws/install/multi_mode_control_msgs/include/multi_mode_control_msgs/multi_mode_control_msgs/srv
[2.044s] -- Up-to-date: /home/user/humble_ws/install/multi_mode_control_msgs/include/multi_mode_control_msgs/multi_mode_control_msgs/srv/detail
[2.044s] -- Up-to-date: /home/user/humble_ws/install/multi_mode_control_msgs/include/multi_mode_control_msgs/multi_mode_control_msgs/srv/detail/set_thresholds__rosidl_typesupport_fastrtps_c.h
[2.044s] -- Up-to-date: /home/user/humble_ws/install/multi_mode_control_msgs/include/multi_mode_control_msgs/multi_mode_control_msgs/srv/detail/set_joint_impedance__rosidl_typesupport_fastrtps_c.h
[2.044s] -- Up-to-date: /home/user/humble_ws/install/multi_mode_control_msgs/include/multi_mode_control_msgs/multi_mode_control_msgs/srv/detail/set_recovery_mode__rosidl_typesupport_fastrtps_c.h
[2.045s] -- Up-to-date: /home/user/humble_ws/install/multi_mode_control_msgs/include/multi_mode_control_msgs/multi_mode_control_msgs/srv/detail/set_cartesian_impedance__rosidl_typesupport_fastrtps_c.h
[2.045s] -- Up-to-date: /home/user/humble_ws/install/multi_mode_control_msgs/include/multi_mode_control_msgs/multi_mode_control_msgs/srv/detail/set_world_state__rosidl_typesupport_fastrtps_c.h
[2.045s] -- Up-to-date: /home/user/humble_ws/install/multi_mode_control_msgs/include/multi_mode_control_msgs/multi_mode_control_msgs/srv/detail/set_controllers__rosidl_typesupport_fastrtps_c.h
[2.045s] -- Up-to-date: /home/user/humble_ws/install/multi_mode_control_msgs/include/multi_mode_control_msgs/multi_mode_control_msgs/srv/detail/set_reflex__rosidl_typesupport_fastrtps_c.h
[2.045s] -- Up-to-date: /home/user/humble_ws/install/multi_mode_control_msgs/include/multi_mode_control_msgs/multi_mode_control_msgs/srv/detail/get_controllers__rosidl_typesupport_fastrtps_c.h
[2.046s] -- Up-to-date: /home/user/humble_ws/install/multi_mode_control_msgs/include/multi_mode_control_msgs/multi_mode_control_msgs/srv/detail/get_robot_states__rosidl_typesupport_fastrtps_c.h
[2.046s] -- Up-to-date: /home/user/humble_ws/install/multi_mode_control_msgs/include/multi_mode_control_msgs/multi_mode_control_msgs/msg
[2.046s] -- Up-to-date: /home/user/humble_ws/install/multi_mode_control_msgs/include/multi_mode_control_msgs/multi_mode_control_msgs/msg/detail
[2.047s] -- Up-to-date: /home/user/humble_ws/install/multi_mode_control_msgs/include/multi_mode_control_msgs/multi_mode_control_msgs/msg/detail/dual_cartesian_impedance_goal__rosidl_typesupport_fastrtps_c.h
[2.047s] -- Up-to-date: /home/user/humble_ws/install/multi_mode_control_msgs/include/multi_mode_control_msgs/multi_mode_control_msgs/msg/detail/cartesian_impedance_goal__rosidl_typesupport_fastrtps_c.h
[2.047s] -- Up-to-date: /home/user/humble_ws/install/multi_mode_control_msgs/include/multi_mode_control_msgs/multi_mode_control_msgs/msg/detail/joint_array__rosidl_typesupport_fastrtps_c.h
[2.047s] -- Up-to-date: /home/user/humble_ws/install/multi_mode_control_msgs/include/multi_mode_control_msgs/multi_mode_control_msgs/msg/detail/contact_thresholds__rosidl_typesupport_fastrtps_c.h
[2.047s] -- Up-to-date: /home/user/humble_ws/install/multi_mode_control_msgs/include/multi_mode_control_msgs/multi_mode_control_msgs/msg/detail/controller__rosidl_typesupport_fastrtps_c.h
[2.048s] -- Up-to-date: /home/user/humble_ws/install/multi_mode_control_msgs/include/multi_mode_control_msgs/multi_mode_control_msgs/msg/detail/velocity_goal__rosidl_typesupport_fastrtps_c.h
[2.048s] -- Up-to-date: /home/user/humble_ws/install/multi_mode_control_msgs/include/multi_mode_control_msgs/multi_mode_control_msgs/msg/detail/joint_goal__rosidl_typesupport_fastrtps_c.h
[2.048s] -- Up-to-date: /home/user/humble_ws/install/multi_mode_control_msgs/include/multi_mode_control_msgs/multi_mode_control_msgs/msg/detail/wrench__rosidl_typesupport_fastrtps_c.h
[2.048s] -- Up-to-date: /home/user/humble_ws/install/multi_mode_control_msgs/include/multi_mode_control_msgs/multi_mode_control_msgs/msg/rosidl_typesupport_fastrtps_c__visibility_control.h
[2.048s] -- Up-to-date: /home/user/humble_ws/install/multi_mode_control_msgs/lib/libmulti_mode_control_msgs__rosidl_typesupport_fastrtps_c.so
[2.048s] -- Up-to-date: /home/user/humble_ws/install/multi_mode_control_msgs/include/multi_mode_control_msgs/multi_mode_control_msgs
[2.048s] -- Up-to-date: /home/user/humble_ws/install/multi_mode_control_msgs/include/multi_mode_control_msgs/multi_mode_control_msgs/srv
[2.049s] -- Up-to-date: /home/user/humble_ws/install/multi_mode_control_msgs/include/multi_mode_control_msgs/multi_mode_control_msgs/srv/get_controllers.hpp
[2.049s] -- Up-to-date: /home/user/humble_ws/install/multi_mode_control_msgs/include/multi_mode_control_msgs/multi_mode_control_msgs/srv/detail
[2.049s] -- Up-to-date: /home/user/humble_ws/install/multi_mode_control_msgs/include/multi_mode_control_msgs/multi_mode_control_msgs/srv/detail/set_reflex__builder.hpp
[2.049s] -- Up-to-date: /home/user/humble_ws/install/multi_mode_control_msgs/include/multi_mode_control_msgs/multi_mode_control_msgs/srv/detail/set_recovery_mode__builder.hpp
[2.049s] -- Up-to-date: /home/user/humble_ws/install/multi_mode_control_msgs/include/multi_mode_control_msgs/multi_mode_control_msgs/srv/detail/set_controllers__builder.hpp
[2.049s] -- Up-to-date: /home/user/humble_ws/install/multi_mode_control_msgs/include/multi_mode_control_msgs/multi_mode_control_msgs/srv/detail/set_controllers__traits.hpp
[2.049s] -- Up-to-date: /home/user/humble_ws/install/multi_mode_control_msgs/include/multi_mode_control_msgs/multi_mode_control_msgs/srv/detail/get_controllers__builder.hpp
[2.050s] -- Up-to-date: /home/user/humble_ws/install/multi_mode_control_msgs/include/multi_mode_control_msgs/multi_mode_control_msgs/srv/detail/set_reflex__traits.hpp
[2.050s] -- Up-to-date: /home/user/humble_ws/install/multi_mode_control_msgs/include/multi_mode_control_msgs/multi_mode_control_msgs/srv/detail/set_joint_impedance__builder.hpp
[2.050s] -- Up-to-date: /home/user/humble_ws/install/multi_mode_control_msgs/include/multi_mode_control_msgs/multi_mode_control_msgs/srv/detail/set_controllers__struct.hpp
[2.050s] -- Up-to-date: /home/user/humble_ws/install/multi_mode_control_msgs/include/multi_mode_control_msgs/multi_mode_control_msgs/srv/detail/set_thresholds__traits.hpp
[2.050s] -- Up-to-date: /home/user/humble_ws/install/multi_mode_control_msgs/include/multi_mode_control_msgs/multi_mode_control_msgs/srv/detail/set_cartesian_impedance__builder.hpp
[2.050s] -- Up-to-date: /home/user/humble_ws/install/multi_mode_control_msgs/include/multi_mode_control_msgs/multi_mode_control_msgs/srv/detail/get_robot_states__traits.hpp
[2.050s] -- Up-to-date: /home/user/humble_ws/install/multi_mode_control_msgs/include/multi_mode_control_msgs/multi_mode_control_msgs/srv/detail/get_controllers__traits.hpp
[2.051s] -- Up-to-date: /home/user/humble_ws/install/multi_mode_control_msgs/include/multi_mode_control_msgs/multi_mode_control_msgs/srv/detail/set_world_state__traits.hpp
[2.051s] -- Up-to-date: /home/user/humble_ws/install/multi_mode_control_msgs/include/multi_mode_control_msgs/multi_mode_control_msgs/srv/detail/set_joint_impedance__traits.hpp
[2.051s] -- Up-to-date: /home/user/humble_ws/install/multi_mode_control_msgs/include/multi_mode_control_msgs/multi_mode_control_msgs/srv/detail/set_thresholds__builder.hpp
[2.051s] -- Up-to-date: /home/user/humble_ws/install/multi_mode_control_msgs/include/multi_mode_control_msgs/multi_mode_control_msgs/srv/detail/set_cartesian_impedance__traits.hpp
[2.051s] -- Up-to-date: /home/user/humble_ws/install/multi_mode_control_msgs/include/multi_mode_control_msgs/multi_mode_control_msgs/srv/detail/set_world_state__struct.hpp
[2.051s] -- Up-to-date: /home/user/humble_ws/install/multi_mode_control_msgs/include/multi_mode_control_msgs/multi_mode_control_msgs/srv/detail/set_cartesian_impedance__struct.hpp
[2.051s] -- Up-to-date: /home/user/humble_ws/install/multi_mode_control_msgs/include/multi_mode_control_msgs/multi_mode_control_msgs/srv/detail/set_world_state__builder.hpp
[2.052s] -- Up-to-date: /home/user/humble_ws/install/multi_mode_control_msgs/include/multi_mode_control_msgs/multi_mode_control_msgs/srv/detail/get_controllers__struct.hpp
[2.052s] -- Up-to-date: /home/user/humble_ws/install/multi_mode_control_msgs/include/multi_mode_control_msgs/multi_mode_control_msgs/srv/detail/get_robot_states__struct.hpp
[2.052s] -- Up-to-date: /home/user/humble_ws/install/multi_mode_control_msgs/include/multi_mode_control_msgs/multi_mode_control_msgs/srv/detail/set_thresholds__struct.hpp
[2.052s] -- Up-to-date: /home/user/humble_ws/install/multi_mode_control_msgs/include/multi_mode_control_msgs/multi_mode_control_msgs/srv/detail/get_robot_states__builder.hpp
[2.052s] -- Up-to-date: /home/user/humble_ws/install/multi_mode_control_msgs/include/multi_mode_control_msgs/multi_mode_control_msgs/srv/detail/set_recovery_mode__traits.hpp
[2.052s] -- Up-to-date: /home/user/humble_ws/install/multi_mode_control_msgs/include/multi_mode_control_msgs/multi_mode_control_msgs/srv/detail/set_joint_impedance__struct.hpp
[2.052s] -- Up-to-date: /home/user/humble_ws/install/multi_mode_control_msgs/include/multi_mode_control_msgs/multi_mode_control_msgs/srv/detail/set_reflex__struct.hpp
[2.053s] -- Up-to-date: /home/user/humble_ws/install/multi_mode_control_msgs/include/multi_mode_control_msgs/multi_mode_control_msgs/srv/detail/set_recovery_mode__struct.hpp
[2.053s] -- Up-to-date: /home/user/humble_ws/install/multi_mode_control_msgs/include/multi_mode_control_msgs/multi_mode_control_msgs/srv/set_thresholds.hpp
[2.053s] -- Up-to-date: /home/user/humble_ws/install/multi_mode_control_msgs/include/multi_mode_control_msgs/multi_mode_control_msgs/srv/set_joint_impedance.hpp
[2.053s] -- Up-to-date: /home/user/humble_ws/install/multi_mode_control_msgs/include/multi_mode_control_msgs/multi_mode_control_msgs/srv/set_cartesian_impedance.hpp
[2.053s] -- Up-to-date: /home/user/humble_ws/install/multi_mode_control_msgs/include/multi_mode_control_msgs/multi_mode_control_msgs/srv/set_reflex.hpp
[2.053s] -- Up-to-date: /home/user/humble_ws/install/multi_mode_control_msgs/include/multi_mode_control_msgs/multi_mode_control_msgs/srv/get_robot_states.hpp
[2.053s] -- Up-to-date: /home/user/humble_ws/install/multi_mode_control_msgs/include/multi_mode_control_msgs/multi_mode_control_msgs/srv/set_recovery_mode.hpp
[2.053s] -- Up-to-date: /home/user/humble_ws/install/multi_mode_control_msgs/include/multi_mode_control_msgs/multi_mode_control_msgs/srv/set_controllers.hpp
[2.054s] -- Up-to-date: /home/user/humble_ws/install/multi_mode_control_msgs/include/multi_mode_control_msgs/multi_mode_control_msgs/srv/set_world_state.hpp
[2.054s] -- Up-to-date: /home/user/humble_ws/install/multi_mode_control_msgs/include/multi_mode_control_msgs/multi_mode_control_msgs/msg
[2.054s] -- Up-to-date: /home/user/humble_ws/install/multi_mode_control_msgs/include/multi_mode_control_msgs/multi_mode_control_msgs/msg/joint_goal.hpp
[2.054s] -- Up-to-date: /home/user/humble_ws/install/multi_mode_control_msgs/include/multi_mode_control_msgs/multi_mode_control_msgs/msg/velocity_goal.hpp
[2.054s] -- Up-to-date: /home/user/humble_ws/install/multi_mode_control_msgs/include/multi_mode_control_msgs/multi_mode_control_msgs/msg/joint_array.hpp
[2.054s] -- Up-to-date: /home/user/humble_ws/install/multi_mode_control_msgs/include/multi_mode_control_msgs/multi_mode_control_msgs/msg/contact_thresholds.hpp
[2.054s] -- Up-to-date: /home/user/humble_ws/install/multi_mode_control_msgs/include/multi_mode_control_msgs/multi_mode_control_msgs/msg/detail
[2.055s] -- Up-to-date: /home/user/humble_ws/install/multi_mode_control_msgs/include/multi_mode_control_msgs/multi_mode_control_msgs/msg/detail/joint_goal__builder.hpp
[2.055s] -- Up-to-date: /home/user/humble_ws/install/multi_mode_control_msgs/include/multi_mode_control_msgs/multi_mode_control_msgs/msg/detail/controller__struct.hpp
[2.055s] -- Up-to-date: /home/user/humble_ws/install/multi_mode_control_msgs/include/multi_mode_control_msgs/multi_mode_control_msgs/msg/detail/cartesian_impedance_goal__builder.hpp
[2.055s] -- Up-to-date: /home/user/humble_ws/install/multi_mode_control_msgs/include/multi_mode_control_msgs/multi_mode_control_msgs/msg/detail/dual_cartesian_impedance_goal__traits.hpp
[2.055s] -- Up-to-date: /home/user/humble_ws/install/multi_mode_control_msgs/include/multi_mode_control_msgs/multi_mode_control_msgs/msg/detail/wrench__builder.hpp
[2.055s] -- Up-to-date: /home/user/humble_ws/install/multi_mode_control_msgs/include/multi_mode_control_msgs/multi_mode_control_msgs/msg/detail/controller__builder.hpp
[2.055s] -- Up-to-date: /home/user/humble_ws/install/multi_mode_control_msgs/include/multi_mode_control_msgs/multi_mode_control_msgs/msg/detail/cartesian_impedance_goal__struct.hpp
[2.056s] -- Up-to-date: /home/user/humble_ws/install/multi_mode_control_msgs/include/multi_mode_control_msgs/multi_mode_control_msgs/msg/detail/wrench__traits.hpp
[2.056s] -- Up-to-date: /home/user/humble_ws/install/multi_mode_control_msgs/include/multi_mode_control_msgs/multi_mode_control_msgs/msg/detail/dual_cartesian_impedance_goal__builder.hpp
[2.056s] -- Up-to-date: /home/user/humble_ws/install/multi_mode_control_msgs/include/multi_mode_control_msgs/multi_mode_control_msgs/msg/detail/contact_thresholds__struct.hpp
[2.056s] -- Up-to-date: /home/user/humble_ws/install/multi_mode_control_msgs/include/multi_mode_control_msgs/multi_mode_control_msgs/msg/detail/joint_goal__struct.hpp
[2.056s] -- Up-to-date: /home/user/humble_ws/install/multi_mode_control_msgs/include/multi_mode_control_msgs/multi_mode_control_msgs/msg/detail/wrench__struct.hpp
[2.056s] -- Up-to-date: /home/user/humble_ws/install/multi_mode_control_msgs/include/multi_mode_control_msgs/multi_mode_control_msgs/msg/detail/joint_array__builder.hpp
[2.056s] -- Up-to-date: /home/user/humble_ws/install/multi_mode_control_msgs/include/multi_mode_control_msgs/multi_mode_control_msgs/msg/detail/velocity_goal__traits.hpp
[2.057s] -- Up-to-date: /home/user/humble_ws/install/multi_mode_control_msgs/include/multi_mode_control_msgs/multi_mode_control_msgs/msg/detail/dual_cartesian_impedance_goal__struct.hpp
[2.057s] -- Up-to-date: /home/user/humble_ws/install/multi_mode_control_msgs/include/multi_mode_control_msgs/multi_mode_control_msgs/msg/detail/joint_goal__traits.hpp
[2.057s] -- Up-to-date: /home/user/humble_ws/install/multi_mode_control_msgs/include/multi_mode_control_msgs/multi_mode_control_msgs/msg/detail/joint_array__traits.hpp
[2.057s] -- Up-to-date: /home/user/humble_ws/install/multi_mode_control_msgs/include/multi_mode_control_msgs/multi_mode_control_msgs/msg/detail/cartesian_impedance_goal__traits.hpp
[2.057s] -- Up-to-date: /home/user/humble_ws/install/multi_mode_control_msgs/include/multi_mode_control_msgs/multi_mode_control_msgs/msg/detail/joint_array__struct.hpp
[2.057s] -- Up-to-date: /home/user/humble_ws/install/multi_mode_control_msgs/include/multi_mode_control_msgs/multi_mode_control_msgs/msg/detail/velocity_goal__builder.hpp
[2.057s] -- Up-to-date: /home/user/humble_ws/install/multi_mode_control_msgs/include/multi_mode_control_msgs/multi_mode_control_msgs/msg/detail/controller__traits.hpp
[2.057s] -- Up-to-date: /home/user/humble_ws/install/multi_mode_control_msgs/include/multi_mode_control_msgs/multi_mode_control_msgs/msg/detail/contact_thresholds__builder.hpp
[2.058s] -- Up-to-date: /home/user/humble_ws/install/multi_mode_control_msgs/include/multi_mode_control_msgs/multi_mode_control_msgs/msg/detail/contact_thresholds__traits.hpp
[2.058s] -- Up-to-date: /home/user/humble_ws/install/multi_mode_control_msgs/include/multi_mode_control_msgs/multi_mode_control_msgs/msg/detail/velocity_goal__struct.hpp
[2.058s] -- Up-to-date: /home/user/humble_ws/install/multi_mode_control_msgs/include/multi_mode_control_msgs/multi_mode_control_msgs/msg/dual_cartesian_impedance_goal.hpp
[2.058s] -- Up-to-date: /home/user/humble_ws/install/multi_mode_control_msgs/include/multi_mode_control_msgs/multi_mode_control_msgs/msg/wrench.hpp
[2.058s] -- Up-to-date: /home/user/humble_ws/install/multi_mode_control_msgs/include/multi_mode_control_msgs/multi_mode_control_msgs/msg/cartesian_impedance_goal.hpp
[2.058s] -- Up-to-date: /home/user/humble_ws/install/multi_mode_control_msgs/include/multi_mode_control_msgs/multi_mode_control_msgs/msg/controller.hpp
[2.058s] -- Up-to-date: /home/user/humble_ws/install/multi_mode_control_msgs/include/multi_mode_control_msgs/multi_mode_control_msgs
[2.059s] -- Up-to-date: /home/user/humble_ws/install/multi_mode_control_msgs/include/multi_mode_control_msgs/multi_mode_control_msgs/srv
[2.059s] -- Up-to-date: /home/user/humble_ws/install/multi_mode_control_msgs/include/multi_mode_control_msgs/multi_mode_control_msgs/srv/detail
[2.059s] -- Up-to-date: /home/user/humble_ws/install/multi_mode_control_msgs/include/multi_mode_control_msgs/multi_mode_control_msgs/srv/detail/dds_fastrtps
[2.059s] -- Up-to-date: /home/user/humble_ws/install/multi_mode_control_msgs/include/multi_mode_control_msgs/multi_mode_control_msgs/srv/detail/get_robot_states__rosidl_typesupport_fastrtps_cpp.hpp
[2.059s] -- Up-to-date: /home/user/humble_ws/install/multi_mode_control_msgs/include/multi_mode_control_msgs/multi_mode_control_msgs/srv/detail/set_recovery_mode__rosidl_typesupport_fastrtps_cpp.hpp
[2.059s] -- Up-to-date: /home/user/humble_ws/install/multi_mode_control_msgs/include/multi_mode_control_msgs/multi_mode_control_msgs/srv/detail/set_cartesian_impedance__rosidl_typesupport_fastrtps_cpp.hpp
[2.059s] -- Up-to-date: /home/user/humble_ws/install/multi_mode_control_msgs/include/multi_mode_control_msgs/multi_mode_control_msgs/srv/detail/set_reflex__rosidl_typesupport_fastrtps_cpp.hpp
[2.059s] -- Up-to-date: /home/user/humble_ws/install/multi_mode_control_msgs/include/multi_mode_control_msgs/multi_mode_control_msgs/srv/detail/set_world_state__rosidl_typesupport_fastrtps_cpp.hpp
[2.060s] -- Up-to-date: /home/user/humble_ws/install/multi_mode_control_msgs/include/multi_mode_control_msgs/multi_mode_control_msgs/srv/detail/set_joint_impedance__rosidl_typesupport_fastrtps_cpp.hpp
[2.060s] -- Up-to-date: /home/user/humble_ws/install/multi_mode_control_msgs/include/multi_mode_control_msgs/multi_mode_control_msgs/srv/detail/set_controllers__rosidl_typesupport_fastrtps_cpp.hpp
[2.060s] -- Up-to-date: /home/user/humble_ws/install/multi_mode_control_msgs/include/multi_mode_control_msgs/multi_mode_control_msgs/srv/detail/set_thresholds__rosidl_typesupport_fastrtps_cpp.hpp
[2.060s] -- Up-to-date: /home/user/humble_ws/install/multi_mode_control_msgs/include/multi_mode_control_msgs/multi_mode_control_msgs/srv/detail/get_controllers__rosidl_typesupport_fastrtps_cpp.hpp
[2.060s] -- Up-to-date: /home/user/humble_ws/install/multi_mode_control_msgs/include/multi_mode_control_msgs/multi_mode_control_msgs/msg
[2.060s] -- Up-to-date: /home/user/humble_ws/install/multi_mode_control_msgs/include/multi_mode_control_msgs/multi_mode_control_msgs/msg/detail
[2.060s] -- Up-to-date: /home/user/humble_ws/install/multi_mode_control_msgs/include/multi_mode_control_msgs/multi_mode_control_msgs/msg/detail/dds_fastrtps
[2.061s] -- Up-to-date: /home/user/humble_ws/install/multi_mode_control_msgs/include/multi_mode_control_msgs/multi_mode_control_msgs/msg/detail/controller__rosidl_typesupport_fastrtps_cpp.hpp
[2.061s] -- Up-to-date: /home/user/humble_ws/install/multi_mode_control_msgs/include/multi_mode_control_msgs/multi_mode_control_msgs/msg/detail/velocity_goal__rosidl_typesupport_fastrtps_cpp.hpp
[2.061s] -- Up-to-date: /home/user/humble_ws/install/multi_mode_control_msgs/include/multi_mode_control_msgs/multi_mode_control_msgs/msg/detail/joint_array__rosidl_typesupport_fastrtps_cpp.hpp
[2.061s] -- Up-to-date: /home/user/humble_ws/install/multi_mode_control_msgs/include/multi_mode_control_msgs/multi_mode_control_msgs/msg/detail/cartesian_impedance_goal__rosidl_typesupport_fastrtps_cpp.hpp
[2.061s] -- Up-to-date: /home/user/humble_ws/install/multi_mode_control_msgs/include/multi_mode_control_msgs/multi_mode_control_msgs/msg/detail/wrench__rosidl_typesupport_fastrtps_cpp.hpp
[2.061s] -- Up-to-date: /home/user/humble_ws/install/multi_mode_control_msgs/include/multi_mode_control_msgs/multi_mode_control_msgs/msg/detail/contact_thresholds__rosidl_typesupport_fastrtps_cpp.hpp
[2.061s] -- Up-to-date: /home/user/humble_ws/install/multi_mode_control_msgs/include/multi_mode_control_msgs/multi_mode_control_msgs/msg/detail/dual_cartesian_impedance_goal__rosidl_typesupport_fastrtps_cpp.hpp
[2.061s] -- Up-to-date: /home/user/humble_ws/install/multi_mode_control_msgs/include/multi_mode_control_msgs/multi_mode_control_msgs/msg/detail/joint_goal__rosidl_typesupport_fastrtps_cpp.hpp
[2.062s] -- Up-to-date: /home/user/humble_ws/install/multi_mode_control_msgs/include/multi_mode_control_msgs/multi_mode_control_msgs/msg/rosidl_typesupport_fastrtps_cpp__visibility_control.h
[2.062s] -- Up-to-date: /home/user/humble_ws/install/multi_mode_control_msgs/lib/libmulti_mode_control_msgs__rosidl_typesupport_fastrtps_cpp.so
[2.062s] -- Up-to-date: /home/user/humble_ws/install/multi_mode_control_msgs/include/multi_mode_control_msgs/multi_mode_control_msgs
[2.062s] -- Up-to-date: /home/user/humble_ws/install/multi_mode_control_msgs/include/multi_mode_control_msgs/multi_mode_control_msgs/srv
[2.062s] -- Up-to-date: /home/user/humble_ws/install/multi_mode_control_msgs/include/multi_mode_control_msgs/multi_mode_control_msgs/srv/detail
[2.062s] -- Up-to-date: /home/user/humble_ws/install/multi_mode_control_msgs/include/multi_mode_control_msgs/multi_mode_control_msgs/srv/detail/get_robot_states__type_support.c
[2.062s] -- Up-to-date: /home/user/humble_ws/install/multi_mode_control_msgs/include/multi_mode_control_msgs/multi_mode_control_msgs/srv/detail/set_world_state__rosidl_typesupport_introspection_c.h
[2.062s] -- Up-to-date: /home/user/humble_ws/install/multi_mode_control_msgs/include/multi_mode_control_msgs/multi_mode_control_msgs/srv/detail/set_controllers__rosidl_typesupport_introspection_c.h
[2.063s] -- Up-to-date: /home/user/humble_ws/install/multi_mode_control_msgs/include/multi_mode_control_msgs/multi_mode_control_msgs/srv/detail/set_joint_impedance__rosidl_typesupport_introspection_c.h
[2.063s] -- Up-to-date: /home/user/humble_ws/install/multi_mode_control_msgs/include/multi_mode_control_msgs/multi_mode_control_msgs/srv/detail/set_cartesian_impedance__type_support.c
[2.063s] -- Up-to-date: /home/user/humble_ws/install/multi_mode_control_msgs/include/multi_mode_control_msgs/multi_mode_control_msgs/srv/detail/set_recovery_mode__type_support.c
[2.063s] -- Up-to-date: /home/user/humble_ws/install/multi_mode_control_msgs/include/multi_mode_control_msgs/multi_mode_control_msgs/srv/detail/get_robot_states__rosidl_typesupport_introspection_c.h
[2.063s] -- Up-to-date: /home/user/humble_ws/install/multi_mode_control_msgs/include/multi_mode_control_msgs/multi_mode_control_msgs/srv/detail/set_joint_impedance__type_support.c
[2.063s] -- Up-to-date: /home/user/humble_ws/install/multi_mode_control_msgs/include/multi_mode_control_msgs/multi_mode_control_msgs/srv/detail/set_controllers__type_support.c
[2.063s] -- Up-to-date: /home/user/humble_ws/install/multi_mode_control_msgs/include/multi_mode_control_msgs/multi_mode_control_msgs/srv/detail/set_reflex__type_support.c
[2.063s] -- Up-to-date: /home/user/humble_ws/install/multi_mode_control_msgs/include/multi_mode_control_msgs/multi_mode_control_msgs/srv/detail/set_thresholds__type_support.c
[2.064s] -- Up-to-date: /home/user/humble_ws/install/multi_mode_control_msgs/include/multi_mode_control_msgs/multi_mode_control_msgs/srv/detail/set_reflex__rosidl_typesupport_introspection_c.h
[2.064s] -- Up-to-date: /home/user/humble_ws/install/multi_mode_control_msgs/include/multi_mode_control_msgs/multi_mode_control_msgs/srv/detail/get_controllers__rosidl_typesupport_introspection_c.h
[2.064s] -- Up-to-date: /home/user/humble_ws/install/multi_mode_control_msgs/include/multi_mode_control_msgs/multi_mode_control_msgs/srv/detail/set_thresholds__rosidl_typesupport_introspection_c.h
[2.064s] -- Up-to-date: /home/user/humble_ws/install/multi_mode_control_msgs/include/multi_mode_control_msgs/multi_mode_control_msgs/srv/detail/set_cartesian_impedance__rosidl_typesupport_introspection_c.h
[2.064s] -- Up-to-date: /home/user/humble_ws/install/multi_mode_control_msgs/include/multi_mode_control_msgs/multi_mode_control_msgs/srv/detail/set_recovery_mode__rosidl_typesupport_introspection_c.h
[2.064s] -- Up-to-date: /home/user/humble_ws/install/multi_mode_control_msgs/include/multi_mode_control_msgs/multi_mode_control_msgs/srv/detail/get_controllers__type_support.c
[2.064s] -- Up-to-date: /home/user/humble_ws/install/multi_mode_control_msgs/include/multi_mode_control_msgs/multi_mode_control_msgs/srv/detail/set_world_state__type_support.c
[2.064s] -- Up-to-date: /home/user/humble_ws/install/multi_mode_control_msgs/include/multi_mode_control_msgs/multi_mode_control_msgs/msg
[2.064s] -- Up-to-date: /home/user/humble_ws/install/multi_mode_control_msgs/include/multi_mode_control_msgs/multi_mode_control_msgs/msg/detail
[2.065s] -- Up-to-date: /home/user/humble_ws/install/multi_mode_control_msgs/include/multi_mode_control_msgs/multi_mode_control_msgs/msg/detail/joint_array__rosidl_typesupport_introspection_c.h
[2.065s] -- Up-to-date: /home/user/humble_ws/install/multi_mode_control_msgs/include/multi_mode_control_msgs/multi_mode_control_msgs/msg/detail/joint_array__type_support.c
[2.065s] -- Up-to-date: /home/user/humble_ws/install/multi_mode_control_msgs/include/multi_mode_control_msgs/multi_mode_control_msgs/msg/detail/joint_goal__rosidl_typesupport_introspection_c.h
[2.065s] -- Up-to-date: /home/user/humble_ws/install/multi_mode_control_msgs/include/multi_mode_control_msgs/multi_mode_control_msgs/msg/detail/cartesian_impedance_goal__rosidl_typesupport_introspection_c.h
[2.065s] -- Up-to-date: /home/user/humble_ws/install/multi_mode_control_msgs/include/multi_mode_control_msgs/multi_mode_control_msgs/msg/detail/velocity_goal__type_support.c
[2.065s] -- Up-to-date: /home/user/humble_ws/install/multi_mode_control_msgs/include/multi_mode_control_msgs/multi_mode_control_msgs/msg/detail/wrench__rosidl_typesupport_introspection_c.h
[2.065s] -- Up-to-date: /home/user/humble_ws/install/multi_mode_control_msgs/include/multi_mode_control_msgs/multi_mode_control_msgs/msg/detail/cartesian_impedance_goal__type_support.c
[2.065s] -- Up-to-date: /home/user/humble_ws/install/multi_mode_control_msgs/include/multi_mode_control_msgs/multi_mode_control_msgs/msg/detail/controller__type_support.c
[2.066s] -- Up-to-date: /home/user/humble_ws/install/multi_mode_control_msgs/include/multi_mode_control_msgs/multi_mode_control_msgs/msg/detail/velocity_goal__rosidl_typesupport_introspection_c.h
[2.066s] -- Up-to-date: /home/user/humble_ws/install/multi_mode_control_msgs/include/multi_mode_control_msgs/multi_mode_control_msgs/msg/detail/dual_cartesian_impedance_goal__type_support.c
[2.066s] -- Up-to-date: /home/user/humble_ws/install/multi_mode_control_msgs/include/multi_mode_control_msgs/multi_mode_control_msgs/msg/detail/joint_goal__type_support.c
[2.066s] -- Up-to-date: /home/user/humble_ws/install/multi_mode_control_msgs/include/multi_mode_control_msgs/multi_mode_control_msgs/msg/detail/wrench__type_support.c
[2.066s] -- Up-to-date: /home/user/humble_ws/install/multi_mode_control_msgs/include/multi_mode_control_msgs/multi_mode_control_msgs/msg/detail/dual_cartesian_impedance_goal__rosidl_typesupport_introspection_c.h
[2.066s] -- Up-to-date: /home/user/humble_ws/install/multi_mode_control_msgs/include/multi_mode_control_msgs/multi_mode_control_msgs/msg/detail/contact_thresholds__rosidl_typesupport_introspection_c.h
[2.066s] -- Up-to-date: /home/user/humble_ws/install/multi_mode_control_msgs/include/multi_mode_control_msgs/multi_mode_control_msgs/msg/detail/controller__rosidl_typesupport_introspection_c.h
[2.066s] -- Up-to-date: /home/user/humble_ws/install/multi_mode_control_msgs/include/multi_mode_control_msgs/multi_mode_control_msgs/msg/detail/contact_thresholds__type_support.c
[2.067s] -- Up-to-date: /home/user/humble_ws/install/multi_mode_control_msgs/include/multi_mode_control_msgs/multi_mode_control_msgs/msg/rosidl_typesupport_introspection_c__visibility_control.h
[2.067s] -- Up-to-date: /home/user/humble_ws/install/multi_mode_control_msgs/lib/libmulti_mode_control_msgs__rosidl_typesupport_introspection_c.so
[2.067s] -- Up-to-date: /home/user/humble_ws/install/multi_mode_control_msgs/lib/libmulti_mode_control_msgs__rosidl_typesupport_c.so
[2.067s] -- Up-to-date: /home/user/humble_ws/install/multi_mode_control_msgs/include/multi_mode_control_msgs/multi_mode_control_msgs
[2.067s] -- Up-to-date: /home/user/humble_ws/install/multi_mode_control_msgs/include/multi_mode_control_msgs/multi_mode_control_msgs/srv
[2.067s] -- Up-to-date: /home/user/humble_ws/install/multi_mode_control_msgs/include/multi_mode_control_msgs/multi_mode_control_msgs/srv/detail
[2.067s] -- Up-to-date: /home/user/humble_ws/install/multi_mode_control_msgs/include/multi_mode_control_msgs/multi_mode_control_msgs/srv/detail/get_controllers__rosidl_typesupport_introspection_cpp.hpp
[2.067s] -- Up-to-date: /home/user/humble_ws/install/multi_mode_control_msgs/include/multi_mode_control_msgs/multi_mode_control_msgs/srv/detail/set_reflex__type_support.cpp
[2.067s] -- Up-to-date: /home/user/humble_ws/install/multi_mode_control_msgs/include/multi_mode_control_msgs/multi_mode_control_msgs/srv/detail/get_robot_states__rosidl_typesupport_introspection_cpp.hpp
[2.068s] -- Up-to-date: /home/user/humble_ws/install/multi_mode_control_msgs/include/multi_mode_control_msgs/multi_mode_control_msgs/srv/detail/set_world_state__rosidl_typesupport_introspection_cpp.hpp
[2.068s] -- Up-to-date: /home/user/humble_ws/install/multi_mode_control_msgs/include/multi_mode_control_msgs/multi_mode_control_msgs/srv/detail/set_reflex__rosidl_typesupport_introspection_cpp.hpp
[2.068s] -- Up-to-date: /home/user/humble_ws/install/multi_mode_control_msgs/include/multi_mode_control_msgs/multi_mode_control_msgs/srv/detail/set_thresholds__type_support.cpp
[2.068s] -- Up-to-date: /home/user/humble_ws/install/multi_mode_control_msgs/include/multi_mode_control_msgs/multi_mode_control_msgs/srv/detail/set_controllers__type_support.cpp
[2.068s] -- Up-to-date: /home/user/humble_ws/install/multi_mode_control_msgs/include/multi_mode_control_msgs/multi_mode_control_msgs/srv/detail/set_thresholds__rosidl_typesupport_introspection_cpp.hpp
[2.068s] -- Up-to-date: /home/user/humble_ws/install/multi_mode_control_msgs/include/multi_mode_control_msgs/multi_mode_control_msgs/srv/detail/set_recovery_mode__type_support.cpp
[2.068s] -- Up-to-date: /home/user/humble_ws/install/multi_mode_control_msgs/include/multi_mode_control_msgs/multi_mode_control_msgs/srv/detail/set_recovery_mode__rosidl_typesupport_introspection_cpp.hpp
[2.068s] -- Up-to-date: /home/user/humble_ws/install/multi_mode_control_msgs/include/multi_mode_control_msgs/multi_mode_control_msgs/srv/detail/set_controllers__rosidl_typesupport_introspection_cpp.hpp
[2.069s] -- Up-to-date: /home/user/humble_ws/install/multi_mode_control_msgs/include/multi_mode_control_msgs/multi_mode_control_msgs/srv/detail/set_joint_impedance__rosidl_typesupport_introspection_cpp.hpp
[2.069s] -- Up-to-date: /home/user/humble_ws/install/multi_mode_control_msgs/include/multi_mode_control_msgs/multi_mode_control_msgs/srv/detail/set_world_state__type_support.cpp
[2.069s] -- Up-to-date: /home/user/humble_ws/install/multi_mode_control_msgs/include/multi_mode_control_msgs/multi_mode_control_msgs/srv/detail/set_joint_impedance__type_support.cpp
[2.069s] -- Up-to-date: /home/user/humble_ws/install/multi_mode_control_msgs/include/multi_mode_control_msgs/multi_mode_control_msgs/srv/detail/get_controllers__type_support.cpp
[2.069s] -- Up-to-date: /home/user/humble_ws/install/multi_mode_control_msgs/include/multi_mode_control_msgs/multi_mode_control_msgs/srv/detail/get_robot_states__type_support.cpp
[2.069s] -- Up-to-date: /home/user/humble_ws/install/multi_mode_control_msgs/include/multi_mode_control_msgs/multi_mode_control_msgs/srv/detail/set_cartesian_impedance__rosidl_typesupport_introspection_cpp.hpp
[2.069s] -- Up-to-date: /home/user/humble_ws/install/multi_mode_control_msgs/include/multi_mode_control_msgs/multi_mode_control_msgs/srv/detail/set_cartesian_impedance__type_support.cpp
[2.069s] -- Up-to-date: /home/user/humble_ws/install/multi_mode_control_msgs/include/multi_mode_control_msgs/multi_mode_control_msgs/msg
[2.070s] -- Up-to-date: /home/user/humble_ws/install/multi_mode_control_msgs/include/multi_mode_control_msgs/multi_mode_control_msgs/msg/detail
[2.070s] -- Up-to-date: /home/user/humble_ws/install/multi_mode_control_msgs/include/multi_mode_control_msgs/multi_mode_control_msgs/msg/detail/joint_goal__rosidl_typesupport_introspection_cpp.hpp
[2.070s] -- Up-to-date: /home/user/humble_ws/install/multi_mode_control_msgs/include/multi_mode_control_msgs/multi_mode_control_msgs/msg/detail/dual_cartesian_impedance_goal__rosidl_typesupport_introspection_cpp.hpp
[2.070s] -- Up-to-date: /home/user/humble_ws/install/multi_mode_control_msgs/include/multi_mode_control_msgs/multi_mode_control_msgs/msg/detail/joint_goal__type_support.cpp
[2.070s] -- Up-to-date: /home/user/humble_ws/install/multi_mode_control_msgs/include/multi_mode_control_msgs/multi_mode_control_msgs/msg/detail/contact_thresholds__type_support.cpp
[2.070s] -- Up-to-date: /home/user/humble_ws/install/multi_mode_control_msgs/include/multi_mode_control_msgs/multi_mode_control_msgs/msg/detail/cartesian_impedance_goal__rosidl_typesupport_introspection_cpp.hpp
[2.070s] -- Up-to-date: /home/user/humble_ws/install/multi_mode_control_msgs/include/multi_mode_control_msgs/multi_mode_control_msgs/msg/detail/wrench__rosidl_typesupport_introspection_cpp.hpp
[2.070s] -- Up-to-date: /home/user/humble_ws/install/multi_mode_control_msgs/include/multi_mode_control_msgs/multi_mode_control_msgs/msg/detail/wrench__type_support.cpp
[2.071s] -- Up-to-date: /home/user/humble_ws/install/multi_mode_control_msgs/include/multi_mode_control_msgs/multi_mode_control_msgs/msg/detail/joint_array__type_support.cpp
[2.071s] -- Up-to-date: /home/user/humble_ws/install/multi_mode_control_msgs/include/multi_mode_control_msgs/multi_mode_control_msgs/msg/detail/controller__type_support.cpp
[2.071s] -- Up-to-date: /home/user/humble_ws/install/multi_mode_control_msgs/include/multi_mode_control_msgs/multi_mode_control_msgs/msg/detail/contact_thresholds__rosidl_typesupport_introspection_cpp.hpp
[2.071s] -- Up-to-date: /home/user/humble_ws/install/multi_mode_control_msgs/include/multi_mode_control_msgs/multi_mode_control_msgs/msg/detail/joint_array__rosidl_typesupport_introspection_cpp.hpp
[2.071s] -- Up-to-date: /home/user/humble_ws/install/multi_mode_control_msgs/include/multi_mode_control_msgs/multi_mode_control_msgs/msg/detail/cartesian_impedance_goal__type_support.cpp
[2.071s] -- Up-to-date: /home/user/humble_ws/install/multi_mode_control_msgs/include/multi_mode_control_msgs/multi_mode_control_msgs/msg/detail/dual_cartesian_impedance_goal__type_support.cpp
[2.071s] -- Up-to-date: /home/user/humble_ws/install/multi_mode_control_msgs/include/multi_mode_control_msgs/multi_mode_control_msgs/msg/detail/velocity_goal__type_support.cpp
[2.071s] -- Up-to-date: /home/user/humble_ws/install/multi_mode_control_msgs/include/multi_mode_control_msgs/multi_mode_control_msgs/msg/detail/velocity_goal__rosidl_typesupport_introspection_cpp.hpp
[2.071s] -- Up-to-date: /home/user/humble_ws/install/multi_mode_control_msgs/include/multi_mode_control_msgs/multi_mode_control_msgs/msg/detail/controller__rosidl_typesupport_introspection_cpp.hpp
[2.072s] -- Up-to-date: /home/user/humble_ws/install/multi_mode_control_msgs/lib/libmulti_mode_control_msgs__rosidl_typesupport_introspection_cpp.so
[2.072s] -- Up-to-date: /home/user/humble_ws/install/multi_mode_control_msgs/lib/libmulti_mode_control_msgs__rosidl_typesupport_cpp.so
[2.072s] -- Up-to-date: /home/user/humble_ws/install/multi_mode_control_msgs/share/multi_mode_control_msgs/environment/pythonpath.sh
[2.072s] -- Up-to-date: /home/user/humble_ws/install/multi_mode_control_msgs/share/multi_mode_control_msgs/environment/pythonpath.dsv
[2.072s] -- Up-to-date: /home/user/humble_ws/install/multi_mode_control_msgs/local/lib/python3.10/dist-packages/multi_mode_control_msgs-0.0.0-py3.10.egg-info
[2.072s] -- Installing: /home/user/humble_ws/install/multi_mode_control_msgs/local/lib/python3.10/dist-packages/multi_mode_control_msgs-0.0.0-py3.10.egg-info/top_level.txt
[2.072s] -- Installing: /home/user/humble_ws/install/multi_mode_control_msgs/local/lib/python3.10/dist-packages/multi_mode_control_msgs-0.0.0-py3.10.egg-info/dependency_links.txt
[2.072s] -- Installing: /home/user/humble_ws/install/multi_mode_control_msgs/local/lib/python3.10/dist-packages/multi_mode_control_msgs-0.0.0-py3.10.egg-info/SOURCES.txt
[2.073s] -- Installing: /home/user/humble_ws/install/multi_mode_control_msgs/local/lib/python3.10/dist-packages/multi_mode_control_msgs-0.0.0-py3.10.egg-info/PKG-INFO
[2.073s] -- Up-to-date: /home/user/humble_ws/install/multi_mode_control_msgs/local/lib/python3.10/dist-packages/multi_mode_control_msgs
[2.073s] -- Up-to-date: /home/user/humble_ws/install/multi_mode_control_msgs/local/lib/python3.10/dist-packages/multi_mode_control_msgs/multi_mode_control_msgs_s__rosidl_typesupport_introspection_c.cpython-310-x86_64-linux-gnu.so
[2.073s] -- Up-to-date: /home/user/humble_ws/install/multi_mode_control_msgs/local/lib/python3.10/dist-packages/multi_mode_control_msgs/_multi_mode_control_msgs_s.ep.rosidl_typesupport_fastrtps_c.c
[2.073s] -- Up-to-date: /home/user/humble_ws/install/multi_mode_control_msgs/local/lib/python3.10/dist-packages/multi_mode_control_msgs/_multi_mode_control_msgs_s.ep.rosidl_typesupport_c.c
[2.073s] -- Up-to-date: /home/user/humble_ws/install/multi_mode_control_msgs/local/lib/python3.10/dist-packages/multi_mode_control_msgs/multi_mode_control_msgs_s__rosidl_typesupport_c.cpython-310-x86_64-linux-gnu.so
[2.073s] -- Up-to-date: /home/user/humble_ws/install/multi_mode_control_msgs/local/lib/python3.10/dist-packages/multi_mode_control_msgs/libmulti_mode_control_msgs__rosidl_generator_py.so
[2.073s] -- Up-to-date: /home/user/humble_ws/install/multi_mode_control_msgs/local/lib/python3.10/dist-packages/multi_mode_control_msgs/srv
[2.073s] -- Up-to-date: /home/user/humble_ws/install/multi_mode_control_msgs/local/lib/python3.10/dist-packages/multi_mode_control_msgs/srv/_set_joint_impedance.py
[2.074s] -- Up-to-date: /home/user/humble_ws/install/multi_mode_control_msgs/local/lib/python3.10/dist-packages/multi_mode_control_msgs/srv/_set_reflex.py
[2.074s] -- Up-to-date: /home/user/humble_ws/install/multi_mode_control_msgs/local/lib/python3.10/dist-packages/multi_mode_control_msgs/srv/_get_controllers_s.c
[2.074s] -- Up-to-date: /home/user/humble_ws/install/multi_mode_control_msgs/local/lib/python3.10/dist-packages/multi_mode_control_msgs/srv/_get_robot_states.py
[2.074s] -- Up-to-date: /home/user/humble_ws/install/multi_mode_control_msgs/local/lib/python3.10/dist-packages/multi_mode_control_msgs/srv/_set_reflex_s.c
[2.074s] -- Up-to-date: /home/user/humble_ws/install/multi_mode_control_msgs/local/lib/python3.10/dist-packages/multi_mode_control_msgs/srv/_set_cartesian_impedance_s.c
[2.074s] -- Up-to-date: /home/user/humble_ws/install/multi_mode_control_msgs/local/lib/python3.10/dist-packages/multi_mode_control_msgs/srv/_set_controllers.py
[2.074s] -- Up-to-date: /home/user/humble_ws/install/multi_mode_control_msgs/local/lib/python3.10/dist-packages/multi_mode_control_msgs/srv/_set_thresholds.py
[2.074s] -- Up-to-date: /home/user/humble_ws/install/multi_mode_control_msgs/local/lib/python3.10/dist-packages/multi_mode_control_msgs/srv/_set_cartesian_impedance.py
[2.075s] -- Up-to-date: /home/user/humble_ws/install/multi_mode_control_msgs/local/lib/python3.10/dist-packages/multi_mode_control_msgs/srv/_set_joint_impedance_s.c
[2.075s] -- Up-to-date: /home/user/humble_ws/install/multi_mode_control_msgs/local/lib/python3.10/dist-packages/multi_mode_control_msgs/srv/_set_recovery_mode_s.c
[2.075s] -- Up-to-date: /home/user/humble_ws/install/multi_mode_control_msgs/local/lib/python3.10/dist-packages/multi_mode_control_msgs/srv/_set_world_state_s.c
[2.075s] -- Up-to-date: /home/user/humble_ws/install/multi_mode_control_msgs/local/lib/python3.10/dist-packages/multi_mode_control_msgs/srv/_set_world_state.py
[2.075s] -- Up-to-date: /home/user/humble_ws/install/multi_mode_control_msgs/local/lib/python3.10/dist-packages/multi_mode_control_msgs/srv/_set_controllers_s.c
[2.075s] -- Up-to-date: /home/user/humble_ws/install/multi_mode_control_msgs/local/lib/python3.10/dist-packages/multi_mode_control_msgs/srv/_set_thresholds_s.c
[2.075s] -- Up-to-date: /home/user/humble_ws/install/multi_mode_control_msgs/local/lib/python3.10/dist-packages/multi_mode_control_msgs/srv/_get_robot_states_s.c
[2.075s] -- Up-to-date: /home/user/humble_ws/install/multi_mode_control_msgs/local/lib/python3.10/dist-packages/multi_mode_control_msgs/srv/_set_recovery_mode.py
[2.075s] -- Up-to-date: /home/user/humble_ws/install/multi_mode_control_msgs/local/lib/python3.10/dist-packages/multi_mode_control_msgs/srv/__init__.py
[2.075s] -- Up-to-date: /home/user/humble_ws/install/multi_mode_control_msgs/local/lib/python3.10/dist-packages/multi_mode_control_msgs/srv/_get_controllers.py
[2.076s] -- Up-to-date: /home/user/humble_ws/install/multi_mode_control_msgs/local/lib/python3.10/dist-packages/multi_mode_control_msgs/multi_mode_control_msgs_s__rosidl_typesupport_fastrtps_c.cpython-310-x86_64-linux-gnu.so
[2.076s] -- Up-to-date: /home/user/humble_ws/install/multi_mode_control_msgs/local/lib/python3.10/dist-packages/multi_mode_control_msgs/msg
[2.076s] -- Up-to-date: /home/user/humble_ws/install/multi_mode_control_msgs/local/lib/python3.10/dist-packages/multi_mode_control_msgs/msg/_controller.py
[2.076s] -- Up-to-date: /home/user/humble_ws/install/multi_mode_control_msgs/local/lib/python3.10/dist-packages/multi_mode_control_msgs/msg/_controller_s.c
[2.076s] -- Up-to-date: /home/user/humble_ws/install/multi_mode_control_msgs/local/lib/python3.10/dist-packages/multi_mode_control_msgs/msg/_dual_cartesian_impedance_goal.py
[2.076s] -- Up-to-date: /home/user/humble_ws/install/multi_mode_control_msgs/local/lib/python3.10/dist-packages/multi_mode_control_msgs/msg/_dual_cartesian_impedance_goal_s.c
[2.076s] -- Up-to-date: /home/user/humble_ws/install/multi_mode_control_msgs/local/lib/python3.10/dist-packages/multi_mode_control_msgs/msg/_contact_thresholds_s.c
[2.076s] -- Up-to-date: /home/user/humble_ws/install/multi_mode_control_msgs/local/lib/python3.10/dist-packages/multi_mode_control_msgs/msg/_joint_array.py
[2.076s] -- Up-to-date: /home/user/humble_ws/install/multi_mode_control_msgs/local/lib/python3.10/dist-packages/multi_mode_control_msgs/msg/_contact_thresholds.py
[2.076s] -- Up-to-date: /home/user/humble_ws/install/multi_mode_control_msgs/local/lib/python3.10/dist-packages/multi_mode_control_msgs/msg/_wrench_s.c
[2.076s] -- Up-to-date: /home/user/humble_ws/install/multi_mode_control_msgs/local/lib/python3.10/dist-packages/multi_mode_control_msgs/msg/_cartesian_impedance_goal_s.c
[2.076s] -- Up-to-date: /home/user/humble_ws/install/multi_mode_control_msgs/local/lib/python3.10/dist-packages/multi_mode_control_msgs/msg/_joint_array_s.c
[2.076s] -- Up-to-date: /home/user/humble_ws/install/multi_mode_control_msgs/local/lib/python3.10/dist-packages/multi_mode_control_msgs/msg/_velocity_goal.py
[2.076s] -- Up-to-date: /home/user/humble_ws/install/multi_mode_control_msgs/local/lib/python3.10/dist-packages/multi_mode_control_msgs/msg/_joint_goal.py
[2.076s] -- Up-to-date: /home/user/humble_ws/install/multi_mode_control_msgs/local/lib/python3.10/dist-packages/multi_mode_control_msgs/msg/_velocity_goal_s.c
[2.076s] -- Up-to-date: /home/user/humble_ws/install/multi_mode_control_msgs/local/lib/python3.10/dist-packages/multi_mode_control_msgs/msg/_cartesian_impedance_goal.py
[2.076s] -- Up-to-date: /home/user/humble_ws/install/multi_mode_control_msgs/local/lib/python3.10/dist-packages/multi_mode_control_msgs/msg/_joint_goal_s.c
[2.077s] -- Up-to-date: /home/user/humble_ws/install/multi_mode_control_msgs/local/lib/python3.10/dist-packages/multi_mode_control_msgs/msg/__init__.py
[2.077s] -- Up-to-date: /home/user/humble_ws/install/multi_mode_control_msgs/local/lib/python3.10/dist-packages/multi_mode_control_msgs/msg/_wrench.py
[2.077s] -- Up-to-date: /home/user/humble_ws/install/multi_mode_control_msgs/local/lib/python3.10/dist-packages/multi_mode_control_msgs/__init__.py
[2.077s] -- Up-to-date: /home/user/humble_ws/install/multi_mode_control_msgs/local/lib/python3.10/dist-packages/multi_mode_control_msgs/_multi_mode_control_msgs_s.ep.rosidl_typesupport_introspection_c.c
[2.097s] Listing '/home/user/humble_ws/install/multi_mode_control_msgs/local/lib/python3.10/dist-packages/multi_mode_control_msgs'...
[2.097s] Listing '/home/user/humble_ws/install/multi_mode_control_msgs/local/lib/python3.10/dist-packages/multi_mode_control_msgs/msg'...
[2.097s] Listing '/home/user/humble_ws/install/multi_mode_control_msgs/local/lib/python3.10/dist-packages/multi_mode_control_msgs/srv'...
[2.102s] -- Up-to-date: /home/user/humble_ws/install/multi_mode_control_msgs/local/lib/python3.10/dist-packages/multi_mode_control_msgs/multi_mode_control_msgs_s__rosidl_typesupport_fastrtps_c.cpython-310-x86_64-linux-gnu.so
[2.102s] -- Up-to-date: /home/user/humble_ws/install/multi_mode_control_msgs/local/lib/python3.10/dist-packages/multi_mode_control_msgs/multi_mode_control_msgs_s__rosidl_typesupport_introspection_c.cpython-310-x86_64-linux-gnu.so
[2.102s] -- Up-to-date: /home/user/humble_ws/install/multi_mode_control_msgs/local/lib/python3.10/dist-packages/multi_mode_control_msgs/multi_mode_control_msgs_s__rosidl_typesupport_c.cpython-310-x86_64-linux-gnu.so
[2.103s] -- Up-to-date: /home/user/humble_ws/install/multi_mode_control_msgs/lib/libmulti_mode_control_msgs__rosidl_generator_py.so
[2.103s] -- Up-to-date: /home/user/humble_ws/install/multi_mode_control_msgs/share/multi_mode_control_msgs/msg/CartesianImpedanceGoal.idl
[2.103s] -- Up-to-date: /home/user/humble_ws/install/multi_mode_control_msgs/share/multi_mode_control_msgs/msg/DualCartesianImpedanceGoal.idl
[2.103s] -- Up-to-date: /home/user/humble_ws/install/multi_mode_control_msgs/share/multi_mode_control_msgs/msg/ContactThresholds.idl
[2.103s] -- Up-to-date: /home/user/humble_ws/install/multi_mode_control_msgs/share/multi_mode_control_msgs/msg/Controller.idl
[2.103s] -- Up-to-date: /home/user/humble_ws/install/multi_mode_control_msgs/share/multi_mode_control_msgs/msg/JointArray.idl
[2.103s] -- Up-to-date: /home/user/humble_ws/install/multi_mode_control_msgs/share/multi_mode_control_msgs/msg/JointGoal.idl
[2.103s] -- Up-to-date: /home/user/humble_ws/install/multi_mode_control_msgs/share/multi_mode_control_msgs/msg/VelocityGoal.idl
[2.104s] -- Up-to-date: /home/user/humble_ws/install/multi_mode_control_msgs/share/multi_mode_control_msgs/msg/Wrench.idl
[2.104s] -- Up-to-date: /home/user/humble_ws/install/multi_mode_control_msgs/share/multi_mode_control_msgs/srv/GetControllers.idl
[2.104s] -- Up-to-date: /home/user/humble_ws/install/multi_mode_control_msgs/share/multi_mode_control_msgs/srv/GetRobotStates.idl
[2.104s] -- Up-to-date: /home/user/humble_ws/install/multi_mode_control_msgs/share/multi_mode_control_msgs/srv/SetCartesianImpedance.idl
[2.104s] -- Up-to-date: /home/user/humble_ws/install/multi_mode_control_msgs/share/multi_mode_control_msgs/srv/SetControllers.idl
[2.104s] -- Up-to-date: /home/user/humble_ws/install/multi_mode_control_msgs/share/multi_mode_control_msgs/srv/SetJointImpedance.idl
[2.104s] -- Up-to-date: /home/user/humble_ws/install/multi_mode_control_msgs/share/multi_mode_control_msgs/srv/SetRecoveryMode.idl
[2.104s] -- Up-to-date: /home/user/humble_ws/install/multi_mode_control_msgs/share/multi_mode_control_msgs/srv/SetReflex.idl
[2.105s] -- Up-to-date: /home/user/humble_ws/install/multi_mode_control_msgs/share/multi_mode_control_msgs/srv/SetThresholds.idl
[2.105s] -- Up-to-date: /home/user/humble_ws/install/multi_mode_control_msgs/share/multi_mode_control_msgs/srv/SetWorldState.idl
[2.105s] -- Up-to-date: /home/user/humble_ws/install/multi_mode_control_msgs/share/multi_mode_control_msgs/msg/CartesianImpedanceGoal.msg
[2.105s] -- Up-to-date: /home/user/humble_ws/install/multi_mode_control_msgs/share/multi_mode_control_msgs/msg/DualCartesianImpedanceGoal.msg
[2.105s] -- Up-to-date: /home/user/humble_ws/install/multi_mode_control_msgs/share/multi_mode_control_msgs/msg/ContactThresholds.msg
[2.105s] -- Up-to-date: /home/user/humble_ws/install/multi_mode_control_msgs/share/multi_mode_control_msgs/msg/Controller.msg
[2.105s] -- Up-to-date: /home/user/humble_ws/install/multi_mode_control_msgs/share/multi_mode_control_msgs/msg/JointArray.msg
[2.105s] -- Up-to-date: /home/user/humble_ws/install/multi_mode_control_msgs/share/multi_mode_control_msgs/msg/JointGoal.msg
[2.106s] -- Up-to-date: /home/user/humble_ws/install/multi_mode_control_msgs/share/multi_mode_control_msgs/msg/VelocityGoal.msg
[2.106s] -- Up-to-date: /home/user/humble_ws/install/multi_mode_control_msgs/share/multi_mode_control_msgs/msg/Wrench.msg
[2.106s] -- Up-to-date: /home/user/humble_ws/install/multi_mode_control_msgs/share/multi_mode_control_msgs/srv/GetControllers.srv
[2.106s] -- Up-to-date: /home/user/humble_ws/install/multi_mode_control_msgs/share/multi_mode_control_msgs/srv/GetControllers_Request.msg
[2.106s] -- Up-to-date: /home/user/humble_ws/install/multi_mode_control_msgs/share/multi_mode_control_msgs/srv/GetControllers_Response.msg
[2.106s] -- Up-to-date: /home/user/humble_ws/install/multi_mode_control_msgs/share/multi_mode_control_msgs/srv/GetRobotStates.srv
[2.106s] -- Up-to-date: /home/user/humble_ws/install/multi_mode_control_msgs/share/multi_mode_control_msgs/srv/GetRobotStates_Request.msg
[2.106s] -- Up-to-date: /home/user/humble_ws/install/multi_mode_control_msgs/share/multi_mode_control_msgs/srv/GetRobotStates_Response.msg
[2.107s] -- Up-to-date: /home/user/humble_ws/install/multi_mode_control_msgs/share/multi_mode_control_msgs/srv/SetCartesianImpedance.srv
[2.107s] -- Up-to-date: /home/user/humble_ws/install/multi_mode_control_msgs/share/multi_mode_control_msgs/srv/SetCartesianImpedance_Request.msg
[2.107s] -- Up-to-date: /home/user/humble_ws/install/multi_mode_control_msgs/share/multi_mode_control_msgs/srv/SetCartesianImpedance_Response.msg
[2.107s] -- Up-to-date: /home/user/humble_ws/install/multi_mode_control_msgs/share/multi_mode_control_msgs/srv/SetControllers.srv
[2.107s] -- Up-to-date: /home/user/humble_ws/install/multi_mode_control_msgs/share/multi_mode_control_msgs/srv/SetControllers_Request.msg
[2.107s] -- Up-to-date: /home/user/humble_ws/install/multi_mode_control_msgs/share/multi_mode_control_msgs/srv/SetControllers_Response.msg
[2.107s] -- Up-to-date: /home/user/humble_ws/install/multi_mode_control_msgs/share/multi_mode_control_msgs/srv/SetJointImpedance.srv
[2.107s] -- Up-to-date: /home/user/humble_ws/install/multi_mode_control_msgs/share/multi_mode_control_msgs/srv/SetJointImpedance_Request.msg
[2.108s] -- Up-to-date: /home/user/humble_ws/install/multi_mode_control_msgs/share/multi_mode_control_msgs/srv/SetJointImpedance_Response.msg
[2.108s] -- Up-to-date: /home/user/humble_ws/install/multi_mode_control_msgs/share/multi_mode_control_msgs/srv/SetRecoveryMode.srv
[2.108s] -- Up-to-date: /home/user/humble_ws/install/multi_mode_control_msgs/share/multi_mode_control_msgs/srv/SetRecoveryMode_Request.msg
[2.108s] -- Up-to-date: /home/user/humble_ws/install/multi_mode_control_msgs/share/multi_mode_control_msgs/srv/SetRecoveryMode_Response.msg
[2.108s] -- Up-to-date: /home/user/humble_ws/install/multi_mode_control_msgs/share/multi_mode_control_msgs/srv/SetReflex.srv
[2.108s] -- Up-to-date: /home/user/humble_ws/install/multi_mode_control_msgs/share/multi_mode_control_msgs/srv/SetReflex_Request.msg
[2.108s] -- Up-to-date: /home/user/humble_ws/install/multi_mode_control_msgs/share/multi_mode_control_msgs/srv/SetReflex_Response.msg
[2.109s] -- Up-to-date: /home/user/humble_ws/install/multi_mode_control_msgs/share/multi_mode_control_msgs/srv/SetThresholds.srv
[2.109s] -- Up-to-date: /home/user/humble_ws/install/multi_mode_control_msgs/share/multi_mode_control_msgs/srv/SetThresholds_Request.msg
[2.109s] -- Up-to-date: /home/user/humble_ws/install/multi_mode_control_msgs/share/multi_mode_control_msgs/srv/SetThresholds_Response.msg
[2.109s] -- Up-to-date: /home/user/humble_ws/install/multi_mode_control_msgs/share/multi_mode_control_msgs/srv/SetWorldState.srv
[2.109s] -- Up-to-date: /home/user/humble_ws/install/multi_mode_control_msgs/share/multi_mode_control_msgs/srv/SetWorldState_Request.msg
[2.109s] -- Up-to-date: /home/user/humble_ws/install/multi_mode_control_msgs/share/multi_mode_control_msgs/srv/SetWorldState_Response.msg
[2.109s] -- Up-to-date: /home/user/humble_ws/install/multi_mode_control_msgs/share/ament_index/resource_index/package_run_dependencies/multi_mode_control_msgs
[2.110s] -- Up-to-date: /home/user/humble_ws/install/multi_mode_control_msgs/share/ament_index/resource_index/parent_prefix_path/multi_mode_control_msgs
[2.110s] -- Up-to-date: /home/user/humble_ws/install/multi_mode_control_msgs/share/multi_mode_control_msgs/environment/ament_prefix_path.sh
[2.110s] -- Up-to-date: /home/user/humble_ws/install/multi_mode_control_msgs/share/multi_mode_control_msgs/environment/ament_prefix_path.dsv
[2.110s] -- Up-to-date: /home/user/humble_ws/install/multi_mode_control_msgs/share/multi_mode_control_msgs/environment/path.sh
[2.110s] -- Up-to-date: /home/user/humble_ws/install/multi_mode_control_msgs/share/multi_mode_control_msgs/environment/path.dsv
[2.110s] -- Up-to-date: /home/user/humble_ws/install/multi_mode_control_msgs/share/multi_mode_control_msgs/local_setup.bash
[2.110s] -- Up-to-date: /home/user/humble_ws/install/multi_mode_control_msgs/share/multi_mode_control_msgs/local_setup.sh
[2.111s] -- Up-to-date: /home/user/humble_ws/install/multi_mode_control_msgs/share/multi_mode_control_msgs/local_setup.zsh
[2.111s] -- Up-to-date: /home/user/humble_ws/install/multi_mode_control_msgs/share/multi_mode_control_msgs/local_setup.dsv
[2.111s] -- Installing: /home/user/humble_ws/install/multi_mode_control_msgs/share/multi_mode_control_msgs/package.dsv
[2.111s] -- Up-to-date: /home/user/humble_ws/install/multi_mode_control_msgs/share/ament_index/resource_index/packages/multi_mode_control_msgs
[2.111s] -- Up-to-date: /home/user/humble_ws/install/multi_mode_control_msgs/share/multi_mode_control_msgs/cmake/export_multi_mode_control_msgs__rosidl_generator_cExport.cmake
[2.111s] -- Up-to-date: /home/user/humble_ws/install/multi_mode_control_msgs/share/multi_mode_control_msgs/cmake/export_multi_mode_control_msgs__rosidl_generator_cExport-release.cmake
[2.111s] -- Up-to-date: /home/user/humble_ws/install/multi_mode_control_msgs/share/multi_mode_control_msgs/cmake/export_multi_mode_control_msgs__rosidl_typesupport_fastrtps_cExport.cmake
[2.111s] -- Up-to-date: /home/user/humble_ws/install/multi_mode_control_msgs/share/multi_mode_control_msgs/cmake/export_multi_mode_control_msgs__rosidl_typesupport_fastrtps_cExport-release.cmake
[2.111s] -- Up-to-date: /home/user/humble_ws/install/multi_mode_control_msgs/share/multi_mode_control_msgs/cmake/export_multi_mode_control_msgs__rosidl_generator_cppExport.cmake
[2.112s] -- Up-to-date: /home/user/humble_ws/install/multi_mode_control_msgs/share/multi_mode_control_msgs/cmake/export_multi_mode_control_msgs__rosidl_typesupport_fastrtps_cppExport.cmake
[2.112s] -- Up-to-date: /home/user/humble_ws/install/multi_mode_control_msgs/share/multi_mode_control_msgs/cmake/export_multi_mode_control_msgs__rosidl_typesupport_fastrtps_cppExport-release.cmake
[2.112s] -- Up-to-date: /home/user/humble_ws/install/multi_mode_control_msgs/share/multi_mode_control_msgs/cmake/multi_mode_control_msgs__rosidl_typesupport_introspection_cExport.cmake
[2.112s] -- Up-to-date: /home/user/humble_ws/install/multi_mode_control_msgs/share/multi_mode_control_msgs/cmake/multi_mode_control_msgs__rosidl_typesupport_introspection_cExport-release.cmake
[2.112s] -- Up-to-date: /home/user/humble_ws/install/multi_mode_control_msgs/share/multi_mode_control_msgs/cmake/multi_mode_control_msgs__rosidl_typesupport_cExport.cmake
[2.112s] -- Up-to-date: /home/user/humble_ws/install/multi_mode_control_msgs/share/multi_mode_control_msgs/cmake/multi_mode_control_msgs__rosidl_typesupport_cExport-release.cmake
[2.112s] -- Up-to-date: /home/user/humble_ws/install/multi_mode_control_msgs/share/multi_mode_control_msgs/cmake/multi_mode_control_msgs__rosidl_typesupport_introspection_cppExport.cmake
[2.112s] -- Up-to-date: /home/user/humble_ws/install/multi_mode_control_msgs/share/multi_mode_control_msgs/cmake/multi_mode_control_msgs__rosidl_typesupport_introspection_cppExport-release.cmake
[2.112s] -- Up-to-date: /home/user/humble_ws/install/multi_mode_control_msgs/share/multi_mode_control_msgs/cmake/multi_mode_control_msgs__rosidl_typesupport_cppExport.cmake
[2.113s] -- Up-to-date: /home/user/humble_ws/install/multi_mode_control_msgs/share/multi_mode_control_msgs/cmake/multi_mode_control_msgs__rosidl_typesupport_cppExport-release.cmake
[2.113s] -- Up-to-date: /home/user/humble_ws/install/multi_mode_control_msgs/share/multi_mode_control_msgs/cmake/export_multi_mode_control_msgs__rosidl_generator_pyExport.cmake
[2.113s] -- Up-to-date: /home/user/humble_ws/install/multi_mode_control_msgs/share/multi_mode_control_msgs/cmake/export_multi_mode_control_msgs__rosidl_generator_pyExport-release.cmake
[2.113s] -- Up-to-date: /home/user/humble_ws/install/multi_mode_control_msgs/share/multi_mode_control_msgs/cmake/rosidl_cmake-extras.cmake
[2.113s] -- Up-to-date: /home/user/humble_ws/install/multi_mode_control_msgs/share/multi_mode_control_msgs/cmake/ament_cmake_export_dependencies-extras.cmake
[2.113s] -- Up-to-date: /home/user/humble_ws/install/multi_mode_control_msgs/share/multi_mode_control_msgs/cmake/ament_cmake_export_include_directories-extras.cmake
[2.114s] -- Up-to-date: /home/user/humble_ws/install/multi_mode_control_msgs/share/multi_mode_control_msgs/cmake/ament_cmake_export_libraries-extras.cmake
[2.114s] -- Up-to-date: /home/user/humble_ws/install/multi_mode_control_msgs/share/multi_mode_control_msgs/cmake/ament_cmake_export_targets-extras.cmake
[2.114s] -- Up-to-date: /home/user/humble_ws/install/multi_mode_control_msgs/share/multi_mode_control_msgs/cmake/rosidl_cmake_export_typesupport_targets-extras.cmake
[2.114s] -- Up-to-date: /home/user/humble_ws/install/multi_mode_control_msgs/share/multi_mode_control_msgs/cmake/rosidl_cmake_export_typesupport_libraries-extras.cmake
[2.114s] -- Up-to-date: /home/user/humble_ws/install/multi_mode_control_msgs/share/multi_mode_control_msgs/cmake/multi_mode_control_msgsConfig.cmake
[2.114s] -- Up-to-date: /home/user/humble_ws/install/multi_mode_control_msgs/share/multi_mode_control_msgs/cmake/multi_mode_control_msgsConfig-version.cmake
[2.114s] -- Up-to-date: /home/user/humble_ws/install/multi_mode_control_msgs/share/multi_mode_control_msgs/package.xml
[2.115s] Invoked command in '/home/user/humble_ws/build/multi_mode_control_msgs' returned '0': CMAKE_PREFIX_PATH=/home/user/humble_ws/install/franka_msgs:/home/user/humble_ws/install/panda_motion_generators:/home/user/humble_ws/install/panda_motion_generator_msgs:/home/user/humble_ws/install/multi_mode_controller_impl:/home/user/humble_ws/install/multi_mode_controller:/home/user/humble_ws/install/multi_mode_control_msgs:/home/user/humble_ws/install/garmi_controllers:/home/user/humble_ws/install/franka_robot_state_broadcaster:/home/user/humble_ws/install/franka_example_controllers:/home/user/humble_ws/install/franka_semantic_components:/home/user/humble_ws/install/franka_moveit_config:/home/user/humble_ws/install/franka_bringup:/home/user/humble_ws/install/franka_hardware:/home/user/humble_ws/install/franka_gripper:/home/user/humble_ws/install/franka_control2:/home/user/humble_ws/install/franka_description:/home/user/Libraries/libfranka/lib/cmake:/home/user/Libraries/mujoco/lib/cmake:/opt/ros/humble LD_LIBRARY_PATH=/home/user/humble_ws/install/franka_msgs/lib:/home/user/humble_ws/install/panda_motion_generators/lib:/home/user/humble_ws/install/panda_motion_generator_msgs/lib:/home/user/humble_ws/install/multi_mode_controller_impl/lib:/home/user/humble_ws/install/multi_mode_controller/lib:/home/user/humble_ws/install/multi_mode_control_msgs/lib:/home/user/humble_ws/install/garmi_controllers/lib:/home/user/humble_ws/install/franka_robot_state_broadcaster/lib:/home/user/humble_ws/install/franka_example_controllers/lib:/home/user/humble_ws/install/franka_semantic_components/lib:/home/user/humble_ws/install/franka_hardware/lib:/home/user/humble_ws/install/franka_gripper/lib:/opt/ros/humble/opt/rviz_ogre_vendor/lib:/opt/ros/humble/lib/x86_64-linux-gnu:/opt/ros/humble/lib:/home/user/Libraries/libfranka/lib:/home/user/Libraries/mujoco/lib /usr/bin/cmake --install /home/user/humble_ws/build/multi_mode_control_msgs
