[0.047s] Invoking command in '/home/user/humble_ws/build/franka_example_controllers': CMAKE_PREFIX_PATH=/home/user/humble_ws/install/franka_semantic_components:/home/user/humble_ws/install/franka_hardware:/home/user/humble_ws/install/franka_msgs:/home/user/humble_ws/install/panda_motion_generators:/home/user/humble_ws/install/panda_motion_generator_msgs:/home/user/humble_ws/install/multi_mode_controller_impl:/home/user/humble_ws/install/multi_mode_controller:/home/user/humble_ws/install/multi_mode_control_msgs:/home/user/humble_ws/install/garmi_controllers:/home/user/humble_ws/install/franka_robot_state_broadcaster:/home/user/humble_ws/install/franka_example_controllers:/home/user/humble_ws/install/franka_moveit_config:/home/user/humble_ws/install/franka_bringup:/home/user/humble_ws/install/franka_gripper:/home/user/humble_ws/install/franka_control2:/home/user/humble_ws/install/franka_description:/home/user/Libraries/libfranka/lib/cmake:/home/user/Libraries/mujoco/lib/cmake:/opt/ros/humble LD_LIBRARY_PATH=/home/user/humble_ws/install/franka_semantic_components/lib:/home/user/humble_ws/install/franka_hardware/lib:/home/user/humble_ws/install/franka_msgs/lib:/home/user/humble_ws/install/panda_motion_generators/lib:/home/user/humble_ws/install/panda_motion_generator_msgs/lib:/home/user/humble_ws/install/multi_mode_controller_impl/lib:/home/user/humble_ws/install/multi_mode_controller/lib:/home/user/humble_ws/install/multi_mode_control_msgs/lib:/home/user/humble_ws/install/garmi_controllers/lib:/home/user/humble_ws/install/franka_robot_state_broadcaster/lib:/home/user/humble_ws/install/franka_example_controllers/lib:/home/user/humble_ws/install/franka_gripper/lib:/opt/ros/humble/opt/rviz_ogre_vendor/lib:/opt/ros/humble/lib/x86_64-linux-gnu:/opt/ros/humble/lib:/home/user/Libraries/libfranka/lib:/home/user/Libraries/mujoco/lib /usr/bin/cmake --build /home/user/humble_ws/build/franka_example_controllers -- -j12 -l12
[0.210s] [  7%] Built target franka_example_controllers_parameters
[0.240s] [100%] Built target franka_example_controllers
[0.263s] Invoked command in '/home/user/humble_ws/build/franka_example_controllers' returned '0': CMAKE_PREFIX_PATH=/home/user/humble_ws/install/franka_semantic_components:/home/user/humble_ws/install/franka_hardware:/home/user/humble_ws/install/franka_msgs:/home/user/humble_ws/install/panda_motion_generators:/home/user/humble_ws/install/panda_motion_generator_msgs:/home/user/humble_ws/install/multi_mode_controller_impl:/home/user/humble_ws/install/multi_mode_controller:/home/user/humble_ws/install/multi_mode_control_msgs:/home/user/humble_ws/install/garmi_controllers:/home/user/humble_ws/install/franka_robot_state_broadcaster:/home/user/humble_ws/install/franka_example_controllers:/home/user/humble_ws/install/franka_moveit_config:/home/user/humble_ws/install/franka_bringup:/home/user/humble_ws/install/franka_gripper:/home/user/humble_ws/install/franka_control2:/home/user/humble_ws/install/franka_description:/home/user/Libraries/libfranka/lib/cmake:/home/user/Libraries/mujoco/lib/cmake:/opt/ros/humble LD_LIBRARY_PATH=/home/user/humble_ws/install/franka_semantic_components/lib:/home/user/humble_ws/install/franka_hardware/lib:/home/user/humble_ws/install/franka_msgs/lib:/home/user/humble_ws/install/panda_motion_generators/lib:/home/user/humble_ws/install/panda_motion_generator_msgs/lib:/home/user/humble_ws/install/multi_mode_controller_impl/lib:/home/user/humble_ws/install/multi_mode_controller/lib:/home/user/humble_ws/install/multi_mode_control_msgs/lib:/home/user/humble_ws/install/garmi_controllers/lib:/home/user/humble_ws/install/franka_robot_state_broadcaster/lib:/home/user/humble_ws/install/franka_example_controllers/lib:/home/user/humble_ws/install/franka_gripper/lib:/opt/ros/humble/opt/rviz_ogre_vendor/lib:/opt/ros/humble/lib/x86_64-linux-gnu:/opt/ros/humble/lib:/home/user/Libraries/libfranka/lib:/home/user/Libraries/mujoco/lib /usr/bin/cmake --build /home/user/humble_ws/build/franka_example_controllers -- -j12 -l12
[0.444s] Invoking command in '/home/user/humble_ws/build/franka_example_controllers': CMAKE_PREFIX_PATH=/home/user/humble_ws/install/franka_semantic_components:/home/user/humble_ws/install/franka_hardware:/home/user/humble_ws/install/franka_msgs:/home/user/humble_ws/install/panda_motion_generators:/home/user/humble_ws/install/panda_motion_generator_msgs:/home/user/humble_ws/install/multi_mode_controller_impl:/home/user/humble_ws/install/multi_mode_controller:/home/user/humble_ws/install/multi_mode_control_msgs:/home/user/humble_ws/install/garmi_controllers:/home/user/humble_ws/install/franka_robot_state_broadcaster:/home/user/humble_ws/install/franka_example_controllers:/home/user/humble_ws/install/franka_moveit_config:/home/user/humble_ws/install/franka_bringup:/home/user/humble_ws/install/franka_gripper:/home/user/humble_ws/install/franka_control2:/home/user/humble_ws/install/franka_description:/home/user/Libraries/libfranka/lib/cmake:/home/user/Libraries/mujoco/lib/cmake:/opt/ros/humble LD_LIBRARY_PATH=/home/user/humble_ws/install/franka_semantic_components/lib:/home/user/humble_ws/install/franka_hardware/lib:/home/user/humble_ws/install/franka_msgs/lib:/home/user/humble_ws/install/panda_motion_generators/lib:/home/user/humble_ws/install/panda_motion_generator_msgs/lib:/home/user/humble_ws/install/multi_mode_controller_impl/lib:/home/user/humble_ws/install/multi_mode_controller/lib:/home/user/humble_ws/install/multi_mode_control_msgs/lib:/home/user/humble_ws/install/garmi_controllers/lib:/home/user/humble_ws/install/franka_robot_state_broadcaster/lib:/home/user/humble_ws/install/franka_example_controllers/lib:/home/user/humble_ws/install/franka_gripper/lib:/opt/ros/humble/opt/rviz_ogre_vendor/lib:/opt/ros/humble/lib/x86_64-linux-gnu:/opt/ros/humble/lib:/home/user/Libraries/libfranka/lib:/home/user/Libraries/mujoco/lib /usr/bin/cmake --install /home/user/humble_ws/build/franka_example_controllers
[0.461s] -- Install configuration: "Release"
[0.462s] -- Up-to-date: /home/user/humble_ws/install/franka_example_controllers/include/franka_example_controllers_parameters
[0.462s] -- Up-to-date: /home/user/humble_ws/install/franka_example_controllers/include/franka_example_controllers_parameters/franka_example_controllers_parameters.hpp
[0.462s] -- Up-to-date: /home/user/humble_ws/install/franka_example_controllers/share/franka_example_controllers/franka_example_controllers.xml
[0.462s] -- Up-to-date: /home/user/humble_ws/install/franka_example_controllers/lib/libfranka_example_controllers.so
[0.463s] -- Up-to-date: /home/user/humble_ws/install/franka_example_controllers/include
[0.464s] -- Up-to-date: /home/user/humble_ws/install/franka_example_controllers/include/franka_example_controllers
[0.466s] -- Up-to-date: /home/user/humble_ws/install/franka_example_controllers/include/franka_example_controllers/cartesian_velocity_example_controller.hpp
[0.467s] -- Up-to-date: /home/user/humble_ws/install/franka_example_controllers/include/franka_example_controllers/joint_velocity_example_controller.hpp
[0.467s] -- Up-to-date: /home/user/humble_ws/install/franka_example_controllers/include/franka_example_controllers/gravity_compensation_example_controller.hpp
[0.467s] -- Up-to-date: /home/user/humble_ws/install/franka_example_controllers/include/franka_example_controllers/multi_joint_impedance_example_controller.hpp
[0.467s] -- Up-to-date: /home/user/humble_ws/install/franka_example_controllers/include/franka_example_controllers/model_example_controller.hpp
[0.467s] -- Up-to-date: /home/user/humble_ws/install/franka_example_controllers/include/franka_example_controllers/dual_joint_velocity_example_controller.hpp
[0.467s] -- Up-to-date: /home/user/humble_ws/install/franka_example_controllers/include/franka_example_controllers/cartesian_impedance_example_controller.hpp
[0.468s] -- Up-to-date: /home/user/humble_ws/install/franka_example_controllers/include/franka_example_controllers/move_to_start_example_controller.hpp
[0.468s] -- Up-to-date: /home/user/humble_ws/install/franka_example_controllers/include/franka_example_controllers/motion_generator.hpp
[0.468s] -- Up-to-date: /home/user/humble_ws/install/franka_example_controllers/include/franka_example_controllers/joint_impedance_example_controller.hpp
[0.468s] -- Up-to-date: /home/user/humble_ws/install/franka_example_controllers/include/franka_example_controllers/joint_position_example_controller.hpp
[0.468s] -- Up-to-date: /home/user/humble_ws/install/franka_example_controllers/share/franka_example_controllers/environment/library_path.sh
[0.468s] -- Up-to-date: /home/user/humble_ws/install/franka_example_controllers/share/franka_example_controllers/environment/library_path.dsv
[0.469s] -- Up-to-date: /home/user/humble_ws/install/franka_example_controllers/share/ament_index/resource_index/package_run_dependencies/franka_example_controllers
[0.469s] -- Up-to-date: /home/user/humble_ws/install/franka_example_controllers/share/ament_index/resource_index/parent_prefix_path/franka_example_controllers
[0.469s] -- Up-to-date: /home/user/humble_ws/install/franka_example_controllers/share/franka_example_controllers/environment/ament_prefix_path.sh
[0.469s] -- Up-to-date: /home/user/humble_ws/install/franka_example_controllers/share/franka_example_controllers/environment/ament_prefix_path.dsv
[0.469s] -- Up-to-date: /home/user/humble_ws/install/franka_example_controllers/share/franka_example_controllers/environment/path.sh
[0.469s] -- Up-to-date: /home/user/humble_ws/install/franka_example_controllers/share/franka_example_controllers/environment/path.dsv
[0.469s] -- Up-to-date: /home/user/humble_ws/install/franka_example_controllers/share/franka_example_controllers/local_setup.bash
[0.469s] -- Up-to-date: /home/user/humble_ws/install/franka_example_controllers/share/franka_example_controllers/local_setup.sh
[0.470s] -- Up-to-date: /home/user/humble_ws/install/franka_example_controllers/share/franka_example_controllers/local_setup.zsh
[0.470s] -- Up-to-date: /home/user/humble_ws/install/franka_example_controllers/share/franka_example_controllers/local_setup.dsv
[0.470s] -- Installing: /home/user/humble_ws/install/franka_example_controllers/share/franka_example_controllers/package.dsv
[0.470s] -- Up-to-date: /home/user/humble_ws/install/franka_example_controllers/share/ament_index/resource_index/packages/franka_example_controllers
[0.470s] -- Up-to-date: /home/user/humble_ws/install/franka_example_controllers/share/ament_index/resource_index/controller_interface__pluginlib__plugin/franka_example_controllers
[0.470s] -- Up-to-date: /home/user/humble_ws/install/franka_example_controllers/share/franka_example_controllers/cmake/ament_cmake_export_include_directories-extras.cmake
[0.471s] -- Up-to-date: /home/user/humble_ws/install/franka_example_controllers/share/franka_example_controllers/cmake/ament_cmake_export_libraries-extras.cmake
[0.471s] -- Up-to-date: /home/user/humble_ws/install/franka_example_controllers/share/franka_example_controllers/cmake/ament_cmake_export_dependencies-extras.cmake
[0.471s] -- Up-to-date: /home/user/humble_ws/install/franka_example_controllers/share/franka_example_controllers/cmake/franka_example_controllersConfig.cmake
[0.471s] -- Up-to-date: /home/user/humble_ws/install/franka_example_controllers/share/franka_example_controllers/cmake/franka_example_controllersConfig-version.cmake
[0.471s] -- Up-to-date: /home/user/humble_ws/install/franka_example_controllers/share/franka_example_controllers/package.xml
[0.486s] Invoked command in '/home/user/humble_ws/build/franka_example_controllers' returned '0': CMAKE_PREFIX_PATH=/home/user/humble_ws/install/franka_semantic_components:/home/user/humble_ws/install/franka_hardware:/home/user/humble_ws/install/franka_msgs:/home/user/humble_ws/install/panda_motion_generators:/home/user/humble_ws/install/panda_motion_generator_msgs:/home/user/humble_ws/install/multi_mode_controller_impl:/home/user/humble_ws/install/multi_mode_controller:/home/user/humble_ws/install/multi_mode_control_msgs:/home/user/humble_ws/install/garmi_controllers:/home/user/humble_ws/install/franka_robot_state_broadcaster:/home/user/humble_ws/install/franka_example_controllers:/home/user/humble_ws/install/franka_moveit_config:/home/user/humble_ws/install/franka_bringup:/home/user/humble_ws/install/franka_gripper:/home/user/humble_ws/install/franka_control2:/home/user/humble_ws/install/franka_description:/home/user/Libraries/libfranka/lib/cmake:/home/user/Libraries/mujoco/lib/cmake:/opt/ros/humble LD_LIBRARY_PATH=/home/user/humble_ws/install/franka_semantic_components/lib:/home/user/humble_ws/install/franka_hardware/lib:/home/user/humble_ws/install/franka_msgs/lib:/home/user/humble_ws/install/panda_motion_generators/lib:/home/user/humble_ws/install/panda_motion_generator_msgs/lib:/home/user/humble_ws/install/multi_mode_controller_impl/lib:/home/user/humble_ws/install/multi_mode_controller/lib:/home/user/humble_ws/install/multi_mode_control_msgs/lib:/home/user/humble_ws/install/garmi_controllers/lib:/home/user/humble_ws/install/franka_robot_state_broadcaster/lib:/home/user/humble_ws/install/franka_example_controllers/lib:/home/user/humble_ws/install/franka_gripper/lib:/opt/ros/humble/opt/rviz_ogre_vendor/lib:/opt/ros/humble/lib/x86_64-linux-gnu:/opt/ros/humble/lib:/home/user/Libraries/libfranka/lib:/home/user/Libraries/mujoco/lib /usr/bin/cmake --install /home/user/humble_ws/build/franka_example_controllers
