[0.026s] Invoking command in '/home/user/humble_ws/build/franka_hardware': CMAKE_PREFIX_PATH=/home/user/humble_ws/install/franka_msgs:/home/user/humble_ws/install/panda_motion_generators:/home/user/humble_ws/install/panda_motion_generator_msgs:/home/user/humble_ws/install/multi_mode_controller_impl:/home/user/humble_ws/install/multi_mode_controller:/home/user/humble_ws/install/multi_mode_control_msgs:/home/user/humble_ws/install/garmi_controllers:/home/user/humble_ws/install/franka_robot_state_broadcaster:/home/user/humble_ws/install/franka_example_controllers:/home/user/humble_ws/install/franka_semantic_components:/home/user/humble_ws/install/franka_moveit_config:/home/user/humble_ws/install/franka_bringup:/home/user/humble_ws/install/franka_hardware:/home/user/humble_ws/install/franka_gripper:/home/user/humble_ws/install/franka_control2:/home/user/humble_ws/install/franka_description:/home/user/Libraries/libfranka/lib/cmake:/home/user/Libraries/mujoco/lib/cmake:/opt/ros/humble LD_LIBRARY_PATH=/home/user/humble_ws/install/franka_msgs/lib:/home/user/humble_ws/install/panda_motion_generators/lib:/home/user/humble_ws/install/panda_motion_generator_msgs/lib:/home/user/humble_ws/install/multi_mode_controller_impl/lib:/home/user/humble_ws/install/multi_mode_controller/lib:/home/user/humble_ws/install/multi_mode_control_msgs/lib:/home/user/humble_ws/install/garmi_controllers/lib:/home/user/humble_ws/install/franka_robot_state_broadcaster/lib:/home/user/humble_ws/install/franka_example_controllers/lib:/home/user/humble_ws/install/franka_semantic_components/lib:/home/user/humble_ws/install/franka_hardware/lib:/home/user/humble_ws/install/franka_gripper/lib:/opt/ros/humble/opt/rviz_ogre_vendor/lib:/opt/ros/humble/lib/x86_64-linux-gnu:/opt/ros/humble/lib:/home/user/Libraries/libfranka/lib:/home/user/Libraries/mujoco/lib /usr/bin/cmake --build /home/user/humble_ws/build/franka_hardware -- -j12 -l12
[0.112s] [100%] Built target franka_hardware
[0.123s] Invoked command in '/home/user/humble_ws/build/franka_hardware' returned '0': CMAKE_PREFIX_PATH=/home/user/humble_ws/install/franka_msgs:/home/user/humble_ws/install/panda_motion_generators:/home/user/humble_ws/install/panda_motion_generator_msgs:/home/user/humble_ws/install/multi_mode_controller_impl:/home/user/humble_ws/install/multi_mode_controller:/home/user/humble_ws/install/multi_mode_control_msgs:/home/user/humble_ws/install/garmi_controllers:/home/user/humble_ws/install/franka_robot_state_broadcaster:/home/user/humble_ws/install/franka_example_controllers:/home/user/humble_ws/install/franka_semantic_components:/home/user/humble_ws/install/franka_moveit_config:/home/user/humble_ws/install/franka_bringup:/home/user/humble_ws/install/franka_hardware:/home/user/humble_ws/install/franka_gripper:/home/user/humble_ws/install/franka_control2:/home/user/humble_ws/install/franka_description:/home/user/Libraries/libfranka/lib/cmake:/home/user/Libraries/mujoco/lib/cmake:/opt/ros/humble LD_LIBRARY_PATH=/home/user/humble_ws/install/franka_msgs/lib:/home/user/humble_ws/install/panda_motion_generators/lib:/home/user/humble_ws/install/panda_motion_generator_msgs/lib:/home/user/humble_ws/install/multi_mode_controller_impl/lib:/home/user/humble_ws/install/multi_mode_controller/lib:/home/user/humble_ws/install/multi_mode_control_msgs/lib:/home/user/humble_ws/install/garmi_controllers/lib:/home/user/humble_ws/install/franka_robot_state_broadcaster/lib:/home/user/humble_ws/install/franka_example_controllers/lib:/home/user/humble_ws/install/franka_semantic_components/lib:/home/user/humble_ws/install/franka_hardware/lib:/home/user/humble_ws/install/franka_gripper/lib:/opt/ros/humble/opt/rviz_ogre_vendor/lib:/opt/ros/humble/lib/x86_64-linux-gnu:/opt/ros/humble/lib:/home/user/Libraries/libfranka/lib:/home/user/Libraries/mujoco/lib /usr/bin/cmake --build /home/user/humble_ws/build/franka_hardware -- -j12 -l12
[0.192s] Invoking command in '/home/user/humble_ws/build/franka_hardware': CMAKE_PREFIX_PATH=/home/user/humble_ws/install/franka_msgs:/home/user/humble_ws/install/panda_motion_generators:/home/user/humble_ws/install/panda_motion_generator_msgs:/home/user/humble_ws/install/multi_mode_controller_impl:/home/user/humble_ws/install/multi_mode_controller:/home/user/humble_ws/install/multi_mode_control_msgs:/home/user/humble_ws/install/garmi_controllers:/home/user/humble_ws/install/franka_robot_state_broadcaster:/home/user/humble_ws/install/franka_example_controllers:/home/user/humble_ws/install/franka_semantic_components:/home/user/humble_ws/install/franka_moveit_config:/home/user/humble_ws/install/franka_bringup:/home/user/humble_ws/install/franka_hardware:/home/user/humble_ws/install/franka_gripper:/home/user/humble_ws/install/franka_control2:/home/user/humble_ws/install/franka_description:/home/user/Libraries/libfranka/lib/cmake:/home/user/Libraries/mujoco/lib/cmake:/opt/ros/humble LD_LIBRARY_PATH=/home/user/humble_ws/install/franka_msgs/lib:/home/user/humble_ws/install/panda_motion_generators/lib:/home/user/humble_ws/install/panda_motion_generator_msgs/lib:/home/user/humble_ws/install/multi_mode_controller_impl/lib:/home/user/humble_ws/install/multi_mode_controller/lib:/home/user/humble_ws/install/multi_mode_control_msgs/lib:/home/user/humble_ws/install/garmi_controllers/lib:/home/user/humble_ws/install/franka_robot_state_broadcaster/lib:/home/user/humble_ws/install/franka_example_controllers/lib:/home/user/humble_ws/install/franka_semantic_components/lib:/home/user/humble_ws/install/franka_hardware/lib:/home/user/humble_ws/install/franka_gripper/lib:/opt/ros/humble/opt/rviz_ogre_vendor/lib:/opt/ros/humble/lib/x86_64-linux-gnu:/opt/ros/humble/lib:/home/user/Libraries/libfranka/lib:/home/user/Libraries/mujoco/lib /usr/bin/cmake --install /home/user/humble_ws/build/franka_hardware
[0.201s] -- Install configuration: "Release"
[0.201s] -- Up-to-date: /home/user/humble_ws/install/franka_hardware/share/franka_hardware/franka_hardware.xml
[0.201s] -- Up-to-date: /home/user/humble_ws/install/franka_hardware/lib/libfranka_hardware.so
[0.201s] -- Up-to-date: /home/user/humble_ws/install/franka_hardware/include
[0.201s] -- Up-to-date: /home/user/humble_ws/install/franka_hardware/include/franka_hardware
[0.201s] -- Up-to-date: /home/user/humble_ws/install/franka_hardware/include/franka_hardware/mobile_base_sim.hpp
[0.202s] -- Up-to-date: /home/user/humble_ws/install/franka_hardware/include/franka_hardware/robot.hpp
[0.202s] -- Up-to-date: /home/user/humble_ws/install/franka_hardware/include/franka_hardware/franka_mujoco_multi_hardware_interface.hpp
[0.202s] -- Up-to-date: /home/user/humble_ws/install/franka_hardware/include/franka_hardware/franka_hardware_interface.hpp
[0.202s] -- Up-to-date: /home/user/humble_ws/install/franka_hardware/include/franka_hardware/control_mode.h
[0.202s] -- Up-to-date: /home/user/humble_ws/install/franka_hardware/include/franka_hardware/franka_executor.hpp
[0.202s] -- Up-to-date: /home/user/humble_ws/install/franka_hardware/include/franka_hardware/mujoco_pose_service.hpp
[0.202s] -- Up-to-date: /home/user/humble_ws/install/franka_hardware/include/franka_hardware/model_franka.hpp
[0.202s] -- Up-to-date: /home/user/humble_ws/install/franka_hardware/include/franka_hardware/garmi_head_sim.hpp
[0.202s] -- Up-to-date: /home/user/humble_ws/install/franka_hardware/include/franka_hardware/robot_sim.hpp
[0.202s] -- Up-to-date: /home/user/humble_ws/install/franka_hardware/include/franka_hardware/gripper_sim_action_server.hpp
[0.202s] -- Up-to-date: /home/user/humble_ws/install/franka_hardware/include/franka_hardware/franka_multi_hardware_interface.hpp
[0.202s] -- Up-to-date: /home/user/humble_ws/install/franka_hardware/include/franka_hardware/garmi_mujoco_hardware_interface.hpp
[0.203s] -- Up-to-date: /home/user/humble_ws/install/franka_hardware/include/franka_hardware/franka_error_recovery_service_server.hpp
[0.203s] -- Up-to-date: /home/user/humble_ws/install/franka_hardware/include/franka_hardware/helper_functions.hpp
[0.203s] -- Up-to-date: /home/user/humble_ws/install/franka_hardware/include/franka_hardware/model_base.hpp
[0.203s] -- Up-to-date: /home/user/humble_ws/install/franka_hardware/include/franka_hardware/mujoco_visualizer.hpp
[0.203s] -- Up-to-date: /home/user/humble_ws/install/franka_hardware/include/franka_hardware/model.hpp
[0.203s] -- Up-to-date: /home/user/humble_ws/install/franka_hardware/include/franka_hardware/franka_mujoco_hardware_interface.hpp
[0.203s] -- Up-to-date: /home/user/humble_ws/install/franka_hardware/include/franka_hardware/franka_param_service_server.hpp
[0.203s] -- Up-to-date: /home/user/humble_ws/install/franka_hardware/include/franka_hardware/model_sim.hpp
[0.203s] -- Up-to-date: /home/user/humble_ws/install/franka_hardware/share/franka_hardware/environment/library_path.sh
[0.203s] -- Up-to-date: /home/user/humble_ws/install/franka_hardware/share/franka_hardware/environment/library_path.dsv
[0.203s] -- Up-to-date: /home/user/humble_ws/install/franka_hardware/share/ament_index/resource_index/package_run_dependencies/franka_hardware
[0.203s] -- Up-to-date: /home/user/humble_ws/install/franka_hardware/share/ament_index/resource_index/parent_prefix_path/franka_hardware
[0.204s] -- Up-to-date: /home/user/humble_ws/install/franka_hardware/share/franka_hardware/environment/ament_prefix_path.sh
[0.204s] -- Up-to-date: /home/user/humble_ws/install/franka_hardware/share/franka_hardware/environment/ament_prefix_path.dsv
[0.204s] -- Up-to-date: /home/user/humble_ws/install/franka_hardware/share/franka_hardware/environment/path.sh
[0.204s] -- Up-to-date: /home/user/humble_ws/install/franka_hardware/share/franka_hardware/environment/path.dsv
[0.204s] -- Up-to-date: /home/user/humble_ws/install/franka_hardware/share/franka_hardware/local_setup.bash
[0.204s] -- Up-to-date: /home/user/humble_ws/install/franka_hardware/share/franka_hardware/local_setup.sh
[0.204s] -- Up-to-date: /home/user/humble_ws/install/franka_hardware/share/franka_hardware/local_setup.zsh
[0.204s] -- Up-to-date: /home/user/humble_ws/install/franka_hardware/share/franka_hardware/local_setup.dsv
[0.204s] -- Installing: /home/user/humble_ws/install/franka_hardware/share/franka_hardware/package.dsv
[0.204s] -- Up-to-date: /home/user/humble_ws/install/franka_hardware/share/ament_index/resource_index/packages/franka_hardware
[0.204s] -- Up-to-date: /home/user/humble_ws/install/franka_hardware/share/ament_index/resource_index/hardware_interface__pluginlib__plugin/franka_hardware
[0.204s] -- Up-to-date: /home/user/humble_ws/install/franka_hardware/share/franka_hardware/cmake/ament_cmake_export_include_directories-extras.cmake
[0.205s] -- Up-to-date: /home/user/humble_ws/install/franka_hardware/share/franka_hardware/cmake/ament_cmake_export_libraries-extras.cmake
[0.205s] -- Up-to-date: /home/user/humble_ws/install/franka_hardware/share/franka_hardware/cmake/ament_cmake_export_dependencies-extras.cmake
[0.205s] -- Up-to-date: /home/user/humble_ws/install/franka_hardware/share/franka_hardware/cmake/franka_hardwareConfig.cmake
[0.205s] -- Up-to-date: /home/user/humble_ws/install/franka_hardware/share/franka_hardware/cmake/franka_hardwareConfig-version.cmake
[0.205s] -- Up-to-date: /home/user/humble_ws/install/franka_hardware/share/franka_hardware/package.xml
[0.212s] Invoked command in '/home/user/humble_ws/build/franka_hardware' returned '0': CMAKE_PREFIX_PATH=/home/user/humble_ws/install/franka_msgs:/home/user/humble_ws/install/panda_motion_generators:/home/user/humble_ws/install/panda_motion_generator_msgs:/home/user/humble_ws/install/multi_mode_controller_impl:/home/user/humble_ws/install/multi_mode_controller:/home/user/humble_ws/install/multi_mode_control_msgs:/home/user/humble_ws/install/garmi_controllers:/home/user/humble_ws/install/franka_robot_state_broadcaster:/home/user/humble_ws/install/franka_example_controllers:/home/user/humble_ws/install/franka_semantic_components:/home/user/humble_ws/install/franka_moveit_config:/home/user/humble_ws/install/franka_bringup:/home/user/humble_ws/install/franka_hardware:/home/user/humble_ws/install/franka_gripper:/home/user/humble_ws/install/franka_control2:/home/user/humble_ws/install/franka_description:/home/user/Libraries/libfranka/lib/cmake:/home/user/Libraries/mujoco/lib/cmake:/opt/ros/humble LD_LIBRARY_PATH=/home/user/humble_ws/install/franka_msgs/lib:/home/user/humble_ws/install/panda_motion_generators/lib:/home/user/humble_ws/install/panda_motion_generator_msgs/lib:/home/user/humble_ws/install/multi_mode_controller_impl/lib:/home/user/humble_ws/install/multi_mode_controller/lib:/home/user/humble_ws/install/multi_mode_control_msgs/lib:/home/user/humble_ws/install/garmi_controllers/lib:/home/user/humble_ws/install/franka_robot_state_broadcaster/lib:/home/user/humble_ws/install/franka_example_controllers/lib:/home/user/humble_ws/install/franka_semantic_components/lib:/home/user/humble_ws/install/franka_hardware/lib:/home/user/humble_ws/install/franka_gripper/lib:/opt/ros/humble/opt/rviz_ogre_vendor/lib:/opt/ros/humble/lib/x86_64-linux-gnu:/opt/ros/humble/lib:/home/user/Libraries/libfranka/lib:/home/user/Libraries/mujoco/lib /usr/bin/cmake --install /home/user/humble_ws/build/franka_hardware
