[0.039s] Invoking command in '/home/user/humble_ws/build/franka_msgs': CMAKE_PREFIX_PATH=${CMAKE_PREFIX_PATH}:/opt/ros/humble /usr/bin/cmake /home/user/humble_ws/src/bimanual_architecture/franka_msgs -DCMAKE_INSTALL_PREFIX=/home/user/humble_ws/install/franka_msgs
[0.062s] -- Found ament_cmake: 1.3.10 (/opt/ros/humble/share/ament_cmake/cmake)
[0.239s] -- Found rosidl_default_generators: 1.2.0 (/opt/ros/humble/share/rosidl_default_generators/cmake)
[0.245s] -- Using all available rosidl_typesupport_c: rosidl_typesupport_fastrtps_c;rosidl_typesupport_introspection_c
[0.250s] -- Found rosidl_adapter: 3.1.5 (/opt/ros/humble/share/rosidl_adapter/cmake)
[0.296s] -- Using all available rosidl_typesupport_cpp: rosidl_typesupport_fastrtps_cpp;rosidl_typesupport_introspection_cpp
[0.342s] -- Found std_msgs: 4.2.4 (/opt/ros/humble/share/std_msgs/cmake)
[0.385s] -- Found geometry_msgs: 4.2.4 (/opt/ros/humble/share/geometry_msgs/cmake)
[1.085s] -- Found ament_cmake_ros: 0.10.0 (/opt/ros/humble/share/ament_cmake_ros/cmake)
[1.463s] -- Using all available rosidl_typesupport_c: rosidl_typesupport_fastrtps_c;rosidl_typesupport_introspection_c
[1.837s] -- Using all available rosidl_typesupport_cpp: rosidl_typesupport_fastrtps_cpp;rosidl_typesupport_introspection_cpp
[1.859s] -- Found python_cmake_module: 0.10.0 (/opt/ros/humble/share/python_cmake_module/cmake)
[1.879s] -- Using PYTHON_EXECUTABLE: /usr/bin/python3
[1.879s] -- Using PYTHON_INCLUDE_DIRS: /usr/include/python3.10
[1.879s] -- Using PYTHON_LIBRARIES: /usr/lib/x86_64-linux-gnu/libpython3.10.so
[1.957s] -- Found ament_lint_auto: 0.12.11 (/opt/ros/humble/share/ament_lint_auto/cmake)
[1.989s] -- Added test 'copyright' to check source files copyright and LICENSE
[1.997s] -- Added test 'lint_cmake' to check CMake code style
[2.001s] -- Added test 'xmllint' to check XML markup files
[2.015s] -- Configuring done
[2.144s] -- Generating done
[2.147s] -- Build files have been written to: /home/user/humble_ws/build/franka_msgs
[2.155s] Invoked command in '/home/user/humble_ws/build/franka_msgs' returned '0': CMAKE_PREFIX_PATH=${CMAKE_PREFIX_PATH}:/opt/ros/humble /usr/bin/cmake /home/user/humble_ws/src/bimanual_architecture/franka_msgs -DCMAKE_INSTALL_PREFIX=/home/user/humble_ws/install/franka_msgs
[2.157s] Invoking command in '/home/user/humble_ws/build/franka_msgs': CMAKE_PREFIX_PATH=${CMAKE_PREFIX_PATH}:/opt/ros/humble /usr/bin/cmake --build /home/user/humble_ws/build/franka_msgs -- -j12 -l12
[2.237s] [35m[1mConsolidate compiler generated dependencies of target franka_msgs__rosidl_generator_c[0m
[2.251s] [  0%] Built target franka_msgs__cpp
[2.259s] [ 12%] Built target franka_msgs__rosidl_generator_c
[2.279s] [35m[1mConsolidate compiler generated dependencies of target franka_msgs__rosidl_typesupport_cpp[0m
[2.281s] [35m[1mConsolidate compiler generated dependencies of target franka_msgs__rosidl_typesupport_c[0m
[2.287s] [35m[1mConsolidate compiler generated dependencies of target franka_msgs__rosidl_typesupport_introspection_cpp[0m
[2.290s] [35m[1mConsolidate compiler generated dependencies of target franka_msgs__rosidl_typesupport_fastrtps_cpp[0m
[2.293s] [ 12%] Built target ament_cmake_python_copy_franka_msgs
[2.294s] [35m[1mConsolidate compiler generated dependencies of target franka_msgs__rosidl_typesupport_introspection_c[0m
[2.297s] [35m[1mConsolidate compiler generated dependencies of target franka_msgs__rosidl_typesupport_fastrtps_c[0m
[2.312s] [ 24%] Built target franka_msgs__rosidl_typesupport_c
[2.320s] [ 36%] Built target franka_msgs__rosidl_typesupport_cpp
[2.328s] [ 48%] Built target franka_msgs__rosidl_typesupport_introspection_c
[2.329s] [ 60%] Built target franka_msgs__rosidl_typesupport_introspection_cpp
[2.340s] [ 72%] Built target franka_msgs__rosidl_typesupport_fastrtps_cpp
[2.342s] [ 84%] Built target franka_msgs__rosidl_typesupport_fastrtps_c
[2.369s] [ 84%] Built target franka_msgs
[2.403s] [ 85%] Built target franka_msgs__py
[2.431s] [35m[1mConsolidate compiler generated dependencies of target franka_msgs__rosidl_generator_py[0m
[2.475s] [ 96%] Built target franka_msgs__rosidl_generator_py
[2.491s] [35m[1mConsolidate compiler generated dependencies of target franka_msgs__rosidl_typesupport_introspection_c__pyext[0m
[2.491s] [35m[1mConsolidate compiler generated dependencies of target franka_msgs__rosidl_typesupport_c__pyext[0m
[2.495s] [35m[1mConsolidate compiler generated dependencies of target franka_msgs__rosidl_typesupport_fastrtps_c__pyext[0m
[2.513s] [ 97%] Built target franka_msgs__rosidl_typesupport_c__pyext
[2.516s] [ 99%] Built target franka_msgs__rosidl_typesupport_introspection_c__pyext
[2.520s] [100%] Built target franka_msgs__rosidl_typesupport_fastrtps_c__pyext
[2.600s] running egg_info
[2.601s] writing franka_msgs.egg-info/PKG-INFO
[2.602s] writing dependency_links to franka_msgs.egg-info/dependency_links.txt
[2.602s] writing top-level names to franka_msgs.egg-info/top_level.txt
[2.604s] reading manifest file 'franka_msgs.egg-info/SOURCES.txt'
[2.605s] writing manifest file 'franka_msgs.egg-info/SOURCES.txt'
[2.635s] [100%] Built target ament_cmake_python_build_franka_msgs_egg
[2.653s] Invoked command in '/home/user/humble_ws/build/franka_msgs' returned '0': CMAKE_PREFIX_PATH=${CMAKE_PREFIX_PATH}:/opt/ros/humble /usr/bin/cmake --build /home/user/humble_ws/build/franka_msgs -- -j12 -l12
[3.432s] Invoking command in '/home/user/humble_ws/build/franka_msgs': CMAKE_PREFIX_PATH=${CMAKE_PREFIX_PATH}:/opt/ros/humble /usr/bin/cmake --install /home/user/humble_ws/build/franka_msgs
[3.440s] -- Install configuration: "Release"
[3.455s] -- Up-to-date: /home/user/humble_ws/install/franka_msgs/share/ament_index/resource_index/rosidl_interfaces/franka_msgs
[3.456s] -- Up-to-date: /home/user/humble_ws/install/franka_msgs/include/franka_msgs/franka_msgs
[3.457s] -- Up-to-date: /home/user/humble_ws/install/franka_msgs/include/franka_msgs/franka_msgs/action
[3.457s] -- Up-to-date: /home/user/humble_ws/install/franka_msgs/include/franka_msgs/franka_msgs/action/grasp.h
[3.458s] -- Up-to-date: /home/user/humble_ws/install/franka_msgs/include/franka_msgs/franka_msgs/action/detail
[3.458s] -- Up-to-date: /home/user/humble_ws/install/franka_msgs/include/franka_msgs/franka_msgs/action/detail/homing__functions.c
[3.459s] -- Up-to-date: /home/user/humble_ws/install/franka_msgs/include/franka_msgs/franka_msgs/action/detail/move__functions.c
[3.460s] -- Up-to-date: /home/user/humble_ws/install/franka_msgs/include/franka_msgs/franka_msgs/action/detail/move__type_support.h
[3.460s] -- Up-to-date: /home/user/humble_ws/install/franka_msgs/include/franka_msgs/franka_msgs/action/detail/homing__struct.h
[3.461s] -- Up-to-date: /home/user/humble_ws/install/franka_msgs/include/franka_msgs/franka_msgs/action/detail/homing__functions.h
[3.462s] -- Up-to-date: /home/user/humble_ws/install/franka_msgs/include/franka_msgs/franka_msgs/action/detail/grasp__functions.h
[3.463s] -- Up-to-date: /home/user/humble_ws/install/franka_msgs/include/franka_msgs/franka_msgs/action/detail/grasp__struct.h
[3.464s] -- Up-to-date: /home/user/humble_ws/install/franka_msgs/include/franka_msgs/franka_msgs/action/detail/grasp__type_support.h
[3.465s] -- Up-to-date: /home/user/humble_ws/install/franka_msgs/include/franka_msgs/franka_msgs/action/detail/grasp__functions.c
[3.465s] -- Up-to-date: /home/user/humble_ws/install/franka_msgs/include/franka_msgs/franka_msgs/action/detail/move__struct.h
[3.466s] -- Up-to-date: /home/user/humble_ws/install/franka_msgs/include/franka_msgs/franka_msgs/action/detail/homing__type_support.h
[3.467s] -- Up-to-date: /home/user/humble_ws/install/franka_msgs/include/franka_msgs/franka_msgs/action/detail/move__functions.h
[3.468s] -- Up-to-date: /home/user/humble_ws/install/franka_msgs/include/franka_msgs/franka_msgs/action/homing.h
[3.469s] -- Up-to-date: /home/user/humble_ws/install/franka_msgs/include/franka_msgs/franka_msgs/action/move.h
[3.469s] -- Up-to-date: /home/user/humble_ws/install/franka_msgs/include/franka_msgs/franka_msgs/srv
[3.470s] -- Up-to-date: /home/user/humble_ws/install/franka_msgs/include/franka_msgs/franka_msgs/srv/set_tcp_frame.h
[3.470s] -- Up-to-date: /home/user/humble_ws/install/franka_msgs/include/franka_msgs/franka_msgs/srv/set_force_torque_collision_behavior.h
[3.471s] -- Up-to-date: /home/user/humble_ws/install/franka_msgs/include/franka_msgs/franka_msgs/srv/set_cartesian_stiffness.h
[3.472s] -- Up-to-date: /home/user/humble_ws/install/franka_msgs/include/franka_msgs/franka_msgs/srv/detail
[3.472s] -- Up-to-date: /home/user/humble_ws/install/franka_msgs/include/franka_msgs/franka_msgs/srv/detail/error_recovery__functions.h
[3.473s] -- Up-to-date: /home/user/humble_ws/install/franka_msgs/include/franka_msgs/franka_msgs/srv/detail/set_tcp_frame__functions.c
[3.474s] -- Up-to-date: /home/user/humble_ws/install/franka_msgs/include/franka_msgs/franka_msgs/srv/detail/set_mujoco_poses__functions.c
[3.475s] -- Up-to-date: /home/user/humble_ws/install/franka_msgs/include/franka_msgs/franka_msgs/srv/detail/set_joint_stiffness__functions.c
[3.475s] -- Up-to-date: /home/user/humble_ws/install/franka_msgs/include/franka_msgs/franka_msgs/srv/detail/set_load__struct.h
[3.477s] -- Up-to-date: /home/user/humble_ws/install/franka_msgs/include/franka_msgs/franka_msgs/srv/detail/set_force_torque_collision_behavior__functions.c
[3.477s] -- Up-to-date: /home/user/humble_ws/install/franka_msgs/include/franka_msgs/franka_msgs/srv/detail/set_joint_stiffness__type_support.h
[3.478s] -- Up-to-date: /home/user/humble_ws/install/franka_msgs/include/franka_msgs/franka_msgs/srv/detail/error_recovery__functions.c
[3.479s] -- Up-to-date: /home/user/humble_ws/install/franka_msgs/include/franka_msgs/franka_msgs/srv/detail/set_stiffness_frame__type_support.h
[3.479s] -- Up-to-date: /home/user/humble_ws/install/franka_msgs/include/franka_msgs/franka_msgs/srv/detail/set_stiffness_frame__functions.h
[3.480s] -- Up-to-date: /home/user/humble_ws/install/franka_msgs/include/franka_msgs/franka_msgs/srv/detail/set_stiffness_frame__functions.c
[3.481s] -- Up-to-date: /home/user/humble_ws/install/franka_msgs/include/franka_msgs/franka_msgs/srv/detail/set_tcp_frame__struct.h
[3.481s] -- Up-to-date: /home/user/humble_ws/install/franka_msgs/include/franka_msgs/franka_msgs/srv/detail/set_stiffness_frame__struct.h
[3.482s] -- Up-to-date: /home/user/humble_ws/install/franka_msgs/include/franka_msgs/franka_msgs/srv/detail/set_full_collision_behavior__functions.c
[3.483s] -- Up-to-date: /home/user/humble_ws/install/franka_msgs/include/franka_msgs/franka_msgs/srv/detail/error_recovery__struct.h
[3.484s] -- Up-to-date: /home/user/humble_ws/install/franka_msgs/include/franka_msgs/franka_msgs/srv/detail/set_full_collision_behavior__type_support.h
[3.484s] -- Up-to-date: /home/user/humble_ws/install/franka_msgs/include/franka_msgs/franka_msgs/srv/detail/set_mujoco_poses__struct.h
[3.485s] -- Up-to-date: /home/user/humble_ws/install/franka_msgs/include/franka_msgs/franka_msgs/srv/detail/set_cartesian_stiffness__functions.c
[3.486s] -- Up-to-date: /home/user/humble_ws/install/franka_msgs/include/franka_msgs/franka_msgs/srv/detail/set_load__functions.h
[3.487s] -- Up-to-date: /home/user/humble_ws/install/franka_msgs/include/franka_msgs/franka_msgs/srv/detail/set_force_torque_collision_behavior__struct.h
[3.487s] -- Up-to-date: /home/user/humble_ws/install/franka_msgs/include/franka_msgs/franka_msgs/srv/detail/error_recovery__type_support.h
[3.488s] -- Up-to-date: /home/user/humble_ws/install/franka_msgs/include/franka_msgs/franka_msgs/srv/detail/set_load__type_support.h
[3.489s] -- Up-to-date: /home/user/humble_ws/install/franka_msgs/include/franka_msgs/franka_msgs/srv/detail/set_joint_stiffness__functions.h
[3.490s] -- Up-to-date: /home/user/humble_ws/install/franka_msgs/include/franka_msgs/franka_msgs/srv/detail/set_load__functions.c
[3.490s] -- Up-to-date: /home/user/humble_ws/install/franka_msgs/include/franka_msgs/franka_msgs/srv/detail/set_mujoco_poses__type_support.h
[3.491s] -- Up-to-date: /home/user/humble_ws/install/franka_msgs/include/franka_msgs/franka_msgs/srv/detail/set_mujoco_poses__functions.h
[3.492s] -- Up-to-date: /home/user/humble_ws/install/franka_msgs/include/franka_msgs/franka_msgs/srv/detail/set_force_torque_collision_behavior__functions.h
[3.492s] -- Up-to-date: /home/user/humble_ws/install/franka_msgs/include/franka_msgs/franka_msgs/srv/detail/set_tcp_frame__type_support.h
[3.493s] -- Up-to-date: /home/user/humble_ws/install/franka_msgs/include/franka_msgs/franka_msgs/srv/detail/set_force_torque_collision_behavior__type_support.h
[3.494s] -- Up-to-date: /home/user/humble_ws/install/franka_msgs/include/franka_msgs/franka_msgs/srv/detail/set_cartesian_stiffness__struct.h
[3.495s] -- Up-to-date: /home/user/humble_ws/install/franka_msgs/include/franka_msgs/franka_msgs/srv/detail/set_cartesian_stiffness__type_support.h
[3.495s] -- Up-to-date: /home/user/humble_ws/install/franka_msgs/include/franka_msgs/franka_msgs/srv/detail/set_full_collision_behavior__struct.h
[3.496s] -- Up-to-date: /home/user/humble_ws/install/franka_msgs/include/franka_msgs/franka_msgs/srv/detail/set_cartesian_stiffness__functions.h
[3.497s] -- Up-to-date: /home/user/humble_ws/install/franka_msgs/include/franka_msgs/franka_msgs/srv/detail/set_joint_stiffness__struct.h
[3.497s] -- Up-to-date: /home/user/humble_ws/install/franka_msgs/include/franka_msgs/franka_msgs/srv/detail/set_tcp_frame__functions.h
[3.498s] -- Up-to-date: /home/user/humble_ws/install/franka_msgs/include/franka_msgs/franka_msgs/srv/detail/set_full_collision_behavior__functions.h
[3.499s] -- Up-to-date: /home/user/humble_ws/install/franka_msgs/include/franka_msgs/franka_msgs/srv/set_load.h
[3.500s] -- Up-to-date: /home/user/humble_ws/install/franka_msgs/include/franka_msgs/franka_msgs/srv/set_full_collision_behavior.h
[3.501s] -- Up-to-date: /home/user/humble_ws/install/franka_msgs/include/franka_msgs/franka_msgs/srv/set_joint_stiffness.h
[3.502s] -- Up-to-date: /home/user/humble_ws/install/franka_msgs/include/franka_msgs/franka_msgs/srv/set_stiffness_frame.h
[3.502s] -- Up-to-date: /home/user/humble_ws/install/franka_msgs/include/franka_msgs/franka_msgs/srv/set_mujoco_poses.h
[3.503s] -- Up-to-date: /home/user/humble_ws/install/franka_msgs/include/franka_msgs/franka_msgs/srv/error_recovery.h
[3.504s] -- Up-to-date: /home/user/humble_ws/install/franka_msgs/include/franka_msgs/franka_msgs/msg
[3.504s] -- Up-to-date: /home/user/humble_ws/install/franka_msgs/include/franka_msgs/franka_msgs/msg/rosidl_generator_c__visibility_control.h
[3.505s] -- Up-to-date: /home/user/humble_ws/install/franka_msgs/include/franka_msgs/franka_msgs/msg/errors.h
[3.506s] -- Up-to-date: /home/user/humble_ws/install/franka_msgs/include/franka_msgs/franka_msgs/msg/grasp_epsilon.h
[3.507s] -- Up-to-date: /home/user/humble_ws/install/franka_msgs/include/franka_msgs/franka_msgs/msg/detail
[3.507s] -- Up-to-date: /home/user/humble_ws/install/franka_msgs/include/franka_msgs/franka_msgs/msg/detail/pose_stamped_array__functions.h
[3.508s] -- Up-to-date: /home/user/humble_ws/install/franka_msgs/include/franka_msgs/franka_msgs/msg/detail/franka_state__functions.c
[3.509s] -- Up-to-date: /home/user/humble_ws/install/franka_msgs/include/franka_msgs/franka_msgs/msg/detail/franka_state__type_support.h
[3.509s] -- Up-to-date: /home/user/humble_ws/install/franka_msgs/include/franka_msgs/franka_msgs/msg/detail/grasp_epsilon__functions.h
[3.510s] -- Up-to-date: /home/user/humble_ws/install/franka_msgs/include/franka_msgs/franka_msgs/msg/detail/errors__functions.h
[3.511s] -- Up-to-date: /home/user/humble_ws/install/franka_msgs/include/franka_msgs/franka_msgs/msg/detail/pose_stamped_array__type_support.h
[3.512s] -- Up-to-date: /home/user/humble_ws/install/franka_msgs/include/franka_msgs/franka_msgs/msg/detail/errors__type_support.h
[3.512s] -- Up-to-date: /home/user/humble_ws/install/franka_msgs/include/franka_msgs/franka_msgs/msg/detail/franka_model__functions.h
[3.513s] -- Up-to-date: /home/user/humble_ws/install/franka_msgs/include/franka_msgs/franka_msgs/msg/detail/franka_model__type_support.h
[3.514s] -- Up-to-date: /home/user/humble_ws/install/franka_msgs/include/franka_msgs/franka_msgs/msg/detail/grasp_epsilon__functions.c
[3.515s] -- Up-to-date: /home/user/humble_ws/install/franka_msgs/include/franka_msgs/franka_msgs/msg/detail/franka_model__functions.c
[3.515s] -- Up-to-date: /home/user/humble_ws/install/franka_msgs/include/franka_msgs/franka_msgs/msg/detail/errors__struct.h
[3.516s] -- Up-to-date: /home/user/humble_ws/install/franka_msgs/include/franka_msgs/franka_msgs/msg/detail/grasp_epsilon__struct.h
[3.517s] -- Up-to-date: /home/user/humble_ws/install/franka_msgs/include/franka_msgs/franka_msgs/msg/detail/franka_model__struct.h
[3.518s] -- Up-to-date: /home/user/humble_ws/install/franka_msgs/include/franka_msgs/franka_msgs/msg/detail/errors__functions.c
[3.519s] -- Up-to-date: /home/user/humble_ws/install/franka_msgs/include/franka_msgs/franka_msgs/msg/detail/grasp_epsilon__type_support.h
[3.519s] -- Up-to-date: /home/user/humble_ws/install/franka_msgs/include/franka_msgs/franka_msgs/msg/detail/franka_state__functions.h
[3.520s] -- Up-to-date: /home/user/humble_ws/install/franka_msgs/include/franka_msgs/franka_msgs/msg/detail/pose_stamped_array__functions.c
[3.521s] -- Up-to-date: /home/user/humble_ws/install/franka_msgs/include/franka_msgs/franka_msgs/msg/detail/franka_state__struct.h
[3.521s] -- Up-to-date: /home/user/humble_ws/install/franka_msgs/include/franka_msgs/franka_msgs/msg/detail/pose_stamped_array__struct.h
[3.522s] -- Up-to-date: /home/user/humble_ws/install/franka_msgs/include/franka_msgs/franka_msgs/msg/pose_stamped_array.h
[3.523s] -- Up-to-date: /home/user/humble_ws/install/franka_msgs/include/franka_msgs/franka_msgs/msg/franka_model.h
[3.524s] -- Up-to-date: /home/user/humble_ws/install/franka_msgs/include/franka_msgs/franka_msgs/msg/franka_state.h
[3.524s] -- Up-to-date: /home/user/humble_ws/install/franka_msgs/share/franka_msgs/environment/library_path.sh
[3.525s] -- Installing: /home/user/humble_ws/install/franka_msgs/share/franka_msgs/environment/library_path.dsv
[3.527s] -- Up-to-date: /home/user/humble_ws/install/franka_msgs/lib/libfranka_msgs__rosidl_generator_c.so
[3.528s] -- Up-to-date: /home/user/humble_ws/install/franka_msgs/include/franka_msgs/franka_msgs
[3.528s] -- Up-to-date: /home/user/humble_ws/install/franka_msgs/include/franka_msgs/franka_msgs/action
[3.528s] -- Up-to-date: /home/user/humble_ws/install/franka_msgs/include/franka_msgs/franka_msgs/action/detail
[3.528s] -- Up-to-date: /home/user/humble_ws/install/franka_msgs/include/franka_msgs/franka_msgs/action/detail/homing__rosidl_typesupport_fastrtps_c.h
[3.529s] -- Up-to-date: /home/user/humble_ws/install/franka_msgs/include/franka_msgs/franka_msgs/action/detail/grasp__rosidl_typesupport_fastrtps_c.h
[3.530s] -- Up-to-date: /home/user/humble_ws/install/franka_msgs/include/franka_msgs/franka_msgs/action/detail/move__rosidl_typesupport_fastrtps_c.h
[3.531s] -- Up-to-date: /home/user/humble_ws/install/franka_msgs/include/franka_msgs/franka_msgs/srv
[3.531s] -- Up-to-date: /home/user/humble_ws/install/franka_msgs/include/franka_msgs/franka_msgs/srv/detail
[3.531s] -- Up-to-date: /home/user/humble_ws/install/franka_msgs/include/franka_msgs/franka_msgs/srv/detail/set_cartesian_stiffness__rosidl_typesupport_fastrtps_c.h
[3.531s] -- Up-to-date: /home/user/humble_ws/install/franka_msgs/include/franka_msgs/franka_msgs/srv/detail/set_force_torque_collision_behavior__rosidl_typesupport_fastrtps_c.h
[3.532s] -- Up-to-date: /home/user/humble_ws/install/franka_msgs/include/franka_msgs/franka_msgs/srv/detail/set_full_collision_behavior__rosidl_typesupport_fastrtps_c.h
[3.533s] -- Up-to-date: /home/user/humble_ws/install/franka_msgs/include/franka_msgs/franka_msgs/srv/detail/set_stiffness_frame__rosidl_typesupport_fastrtps_c.h
[3.534s] -- Up-to-date: /home/user/humble_ws/install/franka_msgs/include/franka_msgs/franka_msgs/srv/detail/set_joint_stiffness__rosidl_typesupport_fastrtps_c.h
[3.535s] -- Up-to-date: /home/user/humble_ws/install/franka_msgs/include/franka_msgs/franka_msgs/srv/detail/set_tcp_frame__rosidl_typesupport_fastrtps_c.h
[3.535s] -- Up-to-date: /home/user/humble_ws/install/franka_msgs/include/franka_msgs/franka_msgs/srv/detail/error_recovery__rosidl_typesupport_fastrtps_c.h
[3.536s] -- Up-to-date: /home/user/humble_ws/install/franka_msgs/include/franka_msgs/franka_msgs/srv/detail/set_mujoco_poses__rosidl_typesupport_fastrtps_c.h
[3.537s] -- Up-to-date: /home/user/humble_ws/install/franka_msgs/include/franka_msgs/franka_msgs/srv/detail/set_load__rosidl_typesupport_fastrtps_c.h
[3.538s] -- Up-to-date: /home/user/humble_ws/install/franka_msgs/include/franka_msgs/franka_msgs/msg
[3.538s] -- Up-to-date: /home/user/humble_ws/install/franka_msgs/include/franka_msgs/franka_msgs/msg/detail
[3.538s] -- Up-to-date: /home/user/humble_ws/install/franka_msgs/include/franka_msgs/franka_msgs/msg/detail/pose_stamped_array__rosidl_typesupport_fastrtps_c.h
[3.539s] -- Up-to-date: /home/user/humble_ws/install/franka_msgs/include/franka_msgs/franka_msgs/msg/detail/franka_state__rosidl_typesupport_fastrtps_c.h
[3.540s] -- Up-to-date: /home/user/humble_ws/install/franka_msgs/include/franka_msgs/franka_msgs/msg/detail/grasp_epsilon__rosidl_typesupport_fastrtps_c.h
[3.540s] -- Up-to-date: /home/user/humble_ws/install/franka_msgs/include/franka_msgs/franka_msgs/msg/detail/franka_model__rosidl_typesupport_fastrtps_c.h
[3.541s] -- Up-to-date: /home/user/humble_ws/install/franka_msgs/include/franka_msgs/franka_msgs/msg/detail/errors__rosidl_typesupport_fastrtps_c.h
[3.542s] -- Up-to-date: /home/user/humble_ws/install/franka_msgs/include/franka_msgs/franka_msgs/msg/rosidl_typesupport_fastrtps_c__visibility_control.h
[3.543s] -- Up-to-date: /home/user/humble_ws/install/franka_msgs/lib/libfranka_msgs__rosidl_typesupport_fastrtps_c.so
[3.545s] -- Up-to-date: /home/user/humble_ws/install/franka_msgs/include/franka_msgs/franka_msgs
[3.545s] -- Up-to-date: /home/user/humble_ws/install/franka_msgs/include/franka_msgs/franka_msgs/action
[3.545s] -- Up-to-date: /home/user/humble_ws/install/franka_msgs/include/franka_msgs/franka_msgs/action/detail
[3.545s] -- Up-to-date: /home/user/humble_ws/install/franka_msgs/include/franka_msgs/franka_msgs/action/detail/move__rosidl_typesupport_introspection_c.h
[3.546s] -- Up-to-date: /home/user/humble_ws/install/franka_msgs/include/franka_msgs/franka_msgs/action/detail/grasp__type_support.c
[3.547s] -- Up-to-date: /home/user/humble_ws/install/franka_msgs/include/franka_msgs/franka_msgs/action/detail/move__type_support.c
[3.548s] -- Up-to-date: /home/user/humble_ws/install/franka_msgs/include/franka_msgs/franka_msgs/action/detail/homing__rosidl_typesupport_introspection_c.h
[3.548s] -- Up-to-date: /home/user/humble_ws/install/franka_msgs/include/franka_msgs/franka_msgs/action/detail/homing__type_support.c
[3.549s] -- Up-to-date: /home/user/humble_ws/install/franka_msgs/include/franka_msgs/franka_msgs/action/detail/grasp__rosidl_typesupport_introspection_c.h
[3.550s] -- Up-to-date: /home/user/humble_ws/install/franka_msgs/include/franka_msgs/franka_msgs/srv
[3.550s] -- Up-to-date: /home/user/humble_ws/install/franka_msgs/include/franka_msgs/franka_msgs/srv/detail
[3.550s] -- Up-to-date: /home/user/humble_ws/install/franka_msgs/include/franka_msgs/franka_msgs/srv/detail/set_stiffness_frame__type_support.c
[3.551s] -- Up-to-date: /home/user/humble_ws/install/franka_msgs/include/franka_msgs/franka_msgs/srv/detail/set_mujoco_poses__type_support.c
[3.552s] -- Up-to-date: /home/user/humble_ws/install/franka_msgs/include/franka_msgs/franka_msgs/srv/detail/set_joint_stiffness__type_support.c
[3.553s] -- Up-to-date: /home/user/humble_ws/install/franka_msgs/include/franka_msgs/franka_msgs/srv/detail/error_recovery__type_support.c
[3.553s] -- Up-to-date: /home/user/humble_ws/install/franka_msgs/include/franka_msgs/franka_msgs/srv/detail/set_full_collision_behavior__rosidl_typesupport_introspection_c.h
[3.554s] -- Up-to-date: /home/user/humble_ws/install/franka_msgs/include/franka_msgs/franka_msgs/srv/detail/set_force_torque_collision_behavior__rosidl_typesupport_introspection_c.h
[3.555s] -- Up-to-date: /home/user/humble_ws/install/franka_msgs/include/franka_msgs/franka_msgs/srv/detail/set_joint_stiffness__rosidl_typesupport_introspection_c.h
[3.556s] -- Up-to-date: /home/user/humble_ws/install/franka_msgs/include/franka_msgs/franka_msgs/srv/detail/set_load__rosidl_typesupport_introspection_c.h
[3.557s] -- Up-to-date: /home/user/humble_ws/install/franka_msgs/include/franka_msgs/franka_msgs/srv/detail/set_cartesian_stiffness__rosidl_typesupport_introspection_c.h
[3.557s] -- Up-to-date: /home/user/humble_ws/install/franka_msgs/include/franka_msgs/franka_msgs/srv/detail/error_recovery__rosidl_typesupport_introspection_c.h
[3.558s] -- Up-to-date: /home/user/humble_ws/install/franka_msgs/include/franka_msgs/franka_msgs/srv/detail/set_force_torque_collision_behavior__type_support.c
[3.559s] -- Up-to-date: /home/user/humble_ws/install/franka_msgs/include/franka_msgs/franka_msgs/srv/detail/set_tcp_frame__type_support.c
[3.560s] -- Up-to-date: /home/user/humble_ws/install/franka_msgs/include/franka_msgs/franka_msgs/srv/detail/set_stiffness_frame__rosidl_typesupport_introspection_c.h
[3.560s] -- Up-to-date: /home/user/humble_ws/install/franka_msgs/include/franka_msgs/franka_msgs/srv/detail/set_cartesian_stiffness__type_support.c
[3.561s] -- Up-to-date: /home/user/humble_ws/install/franka_msgs/include/franka_msgs/franka_msgs/srv/detail/set_load__type_support.c
[3.562s] -- Up-to-date: /home/user/humble_ws/install/franka_msgs/include/franka_msgs/franka_msgs/srv/detail/set_full_collision_behavior__type_support.c
[3.563s] -- Up-to-date: /home/user/humble_ws/install/franka_msgs/include/franka_msgs/franka_msgs/srv/detail/set_tcp_frame__rosidl_typesupport_introspection_c.h
[3.563s] -- Up-to-date: /home/user/humble_ws/install/franka_msgs/include/franka_msgs/franka_msgs/srv/detail/set_mujoco_poses__rosidl_typesupport_introspection_c.h
[3.564s] -- Up-to-date: /home/user/humble_ws/install/franka_msgs/include/franka_msgs/franka_msgs/msg
[3.564s] -- Up-to-date: /home/user/humble_ws/install/franka_msgs/include/franka_msgs/franka_msgs/msg/detail
[3.564s] -- Up-to-date: /home/user/humble_ws/install/franka_msgs/include/franka_msgs/franka_msgs/msg/detail/pose_stamped_array__rosidl_typesupport_introspection_c.h
[3.565s] -- Up-to-date: /home/user/humble_ws/install/franka_msgs/include/franka_msgs/franka_msgs/msg/detail/franka_model__type_support.c
[3.566s] -- Up-to-date: /home/user/humble_ws/install/franka_msgs/include/franka_msgs/franka_msgs/msg/detail/pose_stamped_array__type_support.c
[3.566s] -- Up-to-date: /home/user/humble_ws/install/franka_msgs/include/franka_msgs/franka_msgs/msg/detail/grasp_epsilon__rosidl_typesupport_introspection_c.h
[3.567s] -- Up-to-date: /home/user/humble_ws/install/franka_msgs/include/franka_msgs/franka_msgs/msg/detail/franka_state__rosidl_typesupport_introspection_c.h
[3.568s] -- Up-to-date: /home/user/humble_ws/install/franka_msgs/include/franka_msgs/franka_msgs/msg/detail/grasp_epsilon__type_support.c
[3.569s] -- Up-to-date: /home/user/humble_ws/install/franka_msgs/include/franka_msgs/franka_msgs/msg/detail/errors__rosidl_typesupport_introspection_c.h
[3.569s] -- Up-to-date: /home/user/humble_ws/install/franka_msgs/include/franka_msgs/franka_msgs/msg/detail/franka_model__rosidl_typesupport_introspection_c.h
[3.570s] -- Up-to-date: /home/user/humble_ws/install/franka_msgs/include/franka_msgs/franka_msgs/msg/detail/errors__type_support.c
[3.571s] -- Up-to-date: /home/user/humble_ws/install/franka_msgs/include/franka_msgs/franka_msgs/msg/detail/franka_state__type_support.c
[3.572s] -- Up-to-date: /home/user/humble_ws/install/franka_msgs/include/franka_msgs/franka_msgs/msg/rosidl_typesupport_introspection_c__visibility_control.h
[3.573s] -- Up-to-date: /home/user/humble_ws/install/franka_msgs/lib/libfranka_msgs__rosidl_typesupport_introspection_c.so
[3.575s] -- Up-to-date: /home/user/humble_ws/install/franka_msgs/lib/libfranka_msgs__rosidl_typesupport_c.so
[3.576s] -- Up-to-date: /home/user/humble_ws/install/franka_msgs/include/franka_msgs/franka_msgs
[3.576s] -- Up-to-date: /home/user/humble_ws/install/franka_msgs/include/franka_msgs/franka_msgs/action
[3.577s] -- Up-to-date: /home/user/humble_ws/install/franka_msgs/include/franka_msgs/franka_msgs/action/move.hpp
[3.577s] -- Up-to-date: /home/user/humble_ws/install/franka_msgs/include/franka_msgs/franka_msgs/action/detail
[3.577s] -- Up-to-date: /home/user/humble_ws/install/franka_msgs/include/franka_msgs/franka_msgs/action/detail/homing__struct.hpp
[3.578s] -- Up-to-date: /home/user/humble_ws/install/franka_msgs/include/franka_msgs/franka_msgs/action/detail/homing__traits.hpp
[3.579s] -- Up-to-date: /home/user/humble_ws/install/franka_msgs/include/franka_msgs/franka_msgs/action/detail/grasp__traits.hpp
[3.580s] -- Up-to-date: /home/user/humble_ws/install/franka_msgs/include/franka_msgs/franka_msgs/action/detail/grasp__struct.hpp
[3.581s] -- Up-to-date: /home/user/humble_ws/install/franka_msgs/include/franka_msgs/franka_msgs/action/detail/homing__builder.hpp
[3.581s] -- Up-to-date: /home/user/humble_ws/install/franka_msgs/include/franka_msgs/franka_msgs/action/detail/move__traits.hpp
[3.582s] -- Up-to-date: /home/user/humble_ws/install/franka_msgs/include/franka_msgs/franka_msgs/action/detail/grasp__builder.hpp
[3.583s] -- Up-to-date: /home/user/humble_ws/install/franka_msgs/include/franka_msgs/franka_msgs/action/detail/move__builder.hpp
[3.584s] -- Up-to-date: /home/user/humble_ws/install/franka_msgs/include/franka_msgs/franka_msgs/action/detail/move__struct.hpp
[3.584s] -- Up-to-date: /home/user/humble_ws/install/franka_msgs/include/franka_msgs/franka_msgs/action/grasp.hpp
[3.585s] -- Up-to-date: /home/user/humble_ws/install/franka_msgs/include/franka_msgs/franka_msgs/action/homing.hpp
[3.586s] -- Up-to-date: /home/user/humble_ws/install/franka_msgs/include/franka_msgs/franka_msgs/srv
[3.586s] -- Up-to-date: /home/user/humble_ws/install/franka_msgs/include/franka_msgs/franka_msgs/srv/error_recovery.hpp
[3.587s] -- Up-to-date: /home/user/humble_ws/install/franka_msgs/include/franka_msgs/franka_msgs/srv/detail
[3.587s] -- Up-to-date: /home/user/humble_ws/install/franka_msgs/include/franka_msgs/franka_msgs/srv/detail/set_joint_stiffness__struct.hpp
[3.588s] -- Up-to-date: /home/user/humble_ws/install/franka_msgs/include/franka_msgs/franka_msgs/srv/detail/set_full_collision_behavior__builder.hpp
[3.589s] -- Up-to-date: /home/user/humble_ws/install/franka_msgs/include/franka_msgs/franka_msgs/srv/detail/set_mujoco_poses__traits.hpp
[3.589s] -- Up-to-date: /home/user/humble_ws/install/franka_msgs/include/franka_msgs/franka_msgs/srv/detail/set_force_torque_collision_behavior__traits.hpp
[3.590s] -- Up-to-date: /home/user/humble_ws/install/franka_msgs/include/franka_msgs/franka_msgs/srv/detail/set_cartesian_stiffness__traits.hpp
[3.591s] -- Up-to-date: /home/user/humble_ws/install/franka_msgs/include/franka_msgs/franka_msgs/srv/detail/set_stiffness_frame__traits.hpp
[3.592s] -- Up-to-date: /home/user/humble_ws/install/franka_msgs/include/franka_msgs/franka_msgs/srv/detail/set_force_torque_collision_behavior__struct.hpp
[3.592s] -- Up-to-date: /home/user/humble_ws/install/franka_msgs/include/franka_msgs/franka_msgs/srv/detail/set_tcp_frame__struct.hpp
[3.593s] -- Up-to-date: /home/user/humble_ws/install/franka_msgs/include/franka_msgs/franka_msgs/srv/detail/error_recovery__builder.hpp
[3.594s] -- Up-to-date: /home/user/humble_ws/install/franka_msgs/include/franka_msgs/franka_msgs/srv/detail/set_load__traits.hpp
[3.595s] -- Up-to-date: /home/user/humble_ws/install/franka_msgs/include/franka_msgs/franka_msgs/srv/detail/set_joint_stiffness__builder.hpp
[3.595s] -- Up-to-date: /home/user/humble_ws/install/franka_msgs/include/franka_msgs/franka_msgs/srv/detail/set_load__struct.hpp
[3.596s] -- Up-to-date: /home/user/humble_ws/install/franka_msgs/include/franka_msgs/franka_msgs/srv/detail/set_stiffness_frame__struct.hpp
[3.597s] -- Up-to-date: /home/user/humble_ws/install/franka_msgs/include/franka_msgs/franka_msgs/srv/detail/set_tcp_frame__builder.hpp
[3.598s] -- Up-to-date: /home/user/humble_ws/install/franka_msgs/include/franka_msgs/franka_msgs/srv/detail/set_mujoco_poses__struct.hpp
[3.598s] -- Up-to-date: /home/user/humble_ws/install/franka_msgs/include/franka_msgs/franka_msgs/srv/detail/set_full_collision_behavior__struct.hpp
[3.599s] -- Up-to-date: /home/user/humble_ws/install/franka_msgs/include/franka_msgs/franka_msgs/srv/detail/set_cartesian_stiffness__builder.hpp
[3.600s] -- Up-to-date: /home/user/humble_ws/install/franka_msgs/include/franka_msgs/franka_msgs/srv/detail/set_cartesian_stiffness__struct.hpp
[3.601s] -- Up-to-date: /home/user/humble_ws/install/franka_msgs/include/franka_msgs/franka_msgs/srv/detail/set_joint_stiffness__traits.hpp
[3.601s] -- Up-to-date: /home/user/humble_ws/install/franka_msgs/include/franka_msgs/franka_msgs/srv/detail/set_force_torque_collision_behavior__builder.hpp
[3.602s] -- Up-to-date: /home/user/humble_ws/install/franka_msgs/include/franka_msgs/franka_msgs/srv/detail/error_recovery__traits.hpp
[3.603s] -- Up-to-date: /home/user/humble_ws/install/franka_msgs/include/franka_msgs/franka_msgs/srv/detail/set_full_collision_behavior__traits.hpp
[3.604s] -- Up-to-date: /home/user/humble_ws/install/franka_msgs/include/franka_msgs/franka_msgs/srv/detail/set_tcp_frame__traits.hpp
[3.605s] -- Up-to-date: /home/user/humble_ws/install/franka_msgs/include/franka_msgs/franka_msgs/srv/detail/set_mujoco_poses__builder.hpp
[3.605s] -- Up-to-date: /home/user/humble_ws/install/franka_msgs/include/franka_msgs/franka_msgs/srv/detail/set_stiffness_frame__builder.hpp
[3.606s] -- Up-to-date: /home/user/humble_ws/install/franka_msgs/include/franka_msgs/franka_msgs/srv/detail/set_load__builder.hpp
[3.607s] -- Up-to-date: /home/user/humble_ws/install/franka_msgs/include/franka_msgs/franka_msgs/srv/detail/error_recovery__struct.hpp
[3.608s] -- Up-to-date: /home/user/humble_ws/install/franka_msgs/include/franka_msgs/franka_msgs/srv/set_cartesian_stiffness.hpp
[3.609s] -- Up-to-date: /home/user/humble_ws/install/franka_msgs/include/franka_msgs/franka_msgs/srv/set_joint_stiffness.hpp
[3.609s] -- Up-to-date: /home/user/humble_ws/install/franka_msgs/include/franka_msgs/franka_msgs/srv/set_force_torque_collision_behavior.hpp
[3.610s] -- Up-to-date: /home/user/humble_ws/install/franka_msgs/include/franka_msgs/franka_msgs/srv/set_load.hpp
[3.611s] -- Up-to-date: /home/user/humble_ws/install/franka_msgs/include/franka_msgs/franka_msgs/srv/set_stiffness_frame.hpp
[3.612s] -- Up-to-date: /home/user/humble_ws/install/franka_msgs/include/franka_msgs/franka_msgs/srv/set_tcp_frame.hpp
[3.612s] -- Up-to-date: /home/user/humble_ws/install/franka_msgs/include/franka_msgs/franka_msgs/srv/set_mujoco_poses.hpp
[3.613s] -- Up-to-date: /home/user/humble_ws/install/franka_msgs/include/franka_msgs/franka_msgs/srv/set_full_collision_behavior.hpp
[3.614s] -- Up-to-date: /home/user/humble_ws/install/franka_msgs/include/franka_msgs/franka_msgs/msg
[3.614s] -- Up-to-date: /home/user/humble_ws/install/franka_msgs/include/franka_msgs/franka_msgs/msg/grasp_epsilon.hpp
[3.615s] -- Up-to-date: /home/user/humble_ws/install/franka_msgs/include/franka_msgs/franka_msgs/msg/errors.hpp
[3.615s] -- Up-to-date: /home/user/humble_ws/install/franka_msgs/include/franka_msgs/franka_msgs/msg/detail
[3.615s] -- Up-to-date: /home/user/humble_ws/install/franka_msgs/include/franka_msgs/franka_msgs/msg/detail/franka_model__traits.hpp
[3.616s] -- Up-to-date: /home/user/humble_ws/install/franka_msgs/include/franka_msgs/franka_msgs/msg/detail/pose_stamped_array__traits.hpp
[3.617s] -- Up-to-date: /home/user/humble_ws/install/franka_msgs/include/franka_msgs/franka_msgs/msg/detail/franka_state__builder.hpp
[3.617s] -- Up-to-date: /home/user/humble_ws/install/franka_msgs/include/franka_msgs/franka_msgs/msg/detail/grasp_epsilon__traits.hpp
[3.618s] -- Up-to-date: /home/user/humble_ws/install/franka_msgs/include/franka_msgs/franka_msgs/msg/detail/franka_state__traits.hpp
[3.619s] -- Up-to-date: /home/user/humble_ws/install/franka_msgs/include/franka_msgs/franka_msgs/msg/detail/franka_state__struct.hpp
[3.620s] -- Up-to-date: /home/user/humble_ws/install/franka_msgs/include/franka_msgs/franka_msgs/msg/detail/errors__builder.hpp
[3.621s] -- Up-to-date: /home/user/humble_ws/install/franka_msgs/include/franka_msgs/franka_msgs/msg/detail/errors__traits.hpp
[3.622s] -- Up-to-date: /home/user/humble_ws/install/franka_msgs/include/franka_msgs/franka_msgs/msg/detail/franka_model__struct.hpp
[3.623s] -- Up-to-date: /home/user/humble_ws/install/franka_msgs/include/franka_msgs/franka_msgs/msg/detail/pose_stamped_array__builder.hpp
[3.624s] -- Up-to-date: /home/user/humble_ws/install/franka_msgs/include/franka_msgs/franka_msgs/msg/detail/errors__struct.hpp
[3.624s] -- Up-to-date: /home/user/humble_ws/install/franka_msgs/include/franka_msgs/franka_msgs/msg/detail/grasp_epsilon__builder.hpp
[3.625s] -- Up-to-date: /home/user/humble_ws/install/franka_msgs/include/franka_msgs/franka_msgs/msg/detail/franka_model__builder.hpp
[3.626s] -- Up-to-date: /home/user/humble_ws/install/franka_msgs/include/franka_msgs/franka_msgs/msg/detail/pose_stamped_array__struct.hpp
[3.626s] -- Up-to-date: /home/user/humble_ws/install/franka_msgs/include/franka_msgs/franka_msgs/msg/detail/grasp_epsilon__struct.hpp
[3.627s] -- Up-to-date: /home/user/humble_ws/install/franka_msgs/include/franka_msgs/franka_msgs/msg/pose_stamped_array.hpp
[3.628s] -- Up-to-date: /home/user/humble_ws/install/franka_msgs/include/franka_msgs/franka_msgs/msg/franka_state.hpp
[3.629s] -- Up-to-date: /home/user/humble_ws/install/franka_msgs/include/franka_msgs/franka_msgs/msg/franka_model.hpp
[3.629s] -- Up-to-date: /home/user/humble_ws/install/franka_msgs/include/franka_msgs/franka_msgs
[3.629s] -- Up-to-date: /home/user/humble_ws/install/franka_msgs/include/franka_msgs/franka_msgs/action
[3.630s] -- Up-to-date: /home/user/humble_ws/install/franka_msgs/include/franka_msgs/franka_msgs/action/detail
[3.630s] -- Up-to-date: /home/user/humble_ws/install/franka_msgs/include/franka_msgs/franka_msgs/action/detail/dds_fastrtps
[3.630s] -- Up-to-date: /home/user/humble_ws/install/franka_msgs/include/franka_msgs/franka_msgs/action/detail/grasp__rosidl_typesupport_fastrtps_cpp.hpp
[3.631s] -- Up-to-date: /home/user/humble_ws/install/franka_msgs/include/franka_msgs/franka_msgs/action/detail/move__rosidl_typesupport_fastrtps_cpp.hpp
[3.631s] -- Up-to-date: /home/user/humble_ws/install/franka_msgs/include/franka_msgs/franka_msgs/action/detail/homing__rosidl_typesupport_fastrtps_cpp.hpp
[3.632s] -- Up-to-date: /home/user/humble_ws/install/franka_msgs/include/franka_msgs/franka_msgs/srv
[3.632s] -- Up-to-date: /home/user/humble_ws/install/franka_msgs/include/franka_msgs/franka_msgs/srv/detail
[3.632s] -- Up-to-date: /home/user/humble_ws/install/franka_msgs/include/franka_msgs/franka_msgs/srv/detail/dds_fastrtps
[3.632s] -- Up-to-date: /home/user/humble_ws/install/franka_msgs/include/franka_msgs/franka_msgs/srv/detail/set_stiffness_frame__rosidl_typesupport_fastrtps_cpp.hpp
[3.634s] -- Up-to-date: /home/user/humble_ws/install/franka_msgs/include/franka_msgs/franka_msgs/srv/detail/set_joint_stiffness__rosidl_typesupport_fastrtps_cpp.hpp
[3.634s] -- Up-to-date: /home/user/humble_ws/install/franka_msgs/include/franka_msgs/franka_msgs/srv/detail/set_load__rosidl_typesupport_fastrtps_cpp.hpp
[3.635s] -- Up-to-date: /home/user/humble_ws/install/franka_msgs/include/franka_msgs/franka_msgs/srv/detail/error_recovery__rosidl_typesupport_fastrtps_cpp.hpp
[3.636s] -- Up-to-date: /home/user/humble_ws/install/franka_msgs/include/franka_msgs/franka_msgs/srv/detail/set_full_collision_behavior__rosidl_typesupport_fastrtps_cpp.hpp
[3.636s] -- Up-to-date: /home/user/humble_ws/install/franka_msgs/include/franka_msgs/franka_msgs/srv/detail/set_mujoco_poses__rosidl_typesupport_fastrtps_cpp.hpp
[3.637s] -- Up-to-date: /home/user/humble_ws/install/franka_msgs/include/franka_msgs/franka_msgs/srv/detail/set_tcp_frame__rosidl_typesupport_fastrtps_cpp.hpp
[3.638s] -- Up-to-date: /home/user/humble_ws/install/franka_msgs/include/franka_msgs/franka_msgs/srv/detail/set_force_torque_collision_behavior__rosidl_typesupport_fastrtps_cpp.hpp
[3.638s] -- Up-to-date: /home/user/humble_ws/install/franka_msgs/include/franka_msgs/franka_msgs/srv/detail/set_cartesian_stiffness__rosidl_typesupport_fastrtps_cpp.hpp
[3.639s] -- Up-to-date: /home/user/humble_ws/install/franka_msgs/include/franka_msgs/franka_msgs/msg
[3.639s] -- Up-to-date: /home/user/humble_ws/install/franka_msgs/include/franka_msgs/franka_msgs/msg/detail
[3.639s] -- Up-to-date: /home/user/humble_ws/install/franka_msgs/include/franka_msgs/franka_msgs/msg/detail/pose_stamped_array__rosidl_typesupport_fastrtps_cpp.hpp
[3.640s] -- Up-to-date: /home/user/humble_ws/install/franka_msgs/include/franka_msgs/franka_msgs/msg/detail/grasp_epsilon__rosidl_typesupport_fastrtps_cpp.hpp
[3.641s] -- Up-to-date: /home/user/humble_ws/install/franka_msgs/include/franka_msgs/franka_msgs/msg/detail/dds_fastrtps
[3.641s] -- Up-to-date: /home/user/humble_ws/install/franka_msgs/include/franka_msgs/franka_msgs/msg/detail/franka_model__rosidl_typesupport_fastrtps_cpp.hpp
[3.642s] -- Up-to-date: /home/user/humble_ws/install/franka_msgs/include/franka_msgs/franka_msgs/msg/detail/franka_state__rosidl_typesupport_fastrtps_cpp.hpp
[3.642s] -- Up-to-date: /home/user/humble_ws/install/franka_msgs/include/franka_msgs/franka_msgs/msg/detail/errors__rosidl_typesupport_fastrtps_cpp.hpp
[3.643s] -- Up-to-date: /home/user/humble_ws/install/franka_msgs/include/franka_msgs/franka_msgs/msg/rosidl_typesupport_fastrtps_cpp__visibility_control.h
[3.644s] -- Up-to-date: /home/user/humble_ws/install/franka_msgs/lib/libfranka_msgs__rosidl_typesupport_fastrtps_cpp.so
[3.645s] -- Up-to-date: /home/user/humble_ws/install/franka_msgs/include/franka_msgs/franka_msgs
[3.645s] -- Up-to-date: /home/user/humble_ws/install/franka_msgs/include/franka_msgs/franka_msgs/action
[3.646s] -- Up-to-date: /home/user/humble_ws/install/franka_msgs/include/franka_msgs/franka_msgs/action/detail
[3.646s] -- Up-to-date: /home/user/humble_ws/install/franka_msgs/include/franka_msgs/franka_msgs/action/detail/homing__type_support.cpp
[3.646s] -- Up-to-date: /home/user/humble_ws/install/franka_msgs/include/franka_msgs/franka_msgs/action/detail/move__type_support.cpp
[3.647s] -- Up-to-date: /home/user/humble_ws/install/franka_msgs/include/franka_msgs/franka_msgs/action/detail/homing__rosidl_typesupport_introspection_cpp.hpp
[3.648s] -- Up-to-date: /home/user/humble_ws/install/franka_msgs/include/franka_msgs/franka_msgs/action/detail/grasp__rosidl_typesupport_introspection_cpp.hpp
[3.649s] -- Up-to-date: /home/user/humble_ws/install/franka_msgs/include/franka_msgs/franka_msgs/action/detail/move__rosidl_typesupport_introspection_cpp.hpp
[3.649s] -- Up-to-date: /home/user/humble_ws/install/franka_msgs/include/franka_msgs/franka_msgs/action/detail/grasp__type_support.cpp
[3.650s] -- Up-to-date: /home/user/humble_ws/install/franka_msgs/include/franka_msgs/franka_msgs/srv
[3.650s] -- Up-to-date: /home/user/humble_ws/install/franka_msgs/include/franka_msgs/franka_msgs/srv/detail
[3.650s] -- Up-to-date: /home/user/humble_ws/install/franka_msgs/include/franka_msgs/franka_msgs/srv/detail/error_recovery__rosidl_typesupport_introspection_cpp.hpp
[3.651s] -- Up-to-date: /home/user/humble_ws/install/franka_msgs/include/franka_msgs/franka_msgs/srv/detail/set_tcp_frame__rosidl_typesupport_introspection_cpp.hpp
[3.652s] -- Up-to-date: /home/user/humble_ws/install/franka_msgs/include/franka_msgs/franka_msgs/srv/detail/set_tcp_frame__type_support.cpp
[3.653s] -- Up-to-date: /home/user/humble_ws/install/franka_msgs/include/franka_msgs/franka_msgs/srv/detail/set_full_collision_behavior__rosidl_typesupport_introspection_cpp.hpp
[3.653s] -- Up-to-date: /home/user/humble_ws/install/franka_msgs/include/franka_msgs/franka_msgs/srv/detail/set_cartesian_stiffness__rosidl_typesupport_introspection_cpp.hpp
[3.654s] -- Up-to-date: /home/user/humble_ws/install/franka_msgs/include/franka_msgs/franka_msgs/srv/detail/set_stiffness_frame__rosidl_typesupport_introspection_cpp.hpp
[3.655s] -- Up-to-date: /home/user/humble_ws/install/franka_msgs/include/franka_msgs/franka_msgs/srv/detail/error_recovery__type_support.cpp
[3.656s] -- Up-to-date: /home/user/humble_ws/install/franka_msgs/include/franka_msgs/franka_msgs/srv/detail/set_joint_stiffness__rosidl_typesupport_introspection_cpp.hpp
[3.656s] -- Up-to-date: /home/user/humble_ws/install/franka_msgs/include/franka_msgs/franka_msgs/srv/detail/set_force_torque_collision_behavior__rosidl_typesupport_introspection_cpp.hpp
[3.657s] -- Up-to-date: /home/user/humble_ws/install/franka_msgs/include/franka_msgs/franka_msgs/srv/detail/set_mujoco_poses__type_support.cpp
[3.658s] -- Up-to-date: /home/user/humble_ws/install/franka_msgs/include/franka_msgs/franka_msgs/srv/detail/set_stiffness_frame__type_support.cpp
[3.658s] -- Up-to-date: /home/user/humble_ws/install/franka_msgs/include/franka_msgs/franka_msgs/srv/detail/set_load__type_support.cpp
[3.659s] -- Up-to-date: /home/user/humble_ws/install/franka_msgs/include/franka_msgs/franka_msgs/srv/detail/set_full_collision_behavior__type_support.cpp
[3.660s] -- Up-to-date: /home/user/humble_ws/install/franka_msgs/include/franka_msgs/franka_msgs/srv/detail/set_cartesian_stiffness__type_support.cpp
[3.660s] -- Up-to-date: /home/user/humble_ws/install/franka_msgs/include/franka_msgs/franka_msgs/srv/detail/set_mujoco_poses__rosidl_typesupport_introspection_cpp.hpp
[3.661s] -- Up-to-date: /home/user/humble_ws/install/franka_msgs/include/franka_msgs/franka_msgs/srv/detail/set_joint_stiffness__type_support.cpp
[3.662s] -- Up-to-date: /home/user/humble_ws/install/franka_msgs/include/franka_msgs/franka_msgs/srv/detail/set_force_torque_collision_behavior__type_support.cpp
[3.663s] -- Up-to-date: /home/user/humble_ws/install/franka_msgs/include/franka_msgs/franka_msgs/srv/detail/set_load__rosidl_typesupport_introspection_cpp.hpp
[3.663s] -- Up-to-date: /home/user/humble_ws/install/franka_msgs/include/franka_msgs/franka_msgs/msg
[3.664s] -- Up-to-date: /home/user/humble_ws/install/franka_msgs/include/franka_msgs/franka_msgs/msg/detail
[3.664s] -- Up-to-date: /home/user/humble_ws/install/franka_msgs/include/franka_msgs/franka_msgs/msg/detail/pose_stamped_array__rosidl_typesupport_introspection_cpp.hpp
[3.664s] -- Up-to-date: /home/user/humble_ws/install/franka_msgs/include/franka_msgs/franka_msgs/msg/detail/franka_state__type_support.cpp
[3.665s] -- Up-to-date: /home/user/humble_ws/install/franka_msgs/include/franka_msgs/franka_msgs/msg/detail/franka_state__rosidl_typesupport_introspection_cpp.hpp
[3.666s] -- Up-to-date: /home/user/humble_ws/install/franka_msgs/include/franka_msgs/franka_msgs/msg/detail/franka_model__rosidl_typesupport_introspection_cpp.hpp
[3.667s] -- Up-to-date: /home/user/humble_ws/install/franka_msgs/include/franka_msgs/franka_msgs/msg/detail/grasp_epsilon__type_support.cpp
[3.667s] -- Up-to-date: /home/user/humble_ws/install/franka_msgs/include/franka_msgs/franka_msgs/msg/detail/franka_model__type_support.cpp
[3.669s] -- Up-to-date: /home/user/humble_ws/install/franka_msgs/include/franka_msgs/franka_msgs/msg/detail/grasp_epsilon__rosidl_typesupport_introspection_cpp.hpp
[3.669s] -- Up-to-date: /home/user/humble_ws/install/franka_msgs/include/franka_msgs/franka_msgs/msg/detail/pose_stamped_array__type_support.cpp
[3.670s] -- Up-to-date: /home/user/humble_ws/install/franka_msgs/include/franka_msgs/franka_msgs/msg/detail/errors__rosidl_typesupport_introspection_cpp.hpp
[3.671s] -- Up-to-date: /home/user/humble_ws/install/franka_msgs/include/franka_msgs/franka_msgs/msg/detail/errors__type_support.cpp
[3.672s] -- Up-to-date: /home/user/humble_ws/install/franka_msgs/lib/libfranka_msgs__rosidl_typesupport_introspection_cpp.so
[3.673s] -- Up-to-date: /home/user/humble_ws/install/franka_msgs/lib/libfranka_msgs__rosidl_typesupport_cpp.so
[3.674s] -- Up-to-date: /home/user/humble_ws/install/franka_msgs/share/franka_msgs/environment/pythonpath.sh
[3.675s] -- Installing: /home/user/humble_ws/install/franka_msgs/share/franka_msgs/environment/pythonpath.dsv
[3.676s] -- Up-to-date: /home/user/humble_ws/install/franka_msgs/local/lib/python3.10/dist-packages/franka_msgs-0.0.0-py3.10.egg-info
[3.676s] -- Installing: /home/user/humble_ws/install/franka_msgs/local/lib/python3.10/dist-packages/franka_msgs-0.0.0-py3.10.egg-info/top_level.txt
[3.676s] -- Installing: /home/user/humble_ws/install/franka_msgs/local/lib/python3.10/dist-packages/franka_msgs-0.0.0-py3.10.egg-info/dependency_links.txt
[3.677s] -- Installing: /home/user/humble_ws/install/franka_msgs/local/lib/python3.10/dist-packages/franka_msgs-0.0.0-py3.10.egg-info/SOURCES.txt
[3.677s] -- Installing: /home/user/humble_ws/install/franka_msgs/local/lib/python3.10/dist-packages/franka_msgs-0.0.0-py3.10.egg-info/PKG-INFO
[3.677s] -- Up-to-date: /home/user/humble_ws/install/franka_msgs/local/lib/python3.10/dist-packages/franka_msgs
[3.678s] -- Up-to-date: /home/user/humble_ws/install/franka_msgs/local/lib/python3.10/dist-packages/franka_msgs/action
[3.679s] -- Up-to-date: /home/user/humble_ws/install/franka_msgs/local/lib/python3.10/dist-packages/franka_msgs/action/_homing_s.c
[3.680s] -- Up-to-date: /home/user/humble_ws/install/franka_msgs/local/lib/python3.10/dist-packages/franka_msgs/action/_homing.py
[3.680s] -- Up-to-date: /home/user/humble_ws/install/franka_msgs/local/lib/python3.10/dist-packages/franka_msgs/action/_grasp_s.c
[3.681s] -- Up-to-date: /home/user/humble_ws/install/franka_msgs/local/lib/python3.10/dist-packages/franka_msgs/action/_move.py
[3.682s] -- Up-to-date: /home/user/humble_ws/install/franka_msgs/local/lib/python3.10/dist-packages/franka_msgs/action/_grasp.py
[3.683s] -- Up-to-date: /home/user/humble_ws/install/franka_msgs/local/lib/python3.10/dist-packages/franka_msgs/action/_move_s.c
[3.683s] -- Up-to-date: /home/user/humble_ws/install/franka_msgs/local/lib/python3.10/dist-packages/franka_msgs/action/__init__.py
[3.684s] -- Up-to-date: /home/user/humble_ws/install/franka_msgs/local/lib/python3.10/dist-packages/franka_msgs/franka_msgs_s__rosidl_typesupport_introspection_c.cpython-310-x86_64-linux-gnu.so
[3.685s] -- Up-to-date: /home/user/humble_ws/install/franka_msgs/local/lib/python3.10/dist-packages/franka_msgs/franka_msgs_s__rosidl_typesupport_c.cpython-310-x86_64-linux-gnu.so
[3.687s] -- Up-to-date: /home/user/humble_ws/install/franka_msgs/local/lib/python3.10/dist-packages/franka_msgs/_franka_msgs_s.ep.rosidl_typesupport_fastrtps_c.c
[3.688s] -- Up-to-date: /home/user/humble_ws/install/franka_msgs/local/lib/python3.10/dist-packages/franka_msgs/_franka_msgs_s.ep.rosidl_typesupport_c.c
[3.689s] -- Up-to-date: /home/user/humble_ws/install/franka_msgs/local/lib/python3.10/dist-packages/franka_msgs/srv
[3.690s] -- Up-to-date: /home/user/humble_ws/install/franka_msgs/local/lib/python3.10/dist-packages/franka_msgs/srv/_set_joint_stiffness.py
[3.690s] -- Up-to-date: /home/user/humble_ws/install/franka_msgs/local/lib/python3.10/dist-packages/franka_msgs/srv/_set_mujoco_poses.py
[3.691s] -- Up-to-date: /home/user/humble_ws/install/franka_msgs/local/lib/python3.10/dist-packages/franka_msgs/srv/_set_cartesian_stiffness_s.c
[3.692s] -- Up-to-date: /home/user/humble_ws/install/franka_msgs/local/lib/python3.10/dist-packages/franka_msgs/srv/_set_load.py
[3.693s] -- Up-to-date: /home/user/humble_ws/install/franka_msgs/local/lib/python3.10/dist-packages/franka_msgs/srv/_set_full_collision_behavior.py
[3.693s] -- Up-to-date: /home/user/humble_ws/install/franka_msgs/local/lib/python3.10/dist-packages/franka_msgs/srv/_error_recovery.py
[3.694s] -- Up-to-date: /home/user/humble_ws/install/franka_msgs/local/lib/python3.10/dist-packages/franka_msgs/srv/_set_mujoco_poses_s.c
[3.695s] -- Up-to-date: /home/user/humble_ws/install/franka_msgs/local/lib/python3.10/dist-packages/franka_msgs/srv/_set_cartesian_stiffness.py
[3.696s] -- Up-to-date: /home/user/humble_ws/install/franka_msgs/local/lib/python3.10/dist-packages/franka_msgs/srv/_set_load_s.c
[3.696s] -- Up-to-date: /home/user/humble_ws/install/franka_msgs/local/lib/python3.10/dist-packages/franka_msgs/srv/_set_joint_stiffness_s.c
[3.697s] -- Up-to-date: /home/user/humble_ws/install/franka_msgs/local/lib/python3.10/dist-packages/franka_msgs/srv/_set_stiffness_frame_s.c
[3.698s] -- Up-to-date: /home/user/humble_ws/install/franka_msgs/local/lib/python3.10/dist-packages/franka_msgs/srv/_set_stiffness_frame.py
[3.698s] -- Up-to-date: /home/user/humble_ws/install/franka_msgs/local/lib/python3.10/dist-packages/franka_msgs/srv/_set_tcp_frame_s.c
[3.699s] -- Up-to-date: /home/user/humble_ws/install/franka_msgs/local/lib/python3.10/dist-packages/franka_msgs/srv/_error_recovery_s.c
[3.700s] -- Up-to-date: /home/user/humble_ws/install/franka_msgs/local/lib/python3.10/dist-packages/franka_msgs/srv/_set_tcp_frame.py
[3.700s] -- Up-to-date: /home/user/humble_ws/install/franka_msgs/local/lib/python3.10/dist-packages/franka_msgs/srv/__init__.py
[3.701s] -- Up-to-date: /home/user/humble_ws/install/franka_msgs/local/lib/python3.10/dist-packages/franka_msgs/srv/_set_force_torque_collision_behavior_s.c
[3.702s] -- Up-to-date: /home/user/humble_ws/install/franka_msgs/local/lib/python3.10/dist-packages/franka_msgs/srv/_set_force_torque_collision_behavior.py
[3.703s] -- Up-to-date: /home/user/humble_ws/install/franka_msgs/local/lib/python3.10/dist-packages/franka_msgs/srv/_set_full_collision_behavior_s.c
[3.704s] -- Up-to-date: /home/user/humble_ws/install/franka_msgs/local/lib/python3.10/dist-packages/franka_msgs/msg
[3.704s] -- Up-to-date: /home/user/humble_ws/install/franka_msgs/local/lib/python3.10/dist-packages/franka_msgs/msg/_grasp_epsilon.py
[3.705s] -- Up-to-date: /home/user/humble_ws/install/franka_msgs/local/lib/python3.10/dist-packages/franka_msgs/msg/_grasp_epsilon_s.c
[3.705s] -- Up-to-date: /home/user/humble_ws/install/franka_msgs/local/lib/python3.10/dist-packages/franka_msgs/msg/_franka_state.py
[3.707s] -- Up-to-date: /home/user/humble_ws/install/franka_msgs/local/lib/python3.10/dist-packages/franka_msgs/msg/_pose_stamped_array_s.c
[3.707s] -- Up-to-date: /home/user/humble_ws/install/franka_msgs/local/lib/python3.10/dist-packages/franka_msgs/msg/_franka_model.py
[3.708s] -- Up-to-date: /home/user/humble_ws/install/franka_msgs/local/lib/python3.10/dist-packages/franka_msgs/msg/_franka_model_s.c
[3.709s] -- Up-to-date: /home/user/humble_ws/install/franka_msgs/local/lib/python3.10/dist-packages/franka_msgs/msg/_errors.py
[3.710s] -- Up-to-date: /home/user/humble_ws/install/franka_msgs/local/lib/python3.10/dist-packages/franka_msgs/msg/_franka_state_s.c
[3.711s] -- Up-to-date: /home/user/humble_ws/install/franka_msgs/local/lib/python3.10/dist-packages/franka_msgs/msg/_pose_stamped_array.py
[3.712s] -- Up-to-date: /home/user/humble_ws/install/franka_msgs/local/lib/python3.10/dist-packages/franka_msgs/msg/_errors_s.c
[3.713s] -- Up-to-date: /home/user/humble_ws/install/franka_msgs/local/lib/python3.10/dist-packages/franka_msgs/msg/__init__.py
[3.713s] -- Up-to-date: /home/user/humble_ws/install/franka_msgs/local/lib/python3.10/dist-packages/franka_msgs/franka_msgs_s__rosidl_typesupport_fastrtps_c.cpython-310-x86_64-linux-gnu.so
[3.714s] -- Up-to-date: /home/user/humble_ws/install/franka_msgs/local/lib/python3.10/dist-packages/franka_msgs/_franka_msgs_s.ep.rosidl_typesupport_introspection_c.c
[3.716s] -- Up-to-date: /home/user/humble_ws/install/franka_msgs/local/lib/python3.10/dist-packages/franka_msgs/libfranka_msgs__rosidl_generator_py.so
[3.717s] -- Installing: /home/user/humble_ws/install/franka_msgs/local/lib/python3.10/dist-packages/franka_msgs/__init__.py
[3.763s] Listing '/home/user/humble_ws/install/franka_msgs/local/lib/python3.10/dist-packages/franka_msgs'...
[3.763s] Compiling '/home/user/humble_ws/install/franka_msgs/local/lib/python3.10/dist-packages/franka_msgs/__init__.py'...
[3.763s] Listing '/home/user/humble_ws/install/franka_msgs/local/lib/python3.10/dist-packages/franka_msgs/action'...
[3.763s] Listing '/home/user/humble_ws/install/franka_msgs/local/lib/python3.10/dist-packages/franka_msgs/msg'...
[3.763s] Listing '/home/user/humble_ws/install/franka_msgs/local/lib/python3.10/dist-packages/franka_msgs/srv'...
[3.769s] -- Up-to-date: /home/user/humble_ws/install/franka_msgs/local/lib/python3.10/dist-packages/franka_msgs/franka_msgs_s__rosidl_typesupport_fastrtps_c.cpython-310-x86_64-linux-gnu.so
[3.770s] -- Up-to-date: /home/user/humble_ws/install/franka_msgs/local/lib/python3.10/dist-packages/franka_msgs/franka_msgs_s__rosidl_typesupport_introspection_c.cpython-310-x86_64-linux-gnu.so
[3.770s] -- Up-to-date: /home/user/humble_ws/install/franka_msgs/local/lib/python3.10/dist-packages/franka_msgs/franka_msgs_s__rosidl_typesupport_c.cpython-310-x86_64-linux-gnu.so
[3.771s] -- Up-to-date: /home/user/humble_ws/install/franka_msgs/lib/libfranka_msgs__rosidl_generator_py.so
[3.772s] -- Up-to-date: /home/user/humble_ws/install/franka_msgs/share/franka_msgs/action/Grasp.idl
[3.773s] -- Up-to-date: /home/user/humble_ws/install/franka_msgs/share/franka_msgs/action/Homing.idl
[3.774s] -- Up-to-date: /home/user/humble_ws/install/franka_msgs/share/franka_msgs/action/Move.idl
[3.775s] -- Up-to-date: /home/user/humble_ws/install/franka_msgs/share/franka_msgs/srv/ErrorRecovery.idl
[3.776s] -- Up-to-date: /home/user/humble_ws/install/franka_msgs/share/franka_msgs/srv/SetCartesianStiffness.idl
[3.777s] -- Up-to-date: /home/user/humble_ws/install/franka_msgs/share/franka_msgs/srv/SetTCPFrame.idl
[3.778s] -- Up-to-date: /home/user/humble_ws/install/franka_msgs/share/franka_msgs/srv/SetForceTorqueCollisionBehavior.idl
[3.778s] -- Up-to-date: /home/user/humble_ws/install/franka_msgs/share/franka_msgs/srv/SetFullCollisionBehavior.idl
[3.779s] -- Up-to-date: /home/user/humble_ws/install/franka_msgs/share/franka_msgs/srv/SetJointStiffness.idl
[3.780s] -- Up-to-date: /home/user/humble_ws/install/franka_msgs/share/franka_msgs/srv/SetStiffnessFrame.idl
[3.781s] -- Up-to-date: /home/user/humble_ws/install/franka_msgs/share/franka_msgs/srv/SetLoad.idl
[3.782s] -- Up-to-date: /home/user/humble_ws/install/franka_msgs/share/franka_msgs/srv/SetMujocoPoses.idl
[3.782s] -- Up-to-date: /home/user/humble_ws/install/franka_msgs/share/franka_msgs/msg/GraspEpsilon.idl
[3.783s] -- Up-to-date: /home/user/humble_ws/install/franka_msgs/share/franka_msgs/msg/FrankaState.idl
[3.784s] -- Up-to-date: /home/user/humble_ws/install/franka_msgs/share/franka_msgs/msg/FrankaModel.idl
[3.785s] -- Up-to-date: /home/user/humble_ws/install/franka_msgs/share/franka_msgs/msg/Errors.idl
[3.785s] -- Up-to-date: /home/user/humble_ws/install/franka_msgs/share/franka_msgs/msg/PoseStampedArray.idl
[3.786s] -- Up-to-date: /home/user/humble_ws/install/franka_msgs/share/franka_msgs/action/Grasp.action
[3.787s] -- Up-to-date: /home/user/humble_ws/install/franka_msgs/share/franka_msgs/action/Homing.action
[3.788s] -- Up-to-date: /home/user/humble_ws/install/franka_msgs/share/franka_msgs/action/Move.action
[3.789s] -- Up-to-date: /home/user/humble_ws/install/franka_msgs/share/franka_msgs/srv/ErrorRecovery.srv
[3.790s] -- Up-to-date: /home/user/humble_ws/install/franka_msgs/share/franka_msgs/srv/ErrorRecovery_Request.msg
[3.790s] -- Up-to-date: /home/user/humble_ws/install/franka_msgs/share/franka_msgs/srv/ErrorRecovery_Response.msg
[3.791s] -- Up-to-date: /home/user/humble_ws/install/franka_msgs/share/franka_msgs/srv/SetCartesianStiffness.srv
[3.791s] -- Up-to-date: /home/user/humble_ws/install/franka_msgs/share/franka_msgs/srv/SetCartesianStiffness_Request.msg
[3.792s] -- Up-to-date: /home/user/humble_ws/install/franka_msgs/share/franka_msgs/srv/SetCartesianStiffness_Response.msg
[3.793s] -- Up-to-date: /home/user/humble_ws/install/franka_msgs/share/franka_msgs/srv/SetTCPFrame.srv
[3.794s] -- Up-to-date: /home/user/humble_ws/install/franka_msgs/share/franka_msgs/srv/SetTCPFrame_Request.msg
[3.794s] -- Up-to-date: /home/user/humble_ws/install/franka_msgs/share/franka_msgs/srv/SetTCPFrame_Response.msg
[3.795s] -- Up-to-date: /home/user/humble_ws/install/franka_msgs/share/franka_msgs/srv/SetForceTorqueCollisionBehavior.srv
[3.796s] -- Up-to-date: /home/user/humble_ws/install/franka_msgs/share/franka_msgs/srv/SetForceTorqueCollisionBehavior_Request.msg
[3.797s] -- Up-to-date: /home/user/humble_ws/install/franka_msgs/share/franka_msgs/srv/SetForceTorqueCollisionBehavior_Response.msg
[3.798s] -- Up-to-date: /home/user/humble_ws/install/franka_msgs/share/franka_msgs/srv/SetFullCollisionBehavior.srv
[3.798s] -- Up-to-date: /home/user/humble_ws/install/franka_msgs/share/franka_msgs/srv/SetFullCollisionBehavior_Request.msg
[3.799s] -- Up-to-date: /home/user/humble_ws/install/franka_msgs/share/franka_msgs/srv/SetFullCollisionBehavior_Response.msg
[3.800s] -- Up-to-date: /home/user/humble_ws/install/franka_msgs/share/franka_msgs/srv/SetJointStiffness.srv
[3.801s] -- Up-to-date: /home/user/humble_ws/install/franka_msgs/share/franka_msgs/srv/SetJointStiffness_Request.msg
[3.801s] -- Up-to-date: /home/user/humble_ws/install/franka_msgs/share/franka_msgs/srv/SetJointStiffness_Response.msg
[3.802s] -- Up-to-date: /home/user/humble_ws/install/franka_msgs/share/franka_msgs/srv/SetStiffnessFrame.srv
[3.803s] -- Up-to-date: /home/user/humble_ws/install/franka_msgs/share/franka_msgs/srv/SetStiffnessFrame_Request.msg
[3.804s] -- Up-to-date: /home/user/humble_ws/install/franka_msgs/share/franka_msgs/srv/SetStiffnessFrame_Response.msg
[3.804s] -- Up-to-date: /home/user/humble_ws/install/franka_msgs/share/franka_msgs/srv/SetLoad.srv
[3.805s] -- Up-to-date: /home/user/humble_ws/install/franka_msgs/share/franka_msgs/srv/SetLoad_Request.msg
[3.806s] -- Up-to-date: /home/user/humble_ws/install/franka_msgs/share/franka_msgs/srv/SetLoad_Response.msg
[3.807s] -- Up-to-date: /home/user/humble_ws/install/franka_msgs/share/franka_msgs/srv/SetMujocoPoses.srv
[3.808s] -- Up-to-date: /home/user/humble_ws/install/franka_msgs/share/franka_msgs/srv/SetMujocoPoses_Request.msg
[3.809s] -- Up-to-date: /home/user/humble_ws/install/franka_msgs/share/franka_msgs/srv/SetMujocoPoses_Response.msg
[3.810s] -- Up-to-date: /home/user/humble_ws/install/franka_msgs/share/franka_msgs/msg/GraspEpsilon.msg
[3.811s] -- Up-to-date: /home/user/humble_ws/install/franka_msgs/share/franka_msgs/msg/FrankaState.msg
[3.812s] -- Up-to-date: /home/user/humble_ws/install/franka_msgs/share/franka_msgs/msg/FrankaModel.msg
[3.813s] -- Up-to-date: /home/user/humble_ws/install/franka_msgs/share/franka_msgs/msg/Errors.msg
[3.814s] -- Up-to-date: /home/user/humble_ws/install/franka_msgs/share/franka_msgs/msg/PoseStampedArray.msg
[3.815s] -- Up-to-date: /home/user/humble_ws/install/franka_msgs/share/ament_index/resource_index/package_run_dependencies/franka_msgs
[3.816s] -- Installing: /home/user/humble_ws/install/franka_msgs/share/ament_index/resource_index/parent_prefix_path/franka_msgs
[3.817s] -- Up-to-date: /home/user/humble_ws/install/franka_msgs/share/franka_msgs/environment/ament_prefix_path.sh
[3.817s] -- Installing: /home/user/humble_ws/install/franka_msgs/share/franka_msgs/environment/ament_prefix_path.dsv
[3.818s] -- Up-to-date: /home/user/humble_ws/install/franka_msgs/share/franka_msgs/environment/path.sh
[3.819s] -- Installing: /home/user/humble_ws/install/franka_msgs/share/franka_msgs/environment/path.dsv
[3.819s] -- Up-to-date: /home/user/humble_ws/install/franka_msgs/share/franka_msgs/local_setup.bash
[3.820s] -- Up-to-date: /home/user/humble_ws/install/franka_msgs/share/franka_msgs/local_setup.sh
[3.821s] -- Up-to-date: /home/user/humble_ws/install/franka_msgs/share/franka_msgs/local_setup.zsh
[3.821s] -- Installing: /home/user/humble_ws/install/franka_msgs/share/franka_msgs/local_setup.dsv
[3.822s] -- Installing: /home/user/humble_ws/install/franka_msgs/share/franka_msgs/package.dsv
[3.822s] -- Up-to-date: /home/user/humble_ws/install/franka_msgs/share/ament_index/resource_index/packages/franka_msgs
[3.824s] -- Up-to-date: /home/user/humble_ws/install/franka_msgs/share/franka_msgs/cmake/export_franka_msgs__rosidl_generator_cExport.cmake
[3.825s] -- Up-to-date: /home/user/humble_ws/install/franka_msgs/share/franka_msgs/cmake/export_franka_msgs__rosidl_generator_cExport-release.cmake
[3.826s] -- Up-to-date: /home/user/humble_ws/install/franka_msgs/share/franka_msgs/cmake/export_franka_msgs__rosidl_typesupport_fastrtps_cExport.cmake
[3.826s] -- Up-to-date: /home/user/humble_ws/install/franka_msgs/share/franka_msgs/cmake/export_franka_msgs__rosidl_typesupport_fastrtps_cExport-release.cmake
[3.827s] -- Up-to-date: /home/user/humble_ws/install/franka_msgs/share/franka_msgs/cmake/franka_msgs__rosidl_typesupport_introspection_cExport.cmake
[3.828s] -- Up-to-date: /home/user/humble_ws/install/franka_msgs/share/franka_msgs/cmake/franka_msgs__rosidl_typesupport_introspection_cExport-release.cmake
[3.829s] -- Up-to-date: /home/user/humble_ws/install/franka_msgs/share/franka_msgs/cmake/franka_msgs__rosidl_typesupport_cExport.cmake
[3.830s] -- Up-to-date: /home/user/humble_ws/install/franka_msgs/share/franka_msgs/cmake/franka_msgs__rosidl_typesupport_cExport-release.cmake
[3.831s] -- Up-to-date: /home/user/humble_ws/install/franka_msgs/share/franka_msgs/cmake/export_franka_msgs__rosidl_generator_cppExport.cmake
[3.832s] -- Up-to-date: /home/user/humble_ws/install/franka_msgs/share/franka_msgs/cmake/export_franka_msgs__rosidl_typesupport_fastrtps_cppExport.cmake
[3.833s] -- Up-to-date: /home/user/humble_ws/install/franka_msgs/share/franka_msgs/cmake/export_franka_msgs__rosidl_typesupport_fastrtps_cppExport-release.cmake
[3.833s] -- Up-to-date: /home/user/humble_ws/install/franka_msgs/share/franka_msgs/cmake/franka_msgs__rosidl_typesupport_introspection_cppExport.cmake
[3.834s] -- Up-to-date: /home/user/humble_ws/install/franka_msgs/share/franka_msgs/cmake/franka_msgs__rosidl_typesupport_introspection_cppExport-release.cmake
[3.835s] -- Up-to-date: /home/user/humble_ws/install/franka_msgs/share/franka_msgs/cmake/franka_msgs__rosidl_typesupport_cppExport.cmake
[3.836s] -- Up-to-date: /home/user/humble_ws/install/franka_msgs/share/franka_msgs/cmake/franka_msgs__rosidl_typesupport_cppExport-release.cmake
[3.836s] -- Up-to-date: /home/user/humble_ws/install/franka_msgs/share/franka_msgs/cmake/export_franka_msgs__rosidl_generator_pyExport.cmake
[3.837s] -- Up-to-date: /home/user/humble_ws/install/franka_msgs/share/franka_msgs/cmake/export_franka_msgs__rosidl_generator_pyExport-release.cmake
[3.838s] -- Up-to-date: /home/user/humble_ws/install/franka_msgs/share/franka_msgs/cmake/rosidl_cmake-extras.cmake
[3.838s] -- Up-to-date: /home/user/humble_ws/install/franka_msgs/share/franka_msgs/cmake/ament_cmake_export_dependencies-extras.cmake
[3.839s] -- Up-to-date: /home/user/humble_ws/install/franka_msgs/share/franka_msgs/cmake/ament_cmake_export_include_directories-extras.cmake
[3.840s] -- Up-to-date: /home/user/humble_ws/install/franka_msgs/share/franka_msgs/cmake/ament_cmake_export_libraries-extras.cmake
[3.840s] -- Up-to-date: /home/user/humble_ws/install/franka_msgs/share/franka_msgs/cmake/ament_cmake_export_targets-extras.cmake
[3.841s] -- Up-to-date: /home/user/humble_ws/install/franka_msgs/share/franka_msgs/cmake/rosidl_cmake_export_typesupport_targets-extras.cmake
[3.842s] -- Up-to-date: /home/user/humble_ws/install/franka_msgs/share/franka_msgs/cmake/rosidl_cmake_export_typesupport_libraries-extras.cmake
[3.843s] -- Up-to-date: /home/user/humble_ws/install/franka_msgs/share/franka_msgs/cmake/franka_msgsConfig.cmake
[3.843s] -- Up-to-date: /home/user/humble_ws/install/franka_msgs/share/franka_msgs/cmake/franka_msgsConfig-version.cmake
[3.844s] -- Up-to-date: /home/user/humble_ws/install/franka_msgs/share/franka_msgs/package.xml
[3.848s] Invoked command in '/home/user/humble_ws/build/franka_msgs' returned '0': CMAKE_PREFIX_PATH=${CMAKE_PREFIX_PATH}:/opt/ros/humble /usr/bin/cmake --install /home/user/humble_ws/build/franka_msgs
