[0.017s] Invoking command in '/home/user/humble_ws/build/franka_bringup': CMAKE_PREFIX_PATH=/home/user/humble_ws/install/franka_hardware:/home/user/humble_ws/install/franka_msgs:/home/user/humble_ws/install/franka_description:/home/user/humble_ws/install/panda_motion_generators:/home/user/humble_ws/install/panda_motion_generator_msgs:/home/user/humble_ws/install/multi_mode_controller_impl:/home/user/humble_ws/install/multi_mode_controller:/home/user/humble_ws/install/multi_mode_control_msgs:/home/user/humble_ws/install/garmi_controllers:/home/user/humble_ws/install/franka_robot_state_broadcaster:/home/user/humble_ws/install/franka_example_controllers:/home/user/humble_ws/install/franka_semantic_components:/home/user/humble_ws/install/franka_moveit_config:/home/user/humble_ws/install/franka_bringup:/home/user/humble_ws/install/franka_gripper:/home/user/humble_ws/install/franka_control2:/home/user/Libraries/libfranka/lib/cmake:/home/user/Libraries/mujoco/lib/cmake:/opt/ros/humble LD_LIBRARY_PATH=/home/user/humble_ws/install/franka_hardware/lib:/home/user/humble_ws/install/franka_msgs/lib:/home/user/humble_ws/install/panda_motion_generators/lib:/home/user/humble_ws/install/panda_motion_generator_msgs/lib:/home/user/humble_ws/install/multi_mode_controller_impl/lib:/home/user/humble_ws/install/multi_mode_controller/lib:/home/user/humble_ws/install/multi_mode_control_msgs/lib:/home/user/humble_ws/install/garmi_controllers/lib:/home/user/humble_ws/install/franka_robot_state_broadcaster/lib:/home/user/humble_ws/install/franka_example_controllers/lib:/home/user/humble_ws/install/franka_semantic_components/lib:/home/user/humble_ws/install/franka_gripper/lib:/opt/ros/humble/opt/rviz_ogre_vendor/lib:/opt/ros/humble/lib/x86_64-linux-gnu:/opt/ros/humble/lib:/home/user/Libraries/libfranka/lib:/home/user/Libraries/mujoco/lib /usr/bin/cmake --build /home/user/humble_ws/build/franka_bringup -- -j12 -l12
[0.050s] Invoked command in '/home/user/humble_ws/build/franka_bringup' returned '0': CMAKE_PREFIX_PATH=/home/user/humble_ws/install/franka_hardware:/home/user/humble_ws/install/franka_msgs:/home/user/humble_ws/install/franka_description:/home/user/humble_ws/install/panda_motion_generators:/home/user/humble_ws/install/panda_motion_generator_msgs:/home/user/humble_ws/install/multi_mode_controller_impl:/home/user/humble_ws/install/multi_mode_controller:/home/user/humble_ws/install/multi_mode_control_msgs:/home/user/humble_ws/install/garmi_controllers:/home/user/humble_ws/install/franka_robot_state_broadcaster:/home/user/humble_ws/install/franka_example_controllers:/home/user/humble_ws/install/franka_semantic_components:/home/user/humble_ws/install/franka_moveit_config:/home/user/humble_ws/install/franka_bringup:/home/user/humble_ws/install/franka_gripper:/home/user/humble_ws/install/franka_control2:/home/user/Libraries/libfranka/lib/cmake:/home/user/Libraries/mujoco/lib/cmake:/opt/ros/humble LD_LIBRARY_PATH=/home/user/humble_ws/install/franka_hardware/lib:/home/user/humble_ws/install/franka_msgs/lib:/home/user/humble_ws/install/panda_motion_generators/lib:/home/user/humble_ws/install/panda_motion_generator_msgs/lib:/home/user/humble_ws/install/multi_mode_controller_impl/lib:/home/user/humble_ws/install/multi_mode_controller/lib:/home/user/humble_ws/install/multi_mode_control_msgs/lib:/home/user/humble_ws/install/garmi_controllers/lib:/home/user/humble_ws/install/franka_robot_state_broadcaster/lib:/home/user/humble_ws/install/franka_example_controllers/lib:/home/user/humble_ws/install/franka_semantic_components/lib:/home/user/humble_ws/install/franka_gripper/lib:/opt/ros/humble/opt/rviz_ogre_vendor/lib:/opt/ros/humble/lib/x86_64-linux-gnu:/opt/ros/humble/lib:/home/user/Libraries/libfranka/lib:/home/user/Libraries/mujoco/lib /usr/bin/cmake --build /home/user/humble_ws/build/franka_bringup -- -j12 -l12
[0.075s] Invoking command in '/home/user/humble_ws/build/franka_bringup': CMAKE_PREFIX_PATH=/home/user/humble_ws/install/franka_hardware:/home/user/humble_ws/install/franka_msgs:/home/user/humble_ws/install/franka_description:/home/user/humble_ws/install/panda_motion_generators:/home/user/humble_ws/install/panda_motion_generator_msgs:/home/user/humble_ws/install/multi_mode_controller_impl:/home/user/humble_ws/install/multi_mode_controller:/home/user/humble_ws/install/multi_mode_control_msgs:/home/user/humble_ws/install/garmi_controllers:/home/user/humble_ws/install/franka_robot_state_broadcaster:/home/user/humble_ws/install/franka_example_controllers:/home/user/humble_ws/install/franka_semantic_components:/home/user/humble_ws/install/franka_moveit_config:/home/user/humble_ws/install/franka_bringup:/home/user/humble_ws/install/franka_gripper:/home/user/humble_ws/install/franka_control2:/home/user/Libraries/libfranka/lib/cmake:/home/user/Libraries/mujoco/lib/cmake:/opt/ros/humble LD_LIBRARY_PATH=/home/user/humble_ws/install/franka_hardware/lib:/home/user/humble_ws/install/franka_msgs/lib:/home/user/humble_ws/install/panda_motion_generators/lib:/home/user/humble_ws/install/panda_motion_generator_msgs/lib:/home/user/humble_ws/install/multi_mode_controller_impl/lib:/home/user/humble_ws/install/multi_mode_controller/lib:/home/user/humble_ws/install/multi_mode_control_msgs/lib:/home/user/humble_ws/install/garmi_controllers/lib:/home/user/humble_ws/install/franka_robot_state_broadcaster/lib:/home/user/humble_ws/install/franka_example_controllers/lib:/home/user/humble_ws/install/franka_semantic_components/lib:/home/user/humble_ws/install/franka_gripper/lib:/opt/ros/humble/opt/rviz_ogre_vendor/lib:/opt/ros/humble/lib/x86_64-linux-gnu:/opt/ros/humble/lib:/home/user/Libraries/libfranka/lib:/home/user/Libraries/mujoco/lib /usr/bin/cmake --install /home/user/humble_ws/build/franka_bringup
[0.079s] -- Install configuration: "Release"
[0.080s] -- Up-to-date: /home/user/humble_ws/install/franka_bringup/share/franka_bringup/config
[0.080s] -- Up-to-date: /home/user/humble_ws/install/franka_bringup/share/franka_bringup/config/mujoco
[0.080s] -- Up-to-date: /home/user/humble_ws/install/franka_bringup/share/franka_bringup/config/mujoco/mj_objects.yaml
[0.080s] -- Up-to-date: /home/user/humble_ws/install/franka_bringup/share/franka_bringup/config/sim_controllers.yaml
[0.080s] -- Up-to-date: /home/user/humble_ws/install/franka_bringup/share/franka_bringup/config/dual_sim_controllers.yaml
[0.080s] -- Up-to-date: /home/user/humble_ws/install/franka_bringup/share/franka_bringup/config/mixed_quad_multimode.yaml
[0.080s] -- Up-to-date: /home/user/humble_ws/install/franka_bringup/share/franka_bringup/config/controllers.yaml
[0.080s] -- Up-to-date: /home/user/humble_ws/install/franka_bringup/share/franka_bringup/config/dual_multimode.yaml
[0.080s] -- Up-to-date: /home/user/humble_ws/install/franka_bringup/share/franka_bringup/config/garmi_sim_multimode.yaml
[0.080s] -- Up-to-date: /home/user/humble_ws/install/franka_bringup/share/franka_bringup/config/dual_sim_multimode.yaml
[0.080s] -- Up-to-date: /home/user/humble_ws/install/franka_bringup/share/franka_bringup/config/multimode.yaml
[0.080s] -- Up-to-date: /home/user/humble_ws/install/franka_bringup/share/franka_bringup/config/dual_controllers.yaml
[0.081s] -- Up-to-date: /home/user/humble_ws/install/franka_bringup/share/franka_bringup/config/mixed_dual_multimode.yaml
[0.081s] -- Up-to-date: /home/user/humble_ws/install/franka_bringup/share/franka_bringup/launch
[0.081s] -- Up-to-date: /home/user/humble_ws/install/franka_bringup/share/franka_bringup/launch/mixed
[0.081s] -- Up-to-date: /home/user/humble_ws/install/franka_bringup/share/franka_bringup/launch/mixed/mixed_dual_multimode_franka.launch.py
[0.081s] -- Up-to-date: /home/user/humble_ws/install/franka_bringup/share/franka_bringup/launch/mixed/mixed_quad_multimode_franka.launch.py
[0.081s] -- Up-to-date: /home/user/humble_ws/install/franka_bringup/share/franka_bringup/launch/sim
[0.081s] -- Up-to-date: /home/user/humble_ws/install/franka_bringup/share/franka_bringup/launch/sim/franka_sim.launch.py
[0.081s] -- Up-to-date: /home/user/humble_ws/install/franka_bringup/share/franka_bringup/launch/sim/dual_multimode_sim.launch.py
[0.081s] -- Up-to-date: /home/user/humble_ws/install/franka_bringup/share/franka_bringup/launch/sim/dual_franka_sim.launch.py
[0.081s] -- Up-to-date: /home/user/humble_ws/install/franka_bringup/share/franka_bringup/launch/sim/multimode_sim.launch.py
[0.082s] -- Up-to-date: /home/user/humble_ws/install/franka_bringup/share/franka_bringup/launch/real
[0.082s] -- Up-to-date: /home/user/humble_ws/install/franka_bringup/share/franka_bringup/launch/real/franka.launch.py
[0.082s] -- Up-to-date: /home/user/humble_ws/install/franka_bringup/share/franka_bringup/launch/real/multimode_franka.launch.py
[0.082s] -- Up-to-date: /home/user/humble_ws/install/franka_bringup/share/franka_bringup/launch/real/dual_multimode_franka.launch.py
[0.082s] -- Up-to-date: /home/user/humble_ws/install/franka_bringup/share/franka_bringup/launch/real/dual_franka.launch.py
[0.082s] -- Up-to-date: /home/user/humble_ws/install/franka_bringup/share/franka_bringup/launch/garmi
[0.082s] -- Up-to-date: /home/user/humble_ws/install/franka_bringup/share/franka_bringup/launch/garmi/sim_garmi.launch.py
[0.082s] -- Up-to-date: /home/user/humble_ws/install/franka_bringup/share/ament_index/resource_index/package_run_dependencies/franka_bringup
[0.082s] -- Up-to-date: /home/user/humble_ws/install/franka_bringup/share/ament_index/resource_index/parent_prefix_path/franka_bringup
[0.082s] -- Up-to-date: /home/user/humble_ws/install/franka_bringup/share/franka_bringup/environment/ament_prefix_path.sh
[0.082s] -- Up-to-date: /home/user/humble_ws/install/franka_bringup/share/franka_bringup/environment/ament_prefix_path.dsv
[0.083s] -- Up-to-date: /home/user/humble_ws/install/franka_bringup/share/franka_bringup/environment/path.sh
[0.083s] -- Up-to-date: /home/user/humble_ws/install/franka_bringup/share/franka_bringup/environment/path.dsv
[0.083s] -- Up-to-date: /home/user/humble_ws/install/franka_bringup/share/franka_bringup/local_setup.bash
[0.083s] -- Up-to-date: /home/user/humble_ws/install/franka_bringup/share/franka_bringup/local_setup.sh
[0.083s] -- Up-to-date: /home/user/humble_ws/install/franka_bringup/share/franka_bringup/local_setup.zsh
[0.083s] -- Up-to-date: /home/user/humble_ws/install/franka_bringup/share/franka_bringup/local_setup.dsv
[0.084s] -- Installing: /home/user/humble_ws/install/franka_bringup/share/franka_bringup/package.dsv
[0.084s] -- Up-to-date: /home/user/humble_ws/install/franka_bringup/share/ament_index/resource_index/packages/franka_bringup
[0.084s] -- Up-to-date: /home/user/humble_ws/install/franka_bringup/share/franka_bringup/cmake/franka_bringupConfig.cmake
[0.084s] -- Up-to-date: /home/user/humble_ws/install/franka_bringup/share/franka_bringup/cmake/franka_bringupConfig-version.cmake
[0.084s] -- Up-to-date: /home/user/humble_ws/install/franka_bringup/share/franka_bringup/package.xml
[0.084s] Invoked command in '/home/user/humble_ws/build/franka_bringup' returned '0': CMAKE_PREFIX_PATH=/home/user/humble_ws/install/franka_hardware:/home/user/humble_ws/install/franka_msgs:/home/user/humble_ws/install/franka_description:/home/user/humble_ws/install/panda_motion_generators:/home/user/humble_ws/install/panda_motion_generator_msgs:/home/user/humble_ws/install/multi_mode_controller_impl:/home/user/humble_ws/install/multi_mode_controller:/home/user/humble_ws/install/multi_mode_control_msgs:/home/user/humble_ws/install/garmi_controllers:/home/user/humble_ws/install/franka_robot_state_broadcaster:/home/user/humble_ws/install/franka_example_controllers:/home/user/humble_ws/install/franka_semantic_components:/home/user/humble_ws/install/franka_moveit_config:/home/user/humble_ws/install/franka_bringup:/home/user/humble_ws/install/franka_gripper:/home/user/humble_ws/install/franka_control2:/home/user/Libraries/libfranka/lib/cmake:/home/user/Libraries/mujoco/lib/cmake:/opt/ros/humble LD_LIBRARY_PATH=/home/user/humble_ws/install/franka_hardware/lib:/home/user/humble_ws/install/franka_msgs/lib:/home/user/humble_ws/install/panda_motion_generators/lib:/home/user/humble_ws/install/panda_motion_generator_msgs/lib:/home/user/humble_ws/install/multi_mode_controller_impl/lib:/home/user/humble_ws/install/multi_mode_controller/lib:/home/user/humble_ws/install/multi_mode_control_msgs/lib:/home/user/humble_ws/install/garmi_controllers/lib:/home/user/humble_ws/install/franka_robot_state_broadcaster/lib:/home/user/humble_ws/install/franka_example_controllers/lib:/home/user/humble_ws/install/franka_semantic_components/lib:/home/user/humble_ws/install/franka_gripper/lib:/opt/ros/humble/opt/rviz_ogre_vendor/lib:/opt/ros/humble/lib/x86_64-linux-gnu:/opt/ros/humble/lib:/home/user/Libraries/libfranka/lib:/home/user/Libraries/mujoco/lib /usr/bin/cmake --install /home/user/humble_ws/build/franka_bringup
