-- The C compiler identification is GNU 11.4.0
-- The CXX compiler identification is GNU 11.4.0
-- Detecting C compiler ABI info
-- Detecting C compiler ABI info - done
-- Check for working C compiler: /usr/bin/cc - skipped
-- Detecting C compile features
-- Detecting C compile features - done
-- Detecting CXX compiler ABI info
-- Detecting CXX compiler ABI info - done
-- Check for working CXX compiler: /usr/bin/c++ - skipped
-- Detecting CXX compile features
-- Detecting CXX compile features - done
-- Found ament_cmake: 1.3.10 (/opt/ros/humble/share/ament_cmake/cmake)
-- Found Python3: /usr/bin/python3 (found version "3.10.12") found components: Interpreter 
-- Found rclcpp: 16.0.10 (/opt/ros/humble/share/rclcpp/cmake)
-- Found rosidl_generator_c: 3.1.5 (/opt/ros/humble/share/rosidl_generator_c/cmake)
-- Found rosidl_adapter: 3.1.5 (/opt/ros/humble/share/rosidl_adapter/cmake)
-- Found rosidl_generator_cpp: 3.1.5 (/opt/ros/humble/share/rosidl_generator_cpp/cmake)
-- Using all available rosidl_typesupport_c: rosidl_typesupport_fastrtps_c;rosidl_typesupport_introspection_c
-- Using all available rosidl_typesupport_cpp: rosidl_typesupport_fastrtps_cpp;rosidl_typesupport_introspection_cpp
-- Found rmw_implementation_cmake: 6.1.2 (/opt/ros/humble/share/rmw_implementation_cmake/cmake)
-- Found rmw_fastrtps_cpp: 6.2.7 (/opt/ros/humble/share/rmw_fastrtps_cpp/cmake)
-- Found OpenSSL: /usr/lib/x86_64-linux-gnu/libcrypto.so (found version "3.0.2")  
-- Found FastRTPS: /opt/ros/humble/include  
-- Using RMW implementation 'rmw_fastrtps_cpp' as default
-- Looking for pthread.h
-- Looking for pthread.h - found
-- Performing Test CMAKE_HAVE_LIBC_PTHREAD
-- Performing Test CMAKE_HAVE_LIBC_PTHREAD - Success
-- Found Threads: TRUE  
-- Found controller_interface: 2.44.0 (/opt/ros/humble/share/controller_interface/cmake)
-- Found generate_parameter_library: 0.3.9 (/opt/ros/humble/share/generate_parameter_library/cmake)
-- Found parameter_traits: 0.3.9 (/opt/ros/humble/share/parameter_traits/cmake)
-- Found nav_msgs: 4.2.4 (/opt/ros/humble/share/nav_msgs/cmake)
-- Found ament_lint_auto: 0.12.11 (/opt/ros/humble/share/ament_lint_auto/cmake)
-- Added test 'cppcheck' to perform static code analysis on C / C++ code
-- Configured cppcheck include dirs: /home/user/humble_ws/src/bimanual_architecture/garmi_controllers/include
-- Configured cppcheck exclude dirs and/or files: 
-- Added test 'lint_cmake' to check CMake code style
-- Added test 'uncrustify' to check C / C++ code style
-- Configured uncrustify additional arguments: 
-- Added test 'xmllint' to check XML markup files
-- Configuring done
-- Generating done
-- Build files have been written to: /home/user/humble_ws/build/garmi_controllers
[ 50%] Building CXX object CMakeFiles/garmi_controllers.dir/src/mobile_base_controller.cpp.o
/home/user/humble_ws/src/bimanual_architecture/garmi_controllers/src/mobile_base_controller.cpp: In member function ‘virtual controller_interface::return_type garmi_controllers::MobileBaseController::update(const rclcpp::Time&, const rclcpp::Duration&)’:
/home/user/humble_ws/src/bimanual_architecture/garmi_controllers/src/mobile_base_controller.cpp:28:84: warning: unused parameter ‘time’ [-Wunused-parameter]
   28 | controller_interface::return_type MobileBaseController::update(const rclcpp::Time& time,
      |                                                                ~~~~~~~~~~~~~~~~~~~~^~~~
/home/user/humble_ws/src/bimanual_architecture/garmi_controllers/src/mobile_base_controller.cpp:29:88: warning: unused parameter ‘period’ [-Wunused-parameter]
   29 |                                                                const rclcpp::Duration& period){
      |                                                                ~~~~~~~~~~~~~~~~~~~~~~~~^~~~~~
/home/user/humble_ws/src/bimanual_architecture/garmi_controllers/src/mobile_base_controller.cpp: In member function ‘virtual CallbackReturn garmi_controllers::MobileBaseController::on_configure(const rclcpp_lifecycle::State&)’:
/home/user/humble_ws/src/bimanual_architecture/garmi_controllers/src/mobile_base_controller.cpp:52:82: warning: unused parameter ‘previous_state’ [-Wunused-parameter]
   52 | CallbackReturn MobileBaseController::on_configure(const rclcpp_lifecycle::State& previous_state){
      |                                                   ~~~~~~~~~~~~~~~~~~~~~~~~~~~~~~~^~~~~~~~~~~~~~
/home/user/humble_ws/src/bimanual_architecture/garmi_controllers/src/mobile_base_controller.cpp: In member function ‘virtual CallbackReturn garmi_controllers::MobileBaseController::on_activate(const rclcpp_lifecycle::State&)’:
/home/user/humble_ws/src/bimanual_architecture/garmi_controllers/src/mobile_base_controller.cpp:60:81: warning: unused parameter ‘previous_state’ [-Wunused-parameter]
   60 | CallbackReturn MobileBaseController::on_activate(const rclcpp_lifecycle::State& previous_state){
      |                                                  ~~~~~~~~~~~~~~~~~~~~~~~~~~~~~~~^~~~~~~~~~~~~~
/home/user/humble_ws/src/bimanual_architecture/garmi_controllers/src/mobile_base_controller.cpp: In member function ‘virtual CallbackReturn garmi_controllers::MobileBaseController::on_deactivate(const rclcpp_lifecycle::State&)’:
/home/user/humble_ws/src/bimanual_architecture/garmi_controllers/src/mobile_base_controller.cpp:66:83: warning: unused parameter ‘previous_state’ [-Wunused-parameter]
   66 | CallbackReturn MobileBaseController::on_deactivate(const rclcpp_lifecycle::State& previous_state){
      |                                                    ~~~~~~~~~~~~~~~~~~~~~~~~~~~~~~~^~~~~~~~~~~~~~
[100%] Linking CXX shared library libgarmi_controllers.so
[100%] Built target garmi_controllers
-- Install configuration: "Release"
-- Installing: /home/user/humble_ws/install/garmi_controllers/share/garmi_controllers/garmi_controllers.xml
-- Installing: /home/user/humble_ws/install/garmi_controllers/lib/libgarmi_controllers.so
-- Set runtime path of "/home/user/humble_ws/install/garmi_controllers/lib/libgarmi_controllers.so" to ""
-- Installing: /home/user/humble_ws/install/garmi_controllers/include
-- Installing: /home/user/humble_ws/install/garmi_controllers/include/garmi_controllers
-- Installing: /home/user/humble_ws/install/garmi_controllers/include/garmi_controllers/mobile_base_controller.hpp
-- Installing: /home/user/humble_ws/install/garmi_controllers/share/garmi_controllers/environment/library_path.sh
-- Installing: /home/user/humble_ws/install/garmi_controllers/share/garmi_controllers/environment/library_path.dsv
-- Installing: /home/user/humble_ws/install/garmi_controllers/share/ament_index/resource_index/package_run_dependencies/garmi_controllers
-- Installing: /home/user/humble_ws/install/garmi_controllers/share/ament_index/resource_index/parent_prefix_path/garmi_controllers
-- Installing: /home/user/humble_ws/install/garmi_controllers/share/garmi_controllers/environment/ament_prefix_path.sh
-- Installing: /home/user/humble_ws/install/garmi_controllers/share/garmi_controllers/environment/ament_prefix_path.dsv
-- Installing: /home/user/humble_ws/install/garmi_controllers/share/garmi_controllers/environment/path.sh
-- Installing: /home/user/humble_ws/install/garmi_controllers/share/garmi_controllers/environment/path.dsv
-- Installing: /home/user/humble_ws/install/garmi_controllers/share/garmi_controllers/local_setup.bash
-- Installing: /home/user/humble_ws/install/garmi_controllers/share/garmi_controllers/local_setup.sh
-- Installing: /home/user/humble_ws/install/garmi_controllers/share/garmi_controllers/local_setup.zsh
-- Installing: /home/user/humble_ws/install/garmi_controllers/share/garmi_controllers/local_setup.dsv
-- Installing: /home/user/humble_ws/install/garmi_controllers/share/garmi_controllers/package.dsv
-- Installing: /home/user/humble_ws/install/garmi_controllers/share/ament_index/resource_index/packages/garmi_controllers
-- Installing: /home/user/humble_ws/install/garmi_controllers/share/ament_index/resource_index/controller_interface__pluginlib__plugin/garmi_controllers
-- Installing: /home/user/humble_ws/install/garmi_controllers/share/garmi_controllers/cmake/ament_cmake_export_include_directories-extras.cmake
-- Installing: /home/user/humble_ws/install/garmi_controllers/share/garmi_controllers/cmake/ament_cmake_export_libraries-extras.cmake
-- Installing: /home/user/humble_ws/install/garmi_controllers/share/garmi_controllers/cmake/ament_cmake_export_dependencies-extras.cmake
-- Installing: /home/user/humble_ws/install/garmi_controllers/share/garmi_controllers/cmake/garmi_controllersConfig.cmake
-- Installing: /home/user/humble_ws/install/garmi_controllers/share/garmi_controllers/cmake/garmi_controllersConfig-version.cmake
-- Installing: /home/user/humble_ws/install/garmi_controllers/share/garmi_controllers/package.xml
