[0.011s] Invoking command in '/home/user/humble_ws/build/garmi_controllers': CMAKE_PREFIX_PATH=${CMAKE_PREFIX_PATH}:/opt/ros/humble /usr/bin/cmake /home/user/humble_ws/src/bimanual_architecture/garmi_controllers -DCMAKE_BUILD_TYPE=Release -DCMAKE_INSTALL_PREFIX=/home/user/humble_ws/install/garmi_controllers
[0.090s] -- The C compiler identification is GNU 11.4.0
[0.164s] -- The CXX compiler identification is GNU 11.4.0
[0.171s] -- Detecting C compiler ABI info
[0.223s] -- Detecting C compiler ABI info - done
[0.228s] -- Check for working C compiler: /usr/bin/cc - skipped
[0.229s] -- Detecting C compile features
[0.230s] -- Detecting C compile features - done
[0.232s] -- Detecting CXX compiler ABI info
[0.303s] -- Detecting CXX compiler ABI info - done
[0.311s] -- Check for working CXX compiler: /usr/bin/c++ - skipped
[0.312s] -- Detecting CXX compile features
[0.312s] -- Detecting CXX compile features - done
[0.314s] -- Found ament_cmake: 1.3.10 (/opt/ros/humble/share/ament_cmake/cmake)
[0.405s] -- Found Python3: /usr/bin/python3 (found version "3.10.12") found components: Interpreter 
[0.500s] -- Found rclcpp: 16.0.10 (/opt/ros/humble/share/rclcpp/cmake)
[0.536s] -- Found rosidl_generator_c: 3.1.5 (/opt/ros/humble/share/rosidl_generator_c/cmake)
[0.542s] -- Found rosidl_adapter: 3.1.5 (/opt/ros/humble/share/rosidl_adapter/cmake)
[0.551s] -- Found rosidl_generator_cpp: 3.1.5 (/opt/ros/humble/share/rosidl_generator_cpp/cmake)
[0.560s] -- Using all available rosidl_typesupport_c: rosidl_typesupport_fastrtps_c;rosidl_typesupport_introspection_c
[0.571s] -- Using all available rosidl_typesupport_cpp: rosidl_typesupport_fastrtps_cpp;rosidl_typesupport_introspection_cpp
[0.618s] -- Found rmw_implementation_cmake: 6.1.2 (/opt/ros/humble/share/rmw_implementation_cmake/cmake)
[0.622s] -- Found rmw_fastrtps_cpp: 6.2.7 (/opt/ros/humble/share/rmw_fastrtps_cpp/cmake)
[0.707s] -- Found OpenSSL: /usr/lib/x86_64-linux-gnu/libcrypto.so (found version "3.0.2")  
[0.726s] -- Found FastRTPS: /opt/ros/humble/include  
[0.751s] -- Using RMW implementation 'rmw_fastrtps_cpp' as default
[0.764s] -- Looking for pthread.h
[0.829s] -- Looking for pthread.h - found
[0.830s] -- Performing Test CMAKE_HAVE_LIBC_PTHREAD
[0.883s] -- Performing Test CMAKE_HAVE_LIBC_PTHREAD - Success
[0.884s] -- Found Threads: TRUE  
[0.929s] -- Found controller_interface: 2.44.0 (/opt/ros/humble/share/controller_interface/cmake)
[1.079s] -- Found generate_parameter_library: 0.3.9 (/opt/ros/humble/share/generate_parameter_library/cmake)
[1.082s] -- Found parameter_traits: 0.3.9 (/opt/ros/humble/share/parameter_traits/cmake)
[1.100s] -- Found nav_msgs: 4.2.4 (/opt/ros/humble/share/nav_msgs/cmake)
[1.135s] -- Found ament_lint_auto: 0.12.11 (/opt/ros/humble/share/ament_lint_auto/cmake)
[1.210s] -- Added test 'cppcheck' to perform static code analysis on C / C++ code
[1.210s] -- Configured cppcheck include dirs: /home/user/humble_ws/src/bimanual_architecture/garmi_controllers/include
[1.210s] -- Configured cppcheck exclude dirs and/or files: 
[1.210s] -- Added test 'lint_cmake' to check CMake code style
[1.211s] -- Added test 'uncrustify' to check C / C++ code style
[1.211s] -- Configured uncrustify additional arguments: 
[1.211s] -- Added test 'xmllint' to check XML markup files
[1.213s] -- Configuring done
[1.248s] -- Generating done
[1.250s] -- Build files have been written to: /home/user/humble_ws/build/garmi_controllers
[1.257s] Invoked command in '/home/user/humble_ws/build/garmi_controllers' returned '0': CMAKE_PREFIX_PATH=${CMAKE_PREFIX_PATH}:/opt/ros/humble /usr/bin/cmake /home/user/humble_ws/src/bimanual_architecture/garmi_controllers -DCMAKE_BUILD_TYPE=Release -DCMAKE_INSTALL_PREFIX=/home/user/humble_ws/install/garmi_controllers
[1.258s] Invoking command in '/home/user/humble_ws/build/garmi_controllers': CMAKE_PREFIX_PATH=${CMAKE_PREFIX_PATH}:/opt/ros/humble /usr/bin/cmake --build /home/user/humble_ws/build/garmi_controllers -- -j12 -l12
[1.301s] [ 50%] Building CXX object CMakeFiles/garmi_controllers.dir/src/mobile_base_controller.cpp.o
[5.447s] /home/user/humble_ws/src/bimanual_architecture/garmi_controllers/src/mobile_base_controller.cpp: In member function ‘virtual controller_interface::return_type garmi_controllers::MobileBaseController::update(const rclcpp::Time&, const rclcpp::Duration&)’:
[5.448s] /home/user/humble_ws/src/bimanual_architecture/garmi_controllers/src/mobile_base_controller.cpp:28:84: warning: unused parameter ‘time’ [-Wunused-parameter]
[5.448s]    28 | controller_interface::return_type MobileBaseController::update(const rclcpp::Time& time,
[5.448s]       |                                                                ~~~~~~~~~~~~~~~~~~~~^~~~
[5.451s] /home/user/humble_ws/src/bimanual_architecture/garmi_controllers/src/mobile_base_controller.cpp:29:88: warning: unused parameter ‘period’ [-Wunused-parameter]
[5.451s]    29 |                                                                const rclcpp::Duration& period){
[5.451s]       |                                                                ~~~~~~~~~~~~~~~~~~~~~~~~^~~~~~
[5.507s] /home/user/humble_ws/src/bimanual_architecture/garmi_controllers/src/mobile_base_controller.cpp: In member function ‘virtual CallbackReturn garmi_controllers::MobileBaseController::on_configure(const rclcpp_lifecycle::State&)’:
[5.509s] /home/user/humble_ws/src/bimanual_architecture/garmi_controllers/src/mobile_base_controller.cpp:52:82: warning: unused parameter ‘previous_state’ [-Wunused-parameter]
[5.510s]    52 | CallbackReturn MobileBaseController::on_configure(const rclcpp_lifecycle::State& previous_state){
[5.510s]       |                                                   ~~~~~~~~~~~~~~~~~~~~~~~~~~~~~~~^~~~~~~~~~~~~~
[5.510s] /home/user/humble_ws/src/bimanual_architecture/garmi_controllers/src/mobile_base_controller.cpp: In member function ‘virtual CallbackReturn garmi_controllers::MobileBaseController::on_activate(const rclcpp_lifecycle::State&)’:
[5.510s] /home/user/humble_ws/src/bimanual_architecture/garmi_controllers/src/mobile_base_controller.cpp:60:81: warning: unused parameter ‘previous_state’ [-Wunused-parameter]
[5.510s]    60 | CallbackReturn MobileBaseController::on_activate(const rclcpp_lifecycle::State& previous_state){
[5.510s]       |                                                  ~~~~~~~~~~~~~~~~~~~~~~~~~~~~~~~^~~~~~~~~~~~~~
[5.510s] /home/user/humble_ws/src/bimanual_architecture/garmi_controllers/src/mobile_base_controller.cpp: In member function ‘virtual CallbackReturn garmi_controllers::MobileBaseController::on_deactivate(const rclcpp_lifecycle::State&)’:
[5.510s] /home/user/humble_ws/src/bimanual_architecture/garmi_controllers/src/mobile_base_controller.cpp:66:83: warning: unused parameter ‘previous_state’ [-Wunused-parameter]
[5.510s]    66 | CallbackReturn MobileBaseController::on_deactivate(const rclcpp_lifecycle::State& previous_state){
[5.510s]       |                                                    ~~~~~~~~~~~~~~~~~~~~~~~~~~~~~~~^~~~~~~~~~~~~~
[14.493s] [100%] Linking CXX shared library libgarmi_controllers.so
[14.728s] [100%] Built target garmi_controllers
[14.739s] Invoked command in '/home/user/humble_ws/build/garmi_controllers' returned '0': CMAKE_PREFIX_PATH=${CMAKE_PREFIX_PATH}:/opt/ros/humble /usr/bin/cmake --build /home/user/humble_ws/build/garmi_controllers -- -j12 -l12
[14.768s] Invoking command in '/home/user/humble_ws/build/garmi_controllers': CMAKE_PREFIX_PATH=${CMAKE_PREFIX_PATH}:/opt/ros/humble /usr/bin/cmake --install /home/user/humble_ws/build/garmi_controllers
[14.779s] -- Install configuration: "Release"
[14.779s] -- Installing: /home/user/humble_ws/install/garmi_controllers/share/garmi_controllers/garmi_controllers.xml
[14.779s] -- Installing: /home/user/humble_ws/install/garmi_controllers/lib/libgarmi_controllers.so
[14.780s] -- Set runtime path of "/home/user/humble_ws/install/garmi_controllers/lib/libgarmi_controllers.so" to ""
[14.780s] -- Installing: /home/user/humble_ws/install/garmi_controllers/include
[14.781s] -- Installing: /home/user/humble_ws/install/garmi_controllers/include/garmi_controllers
[14.781s] -- Installing: /home/user/humble_ws/install/garmi_controllers/include/garmi_controllers/mobile_base_controller.hpp
[14.781s] -- Installing: /home/user/humble_ws/install/garmi_controllers/share/garmi_controllers/environment/library_path.sh
[14.781s] -- Installing: /home/user/humble_ws/install/garmi_controllers/share/garmi_controllers/environment/library_path.dsv
[14.781s] -- Installing: /home/user/humble_ws/install/garmi_controllers/share/ament_index/resource_index/package_run_dependencies/garmi_controllers
[14.782s] -- Installing: /home/user/humble_ws/install/garmi_controllers/share/ament_index/resource_index/parent_prefix_path/garmi_controllers
[14.782s] -- Installing: /home/user/humble_ws/install/garmi_controllers/share/garmi_controllers/environment/ament_prefix_path.sh
[14.782s] -- Installing: /home/user/humble_ws/install/garmi_controllers/share/garmi_controllers/environment/ament_prefix_path.dsv
[14.782s] -- Installing: /home/user/humble_ws/install/garmi_controllers/share/garmi_controllers/environment/path.sh
[14.782s] -- Installing: /home/user/humble_ws/install/garmi_controllers/share/garmi_controllers/environment/path.dsv
[14.782s] -- Installing: /home/user/humble_ws/install/garmi_controllers/share/garmi_controllers/local_setup.bash
[14.782s] -- Installing: /home/user/humble_ws/install/garmi_controllers/share/garmi_controllers/local_setup.sh
[14.783s] -- Installing: /home/user/humble_ws/install/garmi_controllers/share/garmi_controllers/local_setup.zsh
[14.783s] -- Installing: /home/user/humble_ws/install/garmi_controllers/share/garmi_controllers/local_setup.dsv
[14.783s] -- Installing: /home/user/humble_ws/install/garmi_controllers/share/garmi_controllers/package.dsv
[14.783s] -- Installing: /home/user/humble_ws/install/garmi_controllers/share/ament_index/resource_index/packages/garmi_controllers
[14.783s] -- Installing: /home/user/humble_ws/install/garmi_controllers/share/ament_index/resource_index/controller_interface__pluginlib__plugin/garmi_controllers
[14.783s] -- Installing: /home/user/humble_ws/install/garmi_controllers/share/garmi_controllers/cmake/ament_cmake_export_include_directories-extras.cmake
[14.783s] -- Installing: /home/user/humble_ws/install/garmi_controllers/share/garmi_controllers/cmake/ament_cmake_export_libraries-extras.cmake
[14.783s] -- Installing: /home/user/humble_ws/install/garmi_controllers/share/garmi_controllers/cmake/ament_cmake_export_dependencies-extras.cmake
[14.783s] -- Installing: /home/user/humble_ws/install/garmi_controllers/share/garmi_controllers/cmake/garmi_controllersConfig.cmake
[14.783s] -- Installing: /home/user/humble_ws/install/garmi_controllers/share/garmi_controllers/cmake/garmi_controllersConfig-version.cmake
[14.784s] -- Installing: /home/user/humble_ws/install/garmi_controllers/share/garmi_controllers/package.xml
[14.785s] Invoked command in '/home/user/humble_ws/build/garmi_controllers' returned '0': CMAKE_PREFIX_PATH=${CMAKE_PREFIX_PATH}:/opt/ros/humble /usr/bin/cmake --install /home/user/humble_ws/build/garmi_controllers
