[  0%] Built target multi_mode_control_msgs__cpp
[ 12%] Built target multi_mode_control_msgs__rosidl_generator_c
[ 12%] Built target ament_cmake_python_copy_multi_mode_control_msgs
[ 24%] Built target multi_mode_control_msgs__rosidl_typesupport_fastrtps_cpp
[ 36%] Built target multi_mode_control_msgs__rosidl_typesupport_cpp
[ 48%] Built target multi_mode_control_msgs__rosidl_typesupport_c
[ 60%] Built target multi_mode_control_msgs__rosidl_typesupport_introspection_c
[ 72%] Built target multi_mode_control_msgs__rosidl_typesupport_introspection_cpp
[ 84%] Built target multi_mode_control_msgs__rosidl_typesupport_fastrtps_c
[ 84%] Built target multi_mode_control_msgs
[ 85%] Built target multi_mode_control_msgs__py
[ 96%] Built target multi_mode_control_msgs__rosidl_generator_py
[ 98%] Built target multi_mode_control_msgs__rosidl_typesupport_introspection_c__pyext
[100%] Built target multi_mode_control_msgs__rosidl_typesupport_fastrtps_c__pyext
[100%] Built target multi_mode_control_msgs__rosidl_typesupport_c__pyext
running egg_info
writing multi_mode_control_msgs.egg-info/PKG-INFO
writing dependency_links to multi_mode_control_msgs.egg-info/dependency_links.txt
writing top-level names to multi_mode_control_msgs.egg-info/top_level.txt
reading manifest file 'multi_mode_control_msgs.egg-info/SOURCES.txt'
writing manifest file 'multi_mode_control_msgs.egg-info/SOURCES.txt'
[100%] Built target ament_cmake_python_build_multi_mode_control_msgs_egg
-- Install configuration: "Release"
-- Up-to-date: /home/user/humble_ws/install/multi_mode_control_msgs/share/ament_index/resource_index/rosidl_interfaces/multi_mode_control_msgs
-- Up-to-date: /home/user/humble_ws/install/multi_mode_control_msgs/include/multi_mode_control_msgs/multi_mode_control_msgs
-- Up-to-date: /home/user/humble_ws/install/multi_mode_control_msgs/include/multi_mode_control_msgs/multi_mode_control_msgs/srv
-- Up-to-date: /home/user/humble_ws/install/multi_mode_control_msgs/include/multi_mode_control_msgs/multi_mode_control_msgs/srv/set_joint_impedance.h
-- Up-to-date: /home/user/humble_ws/install/multi_mode_control_msgs/include/multi_mode_control_msgs/multi_mode_control_msgs/srv/set_world_state.h
-- Up-to-date: /home/user/humble_ws/install/multi_mode_control_msgs/include/multi_mode_control_msgs/multi_mode_control_msgs/srv/set_reflex.h
-- Up-to-date: /home/user/humble_ws/install/multi_mode_control_msgs/include/multi_mode_control_msgs/multi_mode_control_msgs/srv/set_controllers.h
-- Up-to-date: /home/user/humble_ws/install/multi_mode_control_msgs/include/multi_mode_control_msgs/multi_mode_control_msgs/srv/set_recovery_mode.h
-- Up-to-date: /home/user/humble_ws/install/multi_mode_control_msgs/include/multi_mode_control_msgs/multi_mode_control_msgs/srv/detail
-- Up-to-date: /home/user/humble_ws/install/multi_mode_control_msgs/include/multi_mode_control_msgs/multi_mode_control_msgs/srv/detail/set_reflex__struct.h
-- Up-to-date: /home/user/humble_ws/install/multi_mode_control_msgs/include/multi_mode_control_msgs/multi_mode_control_msgs/srv/detail/set_cartesian_impedance__type_support.h
-- Up-to-date: /home/user/humble_ws/install/multi_mode_control_msgs/include/multi_mode_control_msgs/multi_mode_control_msgs/srv/detail/set_cartesian_impedance__functions.c
-- Up-to-date: /home/user/humble_ws/install/multi_mode_control_msgs/include/multi_mode_control_msgs/multi_mode_control_msgs/srv/detail/set_joint_impedance__struct.h
-- Up-to-date: /home/user/humble_ws/install/multi_mode_control_msgs/include/multi_mode_control_msgs/multi_mode_control_msgs/srv/detail/set_recovery_mode__type_support.h
-- Up-to-date: /home/user/humble_ws/install/multi_mode_control_msgs/include/multi_mode_control_msgs/multi_mode_control_msgs/srv/detail/set_reflex__type_support.h
-- Up-to-date: /home/user/humble_ws/install/multi_mode_control_msgs/include/multi_mode_control_msgs/multi_mode_control_msgs/srv/detail/set_reflex__functions.h
-- Up-to-date: /home/user/humble_ws/install/multi_mode_control_msgs/include/multi_mode_control_msgs/multi_mode_control_msgs/srv/detail/set_reflex__functions.c
-- Up-to-date: /home/user/humble_ws/install/multi_mode_control_msgs/include/multi_mode_control_msgs/multi_mode_control_msgs/srv/detail/set_controllers__struct.h
-- Up-to-date: /home/user/humble_ws/install/multi_mode_control_msgs/include/multi_mode_control_msgs/multi_mode_control_msgs/srv/detail/get_controllers__functions.c
-- Up-to-date: /home/user/humble_ws/install/multi_mode_control_msgs/include/multi_mode_control_msgs/multi_mode_control_msgs/srv/detail/set_recovery_mode__functions.h
-- Up-to-date: /home/user/humble_ws/install/multi_mode_control_msgs/include/multi_mode_control_msgs/multi_mode_control_msgs/srv/detail/get_controllers__type_support.h
-- Up-to-date: /home/user/humble_ws/install/multi_mode_control_msgs/include/multi_mode_control_msgs/multi_mode_control_msgs/srv/detail/set_thresholds__struct.h
-- Up-to-date: /home/user/humble_ws/install/multi_mode_control_msgs/include/multi_mode_control_msgs/multi_mode_control_msgs/srv/detail/set_controllers__type_support.h
-- Up-to-date: /home/user/humble_ws/install/multi_mode_control_msgs/include/multi_mode_control_msgs/multi_mode_control_msgs/srv/detail/set_world_state__functions.c
-- Up-to-date: /home/user/humble_ws/install/multi_mode_control_msgs/include/multi_mode_control_msgs/multi_mode_control_msgs/srv/detail/get_robot_states__functions.c
-- Up-to-date: /home/user/humble_ws/install/multi_mode_control_msgs/include/multi_mode_control_msgs/multi_mode_control_msgs/srv/detail/set_world_state__type_support.h
-- Up-to-date: /home/user/humble_ws/install/multi_mode_control_msgs/include/multi_mode_control_msgs/multi_mode_control_msgs/srv/detail/set_world_state__functions.h
-- Up-to-date: /home/user/humble_ws/install/multi_mode_control_msgs/include/multi_mode_control_msgs/multi_mode_control_msgs/srv/detail/set_cartesian_impedance__struct.h
-- Up-to-date: /home/user/humble_ws/install/multi_mode_control_msgs/include/multi_mode_control_msgs/multi_mode_control_msgs/srv/detail/set_joint_impedance__functions.h
-- Up-to-date: /home/user/humble_ws/install/multi_mode_control_msgs/include/multi_mode_control_msgs/multi_mode_control_msgs/srv/detail/set_recovery_mode__struct.h
-- Up-to-date: /home/user/humble_ws/install/multi_mode_control_msgs/include/multi_mode_control_msgs/multi_mode_control_msgs/srv/detail/get_controllers__functions.h
-- Up-to-date: /home/user/humble_ws/install/multi_mode_control_msgs/include/multi_mode_control_msgs/multi_mode_control_msgs/srv/detail/set_joint_impedance__type_support.h
-- Up-to-date: /home/user/humble_ws/install/multi_mode_control_msgs/include/multi_mode_control_msgs/multi_mode_control_msgs/srv/detail/set_thresholds__functions.h
-- Up-to-date: /home/user/humble_ws/install/multi_mode_control_msgs/include/multi_mode_control_msgs/multi_mode_control_msgs/srv/detail/set_thresholds__type_support.h
-- Up-to-date: /home/user/humble_ws/install/multi_mode_control_msgs/include/multi_mode_control_msgs/multi_mode_control_msgs/srv/detail/set_cartesian_impedance__functions.h
-- Up-to-date: /home/user/humble_ws/install/multi_mode_control_msgs/include/multi_mode_control_msgs/multi_mode_control_msgs/srv/detail/set_controllers__functions.h
-- Up-to-date: /home/user/humble_ws/install/multi_mode_control_msgs/include/multi_mode_control_msgs/multi_mode_control_msgs/srv/detail/get_robot_states__type_support.h
-- Up-to-date: /home/user/humble_ws/install/multi_mode_control_msgs/include/multi_mode_control_msgs/multi_mode_control_msgs/srv/detail/get_controllers__struct.h
-- Up-to-date: /home/user/humble_ws/install/multi_mode_control_msgs/include/multi_mode_control_msgs/multi_mode_control_msgs/srv/detail/get_robot_states__struct.h
-- Up-to-date: /home/user/humble_ws/install/multi_mode_control_msgs/include/multi_mode_control_msgs/multi_mode_control_msgs/srv/detail/get_robot_states__functions.h
-- Up-to-date: /home/user/humble_ws/install/multi_mode_control_msgs/include/multi_mode_control_msgs/multi_mode_control_msgs/srv/detail/set_joint_impedance__functions.c
-- Up-to-date: /home/user/humble_ws/install/multi_mode_control_msgs/include/multi_mode_control_msgs/multi_mode_control_msgs/srv/detail/set_thresholds__functions.c
-- Up-to-date: /home/user/humble_ws/install/multi_mode_control_msgs/include/multi_mode_control_msgs/multi_mode_control_msgs/srv/detail/set_controllers__functions.c
-- Up-to-date: /home/user/humble_ws/install/multi_mode_control_msgs/include/multi_mode_control_msgs/multi_mode_control_msgs/srv/detail/set_world_state__struct.h
-- Up-to-date: /home/user/humble_ws/install/multi_mode_control_msgs/include/multi_mode_control_msgs/multi_mode_control_msgs/srv/detail/set_recovery_mode__functions.c
-- Up-to-date: /home/user/humble_ws/install/multi_mode_control_msgs/include/multi_mode_control_msgs/multi_mode_control_msgs/srv/set_cartesian_impedance.h
-- Up-to-date: /home/user/humble_ws/install/multi_mode_control_msgs/include/multi_mode_control_msgs/multi_mode_control_msgs/srv/set_thresholds.h
-- Up-to-date: /home/user/humble_ws/install/multi_mode_control_msgs/include/multi_mode_control_msgs/multi_mode_control_msgs/srv/get_controllers.h
-- Up-to-date: /home/user/humble_ws/install/multi_mode_control_msgs/include/multi_mode_control_msgs/multi_mode_control_msgs/srv/get_robot_states.h
-- Up-to-date: /home/user/humble_ws/install/multi_mode_control_msgs/include/multi_mode_control_msgs/multi_mode_control_msgs/msg
-- Up-to-date: /home/user/humble_ws/install/multi_mode_control_msgs/include/multi_mode_control_msgs/multi_mode_control_msgs/msg/rosidl_generator_c__visibility_control.h
-- Up-to-date: /home/user/humble_ws/install/multi_mode_control_msgs/include/multi_mode_control_msgs/multi_mode_control_msgs/msg/velocity_goal.h
-- Up-to-date: /home/user/humble_ws/install/multi_mode_control_msgs/include/multi_mode_control_msgs/multi_mode_control_msgs/msg/joint_array.h
-- Up-to-date: /home/user/humble_ws/install/multi_mode_control_msgs/include/multi_mode_control_msgs/multi_mode_control_msgs/msg/detail
-- Up-to-date: /home/user/humble_ws/install/multi_mode_control_msgs/include/multi_mode_control_msgs/multi_mode_control_msgs/msg/detail/dual_cartesian_impedance_goal__functions.c
-- Up-to-date: /home/user/humble_ws/install/multi_mode_control_msgs/include/multi_mode_control_msgs/multi_mode_control_msgs/msg/detail/joint_goal__struct.h
-- Up-to-date: /home/user/humble_ws/install/multi_mode_control_msgs/include/multi_mode_control_msgs/multi_mode_control_msgs/msg/detail/joint_array__functions.c
-- Up-to-date: /home/user/humble_ws/install/multi_mode_control_msgs/include/multi_mode_control_msgs/multi_mode_control_msgs/msg/detail/wrench__functions.c
-- Up-to-date: /home/user/humble_ws/install/multi_mode_control_msgs/include/multi_mode_control_msgs/multi_mode_control_msgs/msg/detail/contact_thresholds__struct.h
-- Up-to-date: /home/user/humble_ws/install/multi_mode_control_msgs/include/multi_mode_control_msgs/multi_mode_control_msgs/msg/detail/joint_array__functions.h
-- Up-to-date: /home/user/humble_ws/install/multi_mode_control_msgs/include/multi_mode_control_msgs/multi_mode_control_msgs/msg/detail/dual_cartesian_impedance_goal__type_support.h
-- Up-to-date: /home/user/humble_ws/install/multi_mode_control_msgs/include/multi_mode_control_msgs/multi_mode_control_msgs/msg/detail/controller__functions.h
-- Up-to-date: /home/user/humble_ws/install/multi_mode_control_msgs/include/multi_mode_control_msgs/multi_mode_control_msgs/msg/detail/joint_goal__functions.h
-- Up-to-date: /home/user/humble_ws/install/multi_mode_control_msgs/include/multi_mode_control_msgs/multi_mode_control_msgs/msg/detail/cartesian_impedance_goal__type_support.h
-- Up-to-date: /home/user/humble_ws/install/multi_mode_control_msgs/include/multi_mode_control_msgs/multi_mode_control_msgs/msg/detail/contact_thresholds__type_support.h
-- Up-to-date: /home/user/humble_ws/install/multi_mode_control_msgs/include/multi_mode_control_msgs/multi_mode_control_msgs/msg/detail/controller__type_support.h
-- Up-to-date: /home/user/humble_ws/install/multi_mode_control_msgs/include/multi_mode_control_msgs/multi_mode_control_msgs/msg/detail/controller__functions.c
-- Up-to-date: /home/user/humble_ws/install/multi_mode_control_msgs/include/multi_mode_control_msgs/multi_mode_control_msgs/msg/detail/wrench__type_support.h
-- Up-to-date: /home/user/humble_ws/install/multi_mode_control_msgs/include/multi_mode_control_msgs/multi_mode_control_msgs/msg/detail/cartesian_impedance_goal__functions.c
-- Up-to-date: /home/user/humble_ws/install/multi_mode_control_msgs/include/multi_mode_control_msgs/multi_mode_control_msgs/msg/detail/velocity_goal__functions.c
-- Up-to-date: /home/user/humble_ws/install/multi_mode_control_msgs/include/multi_mode_control_msgs/multi_mode_control_msgs/msg/detail/velocity_goal__type_support.h
-- Up-to-date: /home/user/humble_ws/install/multi_mode_control_msgs/include/multi_mode_control_msgs/multi_mode_control_msgs/msg/detail/velocity_goal__struct.h
-- Up-to-date: /home/user/humble_ws/install/multi_mode_control_msgs/include/multi_mode_control_msgs/multi_mode_control_msgs/msg/detail/dual_cartesian_impedance_goal__struct.h
-- Up-to-date: /home/user/humble_ws/install/multi_mode_control_msgs/include/multi_mode_control_msgs/multi_mode_control_msgs/msg/detail/joint_goal__functions.c
-- Up-to-date: /home/user/humble_ws/install/multi_mode_control_msgs/include/multi_mode_control_msgs/multi_mode_control_msgs/msg/detail/joint_array__struct.h
-- Up-to-date: /home/user/humble_ws/install/multi_mode_control_msgs/include/multi_mode_control_msgs/multi_mode_control_msgs/msg/detail/contact_thresholds__functions.c
-- Up-to-date: /home/user/humble_ws/install/multi_mode_control_msgs/include/multi_mode_control_msgs/multi_mode_control_msgs/msg/detail/wrench__struct.h
-- Up-to-date: /home/user/humble_ws/install/multi_mode_control_msgs/include/multi_mode_control_msgs/multi_mode_control_msgs/msg/detail/cartesian_impedance_goal__functions.h
-- Up-to-date: /home/user/humble_ws/install/multi_mode_control_msgs/include/multi_mode_control_msgs/multi_mode_control_msgs/msg/detail/controller__struct.h
-- Up-to-date: /home/user/humble_ws/install/multi_mode_control_msgs/include/multi_mode_control_msgs/multi_mode_control_msgs/msg/detail/velocity_goal__functions.h
-- Up-to-date: /home/user/humble_ws/install/multi_mode_control_msgs/include/multi_mode_control_msgs/multi_mode_control_msgs/msg/detail/dual_cartesian_impedance_goal__functions.h
-- Up-to-date: /home/user/humble_ws/install/multi_mode_control_msgs/include/multi_mode_control_msgs/multi_mode_control_msgs/msg/detail/wrench__functions.h
-- Up-to-date: /home/user/humble_ws/install/multi_mode_control_msgs/include/multi_mode_control_msgs/multi_mode_control_msgs/msg/detail/joint_array__type_support.h
-- Up-to-date: /home/user/humble_ws/install/multi_mode_control_msgs/include/multi_mode_control_msgs/multi_mode_control_msgs/msg/detail/contact_thresholds__functions.h
-- Up-to-date: /home/user/humble_ws/install/multi_mode_control_msgs/include/multi_mode_control_msgs/multi_mode_control_msgs/msg/detail/cartesian_impedance_goal__struct.h
-- Up-to-date: /home/user/humble_ws/install/multi_mode_control_msgs/include/multi_mode_control_msgs/multi_mode_control_msgs/msg/detail/joint_goal__type_support.h
-- Up-to-date: /home/user/humble_ws/install/multi_mode_control_msgs/include/multi_mode_control_msgs/multi_mode_control_msgs/msg/joint_goal.h
-- Up-to-date: /home/user/humble_ws/install/multi_mode_control_msgs/include/multi_mode_control_msgs/multi_mode_control_msgs/msg/cartesian_impedance_goal.h
-- Up-to-date: /home/user/humble_ws/install/multi_mode_control_msgs/include/multi_mode_control_msgs/multi_mode_control_msgs/msg/controller.h
-- Up-to-date: /home/user/humble_ws/install/multi_mode_control_msgs/include/multi_mode_control_msgs/multi_mode_control_msgs/msg/wrench.h
-- Up-to-date: /home/user/humble_ws/install/multi_mode_control_msgs/include/multi_mode_control_msgs/multi_mode_control_msgs/msg/contact_thresholds.h
-- Up-to-date: /home/user/humble_ws/install/multi_mode_control_msgs/include/multi_mode_control_msgs/multi_mode_control_msgs/msg/dual_cartesian_impedance_goal.h
-- Up-to-date: /home/user/humble_ws/install/multi_mode_control_msgs/share/multi_mode_control_msgs/environment/library_path.sh
-- Up-to-date: /home/user/humble_ws/install/multi_mode_control_msgs/share/multi_mode_control_msgs/environment/library_path.dsv
-- Up-to-date: /home/user/humble_ws/install/multi_mode_control_msgs/lib/libmulti_mode_control_msgs__rosidl_generator_c.so
-- Up-to-date: /home/user/humble_ws/install/multi_mode_control_msgs/include/multi_mode_control_msgs/multi_mode_control_msgs
-- Up-to-date: /home/user/humble_ws/install/multi_mode_control_msgs/include/multi_mode_control_msgs/multi_mode_control_msgs/srv
-- Up-to-date: /home/user/humble_ws/install/multi_mode_control_msgs/include/multi_mode_control_msgs/multi_mode_control_msgs/srv/detail
-- Up-to-date: /home/user/humble_ws/install/multi_mode_control_msgs/include/multi_mode_control_msgs/multi_mode_control_msgs/srv/detail/set_thresholds__rosidl_typesupport_fastrtps_c.h
-- Up-to-date: /home/user/humble_ws/install/multi_mode_control_msgs/include/multi_mode_control_msgs/multi_mode_control_msgs/srv/detail/set_joint_impedance__rosidl_typesupport_fastrtps_c.h
-- Up-to-date: /home/user/humble_ws/install/multi_mode_control_msgs/include/multi_mode_control_msgs/multi_mode_control_msgs/srv/detail/set_recovery_mode__rosidl_typesupport_fastrtps_c.h
-- Up-to-date: /home/user/humble_ws/install/multi_mode_control_msgs/include/multi_mode_control_msgs/multi_mode_control_msgs/srv/detail/set_cartesian_impedance__rosidl_typesupport_fastrtps_c.h
-- Up-to-date: /home/user/humble_ws/install/multi_mode_control_msgs/include/multi_mode_control_msgs/multi_mode_control_msgs/srv/detail/set_world_state__rosidl_typesupport_fastrtps_c.h
-- Up-to-date: /home/user/humble_ws/install/multi_mode_control_msgs/include/multi_mode_control_msgs/multi_mode_control_msgs/srv/detail/set_controllers__rosidl_typesupport_fastrtps_c.h
-- Up-to-date: /home/user/humble_ws/install/multi_mode_control_msgs/include/multi_mode_control_msgs/multi_mode_control_msgs/srv/detail/set_reflex__rosidl_typesupport_fastrtps_c.h
-- Up-to-date: /home/user/humble_ws/install/multi_mode_control_msgs/include/multi_mode_control_msgs/multi_mode_control_msgs/srv/detail/get_controllers__rosidl_typesupport_fastrtps_c.h
-- Up-to-date: /home/user/humble_ws/install/multi_mode_control_msgs/include/multi_mode_control_msgs/multi_mode_control_msgs/srv/detail/get_robot_states__rosidl_typesupport_fastrtps_c.h
-- Up-to-date: /home/user/humble_ws/install/multi_mode_control_msgs/include/multi_mode_control_msgs/multi_mode_control_msgs/msg
-- Up-to-date: /home/user/humble_ws/install/multi_mode_control_msgs/include/multi_mode_control_msgs/multi_mode_control_msgs/msg/detail
-- Up-to-date: /home/user/humble_ws/install/multi_mode_control_msgs/include/multi_mode_control_msgs/multi_mode_control_msgs/msg/detail/dual_cartesian_impedance_goal__rosidl_typesupport_fastrtps_c.h
-- Up-to-date: /home/user/humble_ws/install/multi_mode_control_msgs/include/multi_mode_control_msgs/multi_mode_control_msgs/msg/detail/cartesian_impedance_goal__rosidl_typesupport_fastrtps_c.h
-- Up-to-date: /home/user/humble_ws/install/multi_mode_control_msgs/include/multi_mode_control_msgs/multi_mode_control_msgs/msg/detail/joint_array__rosidl_typesupport_fastrtps_c.h
-- Up-to-date: /home/user/humble_ws/install/multi_mode_control_msgs/include/multi_mode_control_msgs/multi_mode_control_msgs/msg/detail/contact_thresholds__rosidl_typesupport_fastrtps_c.h
-- Up-to-date: /home/user/humble_ws/install/multi_mode_control_msgs/include/multi_mode_control_msgs/multi_mode_control_msgs/msg/detail/controller__rosidl_typesupport_fastrtps_c.h
-- Up-to-date: /home/user/humble_ws/install/multi_mode_control_msgs/include/multi_mode_control_msgs/multi_mode_control_msgs/msg/detail/velocity_goal__rosidl_typesupport_fastrtps_c.h
-- Up-to-date: /home/user/humble_ws/install/multi_mode_control_msgs/include/multi_mode_control_msgs/multi_mode_control_msgs/msg/detail/joint_goal__rosidl_typesupport_fastrtps_c.h
-- Up-to-date: /home/user/humble_ws/install/multi_mode_control_msgs/include/multi_mode_control_msgs/multi_mode_control_msgs/msg/detail/wrench__rosidl_typesupport_fastrtps_c.h
-- Up-to-date: /home/user/humble_ws/install/multi_mode_control_msgs/include/multi_mode_control_msgs/multi_mode_control_msgs/msg/rosidl_typesupport_fastrtps_c__visibility_control.h
-- Up-to-date: /home/user/humble_ws/install/multi_mode_control_msgs/lib/libmulti_mode_control_msgs__rosidl_typesupport_fastrtps_c.so
-- Up-to-date: /home/user/humble_ws/install/multi_mode_control_msgs/include/multi_mode_control_msgs/multi_mode_control_msgs
-- Up-to-date: /home/user/humble_ws/install/multi_mode_control_msgs/include/multi_mode_control_msgs/multi_mode_control_msgs/srv
-- Up-to-date: /home/user/humble_ws/install/multi_mode_control_msgs/include/multi_mode_control_msgs/multi_mode_control_msgs/srv/get_controllers.hpp
-- Up-to-date: /home/user/humble_ws/install/multi_mode_control_msgs/include/multi_mode_control_msgs/multi_mode_control_msgs/srv/detail
-- Up-to-date: /home/user/humble_ws/install/multi_mode_control_msgs/include/multi_mode_control_msgs/multi_mode_control_msgs/srv/detail/set_reflex__builder.hpp
-- Up-to-date: /home/user/humble_ws/install/multi_mode_control_msgs/include/multi_mode_control_msgs/multi_mode_control_msgs/srv/detail/set_recovery_mode__builder.hpp
-- Up-to-date: /home/user/humble_ws/install/multi_mode_control_msgs/include/multi_mode_control_msgs/multi_mode_control_msgs/srv/detail/set_controllers__builder.hpp
-- Up-to-date: /home/user/humble_ws/install/multi_mode_control_msgs/include/multi_mode_control_msgs/multi_mode_control_msgs/srv/detail/set_controllers__traits.hpp
-- Up-to-date: /home/user/humble_ws/install/multi_mode_control_msgs/include/multi_mode_control_msgs/multi_mode_control_msgs/srv/detail/get_controllers__builder.hpp
-- Up-to-date: /home/user/humble_ws/install/multi_mode_control_msgs/include/multi_mode_control_msgs/multi_mode_control_msgs/srv/detail/set_reflex__traits.hpp
-- Up-to-date: /home/user/humble_ws/install/multi_mode_control_msgs/include/multi_mode_control_msgs/multi_mode_control_msgs/srv/detail/set_joint_impedance__builder.hpp
-- Up-to-date: /home/user/humble_ws/install/multi_mode_control_msgs/include/multi_mode_control_msgs/multi_mode_control_msgs/srv/detail/set_controllers__struct.hpp
-- Up-to-date: /home/user/humble_ws/install/multi_mode_control_msgs/include/multi_mode_control_msgs/multi_mode_control_msgs/srv/detail/set_thresholds__traits.hpp
-- Up-to-date: /home/user/humble_ws/install/multi_mode_control_msgs/include/multi_mode_control_msgs/multi_mode_control_msgs/srv/detail/set_cartesian_impedance__builder.hpp
-- Up-to-date: /home/user/humble_ws/install/multi_mode_control_msgs/include/multi_mode_control_msgs/multi_mode_control_msgs/srv/detail/get_robot_states__traits.hpp
-- Up-to-date: /home/user/humble_ws/install/multi_mode_control_msgs/include/multi_mode_control_msgs/multi_mode_control_msgs/srv/detail/get_controllers__traits.hpp
-- Up-to-date: /home/user/humble_ws/install/multi_mode_control_msgs/include/multi_mode_control_msgs/multi_mode_control_msgs/srv/detail/set_world_state__traits.hpp
-- Up-to-date: /home/user/humble_ws/install/multi_mode_control_msgs/include/multi_mode_control_msgs/multi_mode_control_msgs/srv/detail/set_joint_impedance__traits.hpp
-- Up-to-date: /home/user/humble_ws/install/multi_mode_control_msgs/include/multi_mode_control_msgs/multi_mode_control_msgs/srv/detail/set_thresholds__builder.hpp
-- Up-to-date: /home/user/humble_ws/install/multi_mode_control_msgs/include/multi_mode_control_msgs/multi_mode_control_msgs/srv/detail/set_cartesian_impedance__traits.hpp
-- Up-to-date: /home/user/humble_ws/install/multi_mode_control_msgs/include/multi_mode_control_msgs/multi_mode_control_msgs/srv/detail/set_world_state__struct.hpp
-- Up-to-date: /home/user/humble_ws/install/multi_mode_control_msgs/include/multi_mode_control_msgs/multi_mode_control_msgs/srv/detail/set_cartesian_impedance__struct.hpp
-- Up-to-date: /home/user/humble_ws/install/multi_mode_control_msgs/include/multi_mode_control_msgs/multi_mode_control_msgs/srv/detail/set_world_state__builder.hpp
-- Up-to-date: /home/user/humble_ws/install/multi_mode_control_msgs/include/multi_mode_control_msgs/multi_mode_control_msgs/srv/detail/get_controllers__struct.hpp
-- Up-to-date: /home/user/humble_ws/install/multi_mode_control_msgs/include/multi_mode_control_msgs/multi_mode_control_msgs/srv/detail/get_robot_states__struct.hpp
-- Up-to-date: /home/user/humble_ws/install/multi_mode_control_msgs/include/multi_mode_control_msgs/multi_mode_control_msgs/srv/detail/set_thresholds__struct.hpp
-- Up-to-date: /home/user/humble_ws/install/multi_mode_control_msgs/include/multi_mode_control_msgs/multi_mode_control_msgs/srv/detail/get_robot_states__builder.hpp
-- Up-to-date: /home/user/humble_ws/install/multi_mode_control_msgs/include/multi_mode_control_msgs/multi_mode_control_msgs/srv/detail/set_recovery_mode__traits.hpp
-- Up-to-date: /home/user/humble_ws/install/multi_mode_control_msgs/include/multi_mode_control_msgs/multi_mode_control_msgs/srv/detail/set_joint_impedance__struct.hpp
-- Up-to-date: /home/user/humble_ws/install/multi_mode_control_msgs/include/multi_mode_control_msgs/multi_mode_control_msgs/srv/detail/set_reflex__struct.hpp
-- Up-to-date: /home/user/humble_ws/install/multi_mode_control_msgs/include/multi_mode_control_msgs/multi_mode_control_msgs/srv/detail/set_recovery_mode__struct.hpp
-- Up-to-date: /home/user/humble_ws/install/multi_mode_control_msgs/include/multi_mode_control_msgs/multi_mode_control_msgs/srv/set_thresholds.hpp
-- Up-to-date: /home/user/humble_ws/install/multi_mode_control_msgs/include/multi_mode_control_msgs/multi_mode_control_msgs/srv/set_joint_impedance.hpp
-- Up-to-date: /home/user/humble_ws/install/multi_mode_control_msgs/include/multi_mode_control_msgs/multi_mode_control_msgs/srv/set_cartesian_impedance.hpp
-- Up-to-date: /home/user/humble_ws/install/multi_mode_control_msgs/include/multi_mode_control_msgs/multi_mode_control_msgs/srv/set_reflex.hpp
-- Up-to-date: /home/user/humble_ws/install/multi_mode_control_msgs/include/multi_mode_control_msgs/multi_mode_control_msgs/srv/get_robot_states.hpp
-- Up-to-date: /home/user/humble_ws/install/multi_mode_control_msgs/include/multi_mode_control_msgs/multi_mode_control_msgs/srv/set_recovery_mode.hpp
-- Up-to-date: /home/user/humble_ws/install/multi_mode_control_msgs/include/multi_mode_control_msgs/multi_mode_control_msgs/srv/set_controllers.hpp
-- Up-to-date: /home/user/humble_ws/install/multi_mode_control_msgs/include/multi_mode_control_msgs/multi_mode_control_msgs/srv/set_world_state.hpp
-- Up-to-date: /home/user/humble_ws/install/multi_mode_control_msgs/include/multi_mode_control_msgs/multi_mode_control_msgs/msg
-- Up-to-date: /home/user/humble_ws/install/multi_mode_control_msgs/include/multi_mode_control_msgs/multi_mode_control_msgs/msg/joint_goal.hpp
-- Up-to-date: /home/user/humble_ws/install/multi_mode_control_msgs/include/multi_mode_control_msgs/multi_mode_control_msgs/msg/velocity_goal.hpp
-- Up-to-date: /home/user/humble_ws/install/multi_mode_control_msgs/include/multi_mode_control_msgs/multi_mode_control_msgs/msg/joint_array.hpp
-- Up-to-date: /home/user/humble_ws/install/multi_mode_control_msgs/include/multi_mode_control_msgs/multi_mode_control_msgs/msg/contact_thresholds.hpp
-- Up-to-date: /home/user/humble_ws/install/multi_mode_control_msgs/include/multi_mode_control_msgs/multi_mode_control_msgs/msg/detail
-- Up-to-date: /home/user/humble_ws/install/multi_mode_control_msgs/include/multi_mode_control_msgs/multi_mode_control_msgs/msg/detail/joint_goal__builder.hpp
-- Up-to-date: /home/user/humble_ws/install/multi_mode_control_msgs/include/multi_mode_control_msgs/multi_mode_control_msgs/msg/detail/controller__struct.hpp
-- Up-to-date: /home/user/humble_ws/install/multi_mode_control_msgs/include/multi_mode_control_msgs/multi_mode_control_msgs/msg/detail/cartesian_impedance_goal__builder.hpp
-- Up-to-date: /home/user/humble_ws/install/multi_mode_control_msgs/include/multi_mode_control_msgs/multi_mode_control_msgs/msg/detail/dual_cartesian_impedance_goal__traits.hpp
-- Up-to-date: /home/user/humble_ws/install/multi_mode_control_msgs/include/multi_mode_control_msgs/multi_mode_control_msgs/msg/detail/wrench__builder.hpp
-- Up-to-date: /home/user/humble_ws/install/multi_mode_control_msgs/include/multi_mode_control_msgs/multi_mode_control_msgs/msg/detail/controller__builder.hpp
-- Up-to-date: /home/user/humble_ws/install/multi_mode_control_msgs/include/multi_mode_control_msgs/multi_mode_control_msgs/msg/detail/cartesian_impedance_goal__struct.hpp
-- Up-to-date: /home/user/humble_ws/install/multi_mode_control_msgs/include/multi_mode_control_msgs/multi_mode_control_msgs/msg/detail/wrench__traits.hpp
-- Up-to-date: /home/user/humble_ws/install/multi_mode_control_msgs/include/multi_mode_control_msgs/multi_mode_control_msgs/msg/detail/dual_cartesian_impedance_goal__builder.hpp
-- Up-to-date: /home/user/humble_ws/install/multi_mode_control_msgs/include/multi_mode_control_msgs/multi_mode_control_msgs/msg/detail/contact_thresholds__struct.hpp
-- Up-to-date: /home/user/humble_ws/install/multi_mode_control_msgs/include/multi_mode_control_msgs/multi_mode_control_msgs/msg/detail/joint_goal__struct.hpp
-- Up-to-date: /home/user/humble_ws/install/multi_mode_control_msgs/include/multi_mode_control_msgs/multi_mode_control_msgs/msg/detail/wrench__struct.hpp
-- Up-to-date: /home/user/humble_ws/install/multi_mode_control_msgs/include/multi_mode_control_msgs/multi_mode_control_msgs/msg/detail/joint_array__builder.hpp
-- Up-to-date: /home/user/humble_ws/install/multi_mode_control_msgs/include/multi_mode_control_msgs/multi_mode_control_msgs/msg/detail/velocity_goal__traits.hpp
-- Up-to-date: /home/user/humble_ws/install/multi_mode_control_msgs/include/multi_mode_control_msgs/multi_mode_control_msgs/msg/detail/dual_cartesian_impedance_goal__struct.hpp
-- Up-to-date: /home/user/humble_ws/install/multi_mode_control_msgs/include/multi_mode_control_msgs/multi_mode_control_msgs/msg/detail/joint_goal__traits.hpp
-- Up-to-date: /home/user/humble_ws/install/multi_mode_control_msgs/include/multi_mode_control_msgs/multi_mode_control_msgs/msg/detail/joint_array__traits.hpp
-- Up-to-date: /home/user/humble_ws/install/multi_mode_control_msgs/include/multi_mode_control_msgs/multi_mode_control_msgs/msg/detail/cartesian_impedance_goal__traits.hpp
-- Up-to-date: /home/user/humble_ws/install/multi_mode_control_msgs/include/multi_mode_control_msgs/multi_mode_control_msgs/msg/detail/joint_array__struct.hpp
-- Up-to-date: /home/user/humble_ws/install/multi_mode_control_msgs/include/multi_mode_control_msgs/multi_mode_control_msgs/msg/detail/velocity_goal__builder.hpp
-- Up-to-date: /home/user/humble_ws/install/multi_mode_control_msgs/include/multi_mode_control_msgs/multi_mode_control_msgs/msg/detail/controller__traits.hpp
-- Up-to-date: /home/user/humble_ws/install/multi_mode_control_msgs/include/multi_mode_control_msgs/multi_mode_control_msgs/msg/detail/contact_thresholds__builder.hpp
-- Up-to-date: /home/user/humble_ws/install/multi_mode_control_msgs/include/multi_mode_control_msgs/multi_mode_control_msgs/msg/detail/contact_thresholds__traits.hpp
-- Up-to-date: /home/user/humble_ws/install/multi_mode_control_msgs/include/multi_mode_control_msgs/multi_mode_control_msgs/msg/detail/velocity_goal__struct.hpp
-- Up-to-date: /home/user/humble_ws/install/multi_mode_control_msgs/include/multi_mode_control_msgs/multi_mode_control_msgs/msg/dual_cartesian_impedance_goal.hpp
-- Up-to-date: /home/user/humble_ws/install/multi_mode_control_msgs/include/multi_mode_control_msgs/multi_mode_control_msgs/msg/wrench.hpp
-- Up-to-date: /home/user/humble_ws/install/multi_mode_control_msgs/include/multi_mode_control_msgs/multi_mode_control_msgs/msg/cartesian_impedance_goal.hpp
-- Up-to-date: /home/user/humble_ws/install/multi_mode_control_msgs/include/multi_mode_control_msgs/multi_mode_control_msgs/msg/controller.hpp
-- Up-to-date: /home/user/humble_ws/install/multi_mode_control_msgs/include/multi_mode_control_msgs/multi_mode_control_msgs
-- Up-to-date: /home/user/humble_ws/install/multi_mode_control_msgs/include/multi_mode_control_msgs/multi_mode_control_msgs/srv
-- Up-to-date: /home/user/humble_ws/install/multi_mode_control_msgs/include/multi_mode_control_msgs/multi_mode_control_msgs/srv/detail
-- Up-to-date: /home/user/humble_ws/install/multi_mode_control_msgs/include/multi_mode_control_msgs/multi_mode_control_msgs/srv/detail/dds_fastrtps
-- Up-to-date: /home/user/humble_ws/install/multi_mode_control_msgs/include/multi_mode_control_msgs/multi_mode_control_msgs/srv/detail/get_robot_states__rosidl_typesupport_fastrtps_cpp.hpp
-- Up-to-date: /home/user/humble_ws/install/multi_mode_control_msgs/include/multi_mode_control_msgs/multi_mode_control_msgs/srv/detail/set_recovery_mode__rosidl_typesupport_fastrtps_cpp.hpp
-- Up-to-date: /home/user/humble_ws/install/multi_mode_control_msgs/include/multi_mode_control_msgs/multi_mode_control_msgs/srv/detail/set_cartesian_impedance__rosidl_typesupport_fastrtps_cpp.hpp
-- Up-to-date: /home/user/humble_ws/install/multi_mode_control_msgs/include/multi_mode_control_msgs/multi_mode_control_msgs/srv/detail/set_reflex__rosidl_typesupport_fastrtps_cpp.hpp
-- Up-to-date: /home/user/humble_ws/install/multi_mode_control_msgs/include/multi_mode_control_msgs/multi_mode_control_msgs/srv/detail/set_world_state__rosidl_typesupport_fastrtps_cpp.hpp
-- Up-to-date: /home/user/humble_ws/install/multi_mode_control_msgs/include/multi_mode_control_msgs/multi_mode_control_msgs/srv/detail/set_joint_impedance__rosidl_typesupport_fastrtps_cpp.hpp
-- Up-to-date: /home/user/humble_ws/install/multi_mode_control_msgs/include/multi_mode_control_msgs/multi_mode_control_msgs/srv/detail/set_controllers__rosidl_typesupport_fastrtps_cpp.hpp
-- Up-to-date: /home/user/humble_ws/install/multi_mode_control_msgs/include/multi_mode_control_msgs/multi_mode_control_msgs/srv/detail/set_thresholds__rosidl_typesupport_fastrtps_cpp.hpp
-- Up-to-date: /home/user/humble_ws/install/multi_mode_control_msgs/include/multi_mode_control_msgs/multi_mode_control_msgs/srv/detail/get_controllers__rosidl_typesupport_fastrtps_cpp.hpp
-- Up-to-date: /home/user/humble_ws/install/multi_mode_control_msgs/include/multi_mode_control_msgs/multi_mode_control_msgs/msg
-- Up-to-date: /home/user/humble_ws/install/multi_mode_control_msgs/include/multi_mode_control_msgs/multi_mode_control_msgs/msg/detail
-- Up-to-date: /home/user/humble_ws/install/multi_mode_control_msgs/include/multi_mode_control_msgs/multi_mode_control_msgs/msg/detail/dds_fastrtps
-- Up-to-date: /home/user/humble_ws/install/multi_mode_control_msgs/include/multi_mode_control_msgs/multi_mode_control_msgs/msg/detail/controller__rosidl_typesupport_fastrtps_cpp.hpp
-- Up-to-date: /home/user/humble_ws/install/multi_mode_control_msgs/include/multi_mode_control_msgs/multi_mode_control_msgs/msg/detail/velocity_goal__rosidl_typesupport_fastrtps_cpp.hpp
-- Up-to-date: /home/user/humble_ws/install/multi_mode_control_msgs/include/multi_mode_control_msgs/multi_mode_control_msgs/msg/detail/joint_array__rosidl_typesupport_fastrtps_cpp.hpp
-- Up-to-date: /home/user/humble_ws/install/multi_mode_control_msgs/include/multi_mode_control_msgs/multi_mode_control_msgs/msg/detail/cartesian_impedance_goal__rosidl_typesupport_fastrtps_cpp.hpp
-- Up-to-date: /home/user/humble_ws/install/multi_mode_control_msgs/include/multi_mode_control_msgs/multi_mode_control_msgs/msg/detail/wrench__rosidl_typesupport_fastrtps_cpp.hpp
-- Up-to-date: /home/user/humble_ws/install/multi_mode_control_msgs/include/multi_mode_control_msgs/multi_mode_control_msgs/msg/detail/contact_thresholds__rosidl_typesupport_fastrtps_cpp.hpp
-- Up-to-date: /home/user/humble_ws/install/multi_mode_control_msgs/include/multi_mode_control_msgs/multi_mode_control_msgs/msg/detail/dual_cartesian_impedance_goal__rosidl_typesupport_fastrtps_cpp.hpp
-- Up-to-date: /home/user/humble_ws/install/multi_mode_control_msgs/include/multi_mode_control_msgs/multi_mode_control_msgs/msg/detail/joint_goal__rosidl_typesupport_fastrtps_cpp.hpp
-- Up-to-date: /home/user/humble_ws/install/multi_mode_control_msgs/include/multi_mode_control_msgs/multi_mode_control_msgs/msg/rosidl_typesupport_fastrtps_cpp__visibility_control.h
-- Up-to-date: /home/user/humble_ws/install/multi_mode_control_msgs/lib/libmulti_mode_control_msgs__rosidl_typesupport_fastrtps_cpp.so
-- Up-to-date: /home/user/humble_ws/install/multi_mode_control_msgs/include/multi_mode_control_msgs/multi_mode_control_msgs
-- Up-to-date: /home/user/humble_ws/install/multi_mode_control_msgs/include/multi_mode_control_msgs/multi_mode_control_msgs/srv
-- Up-to-date: /home/user/humble_ws/install/multi_mode_control_msgs/include/multi_mode_control_msgs/multi_mode_control_msgs/srv/detail
-- Up-to-date: /home/user/humble_ws/install/multi_mode_control_msgs/include/multi_mode_control_msgs/multi_mode_control_msgs/srv/detail/get_robot_states__type_support.c
-- Up-to-date: /home/user/humble_ws/install/multi_mode_control_msgs/include/multi_mode_control_msgs/multi_mode_control_msgs/srv/detail/set_world_state__rosidl_typesupport_introspection_c.h
-- Up-to-date: /home/user/humble_ws/install/multi_mode_control_msgs/include/multi_mode_control_msgs/multi_mode_control_msgs/srv/detail/set_controllers__rosidl_typesupport_introspection_c.h
-- Up-to-date: /home/user/humble_ws/install/multi_mode_control_msgs/include/multi_mode_control_msgs/multi_mode_control_msgs/srv/detail/set_joint_impedance__rosidl_typesupport_introspection_c.h
-- Up-to-date: /home/user/humble_ws/install/multi_mode_control_msgs/include/multi_mode_control_msgs/multi_mode_control_msgs/srv/detail/set_cartesian_impedance__type_support.c
-- Up-to-date: /home/user/humble_ws/install/multi_mode_control_msgs/include/multi_mode_control_msgs/multi_mode_control_msgs/srv/detail/set_recovery_mode__type_support.c
-- Up-to-date: /home/user/humble_ws/install/multi_mode_control_msgs/include/multi_mode_control_msgs/multi_mode_control_msgs/srv/detail/get_robot_states__rosidl_typesupport_introspection_c.h
-- Up-to-date: /home/user/humble_ws/install/multi_mode_control_msgs/include/multi_mode_control_msgs/multi_mode_control_msgs/srv/detail/set_joint_impedance__type_support.c
-- Up-to-date: /home/user/humble_ws/install/multi_mode_control_msgs/include/multi_mode_control_msgs/multi_mode_control_msgs/srv/detail/set_controllers__type_support.c
-- Up-to-date: /home/user/humble_ws/install/multi_mode_control_msgs/include/multi_mode_control_msgs/multi_mode_control_msgs/srv/detail/set_reflex__type_support.c
-- Up-to-date: /home/user/humble_ws/install/multi_mode_control_msgs/include/multi_mode_control_msgs/multi_mode_control_msgs/srv/detail/set_thresholds__type_support.c
-- Up-to-date: /home/user/humble_ws/install/multi_mode_control_msgs/include/multi_mode_control_msgs/multi_mode_control_msgs/srv/detail/set_reflex__rosidl_typesupport_introspection_c.h
-- Up-to-date: /home/user/humble_ws/install/multi_mode_control_msgs/include/multi_mode_control_msgs/multi_mode_control_msgs/srv/detail/get_controllers__rosidl_typesupport_introspection_c.h
-- Up-to-date: /home/user/humble_ws/install/multi_mode_control_msgs/include/multi_mode_control_msgs/multi_mode_control_msgs/srv/detail/set_thresholds__rosidl_typesupport_introspection_c.h
-- Up-to-date: /home/user/humble_ws/install/multi_mode_control_msgs/include/multi_mode_control_msgs/multi_mode_control_msgs/srv/detail/set_cartesian_impedance__rosidl_typesupport_introspection_c.h
-- Up-to-date: /home/user/humble_ws/install/multi_mode_control_msgs/include/multi_mode_control_msgs/multi_mode_control_msgs/srv/detail/set_recovery_mode__rosidl_typesupport_introspection_c.h
-- Up-to-date: /home/user/humble_ws/install/multi_mode_control_msgs/include/multi_mode_control_msgs/multi_mode_control_msgs/srv/detail/get_controllers__type_support.c
-- Up-to-date: /home/user/humble_ws/install/multi_mode_control_msgs/include/multi_mode_control_msgs/multi_mode_control_msgs/srv/detail/set_world_state__type_support.c
-- Up-to-date: /home/user/humble_ws/install/multi_mode_control_msgs/include/multi_mode_control_msgs/multi_mode_control_msgs/msg
-- Up-to-date: /home/user/humble_ws/install/multi_mode_control_msgs/include/multi_mode_control_msgs/multi_mode_control_msgs/msg/detail
-- Up-to-date: /home/user/humble_ws/install/multi_mode_control_msgs/include/multi_mode_control_msgs/multi_mode_control_msgs/msg/detail/joint_array__rosidl_typesupport_introspection_c.h
-- Up-to-date: /home/user/humble_ws/install/multi_mode_control_msgs/include/multi_mode_control_msgs/multi_mode_control_msgs/msg/detail/joint_array__type_support.c
-- Up-to-date: /home/user/humble_ws/install/multi_mode_control_msgs/include/multi_mode_control_msgs/multi_mode_control_msgs/msg/detail/joint_goal__rosidl_typesupport_introspection_c.h
-- Up-to-date: /home/user/humble_ws/install/multi_mode_control_msgs/include/multi_mode_control_msgs/multi_mode_control_msgs/msg/detail/cartesian_impedance_goal__rosidl_typesupport_introspection_c.h
-- Up-to-date: /home/user/humble_ws/install/multi_mode_control_msgs/include/multi_mode_control_msgs/multi_mode_control_msgs/msg/detail/velocity_goal__type_support.c
-- Up-to-date: /home/user/humble_ws/install/multi_mode_control_msgs/include/multi_mode_control_msgs/multi_mode_control_msgs/msg/detail/wrench__rosidl_typesupport_introspection_c.h
-- Up-to-date: /home/user/humble_ws/install/multi_mode_control_msgs/include/multi_mode_control_msgs/multi_mode_control_msgs/msg/detail/cartesian_impedance_goal__type_support.c
-- Up-to-date: /home/user/humble_ws/install/multi_mode_control_msgs/include/multi_mode_control_msgs/multi_mode_control_msgs/msg/detail/controller__type_support.c
-- Up-to-date: /home/user/humble_ws/install/multi_mode_control_msgs/include/multi_mode_control_msgs/multi_mode_control_msgs/msg/detail/velocity_goal__rosidl_typesupport_introspection_c.h
-- Up-to-date: /home/user/humble_ws/install/multi_mode_control_msgs/include/multi_mode_control_msgs/multi_mode_control_msgs/msg/detail/dual_cartesian_impedance_goal__type_support.c
-- Up-to-date: /home/user/humble_ws/install/multi_mode_control_msgs/include/multi_mode_control_msgs/multi_mode_control_msgs/msg/detail/joint_goal__type_support.c
-- Up-to-date: /home/user/humble_ws/install/multi_mode_control_msgs/include/multi_mode_control_msgs/multi_mode_control_msgs/msg/detail/wrench__type_support.c
-- Up-to-date: /home/user/humble_ws/install/multi_mode_control_msgs/include/multi_mode_control_msgs/multi_mode_control_msgs/msg/detail/dual_cartesian_impedance_goal__rosidl_typesupport_introspection_c.h
-- Up-to-date: /home/user/humble_ws/install/multi_mode_control_msgs/include/multi_mode_control_msgs/multi_mode_control_msgs/msg/detail/contact_thresholds__rosidl_typesupport_introspection_c.h
-- Up-to-date: /home/user/humble_ws/install/multi_mode_control_msgs/include/multi_mode_control_msgs/multi_mode_control_msgs/msg/detail/controller__rosidl_typesupport_introspection_c.h
-- Up-to-date: /home/user/humble_ws/install/multi_mode_control_msgs/include/multi_mode_control_msgs/multi_mode_control_msgs/msg/detail/contact_thresholds__type_support.c
-- Up-to-date: /home/user/humble_ws/install/multi_mode_control_msgs/include/multi_mode_control_msgs/multi_mode_control_msgs/msg/rosidl_typesupport_introspection_c__visibility_control.h
-- Up-to-date: /home/user/humble_ws/install/multi_mode_control_msgs/lib/libmulti_mode_control_msgs__rosidl_typesupport_introspection_c.so
-- Up-to-date: /home/user/humble_ws/install/multi_mode_control_msgs/lib/libmulti_mode_control_msgs__rosidl_typesupport_c.so
-- Up-to-date: /home/user/humble_ws/install/multi_mode_control_msgs/include/multi_mode_control_msgs/multi_mode_control_msgs
-- Up-to-date: /home/user/humble_ws/install/multi_mode_control_msgs/include/multi_mode_control_msgs/multi_mode_control_msgs/srv
-- Up-to-date: /home/user/humble_ws/install/multi_mode_control_msgs/include/multi_mode_control_msgs/multi_mode_control_msgs/srv/detail
-- Up-to-date: /home/user/humble_ws/install/multi_mode_control_msgs/include/multi_mode_control_msgs/multi_mode_control_msgs/srv/detail/get_controllers__rosidl_typesupport_introspection_cpp.hpp
-- Up-to-date: /home/user/humble_ws/install/multi_mode_control_msgs/include/multi_mode_control_msgs/multi_mode_control_msgs/srv/detail/set_reflex__type_support.cpp
-- Up-to-date: /home/user/humble_ws/install/multi_mode_control_msgs/include/multi_mode_control_msgs/multi_mode_control_msgs/srv/detail/get_robot_states__rosidl_typesupport_introspection_cpp.hpp
-- Up-to-date: /home/user/humble_ws/install/multi_mode_control_msgs/include/multi_mode_control_msgs/multi_mode_control_msgs/srv/detail/set_world_state__rosidl_typesupport_introspection_cpp.hpp
-- Up-to-date: /home/user/humble_ws/install/multi_mode_control_msgs/include/multi_mode_control_msgs/multi_mode_control_msgs/srv/detail/set_reflex__rosidl_typesupport_introspection_cpp.hpp
-- Up-to-date: /home/user/humble_ws/install/multi_mode_control_msgs/include/multi_mode_control_msgs/multi_mode_control_msgs/srv/detail/set_thresholds__type_support.cpp
-- Up-to-date: /home/user/humble_ws/install/multi_mode_control_msgs/include/multi_mode_control_msgs/multi_mode_control_msgs/srv/detail/set_controllers__type_support.cpp
-- Up-to-date: /home/user/humble_ws/install/multi_mode_control_msgs/include/multi_mode_control_msgs/multi_mode_control_msgs/srv/detail/set_thresholds__rosidl_typesupport_introspection_cpp.hpp
-- Up-to-date: /home/user/humble_ws/install/multi_mode_control_msgs/include/multi_mode_control_msgs/multi_mode_control_msgs/srv/detail/set_recovery_mode__type_support.cpp
-- Up-to-date: /home/user/humble_ws/install/multi_mode_control_msgs/include/multi_mode_control_msgs/multi_mode_control_msgs/srv/detail/set_recovery_mode__rosidl_typesupport_introspection_cpp.hpp
-- Up-to-date: /home/user/humble_ws/install/multi_mode_control_msgs/include/multi_mode_control_msgs/multi_mode_control_msgs/srv/detail/set_controllers__rosidl_typesupport_introspection_cpp.hpp
-- Up-to-date: /home/user/humble_ws/install/multi_mode_control_msgs/include/multi_mode_control_msgs/multi_mode_control_msgs/srv/detail/set_joint_impedance__rosidl_typesupport_introspection_cpp.hpp
-- Up-to-date: /home/user/humble_ws/install/multi_mode_control_msgs/include/multi_mode_control_msgs/multi_mode_control_msgs/srv/detail/set_world_state__type_support.cpp
-- Up-to-date: /home/user/humble_ws/install/multi_mode_control_msgs/include/multi_mode_control_msgs/multi_mode_control_msgs/srv/detail/set_joint_impedance__type_support.cpp
-- Up-to-date: /home/user/humble_ws/install/multi_mode_control_msgs/include/multi_mode_control_msgs/multi_mode_control_msgs/srv/detail/get_controllers__type_support.cpp
-- Up-to-date: /home/user/humble_ws/install/multi_mode_control_msgs/include/multi_mode_control_msgs/multi_mode_control_msgs/srv/detail/get_robot_states__type_support.cpp
-- Up-to-date: /home/user/humble_ws/install/multi_mode_control_msgs/include/multi_mode_control_msgs/multi_mode_control_msgs/srv/detail/set_cartesian_impedance__rosidl_typesupport_introspection_cpp.hpp
-- Up-to-date: /home/user/humble_ws/install/multi_mode_control_msgs/include/multi_mode_control_msgs/multi_mode_control_msgs/srv/detail/set_cartesian_impedance__type_support.cpp
-- Up-to-date: /home/user/humble_ws/install/multi_mode_control_msgs/include/multi_mode_control_msgs/multi_mode_control_msgs/msg
-- Up-to-date: /home/user/humble_ws/install/multi_mode_control_msgs/include/multi_mode_control_msgs/multi_mode_control_msgs/msg/detail
-- Up-to-date: /home/user/humble_ws/install/multi_mode_control_msgs/include/multi_mode_control_msgs/multi_mode_control_msgs/msg/detail/joint_goal__rosidl_typesupport_introspection_cpp.hpp
-- Up-to-date: /home/user/humble_ws/install/multi_mode_control_msgs/include/multi_mode_control_msgs/multi_mode_control_msgs/msg/detail/dual_cartesian_impedance_goal__rosidl_typesupport_introspection_cpp.hpp
-- Up-to-date: /home/user/humble_ws/install/multi_mode_control_msgs/include/multi_mode_control_msgs/multi_mode_control_msgs/msg/detail/joint_goal__type_support.cpp
-- Up-to-date: /home/user/humble_ws/install/multi_mode_control_msgs/include/multi_mode_control_msgs/multi_mode_control_msgs/msg/detail/contact_thresholds__type_support.cpp
-- Up-to-date: /home/user/humble_ws/install/multi_mode_control_msgs/include/multi_mode_control_msgs/multi_mode_control_msgs/msg/detail/cartesian_impedance_goal__rosidl_typesupport_introspection_cpp.hpp
-- Up-to-date: /home/user/humble_ws/install/multi_mode_control_msgs/include/multi_mode_control_msgs/multi_mode_control_msgs/msg/detail/wrench__rosidl_typesupport_introspection_cpp.hpp
-- Up-to-date: /home/user/humble_ws/install/multi_mode_control_msgs/include/multi_mode_control_msgs/multi_mode_control_msgs/msg/detail/wrench__type_support.cpp
-- Up-to-date: /home/user/humble_ws/install/multi_mode_control_msgs/include/multi_mode_control_msgs/multi_mode_control_msgs/msg/detail/joint_array__type_support.cpp
-- Up-to-date: /home/user/humble_ws/install/multi_mode_control_msgs/include/multi_mode_control_msgs/multi_mode_control_msgs/msg/detail/controller__type_support.cpp
-- Up-to-date: /home/user/humble_ws/install/multi_mode_control_msgs/include/multi_mode_control_msgs/multi_mode_control_msgs/msg/detail/contact_thresholds__rosidl_typesupport_introspection_cpp.hpp
-- Up-to-date: /home/user/humble_ws/install/multi_mode_control_msgs/include/multi_mode_control_msgs/multi_mode_control_msgs/msg/detail/joint_array__rosidl_typesupport_introspection_cpp.hpp
-- Up-to-date: /home/user/humble_ws/install/multi_mode_control_msgs/include/multi_mode_control_msgs/multi_mode_control_msgs/msg/detail/cartesian_impedance_goal__type_support.cpp
-- Up-to-date: /home/user/humble_ws/install/multi_mode_control_msgs/include/multi_mode_control_msgs/multi_mode_control_msgs/msg/detail/dual_cartesian_impedance_goal__type_support.cpp
-- Up-to-date: /home/user/humble_ws/install/multi_mode_control_msgs/include/multi_mode_control_msgs/multi_mode_control_msgs/msg/detail/velocity_goal__type_support.cpp
-- Up-to-date: /home/user/humble_ws/install/multi_mode_control_msgs/include/multi_mode_control_msgs/multi_mode_control_msgs/msg/detail/velocity_goal__rosidl_typesupport_introspection_cpp.hpp
-- Up-to-date: /home/user/humble_ws/install/multi_mode_control_msgs/include/multi_mode_control_msgs/multi_mode_control_msgs/msg/detail/controller__rosidl_typesupport_introspection_cpp.hpp
-- Up-to-date: /home/user/humble_ws/install/multi_mode_control_msgs/lib/libmulti_mode_control_msgs__rosidl_typesupport_introspection_cpp.so
-- Up-to-date: /home/user/humble_ws/install/multi_mode_control_msgs/lib/libmulti_mode_control_msgs__rosidl_typesupport_cpp.so
-- Up-to-date: /home/user/humble_ws/install/multi_mode_control_msgs/share/multi_mode_control_msgs/environment/pythonpath.sh
-- Up-to-date: /home/user/humble_ws/install/multi_mode_control_msgs/share/multi_mode_control_msgs/environment/pythonpath.dsv
-- Up-to-date: /home/user/humble_ws/install/multi_mode_control_msgs/local/lib/python3.10/dist-packages/multi_mode_control_msgs-0.0.0-py3.10.egg-info
-- Installing: /home/user/humble_ws/install/multi_mode_control_msgs/local/lib/python3.10/dist-packages/multi_mode_control_msgs-0.0.0-py3.10.egg-info/top_level.txt
-- Installing: /home/user/humble_ws/install/multi_mode_control_msgs/local/lib/python3.10/dist-packages/multi_mode_control_msgs-0.0.0-py3.10.egg-info/dependency_links.txt
-- Installing: /home/user/humble_ws/install/multi_mode_control_msgs/local/lib/python3.10/dist-packages/multi_mode_control_msgs-0.0.0-py3.10.egg-info/SOURCES.txt
-- Installing: /home/user/humble_ws/install/multi_mode_control_msgs/local/lib/python3.10/dist-packages/multi_mode_control_msgs-0.0.0-py3.10.egg-info/PKG-INFO
-- Up-to-date: /home/user/humble_ws/install/multi_mode_control_msgs/local/lib/python3.10/dist-packages/multi_mode_control_msgs
-- Up-to-date: /home/user/humble_ws/install/multi_mode_control_msgs/local/lib/python3.10/dist-packages/multi_mode_control_msgs/multi_mode_control_msgs_s__rosidl_typesupport_introspection_c.cpython-310-x86_64-linux-gnu.so
-- Up-to-date: /home/user/humble_ws/install/multi_mode_control_msgs/local/lib/python3.10/dist-packages/multi_mode_control_msgs/_multi_mode_control_msgs_s.ep.rosidl_typesupport_fastrtps_c.c
-- Up-to-date: /home/user/humble_ws/install/multi_mode_control_msgs/local/lib/python3.10/dist-packages/multi_mode_control_msgs/_multi_mode_control_msgs_s.ep.rosidl_typesupport_c.c
-- Up-to-date: /home/user/humble_ws/install/multi_mode_control_msgs/local/lib/python3.10/dist-packages/multi_mode_control_msgs/multi_mode_control_msgs_s__rosidl_typesupport_c.cpython-310-x86_64-linux-gnu.so
-- Up-to-date: /home/user/humble_ws/install/multi_mode_control_msgs/local/lib/python3.10/dist-packages/multi_mode_control_msgs/libmulti_mode_control_msgs__rosidl_generator_py.so
-- Up-to-date: /home/user/humble_ws/install/multi_mode_control_msgs/local/lib/python3.10/dist-packages/multi_mode_control_msgs/srv
-- Up-to-date: /home/user/humble_ws/install/multi_mode_control_msgs/local/lib/python3.10/dist-packages/multi_mode_control_msgs/srv/_set_joint_impedance.py
-- Up-to-date: /home/user/humble_ws/install/multi_mode_control_msgs/local/lib/python3.10/dist-packages/multi_mode_control_msgs/srv/_set_reflex.py
-- Up-to-date: /home/user/humble_ws/install/multi_mode_control_msgs/local/lib/python3.10/dist-packages/multi_mode_control_msgs/srv/_get_controllers_s.c
-- Up-to-date: /home/user/humble_ws/install/multi_mode_control_msgs/local/lib/python3.10/dist-packages/multi_mode_control_msgs/srv/_get_robot_states.py
-- Up-to-date: /home/user/humble_ws/install/multi_mode_control_msgs/local/lib/python3.10/dist-packages/multi_mode_control_msgs/srv/_set_reflex_s.c
-- Up-to-date: /home/user/humble_ws/install/multi_mode_control_msgs/local/lib/python3.10/dist-packages/multi_mode_control_msgs/srv/_set_cartesian_impedance_s.c
-- Up-to-date: /home/user/humble_ws/install/multi_mode_control_msgs/local/lib/python3.10/dist-packages/multi_mode_control_msgs/srv/_set_controllers.py
-- Up-to-date: /home/user/humble_ws/install/multi_mode_control_msgs/local/lib/python3.10/dist-packages/multi_mode_control_msgs/srv/_set_thresholds.py
-- Up-to-date: /home/user/humble_ws/install/multi_mode_control_msgs/local/lib/python3.10/dist-packages/multi_mode_control_msgs/srv/_set_cartesian_impedance.py
-- Up-to-date: /home/user/humble_ws/install/multi_mode_control_msgs/local/lib/python3.10/dist-packages/multi_mode_control_msgs/srv/_set_joint_impedance_s.c
-- Up-to-date: /home/user/humble_ws/install/multi_mode_control_msgs/local/lib/python3.10/dist-packages/multi_mode_control_msgs/srv/_set_recovery_mode_s.c
-- Up-to-date: /home/user/humble_ws/install/multi_mode_control_msgs/local/lib/python3.10/dist-packages/multi_mode_control_msgs/srv/_set_world_state_s.c
-- Up-to-date: /home/user/humble_ws/install/multi_mode_control_msgs/local/lib/python3.10/dist-packages/multi_mode_control_msgs/srv/_set_world_state.py
-- Up-to-date: /home/user/humble_ws/install/multi_mode_control_msgs/local/lib/python3.10/dist-packages/multi_mode_control_msgs/srv/_set_controllers_s.c
-- Up-to-date: /home/user/humble_ws/install/multi_mode_control_msgs/local/lib/python3.10/dist-packages/multi_mode_control_msgs/srv/_set_thresholds_s.c
-- Up-to-date: /home/user/humble_ws/install/multi_mode_control_msgs/local/lib/python3.10/dist-packages/multi_mode_control_msgs/srv/_get_robot_states_s.c
-- Up-to-date: /home/user/humble_ws/install/multi_mode_control_msgs/local/lib/python3.10/dist-packages/multi_mode_control_msgs/srv/_set_recovery_mode.py
-- Up-to-date: /home/user/humble_ws/install/multi_mode_control_msgs/local/lib/python3.10/dist-packages/multi_mode_control_msgs/srv/__init__.py
-- Up-to-date: /home/user/humble_ws/install/multi_mode_control_msgs/local/lib/python3.10/dist-packages/multi_mode_control_msgs/srv/_get_controllers.py
-- Up-to-date: /home/user/humble_ws/install/multi_mode_control_msgs/local/lib/python3.10/dist-packages/multi_mode_control_msgs/multi_mode_control_msgs_s__rosidl_typesupport_fastrtps_c.cpython-310-x86_64-linux-gnu.so
-- Up-to-date: /home/user/humble_ws/install/multi_mode_control_msgs/local/lib/python3.10/dist-packages/multi_mode_control_msgs/msg
-- Up-to-date: /home/user/humble_ws/install/multi_mode_control_msgs/local/lib/python3.10/dist-packages/multi_mode_control_msgs/msg/_controller.py
-- Up-to-date: /home/user/humble_ws/install/multi_mode_control_msgs/local/lib/python3.10/dist-packages/multi_mode_control_msgs/msg/_controller_s.c
-- Up-to-date: /home/user/humble_ws/install/multi_mode_control_msgs/local/lib/python3.10/dist-packages/multi_mode_control_msgs/msg/_dual_cartesian_impedance_goal.py
-- Up-to-date: /home/user/humble_ws/install/multi_mode_control_msgs/local/lib/python3.10/dist-packages/multi_mode_control_msgs/msg/_dual_cartesian_impedance_goal_s.c
-- Up-to-date: /home/user/humble_ws/install/multi_mode_control_msgs/local/lib/python3.10/dist-packages/multi_mode_control_msgs/msg/_contact_thresholds_s.c
-- Up-to-date: /home/user/humble_ws/install/multi_mode_control_msgs/local/lib/python3.10/dist-packages/multi_mode_control_msgs/msg/_joint_array.py
-- Up-to-date: /home/user/humble_ws/install/multi_mode_control_msgs/local/lib/python3.10/dist-packages/multi_mode_control_msgs/msg/_contact_thresholds.py
-- Up-to-date: /home/user/humble_ws/install/multi_mode_control_msgs/local/lib/python3.10/dist-packages/multi_mode_control_msgs/msg/_wrench_s.c
-- Up-to-date: /home/user/humble_ws/install/multi_mode_control_msgs/local/lib/python3.10/dist-packages/multi_mode_control_msgs/msg/_cartesian_impedance_goal_s.c
-- Up-to-date: /home/user/humble_ws/install/multi_mode_control_msgs/local/lib/python3.10/dist-packages/multi_mode_control_msgs/msg/_joint_array_s.c
-- Up-to-date: /home/user/humble_ws/install/multi_mode_control_msgs/local/lib/python3.10/dist-packages/multi_mode_control_msgs/msg/_velocity_goal.py
-- Up-to-date: /home/user/humble_ws/install/multi_mode_control_msgs/local/lib/python3.10/dist-packages/multi_mode_control_msgs/msg/_joint_goal.py
-- Up-to-date: /home/user/humble_ws/install/multi_mode_control_msgs/local/lib/python3.10/dist-packages/multi_mode_control_msgs/msg/_velocity_goal_s.c
-- Up-to-date: /home/user/humble_ws/install/multi_mode_control_msgs/local/lib/python3.10/dist-packages/multi_mode_control_msgs/msg/_cartesian_impedance_goal.py
-- Up-to-date: /home/user/humble_ws/install/multi_mode_control_msgs/local/lib/python3.10/dist-packages/multi_mode_control_msgs/msg/_joint_goal_s.c
-- Up-to-date: /home/user/humble_ws/install/multi_mode_control_msgs/local/lib/python3.10/dist-packages/multi_mode_control_msgs/msg/__init__.py
-- Up-to-date: /home/user/humble_ws/install/multi_mode_control_msgs/local/lib/python3.10/dist-packages/multi_mode_control_msgs/msg/_wrench.py
-- Up-to-date: /home/user/humble_ws/install/multi_mode_control_msgs/local/lib/python3.10/dist-packages/multi_mode_control_msgs/__init__.py
-- Up-to-date: /home/user/humble_ws/install/multi_mode_control_msgs/local/lib/python3.10/dist-packages/multi_mode_control_msgs/_multi_mode_control_msgs_s.ep.rosidl_typesupport_introspection_c.c
Listing '/home/user/humble_ws/install/multi_mode_control_msgs/local/lib/python3.10/dist-packages/multi_mode_control_msgs'...
Listing '/home/user/humble_ws/install/multi_mode_control_msgs/local/lib/python3.10/dist-packages/multi_mode_control_msgs/msg'...
Listing '/home/user/humble_ws/install/multi_mode_control_msgs/local/lib/python3.10/dist-packages/multi_mode_control_msgs/srv'...
-- Up-to-date: /home/user/humble_ws/install/multi_mode_control_msgs/local/lib/python3.10/dist-packages/multi_mode_control_msgs/multi_mode_control_msgs_s__rosidl_typesupport_fastrtps_c.cpython-310-x86_64-linux-gnu.so
-- Up-to-date: /home/user/humble_ws/install/multi_mode_control_msgs/local/lib/python3.10/dist-packages/multi_mode_control_msgs/multi_mode_control_msgs_s__rosidl_typesupport_introspection_c.cpython-310-x86_64-linux-gnu.so
-- Up-to-date: /home/user/humble_ws/install/multi_mode_control_msgs/local/lib/python3.10/dist-packages/multi_mode_control_msgs/multi_mode_control_msgs_s__rosidl_typesupport_c.cpython-310-x86_64-linux-gnu.so
-- Up-to-date: /home/user/humble_ws/install/multi_mode_control_msgs/lib/libmulti_mode_control_msgs__rosidl_generator_py.so
-- Up-to-date: /home/user/humble_ws/install/multi_mode_control_msgs/share/multi_mode_control_msgs/msg/CartesianImpedanceGoal.idl
-- Up-to-date: /home/user/humble_ws/install/multi_mode_control_msgs/share/multi_mode_control_msgs/msg/DualCartesianImpedanceGoal.idl
-- Up-to-date: /home/user/humble_ws/install/multi_mode_control_msgs/share/multi_mode_control_msgs/msg/ContactThresholds.idl
-- Up-to-date: /home/user/humble_ws/install/multi_mode_control_msgs/share/multi_mode_control_msgs/msg/Controller.idl
-- Up-to-date: /home/user/humble_ws/install/multi_mode_control_msgs/share/multi_mode_control_msgs/msg/JointArray.idl
-- Up-to-date: /home/user/humble_ws/install/multi_mode_control_msgs/share/multi_mode_control_msgs/msg/JointGoal.idl
-- Up-to-date: /home/user/humble_ws/install/multi_mode_control_msgs/share/multi_mode_control_msgs/msg/VelocityGoal.idl
-- Up-to-date: /home/user/humble_ws/install/multi_mode_control_msgs/share/multi_mode_control_msgs/msg/Wrench.idl
-- Up-to-date: /home/user/humble_ws/install/multi_mode_control_msgs/share/multi_mode_control_msgs/srv/GetControllers.idl
-- Up-to-date: /home/user/humble_ws/install/multi_mode_control_msgs/share/multi_mode_control_msgs/srv/GetRobotStates.idl
-- Up-to-date: /home/user/humble_ws/install/multi_mode_control_msgs/share/multi_mode_control_msgs/srv/SetCartesianImpedance.idl
-- Up-to-date: /home/user/humble_ws/install/multi_mode_control_msgs/share/multi_mode_control_msgs/srv/SetControllers.idl
-- Up-to-date: /home/user/humble_ws/install/multi_mode_control_msgs/share/multi_mode_control_msgs/srv/SetJointImpedance.idl
-- Up-to-date: /home/user/humble_ws/install/multi_mode_control_msgs/share/multi_mode_control_msgs/srv/SetRecoveryMode.idl
-- Up-to-date: /home/user/humble_ws/install/multi_mode_control_msgs/share/multi_mode_control_msgs/srv/SetReflex.idl
-- Up-to-date: /home/user/humble_ws/install/multi_mode_control_msgs/share/multi_mode_control_msgs/srv/SetThresholds.idl
-- Up-to-date: /home/user/humble_ws/install/multi_mode_control_msgs/share/multi_mode_control_msgs/srv/SetWorldState.idl
-- Up-to-date: /home/user/humble_ws/install/multi_mode_control_msgs/share/multi_mode_control_msgs/msg/CartesianImpedanceGoal.msg
-- Up-to-date: /home/user/humble_ws/install/multi_mode_control_msgs/share/multi_mode_control_msgs/msg/DualCartesianImpedanceGoal.msg
-- Up-to-date: /home/user/humble_ws/install/multi_mode_control_msgs/share/multi_mode_control_msgs/msg/ContactThresholds.msg
-- Up-to-date: /home/user/humble_ws/install/multi_mode_control_msgs/share/multi_mode_control_msgs/msg/Controller.msg
-- Up-to-date: /home/user/humble_ws/install/multi_mode_control_msgs/share/multi_mode_control_msgs/msg/JointArray.msg
-- Up-to-date: /home/user/humble_ws/install/multi_mode_control_msgs/share/multi_mode_control_msgs/msg/JointGoal.msg
-- Up-to-date: /home/user/humble_ws/install/multi_mode_control_msgs/share/multi_mode_control_msgs/msg/VelocityGoal.msg
-- Up-to-date: /home/user/humble_ws/install/multi_mode_control_msgs/share/multi_mode_control_msgs/msg/Wrench.msg
-- Up-to-date: /home/user/humble_ws/install/multi_mode_control_msgs/share/multi_mode_control_msgs/srv/GetControllers.srv
-- Up-to-date: /home/user/humble_ws/install/multi_mode_control_msgs/share/multi_mode_control_msgs/srv/GetControllers_Request.msg
-- Up-to-date: /home/user/humble_ws/install/multi_mode_control_msgs/share/multi_mode_control_msgs/srv/GetControllers_Response.msg
-- Up-to-date: /home/user/humble_ws/install/multi_mode_control_msgs/share/multi_mode_control_msgs/srv/GetRobotStates.srv
-- Up-to-date: /home/user/humble_ws/install/multi_mode_control_msgs/share/multi_mode_control_msgs/srv/GetRobotStates_Request.msg
-- Up-to-date: /home/user/humble_ws/install/multi_mode_control_msgs/share/multi_mode_control_msgs/srv/GetRobotStates_Response.msg
-- Up-to-date: /home/user/humble_ws/install/multi_mode_control_msgs/share/multi_mode_control_msgs/srv/SetCartesianImpedance.srv
-- Up-to-date: /home/user/humble_ws/install/multi_mode_control_msgs/share/multi_mode_control_msgs/srv/SetCartesianImpedance_Request.msg
-- Up-to-date: /home/user/humble_ws/install/multi_mode_control_msgs/share/multi_mode_control_msgs/srv/SetCartesianImpedance_Response.msg
-- Up-to-date: /home/user/humble_ws/install/multi_mode_control_msgs/share/multi_mode_control_msgs/srv/SetControllers.srv
-- Up-to-date: /home/user/humble_ws/install/multi_mode_control_msgs/share/multi_mode_control_msgs/srv/SetControllers_Request.msg
-- Up-to-date: /home/user/humble_ws/install/multi_mode_control_msgs/share/multi_mode_control_msgs/srv/SetControllers_Response.msg
-- Up-to-date: /home/user/humble_ws/install/multi_mode_control_msgs/share/multi_mode_control_msgs/srv/SetJointImpedance.srv
-- Up-to-date: /home/user/humble_ws/install/multi_mode_control_msgs/share/multi_mode_control_msgs/srv/SetJointImpedance_Request.msg
-- Up-to-date: /home/user/humble_ws/install/multi_mode_control_msgs/share/multi_mode_control_msgs/srv/SetJointImpedance_Response.msg
-- Up-to-date: /home/user/humble_ws/install/multi_mode_control_msgs/share/multi_mode_control_msgs/srv/SetRecoveryMode.srv
-- Up-to-date: /home/user/humble_ws/install/multi_mode_control_msgs/share/multi_mode_control_msgs/srv/SetRecoveryMode_Request.msg
-- Up-to-date: /home/user/humble_ws/install/multi_mode_control_msgs/share/multi_mode_control_msgs/srv/SetRecoveryMode_Response.msg
-- Up-to-date: /home/user/humble_ws/install/multi_mode_control_msgs/share/multi_mode_control_msgs/srv/SetReflex.srv
-- Up-to-date: /home/user/humble_ws/install/multi_mode_control_msgs/share/multi_mode_control_msgs/srv/SetReflex_Request.msg
-- Up-to-date: /home/user/humble_ws/install/multi_mode_control_msgs/share/multi_mode_control_msgs/srv/SetReflex_Response.msg
-- Up-to-date: /home/user/humble_ws/install/multi_mode_control_msgs/share/multi_mode_control_msgs/srv/SetThresholds.srv
-- Up-to-date: /home/user/humble_ws/install/multi_mode_control_msgs/share/multi_mode_control_msgs/srv/SetThresholds_Request.msg
-- Up-to-date: /home/user/humble_ws/install/multi_mode_control_msgs/share/multi_mode_control_msgs/srv/SetThresholds_Response.msg
-- Up-to-date: /home/user/humble_ws/install/multi_mode_control_msgs/share/multi_mode_control_msgs/srv/SetWorldState.srv
-- Up-to-date: /home/user/humble_ws/install/multi_mode_control_msgs/share/multi_mode_control_msgs/srv/SetWorldState_Request.msg
-- Up-to-date: /home/user/humble_ws/install/multi_mode_control_msgs/share/multi_mode_control_msgs/srv/SetWorldState_Response.msg
-- Up-to-date: /home/user/humble_ws/install/multi_mode_control_msgs/share/ament_index/resource_index/package_run_dependencies/multi_mode_control_msgs
-- Up-to-date: /home/user/humble_ws/install/multi_mode_control_msgs/share/ament_index/resource_index/parent_prefix_path/multi_mode_control_msgs
-- Up-to-date: /home/user/humble_ws/install/multi_mode_control_msgs/share/multi_mode_control_msgs/environment/ament_prefix_path.sh
-- Up-to-date: /home/user/humble_ws/install/multi_mode_control_msgs/share/multi_mode_control_msgs/environment/ament_prefix_path.dsv
-- Up-to-date: /home/user/humble_ws/install/multi_mode_control_msgs/share/multi_mode_control_msgs/environment/path.sh
-- Up-to-date: /home/user/humble_ws/install/multi_mode_control_msgs/share/multi_mode_control_msgs/environment/path.dsv
-- Up-to-date: /home/user/humble_ws/install/multi_mode_control_msgs/share/multi_mode_control_msgs/local_setup.bash
-- Up-to-date: /home/user/humble_ws/install/multi_mode_control_msgs/share/multi_mode_control_msgs/local_setup.sh
-- Up-to-date: /home/user/humble_ws/install/multi_mode_control_msgs/share/multi_mode_control_msgs/local_setup.zsh
-- Up-to-date: /home/user/humble_ws/install/multi_mode_control_msgs/share/multi_mode_control_msgs/local_setup.dsv
-- Installing: /home/user/humble_ws/install/multi_mode_control_msgs/share/multi_mode_control_msgs/package.dsv
-- Up-to-date: /home/user/humble_ws/install/multi_mode_control_msgs/share/ament_index/resource_index/packages/multi_mode_control_msgs
-- Up-to-date: /home/user/humble_ws/install/multi_mode_control_msgs/share/multi_mode_control_msgs/cmake/export_multi_mode_control_msgs__rosidl_generator_cExport.cmake
-- Up-to-date: /home/user/humble_ws/install/multi_mode_control_msgs/share/multi_mode_control_msgs/cmake/export_multi_mode_control_msgs__rosidl_generator_cExport-release.cmake
-- Up-to-date: /home/user/humble_ws/install/multi_mode_control_msgs/share/multi_mode_control_msgs/cmake/export_multi_mode_control_msgs__rosidl_typesupport_fastrtps_cExport.cmake
-- Up-to-date: /home/user/humble_ws/install/multi_mode_control_msgs/share/multi_mode_control_msgs/cmake/export_multi_mode_control_msgs__rosidl_typesupport_fastrtps_cExport-release.cmake
-- Up-to-date: /home/user/humble_ws/install/multi_mode_control_msgs/share/multi_mode_control_msgs/cmake/export_multi_mode_control_msgs__rosidl_generator_cppExport.cmake
-- Up-to-date: /home/user/humble_ws/install/multi_mode_control_msgs/share/multi_mode_control_msgs/cmake/export_multi_mode_control_msgs__rosidl_typesupport_fastrtps_cppExport.cmake
-- Up-to-date: /home/user/humble_ws/install/multi_mode_control_msgs/share/multi_mode_control_msgs/cmake/export_multi_mode_control_msgs__rosidl_typesupport_fastrtps_cppExport-release.cmake
-- Up-to-date: /home/user/humble_ws/install/multi_mode_control_msgs/share/multi_mode_control_msgs/cmake/multi_mode_control_msgs__rosidl_typesupport_introspection_cExport.cmake
-- Up-to-date: /home/user/humble_ws/install/multi_mode_control_msgs/share/multi_mode_control_msgs/cmake/multi_mode_control_msgs__rosidl_typesupport_introspection_cExport-release.cmake
-- Up-to-date: /home/user/humble_ws/install/multi_mode_control_msgs/share/multi_mode_control_msgs/cmake/multi_mode_control_msgs__rosidl_typesupport_cExport.cmake
-- Up-to-date: /home/user/humble_ws/install/multi_mode_control_msgs/share/multi_mode_control_msgs/cmake/multi_mode_control_msgs__rosidl_typesupport_cExport-release.cmake
-- Up-to-date: /home/user/humble_ws/install/multi_mode_control_msgs/share/multi_mode_control_msgs/cmake/multi_mode_control_msgs__rosidl_typesupport_introspection_cppExport.cmake
-- Up-to-date: /home/user/humble_ws/install/multi_mode_control_msgs/share/multi_mode_control_msgs/cmake/multi_mode_control_msgs__rosidl_typesupport_introspection_cppExport-release.cmake
-- Up-to-date: /home/user/humble_ws/install/multi_mode_control_msgs/share/multi_mode_control_msgs/cmake/multi_mode_control_msgs__rosidl_typesupport_cppExport.cmake
-- Up-to-date: /home/user/humble_ws/install/multi_mode_control_msgs/share/multi_mode_control_msgs/cmake/multi_mode_control_msgs__rosidl_typesupport_cppExport-release.cmake
-- Up-to-date: /home/user/humble_ws/install/multi_mode_control_msgs/share/multi_mode_control_msgs/cmake/export_multi_mode_control_msgs__rosidl_generator_pyExport.cmake
-- Up-to-date: /home/user/humble_ws/install/multi_mode_control_msgs/share/multi_mode_control_msgs/cmake/export_multi_mode_control_msgs__rosidl_generator_pyExport-release.cmake
-- Up-to-date: /home/user/humble_ws/install/multi_mode_control_msgs/share/multi_mode_control_msgs/cmake/rosidl_cmake-extras.cmake
-- Up-to-date: /home/user/humble_ws/install/multi_mode_control_msgs/share/multi_mode_control_msgs/cmake/ament_cmake_export_dependencies-extras.cmake
-- Up-to-date: /home/user/humble_ws/install/multi_mode_control_msgs/share/multi_mode_control_msgs/cmake/ament_cmake_export_include_directories-extras.cmake
-- Up-to-date: /home/user/humble_ws/install/multi_mode_control_msgs/share/multi_mode_control_msgs/cmake/ament_cmake_export_libraries-extras.cmake
-- Up-to-date: /home/user/humble_ws/install/multi_mode_control_msgs/share/multi_mode_control_msgs/cmake/ament_cmake_export_targets-extras.cmake
-- Up-to-date: /home/user/humble_ws/install/multi_mode_control_msgs/share/multi_mode_control_msgs/cmake/rosidl_cmake_export_typesupport_targets-extras.cmake
-- Up-to-date: /home/user/humble_ws/install/multi_mode_control_msgs/share/multi_mode_control_msgs/cmake/rosidl_cmake_export_typesupport_libraries-extras.cmake
-- Up-to-date: /home/user/humble_ws/install/multi_mode_control_msgs/share/multi_mode_control_msgs/cmake/multi_mode_control_msgsConfig.cmake
-- Up-to-date: /home/user/humble_ws/install/multi_mode_control_msgs/share/multi_mode_control_msgs/cmake/multi_mode_control_msgsConfig-version.cmake
-- Up-to-date: /home/user/humble_ws/install/multi_mode_control_msgs/share/multi_mode_control_msgs/package.xml
