-- Found ament_cmake: 1.3.10 (/opt/ros/humble/share/ament_cmake/cmake)
-- Found rclcpp: 16.0.10 (/opt/ros/humble/share/rclcpp/cmake)
-- Found rosidl_generator_c: 3.1.5 (/opt/ros/humble/share/rosidl_generator_c/cmake)
-- Found rosidl_adapter: 3.1.5 (/opt/ros/humble/share/rosidl_adapter/cmake)
-- Found rosidl_generator_cpp: 3.1.5 (/opt/ros/humble/share/rosidl_generator_cpp/cmake)
-- Using all available rosidl_typesupport_c: rosidl_typesupport_fastrtps_c;rosidl_typesupport_introspection_c
-- Using all available rosidl_typesupport_cpp: rosidl_typesupport_fastrtps_cpp;rosidl_typesupport_introspection_cpp
-- Found rmw_implementation_cmake: 6.1.2 (/opt/ros/humble/share/rmw_implementation_cmake/cmake)
-- Found rmw_fastrtps_cpp: 6.2.7 (/opt/ros/humble/share/rmw_fastrtps_cpp/cmake)
-- Using RMW implementation 'rmw_fastrtps_cpp' as default
-- Found controller_interface: 2.44.0 (/opt/ros/humble/share/controller_interface/cmake)
-- Found franka_semantic_components: 0.0.0 (/home/user/humble_ws/install/franka_semantic_components/share/franka_semantic_components/cmake)
-- Found generate_parameter_library: 0.3.9 (/opt/ros/humble/share/generate_parameter_library/cmake)
-- Found parameter_traits: 0.3.9 (/opt/ros/humble/share/parameter_traits/cmake)
-- Found ament_cmake_clang_format: 0.12.11 (/opt/ros/humble/share/ament_cmake_clang_format/cmake)
-- Found ament_cmake_copyright: 0.12.11 (/opt/ros/humble/share/ament_cmake_copyright/cmake)
-- Found ament_cmake_cppcheck: 0.12.11 (/opt/ros/humble/share/ament_cmake_cppcheck/cmake)
-- Found ament_cmake_flake8: 0.12.11 (/opt/ros/humble/share/ament_cmake_flake8/cmake)
-- Found ament_cmake_lint_cmake: 0.12.11 (/opt/ros/humble/share/ament_cmake_lint_cmake/cmake)
-- Found ament_cmake_pep257: 0.12.11 (/opt/ros/humble/share/ament_cmake_pep257/cmake)
-- Found ament_cmake_xmllint: 0.12.11 (/opt/ros/humble/share/ament_cmake_xmllint/cmake)
-- Configuring done
-- Generating done
-- Build files have been written to: /home/user/humble_ws/build/franka_example_controllers
[  7%] Built target franka_example_controllers_parameters
[35m[1mConsolidate compiler generated dependencies of target franka_example_controllers[0m
[100%] Built target franka_example_controllers
-- Install configuration: "Release"
-- Up-to-date: /home/user/humble_ws/install/franka_example_controllers/include/franka_example_controllers_parameters
-- Up-to-date: /home/user/humble_ws/install/franka_example_controllers/include/franka_example_controllers_parameters/franka_example_controllers_parameters.hpp
-- Up-to-date: /home/user/humble_ws/install/franka_example_controllers/share/franka_example_controllers/franka_example_controllers.xml
-- Up-to-date: /home/user/humble_ws/install/franka_example_controllers/lib/libfranka_example_controllers.so
-- Up-to-date: /home/user/humble_ws/install/franka_example_controllers/include
-- Up-to-date: /home/user/humble_ws/install/franka_example_controllers/include/franka_example_controllers
-- Up-to-date: /home/user/humble_ws/install/franka_example_controllers/include/franka_example_controllers/cartesian_velocity_example_controller.hpp
-- Up-to-date: /home/user/humble_ws/install/franka_example_controllers/include/franka_example_controllers/joint_velocity_example_controller.hpp
-- Up-to-date: /home/user/humble_ws/install/franka_example_controllers/include/franka_example_controllers/gravity_compensation_example_controller.hpp
-- Up-to-date: /home/user/humble_ws/install/franka_example_controllers/include/franka_example_controllers/multi_joint_impedance_example_controller.hpp
-- Up-to-date: /home/user/humble_ws/install/franka_example_controllers/include/franka_example_controllers/model_example_controller.hpp
-- Up-to-date: /home/user/humble_ws/install/franka_example_controllers/include/franka_example_controllers/dual_joint_velocity_example_controller.hpp
-- Up-to-date: /home/user/humble_ws/install/franka_example_controllers/include/franka_example_controllers/cartesian_impedance_example_controller.hpp
-- Up-to-date: /home/user/humble_ws/install/franka_example_controllers/include/franka_example_controllers/move_to_start_example_controller.hpp
-- Up-to-date: /home/user/humble_ws/install/franka_example_controllers/include/franka_example_controllers/motion_generator.hpp
-- Up-to-date: /home/user/humble_ws/install/franka_example_controllers/include/franka_example_controllers/joint_impedance_example_controller.hpp
-- Up-to-date: /home/user/humble_ws/install/franka_example_controllers/include/franka_example_controllers/joint_position_example_controller.hpp
-- Up-to-date: /home/user/humble_ws/install/franka_example_controllers/share/franka_example_controllers/environment/library_path.sh
-- Installing: /home/user/humble_ws/install/franka_example_controllers/share/franka_example_controllers/environment/library_path.dsv
-- Up-to-date: /home/user/humble_ws/install/franka_example_controllers/share/ament_index/resource_index/package_run_dependencies/franka_example_controllers
-- Installing: /home/user/humble_ws/install/franka_example_controllers/share/ament_index/resource_index/parent_prefix_path/franka_example_controllers
-- Up-to-date: /home/user/humble_ws/install/franka_example_controllers/share/franka_example_controllers/environment/ament_prefix_path.sh
-- Installing: /home/user/humble_ws/install/franka_example_controllers/share/franka_example_controllers/environment/ament_prefix_path.dsv
-- Up-to-date: /home/user/humble_ws/install/franka_example_controllers/share/franka_example_controllers/environment/path.sh
-- Installing: /home/user/humble_ws/install/franka_example_controllers/share/franka_example_controllers/environment/path.dsv
-- Up-to-date: /home/user/humble_ws/install/franka_example_controllers/share/franka_example_controllers/local_setup.bash
-- Up-to-date: /home/user/humble_ws/install/franka_example_controllers/share/franka_example_controllers/local_setup.sh
-- Up-to-date: /home/user/humble_ws/install/franka_example_controllers/share/franka_example_controllers/local_setup.zsh
-- Installing: /home/user/humble_ws/install/franka_example_controllers/share/franka_example_controllers/local_setup.dsv
-- Installing: /home/user/humble_ws/install/franka_example_controllers/share/franka_example_controllers/package.dsv
-- Up-to-date: /home/user/humble_ws/install/franka_example_controllers/share/ament_index/resource_index/packages/franka_example_controllers
-- Up-to-date: /home/user/humble_ws/install/franka_example_controllers/share/ament_index/resource_index/controller_interface__pluginlib__plugin/franka_example_controllers
-- Up-to-date: /home/user/humble_ws/install/franka_example_controllers/share/franka_example_controllers/cmake/ament_cmake_export_include_directories-extras.cmake
-- Up-to-date: /home/user/humble_ws/install/franka_example_controllers/share/franka_example_controllers/cmake/ament_cmake_export_libraries-extras.cmake
-- Up-to-date: /home/user/humble_ws/install/franka_example_controllers/share/franka_example_controllers/cmake/ament_cmake_export_dependencies-extras.cmake
-- Up-to-date: /home/user/humble_ws/install/franka_example_controllers/share/franka_example_controllers/cmake/franka_example_controllersConfig.cmake
-- Up-to-date: /home/user/humble_ws/install/franka_example_controllers/share/franka_example_controllers/cmake/franka_example_controllersConfig-version.cmake
-- Up-to-date: /home/user/humble_ws/install/franka_example_controllers/share/franka_example_controllers/package.xml
