[0.037s] Invoking command in '/home/user/humble_ws/build/franka_example_controllers': CMAKE_PREFIX_PATH=/home/user/humble_ws/install/franka_semantic_components:/home/user/humble_ws/install/franka_hardware:/home/user/humble_ws/install/franka_msgs:/home/user/humble_ws/install/panda_motion_generators:/home/user/humble_ws/install/panda_motion_generator_msgs:/home/user/humble_ws/install/multi_mode_controller_impl:/home/user/humble_ws/install/multi_mode_controller:/home/user/humble_ws/install/multi_mode_control_msgs:/home/user/humble_ws/install/garmi_controllers:/home/user/humble_ws/install/franka_robot_state_broadcaster:/home/user/humble_ws/install/franka_example_controllers:/home/user/humble_ws/install/franka_moveit_config:/home/user/humble_ws/install/franka_bringup:/home/user/humble_ws/install/franka_gripper:/home/user/humble_ws/install/franka_control2:/home/user/humble_ws/install/franka_description:/home/user/Libraries/libfranka/lib/cmake:/home/user/Libraries/mujoco/lib/cmake:/opt/ros/humble LD_LIBRARY_PATH=/home/user/humble_ws/install/franka_semantic_components/lib:/home/user/humble_ws/install/franka_hardware/lib:/home/user/humble_ws/install/franka_msgs/lib:/home/user/humble_ws/install/panda_motion_generators/lib:/home/user/humble_ws/install/panda_motion_generator_msgs/lib:/home/user/humble_ws/install/multi_mode_controller_impl/lib:/home/user/humble_ws/install/multi_mode_controller/lib:/home/user/humble_ws/install/multi_mode_control_msgs/lib:/home/user/humble_ws/install/garmi_controllers/lib:/home/user/humble_ws/install/franka_robot_state_broadcaster/lib:/home/user/humble_ws/install/franka_example_controllers/lib:/home/user/humble_ws/install/franka_gripper/lib:/opt/ros/humble/opt/rviz_ogre_vendor/lib:/opt/ros/humble/lib/x86_64-linux-gnu:/opt/ros/humble/lib:/home/user/Libraries/libfranka/lib:/home/user/Libraries/mujoco/lib /usr/bin/cmake /home/user/humble_ws/src/bimanual_architecture/franka_example_controllers -DCMAKE_INSTALL_PREFIX=/home/user/humble_ws/install/franka_example_controllers
[0.060s] -- Found ament_cmake: 1.3.10 (/opt/ros/humble/share/ament_cmake/cmake)
[0.226s] -- Found rclcpp: 16.0.10 (/opt/ros/humble/share/rclcpp/cmake)
[0.258s] -- Found rosidl_generator_c: 3.1.5 (/opt/ros/humble/share/rosidl_generator_c/cmake)
[0.260s] -- Found rosidl_adapter: 3.1.5 (/opt/ros/humble/share/rosidl_adapter/cmake)
[0.267s] -- Found rosidl_generator_cpp: 3.1.5 (/opt/ros/humble/share/rosidl_generator_cpp/cmake)
[0.279s] -- Using all available rosidl_typesupport_c: rosidl_typesupport_fastrtps_c;rosidl_typesupport_introspection_c
[0.294s] -- Using all available rosidl_typesupport_cpp: rosidl_typesupport_fastrtps_cpp;rosidl_typesupport_introspection_cpp
[0.332s] -- Found rmw_implementation_cmake: 6.1.2 (/opt/ros/humble/share/rmw_implementation_cmake/cmake)
[0.335s] -- Found rmw_fastrtps_cpp: 6.2.7 (/opt/ros/humble/share/rmw_fastrtps_cpp/cmake)
[0.468s] -- Using RMW implementation 'rmw_fastrtps_cpp' as default
[0.526s] -- Found controller_interface: 2.44.0 (/opt/ros/humble/share/controller_interface/cmake)
[0.781s] -- Found franka_semantic_components: 0.0.0 (/home/user/humble_ws/install/franka_semantic_components/share/franka_semantic_components/cmake)
[0.847s] -- Found generate_parameter_library: 0.3.9 (/opt/ros/humble/share/generate_parameter_library/cmake)
[0.848s] -- Found parameter_traits: 0.3.9 (/opt/ros/humble/share/parameter_traits/cmake)
[0.929s] -- Found ament_cmake_clang_format: 0.12.11 (/opt/ros/humble/share/ament_cmake_clang_format/cmake)
[0.930s] -- Found ament_cmake_copyright: 0.12.11 (/opt/ros/humble/share/ament_cmake_copyright/cmake)
[0.931s] -- Found ament_cmake_cppcheck: 0.12.11 (/opt/ros/humble/share/ament_cmake_cppcheck/cmake)
[0.932s] -- Found ament_cmake_flake8: 0.12.11 (/opt/ros/humble/share/ament_cmake_flake8/cmake)
[0.932s] -- Found ament_cmake_lint_cmake: 0.12.11 (/opt/ros/humble/share/ament_cmake_lint_cmake/cmake)
[0.933s] -- Found ament_cmake_pep257: 0.12.11 (/opt/ros/humble/share/ament_cmake_pep257/cmake)
[0.934s] -- Found ament_cmake_xmllint: 0.12.11 (/opt/ros/humble/share/ament_cmake_xmllint/cmake)
[1.046s] -- Configuring done
[1.112s] -- Generating done
[1.116s] -- Build files have been written to: /home/user/humble_ws/build/franka_example_controllers
[1.127s] Invoked command in '/home/user/humble_ws/build/franka_example_controllers' returned '0': CMAKE_PREFIX_PATH=/home/user/humble_ws/install/franka_semantic_components:/home/user/humble_ws/install/franka_hardware:/home/user/humble_ws/install/franka_msgs:/home/user/humble_ws/install/panda_motion_generators:/home/user/humble_ws/install/panda_motion_generator_msgs:/home/user/humble_ws/install/multi_mode_controller_impl:/home/user/humble_ws/install/multi_mode_controller:/home/user/humble_ws/install/multi_mode_control_msgs:/home/user/humble_ws/install/garmi_controllers:/home/user/humble_ws/install/franka_robot_state_broadcaster:/home/user/humble_ws/install/franka_example_controllers:/home/user/humble_ws/install/franka_moveit_config:/home/user/humble_ws/install/franka_bringup:/home/user/humble_ws/install/franka_gripper:/home/user/humble_ws/install/franka_control2:/home/user/humble_ws/install/franka_description:/home/user/Libraries/libfranka/lib/cmake:/home/user/Libraries/mujoco/lib/cmake:/opt/ros/humble LD_LIBRARY_PATH=/home/user/humble_ws/install/franka_semantic_components/lib:/home/user/humble_ws/install/franka_hardware/lib:/home/user/humble_ws/install/franka_msgs/lib:/home/user/humble_ws/install/panda_motion_generators/lib:/home/user/humble_ws/install/panda_motion_generator_msgs/lib:/home/user/humble_ws/install/multi_mode_controller_impl/lib:/home/user/humble_ws/install/multi_mode_controller/lib:/home/user/humble_ws/install/multi_mode_control_msgs/lib:/home/user/humble_ws/install/garmi_controllers/lib:/home/user/humble_ws/install/franka_robot_state_broadcaster/lib:/home/user/humble_ws/install/franka_example_controllers/lib:/home/user/humble_ws/install/franka_gripper/lib:/opt/ros/humble/opt/rviz_ogre_vendor/lib:/opt/ros/humble/lib/x86_64-linux-gnu:/opt/ros/humble/lib:/home/user/Libraries/libfranka/lib:/home/user/Libraries/mujoco/lib /usr/bin/cmake /home/user/humble_ws/src/bimanual_architecture/franka_example_controllers -DCMAKE_INSTALL_PREFIX=/home/user/humble_ws/install/franka_example_controllers
[1.130s] Invoking command in '/home/user/humble_ws/build/franka_example_controllers': CMAKE_PREFIX_PATH=/home/user/humble_ws/install/franka_semantic_components:/home/user/humble_ws/install/franka_hardware:/home/user/humble_ws/install/franka_msgs:/home/user/humble_ws/install/panda_motion_generators:/home/user/humble_ws/install/panda_motion_generator_msgs:/home/user/humble_ws/install/multi_mode_controller_impl:/home/user/humble_ws/install/multi_mode_controller:/home/user/humble_ws/install/multi_mode_control_msgs:/home/user/humble_ws/install/garmi_controllers:/home/user/humble_ws/install/franka_robot_state_broadcaster:/home/user/humble_ws/install/franka_example_controllers:/home/user/humble_ws/install/franka_moveit_config:/home/user/humble_ws/install/franka_bringup:/home/user/humble_ws/install/franka_gripper:/home/user/humble_ws/install/franka_control2:/home/user/humble_ws/install/franka_description:/home/user/Libraries/libfranka/lib/cmake:/home/user/Libraries/mujoco/lib/cmake:/opt/ros/humble LD_LIBRARY_PATH=/home/user/humble_ws/install/franka_semantic_components/lib:/home/user/humble_ws/install/franka_hardware/lib:/home/user/humble_ws/install/franka_msgs/lib:/home/user/humble_ws/install/panda_motion_generators/lib:/home/user/humble_ws/install/panda_motion_generator_msgs/lib:/home/user/humble_ws/install/multi_mode_controller_impl/lib:/home/user/humble_ws/install/multi_mode_controller/lib:/home/user/humble_ws/install/multi_mode_control_msgs/lib:/home/user/humble_ws/install/garmi_controllers/lib:/home/user/humble_ws/install/franka_robot_state_broadcaster/lib:/home/user/humble_ws/install/franka_example_controllers/lib:/home/user/humble_ws/install/franka_gripper/lib:/opt/ros/humble/opt/rviz_ogre_vendor/lib:/opt/ros/humble/lib/x86_64-linux-gnu:/opt/ros/humble/lib:/home/user/Libraries/libfranka/lib:/home/user/Libraries/mujoco/lib /usr/bin/cmake --build /home/user/humble_ws/build/franka_example_controllers -- -j12 -l12
[1.209s] [  7%] Built target franka_example_controllers_parameters
[1.210s] [35m[1mConsolidate compiler generated dependencies of target franka_example_controllers[0m
[1.272s] [100%] Built target franka_example_controllers
[1.284s] Invoked command in '/home/user/humble_ws/build/franka_example_controllers' returned '0': CMAKE_PREFIX_PATH=/home/user/humble_ws/install/franka_semantic_components:/home/user/humble_ws/install/franka_hardware:/home/user/humble_ws/install/franka_msgs:/home/user/humble_ws/install/panda_motion_generators:/home/user/humble_ws/install/panda_motion_generator_msgs:/home/user/humble_ws/install/multi_mode_controller_impl:/home/user/humble_ws/install/multi_mode_controller:/home/user/humble_ws/install/multi_mode_control_msgs:/home/user/humble_ws/install/garmi_controllers:/home/user/humble_ws/install/franka_robot_state_broadcaster:/home/user/humble_ws/install/franka_example_controllers:/home/user/humble_ws/install/franka_moveit_config:/home/user/humble_ws/install/franka_bringup:/home/user/humble_ws/install/franka_gripper:/home/user/humble_ws/install/franka_control2:/home/user/humble_ws/install/franka_description:/home/user/Libraries/libfranka/lib/cmake:/home/user/Libraries/mujoco/lib/cmake:/opt/ros/humble LD_LIBRARY_PATH=/home/user/humble_ws/install/franka_semantic_components/lib:/home/user/humble_ws/install/franka_hardware/lib:/home/user/humble_ws/install/franka_msgs/lib:/home/user/humble_ws/install/panda_motion_generators/lib:/home/user/humble_ws/install/panda_motion_generator_msgs/lib:/home/user/humble_ws/install/multi_mode_controller_impl/lib:/home/user/humble_ws/install/multi_mode_controller/lib:/home/user/humble_ws/install/multi_mode_control_msgs/lib:/home/user/humble_ws/install/garmi_controllers/lib:/home/user/humble_ws/install/franka_robot_state_broadcaster/lib:/home/user/humble_ws/install/franka_example_controllers/lib:/home/user/humble_ws/install/franka_gripper/lib:/opt/ros/humble/opt/rviz_ogre_vendor/lib:/opt/ros/humble/lib/x86_64-linux-gnu:/opt/ros/humble/lib:/home/user/Libraries/libfranka/lib:/home/user/Libraries/mujoco/lib /usr/bin/cmake --build /home/user/humble_ws/build/franka_example_controllers -- -j12 -l12
[1.376s] Invoking command in '/home/user/humble_ws/build/franka_example_controllers': CMAKE_PREFIX_PATH=/home/user/humble_ws/install/franka_semantic_components:/home/user/humble_ws/install/franka_hardware:/home/user/humble_ws/install/franka_msgs:/home/user/humble_ws/install/panda_motion_generators:/home/user/humble_ws/install/panda_motion_generator_msgs:/home/user/humble_ws/install/multi_mode_controller_impl:/home/user/humble_ws/install/multi_mode_controller:/home/user/humble_ws/install/multi_mode_control_msgs:/home/user/humble_ws/install/garmi_controllers:/home/user/humble_ws/install/franka_robot_state_broadcaster:/home/user/humble_ws/install/franka_example_controllers:/home/user/humble_ws/install/franka_moveit_config:/home/user/humble_ws/install/franka_bringup:/home/user/humble_ws/install/franka_gripper:/home/user/humble_ws/install/franka_control2:/home/user/humble_ws/install/franka_description:/home/user/Libraries/libfranka/lib/cmake:/home/user/Libraries/mujoco/lib/cmake:/opt/ros/humble LD_LIBRARY_PATH=/home/user/humble_ws/install/franka_semantic_components/lib:/home/user/humble_ws/install/franka_hardware/lib:/home/user/humble_ws/install/franka_msgs/lib:/home/user/humble_ws/install/panda_motion_generators/lib:/home/user/humble_ws/install/panda_motion_generator_msgs/lib:/home/user/humble_ws/install/multi_mode_controller_impl/lib:/home/user/humble_ws/install/multi_mode_controller/lib:/home/user/humble_ws/install/multi_mode_control_msgs/lib:/home/user/humble_ws/install/garmi_controllers/lib:/home/user/humble_ws/install/franka_robot_state_broadcaster/lib:/home/user/humble_ws/install/franka_example_controllers/lib:/home/user/humble_ws/install/franka_gripper/lib:/opt/ros/humble/opt/rviz_ogre_vendor/lib:/opt/ros/humble/lib/x86_64-linux-gnu:/opt/ros/humble/lib:/home/user/Libraries/libfranka/lib:/home/user/Libraries/mujoco/lib /usr/bin/cmake --install /home/user/humble_ws/build/franka_example_controllers
[1.391s] -- Install configuration: "Release"
[1.391s] -- Up-to-date: /home/user/humble_ws/install/franka_example_controllers/include/franka_example_controllers_parameters
[1.392s] -- Up-to-date: /home/user/humble_ws/install/franka_example_controllers/include/franka_example_controllers_parameters/franka_example_controllers_parameters.hpp
[1.393s] -- Up-to-date: /home/user/humble_ws/install/franka_example_controllers/share/franka_example_controllers/franka_example_controllers.xml
[1.395s] -- Up-to-date: /home/user/humble_ws/install/franka_example_controllers/lib/libfranka_example_controllers.so
[1.397s] -- Up-to-date: /home/user/humble_ws/install/franka_example_controllers/include
[1.398s] -- Up-to-date: /home/user/humble_ws/install/franka_example_controllers/include/franka_example_controllers
[1.398s] -- Up-to-date: /home/user/humble_ws/install/franka_example_controllers/include/franka_example_controllers/cartesian_velocity_example_controller.hpp
[1.399s] -- Up-to-date: /home/user/humble_ws/install/franka_example_controllers/include/franka_example_controllers/joint_velocity_example_controller.hpp
[1.400s] -- Up-to-date: /home/user/humble_ws/install/franka_example_controllers/include/franka_example_controllers/gravity_compensation_example_controller.hpp
[1.401s] -- Up-to-date: /home/user/humble_ws/install/franka_example_controllers/include/franka_example_controllers/multi_joint_impedance_example_controller.hpp
[1.402s] -- Up-to-date: /home/user/humble_ws/install/franka_example_controllers/include/franka_example_controllers/model_example_controller.hpp
[1.404s] -- Up-to-date: /home/user/humble_ws/install/franka_example_controllers/include/franka_example_controllers/dual_joint_velocity_example_controller.hpp
[1.406s] -- Up-to-date: /home/user/humble_ws/install/franka_example_controllers/include/franka_example_controllers/cartesian_impedance_example_controller.hpp
[1.406s] -- Up-to-date: /home/user/humble_ws/install/franka_example_controllers/include/franka_example_controllers/move_to_start_example_controller.hpp
[1.407s] -- Up-to-date: /home/user/humble_ws/install/franka_example_controllers/include/franka_example_controllers/motion_generator.hpp
[1.408s] -- Up-to-date: /home/user/humble_ws/install/franka_example_controllers/include/franka_example_controllers/joint_impedance_example_controller.hpp
[1.408s] -- Up-to-date: /home/user/humble_ws/install/franka_example_controllers/include/franka_example_controllers/joint_position_example_controller.hpp
[1.411s] -- Up-to-date: /home/user/humble_ws/install/franka_example_controllers/share/franka_example_controllers/environment/library_path.sh
[1.411s] -- Installing: /home/user/humble_ws/install/franka_example_controllers/share/franka_example_controllers/environment/library_path.dsv
[1.411s] -- Up-to-date: /home/user/humble_ws/install/franka_example_controllers/share/ament_index/resource_index/package_run_dependencies/franka_example_controllers
[1.412s] -- Installing: /home/user/humble_ws/install/franka_example_controllers/share/ament_index/resource_index/parent_prefix_path/franka_example_controllers
[1.413s] -- Up-to-date: /home/user/humble_ws/install/franka_example_controllers/share/franka_example_controllers/environment/ament_prefix_path.sh
[1.413s] -- Installing: /home/user/humble_ws/install/franka_example_controllers/share/franka_example_controllers/environment/ament_prefix_path.dsv
[1.414s] -- Up-to-date: /home/user/humble_ws/install/franka_example_controllers/share/franka_example_controllers/environment/path.sh
[1.415s] -- Installing: /home/user/humble_ws/install/franka_example_controllers/share/franka_example_controllers/environment/path.dsv
[1.415s] -- Up-to-date: /home/user/humble_ws/install/franka_example_controllers/share/franka_example_controllers/local_setup.bash
[1.416s] -- Up-to-date: /home/user/humble_ws/install/franka_example_controllers/share/franka_example_controllers/local_setup.sh
[1.417s] -- Up-to-date: /home/user/humble_ws/install/franka_example_controllers/share/franka_example_controllers/local_setup.zsh
[1.419s] -- Installing: /home/user/humble_ws/install/franka_example_controllers/share/franka_example_controllers/local_setup.dsv
[1.420s] -- Installing: /home/user/humble_ws/install/franka_example_controllers/share/franka_example_controllers/package.dsv
[1.420s] -- Up-to-date: /home/user/humble_ws/install/franka_example_controllers/share/ament_index/resource_index/packages/franka_example_controllers
[1.420s] -- Up-to-date: /home/user/humble_ws/install/franka_example_controllers/share/ament_index/resource_index/controller_interface__pluginlib__plugin/franka_example_controllers
[1.422s] -- Up-to-date: /home/user/humble_ws/install/franka_example_controllers/share/franka_example_controllers/cmake/ament_cmake_export_include_directories-extras.cmake
[1.423s] -- Up-to-date: /home/user/humble_ws/install/franka_example_controllers/share/franka_example_controllers/cmake/ament_cmake_export_libraries-extras.cmake
[1.424s] -- Up-to-date: /home/user/humble_ws/install/franka_example_controllers/share/franka_example_controllers/cmake/ament_cmake_export_dependencies-extras.cmake
[1.425s] -- Up-to-date: /home/user/humble_ws/install/franka_example_controllers/share/franka_example_controllers/cmake/franka_example_controllersConfig.cmake
[1.426s] -- Up-to-date: /home/user/humble_ws/install/franka_example_controllers/share/franka_example_controllers/cmake/franka_example_controllersConfig-version.cmake
[1.429s] -- Up-to-date: /home/user/humble_ws/install/franka_example_controllers/share/franka_example_controllers/package.xml
[1.437s] Invoked command in '/home/user/humble_ws/build/franka_example_controllers' returned '0': CMAKE_PREFIX_PATH=/home/user/humble_ws/install/franka_semantic_components:/home/user/humble_ws/install/franka_hardware:/home/user/humble_ws/install/franka_msgs:/home/user/humble_ws/install/panda_motion_generators:/home/user/humble_ws/install/panda_motion_generator_msgs:/home/user/humble_ws/install/multi_mode_controller_impl:/home/user/humble_ws/install/multi_mode_controller:/home/user/humble_ws/install/multi_mode_control_msgs:/home/user/humble_ws/install/garmi_controllers:/home/user/humble_ws/install/franka_robot_state_broadcaster:/home/user/humble_ws/install/franka_example_controllers:/home/user/humble_ws/install/franka_moveit_config:/home/user/humble_ws/install/franka_bringup:/home/user/humble_ws/install/franka_gripper:/home/user/humble_ws/install/franka_control2:/home/user/humble_ws/install/franka_description:/home/user/Libraries/libfranka/lib/cmake:/home/user/Libraries/mujoco/lib/cmake:/opt/ros/humble LD_LIBRARY_PATH=/home/user/humble_ws/install/franka_semantic_components/lib:/home/user/humble_ws/install/franka_hardware/lib:/home/user/humble_ws/install/franka_msgs/lib:/home/user/humble_ws/install/panda_motion_generators/lib:/home/user/humble_ws/install/panda_motion_generator_msgs/lib:/home/user/humble_ws/install/multi_mode_controller_impl/lib:/home/user/humble_ws/install/multi_mode_controller/lib:/home/user/humble_ws/install/multi_mode_control_msgs/lib:/home/user/humble_ws/install/garmi_controllers/lib:/home/user/humble_ws/install/franka_robot_state_broadcaster/lib:/home/user/humble_ws/install/franka_example_controllers/lib:/home/user/humble_ws/install/franka_gripper/lib:/opt/ros/humble/opt/rviz_ogre_vendor/lib:/opt/ros/humble/lib/x86_64-linux-gnu:/opt/ros/humble/lib:/home/user/Libraries/libfranka/lib:/home/user/Libraries/mujoco/lib /usr/bin/cmake --install /home/user/humble_ws/build/franka_example_controllers
