-- Found ament_cmake: 1.3.10 (/opt/ros/humble/share/ament_cmake/cmake)
-- Found ament_index_cpp: 1.4.0 (/opt/ros/humble/share/ament_index_cpp/cmake)
-- Found controller_interface: 2.44.0 (/opt/ros/humble/share/controller_interface/cmake)
-- Found rosidl_generator_c: 3.1.5 (/opt/ros/humble/share/rosidl_generator_c/cmake)
-- Found rosidl_adapter: 3.1.5 (/opt/ros/humble/share/rosidl_adapter/cmake)
-- Found rosidl_generator_cpp: 3.1.5 (/opt/ros/humble/share/rosidl_generator_cpp/cmake)
-- Using all available rosidl_typesupport_c: rosidl_typesupport_fastrtps_c;rosidl_typesupport_introspection_c
-- Using all available rosidl_typesupport_cpp: rosidl_typesupport_fastrtps_cpp;rosidl_typesupport_introspection_cpp
-- Found rmw_implementation_cmake: 6.1.2 (/opt/ros/humble/share/rmw_implementation_cmake/cmake)
-- Found rmw_fastrtps_cpp: 6.2.7 (/opt/ros/humble/share/rmw_fastrtps_cpp/cmake)
-- Found TinyXML2 via Config file: TinyXML2_DIR-NOTFOUND
-- Found TinyXML2 via Config file: TinyXML2_DIR-NOTFOUND
-- Found TinyXML2 via Config file: TinyXML2_DIR-NOTFOUND
-- Found TinyXML2 via Config file: TinyXML2_DIR-NOTFOUND
-- Using RMW implementation 'rmw_fastrtps_cpp' as default
-- Found controller_manager_msgs: 2.44.0 (/opt/ros/humble/share/controller_manager_msgs/cmake)
-- Found realtime_tools: 2.8.1 (/opt/ros/humble/share/realtime_tools/cmake)
-- Found franka_msgs: 0.0.0 (/home/user/humble_ws/install/franka_msgs/share/franka_msgs/cmake)
-- Found controller_manager: 2.44.0 (/opt/ros/humble/share/controller_manager/cmake)
-- Found ament_lint_auto: 0.12.11 (/opt/ros/humble/share/ament_lint_auto/cmake)
-- Added test 'cppcheck' to perform static code analysis on C / C++ code
-- Configured cppcheck include dirs: /home/user/humble_ws/src/bimanual_architecture/franka_control2/include
-- Configured cppcheck exclude dirs and/or files: 
-- Added test 'lint_cmake' to check CMake code style
-- Added test 'uncrustify' to check C / C++ code style
-- Configured uncrustify additional arguments: 
-- Added test 'xmllint' to check XML markup files
-- Configuring done
-- Generating done
-- Build files have been written to: /home/user/humble_ws/build/franka_control2
[35m[1mConsolidate compiler generated dependencies of target franka_control2_node[0m
[100%] Built target franka_control2_node
-- Install configuration: "Release"
-- Up-to-date: /home/user/humble_ws/install/franka_control2/lib/franka_control2/franka_control2_node
-- Up-to-date: /home/user/humble_ws/install/franka_control2/share/ament_index/resource_index/package_run_dependencies/franka_control2
-- Installing: /home/user/humble_ws/install/franka_control2/share/ament_index/resource_index/parent_prefix_path/franka_control2
-- Up-to-date: /home/user/humble_ws/install/franka_control2/share/franka_control2/environment/ament_prefix_path.sh
-- Installing: /home/user/humble_ws/install/franka_control2/share/franka_control2/environment/ament_prefix_path.dsv
-- Up-to-date: /home/user/humble_ws/install/franka_control2/share/franka_control2/environment/path.sh
-- Installing: /home/user/humble_ws/install/franka_control2/share/franka_control2/environment/path.dsv
-- Up-to-date: /home/user/humble_ws/install/franka_control2/share/franka_control2/local_setup.bash
-- Up-to-date: /home/user/humble_ws/install/franka_control2/share/franka_control2/local_setup.sh
-- Up-to-date: /home/user/humble_ws/install/franka_control2/share/franka_control2/local_setup.zsh
-- Installing: /home/user/humble_ws/install/franka_control2/share/franka_control2/local_setup.dsv
-- Installing: /home/user/humble_ws/install/franka_control2/share/franka_control2/package.dsv
-- Up-to-date: /home/user/humble_ws/install/franka_control2/share/ament_index/resource_index/packages/franka_control2
-- Up-to-date: /home/user/humble_ws/install/franka_control2/share/franka_control2/cmake/franka_control2Config.cmake
-- Up-to-date: /home/user/humble_ws/install/franka_control2/share/franka_control2/cmake/franka_control2Config-version.cmake
-- Up-to-date: /home/user/humble_ws/install/franka_control2/share/franka_control2/package.xml
