[100%] Built target multi_mode_controller_impl
-- Install configuration: "Release"
-- Up-to-date: /home/user/humble_ws/install/multi_mode_controller_impl/share/multi_mode_controller_impl/multi_mode_controllers.xml
-- Up-to-date: /home/user/humble_ws/install/multi_mode_controller_impl/lib/libmulti_mode_controller_impl.so
-- Up-to-date: /home/user/humble_ws/install/multi_mode_controller_impl/include
-- Up-to-date: /home/user/humble_ws/install/multi_mode_controller_impl/include/multi_mode_controller_impl
-- Up-to-date: /home/user/humble_ws/install/multi_mode_controller_impl/include/multi_mode_controller_impl/single_multi_mode_controller.h
-- Up-to-date: /home/user/humble_ws/install/multi_mode_controller_impl/share/multi_mode_controller_impl/environment/library_path.sh
-- Up-to-date: /home/user/humble_ws/install/multi_mode_controller_impl/share/multi_mode_controller_impl/environment/library_path.dsv
-- Up-to-date: /home/user/humble_ws/install/multi_mode_controller_impl/share/ament_index/resource_index/package_run_dependencies/multi_mode_controller_impl
-- Up-to-date: /home/user/humble_ws/install/multi_mode_controller_impl/share/ament_index/resource_index/parent_prefix_path/multi_mode_controller_impl
-- Up-to-date: /home/user/humble_ws/install/multi_mode_controller_impl/share/multi_mode_controller_impl/environment/ament_prefix_path.sh
-- Up-to-date: /home/user/humble_ws/install/multi_mode_controller_impl/share/multi_mode_controller_impl/environment/ament_prefix_path.dsv
-- Up-to-date: /home/user/humble_ws/install/multi_mode_controller_impl/share/multi_mode_controller_impl/environment/path.sh
-- Up-to-date: /home/user/humble_ws/install/multi_mode_controller_impl/share/multi_mode_controller_impl/environment/path.dsv
-- Up-to-date: /home/user/humble_ws/install/multi_mode_controller_impl/share/multi_mode_controller_impl/local_setup.bash
-- Up-to-date: /home/user/humble_ws/install/multi_mode_controller_impl/share/multi_mode_controller_impl/local_setup.sh
-- Up-to-date: /home/user/humble_ws/install/multi_mode_controller_impl/share/multi_mode_controller_impl/local_setup.zsh
-- Up-to-date: /home/user/humble_ws/install/multi_mode_controller_impl/share/multi_mode_controller_impl/local_setup.dsv
-- Up-to-date: /home/user/humble_ws/install/multi_mode_controller_impl/share/multi_mode_controller_impl/package.dsv
-- Up-to-date: /home/user/humble_ws/install/multi_mode_controller_impl/share/ament_index/resource_index/packages/multi_mode_controller_impl
-- Up-to-date: /home/user/humble_ws/install/multi_mode_controller_impl/share/ament_index/resource_index/controller_interface__pluginlib__plugin/multi_mode_controller_impl
-- Up-to-date: /home/user/humble_ws/install/multi_mode_controller_impl/share/multi_mode_controller_impl/cmake/ament_cmake_export_include_directories-extras.cmake
-- Up-to-date: /home/user/humble_ws/install/multi_mode_controller_impl/share/multi_mode_controller_impl/cmake/ament_cmake_export_libraries-extras.cmake
-- Up-to-date: /home/user/humble_ws/install/multi_mode_controller_impl/share/multi_mode_controller_impl/cmake/ament_cmake_export_dependencies-extras.cmake
-- Up-to-date: /home/user/humble_ws/install/multi_mode_controller_impl/share/multi_mode_controller_impl/cmake/multi_mode_controller_implConfig.cmake
-- Up-to-date: /home/user/humble_ws/install/multi_mode_controller_impl/share/multi_mode_controller_impl/cmake/multi_mode_controller_implConfig-version.cmake
-- Up-to-date: /home/user/humble_ws/install/multi_mode_controller_impl/share/multi_mode_controller_impl/package.xml
