-- Install configuration: "Release"
-- Up-to-date: /home/user/humble_ws/install/franka_description/share/franka_description//launch
-- Up-to-date: /home/user/humble_ws/install/franka_description/share/franka_description//launch/visualize_franka.launch.py
-- Up-to-date: /home/user/humble_ws/install/franka_description/share/franka_description//robots
-- Up-to-date: /home/user/humble_ws/install/franka_description/share/franka_description//robots/mobile_platform.xacro
-- Up-to-date: /home/user/humble_ws/install/franka_description/share/franka_description//robots/panda_arm_sim.urdf.xacro
-- Up-to-date: /home/user/humble_ws/install/franka_description/share/franka_description//robots/dual_panda_arm_sim.ros2_control.xacro
-- Up-to-date: /home/user/humble_ws/install/franka_description/share/franka_description//robots/lidar_with_wheel_mount.xacro
-- Up-to-date: /home/user/humble_ws/install/franka_description/share/franka_description//robots/hand.urdf.xacro
-- Up-to-date: /home/user/humble_ws/install/franka_description/share/franka_description//robots/garmi_sim.urdf.xacro
-- Up-to-date: /home/user/humble_ws/install/franka_description/share/franka_description//robots/mixed_dual_panda_arm.urdf.xacro
-- Up-to-date: /home/user/humble_ws/install/franka_description/share/franka_description//robots/panda_arm.xacro
-- Up-to-date: /home/user/humble_ws/install/franka_description/share/franka_description//robots/mixed_quad_panda_arm.urdf.xacro
-- Up-to-date: /home/user/humble_ws/install/franka_description/share/franka_description//robots/panda_arm.urdf.xacro
-- Up-to-date: /home/user/humble_ws/install/franka_description/share/franka_description//robots/hand.xacro
-- Up-to-date: /home/user/humble_ws/install/franka_description/share/franka_description//robots/dual_panda_arm.ros2_control.xacro
-- Up-to-date: /home/user/humble_ws/install/franka_description/share/franka_description//robots/head.xacro
-- Up-to-date: /home/user/humble_ws/install/franka_description/share/franka_description//robots/garmi_wheel.xacro
-- Up-to-date: /home/user/humble_ws/install/franka_description/share/franka_description//robots/dual_panda_arm_sim.urdf.xacro
-- Up-to-date: /home/user/humble_ws/install/franka_description/share/franka_description//robots/dual_panda_arm.urdf.xacro
-- Up-to-date: /home/user/humble_ws/install/franka_description/share/franka_description//robots/garmi_sim.ros2_control.xacro
-- Up-to-date: /home/user/humble_ws/install/franka_description/share/franka_description//robots/base.xacro
-- Up-to-date: /home/user/humble_ws/install/franka_description/share/franka_description//robots/panda_arm.ros2_control.xacro
-- Up-to-date: /home/user/humble_ws/install/franka_description/share/franka_description//robots/panda_arm_sim.ros2_control.xacro
-- Up-to-date: /home/user/humble_ws/install/franka_description/share/franka_description//sensors
-- Up-to-date: /home/user/humble_ws/install/franka_description/share/franka_description//sensors/rplidarA2.xacro
-- Up-to-date: /home/user/humble_ws/install/franka_description/share/franka_description//meshes
-- Up-to-date: /home/user/humble_ws/install/franka_description/share/franka_description//meshes/visual
-- Up-to-date: /home/user/humble_ws/install/franka_description/share/franka_description//meshes/visual/hand.dae
-- Up-to-date: /home/user/humble_ws/install/franka_description/share/franka_description//meshes/visual/link7.dae
-- Up-to-date: /home/user/humble_ws/install/franka_description/share/franka_description//meshes/visual/torso.dae
-- Up-to-date: /home/user/humble_ws/install/franka_description/share/franka_description//meshes/visual/link1.dae
-- Up-to-date: /home/user/humble_ws/install/franka_description/share/franka_description//meshes/visual/mobile_platform.dae
-- Up-to-date: /home/user/humble_ws/install/franka_description/share/franka_description//meshes/visual/head.dae
-- Up-to-date: /home/user/humble_ws/install/franka_description/share/franka_description//meshes/visual/link6.dae
-- Up-to-date: /home/user/humble_ws/install/franka_description/share/franka_description//meshes/visual/rplidarA2.dae
-- Up-to-date: /home/user/humble_ws/install/franka_description/share/franka_description//meshes/visual/link3.dae
-- Up-to-date: /home/user/humble_ws/install/franka_description/share/franka_description//meshes/visual/meshes.blend
-- Up-to-date: /home/user/humble_ws/install/franka_description/share/franka_description//meshes/visual/link2.dae
-- Up-to-date: /home/user/humble_ws/install/franka_description/share/franka_description//meshes/visual/mobile_platform.dae.meta
-- Up-to-date: /home/user/humble_ws/install/franka_description/share/franka_description//meshes/visual/finger.dae
-- Up-to-date: /home/user/humble_ws/install/franka_description/share/franka_description//meshes/visual/link5.dae
-- Up-to-date: /home/user/humble_ws/install/franka_description/share/franka_description//meshes/visual/link0.dae
-- Up-to-date: /home/user/humble_ws/install/franka_description/share/franka_description//meshes/visual/link4.dae
-- Up-to-date: /home/user/humble_ws/install/franka_description/share/franka_description//rviz
-- Up-to-date: /home/user/humble_ws/install/franka_description/share/franka_description//rviz/visualize_franka.rviz
-- Up-to-date: /home/user/humble_ws/install/franka_description/share/franka_description//rviz/visualize_dual_franka.rviz
-- Up-to-date: /home/user/humble_ws/install/franka_description/share/franka_description//mujoco
-- Up-to-date: /home/user/humble_ws/install/franka_description/share/franka_description//mujoco/franka
-- Up-to-date: /home/user/humble_ws/install/franka_description/share/franka_description//mujoco/franka/objects.xml
-- Up-to-date: /home/user/humble_ws/install/franka_description/share/franka_description//mujoco/franka/mj_right.xml
-- Up-to-date: /home/user/humble_ws/install/franka_description/share/franka_description//mujoco/franka/assets
-- Up-to-date: /home/user/humble_ws/install/franka_description/share/franka_description//mujoco/franka/assets/link4_1.obj
-- Up-to-date: /home/user/humble_ws/install/franka_description/share/franka_description//mujoco/franka/assets/link3_1.obj
-- Up-to-date: /home/user/humble_ws/install/franka_description/share/franka_description//mujoco/franka/assets/link2.obj
-- Up-to-date: /home/user/humble_ws/install/franka_description/share/franka_description//mujoco/franka/assets/link0_5.obj
-- Up-to-date: /home/user/humble_ws/install/franka_description/share/franka_description//mujoco/franka/assets/link4.stl
-- Up-to-date: /home/user/humble_ws/install/franka_description/share/franka_description//mujoco/franka/assets/link6_10.obj
-- Up-to-date: /home/user/humble_ws/install/franka_description/share/franka_description//mujoco/franka/assets/link6_3.obj
-- Up-to-date: /home/user/humble_ws/install/franka_description/share/franka_description//mujoco/franka/assets/link0.stl
-- Up-to-date: /home/user/humble_ws/install/franka_description/share/franka_description//mujoco/franka/assets/link0_4.obj
-- Up-to-date: /home/user/humble_ws/install/franka_description/share/franka_description//mujoco/franka/assets/link7_3.obj
-- Up-to-date: /home/user/humble_ws/install/franka_description/share/franka_description//mujoco/franka/assets/link4_3.obj
-- Up-to-date: /home/user/humble_ws/install/franka_description/share/franka_description//mujoco/franka/assets/hand_3.obj
-- Up-to-date: /home/user/humble_ws/install/franka_description/share/franka_description//mujoco/franka/assets/link0_1.obj
-- Up-to-date: /home/user/humble_ws/install/franka_description/share/franka_description//mujoco/franka/assets/link6_14.obj
-- Up-to-date: /home/user/humble_ws/install/franka_description/share/franka_description//mujoco/franka/assets/link6_5.obj
-- Up-to-date: /home/user/humble_ws/install/franka_description/share/franka_description//mujoco/franka/assets/link7.stl
-- Up-to-date: /home/user/humble_ws/install/franka_description/share/franka_description//mujoco/franka/assets/link0_11.obj
-- Up-to-date: /home/user/humble_ws/install/franka_description/share/franka_description//mujoco/franka/assets/link5_0.obj
-- Up-to-date: /home/user/humble_ws/install/franka_description/share/franka_description//mujoco/franka/assets/link7_2.obj
-- Up-to-date: /home/user/humble_ws/install/franka_description/share/franka_description//mujoco/franka/assets/link0_0.obj
-- Up-to-date: /home/user/humble_ws/install/franka_description/share/franka_description//mujoco/franka/assets/link4_0.obj
-- Up-to-date: /home/user/humble_ws/install/franka_description/share/franka_description//mujoco/franka/assets/link0_2.obj
-- Up-to-date: /home/user/humble_ws/install/franka_description/share/franka_description//mujoco/franka/assets/link3_2.obj
-- Up-to-date: /home/user/humble_ws/install/franka_description/share/franka_description//mujoco/franka/assets/link0_8.obj
-- Up-to-date: /home/user/humble_ws/install/franka_description/share/franka_description//mujoco/franka/assets/finger_0.obj
-- Up-to-date: /home/user/humble_ws/install/franka_description/share/franka_description//mujoco/franka/assets/link0_9.obj
-- Up-to-date: /home/user/humble_ws/install/franka_description/share/franka_description//mujoco/franka/assets/finger_1.obj
-- Up-to-date: /home/user/humble_ws/install/franka_description/share/franka_description//mujoco/franka/assets/link7_4.obj
-- Up-to-date: /home/user/humble_ws/install/franka_description/share/franka_description//mujoco/franka/assets/hand.stl
-- Up-to-date: /home/user/humble_ws/install/franka_description/share/franka_description//mujoco/franka/assets/link5_1.obj
-- Up-to-date: /home/user/humble_ws/install/franka_description/share/franka_description//mujoco/franka/assets/link6_11.obj
-- Up-to-date: /home/user/humble_ws/install/franka_description/share/franka_description//mujoco/franka/assets/link7_6.obj
-- Up-to-date: /home/user/humble_ws/install/franka_description/share/franka_description//mujoco/franka/assets/hand_2.obj
-- Up-to-date: /home/user/humble_ws/install/franka_description/share/franka_description//mujoco/franka/assets/link0_7.obj
-- Up-to-date: /home/user/humble_ws/install/franka_description/share/franka_description//mujoco/franka/assets/link6.stl
-- Up-to-date: /home/user/humble_ws/install/franka_description/share/franka_description//mujoco/franka/assets/link3.stl
-- Up-to-date: /home/user/humble_ws/install/franka_description/share/franka_description//mujoco/franka/assets/link6_2.obj
-- Up-to-date: /home/user/humble_ws/install/franka_description/share/franka_description//mujoco/franka/assets/hand_4.obj
-- Up-to-date: /home/user/humble_ws/install/franka_description/share/franka_description//mujoco/franka/assets/link7_0.obj
-- Up-to-date: /home/user/humble_ws/install/franka_description/share/franka_description//mujoco/franka/assets/link7_5.obj
-- Up-to-date: /home/user/humble_ws/install/franka_description/share/franka_description//mujoco/franka/assets/link4_2.obj
-- Up-to-date: /home/user/humble_ws/install/franka_description/share/franka_description//mujoco/franka/assets/link5_collision_0.obj
-- Up-to-date: /home/user/humble_ws/install/franka_description/share/franka_description//mujoco/franka/assets/link7_7.obj
-- Up-to-date: /home/user/humble_ws/install/franka_description/share/franka_description//mujoco/franka/assets/link5_collision_1.obj
-- Up-to-date: /home/user/humble_ws/install/franka_description/share/franka_description//mujoco/franka/assets/link0_10.obj
-- Up-to-date: /home/user/humble_ws/install/franka_description/share/franka_description//mujoco/franka/assets/link6_0.obj
-- Up-to-date: /home/user/humble_ws/install/franka_description/share/franka_description//mujoco/franka/assets/hand_0.obj
-- Up-to-date: /home/user/humble_ws/install/franka_description/share/franka_description//mujoco/franka/assets/link5_collision_2.obj
-- Up-to-date: /home/user/humble_ws/install/franka_description/share/franka_description//mujoco/franka/assets/link1.stl
-- Up-to-date: /home/user/humble_ws/install/franka_description/share/franka_description//mujoco/franka/assets/link5_2.obj
-- Up-to-date: /home/user/humble_ws/install/franka_description/share/franka_description//mujoco/franka/assets/link6_7.obj
-- Up-to-date: /home/user/humble_ws/install/franka_description/share/franka_description//mujoco/franka/assets/link6_15.obj
-- Up-to-date: /home/user/humble_ws/install/franka_description/share/franka_description//mujoco/franka/assets/link6_1.obj
-- Up-to-date: /home/user/humble_ws/install/franka_description/share/franka_description//mujoco/franka/assets/link6_16.obj
-- Up-to-date: /home/user/humble_ws/install/franka_description/share/franka_description//mujoco/franka/assets/link6_13.obj
-- Up-to-date: /home/user/humble_ws/install/franka_description/share/franka_description//mujoco/franka/assets/link6_9.obj
-- Up-to-date: /home/user/humble_ws/install/franka_description/share/franka_description//mujoco/franka/assets/link1.obj
-- Up-to-date: /home/user/humble_ws/install/franka_description/share/franka_description//mujoco/franka/assets/link6_12.obj
-- Up-to-date: /home/user/humble_ws/install/franka_description/share/franka_description//mujoco/franka/assets/link7_1.obj
-- Up-to-date: /home/user/humble_ws/install/franka_description/share/franka_description//mujoco/franka/assets/link2.stl
-- Up-to-date: /home/user/humble_ws/install/franka_description/share/franka_description//mujoco/franka/assets/link0_3.obj
-- Up-to-date: /home/user/humble_ws/install/franka_description/share/franka_description//mujoco/franka/assets/link6_6.obj
-- Up-to-date: /home/user/humble_ws/install/franka_description/share/franka_description//mujoco/franka/assets/link6_8.obj
-- Up-to-date: /home/user/humble_ws/install/franka_description/share/franka_description//mujoco/franka/assets/link3_3.obj
-- Up-to-date: /home/user/humble_ws/install/franka_description/share/franka_description//mujoco/franka/assets/link6_4.obj
-- Up-to-date: /home/user/humble_ws/install/franka_description/share/franka_description//mujoco/franka/assets/hand_1.obj
-- Up-to-date: /home/user/humble_ws/install/franka_description/share/franka_description//mujoco/franka/assets/link3_0.obj
-- Up-to-date: /home/user/humble_ws/install/franka_description/share/franka_description//mujoco/franka/dual_scene.xml
-- Up-to-date: /home/user/humble_ws/install/franka_description/share/franka_description//mujoco/franka/scene.xml
-- Up-to-date: /home/user/humble_ws/install/franka_description/share/franka_description//mujoco/franka/TEMPLATE_panda.xml
-- Up-to-date: /home/user/humble_ws/install/franka_description/share/franka_description//mujoco/franka/mj_right_scene.xml
-- Up-to-date: /home/user/humble_ws/install/franka_description/share/franka_description//mujoco/franka/panda.xml
-- Up-to-date: /home/user/humble_ws/install/franka_description/share/franka_description//mujoco/franka/mj_dual.xml
-- Up-to-date: /home/user/humble_ws/install/franka_description/share/franka_description//mujoco/garmi
-- Up-to-date: /home/user/humble_ws/install/franka_description/share/franka_description//mujoco/garmi/assets
-- Up-to-date: /home/user/humble_ws/install/franka_description/share/franka_description//mujoco/garmi/assets/textures
-- Up-to-date: /home/user/humble_ws/install/franka_description/share/franka_description//mujoco/garmi/assets/textures/eyes.png
-- Up-to-date: /home/user/humble_ws/install/franka_description/share/franka_description//mujoco/garmi/assets/textures/panda
-- Up-to-date: /home/user/humble_ws/install/franka_description/share/franka_description//mujoco/garmi/assets/textures/panda/panda.png
-- Up-to-date: /home/user/humble_ws/install/franka_description/share/franka_description//mujoco/garmi/assets/textures/garmi
-- Up-to-date: /home/user/humble_ws/install/franka_description/share/franka_description//mujoco/garmi/assets/textures/garmi/torso.png
-- Up-to-date: /home/user/humble_ws/install/franka_description/share/franka_description//mujoco/garmi/assets/textures/garmi/head.png
-- Up-to-date: /home/user/humble_ws/install/franka_description/share/franka_description//mujoco/garmi/assets/textures/ball.png
-- Up-to-date: /home/user/humble_ws/install/franka_description/share/franka_description//mujoco/garmi/assets/textures/mat.png
-- Up-to-date: /home/user/humble_ws/install/franka_description/share/franka_description//mujoco/garmi/assets/textures/box.png
-- Up-to-date: /home/user/humble_ws/install/franka_description/share/franka_description//mujoco/garmi/assets/textures/H6bab216ce6e8442fa8d8fc8f2477d105D.png_300x300.jpg
-- Up-to-date: /home/user/humble_ws/install/franka_description/share/franka_description//mujoco/garmi/assets/textures/sponge.png
-- Up-to-date: /home/user/humble_ws/install/franka_description/share/franka_description//mujoco/garmi/assets/textures/isolated-cardboard-box_125540-1169.jpg
-- Up-to-date: /home/user/humble_ws/install/franka_description/share/franka_description//mujoco/garmi/assets/textures/surface_23-2148024793.jpg
-- Up-to-date: /home/user/humble_ws/install/franka_description/share/franka_description//mujoco/garmi/assets/textures/white-cloth-on-ground-260nw-358302005.png
-- Up-to-date: /home/user/humble_ws/install/franka_description/share/franka_description//mujoco/garmi/assets/textures/table.png
-- Up-to-date: /home/user/humble_ws/install/franka_description/share/franka_description//mujoco/garmi/assets/textures/cdba4eeb6f5b18314182d1c9d2b6138c.jpg
-- Up-to-date: /home/user/humble_ws/install/franka_description/share/franka_description//mujoco/garmi/assets/textures/sponge-texture-background_851674-32050.jpg
-- Up-to-date: /home/user/humble_ws/install/franka_description/share/franka_description//mujoco/garmi/assets/textures/white-cloth-on-ground-260nw-358302005.jpg
-- Up-to-date: /home/user/humble_ws/install/franka_description/share/franka_description//mujoco/garmi/assets/textures/spong.png
-- Up-to-date: /home/user/humble_ws/install/franka_description/share/franka_description//mujoco/garmi/assets/xml
-- Up-to-date: /home/user/humble_ws/install/franka_description/share/franka_description//mujoco/garmi/assets/xml/include
-- Up-to-date: /home/user/humble_ws/install/franka_description/share/franka_description//mujoco/garmi/assets/xml/include/panda_assets.xml
-- Up-to-date: /home/user/humble_ws/install/franka_description/share/franka_description//mujoco/garmi/assets/xml/include/garmi.xml
-- Installing: /home/user/humble_ws/install/franka_description/share/franka_description//mujoco/garmi/assets/xml/garmi.xml
-- Up-to-date: /home/user/humble_ws/install/franka_description/share/franka_description//mujoco/garmi/assets/xml/box.png
-- Up-to-date: /home/user/humble_ws/install/franka_description/share/franka_description//mujoco/garmi/assets/xml/isolated-cardboard-box_125540-1169.jpg
-- Up-to-date: /home/user/humble_ws/install/franka_description/share/franka_description//mujoco/garmi/assets/xml/cardboard-box-2352.html
-- Up-to-date: /home/user/humble_ws/install/franka_description/share/franka_description//mujoco/garmi/assets/xml/wget-log
-- Up-to-date: /home/user/humble_ws/install/franka_description/share/franka_description//mujoco/garmi/assets/xml/meshes
-- Up-to-date: /home/user/humble_ws/install/franka_description/share/franka_description//mujoco/garmi/assets/xml/temp
-- Up-to-date: /home/user/humble_ws/install/franka_description/share/franka_description//mujoco/garmi/assets/xml/temp/box.obj
-- Up-to-date: /home/user/humble_ws/install/franka_description/share/franka_description//mujoco/garmi/assets/xml/temp/.git
-- Up-to-date: /home/user/humble_ws/install/franka_description/share/franka_description//mujoco/garmi/assets/xml/temp/.git/refs
-- Up-to-date: /home/user/humble_ws/install/franka_description/share/franka_description//mujoco/garmi/assets/xml/temp/.git/refs/remotes
-- Up-to-date: /home/user/humble_ws/install/franka_description/share/franka_description//mujoco/garmi/assets/xml/temp/.git/refs/remotes/origin
-- Up-to-date: /home/user/humble_ws/install/franka_description/share/franka_description//mujoco/garmi/assets/xml/temp/.git/refs/remotes/origin/HEAD
-- Up-to-date: /home/user/humble_ws/install/franka_description/share/franka_description//mujoco/garmi/assets/xml/temp/.git/refs/heads
-- Up-to-date: /home/user/humble_ws/install/franka_description/share/franka_description//mujoco/garmi/assets/xml/temp/.git/refs/heads/main
-- Up-to-date: /home/user/humble_ws/install/franka_description/share/franka_description//mujoco/garmi/assets/xml/temp/.git/refs/tags
-- Up-to-date: /home/user/humble_ws/install/franka_description/share/franka_description//mujoco/garmi/assets/xml/temp/.git/hooks
-- Up-to-date: /home/user/humble_ws/install/franka_description/share/franka_description//mujoco/garmi/assets/xml/temp/.git/hooks/commit-msg.sample
-- Up-to-date: /home/user/humble_ws/install/franka_description/share/franka_description//mujoco/garmi/assets/xml/temp/.git/hooks/pre-push.sample
-- Up-to-date: /home/user/humble_ws/install/franka_description/share/franka_description//mujoco/garmi/assets/xml/temp/.git/hooks/push-to-checkout.sample
-- Up-to-date: /home/user/humble_ws/install/franka_description/share/franka_description//mujoco/garmi/assets/xml/temp/.git/hooks/pre-commit.sample
-- Up-to-date: /home/user/humble_ws/install/franka_description/share/franka_description//mujoco/garmi/assets/xml/temp/.git/hooks/applypatch-msg.sample
-- Up-to-date: /home/user/humble_ws/install/franka_description/share/franka_description//mujoco/garmi/assets/xml/temp/.git/hooks/pre-rebase.sample
-- Up-to-date: /home/user/humble_ws/install/franka_description/share/franka_description//mujoco/garmi/assets/xml/temp/.git/hooks/post-update.sample
-- Up-to-date: /home/user/humble_ws/install/franka_description/share/franka_description//mujoco/garmi/assets/xml/temp/.git/hooks/prepare-commit-msg.sample
-- Up-to-date: /home/user/humble_ws/install/franka_description/share/franka_description//mujoco/garmi/assets/xml/temp/.git/hooks/pre-merge-commit.sample
-- Up-to-date: /home/user/humble_ws/install/franka_description/share/franka_description//mujoco/garmi/assets/xml/temp/.git/hooks/update.sample
-- Up-to-date: /home/user/humble_ws/install/franka_description/share/franka_description//mujoco/garmi/assets/xml/temp/.git/hooks/pre-receive.sample
-- Up-to-date: /home/user/humble_ws/install/franka_description/share/franka_description//mujoco/garmi/assets/xml/temp/.git/hooks/fsmonitor-watchman.sample
-- Up-to-date: /home/user/humble_ws/install/franka_description/share/franka_description//mujoco/garmi/assets/xml/temp/.git/hooks/pre-applypatch.sample
-- Up-to-date: /home/user/humble_ws/install/franka_description/share/franka_description//mujoco/garmi/assets/xml/temp/.git/description
-- Up-to-date: /home/user/humble_ws/install/franka_description/share/franka_description//mujoco/garmi/assets/xml/temp/.git/packed-refs
-- Up-to-date: /home/user/humble_ws/install/franka_description/share/franka_description//mujoco/garmi/assets/xml/temp/.git/HEAD
-- Up-to-date: /home/user/humble_ws/install/franka_description/share/franka_description//mujoco/garmi/assets/xml/temp/.git/branches
-- Up-to-date: /home/user/humble_ws/install/franka_description/share/franka_description//mujoco/garmi/assets/xml/temp/.git/index
-- Up-to-date: /home/user/humble_ws/install/franka_description/share/franka_description//mujoco/garmi/assets/xml/temp/.git/info
-- Up-to-date: /home/user/humble_ws/install/franka_description/share/franka_description//mujoco/garmi/assets/xml/temp/.git/info/exclude
-- Up-to-date: /home/user/humble_ws/install/franka_description/share/franka_description//mujoco/garmi/assets/xml/temp/.git/config
-- Up-to-date: /home/user/humble_ws/install/franka_description/share/franka_description//mujoco/garmi/assets/xml/temp/.git/logs
-- Up-to-date: /home/user/humble_ws/install/franka_description/share/franka_description//mujoco/garmi/assets/xml/temp/.git/logs/refs
-- Up-to-date: /home/user/humble_ws/install/franka_description/share/franka_description//mujoco/garmi/assets/xml/temp/.git/logs/refs/remotes
-- Up-to-date: /home/user/humble_ws/install/franka_description/share/franka_description//mujoco/garmi/assets/xml/temp/.git/logs/refs/remotes/origin
-- Up-to-date: /home/user/humble_ws/install/franka_description/share/franka_description//mujoco/garmi/assets/xml/temp/.git/logs/refs/remotes/origin/HEAD
-- Up-to-date: /home/user/humble_ws/install/franka_description/share/franka_description//mujoco/garmi/assets/xml/temp/.git/logs/refs/heads
-- Up-to-date: /home/user/humble_ws/install/franka_description/share/franka_description//mujoco/garmi/assets/xml/temp/.git/logs/refs/heads/main
-- Up-to-date: /home/user/humble_ws/install/franka_description/share/franka_description//mujoco/garmi/assets/xml/temp/.git/logs/HEAD
-- Up-to-date: /home/user/humble_ws/install/franka_description/share/franka_description//mujoco/garmi/assets/xml/temp/.git/objects
-- Up-to-date: /home/user/humble_ws/install/franka_description/share/franka_description//mujoco/garmi/assets/xml/temp/.git/objects/pack
-- Up-to-date: /home/user/humble_ws/install/franka_description/share/franka_description//mujoco/garmi/assets/xml/temp/.git/objects/pack/pack-a3d3441a1ae27d841a0e672bcae49f49546e040e.pack
-- Up-to-date: /home/user/humble_ws/install/franka_description/share/franka_description//mujoco/garmi/assets/xml/temp/.git/objects/pack/pack-a3d3441a1ae27d841a0e672bcae49f49546e040e.idx
-- Up-to-date: /home/user/humble_ws/install/franka_description/share/franka_description//mujoco/garmi/assets/xml/temp/.git/objects/info
-- Installing: /home/user/humble_ws/install/franka_description/share/franka_description//mujoco/garmi/assets/xml/.garmi.xml.swp
-- Up-to-date: /home/user/humble_ws/install/franka_description/share/franka_description//mujoco/garmi/assets/xml/sponge-texture-background_851674-32050.jpg
-- Up-to-date: /home/user/humble_ws/install/franka_description/share/franka_description//mujoco/garmi/assets/xml/white-cloth-on-ground-260nw-358302005.jpg
-- Up-to-date: /home/user/humble_ws/install/franka_description/share/franka_description//mujoco/garmi/assets/xml/spong.png
-- Up-to-date: /home/user/humble_ws/install/franka_description/share/franka_description//mujoco/garmi/assets/meshes
-- Up-to-date: /home/user/humble_ws/install/franka_description/share/franka_description//mujoco/garmi/assets/meshes/cameras
-- Up-to-date: /home/user/humble_ws/install/franka_description/share/franka_description//mujoco/garmi/assets/meshes/cameras/d435_glass.obj
-- Up-to-date: /home/user/humble_ws/install/franka_description/share/franka_description//mujoco/garmi/assets/meshes/cameras/d435.obj
-- Up-to-date: /home/user/humble_ws/install/franka_description/share/franka_description//mujoco/garmi/assets/meshes/panda
-- Up-to-date: /home/user/humble_ws/install/franka_description/share/franka_description//mujoco/garmi/assets/meshes/panda/link2.obj
-- Up-to-date: /home/user/humble_ws/install/franka_description/share/franka_description//mujoco/garmi/assets/meshes/panda/link6.obj
-- Up-to-date: /home/user/humble_ws/install/franka_description/share/franka_description//mujoco/garmi/assets/meshes/panda/link7.obj
-- Up-to-date: /home/user/humble_ws/install/franka_description/share/franka_description//mujoco/garmi/assets/meshes/panda/link0.obj
-- Up-to-date: /home/user/humble_ws/install/franka_description/share/franka_description//mujoco/garmi/assets/meshes/panda/link5.obj
-- Up-to-date: /home/user/humble_ws/install/franka_description/share/franka_description//mujoco/garmi/assets/meshes/panda/hand.obj
-- Up-to-date: /home/user/humble_ws/install/franka_description/share/franka_description//mujoco/garmi/assets/meshes/panda/link1.obj
-- Up-to-date: /home/user/humble_ws/install/franka_description/share/franka_description//mujoco/garmi/assets/meshes/panda/link4.obj
-- Up-to-date: /home/user/humble_ws/install/franka_description/share/franka_description//mujoco/garmi/assets/meshes/panda/finger.obj
-- Up-to-date: /home/user/humble_ws/install/franka_description/share/franka_description//mujoco/garmi/assets/meshes/panda/link0.mtl
-- Up-to-date: /home/user/humble_ws/install/franka_description/share/franka_description//mujoco/garmi/assets/meshes/panda/link3.obj
-- Up-to-date: /home/user/humble_ws/install/franka_description/share/franka_description//mujoco/garmi/assets/meshes/garmi
-- Up-to-date: /home/user/humble_ws/install/franka_description/share/franka_description//mujoco/garmi/assets/meshes/garmi/tire.obj
-- Up-to-date: /home/user/humble_ws/install/franka_description/share/franka_description//mujoco/garmi/assets/meshes/garmi/wheel.obj
-- Up-to-date: /home/user/humble_ws/install/franka_description/share/franka_description//mujoco/garmi/assets/meshes/garmi/caster_wheel.obj
-- Up-to-date: /home/user/humble_ws/install/franka_description/share/franka_description//mujoco/garmi/assets/meshes/garmi/head.obj
-- Up-to-date: /home/user/humble_ws/install/franka_description/share/franka_description//mujoco/garmi/assets/meshes/garmi/head.mtl
-- Up-to-date: /home/user/humble_ws/install/franka_description/share/franka_description//mujoco/garmi/assets/meshes/garmi/visor.obj
-- Up-to-date: /home/user/humble_ws/install/franka_description/share/franka_description//mujoco/garmi/assets/meshes/garmi/inlet.obj
-- Up-to-date: /home/user/humble_ws/install/franka_description/share/franka_description//mujoco/garmi/assets/meshes/garmi/torso.obj
-- Up-to-date: /home/user/humble_ws/install/franka_description/share/franka_description//mujoco/garmi/assets/meshes/garmi/base.obj
-- Up-to-date: /home/user/humble_ws/install/franka_description/share/franka_description//mujoco/garmi/assets/meshes/temp
-- Up-to-date: /home/user/humble_ws/install/franka_description/share/franka_description//mujoco/garmi/assets/meshes/temp/11785_Necklace_l2.obj
-- Up-to-date: /home/user/humble_ws/install/franka_description/share/franka_description//mujoco/garmi/assets/meshes/temp/scale3.obj
-- Up-to-date: /home/user/humble_ws/install/franka_description/share/franka_description//mujoco/garmi/assets/meshes/temp/box.obj
-- Up-to-date: /home/user/humble_ws/install/franka_description/share/franka_description//mujoco/garmi/assets/meshes/temp/ elep.obj
-- Up-to-date: /home/user/humble_ws/install/franka_description/share/franka_description//mujoco/garmi/assets/meshes/temp/scale1.obj
-- Up-to-date: /home/user/humble_ws/install/franka_description/share/franka_description//mujoco/garmi/assets/meshes/temp/duck.obj
-- Up-to-date: /home/user/humble_ws/install/franka_description/share/franka_description//mujoco/garmi/assets/meshes/temp/.git
-- Up-to-date: /home/user/humble_ws/install/franka_description/share/franka_description//mujoco/garmi/assets/meshes/temp/.git/refs
-- Up-to-date: /home/user/humble_ws/install/franka_description/share/franka_description//mujoco/garmi/assets/meshes/temp/.git/refs/remotes
-- Up-to-date: /home/user/humble_ws/install/franka_description/share/franka_description//mujoco/garmi/assets/meshes/temp/.git/refs/remotes/origin
-- Up-to-date: /home/user/humble_ws/install/franka_description/share/franka_description//mujoco/garmi/assets/meshes/temp/.git/refs/remotes/origin/HEAD
-- Up-to-date: /home/user/humble_ws/install/franka_description/share/franka_description//mujoco/garmi/assets/meshes/temp/.git/refs/heads
-- Up-to-date: /home/user/humble_ws/install/franka_description/share/franka_description//mujoco/garmi/assets/meshes/temp/.git/refs/heads/main
-- Up-to-date: /home/user/humble_ws/install/franka_description/share/franka_description//mujoco/garmi/assets/meshes/temp/.git/refs/tags
-- Up-to-date: /home/user/humble_ws/install/franka_description/share/franka_description//mujoco/garmi/assets/meshes/temp/.git/hooks
-- Up-to-date: /home/user/humble_ws/install/franka_description/share/franka_description//mujoco/garmi/assets/meshes/temp/.git/hooks/commit-msg.sample
-- Up-to-date: /home/user/humble_ws/install/franka_description/share/franka_description//mujoco/garmi/assets/meshes/temp/.git/hooks/pre-push.sample
-- Up-to-date: /home/user/humble_ws/install/franka_description/share/franka_description//mujoco/garmi/assets/meshes/temp/.git/hooks/push-to-checkout.sample
-- Up-to-date: /home/user/humble_ws/install/franka_description/share/franka_description//mujoco/garmi/assets/meshes/temp/.git/hooks/pre-commit.sample
-- Up-to-date: /home/user/humble_ws/install/franka_description/share/franka_description//mujoco/garmi/assets/meshes/temp/.git/hooks/applypatch-msg.sample
-- Up-to-date: /home/user/humble_ws/install/franka_description/share/franka_description//mujoco/garmi/assets/meshes/temp/.git/hooks/pre-rebase.sample
-- Up-to-date: /home/user/humble_ws/install/franka_description/share/franka_description//mujoco/garmi/assets/meshes/temp/.git/hooks/post-update.sample
-- Up-to-date: /home/user/humble_ws/install/franka_description/share/franka_description//mujoco/garmi/assets/meshes/temp/.git/hooks/prepare-commit-msg.sample
-- Up-to-date: /home/user/humble_ws/install/franka_description/share/franka_description//mujoco/garmi/assets/meshes/temp/.git/hooks/pre-merge-commit.sample
-- Up-to-date: /home/user/humble_ws/install/franka_description/share/franka_description//mujoco/garmi/assets/meshes/temp/.git/hooks/update.sample
-- Up-to-date: /home/user/humble_ws/install/franka_description/share/franka_description//mujoco/garmi/assets/meshes/temp/.git/hooks/pre-receive.sample
-- Up-to-date: /home/user/humble_ws/install/franka_description/share/franka_description//mujoco/garmi/assets/meshes/temp/.git/hooks/fsmonitor-watchman.sample
-- Up-to-date: /home/user/humble_ws/install/franka_description/share/franka_description//mujoco/garmi/assets/meshes/temp/.git/hooks/pre-applypatch.sample
-- Up-to-date: /home/user/humble_ws/install/franka_description/share/franka_description//mujoco/garmi/assets/meshes/temp/.git/description
-- Up-to-date: /home/user/humble_ws/install/franka_description/share/franka_description//mujoco/garmi/assets/meshes/temp/.git/packed-refs
-- Up-to-date: /home/user/humble_ws/install/franka_description/share/franka_description//mujoco/garmi/assets/meshes/temp/.git/HEAD
-- Up-to-date: /home/user/humble_ws/install/franka_description/share/franka_description//mujoco/garmi/assets/meshes/temp/.git/branches
-- Up-to-date: /home/user/humble_ws/install/franka_description/share/franka_description//mujoco/garmi/assets/meshes/temp/.git/index
-- Up-to-date: /home/user/humble_ws/install/franka_description/share/franka_description//mujoco/garmi/assets/meshes/temp/.git/info
-- Up-to-date: /home/user/humble_ws/install/franka_description/share/franka_description//mujoco/garmi/assets/meshes/temp/.git/info/exclude
-- Up-to-date: /home/user/humble_ws/install/franka_description/share/franka_description//mujoco/garmi/assets/meshes/temp/.git/config
-- Up-to-date: /home/user/humble_ws/install/franka_description/share/franka_description//mujoco/garmi/assets/meshes/temp/.git/logs
-- Up-to-date: /home/user/humble_ws/install/franka_description/share/franka_description//mujoco/garmi/assets/meshes/temp/.git/logs/refs
-- Up-to-date: /home/user/humble_ws/install/franka_description/share/franka_description//mujoco/garmi/assets/meshes/temp/.git/logs/refs/remotes
-- Up-to-date: /home/user/humble_ws/install/franka_description/share/franka_description//mujoco/garmi/assets/meshes/temp/.git/logs/refs/remotes/origin
-- Up-to-date: /home/user/humble_ws/install/franka_description/share/franka_description//mujoco/garmi/assets/meshes/temp/.git/logs/refs/remotes/origin/HEAD
-- Up-to-date: /home/user/humble_ws/install/franka_description/share/franka_description//mujoco/garmi/assets/meshes/temp/.git/logs/refs/heads
-- Up-to-date: /home/user/humble_ws/install/franka_description/share/franka_description//mujoco/garmi/assets/meshes/temp/.git/logs/refs/heads/main
-- Up-to-date: /home/user/humble_ws/install/franka_description/share/franka_description//mujoco/garmi/assets/meshes/temp/.git/logs/HEAD
-- Up-to-date: /home/user/humble_ws/install/franka_description/share/franka_description//mujoco/garmi/assets/meshes/temp/.git/objects
-- Up-to-date: /home/user/humble_ws/install/franka_description/share/franka_description//mujoco/garmi/assets/meshes/temp/.git/objects/pack
-- Up-to-date: /home/user/humble_ws/install/franka_description/share/franka_description//mujoco/garmi/assets/meshes/temp/.git/objects/pack/pack-c8a77761a392b15d6ee925788667fccae8709181.pack
-- Up-to-date: /home/user/humble_ws/install/franka_description/share/franka_description//mujoco/garmi/assets/meshes/temp/.git/objects/pack/pack-c8a77761a392b15d6ee925788667fccae8709181.idx
-- Up-to-date: /home/user/humble_ws/install/franka_description/share/franka_description//mujoco/garmi/assets/meshes/temp/.git/objects/info
-- Up-to-date: /home/user/humble_ws/install/franka_description/share/franka_description//mujoco/garmi/assets/meshes/temp/plants2.obj
-- Up-to-date: /home/user/humble_ws/install/franka_description/share/franka_description//mujoco/garmi/assets/meshes/temp/plants1.obj
-- Up-to-date: /home/user/humble_ws/install/franka_description/share/franka_description//mujoco/garmi/assets/meshes/temp/compress_plant.obj
-- Up-to-date: /home/user/humble_ws/install/franka_description/share/franka_description//mujoco/garmi/assets/meshes/temp/scale2.obj
-- Up-to-date: /home/user/humble_ws/install/franka_description/share/franka_description//mujoco/garmi/assets/meshes/temp/plant.obj
-- Up-to-date: /home/user/humble_ws/install/franka_description/share/franka_description//mujoco/garmi/assets/meshes/temp/tscale.obj
-- Up-to-date: /home/user/humble_ws/install/franka_description/share/franka_description//mujoco/garmi/assets/temp
-- Up-to-date: /home/user/humble_ws/install/franka_description/share/franka_description//mujoco/garmi/assets/temp/box.obj
-- Up-to-date: /home/user/humble_ws/install/franka_description/share/franka_description//mujoco/garmi/assets/temp/.git
-- Up-to-date: /home/user/humble_ws/install/franka_description/share/franka_description//mujoco/garmi/assets/temp/.git/refs
-- Up-to-date: /home/user/humble_ws/install/franka_description/share/franka_description//mujoco/garmi/assets/temp/.git/refs/remotes
-- Up-to-date: /home/user/humble_ws/install/franka_description/share/franka_description//mujoco/garmi/assets/temp/.git/refs/remotes/origin
-- Up-to-date: /home/user/humble_ws/install/franka_description/share/franka_description//mujoco/garmi/assets/temp/.git/refs/remotes/origin/HEAD
-- Up-to-date: /home/user/humble_ws/install/franka_description/share/franka_description//mujoco/garmi/assets/temp/.git/refs/heads
-- Up-to-date: /home/user/humble_ws/install/franka_description/share/franka_description//mujoco/garmi/assets/temp/.git/refs/heads/main
-- Up-to-date: /home/user/humble_ws/install/franka_description/share/franka_description//mujoco/garmi/assets/temp/.git/refs/tags
-- Up-to-date: /home/user/humble_ws/install/franka_description/share/franka_description//mujoco/garmi/assets/temp/.git/hooks
-- Up-to-date: /home/user/humble_ws/install/franka_description/share/franka_description//mujoco/garmi/assets/temp/.git/hooks/commit-msg.sample
-- Up-to-date: /home/user/humble_ws/install/franka_description/share/franka_description//mujoco/garmi/assets/temp/.git/hooks/pre-push.sample
-- Up-to-date: /home/user/humble_ws/install/franka_description/share/franka_description//mujoco/garmi/assets/temp/.git/hooks/push-to-checkout.sample
-- Up-to-date: /home/user/humble_ws/install/franka_description/share/franka_description//mujoco/garmi/assets/temp/.git/hooks/pre-commit.sample
-- Up-to-date: /home/user/humble_ws/install/franka_description/share/franka_description//mujoco/garmi/assets/temp/.git/hooks/applypatch-msg.sample
-- Up-to-date: /home/user/humble_ws/install/franka_description/share/franka_description//mujoco/garmi/assets/temp/.git/hooks/pre-rebase.sample
-- Up-to-date: /home/user/humble_ws/install/franka_description/share/franka_description//mujoco/garmi/assets/temp/.git/hooks/post-update.sample
-- Up-to-date: /home/user/humble_ws/install/franka_description/share/franka_description//mujoco/garmi/assets/temp/.git/hooks/prepare-commit-msg.sample
-- Up-to-date: /home/user/humble_ws/install/franka_description/share/franka_description//mujoco/garmi/assets/temp/.git/hooks/pre-merge-commit.sample
-- Up-to-date: /home/user/humble_ws/install/franka_description/share/franka_description//mujoco/garmi/assets/temp/.git/hooks/update.sample
-- Up-to-date: /home/user/humble_ws/install/franka_description/share/franka_description//mujoco/garmi/assets/temp/.git/hooks/pre-receive.sample
-- Up-to-date: /home/user/humble_ws/install/franka_description/share/franka_description//mujoco/garmi/assets/temp/.git/hooks/fsmonitor-watchman.sample
-- Up-to-date: /home/user/humble_ws/install/franka_description/share/franka_description//mujoco/garmi/assets/temp/.git/hooks/pre-applypatch.sample
-- Up-to-date: /home/user/humble_ws/install/franka_description/share/franka_description//mujoco/garmi/assets/temp/.git/description
-- Up-to-date: /home/user/humble_ws/install/franka_description/share/franka_description//mujoco/garmi/assets/temp/.git/packed-refs
-- Up-to-date: /home/user/humble_ws/install/franka_description/share/franka_description//mujoco/garmi/assets/temp/.git/HEAD
-- Up-to-date: /home/user/humble_ws/install/franka_description/share/franka_description//mujoco/garmi/assets/temp/.git/branches
-- Up-to-date: /home/user/humble_ws/install/franka_description/share/franka_description//mujoco/garmi/assets/temp/.git/index
-- Up-to-date: /home/user/humble_ws/install/franka_description/share/franka_description//mujoco/garmi/assets/temp/.git/info
-- Up-to-date: /home/user/humble_ws/install/franka_description/share/franka_description//mujoco/garmi/assets/temp/.git/info/exclude
-- Up-to-date: /home/user/humble_ws/install/franka_description/share/franka_description//mujoco/garmi/assets/temp/.git/config
-- Up-to-date: /home/user/humble_ws/install/franka_description/share/franka_description//mujoco/garmi/assets/temp/.git/logs
-- Up-to-date: /home/user/humble_ws/install/franka_description/share/franka_description//mujoco/garmi/assets/temp/.git/logs/refs
-- Up-to-date: /home/user/humble_ws/install/franka_description/share/franka_description//mujoco/garmi/assets/temp/.git/logs/refs/remotes
-- Up-to-date: /home/user/humble_ws/install/franka_description/share/franka_description//mujoco/garmi/assets/temp/.git/logs/refs/remotes/origin
-- Up-to-date: /home/user/humble_ws/install/franka_description/share/franka_description//mujoco/garmi/assets/temp/.git/logs/refs/remotes/origin/HEAD
-- Up-to-date: /home/user/humble_ws/install/franka_description/share/franka_description//mujoco/garmi/assets/temp/.git/logs/refs/heads
-- Up-to-date: /home/user/humble_ws/install/franka_description/share/franka_description//mujoco/garmi/assets/temp/.git/logs/refs/heads/main
-- Up-to-date: /home/user/humble_ws/install/franka_description/share/franka_description//mujoco/garmi/assets/temp/.git/logs/HEAD
-- Up-to-date: /home/user/humble_ws/install/franka_description/share/franka_description//mujoco/garmi/assets/temp/.git/objects
-- Up-to-date: /home/user/humble_ws/install/franka_description/share/franka_description//mujoco/garmi/assets/temp/.git/objects/pack
-- Up-to-date: /home/user/humble_ws/install/franka_description/share/franka_description//mujoco/garmi/assets/temp/.git/objects/pack/pack-a3d3441a1ae27d841a0e672bcae49f49546e040e.pack
-- Up-to-date: /home/user/humble_ws/install/franka_description/share/franka_description//mujoco/garmi/assets/temp/.git/objects/pack/pack-a3d3441a1ae27d841a0e672bcae49f49546e040e.idx
-- Up-to-date: /home/user/humble_ws/install/franka_description/share/franka_description//mujoco/garmi/assets/temp/.git/objects/info
-- Up-to-date: /home/user/humble_ws/install/franka_description/share/ament_index/resource_index/package_run_dependencies/franka_description
-- Up-to-date: /home/user/humble_ws/install/franka_description/share/ament_index/resource_index/parent_prefix_path/franka_description
-- Up-to-date: /home/user/humble_ws/install/franka_description/share/franka_description/environment/ament_prefix_path.sh
-- Up-to-date: /home/user/humble_ws/install/franka_description/share/franka_description/environment/ament_prefix_path.dsv
-- Up-to-date: /home/user/humble_ws/install/franka_description/share/franka_description/environment/path.sh
-- Up-to-date: /home/user/humble_ws/install/franka_description/share/franka_description/environment/path.dsv
-- Up-to-date: /home/user/humble_ws/install/franka_description/share/franka_description/local_setup.bash
-- Up-to-date: /home/user/humble_ws/install/franka_description/share/franka_description/local_setup.sh
-- Up-to-date: /home/user/humble_ws/install/franka_description/share/franka_description/local_setup.zsh
-- Up-to-date: /home/user/humble_ws/install/franka_description/share/franka_description/local_setup.dsv
-- Installing: /home/user/humble_ws/install/franka_description/share/franka_description/package.dsv
-- Up-to-date: /home/user/humble_ws/install/franka_description/share/ament_index/resource_index/packages/franka_description
-- Up-to-date: /home/user/humble_ws/install/franka_description/share/franka_description/cmake/franka_descriptionConfig.cmake
-- Up-to-date: /home/user/humble_ws/install/franka_description/share/franka_description/cmake/franka_descriptionConfig-version.cmake
-- Up-to-date: /home/user/humble_ws/install/franka_description/share/franka_description/package.xml
