[0.023s] Invoking command in '/home/user/humble_ws/build/franka_gripper': CMAKE_PREFIX_PATH=/home/user/humble_ws/install/franka_msgs:/home/user/humble_ws/install/panda_motion_generators:/home/user/humble_ws/install/panda_motion_generator_msgs:/home/user/humble_ws/install/multi_mode_controller_impl:/home/user/humble_ws/install/multi_mode_controller:/home/user/humble_ws/install/multi_mode_control_msgs:/home/user/humble_ws/install/garmi_controllers:/home/user/humble_ws/install/franka_robot_state_broadcaster:/home/user/humble_ws/install/franka_example_controllers:/home/user/humble_ws/install/franka_semantic_components:/home/user/humble_ws/install/franka_moveit_config:/home/user/humble_ws/install/franka_bringup:/home/user/humble_ws/install/franka_hardware:/home/user/humble_ws/install/franka_gripper:/home/user/humble_ws/install/franka_control2:/home/user/humble_ws/install/franka_description:/home/user/Libraries/libfranka/lib/cmake:/home/user/Libraries/mujoco/lib/cmake:/opt/ros/humble LD_LIBRARY_PATH=/home/user/humble_ws/install/franka_msgs/lib:/home/user/humble_ws/install/panda_motion_generators/lib:/home/user/humble_ws/install/panda_motion_generator_msgs/lib:/home/user/humble_ws/install/multi_mode_controller_impl/lib:/home/user/humble_ws/install/multi_mode_controller/lib:/home/user/humble_ws/install/multi_mode_control_msgs/lib:/home/user/humble_ws/install/garmi_controllers/lib:/home/user/humble_ws/install/franka_robot_state_broadcaster/lib:/home/user/humble_ws/install/franka_example_controllers/lib:/home/user/humble_ws/install/franka_semantic_components/lib:/home/user/humble_ws/install/franka_hardware/lib:/home/user/humble_ws/install/franka_gripper/lib:/opt/ros/humble/opt/rviz_ogre_vendor/lib:/opt/ros/humble/lib/x86_64-linux-gnu:/opt/ros/humble/lib:/home/user/Libraries/libfranka/lib:/home/user/Libraries/mujoco/lib /usr/bin/cmake --build /home/user/humble_ws/build/franka_gripper -- -j12 -l12
[0.083s] [ 50%] Built target franka_gripper_node
[0.088s] [100%] Built target gripper_server
[0.092s] [100%] Built target ament_cmake_python_copy_franka_gripper
[0.314s] running egg_info
[0.314s] writing franka_gripper.egg-info/PKG-INFO
[0.314s] writing dependency_links to franka_gripper.egg-info/dependency_links.txt
[0.314s] writing top-level names to franka_gripper.egg-info/top_level.txt
[0.316s] reading manifest file 'franka_gripper.egg-info/SOURCES.txt'
[0.316s] writing manifest file 'franka_gripper.egg-info/SOURCES.txt'
[0.337s] [100%] Built target ament_cmake_python_build_franka_gripper_egg
[0.351s] Invoked command in '/home/user/humble_ws/build/franka_gripper' returned '0': CMAKE_PREFIX_PATH=/home/user/humble_ws/install/franka_msgs:/home/user/humble_ws/install/panda_motion_generators:/home/user/humble_ws/install/panda_motion_generator_msgs:/home/user/humble_ws/install/multi_mode_controller_impl:/home/user/humble_ws/install/multi_mode_controller:/home/user/humble_ws/install/multi_mode_control_msgs:/home/user/humble_ws/install/garmi_controllers:/home/user/humble_ws/install/franka_robot_state_broadcaster:/home/user/humble_ws/install/franka_example_controllers:/home/user/humble_ws/install/franka_semantic_components:/home/user/humble_ws/install/franka_moveit_config:/home/user/humble_ws/install/franka_bringup:/home/user/humble_ws/install/franka_hardware:/home/user/humble_ws/install/franka_gripper:/home/user/humble_ws/install/franka_control2:/home/user/humble_ws/install/franka_description:/home/user/Libraries/libfranka/lib/cmake:/home/user/Libraries/mujoco/lib/cmake:/opt/ros/humble LD_LIBRARY_PATH=/home/user/humble_ws/install/franka_msgs/lib:/home/user/humble_ws/install/panda_motion_generators/lib:/home/user/humble_ws/install/panda_motion_generator_msgs/lib:/home/user/humble_ws/install/multi_mode_controller_impl/lib:/home/user/humble_ws/install/multi_mode_controller/lib:/home/user/humble_ws/install/multi_mode_control_msgs/lib:/home/user/humble_ws/install/garmi_controllers/lib:/home/user/humble_ws/install/franka_robot_state_broadcaster/lib:/home/user/humble_ws/install/franka_example_controllers/lib:/home/user/humble_ws/install/franka_semantic_components/lib:/home/user/humble_ws/install/franka_hardware/lib:/home/user/humble_ws/install/franka_gripper/lib:/opt/ros/humble/opt/rviz_ogre_vendor/lib:/opt/ros/humble/lib/x86_64-linux-gnu:/opt/ros/humble/lib:/home/user/Libraries/libfranka/lib:/home/user/Libraries/mujoco/lib /usr/bin/cmake --build /home/user/humble_ws/build/franka_gripper -- -j12 -l12
[0.397s] Invoking command in '/home/user/humble_ws/build/franka_gripper': CMAKE_PREFIX_PATH=/home/user/humble_ws/install/franka_msgs:/home/user/humble_ws/install/panda_motion_generators:/home/user/humble_ws/install/panda_motion_generator_msgs:/home/user/humble_ws/install/multi_mode_controller_impl:/home/user/humble_ws/install/multi_mode_controller:/home/user/humble_ws/install/multi_mode_control_msgs:/home/user/humble_ws/install/garmi_controllers:/home/user/humble_ws/install/franka_robot_state_broadcaster:/home/user/humble_ws/install/franka_example_controllers:/home/user/humble_ws/install/franka_semantic_components:/home/user/humble_ws/install/franka_moveit_config:/home/user/humble_ws/install/franka_bringup:/home/user/humble_ws/install/franka_hardware:/home/user/humble_ws/install/franka_gripper:/home/user/humble_ws/install/franka_control2:/home/user/humble_ws/install/franka_description:/home/user/Libraries/libfranka/lib/cmake:/home/user/Libraries/mujoco/lib/cmake:/opt/ros/humble LD_LIBRARY_PATH=/home/user/humble_ws/install/franka_msgs/lib:/home/user/humble_ws/install/panda_motion_generators/lib:/home/user/humble_ws/install/panda_motion_generator_msgs/lib:/home/user/humble_ws/install/multi_mode_controller_impl/lib:/home/user/humble_ws/install/multi_mode_controller/lib:/home/user/humble_ws/install/multi_mode_control_msgs/lib:/home/user/humble_ws/install/garmi_controllers/lib:/home/user/humble_ws/install/franka_robot_state_broadcaster/lib:/home/user/humble_ws/install/franka_example_controllers/lib:/home/user/humble_ws/install/franka_semantic_components/lib:/home/user/humble_ws/install/franka_hardware/lib:/home/user/humble_ws/install/franka_gripper/lib:/opt/ros/humble/opt/rviz_ogre_vendor/lib:/opt/ros/humble/lib/x86_64-linux-gnu:/opt/ros/humble/lib:/home/user/Libraries/libfranka/lib:/home/user/Libraries/mujoco/lib /usr/bin/cmake --install /home/user/humble_ws/build/franka_gripper
[0.403s] -- Install configuration: "Release"
[0.403s] -- Up-to-date: /home/user/humble_ws/install/franka_gripper/lib/franka_gripper/franka_gripper_node
[0.403s] -- Up-to-date: /home/user/humble_ws/install/franka_gripper/lib/libgripper_server.so
[0.404s] -- Up-to-date: /home/user/humble_ws/install/franka_gripper/share/franka_gripper//launch
[0.404s] -- Up-to-date: /home/user/humble_ws/install/franka_gripper/share/franka_gripper//launch/gripper.launch.py
[0.404s] -- Up-to-date: /home/user/humble_ws/install/franka_gripper/share/franka_gripper//config
[0.404s] -- Up-to-date: /home/user/humble_ws/install/franka_gripper/share/franka_gripper//config/franka_gripper_node.yaml
[0.404s] -- Up-to-date: /home/user/humble_ws/install/franka_gripper/share/franka_gripper/environment/pythonpath.sh
[0.404s] -- Up-to-date: /home/user/humble_ws/install/franka_gripper/share/franka_gripper/environment/pythonpath.dsv
[0.404s] -- Up-to-date: /home/user/humble_ws/install/franka_gripper/local/lib/python3.10/dist-packages/franka_gripper-0.0.0-py3.10.egg-info
[0.404s] -- Installing: /home/user/humble_ws/install/franka_gripper/local/lib/python3.10/dist-packages/franka_gripper-0.0.0-py3.10.egg-info/top_level.txt
[0.404s] -- Installing: /home/user/humble_ws/install/franka_gripper/local/lib/python3.10/dist-packages/franka_gripper-0.0.0-py3.10.egg-info/dependency_links.txt
[0.404s] -- Installing: /home/user/humble_ws/install/franka_gripper/local/lib/python3.10/dist-packages/franka_gripper-0.0.0-py3.10.egg-info/SOURCES.txt
[0.404s] -- Installing: /home/user/humble_ws/install/franka_gripper/local/lib/python3.10/dist-packages/franka_gripper-0.0.0-py3.10.egg-info/PKG-INFO
[0.404s] -- Up-to-date: /home/user/humble_ws/install/franka_gripper/local/lib/python3.10/dist-packages/franka_gripper
[0.405s] -- Up-to-date: /home/user/humble_ws/install/franka_gripper/local/lib/python3.10/dist-packages/franka_gripper/__init__.py
[0.426s] Listing '/home/user/humble_ws/install/franka_gripper/local/lib/python3.10/dist-packages/franka_gripper'...
[0.428s] -- Up-to-date: /home/user/humble_ws/install/franka_gripper/lib/franka_gripper/fake_gripper_state_publisher.py
[0.428s] -- Up-to-date: /home/user/humble_ws/install/franka_gripper/share/ament_index/resource_index/package_run_dependencies/franka_gripper
[0.429s] -- Up-to-date: /home/user/humble_ws/install/franka_gripper/share/ament_index/resource_index/parent_prefix_path/franka_gripper
[0.429s] -- Up-to-date: /home/user/humble_ws/install/franka_gripper/share/franka_gripper/environment/ament_prefix_path.sh
[0.429s] -- Up-to-date: /home/user/humble_ws/install/franka_gripper/share/franka_gripper/environment/ament_prefix_path.dsv
[0.429s] -- Up-to-date: /home/user/humble_ws/install/franka_gripper/share/franka_gripper/environment/path.sh
[0.429s] -- Up-to-date: /home/user/humble_ws/install/franka_gripper/share/franka_gripper/environment/path.dsv
[0.429s] -- Up-to-date: /home/user/humble_ws/install/franka_gripper/share/franka_gripper/local_setup.bash
[0.429s] -- Up-to-date: /home/user/humble_ws/install/franka_gripper/share/franka_gripper/local_setup.sh
[0.429s] -- Up-to-date: /home/user/humble_ws/install/franka_gripper/share/franka_gripper/local_setup.zsh
[0.429s] -- Up-to-date: /home/user/humble_ws/install/franka_gripper/share/franka_gripper/local_setup.dsv
[0.429s] -- Installing: /home/user/humble_ws/install/franka_gripper/share/franka_gripper/package.dsv
[0.429s] -- Up-to-date: /home/user/humble_ws/install/franka_gripper/share/ament_index/resource_index/packages/franka_gripper
[0.430s] -- Up-to-date: /home/user/humble_ws/install/franka_gripper/share/ament_index/resource_index/rclcpp_components/franka_gripper
[0.430s] -- Up-to-date: /home/user/humble_ws/install/franka_gripper/share/franka_gripper/cmake/franka_gripperConfig.cmake
[0.430s] -- Up-to-date: /home/user/humble_ws/install/franka_gripper/share/franka_gripper/cmake/franka_gripperConfig-version.cmake
[0.430s] -- Up-to-date: /home/user/humble_ws/install/franka_gripper/share/franka_gripper/package.xml
[0.433s] Invoked command in '/home/user/humble_ws/build/franka_gripper' returned '0': CMAKE_PREFIX_PATH=/home/user/humble_ws/install/franka_msgs:/home/user/humble_ws/install/panda_motion_generators:/home/user/humble_ws/install/panda_motion_generator_msgs:/home/user/humble_ws/install/multi_mode_controller_impl:/home/user/humble_ws/install/multi_mode_controller:/home/user/humble_ws/install/multi_mode_control_msgs:/home/user/humble_ws/install/garmi_controllers:/home/user/humble_ws/install/franka_robot_state_broadcaster:/home/user/humble_ws/install/franka_example_controllers:/home/user/humble_ws/install/franka_semantic_components:/home/user/humble_ws/install/franka_moveit_config:/home/user/humble_ws/install/franka_bringup:/home/user/humble_ws/install/franka_hardware:/home/user/humble_ws/install/franka_gripper:/home/user/humble_ws/install/franka_control2:/home/user/humble_ws/install/franka_description:/home/user/Libraries/libfranka/lib/cmake:/home/user/Libraries/mujoco/lib/cmake:/opt/ros/humble LD_LIBRARY_PATH=/home/user/humble_ws/install/franka_msgs/lib:/home/user/humble_ws/install/panda_motion_generators/lib:/home/user/humble_ws/install/panda_motion_generator_msgs/lib:/home/user/humble_ws/install/multi_mode_controller_impl/lib:/home/user/humble_ws/install/multi_mode_controller/lib:/home/user/humble_ws/install/multi_mode_control_msgs/lib:/home/user/humble_ws/install/garmi_controllers/lib:/home/user/humble_ws/install/franka_robot_state_broadcaster/lib:/home/user/humble_ws/install/franka_example_controllers/lib:/home/user/humble_ws/install/franka_semantic_components/lib:/home/user/humble_ws/install/franka_hardware/lib:/home/user/humble_ws/install/franka_gripper/lib:/opt/ros/humble/opt/rviz_ogre_vendor/lib:/opt/ros/humble/lib/x86_64-linux-gnu:/opt/ros/humble/lib:/home/user/Libraries/libfranka/lib:/home/user/Libraries/mujoco/lib /usr/bin/cmake --install /home/user/humble_ws/build/franka_gripper
