-- The C compiler identification is GNU 11.4.0
-- The CXX compiler identification is GNU 11.4.0
-- Detecting C compiler ABI info
-- Detecting C compiler ABI info - done
-- Check for working C compiler: /usr/bin/cc - skipped
-- Detecting C compile features
-- Detecting C compile features - done
-- Detecting CXX compiler ABI info
-- Detecting CXX compiler ABI info - done
-- Check for working CXX compiler: /usr/bin/c++ - skipped
-- Detecting CXX compile features
-- Detecting CXX compile features - done
-- Found ament_cmake: 1.3.10 (/opt/ros/humble/share/ament_cmake/cmake)
-- Found Python3: /usr/bin/python3 (found version "3.10.12") found components: Interpreter 
-- Found builtin_interfaces: 1.2.1 (/opt/ros/humble/share/builtin_interfaces/cmake)
-- Found rosidl_generator_c: 3.1.5 (/opt/ros/humble/share/rosidl_generator_c/cmake)
-- Found rosidl_adapter: 3.1.5 (/opt/ros/humble/share/rosidl_adapter/cmake)
-- Found rosidl_generator_cpp: 3.1.5 (/opt/ros/humble/share/rosidl_generator_cpp/cmake)
-- Using all available rosidl_typesupport_c: rosidl_typesupport_fastrtps_c;rosidl_typesupport_introspection_c
-- Using all available rosidl_typesupport_cpp: rosidl_typesupport_fastrtps_cpp;rosidl_typesupport_introspection_cpp
-- Found control_msgs: 4.7.0 (/opt/ros/humble/share/control_msgs/cmake)
-- Found multi_mode_control_msgs: 0.0.0 (/home/user/humble_ws/install/multi_mode_control_msgs/share/multi_mode_control_msgs/cmake)
-- Found controller_interface: 2.44.0 (/opt/ros/humble/share/controller_interface/cmake)
-- Found rmw_implementation_cmake: 6.1.2 (/opt/ros/humble/share/rmw_implementation_cmake/cmake)
-- Found rmw_fastrtps_cpp: 6.2.7 (/opt/ros/humble/share/rmw_fastrtps_cpp/cmake)
-- Found TinyXML2 via Config file: TinyXML2_DIR-NOTFOUND
-- Found OpenSSL: /usr/lib/x86_64-linux-gnu/libcrypto.so (found version "3.0.2")  
-- Found TinyXML2 via Config file: TinyXML2_DIR-NOTFOUND
-- Found FastRTPS: /opt/ros/humble/include  
-- Found TinyXML2 via Config file: TinyXML2_DIR-NOTFOUND
-- Found TinyXML2 via Config file: TinyXML2_DIR-NOTFOUND
-- Using RMW implementation 'rmw_fastrtps_cpp' as default
-- Looking for pthread.h
-- Looking for pthread.h - found
-- Performing Test CMAKE_HAVE_LIBC_PTHREAD
-- Performing Test CMAKE_HAVE_LIBC_PTHREAD - Success
-- Found Threads: TRUE  
-- Found controller_manager: 2.44.0 (/opt/ros/humble/share/controller_manager/cmake)
-- Found franka_semantic_components: 0.0.0 (/home/user/humble_ws/install/franka_semantic_components/share/franka_semantic_components/cmake)
-- Found generate_parameter_library: 0.3.9 (/opt/ros/humble/share/generate_parameter_library/cmake)
-- Found parameter_traits: 0.3.9 (/opt/ros/humble/share/parameter_traits/cmake)
-- Found ament_lint_auto: 0.12.11 (/opt/ros/humble/share/ament_lint_auto/cmake)
-- Added test 'cppcheck' to perform static code analysis on C / C++ code
-- Configured cppcheck include dirs: /home/user/humble_ws/src/bimanual_architecture/franka_multi_mode_controller/multi_mode_controller/include
-- Configured cppcheck exclude dirs and/or files: 
-- Added test 'lint_cmake' to check CMake code style
-- Added test 'uncrustify' to check C / C++ code style
-- Configured uncrustify additional arguments: 
-- Added test 'xmllint' to check XML markup files
-- Configuring done
-- Generating done
-- Build files have been written to: /home/user/humble_ws/build/multi_mode_controller
[  5%] Building C object CMakeFiles/openGJK.dir/src/openGJK.c.o
[ 10%] Building CXX object CMakeFiles/synchronous_client.dir/src/synchronous_client.cpp.o
[ 15%] Linking C static library libopenGJK.a
[ 15%] Built target openGJK
[ 20%] Building CXX object CMakeFiles/multi_mode_controller.dir/src/robot_data.cpp.o
[ 25%] Building CXX object CMakeFiles/multi_mode_controller.dir/src/controller_factory.cpp.o
[ 30%] Building CXX object CMakeFiles/multi_mode_controller.dir/src/redundancy_resolution.cpp.o
[ 35%] Building CXX object CMakeFiles/multi_mode_controller.dir/src/comless_dual_cartesian_impedance_controller.cpp.o
[ 40%] Building CXX object CMakeFiles/multi_mode_controller.dir/src/comless_panda_cartesian_impedance_controller.cpp.o
[ 45%] Building CXX object CMakeFiles/multi_mode_controller.dir/src/comless_coupled_dual_cartesian_impedance_controller.cpp.o
[ 50%] Building CXX object CMakeFiles/multi_mode_controller.dir/src/comless_dual_joint_impedance_controller.cpp.o
[ 55%] Building CXX object CMakeFiles/multi_mode_controller.dir/src/panda_cartesian_impedance_controller.cpp.o
[ 60%] Building CXX object CMakeFiles/multi_mode_controller.dir/src/comless_panda_joint_impedance_controller.cpp.o
[ 65%] Building CXX object CMakeFiles/multi_mode_controller.dir/src/dual_cartesian_impedance_controller.cpp.o
[ 70%] Building CXX object CMakeFiles/multi_mode_controller.dir/src/twin_cartesian_impedance_controller.cpp.o
[ 75%] Linking CXX shared library libsynchronous_client.so
[ 75%] Built target synchronous_client
[ 80%] Building CXX object CMakeFiles/multi_mode_controller.dir/src/des_coupled_dual_cartesian_impedance_controller.cpp.o
[ 85%] Building CXX object CMakeFiles/multi_mode_controller.dir/src/panda_joint_impedance_controller.cpp.o
[ 90%] Building CXX object CMakeFiles/multi_mode_controller.dir/src/panda_joint_velocity_controller.cpp.o
[ 95%] Building CXX object CMakeFiles/multi_mode_controller.dir/src/twin_joint_impedance_controller.cpp.o
[100%] Linking CXX shared library libmulti_mode_controller.so
[100%] Built target multi_mode_controller
-- Install configuration: "Release"
-- Installing: /home/user/humble_ws/install/multi_mode_controller/lib/libopenGJK.a
-- Installing: /home/user/humble_ws/install/multi_mode_controller/lib/libmulti_mode_controller.so
-- Set runtime path of "/home/user/humble_ws/install/multi_mode_controller/lib/libmulti_mode_controller.so" to ""
-- Installing: /home/user/humble_ws/install/multi_mode_controller/include
-- Installing: /home/user/humble_ws/install/multi_mode_controller/include/multi_mode_controller
-- Installing: /home/user/humble_ws/install/multi_mode_controller/include/multi_mode_controller/controllers
-- Installing: /home/user/humble_ws/install/multi_mode_controller/include/multi_mode_controller/controllers/panda_cartesian_impedance_controller.h
-- Installing: /home/user/humble_ws/install/multi_mode_controller/include/multi_mode_controller/controllers/comless_dual_joint_impedance_controller.h
-- Installing: /home/user/humble_ws/install/multi_mode_controller/include/multi_mode_controller/controllers/twin_joint_impedance_controller.h
-- Installing: /home/user/humble_ws/install/multi_mode_controller/include/multi_mode_controller/controllers/comless_dual_cartesian_impedance_controller.h
-- Installing: /home/user/humble_ws/install/multi_mode_controller/include/multi_mode_controller/controllers/twin_cartesian_impedance_controller.h
-- Installing: /home/user/humble_ws/install/multi_mode_controller/include/multi_mode_controller/controllers/panda_joint_velocity_controller.h
-- Installing: /home/user/humble_ws/install/multi_mode_controller/include/multi_mode_controller/controllers/comless_panda_cartesian_impedance_controller.h
-- Installing: /home/user/humble_ws/install/multi_mode_controller/include/multi_mode_controller/controllers/comless_coupled_dual_cartesian_impedance_controller.h
-- Installing: /home/user/humble_ws/install/multi_mode_controller/include/multi_mode_controller/controllers/dual_cartesian_impedance_controller.h
-- Installing: /home/user/humble_ws/install/multi_mode_controller/include/multi_mode_controller/controllers/panda_joint_impedance_controller.h
-- Installing: /home/user/humble_ws/install/multi_mode_controller/include/multi_mode_controller/controllers/comless_panda_joint_impedance_controller.h
-- Installing: /home/user/humble_ws/install/multi_mode_controller/include/multi_mode_controller/controllers/des_coupled_dual_cartesian_impedance_controller.h
-- Installing: /home/user/humble_ws/install/multi_mode_controller/include/multi_mode_controller/utils
-- Installing: /home/user/humble_ws/install/multi_mode_controller/include/multi_mode_controller/utils/factory.h
-- Installing: /home/user/humble_ws/install/multi_mode_controller/include/multi_mode_controller/utils/damping_design.h
-- Installing: /home/user/humble_ws/install/multi_mode_controller/include/multi_mode_controller/utils/synchronous_client.h
-- Installing: /home/user/humble_ws/install/multi_mode_controller/include/multi_mode_controller/utils/robot_data.h
-- Installing: /home/user/humble_ws/install/multi_mode_controller/include/multi_mode_controller/utils/conversions.h
-- Installing: /home/user/humble_ws/install/multi_mode_controller/include/multi_mode_controller/utils/get_robot_state_msg.h
-- Installing: /home/user/humble_ws/install/multi_mode_controller/include/multi_mode_controller/utils/type_name.h
-- Installing: /home/user/humble_ws/install/multi_mode_controller/include/multi_mode_controller/utils/buffered.h
-- Installing: /home/user/humble_ws/install/multi_mode_controller/include/multi_mode_controller/utils/controller_factory.h
-- Installing: /home/user/humble_ws/install/multi_mode_controller/include/multi_mode_controller/utils/nullspace_projection.h
-- Installing: /home/user/humble_ws/install/multi_mode_controller/include/multi_mode_controller/utils/redundancy_resolution.h
-- Installing: /home/user/humble_ws/install/multi_mode_controller/include/multi_mode_controller/utils/sync_service_client.hpp
-- Installing: /home/user/humble_ws/install/multi_mode_controller/include/multi_mode_controller/utils/openGJK.h
-- Installing: /home/user/humble_ws/install/multi_mode_controller/include/multi_mode_controller/utils/panda_limits.h
-- Installing: /home/user/humble_ws/install/multi_mode_controller/include/multi_mode_controller/base
-- Installing: /home/user/humble_ws/install/multi_mode_controller/include/multi_mode_controller/base/panda_controller_interface.h
-- Installing: /home/user/humble_ws/install/multi_mode_controller/include/multi_mode_controller/base/switch_engine_interface.h
-- Installing: /home/user/humble_ws/install/multi_mode_controller/include/multi_mode_controller/base/panda_controller_base.h
-- Installing: /home/user/humble_ws/install/multi_mode_controller/include/multi_mode_controller/base/switch_engine.h
-- Installing: /home/user/humble_ws/install/multi_mode_controller/include/multi_mode_controller/base/panda_controller_ros_interface.h
-- Installing: /home/user/humble_ws/install/multi_mode_controller/lib/libsynchronous_client.so
-- Set runtime path of "/home/user/humble_ws/install/multi_mode_controller/lib/libsynchronous_client.so" to ""
-- Installing: /home/user/humble_ws/install/multi_mode_controller/share/multi_mode_controller/environment/library_path.sh
-- Installing: /home/user/humble_ws/install/multi_mode_controller/share/multi_mode_controller/environment/library_path.dsv
-- Installing: /home/user/humble_ws/install/multi_mode_controller/share/ament_index/resource_index/package_run_dependencies/multi_mode_controller
-- Installing: /home/user/humble_ws/install/multi_mode_controller/share/ament_index/resource_index/parent_prefix_path/multi_mode_controller
-- Installing: /home/user/humble_ws/install/multi_mode_controller/share/multi_mode_controller/environment/ament_prefix_path.sh
-- Installing: /home/user/humble_ws/install/multi_mode_controller/share/multi_mode_controller/environment/ament_prefix_path.dsv
-- Installing: /home/user/humble_ws/install/multi_mode_controller/share/multi_mode_controller/environment/path.sh
-- Installing: /home/user/humble_ws/install/multi_mode_controller/share/multi_mode_controller/environment/path.dsv
-- Installing: /home/user/humble_ws/install/multi_mode_controller/share/multi_mode_controller/local_setup.bash
-- Installing: /home/user/humble_ws/install/multi_mode_controller/share/multi_mode_controller/local_setup.sh
-- Installing: /home/user/humble_ws/install/multi_mode_controller/share/multi_mode_controller/local_setup.zsh
-- Installing: /home/user/humble_ws/install/multi_mode_controller/share/multi_mode_controller/local_setup.dsv
-- Installing: /home/user/humble_ws/install/multi_mode_controller/share/multi_mode_controller/package.dsv
-- Installing: /home/user/humble_ws/install/multi_mode_controller/share/ament_index/resource_index/packages/multi_mode_controller
-- Installing: /home/user/humble_ws/install/multi_mode_controller/share/multi_mode_controller/cmake/ament_cmake_export_include_directories-extras.cmake
-- Installing: /home/user/humble_ws/install/multi_mode_controller/share/multi_mode_controller/cmake/ament_cmake_export_libraries-extras.cmake
-- Installing: /home/user/humble_ws/install/multi_mode_controller/share/multi_mode_controller/cmake/ament_cmake_export_dependencies-extras.cmake
-- Installing: /home/user/humble_ws/install/multi_mode_controller/share/multi_mode_controller/cmake/multi_mode_controllerConfig.cmake
-- Installing: /home/user/humble_ws/install/multi_mode_controller/share/multi_mode_controller/cmake/multi_mode_controllerConfig-version.cmake
-- Installing: /home/user/humble_ws/install/multi_mode_controller/share/multi_mode_controller/package.xml
