[0.048s] Invoking command in '/home/user/humble_ws/build/franka_msgs': CMAKE_PREFIX_PATH=${CMAKE_PREFIX_PATH}:/opt/ros/humble /usr/bin/cmake --build /home/user/humble_ws/build/franka_msgs -- -j12 -l12
[0.292s] [  0%] Built target franka_msgs__cpp
[0.326s] [ 12%] Built target franka_msgs__rosidl_generator_c
[0.369s] [ 12%] Built target ament_cmake_python_copy_franka_msgs
[0.431s] [ 24%] Built target franka_msgs__rosidl_typesupport_cpp
[0.431s] [ 36%] Built target franka_msgs__rosidl_typesupport_c
[0.434s] [ 48%] Built target franka_msgs__rosidl_typesupport_introspection_cpp
[0.442s] [ 60%] Built target franka_msgs__rosidl_typesupport_fastrtps_cpp
[0.453s] [ 72%] Built target franka_msgs__rosidl_typesupport_introspection_c
[0.458s] [ 84%] Built target franka_msgs__rosidl_typesupport_fastrtps_c
[0.508s] [ 84%] Built target franka_msgs
[0.546s] [ 85%] Built target franka_msgs__py
[0.610s] [ 96%] Built target franka_msgs__rosidl_generator_py
[0.651s] [ 97%] Built target franka_msgs__rosidl_typesupport_c__pyext
[0.654s] [ 98%] Built target franka_msgs__rosidl_typesupport_fastrtps_c__pyext
[0.656s] [100%] Built target franka_msgs__rosidl_typesupport_introspection_c__pyext
[0.749s] running egg_info
[0.750s] writing franka_msgs.egg-info/PKG-INFO
[0.750s] writing dependency_links to franka_msgs.egg-info/dependency_links.txt
[0.750s] writing top-level names to franka_msgs.egg-info/top_level.txt
[0.753s] reading manifest file 'franka_msgs.egg-info/SOURCES.txt'
[0.755s] writing manifest file 'franka_msgs.egg-info/SOURCES.txt'
[0.802s] [100%] Built target ament_cmake_python_build_franka_msgs_egg
[0.832s] Invoked command in '/home/user/humble_ws/build/franka_msgs' returned '0': CMAKE_PREFIX_PATH=${CMAKE_PREFIX_PATH}:/opt/ros/humble /usr/bin/cmake --build /home/user/humble_ws/build/franka_msgs -- -j12 -l12
[2.098s] Invoking command in '/home/user/humble_ws/build/franka_msgs': CMAKE_PREFIX_PATH=${CMAKE_PREFIX_PATH}:/opt/ros/humble /usr/bin/cmake --install /home/user/humble_ws/build/franka_msgs
[2.121s] -- Install configuration: "Release"
[2.121s] -- Up-to-date: /home/user/humble_ws/install/franka_msgs/share/ament_index/resource_index/rosidl_interfaces/franka_msgs
[2.122s] -- Up-to-date: /home/user/humble_ws/install/franka_msgs/include/franka_msgs/franka_msgs
[2.122s] -- Up-to-date: /home/user/humble_ws/install/franka_msgs/include/franka_msgs/franka_msgs/action
[2.122s] -- Up-to-date: /home/user/humble_ws/install/franka_msgs/include/franka_msgs/franka_msgs/action/grasp.h
[2.122s] -- Up-to-date: /home/user/humble_ws/install/franka_msgs/include/franka_msgs/franka_msgs/action/detail
[2.123s] -- Up-to-date: /home/user/humble_ws/install/franka_msgs/include/franka_msgs/franka_msgs/action/detail/homing__functions.c
[2.123s] -- Up-to-date: /home/user/humble_ws/install/franka_msgs/include/franka_msgs/franka_msgs/action/detail/move__functions.c
[2.123s] -- Up-to-date: /home/user/humble_ws/install/franka_msgs/include/franka_msgs/franka_msgs/action/detail/move__type_support.h
[2.123s] -- Up-to-date: /home/user/humble_ws/install/franka_msgs/include/franka_msgs/franka_msgs/action/detail/homing__struct.h
[2.123s] -- Up-to-date: /home/user/humble_ws/install/franka_msgs/include/franka_msgs/franka_msgs/action/detail/homing__functions.h
[2.123s] -- Up-to-date: /home/user/humble_ws/install/franka_msgs/include/franka_msgs/franka_msgs/action/detail/grasp__functions.h
[2.123s] -- Up-to-date: /home/user/humble_ws/install/franka_msgs/include/franka_msgs/franka_msgs/action/detail/grasp__struct.h
[2.123s] -- Up-to-date: /home/user/humble_ws/install/franka_msgs/include/franka_msgs/franka_msgs/action/detail/grasp__type_support.h
[2.123s] -- Up-to-date: /home/user/humble_ws/install/franka_msgs/include/franka_msgs/franka_msgs/action/detail/grasp__functions.c
[2.123s] -- Up-to-date: /home/user/humble_ws/install/franka_msgs/include/franka_msgs/franka_msgs/action/detail/move__struct.h
[2.124s] -- Up-to-date: /home/user/humble_ws/install/franka_msgs/include/franka_msgs/franka_msgs/action/detail/homing__type_support.h
[2.124s] -- Up-to-date: /home/user/humble_ws/install/franka_msgs/include/franka_msgs/franka_msgs/action/detail/move__functions.h
[2.124s] -- Up-to-date: /home/user/humble_ws/install/franka_msgs/include/franka_msgs/franka_msgs/action/homing.h
[2.124s] -- Up-to-date: /home/user/humble_ws/install/franka_msgs/include/franka_msgs/franka_msgs/action/move.h
[2.124s] -- Up-to-date: /home/user/humble_ws/install/franka_msgs/include/franka_msgs/franka_msgs/srv
[2.124s] -- Up-to-date: /home/user/humble_ws/install/franka_msgs/include/franka_msgs/franka_msgs/srv/set_tcp_frame.h
[2.124s] -- Up-to-date: /home/user/humble_ws/install/franka_msgs/include/franka_msgs/franka_msgs/srv/set_force_torque_collision_behavior.h
[2.124s] -- Up-to-date: /home/user/humble_ws/install/franka_msgs/include/franka_msgs/franka_msgs/srv/set_cartesian_stiffness.h
[2.124s] -- Up-to-date: /home/user/humble_ws/install/franka_msgs/include/franka_msgs/franka_msgs/srv/detail
[2.125s] -- Up-to-date: /home/user/humble_ws/install/franka_msgs/include/franka_msgs/franka_msgs/srv/detail/error_recovery__functions.h
[2.125s] -- Up-to-date: /home/user/humble_ws/install/franka_msgs/include/franka_msgs/franka_msgs/srv/detail/set_tcp_frame__functions.c
[2.125s] -- Up-to-date: /home/user/humble_ws/install/franka_msgs/include/franka_msgs/franka_msgs/srv/detail/set_mujoco_poses__functions.c
[2.125s] -- Up-to-date: /home/user/humble_ws/install/franka_msgs/include/franka_msgs/franka_msgs/srv/detail/set_joint_stiffness__functions.c
[2.126s] -- Up-to-date: /home/user/humble_ws/install/franka_msgs/include/franka_msgs/franka_msgs/srv/detail/set_load__struct.h
[2.126s] -- Up-to-date: /home/user/humble_ws/install/franka_msgs/include/franka_msgs/franka_msgs/srv/detail/set_force_torque_collision_behavior__functions.c
[2.126s] -- Up-to-date: /home/user/humble_ws/install/franka_msgs/include/franka_msgs/franka_msgs/srv/detail/set_joint_stiffness__type_support.h
[2.126s] -- Up-to-date: /home/user/humble_ws/install/franka_msgs/include/franka_msgs/franka_msgs/srv/detail/error_recovery__functions.c
[2.126s] -- Up-to-date: /home/user/humble_ws/install/franka_msgs/include/franka_msgs/franka_msgs/srv/detail/set_stiffness_frame__type_support.h
[2.126s] -- Up-to-date: /home/user/humble_ws/install/franka_msgs/include/franka_msgs/franka_msgs/srv/detail/set_stiffness_frame__functions.h
[2.126s] -- Up-to-date: /home/user/humble_ws/install/franka_msgs/include/franka_msgs/franka_msgs/srv/detail/set_stiffness_frame__functions.c
[2.126s] -- Up-to-date: /home/user/humble_ws/install/franka_msgs/include/franka_msgs/franka_msgs/srv/detail/set_tcp_frame__struct.h
[2.126s] -- Up-to-date: /home/user/humble_ws/install/franka_msgs/include/franka_msgs/franka_msgs/srv/detail/set_stiffness_frame__struct.h
[2.126s] -- Up-to-date: /home/user/humble_ws/install/franka_msgs/include/franka_msgs/franka_msgs/srv/detail/set_full_collision_behavior__functions.c
[2.126s] -- Up-to-date: /home/user/humble_ws/install/franka_msgs/include/franka_msgs/franka_msgs/srv/detail/error_recovery__struct.h
[2.127s] -- Up-to-date: /home/user/humble_ws/install/franka_msgs/include/franka_msgs/franka_msgs/srv/detail/set_full_collision_behavior__type_support.h
[2.127s] -- Up-to-date: /home/user/humble_ws/install/franka_msgs/include/franka_msgs/franka_msgs/srv/detail/set_mujoco_poses__struct.h
[2.127s] -- Up-to-date: /home/user/humble_ws/install/franka_msgs/include/franka_msgs/franka_msgs/srv/detail/set_cartesian_stiffness__functions.c
[2.127s] -- Up-to-date: /home/user/humble_ws/install/franka_msgs/include/franka_msgs/franka_msgs/srv/detail/set_load__functions.h
[2.127s] -- Up-to-date: /home/user/humble_ws/install/franka_msgs/include/franka_msgs/franka_msgs/srv/detail/set_force_torque_collision_behavior__struct.h
[2.127s] -- Up-to-date: /home/user/humble_ws/install/franka_msgs/include/franka_msgs/franka_msgs/srv/detail/error_recovery__type_support.h
[2.127s] -- Up-to-date: /home/user/humble_ws/install/franka_msgs/include/franka_msgs/franka_msgs/srv/detail/set_load__type_support.h
[2.127s] -- Up-to-date: /home/user/humble_ws/install/franka_msgs/include/franka_msgs/franka_msgs/srv/detail/set_joint_stiffness__functions.h
[2.127s] -- Up-to-date: /home/user/humble_ws/install/franka_msgs/include/franka_msgs/franka_msgs/srv/detail/set_load__functions.c
[2.127s] -- Up-to-date: /home/user/humble_ws/install/franka_msgs/include/franka_msgs/franka_msgs/srv/detail/set_mujoco_poses__type_support.h
[2.127s] -- Up-to-date: /home/user/humble_ws/install/franka_msgs/include/franka_msgs/franka_msgs/srv/detail/set_mujoco_poses__functions.h
[2.127s] -- Up-to-date: /home/user/humble_ws/install/franka_msgs/include/franka_msgs/franka_msgs/srv/detail/set_force_torque_collision_behavior__functions.h
[2.127s] -- Up-to-date: /home/user/humble_ws/install/franka_msgs/include/franka_msgs/franka_msgs/srv/detail/set_tcp_frame__type_support.h
[2.128s] -- Up-to-date: /home/user/humble_ws/install/franka_msgs/include/franka_msgs/franka_msgs/srv/detail/set_force_torque_collision_behavior__type_support.h
[2.128s] -- Up-to-date: /home/user/humble_ws/install/franka_msgs/include/franka_msgs/franka_msgs/srv/detail/set_cartesian_stiffness__struct.h
[2.128s] -- Up-to-date: /home/user/humble_ws/install/franka_msgs/include/franka_msgs/franka_msgs/srv/detail/set_cartesian_stiffness__type_support.h
[2.128s] -- Up-to-date: /home/user/humble_ws/install/franka_msgs/include/franka_msgs/franka_msgs/srv/detail/set_full_collision_behavior__struct.h
[2.128s] -- Up-to-date: /home/user/humble_ws/install/franka_msgs/include/franka_msgs/franka_msgs/srv/detail/set_cartesian_stiffness__functions.h
[2.128s] -- Up-to-date: /home/user/humble_ws/install/franka_msgs/include/franka_msgs/franka_msgs/srv/detail/set_joint_stiffness__struct.h
[2.128s] -- Up-to-date: /home/user/humble_ws/install/franka_msgs/include/franka_msgs/franka_msgs/srv/detail/set_tcp_frame__functions.h
[2.128s] -- Up-to-date: /home/user/humble_ws/install/franka_msgs/include/franka_msgs/franka_msgs/srv/detail/set_full_collision_behavior__functions.h
[2.128s] -- Up-to-date: /home/user/humble_ws/install/franka_msgs/include/franka_msgs/franka_msgs/srv/set_load.h
[2.128s] -- Up-to-date: /home/user/humble_ws/install/franka_msgs/include/franka_msgs/franka_msgs/srv/set_full_collision_behavior.h
[2.128s] -- Up-to-date: /home/user/humble_ws/install/franka_msgs/include/franka_msgs/franka_msgs/srv/set_joint_stiffness.h
[2.128s] -- Up-to-date: /home/user/humble_ws/install/franka_msgs/include/franka_msgs/franka_msgs/srv/set_stiffness_frame.h
[2.128s] -- Up-to-date: /home/user/humble_ws/install/franka_msgs/include/franka_msgs/franka_msgs/srv/set_mujoco_poses.h
[2.128s] -- Up-to-date: /home/user/humble_ws/install/franka_msgs/include/franka_msgs/franka_msgs/srv/error_recovery.h
[2.129s] -- Up-to-date: /home/user/humble_ws/install/franka_msgs/include/franka_msgs/franka_msgs/msg
[2.129s] -- Up-to-date: /home/user/humble_ws/install/franka_msgs/include/franka_msgs/franka_msgs/msg/rosidl_generator_c__visibility_control.h
[2.129s] -- Up-to-date: /home/user/humble_ws/install/franka_msgs/include/franka_msgs/franka_msgs/msg/errors.h
[2.129s] -- Up-to-date: /home/user/humble_ws/install/franka_msgs/include/franka_msgs/franka_msgs/msg/grasp_epsilon.h
[2.129s] -- Up-to-date: /home/user/humble_ws/install/franka_msgs/include/franka_msgs/franka_msgs/msg/detail
[2.129s] -- Up-to-date: /home/user/humble_ws/install/franka_msgs/include/franka_msgs/franka_msgs/msg/detail/pose_stamped_array__functions.h
[2.129s] -- Up-to-date: /home/user/humble_ws/install/franka_msgs/include/franka_msgs/franka_msgs/msg/detail/franka_state__functions.c
[2.129s] -- Up-to-date: /home/user/humble_ws/install/franka_msgs/include/franka_msgs/franka_msgs/msg/detail/franka_state__type_support.h
[2.129s] -- Up-to-date: /home/user/humble_ws/install/franka_msgs/include/franka_msgs/franka_msgs/msg/detail/grasp_epsilon__functions.h
[2.129s] -- Up-to-date: /home/user/humble_ws/install/franka_msgs/include/franka_msgs/franka_msgs/msg/detail/errors__functions.h
[2.129s] -- Up-to-date: /home/user/humble_ws/install/franka_msgs/include/franka_msgs/franka_msgs/msg/detail/pose_stamped_array__type_support.h
[2.129s] -- Up-to-date: /home/user/humble_ws/install/franka_msgs/include/franka_msgs/franka_msgs/msg/detail/errors__type_support.h
[2.129s] -- Up-to-date: /home/user/humble_ws/install/franka_msgs/include/franka_msgs/franka_msgs/msg/detail/franka_model__functions.h
[2.130s] -- Up-to-date: /home/user/humble_ws/install/franka_msgs/include/franka_msgs/franka_msgs/msg/detail/franka_model__type_support.h
[2.130s] -- Up-to-date: /home/user/humble_ws/install/franka_msgs/include/franka_msgs/franka_msgs/msg/detail/grasp_epsilon__functions.c
[2.130s] -- Up-to-date: /home/user/humble_ws/install/franka_msgs/include/franka_msgs/franka_msgs/msg/detail/franka_model__functions.c
[2.130s] -- Up-to-date: /home/user/humble_ws/install/franka_msgs/include/franka_msgs/franka_msgs/msg/detail/errors__struct.h
[2.130s] -- Up-to-date: /home/user/humble_ws/install/franka_msgs/include/franka_msgs/franka_msgs/msg/detail/grasp_epsilon__struct.h
[2.130s] -- Up-to-date: /home/user/humble_ws/install/franka_msgs/include/franka_msgs/franka_msgs/msg/detail/franka_model__struct.h
[2.130s] -- Up-to-date: /home/user/humble_ws/install/franka_msgs/include/franka_msgs/franka_msgs/msg/detail/errors__functions.c
[2.130s] -- Up-to-date: /home/user/humble_ws/install/franka_msgs/include/franka_msgs/franka_msgs/msg/detail/grasp_epsilon__type_support.h
[2.130s] -- Up-to-date: /home/user/humble_ws/install/franka_msgs/include/franka_msgs/franka_msgs/msg/detail/franka_state__functions.h
[2.130s] -- Up-to-date: /home/user/humble_ws/install/franka_msgs/include/franka_msgs/franka_msgs/msg/detail/pose_stamped_array__functions.c
[2.130s] -- Up-to-date: /home/user/humble_ws/install/franka_msgs/include/franka_msgs/franka_msgs/msg/detail/franka_state__struct.h
[2.130s] -- Up-to-date: /home/user/humble_ws/install/franka_msgs/include/franka_msgs/franka_msgs/msg/detail/pose_stamped_array__struct.h
[2.131s] -- Up-to-date: /home/user/humble_ws/install/franka_msgs/include/franka_msgs/franka_msgs/msg/pose_stamped_array.h
[2.131s] -- Up-to-date: /home/user/humble_ws/install/franka_msgs/include/franka_msgs/franka_msgs/msg/franka_model.h
[2.131s] -- Up-to-date: /home/user/humble_ws/install/franka_msgs/include/franka_msgs/franka_msgs/msg/franka_state.h
[2.131s] -- Up-to-date: /home/user/humble_ws/install/franka_msgs/share/franka_msgs/environment/library_path.sh
[2.131s] -- Up-to-date: /home/user/humble_ws/install/franka_msgs/share/franka_msgs/environment/library_path.dsv
[2.131s] -- Up-to-date: /home/user/humble_ws/install/franka_msgs/lib/libfranka_msgs__rosidl_generator_c.so
[2.131s] -- Up-to-date: /home/user/humble_ws/install/franka_msgs/include/franka_msgs/franka_msgs
[2.131s] -- Up-to-date: /home/user/humble_ws/install/franka_msgs/include/franka_msgs/franka_msgs/action
[2.131s] -- Up-to-date: /home/user/humble_ws/install/franka_msgs/include/franka_msgs/franka_msgs/action/detail
[2.131s] -- Up-to-date: /home/user/humble_ws/install/franka_msgs/include/franka_msgs/franka_msgs/action/detail/homing__rosidl_typesupport_fastrtps_c.h
[2.131s] -- Up-to-date: /home/user/humble_ws/install/franka_msgs/include/franka_msgs/franka_msgs/action/detail/grasp__rosidl_typesupport_fastrtps_c.h
[2.131s] -- Up-to-date: /home/user/humble_ws/install/franka_msgs/include/franka_msgs/franka_msgs/action/detail/move__rosidl_typesupport_fastrtps_c.h
[2.131s] -- Up-to-date: /home/user/humble_ws/install/franka_msgs/include/franka_msgs/franka_msgs/srv
[2.131s] -- Up-to-date: /home/user/humble_ws/install/franka_msgs/include/franka_msgs/franka_msgs/srv/detail
[2.132s] -- Up-to-date: /home/user/humble_ws/install/franka_msgs/include/franka_msgs/franka_msgs/srv/detail/set_cartesian_stiffness__rosidl_typesupport_fastrtps_c.h
[2.132s] -- Up-to-date: /home/user/humble_ws/install/franka_msgs/include/franka_msgs/franka_msgs/srv/detail/set_force_torque_collision_behavior__rosidl_typesupport_fastrtps_c.h
[2.132s] -- Up-to-date: /home/user/humble_ws/install/franka_msgs/include/franka_msgs/franka_msgs/srv/detail/set_full_collision_behavior__rosidl_typesupport_fastrtps_c.h
[2.132s] -- Up-to-date: /home/user/humble_ws/install/franka_msgs/include/franka_msgs/franka_msgs/srv/detail/set_stiffness_frame__rosidl_typesupport_fastrtps_c.h
[2.132s] -- Up-to-date: /home/user/humble_ws/install/franka_msgs/include/franka_msgs/franka_msgs/srv/detail/set_joint_stiffness__rosidl_typesupport_fastrtps_c.h
[2.133s] -- Up-to-date: /home/user/humble_ws/install/franka_msgs/include/franka_msgs/franka_msgs/srv/detail/set_tcp_frame__rosidl_typesupport_fastrtps_c.h
[2.133s] -- Up-to-date: /home/user/humble_ws/install/franka_msgs/include/franka_msgs/franka_msgs/srv/detail/error_recovery__rosidl_typesupport_fastrtps_c.h
[2.133s] -- Up-to-date: /home/user/humble_ws/install/franka_msgs/include/franka_msgs/franka_msgs/srv/detail/set_mujoco_poses__rosidl_typesupport_fastrtps_c.h
[2.134s] -- Up-to-date: /home/user/humble_ws/install/franka_msgs/include/franka_msgs/franka_msgs/srv/detail/set_load__rosidl_typesupport_fastrtps_c.h
[2.134s] -- Up-to-date: /home/user/humble_ws/install/franka_msgs/include/franka_msgs/franka_msgs/msg
[2.134s] -- Up-to-date: /home/user/humble_ws/install/franka_msgs/include/franka_msgs/franka_msgs/msg/detail
[2.134s] -- Up-to-date: /home/user/humble_ws/install/franka_msgs/include/franka_msgs/franka_msgs/msg/detail/pose_stamped_array__rosidl_typesupport_fastrtps_c.h
[2.134s] -- Up-to-date: /home/user/humble_ws/install/franka_msgs/include/franka_msgs/franka_msgs/msg/detail/franka_state__rosidl_typesupport_fastrtps_c.h
[2.135s] -- Up-to-date: /home/user/humble_ws/install/franka_msgs/include/franka_msgs/franka_msgs/msg/detail/grasp_epsilon__rosidl_typesupport_fastrtps_c.h
[2.135s] -- Up-to-date: /home/user/humble_ws/install/franka_msgs/include/franka_msgs/franka_msgs/msg/detail/franka_model__rosidl_typesupport_fastrtps_c.h
[2.135s] -- Up-to-date: /home/user/humble_ws/install/franka_msgs/include/franka_msgs/franka_msgs/msg/detail/errors__rosidl_typesupport_fastrtps_c.h
[2.135s] -- Up-to-date: /home/user/humble_ws/install/franka_msgs/include/franka_msgs/franka_msgs/msg/rosidl_typesupport_fastrtps_c__visibility_control.h
[2.135s] -- Up-to-date: /home/user/humble_ws/install/franka_msgs/lib/libfranka_msgs__rosidl_typesupport_fastrtps_c.so
[2.135s] -- Up-to-date: /home/user/humble_ws/install/franka_msgs/include/franka_msgs/franka_msgs
[2.136s] -- Up-to-date: /home/user/humble_ws/install/franka_msgs/include/franka_msgs/franka_msgs/action
[2.136s] -- Up-to-date: /home/user/humble_ws/install/franka_msgs/include/franka_msgs/franka_msgs/action/detail
[2.136s] -- Up-to-date: /home/user/humble_ws/install/franka_msgs/include/franka_msgs/franka_msgs/action/detail/move__rosidl_typesupport_introspection_c.h
[2.136s] -- Up-to-date: /home/user/humble_ws/install/franka_msgs/include/franka_msgs/franka_msgs/action/detail/grasp__type_support.c
[2.136s] -- Up-to-date: /home/user/humble_ws/install/franka_msgs/include/franka_msgs/franka_msgs/action/detail/move__type_support.c
[2.136s] -- Up-to-date: /home/user/humble_ws/install/franka_msgs/include/franka_msgs/franka_msgs/action/detail/homing__rosidl_typesupport_introspection_c.h
[2.136s] -- Up-to-date: /home/user/humble_ws/install/franka_msgs/include/franka_msgs/franka_msgs/action/detail/homing__type_support.c
[2.137s] -- Up-to-date: /home/user/humble_ws/install/franka_msgs/include/franka_msgs/franka_msgs/action/detail/grasp__rosidl_typesupport_introspection_c.h
[2.137s] -- Up-to-date: /home/user/humble_ws/install/franka_msgs/include/franka_msgs/franka_msgs/srv
[2.137s] -- Up-to-date: /home/user/humble_ws/install/franka_msgs/include/franka_msgs/franka_msgs/srv/detail
[2.137s] -- Up-to-date: /home/user/humble_ws/install/franka_msgs/include/franka_msgs/franka_msgs/srv/detail/set_stiffness_frame__type_support.c
[2.137s] -- Up-to-date: /home/user/humble_ws/install/franka_msgs/include/franka_msgs/franka_msgs/srv/detail/set_mujoco_poses__type_support.c
[2.138s] -- Up-to-date: /home/user/humble_ws/install/franka_msgs/include/franka_msgs/franka_msgs/srv/detail/set_joint_stiffness__type_support.c
[2.138s] -- Up-to-date: /home/user/humble_ws/install/franka_msgs/include/franka_msgs/franka_msgs/srv/detail/error_recovery__type_support.c
[2.138s] -- Up-to-date: /home/user/humble_ws/install/franka_msgs/include/franka_msgs/franka_msgs/srv/detail/set_full_collision_behavior__rosidl_typesupport_introspection_c.h
[2.138s] -- Up-to-date: /home/user/humble_ws/install/franka_msgs/include/franka_msgs/franka_msgs/srv/detail/set_force_torque_collision_behavior__rosidl_typesupport_introspection_c.h
[2.138s] -- Up-to-date: /home/user/humble_ws/install/franka_msgs/include/franka_msgs/franka_msgs/srv/detail/set_joint_stiffness__rosidl_typesupport_introspection_c.h
[2.139s] -- Up-to-date: /home/user/humble_ws/install/franka_msgs/include/franka_msgs/franka_msgs/srv/detail/set_load__rosidl_typesupport_introspection_c.h
[2.139s] -- Up-to-date: /home/user/humble_ws/install/franka_msgs/include/franka_msgs/franka_msgs/srv/detail/set_cartesian_stiffness__rosidl_typesupport_introspection_c.h
[2.139s] -- Up-to-date: /home/user/humble_ws/install/franka_msgs/include/franka_msgs/franka_msgs/srv/detail/error_recovery__rosidl_typesupport_introspection_c.h
[2.139s] -- Up-to-date: /home/user/humble_ws/install/franka_msgs/include/franka_msgs/franka_msgs/srv/detail/set_force_torque_collision_behavior__type_support.c
[2.139s] -- Up-to-date: /home/user/humble_ws/install/franka_msgs/include/franka_msgs/franka_msgs/srv/detail/set_tcp_frame__type_support.c
[2.140s] -- Up-to-date: /home/user/humble_ws/install/franka_msgs/include/franka_msgs/franka_msgs/srv/detail/set_stiffness_frame__rosidl_typesupport_introspection_c.h
[2.140s] -- Up-to-date: /home/user/humble_ws/install/franka_msgs/include/franka_msgs/franka_msgs/srv/detail/set_cartesian_stiffness__type_support.c
[2.140s] -- Up-to-date: /home/user/humble_ws/install/franka_msgs/include/franka_msgs/franka_msgs/srv/detail/set_load__type_support.c
[2.140s] -- Up-to-date: /home/user/humble_ws/install/franka_msgs/include/franka_msgs/franka_msgs/srv/detail/set_full_collision_behavior__type_support.c
[2.140s] -- Up-to-date: /home/user/humble_ws/install/franka_msgs/include/franka_msgs/franka_msgs/srv/detail/set_tcp_frame__rosidl_typesupport_introspection_c.h
[2.141s] -- Up-to-date: /home/user/humble_ws/install/franka_msgs/include/franka_msgs/franka_msgs/srv/detail/set_mujoco_poses__rosidl_typesupport_introspection_c.h
[2.141s] -- Up-to-date: /home/user/humble_ws/install/franka_msgs/include/franka_msgs/franka_msgs/msg
[2.141s] -- Up-to-date: /home/user/humble_ws/install/franka_msgs/include/franka_msgs/franka_msgs/msg/detail
[2.142s] -- Up-to-date: /home/user/humble_ws/install/franka_msgs/include/franka_msgs/franka_msgs/msg/detail/pose_stamped_array__rosidl_typesupport_introspection_c.h
[2.142s] -- Up-to-date: /home/user/humble_ws/install/franka_msgs/include/franka_msgs/franka_msgs/msg/detail/franka_model__type_support.c
[2.142s] -- Up-to-date: /home/user/humble_ws/install/franka_msgs/include/franka_msgs/franka_msgs/msg/detail/pose_stamped_array__type_support.c
[2.142s] -- Up-to-date: /home/user/humble_ws/install/franka_msgs/include/franka_msgs/franka_msgs/msg/detail/grasp_epsilon__rosidl_typesupport_introspection_c.h
[2.142s] -- Up-to-date: /home/user/humble_ws/install/franka_msgs/include/franka_msgs/franka_msgs/msg/detail/franka_state__rosidl_typesupport_introspection_c.h
[2.142s] -- Up-to-date: /home/user/humble_ws/install/franka_msgs/include/franka_msgs/franka_msgs/msg/detail/grasp_epsilon__type_support.c
[2.143s] -- Up-to-date: /home/user/humble_ws/install/franka_msgs/include/franka_msgs/franka_msgs/msg/detail/errors__rosidl_typesupport_introspection_c.h
[2.143s] -- Up-to-date: /home/user/humble_ws/install/franka_msgs/include/franka_msgs/franka_msgs/msg/detail/franka_model__rosidl_typesupport_introspection_c.h
[2.143s] -- Up-to-date: /home/user/humble_ws/install/franka_msgs/include/franka_msgs/franka_msgs/msg/detail/errors__type_support.c
[2.143s] -- Up-to-date: /home/user/humble_ws/install/franka_msgs/include/franka_msgs/franka_msgs/msg/detail/franka_state__type_support.c
[2.143s] -- Up-to-date: /home/user/humble_ws/install/franka_msgs/include/franka_msgs/franka_msgs/msg/rosidl_typesupport_introspection_c__visibility_control.h
[2.143s] -- Up-to-date: /home/user/humble_ws/install/franka_msgs/lib/libfranka_msgs__rosidl_typesupport_introspection_c.so
[2.144s] -- Up-to-date: /home/user/humble_ws/install/franka_msgs/lib/libfranka_msgs__rosidl_typesupport_c.so
[2.144s] -- Up-to-date: /home/user/humble_ws/install/franka_msgs/include/franka_msgs/franka_msgs
[2.144s] -- Up-to-date: /home/user/humble_ws/install/franka_msgs/include/franka_msgs/franka_msgs/action
[2.144s] -- Up-to-date: /home/user/humble_ws/install/franka_msgs/include/franka_msgs/franka_msgs/action/move.hpp
[2.144s] -- Up-to-date: /home/user/humble_ws/install/franka_msgs/include/franka_msgs/franka_msgs/action/detail
[2.145s] -- Up-to-date: /home/user/humble_ws/install/franka_msgs/include/franka_msgs/franka_msgs/action/detail/homing__struct.hpp
[2.145s] -- Up-to-date: /home/user/humble_ws/install/franka_msgs/include/franka_msgs/franka_msgs/action/detail/homing__traits.hpp
[2.145s] -- Up-to-date: /home/user/humble_ws/install/franka_msgs/include/franka_msgs/franka_msgs/action/detail/grasp__traits.hpp
[2.145s] -- Up-to-date: /home/user/humble_ws/install/franka_msgs/include/franka_msgs/franka_msgs/action/detail/grasp__struct.hpp
[2.145s] -- Up-to-date: /home/user/humble_ws/install/franka_msgs/include/franka_msgs/franka_msgs/action/detail/homing__builder.hpp
[2.145s] -- Up-to-date: /home/user/humble_ws/install/franka_msgs/include/franka_msgs/franka_msgs/action/detail/move__traits.hpp
[2.146s] -- Up-to-date: /home/user/humble_ws/install/franka_msgs/include/franka_msgs/franka_msgs/action/detail/grasp__builder.hpp
[2.146s] -- Up-to-date: /home/user/humble_ws/install/franka_msgs/include/franka_msgs/franka_msgs/action/detail/move__builder.hpp
[2.146s] -- Up-to-date: /home/user/humble_ws/install/franka_msgs/include/franka_msgs/franka_msgs/action/detail/move__struct.hpp
[2.146s] -- Up-to-date: /home/user/humble_ws/install/franka_msgs/include/franka_msgs/franka_msgs/action/grasp.hpp
[2.146s] -- Up-to-date: /home/user/humble_ws/install/franka_msgs/include/franka_msgs/franka_msgs/action/homing.hpp
[2.146s] -- Up-to-date: /home/user/humble_ws/install/franka_msgs/include/franka_msgs/franka_msgs/srv
[2.147s] -- Up-to-date: /home/user/humble_ws/install/franka_msgs/include/franka_msgs/franka_msgs/srv/error_recovery.hpp
[2.147s] -- Up-to-date: /home/user/humble_ws/install/franka_msgs/include/franka_msgs/franka_msgs/srv/detail
[2.147s] -- Up-to-date: /home/user/humble_ws/install/franka_msgs/include/franka_msgs/franka_msgs/srv/detail/set_joint_stiffness__struct.hpp
[2.147s] -- Up-to-date: /home/user/humble_ws/install/franka_msgs/include/franka_msgs/franka_msgs/srv/detail/set_full_collision_behavior__builder.hpp
[2.147s] -- Up-to-date: /home/user/humble_ws/install/franka_msgs/include/franka_msgs/franka_msgs/srv/detail/set_mujoco_poses__traits.hpp
[2.147s] -- Up-to-date: /home/user/humble_ws/install/franka_msgs/include/franka_msgs/franka_msgs/srv/detail/set_force_torque_collision_behavior__traits.hpp
[2.147s] -- Up-to-date: /home/user/humble_ws/install/franka_msgs/include/franka_msgs/franka_msgs/srv/detail/set_cartesian_stiffness__traits.hpp
[2.147s] -- Up-to-date: /home/user/humble_ws/install/franka_msgs/include/franka_msgs/franka_msgs/srv/detail/set_stiffness_frame__traits.hpp
[2.147s] -- Up-to-date: /home/user/humble_ws/install/franka_msgs/include/franka_msgs/franka_msgs/srv/detail/set_force_torque_collision_behavior__struct.hpp
[2.148s] -- Up-to-date: /home/user/humble_ws/install/franka_msgs/include/franka_msgs/franka_msgs/srv/detail/set_tcp_frame__struct.hpp
[2.148s] -- Up-to-date: /home/user/humble_ws/install/franka_msgs/include/franka_msgs/franka_msgs/srv/detail/error_recovery__builder.hpp
[2.148s] -- Up-to-date: /home/user/humble_ws/install/franka_msgs/include/franka_msgs/franka_msgs/srv/detail/set_load__traits.hpp
[2.148s] -- Up-to-date: /home/user/humble_ws/install/franka_msgs/include/franka_msgs/franka_msgs/srv/detail/set_joint_stiffness__builder.hpp
[2.148s] -- Up-to-date: /home/user/humble_ws/install/franka_msgs/include/franka_msgs/franka_msgs/srv/detail/set_load__struct.hpp
[2.148s] -- Up-to-date: /home/user/humble_ws/install/franka_msgs/include/franka_msgs/franka_msgs/srv/detail/set_stiffness_frame__struct.hpp
[2.148s] -- Up-to-date: /home/user/humble_ws/install/franka_msgs/include/franka_msgs/franka_msgs/srv/detail/set_tcp_frame__builder.hpp
[2.148s] -- Up-to-date: /home/user/humble_ws/install/franka_msgs/include/franka_msgs/franka_msgs/srv/detail/set_mujoco_poses__struct.hpp
[2.148s] -- Up-to-date: /home/user/humble_ws/install/franka_msgs/include/franka_msgs/franka_msgs/srv/detail/set_full_collision_behavior__struct.hpp
[2.149s] -- Up-to-date: /home/user/humble_ws/install/franka_msgs/include/franka_msgs/franka_msgs/srv/detail/set_cartesian_stiffness__builder.hpp
[2.149s] -- Up-to-date: /home/user/humble_ws/install/franka_msgs/include/franka_msgs/franka_msgs/srv/detail/set_cartesian_stiffness__struct.hpp
[2.149s] -- Up-to-date: /home/user/humble_ws/install/franka_msgs/include/franka_msgs/franka_msgs/srv/detail/set_joint_stiffness__traits.hpp
[2.149s] -- Up-to-date: /home/user/humble_ws/install/franka_msgs/include/franka_msgs/franka_msgs/srv/detail/set_force_torque_collision_behavior__builder.hpp
[2.149s] -- Up-to-date: /home/user/humble_ws/install/franka_msgs/include/franka_msgs/franka_msgs/srv/detail/error_recovery__traits.hpp
[2.149s] -- Up-to-date: /home/user/humble_ws/install/franka_msgs/include/franka_msgs/franka_msgs/srv/detail/set_full_collision_behavior__traits.hpp
[2.149s] -- Up-to-date: /home/user/humble_ws/install/franka_msgs/include/franka_msgs/franka_msgs/srv/detail/set_tcp_frame__traits.hpp
[2.149s] -- Up-to-date: /home/user/humble_ws/install/franka_msgs/include/franka_msgs/franka_msgs/srv/detail/set_mujoco_poses__builder.hpp
[2.149s] -- Up-to-date: /home/user/humble_ws/install/franka_msgs/include/franka_msgs/franka_msgs/srv/detail/set_stiffness_frame__builder.hpp
[2.149s] -- Up-to-date: /home/user/humble_ws/install/franka_msgs/include/franka_msgs/franka_msgs/srv/detail/set_load__builder.hpp
[2.149s] -- Up-to-date: /home/user/humble_ws/install/franka_msgs/include/franka_msgs/franka_msgs/srv/detail/error_recovery__struct.hpp
[2.149s] -- Up-to-date: /home/user/humble_ws/install/franka_msgs/include/franka_msgs/franka_msgs/srv/set_cartesian_stiffness.hpp
[2.149s] -- Up-to-date: /home/user/humble_ws/install/franka_msgs/include/franka_msgs/franka_msgs/srv/set_joint_stiffness.hpp
[2.150s] -- Up-to-date: /home/user/humble_ws/install/franka_msgs/include/franka_msgs/franka_msgs/srv/set_force_torque_collision_behavior.hpp
[2.150s] -- Up-to-date: /home/user/humble_ws/install/franka_msgs/include/franka_msgs/franka_msgs/srv/set_load.hpp
[2.150s] -- Up-to-date: /home/user/humble_ws/install/franka_msgs/include/franka_msgs/franka_msgs/srv/set_stiffness_frame.hpp
[2.150s] -- Up-to-date: /home/user/humble_ws/install/franka_msgs/include/franka_msgs/franka_msgs/srv/set_tcp_frame.hpp
[2.150s] -- Up-to-date: /home/user/humble_ws/install/franka_msgs/include/franka_msgs/franka_msgs/srv/set_mujoco_poses.hpp
[2.150s] -- Up-to-date: /home/user/humble_ws/install/franka_msgs/include/franka_msgs/franka_msgs/srv/set_full_collision_behavior.hpp
[2.150s] -- Up-to-date: /home/user/humble_ws/install/franka_msgs/include/franka_msgs/franka_msgs/msg
[2.150s] -- Up-to-date: /home/user/humble_ws/install/franka_msgs/include/franka_msgs/franka_msgs/msg/grasp_epsilon.hpp
[2.150s] -- Up-to-date: /home/user/humble_ws/install/franka_msgs/include/franka_msgs/franka_msgs/msg/errors.hpp
[2.150s] -- Up-to-date: /home/user/humble_ws/install/franka_msgs/include/franka_msgs/franka_msgs/msg/detail
[2.150s] -- Up-to-date: /home/user/humble_ws/install/franka_msgs/include/franka_msgs/franka_msgs/msg/detail/franka_model__traits.hpp
[2.150s] -- Up-to-date: /home/user/humble_ws/install/franka_msgs/include/franka_msgs/franka_msgs/msg/detail/pose_stamped_array__traits.hpp
[2.150s] -- Up-to-date: /home/user/humble_ws/install/franka_msgs/include/franka_msgs/franka_msgs/msg/detail/franka_state__builder.hpp
[2.151s] -- Up-to-date: /home/user/humble_ws/install/franka_msgs/include/franka_msgs/franka_msgs/msg/detail/grasp_epsilon__traits.hpp
[2.151s] -- Up-to-date: /home/user/humble_ws/install/franka_msgs/include/franka_msgs/franka_msgs/msg/detail/franka_state__traits.hpp
[2.151s] -- Up-to-date: /home/user/humble_ws/install/franka_msgs/include/franka_msgs/franka_msgs/msg/detail/franka_state__struct.hpp
[2.151s] -- Up-to-date: /home/user/humble_ws/install/franka_msgs/include/franka_msgs/franka_msgs/msg/detail/errors__builder.hpp
[2.151s] -- Up-to-date: /home/user/humble_ws/install/franka_msgs/include/franka_msgs/franka_msgs/msg/detail/errors__traits.hpp
[2.151s] -- Up-to-date: /home/user/humble_ws/install/franka_msgs/include/franka_msgs/franka_msgs/msg/detail/franka_model__struct.hpp
[2.151s] -- Up-to-date: /home/user/humble_ws/install/franka_msgs/include/franka_msgs/franka_msgs/msg/detail/pose_stamped_array__builder.hpp
[2.151s] -- Up-to-date: /home/user/humble_ws/install/franka_msgs/include/franka_msgs/franka_msgs/msg/detail/errors__struct.hpp
[2.151s] -- Up-to-date: /home/user/humble_ws/install/franka_msgs/include/franka_msgs/franka_msgs/msg/detail/grasp_epsilon__builder.hpp
[2.151s] -- Up-to-date: /home/user/humble_ws/install/franka_msgs/include/franka_msgs/franka_msgs/msg/detail/franka_model__builder.hpp
[2.151s] -- Up-to-date: /home/user/humble_ws/install/franka_msgs/include/franka_msgs/franka_msgs/msg/detail/pose_stamped_array__struct.hpp
[2.151s] -- Up-to-date: /home/user/humble_ws/install/franka_msgs/include/franka_msgs/franka_msgs/msg/detail/grasp_epsilon__struct.hpp
[2.151s] -- Up-to-date: /home/user/humble_ws/install/franka_msgs/include/franka_msgs/franka_msgs/msg/pose_stamped_array.hpp
[2.151s] -- Up-to-date: /home/user/humble_ws/install/franka_msgs/include/franka_msgs/franka_msgs/msg/franka_state.hpp
[2.152s] -- Up-to-date: /home/user/humble_ws/install/franka_msgs/include/franka_msgs/franka_msgs/msg/franka_model.hpp
[2.152s] -- Up-to-date: /home/user/humble_ws/install/franka_msgs/include/franka_msgs/franka_msgs
[2.152s] -- Up-to-date: /home/user/humble_ws/install/franka_msgs/include/franka_msgs/franka_msgs/action
[2.152s] -- Up-to-date: /home/user/humble_ws/install/franka_msgs/include/franka_msgs/franka_msgs/action/detail
[2.152s] -- Up-to-date: /home/user/humble_ws/install/franka_msgs/include/franka_msgs/franka_msgs/action/detail/dds_fastrtps
[2.152s] -- Up-to-date: /home/user/humble_ws/install/franka_msgs/include/franka_msgs/franka_msgs/action/detail/grasp__rosidl_typesupport_fastrtps_cpp.hpp
[2.152s] -- Up-to-date: /home/user/humble_ws/install/franka_msgs/include/franka_msgs/franka_msgs/action/detail/move__rosidl_typesupport_fastrtps_cpp.hpp
[2.152s] -- Up-to-date: /home/user/humble_ws/install/franka_msgs/include/franka_msgs/franka_msgs/action/detail/homing__rosidl_typesupport_fastrtps_cpp.hpp
[2.152s] -- Up-to-date: /home/user/humble_ws/install/franka_msgs/include/franka_msgs/franka_msgs/srv
[2.152s] -- Up-to-date: /home/user/humble_ws/install/franka_msgs/include/franka_msgs/franka_msgs/srv/detail
[2.152s] -- Up-to-date: /home/user/humble_ws/install/franka_msgs/include/franka_msgs/franka_msgs/srv/detail/dds_fastrtps
[2.153s] -- Up-to-date: /home/user/humble_ws/install/franka_msgs/include/franka_msgs/franka_msgs/srv/detail/set_stiffness_frame__rosidl_typesupport_fastrtps_cpp.hpp
[2.153s] -- Up-to-date: /home/user/humble_ws/install/franka_msgs/include/franka_msgs/franka_msgs/srv/detail/set_joint_stiffness__rosidl_typesupport_fastrtps_cpp.hpp
[2.153s] -- Up-to-date: /home/user/humble_ws/install/franka_msgs/include/franka_msgs/franka_msgs/srv/detail/set_load__rosidl_typesupport_fastrtps_cpp.hpp
[2.153s] -- Up-to-date: /home/user/humble_ws/install/franka_msgs/include/franka_msgs/franka_msgs/srv/detail/error_recovery__rosidl_typesupport_fastrtps_cpp.hpp
[2.153s] -- Up-to-date: /home/user/humble_ws/install/franka_msgs/include/franka_msgs/franka_msgs/srv/detail/set_full_collision_behavior__rosidl_typesupport_fastrtps_cpp.hpp
[2.153s] -- Up-to-date: /home/user/humble_ws/install/franka_msgs/include/franka_msgs/franka_msgs/srv/detail/set_mujoco_poses__rosidl_typesupport_fastrtps_cpp.hpp
[2.153s] -- Up-to-date: /home/user/humble_ws/install/franka_msgs/include/franka_msgs/franka_msgs/srv/detail/set_tcp_frame__rosidl_typesupport_fastrtps_cpp.hpp
[2.153s] -- Up-to-date: /home/user/humble_ws/install/franka_msgs/include/franka_msgs/franka_msgs/srv/detail/set_force_torque_collision_behavior__rosidl_typesupport_fastrtps_cpp.hpp
[2.153s] -- Up-to-date: /home/user/humble_ws/install/franka_msgs/include/franka_msgs/franka_msgs/srv/detail/set_cartesian_stiffness__rosidl_typesupport_fastrtps_cpp.hpp
[2.153s] -- Up-to-date: /home/user/humble_ws/install/franka_msgs/include/franka_msgs/franka_msgs/msg
[2.153s] -- Up-to-date: /home/user/humble_ws/install/franka_msgs/include/franka_msgs/franka_msgs/msg/detail
[2.153s] -- Up-to-date: /home/user/humble_ws/install/franka_msgs/include/franka_msgs/franka_msgs/msg/detail/pose_stamped_array__rosidl_typesupport_fastrtps_cpp.hpp
[2.153s] -- Up-to-date: /home/user/humble_ws/install/franka_msgs/include/franka_msgs/franka_msgs/msg/detail/grasp_epsilon__rosidl_typesupport_fastrtps_cpp.hpp
[2.153s] -- Up-to-date: /home/user/humble_ws/install/franka_msgs/include/franka_msgs/franka_msgs/msg/detail/dds_fastrtps
[2.154s] -- Up-to-date: /home/user/humble_ws/install/franka_msgs/include/franka_msgs/franka_msgs/msg/detail/franka_model__rosidl_typesupport_fastrtps_cpp.hpp
[2.154s] -- Up-to-date: /home/user/humble_ws/install/franka_msgs/include/franka_msgs/franka_msgs/msg/detail/franka_state__rosidl_typesupport_fastrtps_cpp.hpp
[2.154s] -- Up-to-date: /home/user/humble_ws/install/franka_msgs/include/franka_msgs/franka_msgs/msg/detail/errors__rosidl_typesupport_fastrtps_cpp.hpp
[2.154s] -- Up-to-date: /home/user/humble_ws/install/franka_msgs/include/franka_msgs/franka_msgs/msg/rosidl_typesupport_fastrtps_cpp__visibility_control.h
[2.154s] -- Up-to-date: /home/user/humble_ws/install/franka_msgs/lib/libfranka_msgs__rosidl_typesupport_fastrtps_cpp.so
[2.154s] -- Up-to-date: /home/user/humble_ws/install/franka_msgs/include/franka_msgs/franka_msgs
[2.154s] -- Up-to-date: /home/user/humble_ws/install/franka_msgs/include/franka_msgs/franka_msgs/action
[2.154s] -- Up-to-date: /home/user/humble_ws/install/franka_msgs/include/franka_msgs/franka_msgs/action/detail
[2.154s] -- Up-to-date: /home/user/humble_ws/install/franka_msgs/include/franka_msgs/franka_msgs/action/detail/homing__type_support.cpp
[2.154s] -- Up-to-date: /home/user/humble_ws/install/franka_msgs/include/franka_msgs/franka_msgs/action/detail/move__type_support.cpp
[2.154s] -- Up-to-date: /home/user/humble_ws/install/franka_msgs/include/franka_msgs/franka_msgs/action/detail/homing__rosidl_typesupport_introspection_cpp.hpp
[2.154s] -- Up-to-date: /home/user/humble_ws/install/franka_msgs/include/franka_msgs/franka_msgs/action/detail/grasp__rosidl_typesupport_introspection_cpp.hpp
[2.154s] -- Up-to-date: /home/user/humble_ws/install/franka_msgs/include/franka_msgs/franka_msgs/action/detail/move__rosidl_typesupport_introspection_cpp.hpp
[2.154s] -- Up-to-date: /home/user/humble_ws/install/franka_msgs/include/franka_msgs/franka_msgs/action/detail/grasp__type_support.cpp
[2.154s] -- Up-to-date: /home/user/humble_ws/install/franka_msgs/include/franka_msgs/franka_msgs/srv
[2.155s] -- Up-to-date: /home/user/humble_ws/install/franka_msgs/include/franka_msgs/franka_msgs/srv/detail
[2.155s] -- Up-to-date: /home/user/humble_ws/install/franka_msgs/include/franka_msgs/franka_msgs/srv/detail/error_recovery__rosidl_typesupport_introspection_cpp.hpp
[2.155s] -- Up-to-date: /home/user/humble_ws/install/franka_msgs/include/franka_msgs/franka_msgs/srv/detail/set_tcp_frame__rosidl_typesupport_introspection_cpp.hpp
[2.155s] -- Up-to-date: /home/user/humble_ws/install/franka_msgs/include/franka_msgs/franka_msgs/srv/detail/set_tcp_frame__type_support.cpp
[2.155s] -- Up-to-date: /home/user/humble_ws/install/franka_msgs/include/franka_msgs/franka_msgs/srv/detail/set_full_collision_behavior__rosidl_typesupport_introspection_cpp.hpp
[2.155s] -- Up-to-date: /home/user/humble_ws/install/franka_msgs/include/franka_msgs/franka_msgs/srv/detail/set_cartesian_stiffness__rosidl_typesupport_introspection_cpp.hpp
[2.155s] -- Up-to-date: /home/user/humble_ws/install/franka_msgs/include/franka_msgs/franka_msgs/srv/detail/set_stiffness_frame__rosidl_typesupport_introspection_cpp.hpp
[2.155s] -- Up-to-date: /home/user/humble_ws/install/franka_msgs/include/franka_msgs/franka_msgs/srv/detail/error_recovery__type_support.cpp
[2.155s] -- Up-to-date: /home/user/humble_ws/install/franka_msgs/include/franka_msgs/franka_msgs/srv/detail/set_joint_stiffness__rosidl_typesupport_introspection_cpp.hpp
[2.155s] -- Up-to-date: /home/user/humble_ws/install/franka_msgs/include/franka_msgs/franka_msgs/srv/detail/set_force_torque_collision_behavior__rosidl_typesupport_introspection_cpp.hpp
[2.155s] -- Up-to-date: /home/user/humble_ws/install/franka_msgs/include/franka_msgs/franka_msgs/srv/detail/set_mujoco_poses__type_support.cpp
[2.155s] -- Up-to-date: /home/user/humble_ws/install/franka_msgs/include/franka_msgs/franka_msgs/srv/detail/set_stiffness_frame__type_support.cpp
[2.155s] -- Up-to-date: /home/user/humble_ws/install/franka_msgs/include/franka_msgs/franka_msgs/srv/detail/set_load__type_support.cpp
[2.155s] -- Up-to-date: /home/user/humble_ws/install/franka_msgs/include/franka_msgs/franka_msgs/srv/detail/set_full_collision_behavior__type_support.cpp
[2.155s] -- Up-to-date: /home/user/humble_ws/install/franka_msgs/include/franka_msgs/franka_msgs/srv/detail/set_cartesian_stiffness__type_support.cpp
[2.155s] -- Up-to-date: /home/user/humble_ws/install/franka_msgs/include/franka_msgs/franka_msgs/srv/detail/set_mujoco_poses__rosidl_typesupport_introspection_cpp.hpp
[2.156s] -- Up-to-date: /home/user/humble_ws/install/franka_msgs/include/franka_msgs/franka_msgs/srv/detail/set_joint_stiffness__type_support.cpp
[2.156s] -- Up-to-date: /home/user/humble_ws/install/franka_msgs/include/franka_msgs/franka_msgs/srv/detail/set_force_torque_collision_behavior__type_support.cpp
[2.156s] -- Up-to-date: /home/user/humble_ws/install/franka_msgs/include/franka_msgs/franka_msgs/srv/detail/set_load__rosidl_typesupport_introspection_cpp.hpp
[2.156s] -- Up-to-date: /home/user/humble_ws/install/franka_msgs/include/franka_msgs/franka_msgs/msg
[2.156s] -- Up-to-date: /home/user/humble_ws/install/franka_msgs/include/franka_msgs/franka_msgs/msg/detail
[2.156s] -- Up-to-date: /home/user/humble_ws/install/franka_msgs/include/franka_msgs/franka_msgs/msg/detail/pose_stamped_array__rosidl_typesupport_introspection_cpp.hpp
[2.156s] -- Up-to-date: /home/user/humble_ws/install/franka_msgs/include/franka_msgs/franka_msgs/msg/detail/franka_state__type_support.cpp
[2.156s] -- Up-to-date: /home/user/humble_ws/install/franka_msgs/include/franka_msgs/franka_msgs/msg/detail/franka_state__rosidl_typesupport_introspection_cpp.hpp
[2.156s] -- Up-to-date: /home/user/humble_ws/install/franka_msgs/include/franka_msgs/franka_msgs/msg/detail/franka_model__rosidl_typesupport_introspection_cpp.hpp
[2.156s] -- Up-to-date: /home/user/humble_ws/install/franka_msgs/include/franka_msgs/franka_msgs/msg/detail/grasp_epsilon__type_support.cpp
[2.156s] -- Up-to-date: /home/user/humble_ws/install/franka_msgs/include/franka_msgs/franka_msgs/msg/detail/franka_model__type_support.cpp
[2.156s] -- Up-to-date: /home/user/humble_ws/install/franka_msgs/include/franka_msgs/franka_msgs/msg/detail/grasp_epsilon__rosidl_typesupport_introspection_cpp.hpp
[2.156s] -- Up-to-date: /home/user/humble_ws/install/franka_msgs/include/franka_msgs/franka_msgs/msg/detail/pose_stamped_array__type_support.cpp
[2.156s] -- Up-to-date: /home/user/humble_ws/install/franka_msgs/include/franka_msgs/franka_msgs/msg/detail/errors__rosidl_typesupport_introspection_cpp.hpp
[2.156s] -- Up-to-date: /home/user/humble_ws/install/franka_msgs/include/franka_msgs/franka_msgs/msg/detail/errors__type_support.cpp
[2.157s] -- Up-to-date: /home/user/humble_ws/install/franka_msgs/lib/libfranka_msgs__rosidl_typesupport_introspection_cpp.so
[2.157s] -- Up-to-date: /home/user/humble_ws/install/franka_msgs/lib/libfranka_msgs__rosidl_typesupport_cpp.so
[2.157s] -- Up-to-date: /home/user/humble_ws/install/franka_msgs/share/franka_msgs/environment/pythonpath.sh
[2.157s] -- Up-to-date: /home/user/humble_ws/install/franka_msgs/share/franka_msgs/environment/pythonpath.dsv
[2.157s] -- Up-to-date: /home/user/humble_ws/install/franka_msgs/local/lib/python3.10/dist-packages/franka_msgs-0.0.0-py3.10.egg-info
[2.157s] -- Installing: /home/user/humble_ws/install/franka_msgs/local/lib/python3.10/dist-packages/franka_msgs-0.0.0-py3.10.egg-info/top_level.txt
[2.157s] -- Installing: /home/user/humble_ws/install/franka_msgs/local/lib/python3.10/dist-packages/franka_msgs-0.0.0-py3.10.egg-info/dependency_links.txt
[2.157s] -- Installing: /home/user/humble_ws/install/franka_msgs/local/lib/python3.10/dist-packages/franka_msgs-0.0.0-py3.10.egg-info/SOURCES.txt
[2.157s] -- Installing: /home/user/humble_ws/install/franka_msgs/local/lib/python3.10/dist-packages/franka_msgs-0.0.0-py3.10.egg-info/PKG-INFO
[2.157s] -- Up-to-date: /home/user/humble_ws/install/franka_msgs/local/lib/python3.10/dist-packages/franka_msgs
[2.157s] -- Up-to-date: /home/user/humble_ws/install/franka_msgs/local/lib/python3.10/dist-packages/franka_msgs/action
[2.157s] -- Up-to-date: /home/user/humble_ws/install/franka_msgs/local/lib/python3.10/dist-packages/franka_msgs/action/_homing_s.c
[2.157s] -- Up-to-date: /home/user/humble_ws/install/franka_msgs/local/lib/python3.10/dist-packages/franka_msgs/action/_homing.py
[2.157s] -- Up-to-date: /home/user/humble_ws/install/franka_msgs/local/lib/python3.10/dist-packages/franka_msgs/action/_grasp_s.c
[2.157s] -- Up-to-date: /home/user/humble_ws/install/franka_msgs/local/lib/python3.10/dist-packages/franka_msgs/action/_move.py
[2.158s] -- Up-to-date: /home/user/humble_ws/install/franka_msgs/local/lib/python3.10/dist-packages/franka_msgs/action/_grasp.py
[2.158s] -- Up-to-date: /home/user/humble_ws/install/franka_msgs/local/lib/python3.10/dist-packages/franka_msgs/action/_move_s.c
[2.158s] -- Up-to-date: /home/user/humble_ws/install/franka_msgs/local/lib/python3.10/dist-packages/franka_msgs/action/__init__.py
[2.158s] -- Up-to-date: /home/user/humble_ws/install/franka_msgs/local/lib/python3.10/dist-packages/franka_msgs/franka_msgs_s__rosidl_typesupport_introspection_c.cpython-310-x86_64-linux-gnu.so
[2.158s] -- Up-to-date: /home/user/humble_ws/install/franka_msgs/local/lib/python3.10/dist-packages/franka_msgs/franka_msgs_s__rosidl_typesupport_c.cpython-310-x86_64-linux-gnu.so
[2.158s] -- Up-to-date: /home/user/humble_ws/install/franka_msgs/local/lib/python3.10/dist-packages/franka_msgs/_franka_msgs_s.ep.rosidl_typesupport_fastrtps_c.c
[2.158s] -- Up-to-date: /home/user/humble_ws/install/franka_msgs/local/lib/python3.10/dist-packages/franka_msgs/_franka_msgs_s.ep.rosidl_typesupport_c.c
[2.158s] -- Up-to-date: /home/user/humble_ws/install/franka_msgs/local/lib/python3.10/dist-packages/franka_msgs/srv
[2.158s] -- Up-to-date: /home/user/humble_ws/install/franka_msgs/local/lib/python3.10/dist-packages/franka_msgs/srv/_set_joint_stiffness.py
[2.158s] -- Up-to-date: /home/user/humble_ws/install/franka_msgs/local/lib/python3.10/dist-packages/franka_msgs/srv/_set_mujoco_poses.py
[2.158s] -- Up-to-date: /home/user/humble_ws/install/franka_msgs/local/lib/python3.10/dist-packages/franka_msgs/srv/_set_cartesian_stiffness_s.c
[2.158s] -- Up-to-date: /home/user/humble_ws/install/franka_msgs/local/lib/python3.10/dist-packages/franka_msgs/srv/_set_load.py
[2.158s] -- Up-to-date: /home/user/humble_ws/install/franka_msgs/local/lib/python3.10/dist-packages/franka_msgs/srv/_set_full_collision_behavior.py
[2.158s] -- Up-to-date: /home/user/humble_ws/install/franka_msgs/local/lib/python3.10/dist-packages/franka_msgs/srv/_error_recovery.py
[2.158s] -- Up-to-date: /home/user/humble_ws/install/franka_msgs/local/lib/python3.10/dist-packages/franka_msgs/srv/_set_mujoco_poses_s.c
[2.158s] -- Up-to-date: /home/user/humble_ws/install/franka_msgs/local/lib/python3.10/dist-packages/franka_msgs/srv/_set_cartesian_stiffness.py
[2.159s] -- Up-to-date: /home/user/humble_ws/install/franka_msgs/local/lib/python3.10/dist-packages/franka_msgs/srv/_set_load_s.c
[2.159s] -- Up-to-date: /home/user/humble_ws/install/franka_msgs/local/lib/python3.10/dist-packages/franka_msgs/srv/_set_joint_stiffness_s.c
[2.159s] -- Up-to-date: /home/user/humble_ws/install/franka_msgs/local/lib/python3.10/dist-packages/franka_msgs/srv/_set_stiffness_frame_s.c
[2.159s] -- Up-to-date: /home/user/humble_ws/install/franka_msgs/local/lib/python3.10/dist-packages/franka_msgs/srv/_set_stiffness_frame.py
[2.159s] -- Up-to-date: /home/user/humble_ws/install/franka_msgs/local/lib/python3.10/dist-packages/franka_msgs/srv/_set_tcp_frame_s.c
[2.159s] -- Up-to-date: /home/user/humble_ws/install/franka_msgs/local/lib/python3.10/dist-packages/franka_msgs/srv/_error_recovery_s.c
[2.159s] -- Up-to-date: /home/user/humble_ws/install/franka_msgs/local/lib/python3.10/dist-packages/franka_msgs/srv/_set_tcp_frame.py
[2.159s] -- Up-to-date: /home/user/humble_ws/install/franka_msgs/local/lib/python3.10/dist-packages/franka_msgs/srv/__init__.py
[2.159s] -- Up-to-date: /home/user/humble_ws/install/franka_msgs/local/lib/python3.10/dist-packages/franka_msgs/srv/_set_force_torque_collision_behavior_s.c
[2.159s] -- Up-to-date: /home/user/humble_ws/install/franka_msgs/local/lib/python3.10/dist-packages/franka_msgs/srv/_set_force_torque_collision_behavior.py
[2.159s] -- Up-to-date: /home/user/humble_ws/install/franka_msgs/local/lib/python3.10/dist-packages/franka_msgs/srv/_set_full_collision_behavior_s.c
[2.159s] -- Up-to-date: /home/user/humble_ws/install/franka_msgs/local/lib/python3.10/dist-packages/franka_msgs/msg
[2.159s] -- Up-to-date: /home/user/humble_ws/install/franka_msgs/local/lib/python3.10/dist-packages/franka_msgs/msg/_grasp_epsilon.py
[2.159s] -- Up-to-date: /home/user/humble_ws/install/franka_msgs/local/lib/python3.10/dist-packages/franka_msgs/msg/_grasp_epsilon_s.c
[2.159s] -- Up-to-date: /home/user/humble_ws/install/franka_msgs/local/lib/python3.10/dist-packages/franka_msgs/msg/_franka_state.py
[2.159s] -- Up-to-date: /home/user/humble_ws/install/franka_msgs/local/lib/python3.10/dist-packages/franka_msgs/msg/_pose_stamped_array_s.c
[2.159s] -- Up-to-date: /home/user/humble_ws/install/franka_msgs/local/lib/python3.10/dist-packages/franka_msgs/msg/_franka_model.py
[2.160s] -- Up-to-date: /home/user/humble_ws/install/franka_msgs/local/lib/python3.10/dist-packages/franka_msgs/msg/_franka_model_s.c
[2.160s] -- Up-to-date: /home/user/humble_ws/install/franka_msgs/local/lib/python3.10/dist-packages/franka_msgs/msg/_errors.py
[2.160s] -- Up-to-date: /home/user/humble_ws/install/franka_msgs/local/lib/python3.10/dist-packages/franka_msgs/msg/_franka_state_s.c
[2.160s] -- Up-to-date: /home/user/humble_ws/install/franka_msgs/local/lib/python3.10/dist-packages/franka_msgs/msg/_pose_stamped_array.py
[2.160s] -- Up-to-date: /home/user/humble_ws/install/franka_msgs/local/lib/python3.10/dist-packages/franka_msgs/msg/_errors_s.c
[2.160s] -- Up-to-date: /home/user/humble_ws/install/franka_msgs/local/lib/python3.10/dist-packages/franka_msgs/msg/__init__.py
[2.160s] -- Up-to-date: /home/user/humble_ws/install/franka_msgs/local/lib/python3.10/dist-packages/franka_msgs/franka_msgs_s__rosidl_typesupport_fastrtps_c.cpython-310-x86_64-linux-gnu.so
[2.160s] -- Up-to-date: /home/user/humble_ws/install/franka_msgs/local/lib/python3.10/dist-packages/franka_msgs/_franka_msgs_s.ep.rosidl_typesupport_introspection_c.c
[2.160s] -- Up-to-date: /home/user/humble_ws/install/franka_msgs/local/lib/python3.10/dist-packages/franka_msgs/libfranka_msgs__rosidl_generator_py.so
[2.160s] -- Up-to-date: /home/user/humble_ws/install/franka_msgs/local/lib/python3.10/dist-packages/franka_msgs/__init__.py
[2.206s] Listing '/home/user/humble_ws/install/franka_msgs/local/lib/python3.10/dist-packages/franka_msgs'...
[2.206s] Listing '/home/user/humble_ws/install/franka_msgs/local/lib/python3.10/dist-packages/franka_msgs/action'...
[2.206s] Listing '/home/user/humble_ws/install/franka_msgs/local/lib/python3.10/dist-packages/franka_msgs/msg'...
[2.206s] Listing '/home/user/humble_ws/install/franka_msgs/local/lib/python3.10/dist-packages/franka_msgs/srv'...
[2.212s] -- Up-to-date: /home/user/humble_ws/install/franka_msgs/local/lib/python3.10/dist-packages/franka_msgs/franka_msgs_s__rosidl_typesupport_fastrtps_c.cpython-310-x86_64-linux-gnu.so
[2.213s] -- Up-to-date: /home/user/humble_ws/install/franka_msgs/local/lib/python3.10/dist-packages/franka_msgs/franka_msgs_s__rosidl_typesupport_introspection_c.cpython-310-x86_64-linux-gnu.so
[2.214s] -- Up-to-date: /home/user/humble_ws/install/franka_msgs/local/lib/python3.10/dist-packages/franka_msgs/franka_msgs_s__rosidl_typesupport_c.cpython-310-x86_64-linux-gnu.so
[2.214s] -- Up-to-date: /home/user/humble_ws/install/franka_msgs/lib/libfranka_msgs__rosidl_generator_py.so
[2.215s] -- Up-to-date: /home/user/humble_ws/install/franka_msgs/share/franka_msgs/action/Grasp.idl
[2.215s] -- Up-to-date: /home/user/humble_ws/install/franka_msgs/share/franka_msgs/action/Homing.idl
[2.215s] -- Up-to-date: /home/user/humble_ws/install/franka_msgs/share/franka_msgs/action/Move.idl
[2.215s] -- Up-to-date: /home/user/humble_ws/install/franka_msgs/share/franka_msgs/srv/ErrorRecovery.idl
[2.216s] -- Up-to-date: /home/user/humble_ws/install/franka_msgs/share/franka_msgs/srv/SetCartesianStiffness.idl
[2.216s] -- Up-to-date: /home/user/humble_ws/install/franka_msgs/share/franka_msgs/srv/SetTCPFrame.idl
[2.216s] -- Up-to-date: /home/user/humble_ws/install/franka_msgs/share/franka_msgs/srv/SetForceTorqueCollisionBehavior.idl
[2.216s] -- Up-to-date: /home/user/humble_ws/install/franka_msgs/share/franka_msgs/srv/SetFullCollisionBehavior.idl
[2.216s] -- Up-to-date: /home/user/humble_ws/install/franka_msgs/share/franka_msgs/srv/SetJointStiffness.idl
[2.217s] -- Up-to-date: /home/user/humble_ws/install/franka_msgs/share/franka_msgs/srv/SetStiffnessFrame.idl
[2.217s] -- Up-to-date: /home/user/humble_ws/install/franka_msgs/share/franka_msgs/srv/SetLoad.idl
[2.217s] -- Up-to-date: /home/user/humble_ws/install/franka_msgs/share/franka_msgs/srv/SetMujocoPoses.idl
[2.217s] -- Up-to-date: /home/user/humble_ws/install/franka_msgs/share/franka_msgs/msg/GraspEpsilon.idl
[2.217s] -- Up-to-date: /home/user/humble_ws/install/franka_msgs/share/franka_msgs/msg/FrankaState.idl
[2.218s] -- Up-to-date: /home/user/humble_ws/install/franka_msgs/share/franka_msgs/msg/FrankaModel.idl
[2.218s] -- Up-to-date: /home/user/humble_ws/install/franka_msgs/share/franka_msgs/msg/Errors.idl
[2.218s] -- Up-to-date: /home/user/humble_ws/install/franka_msgs/share/franka_msgs/msg/PoseStampedArray.idl
[2.218s] -- Up-to-date: /home/user/humble_ws/install/franka_msgs/share/franka_msgs/action/Grasp.action
[2.219s] -- Up-to-date: /home/user/humble_ws/install/franka_msgs/share/franka_msgs/action/Homing.action
[2.219s] -- Up-to-date: /home/user/humble_ws/install/franka_msgs/share/franka_msgs/action/Move.action
[2.219s] -- Up-to-date: /home/user/humble_ws/install/franka_msgs/share/franka_msgs/srv/ErrorRecovery.srv
[2.220s] -- Up-to-date: /home/user/humble_ws/install/franka_msgs/share/franka_msgs/srv/ErrorRecovery_Request.msg
[2.220s] -- Up-to-date: /home/user/humble_ws/install/franka_msgs/share/franka_msgs/srv/ErrorRecovery_Response.msg
[2.220s] -- Up-to-date: /home/user/humble_ws/install/franka_msgs/share/franka_msgs/srv/SetCartesianStiffness.srv
[2.220s] -- Up-to-date: /home/user/humble_ws/install/franka_msgs/share/franka_msgs/srv/SetCartesianStiffness_Request.msg
[2.220s] -- Up-to-date: /home/user/humble_ws/install/franka_msgs/share/franka_msgs/srv/SetCartesianStiffness_Response.msg
[2.221s] -- Up-to-date: /home/user/humble_ws/install/franka_msgs/share/franka_msgs/srv/SetTCPFrame.srv
[2.222s] -- Up-to-date: /home/user/humble_ws/install/franka_msgs/share/franka_msgs/srv/SetTCPFrame_Request.msg
[2.222s] -- Up-to-date: /home/user/humble_ws/install/franka_msgs/share/franka_msgs/srv/SetTCPFrame_Response.msg
[2.222s] -- Up-to-date: /home/user/humble_ws/install/franka_msgs/share/franka_msgs/srv/SetForceTorqueCollisionBehavior.srv
[2.222s] -- Up-to-date: /home/user/humble_ws/install/franka_msgs/share/franka_msgs/srv/SetForceTorqueCollisionBehavior_Request.msg
[2.222s] -- Up-to-date: /home/user/humble_ws/install/franka_msgs/share/franka_msgs/srv/SetForceTorqueCollisionBehavior_Response.msg
[2.222s] -- Up-to-date: /home/user/humble_ws/install/franka_msgs/share/franka_msgs/srv/SetFullCollisionBehavior.srv
[2.223s] -- Up-to-date: /home/user/humble_ws/install/franka_msgs/share/franka_msgs/srv/SetFullCollisionBehavior_Request.msg
[2.223s] -- Up-to-date: /home/user/humble_ws/install/franka_msgs/share/franka_msgs/srv/SetFullCollisionBehavior_Response.msg
[2.223s] -- Up-to-date: /home/user/humble_ws/install/franka_msgs/share/franka_msgs/srv/SetJointStiffness.srv
[2.223s] -- Up-to-date: /home/user/humble_ws/install/franka_msgs/share/franka_msgs/srv/SetJointStiffness_Request.msg
[2.223s] -- Up-to-date: /home/user/humble_ws/install/franka_msgs/share/franka_msgs/srv/SetJointStiffness_Response.msg
[2.223s] -- Up-to-date: /home/user/humble_ws/install/franka_msgs/share/franka_msgs/srv/SetStiffnessFrame.srv
[2.223s] -- Up-to-date: /home/user/humble_ws/install/franka_msgs/share/franka_msgs/srv/SetStiffnessFrame_Request.msg
[2.224s] -- Up-to-date: /home/user/humble_ws/install/franka_msgs/share/franka_msgs/srv/SetStiffnessFrame_Response.msg
[2.224s] -- Up-to-date: /home/user/humble_ws/install/franka_msgs/share/franka_msgs/srv/SetLoad.srv
[2.224s] -- Up-to-date: /home/user/humble_ws/install/franka_msgs/share/franka_msgs/srv/SetLoad_Request.msg
[2.224s] -- Up-to-date: /home/user/humble_ws/install/franka_msgs/share/franka_msgs/srv/SetLoad_Response.msg
[2.224s] -- Up-to-date: /home/user/humble_ws/install/franka_msgs/share/franka_msgs/srv/SetMujocoPoses.srv
[2.224s] -- Up-to-date: /home/user/humble_ws/install/franka_msgs/share/franka_msgs/srv/SetMujocoPoses_Request.msg
[2.225s] -- Up-to-date: /home/user/humble_ws/install/franka_msgs/share/franka_msgs/srv/SetMujocoPoses_Response.msg
[2.225s] -- Up-to-date: /home/user/humble_ws/install/franka_msgs/share/franka_msgs/msg/GraspEpsilon.msg
[2.225s] -- Up-to-date: /home/user/humble_ws/install/franka_msgs/share/franka_msgs/msg/FrankaState.msg
[2.225s] -- Up-to-date: /home/user/humble_ws/install/franka_msgs/share/franka_msgs/msg/FrankaModel.msg
[2.225s] -- Up-to-date: /home/user/humble_ws/install/franka_msgs/share/franka_msgs/msg/Errors.msg
[2.225s] -- Up-to-date: /home/user/humble_ws/install/franka_msgs/share/franka_msgs/msg/PoseStampedArray.msg
[2.226s] -- Up-to-date: /home/user/humble_ws/install/franka_msgs/share/ament_index/resource_index/package_run_dependencies/franka_msgs
[2.226s] -- Up-to-date: /home/user/humble_ws/install/franka_msgs/share/ament_index/resource_index/parent_prefix_path/franka_msgs
[2.226s] -- Up-to-date: /home/user/humble_ws/install/franka_msgs/share/franka_msgs/environment/ament_prefix_path.sh
[2.226s] -- Up-to-date: /home/user/humble_ws/install/franka_msgs/share/franka_msgs/environment/ament_prefix_path.dsv
[2.226s] -- Up-to-date: /home/user/humble_ws/install/franka_msgs/share/franka_msgs/environment/path.sh
[2.226s] -- Up-to-date: /home/user/humble_ws/install/franka_msgs/share/franka_msgs/environment/path.dsv
[2.226s] -- Up-to-date: /home/user/humble_ws/install/franka_msgs/share/franka_msgs/local_setup.bash
[2.226s] -- Up-to-date: /home/user/humble_ws/install/franka_msgs/share/franka_msgs/local_setup.sh
[2.226s] -- Up-to-date: /home/user/humble_ws/install/franka_msgs/share/franka_msgs/local_setup.zsh
[2.227s] -- Up-to-date: /home/user/humble_ws/install/franka_msgs/share/franka_msgs/local_setup.dsv
[2.227s] -- Installing: /home/user/humble_ws/install/franka_msgs/share/franka_msgs/package.dsv
[2.227s] -- Up-to-date: /home/user/humble_ws/install/franka_msgs/share/ament_index/resource_index/packages/franka_msgs
[2.227s] -- Up-to-date: /home/user/humble_ws/install/franka_msgs/share/franka_msgs/cmake/export_franka_msgs__rosidl_generator_cExport.cmake
[2.227s] -- Up-to-date: /home/user/humble_ws/install/franka_msgs/share/franka_msgs/cmake/export_franka_msgs__rosidl_generator_cExport-release.cmake
[2.227s] -- Up-to-date: /home/user/humble_ws/install/franka_msgs/share/franka_msgs/cmake/export_franka_msgs__rosidl_typesupport_fastrtps_cExport.cmake
[2.227s] -- Up-to-date: /home/user/humble_ws/install/franka_msgs/share/franka_msgs/cmake/export_franka_msgs__rosidl_typesupport_fastrtps_cExport-release.cmake
[2.227s] -- Up-to-date: /home/user/humble_ws/install/franka_msgs/share/franka_msgs/cmake/franka_msgs__rosidl_typesupport_introspection_cExport.cmake
[2.228s] -- Up-to-date: /home/user/humble_ws/install/franka_msgs/share/franka_msgs/cmake/franka_msgs__rosidl_typesupport_introspection_cExport-release.cmake
[2.228s] -- Up-to-date: /home/user/humble_ws/install/franka_msgs/share/franka_msgs/cmake/franka_msgs__rosidl_typesupport_cExport.cmake
[2.228s] -- Up-to-date: /home/user/humble_ws/install/franka_msgs/share/franka_msgs/cmake/franka_msgs__rosidl_typesupport_cExport-release.cmake
[2.228s] -- Up-to-date: /home/user/humble_ws/install/franka_msgs/share/franka_msgs/cmake/export_franka_msgs__rosidl_generator_cppExport.cmake
[2.228s] -- Up-to-date: /home/user/humble_ws/install/franka_msgs/share/franka_msgs/cmake/export_franka_msgs__rosidl_typesupport_fastrtps_cppExport.cmake
[2.228s] -- Up-to-date: /home/user/humble_ws/install/franka_msgs/share/franka_msgs/cmake/export_franka_msgs__rosidl_typesupport_fastrtps_cppExport-release.cmake
[2.228s] -- Up-to-date: /home/user/humble_ws/install/franka_msgs/share/franka_msgs/cmake/franka_msgs__rosidl_typesupport_introspection_cppExport.cmake
[2.229s] -- Up-to-date: /home/user/humble_ws/install/franka_msgs/share/franka_msgs/cmake/franka_msgs__rosidl_typesupport_introspection_cppExport-release.cmake
[2.229s] -- Up-to-date: /home/user/humble_ws/install/franka_msgs/share/franka_msgs/cmake/franka_msgs__rosidl_typesupport_cppExport.cmake
[2.229s] -- Up-to-date: /home/user/humble_ws/install/franka_msgs/share/franka_msgs/cmake/franka_msgs__rosidl_typesupport_cppExport-release.cmake
[2.229s] -- Up-to-date: /home/user/humble_ws/install/franka_msgs/share/franka_msgs/cmake/export_franka_msgs__rosidl_generator_pyExport.cmake
[2.229s] -- Up-to-date: /home/user/humble_ws/install/franka_msgs/share/franka_msgs/cmake/export_franka_msgs__rosidl_generator_pyExport-release.cmake
[2.229s] -- Up-to-date: /home/user/humble_ws/install/franka_msgs/share/franka_msgs/cmake/rosidl_cmake-extras.cmake
[2.230s] -- Up-to-date: /home/user/humble_ws/install/franka_msgs/share/franka_msgs/cmake/ament_cmake_export_dependencies-extras.cmake
[2.230s] -- Up-to-date: /home/user/humble_ws/install/franka_msgs/share/franka_msgs/cmake/ament_cmake_export_include_directories-extras.cmake
[2.230s] -- Up-to-date: /home/user/humble_ws/install/franka_msgs/share/franka_msgs/cmake/ament_cmake_export_libraries-extras.cmake
[2.230s] -- Up-to-date: /home/user/humble_ws/install/franka_msgs/share/franka_msgs/cmake/ament_cmake_export_targets-extras.cmake
[2.230s] -- Up-to-date: /home/user/humble_ws/install/franka_msgs/share/franka_msgs/cmake/rosidl_cmake_export_typesupport_targets-extras.cmake
[2.231s] -- Up-to-date: /home/user/humble_ws/install/franka_msgs/share/franka_msgs/cmake/rosidl_cmake_export_typesupport_libraries-extras.cmake
[2.231s] -- Up-to-date: /home/user/humble_ws/install/franka_msgs/share/franka_msgs/cmake/franka_msgsConfig.cmake
[2.231s] -- Up-to-date: /home/user/humble_ws/install/franka_msgs/share/franka_msgs/cmake/franka_msgsConfig-version.cmake
[2.231s] -- Up-to-date: /home/user/humble_ws/install/franka_msgs/share/franka_msgs/package.xml
[2.236s] Invoked command in '/home/user/humble_ws/build/franka_msgs' returned '0': CMAKE_PREFIX_PATH=${CMAKE_PREFIX_PATH}:/opt/ros/humble /usr/bin/cmake --install /home/user/humble_ws/build/franka_msgs
