-- Found ament_cmake: 1.3.10 (/opt/ros/humble/share/ament_cmake/cmake)
-- Found rclcpp: 16.0.10 (/opt/ros/humble/share/rclcpp/cmake)
-- Found rosidl_generator_c: 3.1.5 (/opt/ros/humble/share/rosidl_generator_c/cmake)
-- Found rosidl_adapter: 3.1.5 (/opt/ros/humble/share/rosidl_adapter/cmake)
-- Found rosidl_generator_cpp: 3.1.5 (/opt/ros/humble/share/rosidl_generator_cpp/cmake)
-- Using all available rosidl_typesupport_c: rosidl_typesupport_fastrtps_c;rosidl_typesupport_introspection_c
-- Using all available rosidl_typesupport_cpp: rosidl_typesupport_fastrtps_cpp;rosidl_typesupport_introspection_cpp
-- Found rmw_implementation_cmake: 6.1.2 (/opt/ros/humble/share/rmw_implementation_cmake/cmake)
-- Found rmw_fastrtps_cpp: 6.2.7 (/opt/ros/humble/share/rmw_fastrtps_cpp/cmake)
-- Using RMW implementation 'rmw_fastrtps_cpp' as default
-- Found rclcpp_action: 16.0.10 (/opt/ros/humble/share/rclcpp_action/cmake)
-- Found sensor_msgs: 4.2.4 (/opt/ros/humble/share/sensor_msgs/cmake)
-- Found std_srvs: 4.2.4 (/opt/ros/humble/share/std_srvs/cmake)
-- Found panda_motion_generator_msgs: 0.0.0 (/home/user/humble_ws/install/panda_motion_generator_msgs/share/panda_motion_generator_msgs/cmake)
-- Found multi_mode_control_msgs: 0.0.0 (/home/user/humble_ws/install/multi_mode_control_msgs/share/multi_mode_control_msgs/cmake)
-- Found multi_mode_controller: 0.0.0 (/home/user/humble_ws/install/multi_mode_controller/share/multi_mode_controller/cmake)
-- Found tf2: 0.25.7 (/opt/ros/humble/share/tf2/cmake)
-- Found tf2_ros: 0.25.7 (/opt/ros/humble/share/tf2_ros/cmake)
-- Found ament_lint_auto: 0.12.11 (/opt/ros/humble/share/ament_lint_auto/cmake)
-- Added test 'cppcheck' to perform static code analysis on C / C++ code
-- Configured cppcheck include dirs: /home/user/humble_ws/src/bimanual_architecture/franka_multi_mode_controller/panda_motion_generators/include
-- Configured cppcheck exclude dirs and/or files: 
-- Added test 'lint_cmake' to check CMake code style
-- Added test 'uncrustify' to check C / C++ code style
-- Configured uncrustify additional arguments: 
-- Added test 'xmllint' to check XML markup files
-- Configuring done
-- Generating done
-- Build files have been written to: /home/user/humble_ws/build/panda_motion_generators
[35m[1mConsolidate compiler generated dependencies of target panda_motion_generators[0m
[35m[1mConsolidate compiler generated dependencies of target panda_dq_c1_cartesian_motion_generator_client[0m
[35m[1mConsolidate compiler generated dependencies of target panda_poly_c2_joint_motion_generator_client[0m
[35m[1mConsolidate compiler generated dependencies of target panda_to_init_pose_client[0m
[  7%] [32mBuilding CXX object CMakeFiles/panda_to_init_pose_client.dir/src/panda_to_init_pose_client.cpp.o[0m
[ 23%] Built target panda_dq_c1_cartesian_motion_generator_client
[ 38%] Built target panda_poly_c2_joint_motion_generator_client
[ 46%] [32mBuilding CXX object CMakeFiles/panda_motion_generators.dir/src/panda_dq_c1_cartesian_motion_generator.cpp.o[0m
[ 53%] [32mBuilding CXX object CMakeFiles/panda_motion_generators.dir/src/panda_poly_c2_joint_motion_generator.cpp.o[0m
[ 61%] [32m[1mLinking CXX executable panda_to_init_pose_client[0m
[ 61%] Built target panda_to_init_pose_client
[ 69%] [32m[1mLinking CXX shared library libpanda_motion_generators.so[0m
[ 69%] Built target panda_motion_generators
[35m[1mConsolidate compiler generated dependencies of target panda_poly_c2_joint_motion_generator_node[0m
[35m[1mConsolidate compiler generated dependencies of target panda_dq_c1_cartesian_motion_generator_node[0m
[ 76%] [32mBuilding CXX object CMakeFiles/panda_poly_c2_joint_motion_generator_node.dir/src/panda_poly_c2_joint_motion_generator_node.cpp.o[0m
[ 84%] [32mBuilding CXX object CMakeFiles/panda_dq_c1_cartesian_motion_generator_node.dir/src/panda_dq_c1_cartesian_motion_generator_node.cpp.o[0m
[ 92%] [32m[1mLinking CXX executable panda_dq_c1_cartesian_motion_generator_node[0m
[ 92%] Built target panda_dq_c1_cartesian_motion_generator_node
[100%] [32m[1mLinking CXX executable panda_poly_c2_joint_motion_generator_node[0m
[100%] Built target panda_poly_c2_joint_motion_generator_node
-- Install configuration: "Release"
-- Installing: /home/user/humble_ws/install/panda_motion_generators/lib/libpanda_motion_generators.so
-- Set runtime path of "/home/user/humble_ws/install/panda_motion_generators/lib/libpanda_motion_generators.so" to ""
-- Installing: /home/user/humble_ws/install/panda_motion_generators/lib/panda_motion_generators/panda_poly_c2_joint_motion_generator_node
-- Set runtime path of "/home/user/humble_ws/install/panda_motion_generators/lib/panda_motion_generators/panda_poly_c2_joint_motion_generator_node" to ""
-- Installing: /home/user/humble_ws/install/panda_motion_generators/lib/panda_motion_generators/panda_dq_c1_cartesian_motion_generator_node
-- Set runtime path of "/home/user/humble_ws/install/panda_motion_generators/lib/panda_motion_generators/panda_dq_c1_cartesian_motion_generator_node" to ""
-- Up-to-date: /home/user/humble_ws/install/panda_motion_generators/lib/panda_motion_generators/panda_poly_c2_joint_motion_generator_client
-- Up-to-date: /home/user/humble_ws/install/panda_motion_generators/lib/panda_motion_generators/panda_dq_c1_cartesian_motion_generator_client
-- Installing: /home/user/humble_ws/install/panda_motion_generators/lib/panda_motion_generators/panda_to_init_pose_client
-- Set runtime path of "/home/user/humble_ws/install/panda_motion_generators/lib/panda_motion_generators/panda_to_init_pose_client" to ""
-- Up-to-date: /home/user/humble_ws/install/panda_motion_generators/include
-- Up-to-date: /home/user/humble_ws/install/panda_motion_generators/include/panda_motion_generators
-- Up-to-date: /home/user/humble_ws/install/panda_motion_generators/include/panda_motion_generators/motion_generators
-- Up-to-date: /home/user/humble_ws/install/panda_motion_generators/include/panda_motion_generators/motion_generators/panda_dq_c1_cartesian_motion_generator.h
-- Up-to-date: /home/user/humble_ws/install/panda_motion_generators/include/panda_motion_generators/motion_generators/panda_poly_c2_joint_motion_generator.h
-- Up-to-date: /home/user/humble_ws/install/panda_motion_generators/include/panda_motion_generators/base
-- Up-to-date: /home/user/humble_ws/install/panda_motion_generators/include/panda_motion_generators/base/motion_generator_base.h
-- Up-to-date: /home/user/humble_ws/install/panda_motion_generators/include/panda_motion_generators/base/motion_generator_ros_interface.h
-- Up-to-date: /home/user/humble_ws/install/panda_motion_generators/include/panda_motion_generators/base/dq_c1_cartesian_motion_generator_base.h
-- Up-to-date: /home/user/humble_ws/install/panda_motion_generators/include/panda_motion_generators/base/dq_c1_cartesian_motion_generator.h
-- Up-to-date: /home/user/humble_ws/install/panda_motion_generators/include/panda_motion_generators/base/poly_c2_joint_motion_generator_base.h
-- Up-to-date: /home/user/humble_ws/install/panda_motion_generators/include/panda_motion_generators/base/poly_c2_joint_motion_generator.h
-- Up-to-date: /home/user/humble_ws/install/panda_motion_generators/share/ament_index/resource_index/package_run_dependencies/panda_motion_generators
-- Installing: /home/user/humble_ws/install/panda_motion_generators/share/ament_index/resource_index/parent_prefix_path/panda_motion_generators
-- Up-to-date: /home/user/humble_ws/install/panda_motion_generators/share/panda_motion_generators/environment/ament_prefix_path.sh
-- Installing: /home/user/humble_ws/install/panda_motion_generators/share/panda_motion_generators/environment/ament_prefix_path.dsv
-- Up-to-date: /home/user/humble_ws/install/panda_motion_generators/share/panda_motion_generators/environment/path.sh
-- Installing: /home/user/humble_ws/install/panda_motion_generators/share/panda_motion_generators/environment/path.dsv
-- Up-to-date: /home/user/humble_ws/install/panda_motion_generators/share/panda_motion_generators/local_setup.bash
-- Up-to-date: /home/user/humble_ws/install/panda_motion_generators/share/panda_motion_generators/local_setup.sh
-- Up-to-date: /home/user/humble_ws/install/panda_motion_generators/share/panda_motion_generators/local_setup.zsh
-- Installing: /home/user/humble_ws/install/panda_motion_generators/share/panda_motion_generators/local_setup.dsv
-- Installing: /home/user/humble_ws/install/panda_motion_generators/share/panda_motion_generators/package.dsv
-- Up-to-date: /home/user/humble_ws/install/panda_motion_generators/share/ament_index/resource_index/packages/panda_motion_generators
-- Up-to-date: /home/user/humble_ws/install/panda_motion_generators/share/panda_motion_generators/cmake/panda_motion_generatorsConfig.cmake
-- Up-to-date: /home/user/humble_ws/install/panda_motion_generators/share/panda_motion_generators/cmake/panda_motion_generatorsConfig-version.cmake
-- Up-to-date: /home/user/humble_ws/install/panda_motion_generators/share/panda_motion_generators/package.xml
