-- The C compiler identification is GNU 11.4.0
-- The CXX compiler identification is GNU 11.4.0
-- Detecting C compiler ABI info
-- Detecting C compiler ABI info - done
-- Check for working C compiler: /usr/bin/cc - skipped
-- Detecting C compile features
-- Detecting C compile features - done
-- Detecting CXX compiler ABI info
-- Detecting CXX compiler ABI info - done
-- Check for working CXX compiler: /usr/bin/c++ - skipped
-- Detecting CXX compile features
-- Detecting CXX compile features - done
-- Found ament_cmake: 1.3.10 (/opt/ros/humble/share/ament_cmake/cmake)
-- Found Python3: /usr/bin/python3 (found version "3.10.12") found components: Interpreter 
-- Found builtin_interfaces: 1.2.1 (/opt/ros/humble/share/builtin_interfaces/cmake)
-- Found rosidl_generator_c: 3.1.5 (/opt/ros/humble/share/rosidl_generator_c/cmake)
-- Found rosidl_adapter: 3.1.5 (/opt/ros/humble/share/rosidl_adapter/cmake)
-- Found rosidl_generator_cpp: 3.1.5 (/opt/ros/humble/share/rosidl_generator_cpp/cmake)
-- Using all available rosidl_typesupport_c: rosidl_typesupport_fastrtps_c;rosidl_typesupport_introspection_c
-- Using all available rosidl_typesupport_cpp: rosidl_typesupport_fastrtps_cpp;rosidl_typesupport_introspection_cpp
-- Found control_msgs: 4.7.0 (/opt/ros/humble/share/control_msgs/cmake)
-- Found controller_interface: 2.44.0 (/opt/ros/humble/share/controller_interface/cmake)
-- Found rmw_implementation_cmake: 6.1.2 (/opt/ros/humble/share/rmw_implementation_cmake/cmake)
-- Found rmw_fastrtps_cpp: 6.2.7 (/opt/ros/humble/share/rmw_fastrtps_cpp/cmake)
-- Found TinyXML2 via Config file: TinyXML2_DIR-NOTFOUND
-- Found OpenSSL: /usr/lib/x86_64-linux-gnu/libcrypto.so (found version "3.0.2")  
-- Found TinyXML2 via Config file: TinyXML2_DIR-NOTFOUND
-- Found FastRTPS: /opt/ros/humble/include  
-- Found TinyXML2 via Config file: TinyXML2_DIR-NOTFOUND
-- Found TinyXML2 via Config file: TinyXML2_DIR-NOTFOUND
-- Using RMW implementation 'rmw_fastrtps_cpp' as default
-- Looking for pthread.h
-- Looking for pthread.h - found
-- Performing Test CMAKE_HAVE_LIBC_PTHREAD
-- Performing Test CMAKE_HAVE_LIBC_PTHREAD - Success
-- Found Threads: TRUE  
-- Found controller_manager: 2.44.0 (/opt/ros/humble/share/controller_manager/cmake)
-- Found franka_msgs: 0.0.0 (/home/user/humble_ws/install/franka_msgs/share/franka_msgs/cmake)
-- Found franka_semantic_components: 0.0.0 (/home/user/humble_ws/install/franka_semantic_components/share/franka_semantic_components/cmake)
-- Found generate_parameter_library: 0.3.9 (/opt/ros/humble/share/generate_parameter_library/cmake)
-- Found parameter_traits: 0.3.9 (/opt/ros/humble/share/parameter_traits/cmake)
-- Found ament_lint_auto: 0.12.11 (/opt/ros/humble/share/ament_lint_auto/cmake)
-- Configuring done
-- Generating done
-- Build files have been written to: /home/user/humble_ws/build/franka_robot_state_broadcaster
[ 25%] Running `/opt/ros/humble/bin/generate_parameter_library_cpp /home/user/humble_ws/build/franka_robot_state_broadcaster/franka_robot_state_broadcaster_parameters/include//franka_robot_state_broadcaster_parameters.hpp /home/user/humble_ws/src/bimanual_architecture/franka_robot_state_broadcaster/src/franka_robot_state_broadcaster_parameters.yaml `
[ 25%] Built target franka_robot_state_broadcaster_parameters
[ 50%] Building CXX object CMakeFiles/franka_robot_state_broadcaster.dir/src/franka_robot_state_broadcaster.cpp.o
[ 75%] Building CXX object CMakeFiles/franka_robot_state_broadcaster.dir/src/franka_robot_model_broadcaster.cpp.o
[100%] Linking CXX shared library libfranka_robot_state_broadcaster.so
[100%] Built target franka_robot_state_broadcaster
-- Install configuration: "Release"
-- Installing: /home/user/humble_ws/install/franka_robot_state_broadcaster/include/franka_robot_state_broadcaster_parameters
-- Installing: /home/user/humble_ws/install/franka_robot_state_broadcaster/include/franka_robot_state_broadcaster_parameters/franka_robot_state_broadcaster_parameters.hpp
-- Installing: /home/user/humble_ws/install/franka_robot_state_broadcaster/share/franka_robot_state_broadcaster/franka_robot_state_broadcaster.xml
-- Installing: /home/user/humble_ws/install/franka_robot_state_broadcaster/lib/libfranka_robot_state_broadcaster.so
-- Set runtime path of "/home/user/humble_ws/install/franka_robot_state_broadcaster/lib/libfranka_robot_state_broadcaster.so" to ""
-- Up-to-date: /home/user/humble_ws/install/franka_robot_state_broadcaster/include
-- Installing: /home/user/humble_ws/install/franka_robot_state_broadcaster/include/franka_robot_state_broadcaster
-- Installing: /home/user/humble_ws/install/franka_robot_state_broadcaster/include/franka_robot_state_broadcaster/franka_robot_state_broadcaster.hpp
-- Installing: /home/user/humble_ws/install/franka_robot_state_broadcaster/include/franka_robot_state_broadcaster/franka_robot_model_broadcaster.hpp
-- Installing: /home/user/humble_ws/install/franka_robot_state_broadcaster/share/franka_robot_state_broadcaster/environment/library_path.sh
-- Installing: /home/user/humble_ws/install/franka_robot_state_broadcaster/share/franka_robot_state_broadcaster/environment/library_path.dsv
-- Installing: /home/user/humble_ws/install/franka_robot_state_broadcaster/share/ament_index/resource_index/package_run_dependencies/franka_robot_state_broadcaster
-- Installing: /home/user/humble_ws/install/franka_robot_state_broadcaster/share/ament_index/resource_index/parent_prefix_path/franka_robot_state_broadcaster
-- Installing: /home/user/humble_ws/install/franka_robot_state_broadcaster/share/franka_robot_state_broadcaster/environment/ament_prefix_path.sh
-- Installing: /home/user/humble_ws/install/franka_robot_state_broadcaster/share/franka_robot_state_broadcaster/environment/ament_prefix_path.dsv
-- Installing: /home/user/humble_ws/install/franka_robot_state_broadcaster/share/franka_robot_state_broadcaster/environment/path.sh
-- Installing: /home/user/humble_ws/install/franka_robot_state_broadcaster/share/franka_robot_state_broadcaster/environment/path.dsv
-- Installing: /home/user/humble_ws/install/franka_robot_state_broadcaster/share/franka_robot_state_broadcaster/local_setup.bash
-- Installing: /home/user/humble_ws/install/franka_robot_state_broadcaster/share/franka_robot_state_broadcaster/local_setup.sh
-- Installing: /home/user/humble_ws/install/franka_robot_state_broadcaster/share/franka_robot_state_broadcaster/local_setup.zsh
-- Installing: /home/user/humble_ws/install/franka_robot_state_broadcaster/share/franka_robot_state_broadcaster/local_setup.dsv
-- Installing: /home/user/humble_ws/install/franka_robot_state_broadcaster/share/franka_robot_state_broadcaster/package.dsv
-- Installing: /home/user/humble_ws/install/franka_robot_state_broadcaster/share/ament_index/resource_index/packages/franka_robot_state_broadcaster
-- Installing: /home/user/humble_ws/install/franka_robot_state_broadcaster/share/ament_index/resource_index/controller_interface__pluginlib__plugin/franka_robot_state_broadcaster
-- Installing: /home/user/humble_ws/install/franka_robot_state_broadcaster/share/franka_robot_state_broadcaster/cmake/ament_cmake_export_include_directories-extras.cmake
-- Installing: /home/user/humble_ws/install/franka_robot_state_broadcaster/share/franka_robot_state_broadcaster/cmake/ament_cmake_export_libraries-extras.cmake
-- Installing: /home/user/humble_ws/install/franka_robot_state_broadcaster/share/franka_robot_state_broadcaster/cmake/ament_cmake_export_dependencies-extras.cmake
-- Installing: /home/user/humble_ws/install/franka_robot_state_broadcaster/share/franka_robot_state_broadcaster/cmake/franka_robot_state_broadcasterConfig.cmake
-- Installing: /home/user/humble_ws/install/franka_robot_state_broadcaster/share/franka_robot_state_broadcaster/cmake/franka_robot_state_broadcasterConfig-version.cmake
-- Installing: /home/user/humble_ws/install/franka_robot_state_broadcaster/share/franka_robot_state_broadcaster/package.xml
