[0.072s] Invoking command in '/home/user/humble_ws/build/franka_msgs': CMAKE_PREFIX_PATH=${CMAKE_PREFIX_PATH}:/opt/ros/humble /usr/bin/cmake --build /home/user/humble_ws/build/franka_msgs -- -j12 -l12
[0.248s] [  0%] Built target franka_msgs__cpp
[0.273s] [ 12%] Built target franka_msgs__rosidl_generator_c
[0.340s] [ 12%] Built target ament_cmake_python_copy_franka_msgs
[0.369s] [ 24%] Built target franka_msgs__rosidl_typesupport_cpp
[0.371s] [ 36%] Built target franka_msgs__rosidl_typesupport_fastrtps_cpp
[0.405s] [ 48%] Built target franka_msgs__rosidl_typesupport_introspection_cpp
[0.407s] [ 72%] Built target franka_msgs__rosidl_typesupport_c
[0.407s] [ 72%] Built target franka_msgs__rosidl_typesupport_introspection_c
[0.423s] [ 84%] Built target franka_msgs__rosidl_typesupport_fastrtps_c
[0.453s] [ 84%] Built target franka_msgs
[0.495s] [ 85%] Built target franka_msgs__py
[0.566s] [ 96%] Built target franka_msgs__rosidl_generator_py
[0.611s] [ 97%] Built target franka_msgs__rosidl_typesupport_c__pyext
[0.620s] [ 98%] Built target franka_msgs__rosidl_typesupport_fastrtps_c__pyext
[0.624s] [100%] Built target franka_msgs__rosidl_typesupport_introspection_c__pyext
[0.730s] running egg_info
[0.731s] writing franka_msgs.egg-info/PKG-INFO
[0.731s] writing dependency_links to franka_msgs.egg-info/dependency_links.txt
[0.732s] writing top-level names to franka_msgs.egg-info/top_level.txt
[0.734s] reading manifest file 'franka_msgs.egg-info/SOURCES.txt'
[0.735s] writing manifest file 'franka_msgs.egg-info/SOURCES.txt'
[0.773s] [100%] Built target ament_cmake_python_build_franka_msgs_egg
[0.797s] Invoked command in '/home/user/humble_ws/build/franka_msgs' returned '0': CMAKE_PREFIX_PATH=${CMAKE_PREFIX_PATH}:/opt/ros/humble /usr/bin/cmake --build /home/user/humble_ws/build/franka_msgs -- -j12 -l12
[1.869s] Invoking command in '/home/user/humble_ws/build/franka_msgs': CMAKE_PREFIX_PATH=${CMAKE_PREFIX_PATH}:/opt/ros/humble /usr/bin/cmake --install /home/user/humble_ws/build/franka_msgs
[1.891s] -- Install configuration: "Release"
[1.891s] -- Up-to-date: /home/user/humble_ws/install/franka_msgs/share/ament_index/resource_index/rosidl_interfaces/franka_msgs
[1.891s] -- Up-to-date: /home/user/humble_ws/install/franka_msgs/include/franka_msgs/franka_msgs
[1.892s] -- Up-to-date: /home/user/humble_ws/install/franka_msgs/include/franka_msgs/franka_msgs/action
[1.892s] -- Up-to-date: /home/user/humble_ws/install/franka_msgs/include/franka_msgs/franka_msgs/action/grasp.h
[1.893s] -- Up-to-date: /home/user/humble_ws/install/franka_msgs/include/franka_msgs/franka_msgs/action/detail
[1.893s] -- Up-to-date: /home/user/humble_ws/install/franka_msgs/include/franka_msgs/franka_msgs/action/detail/homing__functions.c
[1.894s] -- Up-to-date: /home/user/humble_ws/install/franka_msgs/include/franka_msgs/franka_msgs/action/detail/move__functions.c
[1.894s] -- Up-to-date: /home/user/humble_ws/install/franka_msgs/include/franka_msgs/franka_msgs/action/detail/move__type_support.h
[1.894s] -- Up-to-date: /home/user/humble_ws/install/franka_msgs/include/franka_msgs/franka_msgs/action/detail/homing__struct.h
[1.894s] -- Up-to-date: /home/user/humble_ws/install/franka_msgs/include/franka_msgs/franka_msgs/action/detail/homing__functions.h
[1.895s] -- Up-to-date: /home/user/humble_ws/install/franka_msgs/include/franka_msgs/franka_msgs/action/detail/grasp__functions.h
[1.895s] -- Up-to-date: /home/user/humble_ws/install/franka_msgs/include/franka_msgs/franka_msgs/action/detail/grasp__struct.h
[1.895s] -- Up-to-date: /home/user/humble_ws/install/franka_msgs/include/franka_msgs/franka_msgs/action/detail/grasp__type_support.h
[1.896s] -- Up-to-date: /home/user/humble_ws/install/franka_msgs/include/franka_msgs/franka_msgs/action/detail/grasp__functions.c
[1.896s] -- Up-to-date: /home/user/humble_ws/install/franka_msgs/include/franka_msgs/franka_msgs/action/detail/move__struct.h
[1.896s] -- Up-to-date: /home/user/humble_ws/install/franka_msgs/include/franka_msgs/franka_msgs/action/detail/homing__type_support.h
[1.896s] -- Up-to-date: /home/user/humble_ws/install/franka_msgs/include/franka_msgs/franka_msgs/action/detail/move__functions.h
[1.897s] -- Up-to-date: /home/user/humble_ws/install/franka_msgs/include/franka_msgs/franka_msgs/action/homing.h
[1.897s] -- Up-to-date: /home/user/humble_ws/install/franka_msgs/include/franka_msgs/franka_msgs/action/move.h
[1.897s] -- Up-to-date: /home/user/humble_ws/install/franka_msgs/include/franka_msgs/franka_msgs/srv
[1.897s] -- Up-to-date: /home/user/humble_ws/install/franka_msgs/include/franka_msgs/franka_msgs/srv/set_tcp_frame.h
[1.897s] -- Up-to-date: /home/user/humble_ws/install/franka_msgs/include/franka_msgs/franka_msgs/srv/set_force_torque_collision_behavior.h
[1.897s] -- Up-to-date: /home/user/humble_ws/install/franka_msgs/include/franka_msgs/franka_msgs/srv/set_cartesian_stiffness.h
[1.897s] -- Up-to-date: /home/user/humble_ws/install/franka_msgs/include/franka_msgs/franka_msgs/srv/detail
[1.897s] -- Up-to-date: /home/user/humble_ws/install/franka_msgs/include/franka_msgs/franka_msgs/srv/detail/error_recovery__functions.h
[1.898s] -- Up-to-date: /home/user/humble_ws/install/franka_msgs/include/franka_msgs/franka_msgs/srv/detail/set_tcp_frame__functions.c
[1.898s] -- Up-to-date: /home/user/humble_ws/install/franka_msgs/include/franka_msgs/franka_msgs/srv/detail/set_mujoco_poses__functions.c
[1.898s] -- Up-to-date: /home/user/humble_ws/install/franka_msgs/include/franka_msgs/franka_msgs/srv/detail/set_joint_stiffness__functions.c
[1.898s] -- Up-to-date: /home/user/humble_ws/install/franka_msgs/include/franka_msgs/franka_msgs/srv/detail/set_load__struct.h
[1.898s] -- Up-to-date: /home/user/humble_ws/install/franka_msgs/include/franka_msgs/franka_msgs/srv/detail/set_force_torque_collision_behavior__functions.c
[1.898s] -- Up-to-date: /home/user/humble_ws/install/franka_msgs/include/franka_msgs/franka_msgs/srv/detail/set_joint_stiffness__type_support.h
[1.899s] -- Up-to-date: /home/user/humble_ws/install/franka_msgs/include/franka_msgs/franka_msgs/srv/detail/error_recovery__functions.c
[1.899s] -- Up-to-date: /home/user/humble_ws/install/franka_msgs/include/franka_msgs/franka_msgs/srv/detail/set_stiffness_frame__type_support.h
[1.899s] -- Up-to-date: /home/user/humble_ws/install/franka_msgs/include/franka_msgs/franka_msgs/srv/detail/set_stiffness_frame__functions.h
[1.899s] -- Up-to-date: /home/user/humble_ws/install/franka_msgs/include/franka_msgs/franka_msgs/srv/detail/set_stiffness_frame__functions.c
[1.899s] -- Up-to-date: /home/user/humble_ws/install/franka_msgs/include/franka_msgs/franka_msgs/srv/detail/set_tcp_frame__struct.h
[1.899s] -- Up-to-date: /home/user/humble_ws/install/franka_msgs/include/franka_msgs/franka_msgs/srv/detail/set_stiffness_frame__struct.h
[1.899s] -- Up-to-date: /home/user/humble_ws/install/franka_msgs/include/franka_msgs/franka_msgs/srv/detail/set_full_collision_behavior__functions.c
[1.900s] -- Up-to-date: /home/user/humble_ws/install/franka_msgs/include/franka_msgs/franka_msgs/srv/detail/error_recovery__struct.h
[1.900s] -- Up-to-date: /home/user/humble_ws/install/franka_msgs/include/franka_msgs/franka_msgs/srv/detail/set_full_collision_behavior__type_support.h
[1.900s] -- Up-to-date: /home/user/humble_ws/install/franka_msgs/include/franka_msgs/franka_msgs/srv/detail/set_mujoco_poses__struct.h
[1.900s] -- Up-to-date: /home/user/humble_ws/install/franka_msgs/include/franka_msgs/franka_msgs/srv/detail/set_cartesian_stiffness__functions.c
[1.900s] -- Up-to-date: /home/user/humble_ws/install/franka_msgs/include/franka_msgs/franka_msgs/srv/detail/set_load__functions.h
[1.900s] -- Up-to-date: /home/user/humble_ws/install/franka_msgs/include/franka_msgs/franka_msgs/srv/detail/set_force_torque_collision_behavior__struct.h
[1.901s] -- Up-to-date: /home/user/humble_ws/install/franka_msgs/include/franka_msgs/franka_msgs/srv/detail/error_recovery__type_support.h
[1.901s] -- Up-to-date: /home/user/humble_ws/install/franka_msgs/include/franka_msgs/franka_msgs/srv/detail/set_load__type_support.h
[1.901s] -- Up-to-date: /home/user/humble_ws/install/franka_msgs/include/franka_msgs/franka_msgs/srv/detail/set_joint_stiffness__functions.h
[1.901s] -- Up-to-date: /home/user/humble_ws/install/franka_msgs/include/franka_msgs/franka_msgs/srv/detail/set_load__functions.c
[1.902s] -- Up-to-date: /home/user/humble_ws/install/franka_msgs/include/franka_msgs/franka_msgs/srv/detail/set_mujoco_poses__type_support.h
[1.902s] -- Up-to-date: /home/user/humble_ws/install/franka_msgs/include/franka_msgs/franka_msgs/srv/detail/set_mujoco_poses__functions.h
[1.902s] -- Up-to-date: /home/user/humble_ws/install/franka_msgs/include/franka_msgs/franka_msgs/srv/detail/set_force_torque_collision_behavior__functions.h
[1.902s] -- Up-to-date: /home/user/humble_ws/install/franka_msgs/include/franka_msgs/franka_msgs/srv/detail/set_tcp_frame__type_support.h
[1.902s] -- Up-to-date: /home/user/humble_ws/install/franka_msgs/include/franka_msgs/franka_msgs/srv/detail/set_force_torque_collision_behavior__type_support.h
[1.903s] -- Up-to-date: /home/user/humble_ws/install/franka_msgs/include/franka_msgs/franka_msgs/srv/detail/set_cartesian_stiffness__struct.h
[1.903s] -- Up-to-date: /home/user/humble_ws/install/franka_msgs/include/franka_msgs/franka_msgs/srv/detail/set_cartesian_stiffness__type_support.h
[1.903s] -- Up-to-date: /home/user/humble_ws/install/franka_msgs/include/franka_msgs/franka_msgs/srv/detail/set_full_collision_behavior__struct.h
[1.904s] -- Up-to-date: /home/user/humble_ws/install/franka_msgs/include/franka_msgs/franka_msgs/srv/detail/set_cartesian_stiffness__functions.h
[1.904s] -- Up-to-date: /home/user/humble_ws/install/franka_msgs/include/franka_msgs/franka_msgs/srv/detail/set_joint_stiffness__struct.h
[1.904s] -- Up-to-date: /home/user/humble_ws/install/franka_msgs/include/franka_msgs/franka_msgs/srv/detail/set_tcp_frame__functions.h
[1.904s] -- Up-to-date: /home/user/humble_ws/install/franka_msgs/include/franka_msgs/franka_msgs/srv/detail/set_full_collision_behavior__functions.h
[1.905s] -- Up-to-date: /home/user/humble_ws/install/franka_msgs/include/franka_msgs/franka_msgs/srv/set_load.h
[1.905s] -- Up-to-date: /home/user/humble_ws/install/franka_msgs/include/franka_msgs/franka_msgs/srv/set_full_collision_behavior.h
[1.906s] -- Up-to-date: /home/user/humble_ws/install/franka_msgs/include/franka_msgs/franka_msgs/srv/set_joint_stiffness.h
[1.906s] -- Up-to-date: /home/user/humble_ws/install/franka_msgs/include/franka_msgs/franka_msgs/srv/set_stiffness_frame.h
[1.906s] -- Up-to-date: /home/user/humble_ws/install/franka_msgs/include/franka_msgs/franka_msgs/srv/set_mujoco_poses.h
[1.907s] -- Up-to-date: /home/user/humble_ws/install/franka_msgs/include/franka_msgs/franka_msgs/srv/error_recovery.h
[1.907s] -- Up-to-date: /home/user/humble_ws/install/franka_msgs/include/franka_msgs/franka_msgs/msg
[1.907s] -- Up-to-date: /home/user/humble_ws/install/franka_msgs/include/franka_msgs/franka_msgs/msg/rosidl_generator_c__visibility_control.h
[1.907s] -- Up-to-date: /home/user/humble_ws/install/franka_msgs/include/franka_msgs/franka_msgs/msg/errors.h
[1.908s] -- Up-to-date: /home/user/humble_ws/install/franka_msgs/include/franka_msgs/franka_msgs/msg/grasp_epsilon.h
[1.909s] -- Up-to-date: /home/user/humble_ws/install/franka_msgs/include/franka_msgs/franka_msgs/msg/detail
[1.909s] -- Up-to-date: /home/user/humble_ws/install/franka_msgs/include/franka_msgs/franka_msgs/msg/detail/pose_stamped_array__functions.h
[1.910s] -- Up-to-date: /home/user/humble_ws/install/franka_msgs/include/franka_msgs/franka_msgs/msg/detail/franka_state__functions.c
[1.910s] -- Up-to-date: /home/user/humble_ws/install/franka_msgs/include/franka_msgs/franka_msgs/msg/detail/franka_state__type_support.h
[1.910s] -- Up-to-date: /home/user/humble_ws/install/franka_msgs/include/franka_msgs/franka_msgs/msg/detail/grasp_epsilon__functions.h
[1.910s] -- Up-to-date: /home/user/humble_ws/install/franka_msgs/include/franka_msgs/franka_msgs/msg/detail/errors__functions.h
[1.911s] -- Up-to-date: /home/user/humble_ws/install/franka_msgs/include/franka_msgs/franka_msgs/msg/detail/pose_stamped_array__type_support.h
[1.912s] -- Up-to-date: /home/user/humble_ws/install/franka_msgs/include/franka_msgs/franka_msgs/msg/detail/errors__type_support.h
[1.912s] -- Up-to-date: /home/user/humble_ws/install/franka_msgs/include/franka_msgs/franka_msgs/msg/detail/franka_model__functions.h
[1.913s] -- Up-to-date: /home/user/humble_ws/install/franka_msgs/include/franka_msgs/franka_msgs/msg/detail/franka_model__type_support.h
[1.913s] -- Up-to-date: /home/user/humble_ws/install/franka_msgs/include/franka_msgs/franka_msgs/msg/detail/grasp_epsilon__functions.c
[1.913s] -- Up-to-date: /home/user/humble_ws/install/franka_msgs/include/franka_msgs/franka_msgs/msg/detail/franka_model__functions.c
[1.914s] -- Up-to-date: /home/user/humble_ws/install/franka_msgs/include/franka_msgs/franka_msgs/msg/detail/errors__struct.h
[1.914s] -- Up-to-date: /home/user/humble_ws/install/franka_msgs/include/franka_msgs/franka_msgs/msg/detail/grasp_epsilon__struct.h
[1.915s] -- Up-to-date: /home/user/humble_ws/install/franka_msgs/include/franka_msgs/franka_msgs/msg/detail/franka_model__struct.h
[1.915s] -- Up-to-date: /home/user/humble_ws/install/franka_msgs/include/franka_msgs/franka_msgs/msg/detail/errors__functions.c
[1.915s] -- Up-to-date: /home/user/humble_ws/install/franka_msgs/include/franka_msgs/franka_msgs/msg/detail/grasp_epsilon__type_support.h
[1.915s] -- Up-to-date: /home/user/humble_ws/install/franka_msgs/include/franka_msgs/franka_msgs/msg/detail/franka_state__functions.h
[1.916s] -- Up-to-date: /home/user/humble_ws/install/franka_msgs/include/franka_msgs/franka_msgs/msg/detail/pose_stamped_array__functions.c
[1.916s] -- Up-to-date: /home/user/humble_ws/install/franka_msgs/include/franka_msgs/franka_msgs/msg/detail/franka_state__struct.h
[1.916s] -- Up-to-date: /home/user/humble_ws/install/franka_msgs/include/franka_msgs/franka_msgs/msg/detail/pose_stamped_array__struct.h
[1.917s] -- Up-to-date: /home/user/humble_ws/install/franka_msgs/include/franka_msgs/franka_msgs/msg/pose_stamped_array.h
[1.917s] -- Up-to-date: /home/user/humble_ws/install/franka_msgs/include/franka_msgs/franka_msgs/msg/franka_model.h
[1.917s] -- Up-to-date: /home/user/humble_ws/install/franka_msgs/include/franka_msgs/franka_msgs/msg/franka_state.h
[1.917s] -- Up-to-date: /home/user/humble_ws/install/franka_msgs/share/franka_msgs/environment/library_path.sh
[1.917s] -- Up-to-date: /home/user/humble_ws/install/franka_msgs/share/franka_msgs/environment/library_path.dsv
[1.918s] -- Up-to-date: /home/user/humble_ws/install/franka_msgs/lib/libfranka_msgs__rosidl_generator_c.so
[1.918s] -- Up-to-date: /home/user/humble_ws/install/franka_msgs/include/franka_msgs/franka_msgs
[1.918s] -- Up-to-date: /home/user/humble_ws/install/franka_msgs/include/franka_msgs/franka_msgs/action
[1.919s] -- Up-to-date: /home/user/humble_ws/install/franka_msgs/include/franka_msgs/franka_msgs/action/detail
[1.919s] -- Up-to-date: /home/user/humble_ws/install/franka_msgs/include/franka_msgs/franka_msgs/action/detail/homing__rosidl_typesupport_fastrtps_c.h
[1.919s] -- Up-to-date: /home/user/humble_ws/install/franka_msgs/include/franka_msgs/franka_msgs/action/detail/grasp__rosidl_typesupport_fastrtps_c.h
[1.920s] -- Up-to-date: /home/user/humble_ws/install/franka_msgs/include/franka_msgs/franka_msgs/action/detail/move__rosidl_typesupport_fastrtps_c.h
[1.920s] -- Up-to-date: /home/user/humble_ws/install/franka_msgs/include/franka_msgs/franka_msgs/srv
[1.920s] -- Up-to-date: /home/user/humble_ws/install/franka_msgs/include/franka_msgs/franka_msgs/srv/detail
[1.921s] -- Up-to-date: /home/user/humble_ws/install/franka_msgs/include/franka_msgs/franka_msgs/srv/detail/set_cartesian_stiffness__rosidl_typesupport_fastrtps_c.h
[1.921s] -- Up-to-date: /home/user/humble_ws/install/franka_msgs/include/franka_msgs/franka_msgs/srv/detail/set_force_torque_collision_behavior__rosidl_typesupport_fastrtps_c.h
[1.921s] -- Up-to-date: /home/user/humble_ws/install/franka_msgs/include/franka_msgs/franka_msgs/srv/detail/set_full_collision_behavior__rosidl_typesupport_fastrtps_c.h
[1.922s] -- Up-to-date: /home/user/humble_ws/install/franka_msgs/include/franka_msgs/franka_msgs/srv/detail/set_stiffness_frame__rosidl_typesupport_fastrtps_c.h
[1.922s] -- Up-to-date: /home/user/humble_ws/install/franka_msgs/include/franka_msgs/franka_msgs/srv/detail/set_joint_stiffness__rosidl_typesupport_fastrtps_c.h
[1.922s] -- Up-to-date: /home/user/humble_ws/install/franka_msgs/include/franka_msgs/franka_msgs/srv/detail/set_tcp_frame__rosidl_typesupport_fastrtps_c.h
[1.923s] -- Up-to-date: /home/user/humble_ws/install/franka_msgs/include/franka_msgs/franka_msgs/srv/detail/error_recovery__rosidl_typesupport_fastrtps_c.h
[1.923s] -- Up-to-date: /home/user/humble_ws/install/franka_msgs/include/franka_msgs/franka_msgs/srv/detail/set_mujoco_poses__rosidl_typesupport_fastrtps_c.h
[1.923s] -- Up-to-date: /home/user/humble_ws/install/franka_msgs/include/franka_msgs/franka_msgs/srv/detail/set_load__rosidl_typesupport_fastrtps_c.h
[1.924s] -- Up-to-date: /home/user/humble_ws/install/franka_msgs/include/franka_msgs/franka_msgs/msg
[1.924s] -- Up-to-date: /home/user/humble_ws/install/franka_msgs/include/franka_msgs/franka_msgs/msg/detail
[1.925s] -- Up-to-date: /home/user/humble_ws/install/franka_msgs/include/franka_msgs/franka_msgs/msg/detail/pose_stamped_array__rosidl_typesupport_fastrtps_c.h
[1.925s] -- Up-to-date: /home/user/humble_ws/install/franka_msgs/include/franka_msgs/franka_msgs/msg/detail/franka_state__rosidl_typesupport_fastrtps_c.h
[1.925s] -- Up-to-date: /home/user/humble_ws/install/franka_msgs/include/franka_msgs/franka_msgs/msg/detail/grasp_epsilon__rosidl_typesupport_fastrtps_c.h
[1.925s] -- Up-to-date: /home/user/humble_ws/install/franka_msgs/include/franka_msgs/franka_msgs/msg/detail/franka_model__rosidl_typesupport_fastrtps_c.h
[1.925s] -- Up-to-date: /home/user/humble_ws/install/franka_msgs/include/franka_msgs/franka_msgs/msg/detail/errors__rosidl_typesupport_fastrtps_c.h
[1.925s] -- Up-to-date: /home/user/humble_ws/install/franka_msgs/include/franka_msgs/franka_msgs/msg/rosidl_typesupport_fastrtps_c__visibility_control.h
[1.925s] -- Up-to-date: /home/user/humble_ws/install/franka_msgs/lib/libfranka_msgs__rosidl_typesupport_fastrtps_c.so
[1.925s] -- Up-to-date: /home/user/humble_ws/install/franka_msgs/include/franka_msgs/franka_msgs
[1.926s] -- Up-to-date: /home/user/humble_ws/install/franka_msgs/include/franka_msgs/franka_msgs/action
[1.926s] -- Up-to-date: /home/user/humble_ws/install/franka_msgs/include/franka_msgs/franka_msgs/action/detail
[1.926s] -- Up-to-date: /home/user/humble_ws/install/franka_msgs/include/franka_msgs/franka_msgs/action/detail/move__rosidl_typesupport_introspection_c.h
[1.926s] -- Up-to-date: /home/user/humble_ws/install/franka_msgs/include/franka_msgs/franka_msgs/action/detail/grasp__type_support.c
[1.926s] -- Up-to-date: /home/user/humble_ws/install/franka_msgs/include/franka_msgs/franka_msgs/action/detail/move__type_support.c
[1.926s] -- Up-to-date: /home/user/humble_ws/install/franka_msgs/include/franka_msgs/franka_msgs/action/detail/homing__rosidl_typesupport_introspection_c.h
[1.926s] -- Up-to-date: /home/user/humble_ws/install/franka_msgs/include/franka_msgs/franka_msgs/action/detail/homing__type_support.c
[1.926s] -- Up-to-date: /home/user/humble_ws/install/franka_msgs/include/franka_msgs/franka_msgs/action/detail/grasp__rosidl_typesupport_introspection_c.h
[1.926s] -- Up-to-date: /home/user/humble_ws/install/franka_msgs/include/franka_msgs/franka_msgs/srv
[1.926s] -- Up-to-date: /home/user/humble_ws/install/franka_msgs/include/franka_msgs/franka_msgs/srv/detail
[1.927s] -- Up-to-date: /home/user/humble_ws/install/franka_msgs/include/franka_msgs/franka_msgs/srv/detail/set_stiffness_frame__type_support.c
[1.927s] -- Up-to-date: /home/user/humble_ws/install/franka_msgs/include/franka_msgs/franka_msgs/srv/detail/set_mujoco_poses__type_support.c
[1.927s] -- Up-to-date: /home/user/humble_ws/install/franka_msgs/include/franka_msgs/franka_msgs/srv/detail/set_joint_stiffness__type_support.c
[1.927s] -- Up-to-date: /home/user/humble_ws/install/franka_msgs/include/franka_msgs/franka_msgs/srv/detail/error_recovery__type_support.c
[1.927s] -- Up-to-date: /home/user/humble_ws/install/franka_msgs/include/franka_msgs/franka_msgs/srv/detail/set_full_collision_behavior__rosidl_typesupport_introspection_c.h
[1.927s] -- Up-to-date: /home/user/humble_ws/install/franka_msgs/include/franka_msgs/franka_msgs/srv/detail/set_force_torque_collision_behavior__rosidl_typesupport_introspection_c.h
[1.927s] -- Up-to-date: /home/user/humble_ws/install/franka_msgs/include/franka_msgs/franka_msgs/srv/detail/set_joint_stiffness__rosidl_typesupport_introspection_c.h
[1.927s] -- Up-to-date: /home/user/humble_ws/install/franka_msgs/include/franka_msgs/franka_msgs/srv/detail/set_load__rosidl_typesupport_introspection_c.h
[1.927s] -- Up-to-date: /home/user/humble_ws/install/franka_msgs/include/franka_msgs/franka_msgs/srv/detail/set_cartesian_stiffness__rosidl_typesupport_introspection_c.h
[1.928s] -- Up-to-date: /home/user/humble_ws/install/franka_msgs/include/franka_msgs/franka_msgs/srv/detail/error_recovery__rosidl_typesupport_introspection_c.h
[1.928s] -- Up-to-date: /home/user/humble_ws/install/franka_msgs/include/franka_msgs/franka_msgs/srv/detail/set_force_torque_collision_behavior__type_support.c
[1.928s] -- Up-to-date: /home/user/humble_ws/install/franka_msgs/include/franka_msgs/franka_msgs/srv/detail/set_tcp_frame__type_support.c
[1.928s] -- Up-to-date: /home/user/humble_ws/install/franka_msgs/include/franka_msgs/franka_msgs/srv/detail/set_stiffness_frame__rosidl_typesupport_introspection_c.h
[1.928s] -- Up-to-date: /home/user/humble_ws/install/franka_msgs/include/franka_msgs/franka_msgs/srv/detail/set_cartesian_stiffness__type_support.c
[1.928s] -- Up-to-date: /home/user/humble_ws/install/franka_msgs/include/franka_msgs/franka_msgs/srv/detail/set_load__type_support.c
[1.928s] -- Up-to-date: /home/user/humble_ws/install/franka_msgs/include/franka_msgs/franka_msgs/srv/detail/set_full_collision_behavior__type_support.c
[1.928s] -- Up-to-date: /home/user/humble_ws/install/franka_msgs/include/franka_msgs/franka_msgs/srv/detail/set_tcp_frame__rosidl_typesupport_introspection_c.h
[1.928s] -- Up-to-date: /home/user/humble_ws/install/franka_msgs/include/franka_msgs/franka_msgs/srv/detail/set_mujoco_poses__rosidl_typesupport_introspection_c.h
[1.929s] -- Up-to-date: /home/user/humble_ws/install/franka_msgs/include/franka_msgs/franka_msgs/msg
[1.929s] -- Up-to-date: /home/user/humble_ws/install/franka_msgs/include/franka_msgs/franka_msgs/msg/detail
[1.929s] -- Up-to-date: /home/user/humble_ws/install/franka_msgs/include/franka_msgs/franka_msgs/msg/detail/pose_stamped_array__rosidl_typesupport_introspection_c.h
[1.929s] -- Up-to-date: /home/user/humble_ws/install/franka_msgs/include/franka_msgs/franka_msgs/msg/detail/franka_model__type_support.c
[1.929s] -- Up-to-date: /home/user/humble_ws/install/franka_msgs/include/franka_msgs/franka_msgs/msg/detail/pose_stamped_array__type_support.c
[1.929s] -- Up-to-date: /home/user/humble_ws/install/franka_msgs/include/franka_msgs/franka_msgs/msg/detail/grasp_epsilon__rosidl_typesupport_introspection_c.h
[1.929s] -- Up-to-date: /home/user/humble_ws/install/franka_msgs/include/franka_msgs/franka_msgs/msg/detail/franka_state__rosidl_typesupport_introspection_c.h
[1.929s] -- Up-to-date: /home/user/humble_ws/install/franka_msgs/include/franka_msgs/franka_msgs/msg/detail/grasp_epsilon__type_support.c
[1.929s] -- Up-to-date: /home/user/humble_ws/install/franka_msgs/include/franka_msgs/franka_msgs/msg/detail/errors__rosidl_typesupport_introspection_c.h
[1.929s] -- Up-to-date: /home/user/humble_ws/install/franka_msgs/include/franka_msgs/franka_msgs/msg/detail/franka_model__rosidl_typesupport_introspection_c.h
[1.930s] -- Up-to-date: /home/user/humble_ws/install/franka_msgs/include/franka_msgs/franka_msgs/msg/detail/errors__type_support.c
[1.930s] -- Up-to-date: /home/user/humble_ws/install/franka_msgs/include/franka_msgs/franka_msgs/msg/detail/franka_state__type_support.c
[1.930s] -- Up-to-date: /home/user/humble_ws/install/franka_msgs/include/franka_msgs/franka_msgs/msg/rosidl_typesupport_introspection_c__visibility_control.h
[1.930s] -- Up-to-date: /home/user/humble_ws/install/franka_msgs/lib/libfranka_msgs__rosidl_typesupport_introspection_c.so
[1.930s] -- Up-to-date: /home/user/humble_ws/install/franka_msgs/lib/libfranka_msgs__rosidl_typesupport_c.so
[1.930s] -- Up-to-date: /home/user/humble_ws/install/franka_msgs/include/franka_msgs/franka_msgs
[1.930s] -- Up-to-date: /home/user/humble_ws/install/franka_msgs/include/franka_msgs/franka_msgs/action
[1.930s] -- Up-to-date: /home/user/humble_ws/install/franka_msgs/include/franka_msgs/franka_msgs/action/move.hpp
[1.930s] -- Up-to-date: /home/user/humble_ws/install/franka_msgs/include/franka_msgs/franka_msgs/action/detail
[1.930s] -- Up-to-date: /home/user/humble_ws/install/franka_msgs/include/franka_msgs/franka_msgs/action/detail/homing__struct.hpp
[1.931s] -- Up-to-date: /home/user/humble_ws/install/franka_msgs/include/franka_msgs/franka_msgs/action/detail/homing__traits.hpp
[1.931s] -- Up-to-date: /home/user/humble_ws/install/franka_msgs/include/franka_msgs/franka_msgs/action/detail/grasp__traits.hpp
[1.931s] -- Up-to-date: /home/user/humble_ws/install/franka_msgs/include/franka_msgs/franka_msgs/action/detail/grasp__struct.hpp
[1.931s] -- Up-to-date: /home/user/humble_ws/install/franka_msgs/include/franka_msgs/franka_msgs/action/detail/homing__builder.hpp
[1.931s] -- Up-to-date: /home/user/humble_ws/install/franka_msgs/include/franka_msgs/franka_msgs/action/detail/move__traits.hpp
[1.931s] -- Up-to-date: /home/user/humble_ws/install/franka_msgs/include/franka_msgs/franka_msgs/action/detail/grasp__builder.hpp
[1.931s] -- Up-to-date: /home/user/humble_ws/install/franka_msgs/include/franka_msgs/franka_msgs/action/detail/move__builder.hpp
[1.931s] -- Up-to-date: /home/user/humble_ws/install/franka_msgs/include/franka_msgs/franka_msgs/action/detail/move__struct.hpp
[1.931s] -- Up-to-date: /home/user/humble_ws/install/franka_msgs/include/franka_msgs/franka_msgs/action/grasp.hpp
[1.931s] -- Up-to-date: /home/user/humble_ws/install/franka_msgs/include/franka_msgs/franka_msgs/action/homing.hpp
[1.931s] -- Up-to-date: /home/user/humble_ws/install/franka_msgs/include/franka_msgs/franka_msgs/srv
[1.932s] -- Up-to-date: /home/user/humble_ws/install/franka_msgs/include/franka_msgs/franka_msgs/srv/error_recovery.hpp
[1.932s] -- Up-to-date: /home/user/humble_ws/install/franka_msgs/include/franka_msgs/franka_msgs/srv/detail
[1.932s] -- Up-to-date: /home/user/humble_ws/install/franka_msgs/include/franka_msgs/franka_msgs/srv/detail/set_joint_stiffness__struct.hpp
[1.932s] -- Up-to-date: /home/user/humble_ws/install/franka_msgs/include/franka_msgs/franka_msgs/srv/detail/set_full_collision_behavior__builder.hpp
[1.932s] -- Up-to-date: /home/user/humble_ws/install/franka_msgs/include/franka_msgs/franka_msgs/srv/detail/set_mujoco_poses__traits.hpp
[1.932s] -- Up-to-date: /home/user/humble_ws/install/franka_msgs/include/franka_msgs/franka_msgs/srv/detail/set_force_torque_collision_behavior__traits.hpp
[1.932s] -- Up-to-date: /home/user/humble_ws/install/franka_msgs/include/franka_msgs/franka_msgs/srv/detail/set_cartesian_stiffness__traits.hpp
[1.932s] -- Up-to-date: /home/user/humble_ws/install/franka_msgs/include/franka_msgs/franka_msgs/srv/detail/set_stiffness_frame__traits.hpp
[1.932s] -- Up-to-date: /home/user/humble_ws/install/franka_msgs/include/franka_msgs/franka_msgs/srv/detail/set_force_torque_collision_behavior__struct.hpp
[1.932s] -- Up-to-date: /home/user/humble_ws/install/franka_msgs/include/franka_msgs/franka_msgs/srv/detail/set_tcp_frame__struct.hpp
[1.932s] -- Up-to-date: /home/user/humble_ws/install/franka_msgs/include/franka_msgs/franka_msgs/srv/detail/error_recovery__builder.hpp
[1.933s] -- Up-to-date: /home/user/humble_ws/install/franka_msgs/include/franka_msgs/franka_msgs/srv/detail/set_load__traits.hpp
[1.933s] -- Up-to-date: /home/user/humble_ws/install/franka_msgs/include/franka_msgs/franka_msgs/srv/detail/set_joint_stiffness__builder.hpp
[1.933s] -- Up-to-date: /home/user/humble_ws/install/franka_msgs/include/franka_msgs/franka_msgs/srv/detail/set_load__struct.hpp
[1.933s] -- Up-to-date: /home/user/humble_ws/install/franka_msgs/include/franka_msgs/franka_msgs/srv/detail/set_stiffness_frame__struct.hpp
[1.933s] -- Up-to-date: /home/user/humble_ws/install/franka_msgs/include/franka_msgs/franka_msgs/srv/detail/set_tcp_frame__builder.hpp
[1.933s] -- Up-to-date: /home/user/humble_ws/install/franka_msgs/include/franka_msgs/franka_msgs/srv/detail/set_mujoco_poses__struct.hpp
[1.933s] -- Up-to-date: /home/user/humble_ws/install/franka_msgs/include/franka_msgs/franka_msgs/srv/detail/set_full_collision_behavior__struct.hpp
[1.933s] -- Up-to-date: /home/user/humble_ws/install/franka_msgs/include/franka_msgs/franka_msgs/srv/detail/set_cartesian_stiffness__builder.hpp
[1.933s] -- Up-to-date: /home/user/humble_ws/install/franka_msgs/include/franka_msgs/franka_msgs/srv/detail/set_cartesian_stiffness__struct.hpp
[1.933s] -- Up-to-date: /home/user/humble_ws/install/franka_msgs/include/franka_msgs/franka_msgs/srv/detail/set_joint_stiffness__traits.hpp
[1.933s] -- Up-to-date: /home/user/humble_ws/install/franka_msgs/include/franka_msgs/franka_msgs/srv/detail/set_force_torque_collision_behavior__builder.hpp
[1.933s] -- Up-to-date: /home/user/humble_ws/install/franka_msgs/include/franka_msgs/franka_msgs/srv/detail/error_recovery__traits.hpp
[1.934s] -- Up-to-date: /home/user/humble_ws/install/franka_msgs/include/franka_msgs/franka_msgs/srv/detail/set_full_collision_behavior__traits.hpp
[1.934s] -- Up-to-date: /home/user/humble_ws/install/franka_msgs/include/franka_msgs/franka_msgs/srv/detail/set_tcp_frame__traits.hpp
[1.934s] -- Up-to-date: /home/user/humble_ws/install/franka_msgs/include/franka_msgs/franka_msgs/srv/detail/set_mujoco_poses__builder.hpp
[1.934s] -- Up-to-date: /home/user/humble_ws/install/franka_msgs/include/franka_msgs/franka_msgs/srv/detail/set_stiffness_frame__builder.hpp
[1.934s] -- Up-to-date: /home/user/humble_ws/install/franka_msgs/include/franka_msgs/franka_msgs/srv/detail/set_load__builder.hpp
[1.934s] -- Up-to-date: /home/user/humble_ws/install/franka_msgs/include/franka_msgs/franka_msgs/srv/detail/error_recovery__struct.hpp
[1.934s] -- Up-to-date: /home/user/humble_ws/install/franka_msgs/include/franka_msgs/franka_msgs/srv/set_cartesian_stiffness.hpp
[1.934s] -- Up-to-date: /home/user/humble_ws/install/franka_msgs/include/franka_msgs/franka_msgs/srv/set_joint_stiffness.hpp
[1.934s] -- Up-to-date: /home/user/humble_ws/install/franka_msgs/include/franka_msgs/franka_msgs/srv/set_force_torque_collision_behavior.hpp
[1.934s] -- Up-to-date: /home/user/humble_ws/install/franka_msgs/include/franka_msgs/franka_msgs/srv/set_load.hpp
[1.934s] -- Up-to-date: /home/user/humble_ws/install/franka_msgs/include/franka_msgs/franka_msgs/srv/set_stiffness_frame.hpp
[1.935s] -- Up-to-date: /home/user/humble_ws/install/franka_msgs/include/franka_msgs/franka_msgs/srv/set_tcp_frame.hpp
[1.935s] -- Up-to-date: /home/user/humble_ws/install/franka_msgs/include/franka_msgs/franka_msgs/srv/set_mujoco_poses.hpp
[1.935s] -- Up-to-date: /home/user/humble_ws/install/franka_msgs/include/franka_msgs/franka_msgs/srv/set_full_collision_behavior.hpp
[1.935s] -- Up-to-date: /home/user/humble_ws/install/franka_msgs/include/franka_msgs/franka_msgs/msg
[1.935s] -- Up-to-date: /home/user/humble_ws/install/franka_msgs/include/franka_msgs/franka_msgs/msg/grasp_epsilon.hpp
[1.935s] -- Up-to-date: /home/user/humble_ws/install/franka_msgs/include/franka_msgs/franka_msgs/msg/errors.hpp
[1.935s] -- Up-to-date: /home/user/humble_ws/install/franka_msgs/include/franka_msgs/franka_msgs/msg/detail
[1.935s] -- Up-to-date: /home/user/humble_ws/install/franka_msgs/include/franka_msgs/franka_msgs/msg/detail/franka_model__traits.hpp
[1.935s] -- Up-to-date: /home/user/humble_ws/install/franka_msgs/include/franka_msgs/franka_msgs/msg/detail/pose_stamped_array__traits.hpp
[1.935s] -- Up-to-date: /home/user/humble_ws/install/franka_msgs/include/franka_msgs/franka_msgs/msg/detail/franka_state__builder.hpp
[1.936s] -- Up-to-date: /home/user/humble_ws/install/franka_msgs/include/franka_msgs/franka_msgs/msg/detail/grasp_epsilon__traits.hpp
[1.936s] -- Up-to-date: /home/user/humble_ws/install/franka_msgs/include/franka_msgs/franka_msgs/msg/detail/franka_state__traits.hpp
[1.936s] -- Up-to-date: /home/user/humble_ws/install/franka_msgs/include/franka_msgs/franka_msgs/msg/detail/franka_state__struct.hpp
[1.936s] -- Up-to-date: /home/user/humble_ws/install/franka_msgs/include/franka_msgs/franka_msgs/msg/detail/errors__builder.hpp
[1.936s] -- Up-to-date: /home/user/humble_ws/install/franka_msgs/include/franka_msgs/franka_msgs/msg/detail/errors__traits.hpp
[1.936s] -- Up-to-date: /home/user/humble_ws/install/franka_msgs/include/franka_msgs/franka_msgs/msg/detail/franka_model__struct.hpp
[1.936s] -- Up-to-date: /home/user/humble_ws/install/franka_msgs/include/franka_msgs/franka_msgs/msg/detail/pose_stamped_array__builder.hpp
[1.936s] -- Up-to-date: /home/user/humble_ws/install/franka_msgs/include/franka_msgs/franka_msgs/msg/detail/errors__struct.hpp
[1.936s] -- Up-to-date: /home/user/humble_ws/install/franka_msgs/include/franka_msgs/franka_msgs/msg/detail/grasp_epsilon__builder.hpp
[1.936s] -- Up-to-date: /home/user/humble_ws/install/franka_msgs/include/franka_msgs/franka_msgs/msg/detail/franka_model__builder.hpp
[1.937s] -- Up-to-date: /home/user/humble_ws/install/franka_msgs/include/franka_msgs/franka_msgs/msg/detail/pose_stamped_array__struct.hpp
[1.937s] -- Up-to-date: /home/user/humble_ws/install/franka_msgs/include/franka_msgs/franka_msgs/msg/detail/grasp_epsilon__struct.hpp
[1.937s] -- Up-to-date: /home/user/humble_ws/install/franka_msgs/include/franka_msgs/franka_msgs/msg/pose_stamped_array.hpp
[1.937s] -- Up-to-date: /home/user/humble_ws/install/franka_msgs/include/franka_msgs/franka_msgs/msg/franka_state.hpp
[1.937s] -- Up-to-date: /home/user/humble_ws/install/franka_msgs/include/franka_msgs/franka_msgs/msg/franka_model.hpp
[1.937s] -- Up-to-date: /home/user/humble_ws/install/franka_msgs/include/franka_msgs/franka_msgs
[1.937s] -- Up-to-date: /home/user/humble_ws/install/franka_msgs/include/franka_msgs/franka_msgs/action
[1.937s] -- Up-to-date: /home/user/humble_ws/install/franka_msgs/include/franka_msgs/franka_msgs/action/detail
[1.937s] -- Up-to-date: /home/user/humble_ws/install/franka_msgs/include/franka_msgs/franka_msgs/action/detail/dds_fastrtps
[1.937s] -- Up-to-date: /home/user/humble_ws/install/franka_msgs/include/franka_msgs/franka_msgs/action/detail/grasp__rosidl_typesupport_fastrtps_cpp.hpp
[1.938s] -- Up-to-date: /home/user/humble_ws/install/franka_msgs/include/franka_msgs/franka_msgs/action/detail/move__rosidl_typesupport_fastrtps_cpp.hpp
[1.938s] -- Up-to-date: /home/user/humble_ws/install/franka_msgs/include/franka_msgs/franka_msgs/action/detail/homing__rosidl_typesupport_fastrtps_cpp.hpp
[1.938s] -- Up-to-date: /home/user/humble_ws/install/franka_msgs/include/franka_msgs/franka_msgs/srv
[1.938s] -- Up-to-date: /home/user/humble_ws/install/franka_msgs/include/franka_msgs/franka_msgs/srv/detail
[1.938s] -- Up-to-date: /home/user/humble_ws/install/franka_msgs/include/franka_msgs/franka_msgs/srv/detail/dds_fastrtps
[1.938s] -- Up-to-date: /home/user/humble_ws/install/franka_msgs/include/franka_msgs/franka_msgs/srv/detail/set_stiffness_frame__rosidl_typesupport_fastrtps_cpp.hpp
[1.938s] -- Up-to-date: /home/user/humble_ws/install/franka_msgs/include/franka_msgs/franka_msgs/srv/detail/set_joint_stiffness__rosidl_typesupport_fastrtps_cpp.hpp
[1.938s] -- Up-to-date: /home/user/humble_ws/install/franka_msgs/include/franka_msgs/franka_msgs/srv/detail/set_load__rosidl_typesupport_fastrtps_cpp.hpp
[1.938s] -- Up-to-date: /home/user/humble_ws/install/franka_msgs/include/franka_msgs/franka_msgs/srv/detail/error_recovery__rosidl_typesupport_fastrtps_cpp.hpp
[1.938s] -- Up-to-date: /home/user/humble_ws/install/franka_msgs/include/franka_msgs/franka_msgs/srv/detail/set_full_collision_behavior__rosidl_typesupport_fastrtps_cpp.hpp
[1.938s] -- Up-to-date: /home/user/humble_ws/install/franka_msgs/include/franka_msgs/franka_msgs/srv/detail/set_mujoco_poses__rosidl_typesupport_fastrtps_cpp.hpp
[1.939s] -- Up-to-date: /home/user/humble_ws/install/franka_msgs/include/franka_msgs/franka_msgs/srv/detail/set_tcp_frame__rosidl_typesupport_fastrtps_cpp.hpp
[1.939s] -- Up-to-date: /home/user/humble_ws/install/franka_msgs/include/franka_msgs/franka_msgs/srv/detail/set_force_torque_collision_behavior__rosidl_typesupport_fastrtps_cpp.hpp
[1.939s] -- Up-to-date: /home/user/humble_ws/install/franka_msgs/include/franka_msgs/franka_msgs/srv/detail/set_cartesian_stiffness__rosidl_typesupport_fastrtps_cpp.hpp
[1.939s] -- Up-to-date: /home/user/humble_ws/install/franka_msgs/include/franka_msgs/franka_msgs/msg
[1.939s] -- Up-to-date: /home/user/humble_ws/install/franka_msgs/include/franka_msgs/franka_msgs/msg/detail
[1.939s] -- Up-to-date: /home/user/humble_ws/install/franka_msgs/include/franka_msgs/franka_msgs/msg/detail/pose_stamped_array__rosidl_typesupport_fastrtps_cpp.hpp
[1.939s] -- Up-to-date: /home/user/humble_ws/install/franka_msgs/include/franka_msgs/franka_msgs/msg/detail/grasp_epsilon__rosidl_typesupport_fastrtps_cpp.hpp
[1.939s] -- Up-to-date: /home/user/humble_ws/install/franka_msgs/include/franka_msgs/franka_msgs/msg/detail/dds_fastrtps
[1.939s] -- Up-to-date: /home/user/humble_ws/install/franka_msgs/include/franka_msgs/franka_msgs/msg/detail/franka_model__rosidl_typesupport_fastrtps_cpp.hpp
[1.939s] -- Up-to-date: /home/user/humble_ws/install/franka_msgs/include/franka_msgs/franka_msgs/msg/detail/franka_state__rosidl_typesupport_fastrtps_cpp.hpp
[1.939s] -- Up-to-date: /home/user/humble_ws/install/franka_msgs/include/franka_msgs/franka_msgs/msg/detail/errors__rosidl_typesupport_fastrtps_cpp.hpp
[1.940s] -- Up-to-date: /home/user/humble_ws/install/franka_msgs/include/franka_msgs/franka_msgs/msg/rosidl_typesupport_fastrtps_cpp__visibility_control.h
[1.940s] -- Up-to-date: /home/user/humble_ws/install/franka_msgs/lib/libfranka_msgs__rosidl_typesupport_fastrtps_cpp.so
[1.940s] -- Up-to-date: /home/user/humble_ws/install/franka_msgs/include/franka_msgs/franka_msgs
[1.940s] -- Up-to-date: /home/user/humble_ws/install/franka_msgs/include/franka_msgs/franka_msgs/action
[1.940s] -- Up-to-date: /home/user/humble_ws/install/franka_msgs/include/franka_msgs/franka_msgs/action/detail
[1.940s] -- Up-to-date: /home/user/humble_ws/install/franka_msgs/include/franka_msgs/franka_msgs/action/detail/homing__type_support.cpp
[1.940s] -- Up-to-date: /home/user/humble_ws/install/franka_msgs/include/franka_msgs/franka_msgs/action/detail/move__type_support.cpp
[1.940s] -- Up-to-date: /home/user/humble_ws/install/franka_msgs/include/franka_msgs/franka_msgs/action/detail/homing__rosidl_typesupport_introspection_cpp.hpp
[1.940s] -- Up-to-date: /home/user/humble_ws/install/franka_msgs/include/franka_msgs/franka_msgs/action/detail/grasp__rosidl_typesupport_introspection_cpp.hpp
[1.940s] -- Up-to-date: /home/user/humble_ws/install/franka_msgs/include/franka_msgs/franka_msgs/action/detail/move__rosidl_typesupport_introspection_cpp.hpp
[1.940s] -- Up-to-date: /home/user/humble_ws/install/franka_msgs/include/franka_msgs/franka_msgs/action/detail/grasp__type_support.cpp
[1.941s] -- Up-to-date: /home/user/humble_ws/install/franka_msgs/include/franka_msgs/franka_msgs/srv
[1.941s] -- Up-to-date: /home/user/humble_ws/install/franka_msgs/include/franka_msgs/franka_msgs/srv/detail
[1.941s] -- Up-to-date: /home/user/humble_ws/install/franka_msgs/include/franka_msgs/franka_msgs/srv/detail/error_recovery__rosidl_typesupport_introspection_cpp.hpp
[1.941s] -- Up-to-date: /home/user/humble_ws/install/franka_msgs/include/franka_msgs/franka_msgs/srv/detail/set_tcp_frame__rosidl_typesupport_introspection_cpp.hpp
[1.941s] -- Up-to-date: /home/user/humble_ws/install/franka_msgs/include/franka_msgs/franka_msgs/srv/detail/set_tcp_frame__type_support.cpp
[1.941s] -- Up-to-date: /home/user/humble_ws/install/franka_msgs/include/franka_msgs/franka_msgs/srv/detail/set_full_collision_behavior__rosidl_typesupport_introspection_cpp.hpp
[1.941s] -- Up-to-date: /home/user/humble_ws/install/franka_msgs/include/franka_msgs/franka_msgs/srv/detail/set_cartesian_stiffness__rosidl_typesupport_introspection_cpp.hpp
[1.941s] -- Up-to-date: /home/user/humble_ws/install/franka_msgs/include/franka_msgs/franka_msgs/srv/detail/set_stiffness_frame__rosidl_typesupport_introspection_cpp.hpp
[1.941s] -- Up-to-date: /home/user/humble_ws/install/franka_msgs/include/franka_msgs/franka_msgs/srv/detail/error_recovery__type_support.cpp
[1.941s] -- Up-to-date: /home/user/humble_ws/install/franka_msgs/include/franka_msgs/franka_msgs/srv/detail/set_joint_stiffness__rosidl_typesupport_introspection_cpp.hpp
[1.942s] -- Up-to-date: /home/user/humble_ws/install/franka_msgs/include/franka_msgs/franka_msgs/srv/detail/set_force_torque_collision_behavior__rosidl_typesupport_introspection_cpp.hpp
[1.942s] -- Up-to-date: /home/user/humble_ws/install/franka_msgs/include/franka_msgs/franka_msgs/srv/detail/set_mujoco_poses__type_support.cpp
[1.942s] -- Up-to-date: /home/user/humble_ws/install/franka_msgs/include/franka_msgs/franka_msgs/srv/detail/set_stiffness_frame__type_support.cpp
[1.942s] -- Up-to-date: /home/user/humble_ws/install/franka_msgs/include/franka_msgs/franka_msgs/srv/detail/set_load__type_support.cpp
[1.942s] -- Up-to-date: /home/user/humble_ws/install/franka_msgs/include/franka_msgs/franka_msgs/srv/detail/set_full_collision_behavior__type_support.cpp
[1.942s] -- Up-to-date: /home/user/humble_ws/install/franka_msgs/include/franka_msgs/franka_msgs/srv/detail/set_cartesian_stiffness__type_support.cpp
[1.942s] -- Up-to-date: /home/user/humble_ws/install/franka_msgs/include/franka_msgs/franka_msgs/srv/detail/set_mujoco_poses__rosidl_typesupport_introspection_cpp.hpp
[1.942s] -- Up-to-date: /home/user/humble_ws/install/franka_msgs/include/franka_msgs/franka_msgs/srv/detail/set_joint_stiffness__type_support.cpp
[1.942s] -- Up-to-date: /home/user/humble_ws/install/franka_msgs/include/franka_msgs/franka_msgs/srv/detail/set_force_torque_collision_behavior__type_support.cpp
[1.942s] -- Up-to-date: /home/user/humble_ws/install/franka_msgs/include/franka_msgs/franka_msgs/srv/detail/set_load__rosidl_typesupport_introspection_cpp.hpp
[1.942s] -- Up-to-date: /home/user/humble_ws/install/franka_msgs/include/franka_msgs/franka_msgs/msg
[1.942s] -- Up-to-date: /home/user/humble_ws/install/franka_msgs/include/franka_msgs/franka_msgs/msg/detail
[1.943s] -- Up-to-date: /home/user/humble_ws/install/franka_msgs/include/franka_msgs/franka_msgs/msg/detail/pose_stamped_array__rosidl_typesupport_introspection_cpp.hpp
[1.943s] -- Up-to-date: /home/user/humble_ws/install/franka_msgs/include/franka_msgs/franka_msgs/msg/detail/franka_state__type_support.cpp
[1.943s] -- Up-to-date: /home/user/humble_ws/install/franka_msgs/include/franka_msgs/franka_msgs/msg/detail/franka_state__rosidl_typesupport_introspection_cpp.hpp
[1.943s] -- Up-to-date: /home/user/humble_ws/install/franka_msgs/include/franka_msgs/franka_msgs/msg/detail/franka_model__rosidl_typesupport_introspection_cpp.hpp
[1.943s] -- Up-to-date: /home/user/humble_ws/install/franka_msgs/include/franka_msgs/franka_msgs/msg/detail/grasp_epsilon__type_support.cpp
[1.943s] -- Up-to-date: /home/user/humble_ws/install/franka_msgs/include/franka_msgs/franka_msgs/msg/detail/franka_model__type_support.cpp
[1.943s] -- Up-to-date: /home/user/humble_ws/install/franka_msgs/include/franka_msgs/franka_msgs/msg/detail/grasp_epsilon__rosidl_typesupport_introspection_cpp.hpp
[1.943s] -- Up-to-date: /home/user/humble_ws/install/franka_msgs/include/franka_msgs/franka_msgs/msg/detail/pose_stamped_array__type_support.cpp
[1.943s] -- Up-to-date: /home/user/humble_ws/install/franka_msgs/include/franka_msgs/franka_msgs/msg/detail/errors__rosidl_typesupport_introspection_cpp.hpp
[1.943s] -- Up-to-date: /home/user/humble_ws/install/franka_msgs/include/franka_msgs/franka_msgs/msg/detail/errors__type_support.cpp
[1.944s] -- Up-to-date: /home/user/humble_ws/install/franka_msgs/lib/libfranka_msgs__rosidl_typesupport_introspection_cpp.so
[1.944s] -- Up-to-date: /home/user/humble_ws/install/franka_msgs/lib/libfranka_msgs__rosidl_typesupport_cpp.so
[1.944s] -- Up-to-date: /home/user/humble_ws/install/franka_msgs/share/franka_msgs/environment/pythonpath.sh
[1.944s] -- Up-to-date: /home/user/humble_ws/install/franka_msgs/share/franka_msgs/environment/pythonpath.dsv
[1.944s] -- Up-to-date: /home/user/humble_ws/install/franka_msgs/local/lib/python3.10/dist-packages/franka_msgs-0.0.0-py3.10.egg-info
[1.944s] -- Installing: /home/user/humble_ws/install/franka_msgs/local/lib/python3.10/dist-packages/franka_msgs-0.0.0-py3.10.egg-info/top_level.txt
[1.944s] -- Installing: /home/user/humble_ws/install/franka_msgs/local/lib/python3.10/dist-packages/franka_msgs-0.0.0-py3.10.egg-info/dependency_links.txt
[1.944s] -- Installing: /home/user/humble_ws/install/franka_msgs/local/lib/python3.10/dist-packages/franka_msgs-0.0.0-py3.10.egg-info/SOURCES.txt
[1.944s] -- Installing: /home/user/humble_ws/install/franka_msgs/local/lib/python3.10/dist-packages/franka_msgs-0.0.0-py3.10.egg-info/PKG-INFO
[1.944s] -- Up-to-date: /home/user/humble_ws/install/franka_msgs/local/lib/python3.10/dist-packages/franka_msgs
[1.944s] -- Up-to-date: /home/user/humble_ws/install/franka_msgs/local/lib/python3.10/dist-packages/franka_msgs/action
[1.945s] -- Up-to-date: /home/user/humble_ws/install/franka_msgs/local/lib/python3.10/dist-packages/franka_msgs/action/_homing_s.c
[1.945s] -- Up-to-date: /home/user/humble_ws/install/franka_msgs/local/lib/python3.10/dist-packages/franka_msgs/action/_homing.py
[1.945s] -- Up-to-date: /home/user/humble_ws/install/franka_msgs/local/lib/python3.10/dist-packages/franka_msgs/action/_grasp_s.c
[1.945s] -- Up-to-date: /home/user/humble_ws/install/franka_msgs/local/lib/python3.10/dist-packages/franka_msgs/action/_move.py
[1.945s] -- Up-to-date: /home/user/humble_ws/install/franka_msgs/local/lib/python3.10/dist-packages/franka_msgs/action/_grasp.py
[1.945s] -- Up-to-date: /home/user/humble_ws/install/franka_msgs/local/lib/python3.10/dist-packages/franka_msgs/action/_move_s.c
[1.945s] -- Up-to-date: /home/user/humble_ws/install/franka_msgs/local/lib/python3.10/dist-packages/franka_msgs/action/__init__.py
[1.945s] -- Up-to-date: /home/user/humble_ws/install/franka_msgs/local/lib/python3.10/dist-packages/franka_msgs/franka_msgs_s__rosidl_typesupport_introspection_c.cpython-310-x86_64-linux-gnu.so
[1.945s] -- Up-to-date: /home/user/humble_ws/install/franka_msgs/local/lib/python3.10/dist-packages/franka_msgs/franka_msgs_s__rosidl_typesupport_c.cpython-310-x86_64-linux-gnu.so
[1.945s] -- Up-to-date: /home/user/humble_ws/install/franka_msgs/local/lib/python3.10/dist-packages/franka_msgs/_franka_msgs_s.ep.rosidl_typesupport_fastrtps_c.c
[1.945s] -- Up-to-date: /home/user/humble_ws/install/franka_msgs/local/lib/python3.10/dist-packages/franka_msgs/_franka_msgs_s.ep.rosidl_typesupport_c.c
[1.945s] -- Up-to-date: /home/user/humble_ws/install/franka_msgs/local/lib/python3.10/dist-packages/franka_msgs/srv
[1.946s] -- Up-to-date: /home/user/humble_ws/install/franka_msgs/local/lib/python3.10/dist-packages/franka_msgs/srv/_set_joint_stiffness.py
[1.946s] -- Up-to-date: /home/user/humble_ws/install/franka_msgs/local/lib/python3.10/dist-packages/franka_msgs/srv/_set_mujoco_poses.py
[1.946s] -- Up-to-date: /home/user/humble_ws/install/franka_msgs/local/lib/python3.10/dist-packages/franka_msgs/srv/_set_cartesian_stiffness_s.c
[1.946s] -- Up-to-date: /home/user/humble_ws/install/franka_msgs/local/lib/python3.10/dist-packages/franka_msgs/srv/_set_load.py
[1.946s] -- Up-to-date: /home/user/humble_ws/install/franka_msgs/local/lib/python3.10/dist-packages/franka_msgs/srv/_set_full_collision_behavior.py
[1.946s] -- Up-to-date: /home/user/humble_ws/install/franka_msgs/local/lib/python3.10/dist-packages/franka_msgs/srv/_error_recovery.py
[1.946s] -- Up-to-date: /home/user/humble_ws/install/franka_msgs/local/lib/python3.10/dist-packages/franka_msgs/srv/_set_mujoco_poses_s.c
[1.946s] -- Up-to-date: /home/user/humble_ws/install/franka_msgs/local/lib/python3.10/dist-packages/franka_msgs/srv/_set_cartesian_stiffness.py
[1.946s] -- Up-to-date: /home/user/humble_ws/install/franka_msgs/local/lib/python3.10/dist-packages/franka_msgs/srv/_set_load_s.c
[1.946s] -- Up-to-date: /home/user/humble_ws/install/franka_msgs/local/lib/python3.10/dist-packages/franka_msgs/srv/_set_joint_stiffness_s.c
[1.946s] -- Up-to-date: /home/user/humble_ws/install/franka_msgs/local/lib/python3.10/dist-packages/franka_msgs/srv/_set_stiffness_frame_s.c
[1.947s] -- Up-to-date: /home/user/humble_ws/install/franka_msgs/local/lib/python3.10/dist-packages/franka_msgs/srv/_set_stiffness_frame.py
[1.947s] -- Up-to-date: /home/user/humble_ws/install/franka_msgs/local/lib/python3.10/dist-packages/franka_msgs/srv/_set_tcp_frame_s.c
[1.947s] -- Up-to-date: /home/user/humble_ws/install/franka_msgs/local/lib/python3.10/dist-packages/franka_msgs/srv/_error_recovery_s.c
[1.947s] -- Up-to-date: /home/user/humble_ws/install/franka_msgs/local/lib/python3.10/dist-packages/franka_msgs/srv/_set_tcp_frame.py
[1.947s] -- Up-to-date: /home/user/humble_ws/install/franka_msgs/local/lib/python3.10/dist-packages/franka_msgs/srv/__init__.py
[1.947s] -- Up-to-date: /home/user/humble_ws/install/franka_msgs/local/lib/python3.10/dist-packages/franka_msgs/srv/_set_force_torque_collision_behavior_s.c
[1.947s] -- Up-to-date: /home/user/humble_ws/install/franka_msgs/local/lib/python3.10/dist-packages/franka_msgs/srv/_set_force_torque_collision_behavior.py
[1.947s] -- Up-to-date: /home/user/humble_ws/install/franka_msgs/local/lib/python3.10/dist-packages/franka_msgs/srv/_set_full_collision_behavior_s.c
[1.947s] -- Up-to-date: /home/user/humble_ws/install/franka_msgs/local/lib/python3.10/dist-packages/franka_msgs/msg
[1.947s] -- Up-to-date: /home/user/humble_ws/install/franka_msgs/local/lib/python3.10/dist-packages/franka_msgs/msg/_grasp_epsilon.py
[1.947s] -- Up-to-date: /home/user/humble_ws/install/franka_msgs/local/lib/python3.10/dist-packages/franka_msgs/msg/_grasp_epsilon_s.c
[1.947s] -- Up-to-date: /home/user/humble_ws/install/franka_msgs/local/lib/python3.10/dist-packages/franka_msgs/msg/_franka_state.py
[1.948s] -- Up-to-date: /home/user/humble_ws/install/franka_msgs/local/lib/python3.10/dist-packages/franka_msgs/msg/_pose_stamped_array_s.c
[1.948s] -- Up-to-date: /home/user/humble_ws/install/franka_msgs/local/lib/python3.10/dist-packages/franka_msgs/msg/_franka_model.py
[1.948s] -- Up-to-date: /home/user/humble_ws/install/franka_msgs/local/lib/python3.10/dist-packages/franka_msgs/msg/_franka_model_s.c
[1.948s] -- Up-to-date: /home/user/humble_ws/install/franka_msgs/local/lib/python3.10/dist-packages/franka_msgs/msg/_errors.py
[1.948s] -- Up-to-date: /home/user/humble_ws/install/franka_msgs/local/lib/python3.10/dist-packages/franka_msgs/msg/_franka_state_s.c
[1.948s] -- Up-to-date: /home/user/humble_ws/install/franka_msgs/local/lib/python3.10/dist-packages/franka_msgs/msg/_pose_stamped_array.py
[1.948s] -- Up-to-date: /home/user/humble_ws/install/franka_msgs/local/lib/python3.10/dist-packages/franka_msgs/msg/_errors_s.c
[1.948s] -- Up-to-date: /home/user/humble_ws/install/franka_msgs/local/lib/python3.10/dist-packages/franka_msgs/msg/__init__.py
[1.948s] -- Up-to-date: /home/user/humble_ws/install/franka_msgs/local/lib/python3.10/dist-packages/franka_msgs/franka_msgs_s__rosidl_typesupport_fastrtps_c.cpython-310-x86_64-linux-gnu.so
[1.948s] -- Up-to-date: /home/user/humble_ws/install/franka_msgs/local/lib/python3.10/dist-packages/franka_msgs/_franka_msgs_s.ep.rosidl_typesupport_introspection_c.c
[1.948s] -- Up-to-date: /home/user/humble_ws/install/franka_msgs/local/lib/python3.10/dist-packages/franka_msgs/libfranka_msgs__rosidl_generator_py.so
[1.948s] -- Up-to-date: /home/user/humble_ws/install/franka_msgs/local/lib/python3.10/dist-packages/franka_msgs/__init__.py
[1.999s] Listing '/home/user/humble_ws/install/franka_msgs/local/lib/python3.10/dist-packages/franka_msgs'...
[2.000s] Listing '/home/user/humble_ws/install/franka_msgs/local/lib/python3.10/dist-packages/franka_msgs/action'...
[2.000s] Listing '/home/user/humble_ws/install/franka_msgs/local/lib/python3.10/dist-packages/franka_msgs/msg'...
[2.000s] Listing '/home/user/humble_ws/install/franka_msgs/local/lib/python3.10/dist-packages/franka_msgs/srv'...
[2.009s] -- Up-to-date: /home/user/humble_ws/install/franka_msgs/local/lib/python3.10/dist-packages/franka_msgs/franka_msgs_s__rosidl_typesupport_fastrtps_c.cpython-310-x86_64-linux-gnu.so
[2.009s] -- Up-to-date: /home/user/humble_ws/install/franka_msgs/local/lib/python3.10/dist-packages/franka_msgs/franka_msgs_s__rosidl_typesupport_introspection_c.cpython-310-x86_64-linux-gnu.so
[2.010s] -- Up-to-date: /home/user/humble_ws/install/franka_msgs/local/lib/python3.10/dist-packages/franka_msgs/franka_msgs_s__rosidl_typesupport_c.cpython-310-x86_64-linux-gnu.so
[2.011s] -- Up-to-date: /home/user/humble_ws/install/franka_msgs/lib/libfranka_msgs__rosidl_generator_py.so
[2.012s] -- Up-to-date: /home/user/humble_ws/install/franka_msgs/share/franka_msgs/action/Grasp.idl
[2.012s] -- Up-to-date: /home/user/humble_ws/install/franka_msgs/share/franka_msgs/action/Homing.idl
[2.013s] -- Up-to-date: /home/user/humble_ws/install/franka_msgs/share/franka_msgs/action/Move.idl
[2.013s] -- Up-to-date: /home/user/humble_ws/install/franka_msgs/share/franka_msgs/srv/ErrorRecovery.idl
[2.014s] -- Up-to-date: /home/user/humble_ws/install/franka_msgs/share/franka_msgs/srv/SetCartesianStiffness.idl
[2.014s] -- Up-to-date: /home/user/humble_ws/install/franka_msgs/share/franka_msgs/srv/SetTCPFrame.idl
[2.014s] -- Up-to-date: /home/user/humble_ws/install/franka_msgs/share/franka_msgs/srv/SetForceTorqueCollisionBehavior.idl
[2.015s] -- Up-to-date: /home/user/humble_ws/install/franka_msgs/share/franka_msgs/srv/SetFullCollisionBehavior.idl
[2.015s] -- Up-to-date: /home/user/humble_ws/install/franka_msgs/share/franka_msgs/srv/SetJointStiffness.idl
[2.015s] -- Up-to-date: /home/user/humble_ws/install/franka_msgs/share/franka_msgs/srv/SetStiffnessFrame.idl
[2.015s] -- Up-to-date: /home/user/humble_ws/install/franka_msgs/share/franka_msgs/srv/SetLoad.idl
[2.016s] -- Up-to-date: /home/user/humble_ws/install/franka_msgs/share/franka_msgs/srv/SetMujocoPoses.idl
[2.016s] -- Up-to-date: /home/user/humble_ws/install/franka_msgs/share/franka_msgs/msg/GraspEpsilon.idl
[2.016s] -- Up-to-date: /home/user/humble_ws/install/franka_msgs/share/franka_msgs/msg/FrankaState.idl
[2.016s] -- Up-to-date: /home/user/humble_ws/install/franka_msgs/share/franka_msgs/msg/FrankaModel.idl
[2.017s] -- Up-to-date: /home/user/humble_ws/install/franka_msgs/share/franka_msgs/msg/Errors.idl
[2.017s] -- Up-to-date: /home/user/humble_ws/install/franka_msgs/share/franka_msgs/msg/PoseStampedArray.idl
[2.017s] -- Up-to-date: /home/user/humble_ws/install/franka_msgs/share/franka_msgs/action/Grasp.action
[2.017s] -- Up-to-date: /home/user/humble_ws/install/franka_msgs/share/franka_msgs/action/Homing.action
[2.018s] -- Up-to-date: /home/user/humble_ws/install/franka_msgs/share/franka_msgs/action/Move.action
[2.018s] -- Up-to-date: /home/user/humble_ws/install/franka_msgs/share/franka_msgs/srv/ErrorRecovery.srv
[2.018s] -- Up-to-date: /home/user/humble_ws/install/franka_msgs/share/franka_msgs/srv/ErrorRecovery_Request.msg
[2.018s] -- Up-to-date: /home/user/humble_ws/install/franka_msgs/share/franka_msgs/srv/ErrorRecovery_Response.msg
[2.019s] -- Up-to-date: /home/user/humble_ws/install/franka_msgs/share/franka_msgs/srv/SetCartesianStiffness.srv
[2.019s] -- Up-to-date: /home/user/humble_ws/install/franka_msgs/share/franka_msgs/srv/SetCartesianStiffness_Request.msg
[2.019s] -- Up-to-date: /home/user/humble_ws/install/franka_msgs/share/franka_msgs/srv/SetCartesianStiffness_Response.msg
[2.019s] -- Up-to-date: /home/user/humble_ws/install/franka_msgs/share/franka_msgs/srv/SetTCPFrame.srv
[2.019s] -- Up-to-date: /home/user/humble_ws/install/franka_msgs/share/franka_msgs/srv/SetTCPFrame_Request.msg
[2.020s] -- Up-to-date: /home/user/humble_ws/install/franka_msgs/share/franka_msgs/srv/SetTCPFrame_Response.msg
[2.020s] -- Up-to-date: /home/user/humble_ws/install/franka_msgs/share/franka_msgs/srv/SetForceTorqueCollisionBehavior.srv
[2.021s] -- Up-to-date: /home/user/humble_ws/install/franka_msgs/share/franka_msgs/srv/SetForceTorqueCollisionBehavior_Request.msg
[2.021s] -- Up-to-date: /home/user/humble_ws/install/franka_msgs/share/franka_msgs/srv/SetForceTorqueCollisionBehavior_Response.msg
[2.021s] -- Up-to-date: /home/user/humble_ws/install/franka_msgs/share/franka_msgs/srv/SetFullCollisionBehavior.srv
[2.021s] -- Up-to-date: /home/user/humble_ws/install/franka_msgs/share/franka_msgs/srv/SetFullCollisionBehavior_Request.msg
[2.022s] -- Up-to-date: /home/user/humble_ws/install/franka_msgs/share/franka_msgs/srv/SetFullCollisionBehavior_Response.msg
[2.022s] -- Up-to-date: /home/user/humble_ws/install/franka_msgs/share/franka_msgs/srv/SetJointStiffness.srv
[2.022s] -- Up-to-date: /home/user/humble_ws/install/franka_msgs/share/franka_msgs/srv/SetJointStiffness_Request.msg
[2.022s] -- Up-to-date: /home/user/humble_ws/install/franka_msgs/share/franka_msgs/srv/SetJointStiffness_Response.msg
[2.022s] -- Up-to-date: /home/user/humble_ws/install/franka_msgs/share/franka_msgs/srv/SetStiffnessFrame.srv
[2.023s] -- Up-to-date: /home/user/humble_ws/install/franka_msgs/share/franka_msgs/srv/SetStiffnessFrame_Request.msg
[2.023s] -- Up-to-date: /home/user/humble_ws/install/franka_msgs/share/franka_msgs/srv/SetStiffnessFrame_Response.msg
[2.023s] -- Up-to-date: /home/user/humble_ws/install/franka_msgs/share/franka_msgs/srv/SetLoad.srv
[2.023s] -- Up-to-date: /home/user/humble_ws/install/franka_msgs/share/franka_msgs/srv/SetLoad_Request.msg
[2.023s] -- Up-to-date: /home/user/humble_ws/install/franka_msgs/share/franka_msgs/srv/SetLoad_Response.msg
[2.024s] -- Up-to-date: /home/user/humble_ws/install/franka_msgs/share/franka_msgs/srv/SetMujocoPoses.srv
[2.024s] -- Up-to-date: /home/user/humble_ws/install/franka_msgs/share/franka_msgs/srv/SetMujocoPoses_Request.msg
[2.024s] -- Up-to-date: /home/user/humble_ws/install/franka_msgs/share/franka_msgs/srv/SetMujocoPoses_Response.msg
[2.024s] -- Up-to-date: /home/user/humble_ws/install/franka_msgs/share/franka_msgs/msg/GraspEpsilon.msg
[2.024s] -- Up-to-date: /home/user/humble_ws/install/franka_msgs/share/franka_msgs/msg/FrankaState.msg
[2.025s] -- Up-to-date: /home/user/humble_ws/install/franka_msgs/share/franka_msgs/msg/FrankaModel.msg
[2.025s] -- Up-to-date: /home/user/humble_ws/install/franka_msgs/share/franka_msgs/msg/Errors.msg
[2.025s] -- Up-to-date: /home/user/humble_ws/install/franka_msgs/share/franka_msgs/msg/PoseStampedArray.msg
[2.025s] -- Up-to-date: /home/user/humble_ws/install/franka_msgs/share/ament_index/resource_index/package_run_dependencies/franka_msgs
[2.025s] -- Up-to-date: /home/user/humble_ws/install/franka_msgs/share/ament_index/resource_index/parent_prefix_path/franka_msgs
[2.026s] -- Up-to-date: /home/user/humble_ws/install/franka_msgs/share/franka_msgs/environment/ament_prefix_path.sh
[2.026s] -- Up-to-date: /home/user/humble_ws/install/franka_msgs/share/franka_msgs/environment/ament_prefix_path.dsv
[2.026s] -- Up-to-date: /home/user/humble_ws/install/franka_msgs/share/franka_msgs/environment/path.sh
[2.026s] -- Up-to-date: /home/user/humble_ws/install/franka_msgs/share/franka_msgs/environment/path.dsv
[2.026s] -- Up-to-date: /home/user/humble_ws/install/franka_msgs/share/franka_msgs/local_setup.bash
[2.027s] -- Up-to-date: /home/user/humble_ws/install/franka_msgs/share/franka_msgs/local_setup.sh
[2.027s] -- Up-to-date: /home/user/humble_ws/install/franka_msgs/share/franka_msgs/local_setup.zsh
[2.027s] -- Up-to-date: /home/user/humble_ws/install/franka_msgs/share/franka_msgs/local_setup.dsv
[2.027s] -- Installing: /home/user/humble_ws/install/franka_msgs/share/franka_msgs/package.dsv
[2.027s] -- Up-to-date: /home/user/humble_ws/install/franka_msgs/share/ament_index/resource_index/packages/franka_msgs
[2.028s] -- Up-to-date: /home/user/humble_ws/install/franka_msgs/share/franka_msgs/cmake/export_franka_msgs__rosidl_generator_cExport.cmake
[2.028s] -- Up-to-date: /home/user/humble_ws/install/franka_msgs/share/franka_msgs/cmake/export_franka_msgs__rosidl_generator_cExport-release.cmake
[2.028s] -- Up-to-date: /home/user/humble_ws/install/franka_msgs/share/franka_msgs/cmake/export_franka_msgs__rosidl_typesupport_fastrtps_cExport.cmake
[2.028s] -- Up-to-date: /home/user/humble_ws/install/franka_msgs/share/franka_msgs/cmake/export_franka_msgs__rosidl_typesupport_fastrtps_cExport-release.cmake
[2.028s] -- Up-to-date: /home/user/humble_ws/install/franka_msgs/share/franka_msgs/cmake/franka_msgs__rosidl_typesupport_introspection_cExport.cmake
[2.029s] -- Up-to-date: /home/user/humble_ws/install/franka_msgs/share/franka_msgs/cmake/franka_msgs__rosidl_typesupport_introspection_cExport-release.cmake
[2.029s] -- Up-to-date: /home/user/humble_ws/install/franka_msgs/share/franka_msgs/cmake/franka_msgs__rosidl_typesupport_cExport.cmake
[2.029s] -- Up-to-date: /home/user/humble_ws/install/franka_msgs/share/franka_msgs/cmake/franka_msgs__rosidl_typesupport_cExport-release.cmake
[2.029s] -- Up-to-date: /home/user/humble_ws/install/franka_msgs/share/franka_msgs/cmake/export_franka_msgs__rosidl_generator_cppExport.cmake
[2.029s] -- Up-to-date: /home/user/humble_ws/install/franka_msgs/share/franka_msgs/cmake/export_franka_msgs__rosidl_typesupport_fastrtps_cppExport.cmake
[2.029s] -- Up-to-date: /home/user/humble_ws/install/franka_msgs/share/franka_msgs/cmake/export_franka_msgs__rosidl_typesupport_fastrtps_cppExport-release.cmake
[2.030s] -- Up-to-date: /home/user/humble_ws/install/franka_msgs/share/franka_msgs/cmake/franka_msgs__rosidl_typesupport_introspection_cppExport.cmake
[2.030s] -- Up-to-date: /home/user/humble_ws/install/franka_msgs/share/franka_msgs/cmake/franka_msgs__rosidl_typesupport_introspection_cppExport-release.cmake
[2.030s] -- Up-to-date: /home/user/humble_ws/install/franka_msgs/share/franka_msgs/cmake/franka_msgs__rosidl_typesupport_cppExport.cmake
[2.030s] -- Up-to-date: /home/user/humble_ws/install/franka_msgs/share/franka_msgs/cmake/franka_msgs__rosidl_typesupport_cppExport-release.cmake
[2.030s] -- Up-to-date: /home/user/humble_ws/install/franka_msgs/share/franka_msgs/cmake/export_franka_msgs__rosidl_generator_pyExport.cmake
[2.031s] -- Up-to-date: /home/user/humble_ws/install/franka_msgs/share/franka_msgs/cmake/export_franka_msgs__rosidl_generator_pyExport-release.cmake
[2.031s] -- Up-to-date: /home/user/humble_ws/install/franka_msgs/share/franka_msgs/cmake/rosidl_cmake-extras.cmake
[2.031s] -- Up-to-date: /home/user/humble_ws/install/franka_msgs/share/franka_msgs/cmake/ament_cmake_export_dependencies-extras.cmake
[2.031s] -- Up-to-date: /home/user/humble_ws/install/franka_msgs/share/franka_msgs/cmake/ament_cmake_export_include_directories-extras.cmake
[2.031s] -- Up-to-date: /home/user/humble_ws/install/franka_msgs/share/franka_msgs/cmake/ament_cmake_export_libraries-extras.cmake
[2.032s] -- Up-to-date: /home/user/humble_ws/install/franka_msgs/share/franka_msgs/cmake/ament_cmake_export_targets-extras.cmake
[2.032s] -- Up-to-date: /home/user/humble_ws/install/franka_msgs/share/franka_msgs/cmake/rosidl_cmake_export_typesupport_targets-extras.cmake
[2.032s] -- Up-to-date: /home/user/humble_ws/install/franka_msgs/share/franka_msgs/cmake/rosidl_cmake_export_typesupport_libraries-extras.cmake
[2.033s] -- Up-to-date: /home/user/humble_ws/install/franka_msgs/share/franka_msgs/cmake/franka_msgsConfig.cmake
[2.035s] -- Up-to-date: /home/user/humble_ws/install/franka_msgs/share/franka_msgs/cmake/franka_msgsConfig-version.cmake
[2.036s] -- Up-to-date: /home/user/humble_ws/install/franka_msgs/share/franka_msgs/package.xml
[2.036s] Invoked command in '/home/user/humble_ws/build/franka_msgs' returned '0': CMAKE_PREFIX_PATH=${CMAKE_PREFIX_PATH}:/opt/ros/humble /usr/bin/cmake --install /home/user/humble_ws/build/franka_msgs
