-- Install configuration: "Release"
-- Up-to-date: /home/user/humble_ws/install/franka_bringup/share/franka_bringup/config
-- Up-to-date: /home/user/humble_ws/install/franka_bringup/share/franka_bringup/config/mujoco
-- Up-to-date: /home/user/humble_ws/install/franka_bringup/share/franka_bringup/config/mujoco/mj_objects.yaml
-- Up-to-date: /home/user/humble_ws/install/franka_bringup/share/franka_bringup/config/sim_controllers.yaml
-- Up-to-date: /home/user/humble_ws/install/franka_bringup/share/franka_bringup/config/dual_sim_controllers.yaml
-- Up-to-date: /home/user/humble_ws/install/franka_bringup/share/franka_bringup/config/mixed_quad_multimode.yaml
-- Up-to-date: /home/user/humble_ws/install/franka_bringup/share/franka_bringup/config/controllers.yaml
-- Up-to-date: /home/user/humble_ws/install/franka_bringup/share/franka_bringup/config/dual_multimode.yaml
-- Up-to-date: /home/user/humble_ws/install/franka_bringup/share/franka_bringup/config/garmi_sim_multimode.yaml
-- Up-to-date: /home/user/humble_ws/install/franka_bringup/share/franka_bringup/config/dual_sim_multimode.yaml
-- Up-to-date: /home/user/humble_ws/install/franka_bringup/share/franka_bringup/config/multimode.yaml
-- Up-to-date: /home/user/humble_ws/install/franka_bringup/share/franka_bringup/config/dual_controllers.yaml
-- Up-to-date: /home/user/humble_ws/install/franka_bringup/share/franka_bringup/config/mixed_dual_multimode.yaml
-- Up-to-date: /home/user/humble_ws/install/franka_bringup/share/franka_bringup/launch
-- Up-to-date: /home/user/humble_ws/install/franka_bringup/share/franka_bringup/launch/mixed
-- Up-to-date: /home/user/humble_ws/install/franka_bringup/share/franka_bringup/launch/mixed/mixed_dual_multimode_franka.launch.py
-- Up-to-date: /home/user/humble_ws/install/franka_bringup/share/franka_bringup/launch/mixed/mixed_quad_multimode_franka.launch.py
-- Up-to-date: /home/user/humble_ws/install/franka_bringup/share/franka_bringup/launch/sim
-- Up-to-date: /home/user/humble_ws/install/franka_bringup/share/franka_bringup/launch/sim/franka_sim.launch.py
-- Up-to-date: /home/user/humble_ws/install/franka_bringup/share/franka_bringup/launch/sim/dual_multimode_sim.launch.py
-- Up-to-date: /home/user/humble_ws/install/franka_bringup/share/franka_bringup/launch/sim/dual_franka_sim.launch.py
-- Up-to-date: /home/user/humble_ws/install/franka_bringup/share/franka_bringup/launch/sim/multimode_sim.launch.py
-- Up-to-date: /home/user/humble_ws/install/franka_bringup/share/franka_bringup/launch/real
-- Up-to-date: /home/user/humble_ws/install/franka_bringup/share/franka_bringup/launch/real/franka.launch.py
-- Up-to-date: /home/user/humble_ws/install/franka_bringup/share/franka_bringup/launch/real/multimode_franka.launch.py
-- Up-to-date: /home/user/humble_ws/install/franka_bringup/share/franka_bringup/launch/real/dual_multimode_franka.launch.py
-- Up-to-date: /home/user/humble_ws/install/franka_bringup/share/franka_bringup/launch/real/dual_franka.launch.py
-- Up-to-date: /home/user/humble_ws/install/franka_bringup/share/franka_bringup/launch/garmi
-- Up-to-date: /home/user/humble_ws/install/franka_bringup/share/franka_bringup/launch/garmi/sim_garmi.launch.py
-- Up-to-date: /home/user/humble_ws/install/franka_bringup/share/ament_index/resource_index/package_run_dependencies/franka_bringup
-- Up-to-date: /home/user/humble_ws/install/franka_bringup/share/ament_index/resource_index/parent_prefix_path/franka_bringup
-- Up-to-date: /home/user/humble_ws/install/franka_bringup/share/franka_bringup/environment/ament_prefix_path.sh
-- Up-to-date: /home/user/humble_ws/install/franka_bringup/share/franka_bringup/environment/ament_prefix_path.dsv
-- Up-to-date: /home/user/humble_ws/install/franka_bringup/share/franka_bringup/environment/path.sh
-- Up-to-date: /home/user/humble_ws/install/franka_bringup/share/franka_bringup/environment/path.dsv
-- Up-to-date: /home/user/humble_ws/install/franka_bringup/share/franka_bringup/local_setup.bash
-- Up-to-date: /home/user/humble_ws/install/franka_bringup/share/franka_bringup/local_setup.sh
-- Up-to-date: /home/user/humble_ws/install/franka_bringup/share/franka_bringup/local_setup.zsh
-- Up-to-date: /home/user/humble_ws/install/franka_bringup/share/franka_bringup/local_setup.dsv
-- Up-to-date: /home/user/humble_ws/install/franka_bringup/share/franka_bringup/package.dsv
-- Up-to-date: /home/user/humble_ws/install/franka_bringup/share/ament_index/resource_index/packages/franka_bringup
-- Up-to-date: /home/user/humble_ws/install/franka_bringup/share/franka_bringup/cmake/franka_bringupConfig.cmake
-- Up-to-date: /home/user/humble_ws/install/franka_bringup/share/franka_bringup/cmake/franka_bringupConfig-version.cmake
-- Up-to-date: /home/user/humble_ws/install/franka_bringup/share/franka_bringup/package.xml
