-- The C compiler identification is GNU 11.4.0
-- The CXX compiler identification is GNU 11.4.0
-- Detecting C compiler ABI info
-- Detecting C compiler ABI info - done
-- Check for working C compiler: /usr/bin/cc - skipped
-- Detecting C compile features
-- Detecting C compile features - done
-- Detecting CXX compiler ABI info
-- Detecting CXX compiler ABI info - done
-- Check for working CXX compiler: /usr/bin/c++ - skipped
-- Detecting CXX compile features
-- Detecting CXX compile features - done
-- Found ament_cmake: 1.3.10 (/opt/ros/humble/share/ament_cmake/cmake)
-- Found Python3: /usr/bin/python3 (found version "3.10.12") found components: Interpreter 
-- Found geometry_msgs: 4.2.4 (/opt/ros/humble/share/geometry_msgs/cmake)
-- Found rosidl_generator_c: 3.1.5 (/opt/ros/humble/share/rosidl_generator_c/cmake)
-- Found rosidl_adapter: 3.1.5 (/opt/ros/humble/share/rosidl_adapter/cmake)
-- Found rosidl_generator_cpp: 3.1.5 (/opt/ros/humble/share/rosidl_generator_cpp/cmake)
-- Using all available rosidl_typesupport_c: rosidl_typesupport_fastrtps_c;rosidl_typesupport_introspection_c
-- Using all available rosidl_typesupport_cpp: rosidl_typesupport_fastrtps_cpp;rosidl_typesupport_introspection_cpp
-- Found rosidl_default_generators: 1.2.0 (/opt/ros/humble/share/rosidl_default_generators/cmake)
-- Found ament_cmake_ros: 0.10.0 (/opt/ros/humble/share/ament_cmake_ros/cmake)
-- Using all available rosidl_typesupport_c: rosidl_typesupport_fastrtps_c;rosidl_typesupport_introspection_c
-- Using all available rosidl_typesupport_cpp: rosidl_typesupport_fastrtps_cpp;rosidl_typesupport_introspection_cpp
-- Found PythonInterp: /usr/bin/python3 (found suitable version "3.10.12", minimum required is "3.6") 
-- Found python_cmake_module: 0.10.0 (/opt/ros/humble/share/python_cmake_module/cmake)
-- Found PythonLibs: /usr/lib/x86_64-linux-gnu/libpython3.10.so (found suitable version "3.10.12", minimum required is "3.5") 
-- Using PYTHON_EXECUTABLE: /usr/bin/python3
-- Using PYTHON_INCLUDE_DIRS: /usr/include/python3.10
-- Using PYTHON_LIBRARIES: /usr/lib/x86_64-linux-gnu/libpython3.10.so
-- Found PythonExtra: .so  
-- Found ament_lint_auto: 0.12.11 (/opt/ros/humble/share/ament_lint_auto/cmake)
-- Added test 'lint_cmake' to check CMake code style
-- Added test 'xmllint' to check XML markup files
-- Configuring done
-- Generating done
-- Build files have been written to: /home/user/humble_ws/build/panda_motion_generator_msgs
[  1%] Generating C code for ROS interfaces
[  3%] Generating C++ code for ROS interfaces
[  3%] Built target ament_cmake_python_copy_panda_motion_generator_msgs
running egg_info
creating panda_motion_generator_msgs.egg-info
writing panda_motion_generator_msgs.egg-info/PKG-INFO
writing dependency_links to panda_motion_generator_msgs.egg-info/dependency_links.txt
writing top-level names to panda_motion_generator_msgs.egg-info/top_level.txt
writing manifest file 'panda_motion_generator_msgs.egg-info/SOURCES.txt'
reading manifest file 'panda_motion_generator_msgs.egg-info/SOURCES.txt'
writing manifest file 'panda_motion_generator_msgs.egg-info/SOURCES.txt'
[  3%] Built target ament_cmake_python_build_panda_motion_generator_msgs_egg
[  3%] Built target panda_motion_generator_msgs__cpp
[  4%] Generating C++ type support dispatch for ROS interfaces
[  7%] Generating C++ type support for eProsima Fast-RTPS
[  7%] Generating C++ introspection for ROS interfaces
[ 12%] Building C object CMakeFiles/panda_motion_generator_msgs__rosidl_generator_c.dir/rosidl_generator_c/panda_motion_generator_msgs/action/detail/joint_via_motion__functions.c.o
[ 12%] Building C object CMakeFiles/panda_motion_generator_msgs__rosidl_generator_c.dir/rosidl_generator_c/panda_motion_generator_msgs/action/detail/cartesian_via_motion__functions.c.o
[ 12%] Building C object CMakeFiles/panda_motion_generator_msgs__rosidl_generator_c.dir/rosidl_generator_c/panda_motion_generator_msgs/msg/detail/joint_pose__functions.c.o
[ 14%] Building C object CMakeFiles/panda_motion_generator_msgs__rosidl_generator_c.dir/rosidl_generator_c/panda_motion_generator_msgs/msg/detail/set_time_scaling__functions.c.o
[ 15%] Building C object CMakeFiles/panda_motion_generator_msgs__rosidl_generator_c.dir/rosidl_generator_c/panda_motion_generator_msgs/msg/detail/simple_action_result__functions.c.o
[ 17%] Building CXX object CMakeFiles/panda_motion_generator_msgs__rosidl_typesupport_cpp.dir/rosidl_typesupport_cpp/panda_motion_generator_msgs/msg/simple_action_result__type_support.cpp.o
[ 19%] Building CXX object CMakeFiles/panda_motion_generator_msgs__rosidl_typesupport_cpp.dir/rosidl_typesupport_cpp/panda_motion_generator_msgs/msg/joint_pose__type_support.cpp.o
[ 20%] Building CXX object CMakeFiles/panda_motion_generator_msgs__rosidl_typesupport_cpp.dir/rosidl_typesupport_cpp/panda_motion_generator_msgs/msg/set_time_scaling__type_support.cpp.o
[ 22%] Building CXX object CMakeFiles/panda_motion_generator_msgs__rosidl_typesupport_cpp.dir/rosidl_typesupport_cpp/panda_motion_generator_msgs/action/joint_via_motion__type_support.cpp.o
[ 23%] Building CXX object CMakeFiles/panda_motion_generator_msgs__rosidl_typesupport_cpp.dir/rosidl_typesupport_cpp/panda_motion_generator_msgs/action/cartesian_via_motion__type_support.cpp.o
[ 25%] Building CXX object CMakeFiles/panda_motion_generator_msgs__rosidl_typesupport_introspection_cpp.dir/rosidl_typesupport_introspection_cpp/panda_motion_generator_msgs/msg/detail/joint_pose__type_support.cpp.o
[ 26%] Building CXX object CMakeFiles/panda_motion_generator_msgs__rosidl_typesupport_introspection_cpp.dir/rosidl_typesupport_introspection_cpp/panda_motion_generator_msgs/msg/detail/set_time_scaling__type_support.cpp.o
[ 28%] Building CXX object CMakeFiles/panda_motion_generator_msgs__rosidl_typesupport_introspection_cpp.dir/rosidl_typesupport_introspection_cpp/panda_motion_generator_msgs/msg/detail/simple_action_result__type_support.cpp.o
[ 30%] Building CXX object CMakeFiles/panda_motion_generator_msgs__rosidl_typesupport_introspection_cpp.dir/rosidl_typesupport_introspection_cpp/panda_motion_generator_msgs/action/detail/cartesian_via_motion__type_support.cpp.o
[ 31%] Building CXX object CMakeFiles/panda_motion_generator_msgs__rosidl_typesupport_fastrtps_cpp.dir/rosidl_typesupport_fastrtps_cpp/panda_motion_generator_msgs/msg/detail/dds_fastrtps/joint_pose__type_support.cpp.o
[ 33%] Building CXX object CMakeFiles/panda_motion_generator_msgs__rosidl_typesupport_introspection_cpp.dir/rosidl_typesupport_introspection_cpp/panda_motion_generator_msgs/action/detail/joint_via_motion__type_support.cpp.o
[ 34%] Building CXX object CMakeFiles/panda_motion_generator_msgs__rosidl_typesupport_fastrtps_cpp.dir/rosidl_typesupport_fastrtps_cpp/panda_motion_generator_msgs/msg/detail/dds_fastrtps/set_time_scaling__type_support.cpp.o
[ 36%] Building CXX object CMakeFiles/panda_motion_generator_msgs__rosidl_typesupport_fastrtps_cpp.dir/rosidl_typesupport_fastrtps_cpp/panda_motion_generator_msgs/msg/detail/dds_fastrtps/simple_action_result__type_support.cpp.o
[ 38%] Linking C shared library libpanda_motion_generator_msgs__rosidl_generator_c.so
[ 39%] Building CXX object CMakeFiles/panda_motion_generator_msgs__rosidl_typesupport_fastrtps_cpp.dir/rosidl_typesupport_fastrtps_cpp/panda_motion_generator_msgs/action/detail/dds_fastrtps/cartesian_via_motion__type_support.cpp.o
[ 39%] Built target panda_motion_generator_msgs__rosidl_generator_c
[ 41%] Generating C type support for eProsima Fast-RTPS
[ 42%] Generating C introspection for ROS interfaces
[ 44%] Linking CXX shared library libpanda_motion_generator_msgs__rosidl_typesupport_cpp.so
[ 46%] Building CXX object CMakeFiles/panda_motion_generator_msgs__rosidl_typesupport_fastrtps_cpp.dir/rosidl_typesupport_fastrtps_cpp/panda_motion_generator_msgs/action/detail/dds_fastrtps/joint_via_motion__type_support.cpp.o
[ 47%] Generating C type support dispatch for ROS interfaces
[ 47%] Built target panda_motion_generator_msgs__rosidl_typesupport_cpp
[ 49%] Building CXX object CMakeFiles/panda_motion_generator_msgs__rosidl_typesupport_c.dir/rosidl_typesupport_c/panda_motion_generator_msgs/msg/simple_action_result__type_support.cpp.o
[ 50%] Building CXX object CMakeFiles/panda_motion_generator_msgs__rosidl_typesupport_c.dir/rosidl_typesupport_c/panda_motion_generator_msgs/action/cartesian_via_motion__type_support.cpp.o
[ 52%] Building CXX object CMakeFiles/panda_motion_generator_msgs__rosidl_typesupport_c.dir/rosidl_typesupport_c/panda_motion_generator_msgs/action/joint_via_motion__type_support.cpp.o
[ 53%] Building CXX object CMakeFiles/panda_motion_generator_msgs__rosidl_typesupport_c.dir/rosidl_typesupport_c/panda_motion_generator_msgs/msg/set_time_scaling__type_support.cpp.o
[ 55%] Building CXX object CMakeFiles/panda_motion_generator_msgs__rosidl_typesupport_c.dir/rosidl_typesupport_c/panda_motion_generator_msgs/msg/joint_pose__type_support.cpp.o
[ 57%] Linking CXX shared library libpanda_motion_generator_msgs__rosidl_typesupport_c.so
[ 58%] Building CXX object CMakeFiles/panda_motion_generator_msgs__rosidl_typesupport_fastrtps_c.dir/rosidl_typesupport_fastrtps_c/panda_motion_generator_msgs/msg/detail/joint_pose__type_support_c.cpp.o
[ 60%] Building CXX object CMakeFiles/panda_motion_generator_msgs__rosidl_typesupport_fastrtps_c.dir/rosidl_typesupport_fastrtps_c/panda_motion_generator_msgs/msg/detail/set_time_scaling__type_support_c.cpp.o
[ 61%] Linking CXX shared library libpanda_motion_generator_msgs__rosidl_typesupport_introspection_cpp.so
[ 63%] Building CXX object CMakeFiles/panda_motion_generator_msgs__rosidl_typesupport_fastrtps_c.dir/rosidl_typesupport_fastrtps_c/panda_motion_generator_msgs/msg/detail/simple_action_result__type_support_c.cpp.o
[ 65%] Building CXX object CMakeFiles/panda_motion_generator_msgs__rosidl_typesupport_fastrtps_c.dir/rosidl_typesupport_fastrtps_c/panda_motion_generator_msgs/action/detail/cartesian_via_motion__type_support_c.cpp.o
[ 66%] Building CXX object CMakeFiles/panda_motion_generator_msgs__rosidl_typesupport_fastrtps_c.dir/rosidl_typesupport_fastrtps_c/panda_motion_generator_msgs/action/detail/joint_via_motion__type_support_c.cpp.o
[ 66%] Built target panda_motion_generator_msgs__rosidl_typesupport_c
[ 68%] Building C object CMakeFiles/panda_motion_generator_msgs__rosidl_typesupport_introspection_c.dir/rosidl_typesupport_introspection_c/panda_motion_generator_msgs/msg/detail/set_time_scaling__type_support.c.o
[ 69%] Building C object CMakeFiles/panda_motion_generator_msgs__rosidl_typesupport_introspection_c.dir/rosidl_typesupport_introspection_c/panda_motion_generator_msgs/msg/detail/joint_pose__type_support.c.o
[ 71%] Building C object CMakeFiles/panda_motion_generator_msgs__rosidl_typesupport_introspection_c.dir/rosidl_typesupport_introspection_c/panda_motion_generator_msgs/msg/detail/simple_action_result__type_support.c.o
[ 73%] Building C object CMakeFiles/panda_motion_generator_msgs__rosidl_typesupport_introspection_c.dir/rosidl_typesupport_introspection_c/panda_motion_generator_msgs/action/detail/cartesian_via_motion__type_support.c.o
[ 74%] Building C object CMakeFiles/panda_motion_generator_msgs__rosidl_typesupport_introspection_c.dir/rosidl_typesupport_introspection_c/panda_motion_generator_msgs/action/detail/joint_via_motion__type_support.c.o
[ 74%] Built target panda_motion_generator_msgs__rosidl_typesupport_introspection_cpp
[ 76%] Linking CXX shared library libpanda_motion_generator_msgs__rosidl_typesupport_fastrtps_cpp.so
[ 77%] Linking C shared library libpanda_motion_generator_msgs__rosidl_typesupport_introspection_c.so
[ 77%] Built target panda_motion_generator_msgs__rosidl_typesupport_fastrtps_cpp
[ 77%] Built target panda_motion_generator_msgs__rosidl_typesupport_introspection_c
[ 79%] Linking CXX shared library libpanda_motion_generator_msgs__rosidl_typesupport_fastrtps_c.so
[ 79%] Built target panda_motion_generator_msgs__rosidl_typesupport_fastrtps_c
[ 79%] Built target panda_motion_generator_msgs
[ 80%] Generating Python code for ROS interfaces
[ 80%] Built target panda_motion_generator_msgs__py
[ 82%] Building C object CMakeFiles/panda_motion_generator_msgs__rosidl_generator_py.dir/rosidl_generator_py/panda_motion_generator_msgs/msg/_joint_pose_s.c.o
[ 84%] Building C object CMakeFiles/panda_motion_generator_msgs__rosidl_generator_py.dir/rosidl_generator_py/panda_motion_generator_msgs/msg/_set_time_scaling_s.c.o
[ 85%] Building C object CMakeFiles/panda_motion_generator_msgs__rosidl_generator_py.dir/rosidl_generator_py/panda_motion_generator_msgs/msg/_simple_action_result_s.c.o
[ 87%] Building C object CMakeFiles/panda_motion_generator_msgs__rosidl_generator_py.dir/rosidl_generator_py/panda_motion_generator_msgs/action/_joint_via_motion_s.c.o
[ 88%] Building C object CMakeFiles/panda_motion_generator_msgs__rosidl_generator_py.dir/rosidl_generator_py/panda_motion_generator_msgs/action/_cartesian_via_motion_s.c.o
[ 90%] Linking C shared library rosidl_generator_py/panda_motion_generator_msgs/libpanda_motion_generator_msgs__rosidl_generator_py.so
[ 90%] Built target panda_motion_generator_msgs__rosidl_generator_py
[ 93%] Building C object CMakeFiles/panda_motion_generator_msgs__rosidl_typesupport_introspection_c__pyext.dir/rosidl_generator_py/panda_motion_generator_msgs/_panda_motion_generator_msgs_s.ep.rosidl_typesupport_introspection_c.c.o
[ 93%] Building C object CMakeFiles/panda_motion_generator_msgs__rosidl_typesupport_fastrtps_c__pyext.dir/rosidl_generator_py/panda_motion_generator_msgs/_panda_motion_generator_msgs_s.ep.rosidl_typesupport_fastrtps_c.c.o
[ 95%] Building C object CMakeFiles/panda_motion_generator_msgs__rosidl_typesupport_c__pyext.dir/rosidl_generator_py/panda_motion_generator_msgs/_panda_motion_generator_msgs_s.ep.rosidl_typesupport_c.c.o
[ 96%] Linking C shared library rosidl_generator_py/panda_motion_generator_msgs/panda_motion_generator_msgs_s__rosidl_typesupport_c.cpython-310-x86_64-linux-gnu.so
[ 96%] Built target panda_motion_generator_msgs__rosidl_typesupport_c__pyext
[ 98%] Linking C shared library rosidl_generator_py/panda_motion_generator_msgs/panda_motion_generator_msgs_s__rosidl_typesupport_introspection_c.cpython-310-x86_64-linux-gnu.so
[100%] Linking C shared library rosidl_generator_py/panda_motion_generator_msgs/panda_motion_generator_msgs_s__rosidl_typesupport_fastrtps_c.cpython-310-x86_64-linux-gnu.so
[100%] Built target panda_motion_generator_msgs__rosidl_typesupport_introspection_c__pyext
[100%] Built target panda_motion_generator_msgs__rosidl_typesupport_fastrtps_c__pyext
-- Install configuration: "Release"
-- Installing: /home/user/humble_ws/install/panda_motion_generator_msgs/share/ament_index/resource_index/rosidl_interfaces/panda_motion_generator_msgs
-- Installing: /home/user/humble_ws/install/panda_motion_generator_msgs/include/panda_motion_generator_msgs/panda_motion_generator_msgs
-- Installing: /home/user/humble_ws/install/panda_motion_generator_msgs/include/panda_motion_generator_msgs/panda_motion_generator_msgs/action
-- Installing: /home/user/humble_ws/install/panda_motion_generator_msgs/include/panda_motion_generator_msgs/panda_motion_generator_msgs/action/detail
-- Installing: /home/user/humble_ws/install/panda_motion_generator_msgs/include/panda_motion_generator_msgs/panda_motion_generator_msgs/action/detail/cartesian_via_motion__type_support.h
-- Installing: /home/user/humble_ws/install/panda_motion_generator_msgs/include/panda_motion_generator_msgs/panda_motion_generator_msgs/action/detail/joint_via_motion__type_support.h
-- Installing: /home/user/humble_ws/install/panda_motion_generator_msgs/include/panda_motion_generator_msgs/panda_motion_generator_msgs/action/detail/joint_via_motion__struct.h
-- Installing: /home/user/humble_ws/install/panda_motion_generator_msgs/include/panda_motion_generator_msgs/panda_motion_generator_msgs/action/detail/cartesian_via_motion__functions.h
-- Installing: /home/user/humble_ws/install/panda_motion_generator_msgs/include/panda_motion_generator_msgs/panda_motion_generator_msgs/action/detail/joint_via_motion__functions.h
-- Installing: /home/user/humble_ws/install/panda_motion_generator_msgs/include/panda_motion_generator_msgs/panda_motion_generator_msgs/action/detail/joint_via_motion__functions.c
-- Installing: /home/user/humble_ws/install/panda_motion_generator_msgs/include/panda_motion_generator_msgs/panda_motion_generator_msgs/action/detail/cartesian_via_motion__struct.h
-- Installing: /home/user/humble_ws/install/panda_motion_generator_msgs/include/panda_motion_generator_msgs/panda_motion_generator_msgs/action/detail/cartesian_via_motion__functions.c
-- Installing: /home/user/humble_ws/install/panda_motion_generator_msgs/include/panda_motion_generator_msgs/panda_motion_generator_msgs/action/cartesian_via_motion.h
-- Installing: /home/user/humble_ws/install/panda_motion_generator_msgs/include/panda_motion_generator_msgs/panda_motion_generator_msgs/action/joint_via_motion.h
-- Installing: /home/user/humble_ws/install/panda_motion_generator_msgs/include/panda_motion_generator_msgs/panda_motion_generator_msgs/msg
-- Installing: /home/user/humble_ws/install/panda_motion_generator_msgs/include/panda_motion_generator_msgs/panda_motion_generator_msgs/msg/rosidl_generator_c__visibility_control.h
-- Installing: /home/user/humble_ws/install/panda_motion_generator_msgs/include/panda_motion_generator_msgs/panda_motion_generator_msgs/msg/detail
-- Installing: /home/user/humble_ws/install/panda_motion_generator_msgs/include/panda_motion_generator_msgs/panda_motion_generator_msgs/msg/detail/simple_action_result__functions.c
-- Installing: /home/user/humble_ws/install/panda_motion_generator_msgs/include/panda_motion_generator_msgs/panda_motion_generator_msgs/msg/detail/simple_action_result__type_support.h
-- Installing: /home/user/humble_ws/install/panda_motion_generator_msgs/include/panda_motion_generator_msgs/panda_motion_generator_msgs/msg/detail/joint_pose__struct.h
-- Installing: /home/user/humble_ws/install/panda_motion_generator_msgs/include/panda_motion_generator_msgs/panda_motion_generator_msgs/msg/detail/set_time_scaling__functions.c
-- Installing: /home/user/humble_ws/install/panda_motion_generator_msgs/include/panda_motion_generator_msgs/panda_motion_generator_msgs/msg/detail/set_time_scaling__type_support.h
-- Installing: /home/user/humble_ws/install/panda_motion_generator_msgs/include/panda_motion_generator_msgs/panda_motion_generator_msgs/msg/detail/joint_pose__type_support.h
-- Installing: /home/user/humble_ws/install/panda_motion_generator_msgs/include/panda_motion_generator_msgs/panda_motion_generator_msgs/msg/detail/set_time_scaling__struct.h
-- Installing: /home/user/humble_ws/install/panda_motion_generator_msgs/include/panda_motion_generator_msgs/panda_motion_generator_msgs/msg/detail/joint_pose__functions.h
-- Installing: /home/user/humble_ws/install/panda_motion_generator_msgs/include/panda_motion_generator_msgs/panda_motion_generator_msgs/msg/detail/simple_action_result__functions.h
-- Installing: /home/user/humble_ws/install/panda_motion_generator_msgs/include/panda_motion_generator_msgs/panda_motion_generator_msgs/msg/detail/simple_action_result__struct.h
-- Installing: /home/user/humble_ws/install/panda_motion_generator_msgs/include/panda_motion_generator_msgs/panda_motion_generator_msgs/msg/detail/set_time_scaling__functions.h
-- Installing: /home/user/humble_ws/install/panda_motion_generator_msgs/include/panda_motion_generator_msgs/panda_motion_generator_msgs/msg/detail/joint_pose__functions.c
-- Installing: /home/user/humble_ws/install/panda_motion_generator_msgs/include/panda_motion_generator_msgs/panda_motion_generator_msgs/msg/simple_action_result.h
-- Installing: /home/user/humble_ws/install/panda_motion_generator_msgs/include/panda_motion_generator_msgs/panda_motion_generator_msgs/msg/set_time_scaling.h
-- Installing: /home/user/humble_ws/install/panda_motion_generator_msgs/include/panda_motion_generator_msgs/panda_motion_generator_msgs/msg/joint_pose.h
-- Installing: /home/user/humble_ws/install/panda_motion_generator_msgs/share/panda_motion_generator_msgs/environment/library_path.sh
-- Installing: /home/user/humble_ws/install/panda_motion_generator_msgs/share/panda_motion_generator_msgs/environment/library_path.dsv
-- Installing: /home/user/humble_ws/install/panda_motion_generator_msgs/lib/libpanda_motion_generator_msgs__rosidl_generator_c.so
-- Set runtime path of "/home/user/humble_ws/install/panda_motion_generator_msgs/lib/libpanda_motion_generator_msgs__rosidl_generator_c.so" to ""
-- Up-to-date: /home/user/humble_ws/install/panda_motion_generator_msgs/include/panda_motion_generator_msgs/panda_motion_generator_msgs
-- Up-to-date: /home/user/humble_ws/install/panda_motion_generator_msgs/include/panda_motion_generator_msgs/panda_motion_generator_msgs/action
-- Up-to-date: /home/user/humble_ws/install/panda_motion_generator_msgs/include/panda_motion_generator_msgs/panda_motion_generator_msgs/action/detail
-- Installing: /home/user/humble_ws/install/panda_motion_generator_msgs/include/panda_motion_generator_msgs/panda_motion_generator_msgs/action/detail/cartesian_via_motion__rosidl_typesupport_fastrtps_c.h
-- Installing: /home/user/humble_ws/install/panda_motion_generator_msgs/include/panda_motion_generator_msgs/panda_motion_generator_msgs/action/detail/joint_via_motion__rosidl_typesupport_fastrtps_c.h
-- Up-to-date: /home/user/humble_ws/install/panda_motion_generator_msgs/include/panda_motion_generator_msgs/panda_motion_generator_msgs/msg
-- Up-to-date: /home/user/humble_ws/install/panda_motion_generator_msgs/include/panda_motion_generator_msgs/panda_motion_generator_msgs/msg/detail
-- Installing: /home/user/humble_ws/install/panda_motion_generator_msgs/include/panda_motion_generator_msgs/panda_motion_generator_msgs/msg/detail/joint_pose__rosidl_typesupport_fastrtps_c.h
-- Installing: /home/user/humble_ws/install/panda_motion_generator_msgs/include/panda_motion_generator_msgs/panda_motion_generator_msgs/msg/detail/simple_action_result__rosidl_typesupport_fastrtps_c.h
-- Installing: /home/user/humble_ws/install/panda_motion_generator_msgs/include/panda_motion_generator_msgs/panda_motion_generator_msgs/msg/detail/set_time_scaling__rosidl_typesupport_fastrtps_c.h
-- Installing: /home/user/humble_ws/install/panda_motion_generator_msgs/include/panda_motion_generator_msgs/panda_motion_generator_msgs/msg/rosidl_typesupport_fastrtps_c__visibility_control.h
-- Installing: /home/user/humble_ws/install/panda_motion_generator_msgs/lib/libpanda_motion_generator_msgs__rosidl_typesupport_fastrtps_c.so
-- Set runtime path of "/home/user/humble_ws/install/panda_motion_generator_msgs/lib/libpanda_motion_generator_msgs__rosidl_typesupport_fastrtps_c.so" to ""
-- Up-to-date: /home/user/humble_ws/install/panda_motion_generator_msgs/include/panda_motion_generator_msgs/panda_motion_generator_msgs
-- Up-to-date: /home/user/humble_ws/install/panda_motion_generator_msgs/include/panda_motion_generator_msgs/panda_motion_generator_msgs/action
-- Installing: /home/user/humble_ws/install/panda_motion_generator_msgs/include/panda_motion_generator_msgs/panda_motion_generator_msgs/action/cartesian_via_motion.hpp
-- Installing: /home/user/humble_ws/install/panda_motion_generator_msgs/include/panda_motion_generator_msgs/panda_motion_generator_msgs/action/joint_via_motion.hpp
-- Up-to-date: /home/user/humble_ws/install/panda_motion_generator_msgs/include/panda_motion_generator_msgs/panda_motion_generator_msgs/action/detail
-- Installing: /home/user/humble_ws/install/panda_motion_generator_msgs/include/panda_motion_generator_msgs/panda_motion_generator_msgs/action/detail/cartesian_via_motion__traits.hpp
-- Installing: /home/user/humble_ws/install/panda_motion_generator_msgs/include/panda_motion_generator_msgs/panda_motion_generator_msgs/action/detail/joint_via_motion__traits.hpp
-- Installing: /home/user/humble_ws/install/panda_motion_generator_msgs/include/panda_motion_generator_msgs/panda_motion_generator_msgs/action/detail/cartesian_via_motion__builder.hpp
-- Installing: /home/user/humble_ws/install/panda_motion_generator_msgs/include/panda_motion_generator_msgs/panda_motion_generator_msgs/action/detail/joint_via_motion__builder.hpp
-- Installing: /home/user/humble_ws/install/panda_motion_generator_msgs/include/panda_motion_generator_msgs/panda_motion_generator_msgs/action/detail/cartesian_via_motion__struct.hpp
-- Installing: /home/user/humble_ws/install/panda_motion_generator_msgs/include/panda_motion_generator_msgs/panda_motion_generator_msgs/action/detail/joint_via_motion__struct.hpp
-- Up-to-date: /home/user/humble_ws/install/panda_motion_generator_msgs/include/panda_motion_generator_msgs/panda_motion_generator_msgs/msg
-- Up-to-date: /home/user/humble_ws/install/panda_motion_generator_msgs/include/panda_motion_generator_msgs/panda_motion_generator_msgs/msg/detail
-- Installing: /home/user/humble_ws/install/panda_motion_generator_msgs/include/panda_motion_generator_msgs/panda_motion_generator_msgs/msg/detail/set_time_scaling__builder.hpp
-- Installing: /home/user/humble_ws/install/panda_motion_generator_msgs/include/panda_motion_generator_msgs/panda_motion_generator_msgs/msg/detail/joint_pose__traits.hpp
-- Installing: /home/user/humble_ws/install/panda_motion_generator_msgs/include/panda_motion_generator_msgs/panda_motion_generator_msgs/msg/detail/simple_action_result__traits.hpp
-- Installing: /home/user/humble_ws/install/panda_motion_generator_msgs/include/panda_motion_generator_msgs/panda_motion_generator_msgs/msg/detail/joint_pose__struct.hpp
-- Installing: /home/user/humble_ws/install/panda_motion_generator_msgs/include/panda_motion_generator_msgs/panda_motion_generator_msgs/msg/detail/simple_action_result__struct.hpp
-- Installing: /home/user/humble_ws/install/panda_motion_generator_msgs/include/panda_motion_generator_msgs/panda_motion_generator_msgs/msg/detail/set_time_scaling__traits.hpp
-- Installing: /home/user/humble_ws/install/panda_motion_generator_msgs/include/panda_motion_generator_msgs/panda_motion_generator_msgs/msg/detail/joint_pose__builder.hpp
-- Installing: /home/user/humble_ws/install/panda_motion_generator_msgs/include/panda_motion_generator_msgs/panda_motion_generator_msgs/msg/detail/set_time_scaling__struct.hpp
-- Installing: /home/user/humble_ws/install/panda_motion_generator_msgs/include/panda_motion_generator_msgs/panda_motion_generator_msgs/msg/detail/simple_action_result__builder.hpp
-- Installing: /home/user/humble_ws/install/panda_motion_generator_msgs/include/panda_motion_generator_msgs/panda_motion_generator_msgs/msg/set_time_scaling.hpp
-- Installing: /home/user/humble_ws/install/panda_motion_generator_msgs/include/panda_motion_generator_msgs/panda_motion_generator_msgs/msg/simple_action_result.hpp
-- Installing: /home/user/humble_ws/install/panda_motion_generator_msgs/include/panda_motion_generator_msgs/panda_motion_generator_msgs/msg/joint_pose.hpp
-- Up-to-date: /home/user/humble_ws/install/panda_motion_generator_msgs/include/panda_motion_generator_msgs/panda_motion_generator_msgs
-- Up-to-date: /home/user/humble_ws/install/panda_motion_generator_msgs/include/panda_motion_generator_msgs/panda_motion_generator_msgs/action
-- Up-to-date: /home/user/humble_ws/install/panda_motion_generator_msgs/include/panda_motion_generator_msgs/panda_motion_generator_msgs/action/detail
-- Installing: /home/user/humble_ws/install/panda_motion_generator_msgs/include/panda_motion_generator_msgs/panda_motion_generator_msgs/action/detail/dds_fastrtps
-- Installing: /home/user/humble_ws/install/panda_motion_generator_msgs/include/panda_motion_generator_msgs/panda_motion_generator_msgs/action/detail/joint_via_motion__rosidl_typesupport_fastrtps_cpp.hpp
-- Installing: /home/user/humble_ws/install/panda_motion_generator_msgs/include/panda_motion_generator_msgs/panda_motion_generator_msgs/action/detail/cartesian_via_motion__rosidl_typesupport_fastrtps_cpp.hpp
-- Up-to-date: /home/user/humble_ws/install/panda_motion_generator_msgs/include/panda_motion_generator_msgs/panda_motion_generator_msgs/msg
-- Up-to-date: /home/user/humble_ws/install/panda_motion_generator_msgs/include/panda_motion_generator_msgs/panda_motion_generator_msgs/msg/detail
-- Installing: /home/user/humble_ws/install/panda_motion_generator_msgs/include/panda_motion_generator_msgs/panda_motion_generator_msgs/msg/detail/dds_fastrtps
-- Installing: /home/user/humble_ws/install/panda_motion_generator_msgs/include/panda_motion_generator_msgs/panda_motion_generator_msgs/msg/detail/joint_pose__rosidl_typesupport_fastrtps_cpp.hpp
-- Installing: /home/user/humble_ws/install/panda_motion_generator_msgs/include/panda_motion_generator_msgs/panda_motion_generator_msgs/msg/detail/simple_action_result__rosidl_typesupport_fastrtps_cpp.hpp
-- Installing: /home/user/humble_ws/install/panda_motion_generator_msgs/include/panda_motion_generator_msgs/panda_motion_generator_msgs/msg/detail/set_time_scaling__rosidl_typesupport_fastrtps_cpp.hpp
-- Installing: /home/user/humble_ws/install/panda_motion_generator_msgs/include/panda_motion_generator_msgs/panda_motion_generator_msgs/msg/rosidl_typesupport_fastrtps_cpp__visibility_control.h
-- Installing: /home/user/humble_ws/install/panda_motion_generator_msgs/lib/libpanda_motion_generator_msgs__rosidl_typesupport_fastrtps_cpp.so
-- Set runtime path of "/home/user/humble_ws/install/panda_motion_generator_msgs/lib/libpanda_motion_generator_msgs__rosidl_typesupport_fastrtps_cpp.so" to ""
-- Up-to-date: /home/user/humble_ws/install/panda_motion_generator_msgs/include/panda_motion_generator_msgs/panda_motion_generator_msgs
-- Up-to-date: /home/user/humble_ws/install/panda_motion_generator_msgs/include/panda_motion_generator_msgs/panda_motion_generator_msgs/action
-- Up-to-date: /home/user/humble_ws/install/panda_motion_generator_msgs/include/panda_motion_generator_msgs/panda_motion_generator_msgs/action/detail
-- Installing: /home/user/humble_ws/install/panda_motion_generator_msgs/include/panda_motion_generator_msgs/panda_motion_generator_msgs/action/detail/cartesian_via_motion__rosidl_typesupport_introspection_c.h
-- Installing: /home/user/humble_ws/install/panda_motion_generator_msgs/include/panda_motion_generator_msgs/panda_motion_generator_msgs/action/detail/joint_via_motion__rosidl_typesupport_introspection_c.h
-- Installing: /home/user/humble_ws/install/panda_motion_generator_msgs/include/panda_motion_generator_msgs/panda_motion_generator_msgs/action/detail/joint_via_motion__type_support.c
-- Installing: /home/user/humble_ws/install/panda_motion_generator_msgs/include/panda_motion_generator_msgs/panda_motion_generator_msgs/action/detail/cartesian_via_motion__type_support.c
-- Up-to-date: /home/user/humble_ws/install/panda_motion_generator_msgs/include/panda_motion_generator_msgs/panda_motion_generator_msgs/msg
-- Up-to-date: /home/user/humble_ws/install/panda_motion_generator_msgs/include/panda_motion_generator_msgs/panda_motion_generator_msgs/msg/detail
-- Installing: /home/user/humble_ws/install/panda_motion_generator_msgs/include/panda_motion_generator_msgs/panda_motion_generator_msgs/msg/detail/simple_action_result__type_support.c
-- Installing: /home/user/humble_ws/install/panda_motion_generator_msgs/include/panda_motion_generator_msgs/panda_motion_generator_msgs/msg/detail/joint_pose__rosidl_typesupport_introspection_c.h
-- Installing: /home/user/humble_ws/install/panda_motion_generator_msgs/include/panda_motion_generator_msgs/panda_motion_generator_msgs/msg/detail/joint_pose__type_support.c
-- Installing: /home/user/humble_ws/install/panda_motion_generator_msgs/include/panda_motion_generator_msgs/panda_motion_generator_msgs/msg/detail/set_time_scaling__type_support.c
-- Installing: /home/user/humble_ws/install/panda_motion_generator_msgs/include/panda_motion_generator_msgs/panda_motion_generator_msgs/msg/detail/simple_action_result__rosidl_typesupport_introspection_c.h
-- Installing: /home/user/humble_ws/install/panda_motion_generator_msgs/include/panda_motion_generator_msgs/panda_motion_generator_msgs/msg/detail/set_time_scaling__rosidl_typesupport_introspection_c.h
-- Installing: /home/user/humble_ws/install/panda_motion_generator_msgs/include/panda_motion_generator_msgs/panda_motion_generator_msgs/msg/rosidl_typesupport_introspection_c__visibility_control.h
-- Installing: /home/user/humble_ws/install/panda_motion_generator_msgs/lib/libpanda_motion_generator_msgs__rosidl_typesupport_introspection_c.so
-- Set runtime path of "/home/user/humble_ws/install/panda_motion_generator_msgs/lib/libpanda_motion_generator_msgs__rosidl_typesupport_introspection_c.so" to ""
-- Installing: /home/user/humble_ws/install/panda_motion_generator_msgs/lib/libpanda_motion_generator_msgs__rosidl_typesupport_c.so
-- Set runtime path of "/home/user/humble_ws/install/panda_motion_generator_msgs/lib/libpanda_motion_generator_msgs__rosidl_typesupport_c.so" to ""
-- Up-to-date: /home/user/humble_ws/install/panda_motion_generator_msgs/include/panda_motion_generator_msgs/panda_motion_generator_msgs
-- Up-to-date: /home/user/humble_ws/install/panda_motion_generator_msgs/include/panda_motion_generator_msgs/panda_motion_generator_msgs/action
-- Up-to-date: /home/user/humble_ws/install/panda_motion_generator_msgs/include/panda_motion_generator_msgs/panda_motion_generator_msgs/action/detail
-- Installing: /home/user/humble_ws/install/panda_motion_generator_msgs/include/panda_motion_generator_msgs/panda_motion_generator_msgs/action/detail/cartesian_via_motion__rosidl_typesupport_introspection_cpp.hpp
-- Installing: /home/user/humble_ws/install/panda_motion_generator_msgs/include/panda_motion_generator_msgs/panda_motion_generator_msgs/action/detail/joint_via_motion__type_support.cpp
-- Installing: /home/user/humble_ws/install/panda_motion_generator_msgs/include/panda_motion_generator_msgs/panda_motion_generator_msgs/action/detail/joint_via_motion__rosidl_typesupport_introspection_cpp.hpp
-- Installing: /home/user/humble_ws/install/panda_motion_generator_msgs/include/panda_motion_generator_msgs/panda_motion_generator_msgs/action/detail/cartesian_via_motion__type_support.cpp
-- Up-to-date: /home/user/humble_ws/install/panda_motion_generator_msgs/include/panda_motion_generator_msgs/panda_motion_generator_msgs/msg
-- Up-to-date: /home/user/humble_ws/install/panda_motion_generator_msgs/include/panda_motion_generator_msgs/panda_motion_generator_msgs/msg/detail
-- Installing: /home/user/humble_ws/install/panda_motion_generator_msgs/include/panda_motion_generator_msgs/panda_motion_generator_msgs/msg/detail/simple_action_result__rosidl_typesupport_introspection_cpp.hpp
-- Installing: /home/user/humble_ws/install/panda_motion_generator_msgs/include/panda_motion_generator_msgs/panda_motion_generator_msgs/msg/detail/joint_pose__type_support.cpp
-- Installing: /home/user/humble_ws/install/panda_motion_generator_msgs/include/panda_motion_generator_msgs/panda_motion_generator_msgs/msg/detail/joint_pose__rosidl_typesupport_introspection_cpp.hpp
-- Installing: /home/user/humble_ws/install/panda_motion_generator_msgs/include/panda_motion_generator_msgs/panda_motion_generator_msgs/msg/detail/set_time_scaling__rosidl_typesupport_introspection_cpp.hpp
-- Installing: /home/user/humble_ws/install/panda_motion_generator_msgs/include/panda_motion_generator_msgs/panda_motion_generator_msgs/msg/detail/simple_action_result__type_support.cpp
-- Installing: /home/user/humble_ws/install/panda_motion_generator_msgs/include/panda_motion_generator_msgs/panda_motion_generator_msgs/msg/detail/set_time_scaling__type_support.cpp
-- Installing: /home/user/humble_ws/install/panda_motion_generator_msgs/lib/libpanda_motion_generator_msgs__rosidl_typesupport_introspection_cpp.so
-- Set runtime path of "/home/user/humble_ws/install/panda_motion_generator_msgs/lib/libpanda_motion_generator_msgs__rosidl_typesupport_introspection_cpp.so" to ""
-- Installing: /home/user/humble_ws/install/panda_motion_generator_msgs/lib/libpanda_motion_generator_msgs__rosidl_typesupport_cpp.so
-- Set runtime path of "/home/user/humble_ws/install/panda_motion_generator_msgs/lib/libpanda_motion_generator_msgs__rosidl_typesupport_cpp.so" to ""
-- Installing: /home/user/humble_ws/install/panda_motion_generator_msgs/share/panda_motion_generator_msgs/environment/pythonpath.sh
-- Installing: /home/user/humble_ws/install/panda_motion_generator_msgs/share/panda_motion_generator_msgs/environment/pythonpath.dsv
-- Installing: /home/user/humble_ws/install/panda_motion_generator_msgs/local/lib/python3.10/dist-packages/panda_motion_generator_msgs-0.0.0-py3.10.egg-info
-- Installing: /home/user/humble_ws/install/panda_motion_generator_msgs/local/lib/python3.10/dist-packages/panda_motion_generator_msgs-0.0.0-py3.10.egg-info/top_level.txt
-- Installing: /home/user/humble_ws/install/panda_motion_generator_msgs/local/lib/python3.10/dist-packages/panda_motion_generator_msgs-0.0.0-py3.10.egg-info/dependency_links.txt
-- Installing: /home/user/humble_ws/install/panda_motion_generator_msgs/local/lib/python3.10/dist-packages/panda_motion_generator_msgs-0.0.0-py3.10.egg-info/SOURCES.txt
-- Installing: /home/user/humble_ws/install/panda_motion_generator_msgs/local/lib/python3.10/dist-packages/panda_motion_generator_msgs-0.0.0-py3.10.egg-info/PKG-INFO
-- Installing: /home/user/humble_ws/install/panda_motion_generator_msgs/local/lib/python3.10/dist-packages/panda_motion_generator_msgs
-- Installing: /home/user/humble_ws/install/panda_motion_generator_msgs/local/lib/python3.10/dist-packages/panda_motion_generator_msgs/action
-- Installing: /home/user/humble_ws/install/panda_motion_generator_msgs/local/lib/python3.10/dist-packages/panda_motion_generator_msgs/action/_joint_via_motion.py
-- Installing: /home/user/humble_ws/install/panda_motion_generator_msgs/local/lib/python3.10/dist-packages/panda_motion_generator_msgs/action/_cartesian_via_motion_s.c
-- Installing: /home/user/humble_ws/install/panda_motion_generator_msgs/local/lib/python3.10/dist-packages/panda_motion_generator_msgs/action/_cartesian_via_motion.py
-- Installing: /home/user/humble_ws/install/panda_motion_generator_msgs/local/lib/python3.10/dist-packages/panda_motion_generator_msgs/action/_joint_via_motion_s.c
-- Installing: /home/user/humble_ws/install/panda_motion_generator_msgs/local/lib/python3.10/dist-packages/panda_motion_generator_msgs/action/__init__.py
-- Installing: /home/user/humble_ws/install/panda_motion_generator_msgs/local/lib/python3.10/dist-packages/panda_motion_generator_msgs/panda_motion_generator_msgs_s__rosidl_typesupport_fastrtps_c.cpython-310-x86_64-linux-gnu.so
-- Installing: /home/user/humble_ws/install/panda_motion_generator_msgs/local/lib/python3.10/dist-packages/panda_motion_generator_msgs/libpanda_motion_generator_msgs__rosidl_generator_py.so
-- Installing: /home/user/humble_ws/install/panda_motion_generator_msgs/local/lib/python3.10/dist-packages/panda_motion_generator_msgs/_panda_motion_generator_msgs_s.ep.rosidl_typesupport_introspection_c.c
-- Installing: /home/user/humble_ws/install/panda_motion_generator_msgs/local/lib/python3.10/dist-packages/panda_motion_generator_msgs/panda_motion_generator_msgs_s__rosidl_typesupport_c.cpython-310-x86_64-linux-gnu.so
-- Installing: /home/user/humble_ws/install/panda_motion_generator_msgs/local/lib/python3.10/dist-packages/panda_motion_generator_msgs/msg
-- Installing: /home/user/humble_ws/install/panda_motion_generator_msgs/local/lib/python3.10/dist-packages/panda_motion_generator_msgs/msg/_set_time_scaling_s.c
-- Installing: /home/user/humble_ws/install/panda_motion_generator_msgs/local/lib/python3.10/dist-packages/panda_motion_generator_msgs/msg/_joint_pose.py
-- Installing: /home/user/humble_ws/install/panda_motion_generator_msgs/local/lib/python3.10/dist-packages/panda_motion_generator_msgs/msg/_simple_action_result.py
-- Installing: /home/user/humble_ws/install/panda_motion_generator_msgs/local/lib/python3.10/dist-packages/panda_motion_generator_msgs/msg/_set_time_scaling.py
-- Installing: /home/user/humble_ws/install/panda_motion_generator_msgs/local/lib/python3.10/dist-packages/panda_motion_generator_msgs/msg/_joint_pose_s.c
-- Installing: /home/user/humble_ws/install/panda_motion_generator_msgs/local/lib/python3.10/dist-packages/panda_motion_generator_msgs/msg/__init__.py
-- Installing: /home/user/humble_ws/install/panda_motion_generator_msgs/local/lib/python3.10/dist-packages/panda_motion_generator_msgs/msg/_simple_action_result_s.c
-- Installing: /home/user/humble_ws/install/panda_motion_generator_msgs/local/lib/python3.10/dist-packages/panda_motion_generator_msgs/__init__.py
-- Installing: /home/user/humble_ws/install/panda_motion_generator_msgs/local/lib/python3.10/dist-packages/panda_motion_generator_msgs/panda_motion_generator_msgs_s__rosidl_typesupport_introspection_c.cpython-310-x86_64-linux-gnu.so
-- Installing: /home/user/humble_ws/install/panda_motion_generator_msgs/local/lib/python3.10/dist-packages/panda_motion_generator_msgs/_panda_motion_generator_msgs_s.ep.rosidl_typesupport_c.c
-- Installing: /home/user/humble_ws/install/panda_motion_generator_msgs/local/lib/python3.10/dist-packages/panda_motion_generator_msgs/_panda_motion_generator_msgs_s.ep.rosidl_typesupport_fastrtps_c.c
Listing '/home/user/humble_ws/install/panda_motion_generator_msgs/local/lib/python3.10/dist-packages/panda_motion_generator_msgs'...
Compiling '/home/user/humble_ws/install/panda_motion_generator_msgs/local/lib/python3.10/dist-packages/panda_motion_generator_msgs/__init__.py'...
Listing '/home/user/humble_ws/install/panda_motion_generator_msgs/local/lib/python3.10/dist-packages/panda_motion_generator_msgs/action'...
Compiling '/home/user/humble_ws/install/panda_motion_generator_msgs/local/lib/python3.10/dist-packages/panda_motion_generator_msgs/action/__init__.py'...
Compiling '/home/user/humble_ws/install/panda_motion_generator_msgs/local/lib/python3.10/dist-packages/panda_motion_generator_msgs/action/_cartesian_via_motion.py'...
Compiling '/home/user/humble_ws/install/panda_motion_generator_msgs/local/lib/python3.10/dist-packages/panda_motion_generator_msgs/action/_joint_via_motion.py'...
Listing '/home/user/humble_ws/install/panda_motion_generator_msgs/local/lib/python3.10/dist-packages/panda_motion_generator_msgs/msg'...
Compiling '/home/user/humble_ws/install/panda_motion_generator_msgs/local/lib/python3.10/dist-packages/panda_motion_generator_msgs/msg/__init__.py'...
Compiling '/home/user/humble_ws/install/panda_motion_generator_msgs/local/lib/python3.10/dist-packages/panda_motion_generator_msgs/msg/_joint_pose.py'...
Compiling '/home/user/humble_ws/install/panda_motion_generator_msgs/local/lib/python3.10/dist-packages/panda_motion_generator_msgs/msg/_set_time_scaling.py'...
Compiling '/home/user/humble_ws/install/panda_motion_generator_msgs/local/lib/python3.10/dist-packages/panda_motion_generator_msgs/msg/_simple_action_result.py'...
-- Installing: /home/user/humble_ws/install/panda_motion_generator_msgs/local/lib/python3.10/dist-packages/panda_motion_generator_msgs/panda_motion_generator_msgs_s__rosidl_typesupport_fastrtps_c.cpython-310-x86_64-linux-gnu.so
-- Set runtime path of "/home/user/humble_ws/install/panda_motion_generator_msgs/local/lib/python3.10/dist-packages/panda_motion_generator_msgs/panda_motion_generator_msgs_s__rosidl_typesupport_fastrtps_c.cpython-310-x86_64-linux-gnu.so" to ""
-- Installing: /home/user/humble_ws/install/panda_motion_generator_msgs/local/lib/python3.10/dist-packages/panda_motion_generator_msgs/panda_motion_generator_msgs_s__rosidl_typesupport_introspection_c.cpython-310-x86_64-linux-gnu.so
-- Set runtime path of "/home/user/humble_ws/install/panda_motion_generator_msgs/local/lib/python3.10/dist-packages/panda_motion_generator_msgs/panda_motion_generator_msgs_s__rosidl_typesupport_introspection_c.cpython-310-x86_64-linux-gnu.so" to ""
-- Installing: /home/user/humble_ws/install/panda_motion_generator_msgs/local/lib/python3.10/dist-packages/panda_motion_generator_msgs/panda_motion_generator_msgs_s__rosidl_typesupport_c.cpython-310-x86_64-linux-gnu.so
-- Set runtime path of "/home/user/humble_ws/install/panda_motion_generator_msgs/local/lib/python3.10/dist-packages/panda_motion_generator_msgs/panda_motion_generator_msgs_s__rosidl_typesupport_c.cpython-310-x86_64-linux-gnu.so" to ""
-- Installing: /home/user/humble_ws/install/panda_motion_generator_msgs/lib/libpanda_motion_generator_msgs__rosidl_generator_py.so
-- Set runtime path of "/home/user/humble_ws/install/panda_motion_generator_msgs/lib/libpanda_motion_generator_msgs__rosidl_generator_py.so" to ""
-- Installing: /home/user/humble_ws/install/panda_motion_generator_msgs/share/panda_motion_generator_msgs/msg/JointPose.idl
-- Installing: /home/user/humble_ws/install/panda_motion_generator_msgs/share/panda_motion_generator_msgs/msg/SetTimeScaling.idl
-- Installing: /home/user/humble_ws/install/panda_motion_generator_msgs/share/panda_motion_generator_msgs/msg/SimpleActionResult.idl
-- Installing: /home/user/humble_ws/install/panda_motion_generator_msgs/share/panda_motion_generator_msgs/action/CartesianViaMotion.idl
-- Installing: /home/user/humble_ws/install/panda_motion_generator_msgs/share/panda_motion_generator_msgs/action/JointViaMotion.idl
-- Installing: /home/user/humble_ws/install/panda_motion_generator_msgs/share/panda_motion_generator_msgs/msg/JointPose.msg
-- Installing: /home/user/humble_ws/install/panda_motion_generator_msgs/share/panda_motion_generator_msgs/msg/SetTimeScaling.msg
-- Installing: /home/user/humble_ws/install/panda_motion_generator_msgs/share/panda_motion_generator_msgs/msg/SimpleActionResult.msg
-- Installing: /home/user/humble_ws/install/panda_motion_generator_msgs/share/panda_motion_generator_msgs/action/CartesianViaMotion.action
-- Installing: /home/user/humble_ws/install/panda_motion_generator_msgs/share/panda_motion_generator_msgs/action/JointViaMotion.action
-- Installing: /home/user/humble_ws/install/panda_motion_generator_msgs/share/ament_index/resource_index/package_run_dependencies/panda_motion_generator_msgs
-- Installing: /home/user/humble_ws/install/panda_motion_generator_msgs/share/ament_index/resource_index/parent_prefix_path/panda_motion_generator_msgs
-- Installing: /home/user/humble_ws/install/panda_motion_generator_msgs/share/panda_motion_generator_msgs/environment/ament_prefix_path.sh
-- Installing: /home/user/humble_ws/install/panda_motion_generator_msgs/share/panda_motion_generator_msgs/environment/ament_prefix_path.dsv
-- Installing: /home/user/humble_ws/install/panda_motion_generator_msgs/share/panda_motion_generator_msgs/environment/path.sh
-- Installing: /home/user/humble_ws/install/panda_motion_generator_msgs/share/panda_motion_generator_msgs/environment/path.dsv
-- Installing: /home/user/humble_ws/install/panda_motion_generator_msgs/share/panda_motion_generator_msgs/local_setup.bash
-- Installing: /home/user/humble_ws/install/panda_motion_generator_msgs/share/panda_motion_generator_msgs/local_setup.sh
-- Installing: /home/user/humble_ws/install/panda_motion_generator_msgs/share/panda_motion_generator_msgs/local_setup.zsh
-- Installing: /home/user/humble_ws/install/panda_motion_generator_msgs/share/panda_motion_generator_msgs/local_setup.dsv
-- Installing: /home/user/humble_ws/install/panda_motion_generator_msgs/share/panda_motion_generator_msgs/package.dsv
-- Installing: /home/user/humble_ws/install/panda_motion_generator_msgs/share/ament_index/resource_index/packages/panda_motion_generator_msgs
-- Installing: /home/user/humble_ws/install/panda_motion_generator_msgs/share/panda_motion_generator_msgs/cmake/export_panda_motion_generator_msgs__rosidl_generator_cExport.cmake
-- Installing: /home/user/humble_ws/install/panda_motion_generator_msgs/share/panda_motion_generator_msgs/cmake/export_panda_motion_generator_msgs__rosidl_generator_cExport-release.cmake
-- Installing: /home/user/humble_ws/install/panda_motion_generator_msgs/share/panda_motion_generator_msgs/cmake/export_panda_motion_generator_msgs__rosidl_typesupport_fastrtps_cExport.cmake
-- Installing: /home/user/humble_ws/install/panda_motion_generator_msgs/share/panda_motion_generator_msgs/cmake/export_panda_motion_generator_msgs__rosidl_typesupport_fastrtps_cExport-release.cmake
-- Installing: /home/user/humble_ws/install/panda_motion_generator_msgs/share/panda_motion_generator_msgs/cmake/export_panda_motion_generator_msgs__rosidl_generator_cppExport.cmake
-- Installing: /home/user/humble_ws/install/panda_motion_generator_msgs/share/panda_motion_generator_msgs/cmake/export_panda_motion_generator_msgs__rosidl_typesupport_fastrtps_cppExport.cmake
-- Installing: /home/user/humble_ws/install/panda_motion_generator_msgs/share/panda_motion_generator_msgs/cmake/export_panda_motion_generator_msgs__rosidl_typesupport_fastrtps_cppExport-release.cmake
-- Installing: /home/user/humble_ws/install/panda_motion_generator_msgs/share/panda_motion_generator_msgs/cmake/panda_motion_generator_msgs__rosidl_typesupport_introspection_cExport.cmake
-- Installing: /home/user/humble_ws/install/panda_motion_generator_msgs/share/panda_motion_generator_msgs/cmake/panda_motion_generator_msgs__rosidl_typesupport_introspection_cExport-release.cmake
-- Installing: /home/user/humble_ws/install/panda_motion_generator_msgs/share/panda_motion_generator_msgs/cmake/panda_motion_generator_msgs__rosidl_typesupport_cExport.cmake
-- Installing: /home/user/humble_ws/install/panda_motion_generator_msgs/share/panda_motion_generator_msgs/cmake/panda_motion_generator_msgs__rosidl_typesupport_cExport-release.cmake
-- Installing: /home/user/humble_ws/install/panda_motion_generator_msgs/share/panda_motion_generator_msgs/cmake/panda_motion_generator_msgs__rosidl_typesupport_introspection_cppExport.cmake
-- Installing: /home/user/humble_ws/install/panda_motion_generator_msgs/share/panda_motion_generator_msgs/cmake/panda_motion_generator_msgs__rosidl_typesupport_introspection_cppExport-release.cmake
-- Installing: /home/user/humble_ws/install/panda_motion_generator_msgs/share/panda_motion_generator_msgs/cmake/panda_motion_generator_msgs__rosidl_typesupport_cppExport.cmake
-- Installing: /home/user/humble_ws/install/panda_motion_generator_msgs/share/panda_motion_generator_msgs/cmake/panda_motion_generator_msgs__rosidl_typesupport_cppExport-release.cmake
-- Installing: /home/user/humble_ws/install/panda_motion_generator_msgs/share/panda_motion_generator_msgs/cmake/export_panda_motion_generator_msgs__rosidl_generator_pyExport.cmake
-- Installing: /home/user/humble_ws/install/panda_motion_generator_msgs/share/panda_motion_generator_msgs/cmake/export_panda_motion_generator_msgs__rosidl_generator_pyExport-release.cmake
-- Installing: /home/user/humble_ws/install/panda_motion_generator_msgs/share/panda_motion_generator_msgs/cmake/rosidl_cmake-extras.cmake
-- Installing: /home/user/humble_ws/install/panda_motion_generator_msgs/share/panda_motion_generator_msgs/cmake/ament_cmake_export_dependencies-extras.cmake
-- Installing: /home/user/humble_ws/install/panda_motion_generator_msgs/share/panda_motion_generator_msgs/cmake/ament_cmake_export_include_directories-extras.cmake
-- Installing: /home/user/humble_ws/install/panda_motion_generator_msgs/share/panda_motion_generator_msgs/cmake/ament_cmake_export_libraries-extras.cmake
-- Installing: /home/user/humble_ws/install/panda_motion_generator_msgs/share/panda_motion_generator_msgs/cmake/ament_cmake_export_targets-extras.cmake
-- Installing: /home/user/humble_ws/install/panda_motion_generator_msgs/share/panda_motion_generator_msgs/cmake/rosidl_cmake_export_typesupport_targets-extras.cmake
-- Installing: /home/user/humble_ws/install/panda_motion_generator_msgs/share/panda_motion_generator_msgs/cmake/rosidl_cmake_export_typesupport_libraries-extras.cmake
-- Installing: /home/user/humble_ws/install/panda_motion_generator_msgs/share/panda_motion_generator_msgs/cmake/panda_motion_generator_msgsConfig.cmake
-- Installing: /home/user/humble_ws/install/panda_motion_generator_msgs/share/panda_motion_generator_msgs/cmake/panda_motion_generator_msgsConfig-version.cmake
-- Installing: /home/user/humble_ws/install/panda_motion_generator_msgs/share/panda_motion_generator_msgs/package.xml
