[0.032s] Invoking command in '/home/user/humble_ws/build/franka_hardware': CMAKE_PREFIX_PATH=/home/user/humble_ws/install/franka_msgs:/home/user/humble_ws/install/panda_motion_generators:/home/user/humble_ws/install/panda_motion_generator_msgs:/home/user/humble_ws/install/multi_mode_controller_impl:/home/user/humble_ws/install/multi_mode_controller:/home/user/humble_ws/install/multi_mode_control_msgs:/home/user/humble_ws/install/garmi_controllers:/home/user/humble_ws/install/franka_robot_state_broadcaster:/home/user/humble_ws/install/franka_example_controllers:/home/user/humble_ws/install/franka_semantic_components:/home/user/humble_ws/install/franka_moveit_config:/home/user/humble_ws/install/franka_bringup:/home/user/humble_ws/install/franka_hardware:/home/user/humble_ws/install/franka_gripper:/home/user/humble_ws/install/franka_control2:/home/user/humble_ws/install/franka_description:/home/user/Libraries/libfranka/lib/cmake:/home/user/Libraries/mujoco/lib/cmake:/opt/ros/humble LD_LIBRARY_PATH=/home/user/humble_ws/install/franka_msgs/lib:/home/user/humble_ws/install/panda_motion_generators/lib:/home/user/humble_ws/install/panda_motion_generator_msgs/lib:/home/user/humble_ws/install/multi_mode_controller_impl/lib:/home/user/humble_ws/install/multi_mode_controller/lib:/home/user/humble_ws/install/multi_mode_control_msgs/lib:/home/user/humble_ws/install/garmi_controllers/lib:/home/user/humble_ws/install/franka_robot_state_broadcaster/lib:/home/user/humble_ws/install/franka_example_controllers/lib:/home/user/humble_ws/install/franka_semantic_components/lib:/home/user/humble_ws/install/franka_hardware/lib:/home/user/humble_ws/install/franka_gripper/lib:/opt/ros/humble/opt/rviz_ogre_vendor/lib:/opt/ros/humble/lib/x86_64-linux-gnu:/opt/ros/humble/lib:/home/user/Libraries/libfranka/lib:/home/user/Libraries/mujoco/lib /usr/bin/cmake /home/user/humble_ws/src/bimanual_architecture/franka_hardware -DCMAKE_INSTALL_PREFIX=/home/user/humble_ws/install/franka_hardware
[0.053s] -- Found ament_cmake: 1.3.10 (/opt/ros/humble/share/ament_cmake/cmake)
[0.214s] -- Found rclcpp: 16.0.10 (/opt/ros/humble/share/rclcpp/cmake)
[0.262s] -- Found rosidl_generator_c: 3.1.5 (/opt/ros/humble/share/rosidl_generator_c/cmake)
[0.266s] -- Found rosidl_adapter: 3.1.5 (/opt/ros/humble/share/rosidl_adapter/cmake)
[0.277s] -- Found rosidl_generator_cpp: 3.1.5 (/opt/ros/humble/share/rosidl_generator_cpp/cmake)
[0.289s] -- Using all available rosidl_typesupport_c: rosidl_typesupport_fastrtps_c;rosidl_typesupport_introspection_c
[0.302s] -- Using all available rosidl_typesupport_cpp: rosidl_typesupport_fastrtps_cpp;rosidl_typesupport_introspection_cpp
[0.336s] -- Found rmw_implementation_cmake: 6.1.2 (/opt/ros/humble/share/rmw_implementation_cmake/cmake)
[0.338s] -- Found rmw_fastrtps_cpp: 6.2.7 (/opt/ros/humble/share/rmw_fastrtps_cpp/cmake)
[0.484s] -- Using RMW implementation 'rmw_fastrtps_cpp' as default
[0.576s] -- Found rclcpp_action: 16.0.10 (/opt/ros/humble/share/rclcpp_action/cmake)
[0.626s] -- Found rclcpp_components: 16.0.10 (/opt/ros/humble/share/rclcpp_components/cmake)
[0.648s] -- Found std_srvs: 4.2.4 (/opt/ros/humble/share/std_srvs/cmake)
[0.660s] -- Found franka_msgs: 0.0.0 (/home/user/humble_ws/install/franka_msgs/share/franka_msgs/cmake)
[0.714s] -- Found hardware_interface: 2.44.0 (/opt/ros/humble/share/hardware_interface/cmake)
[0.937s] -- Found ament_cmake_clang_format: 0.12.11 (/opt/ros/humble/share/ament_cmake_clang_format/cmake)
[0.938s] -- Found ament_cmake_copyright: 0.12.11 (/opt/ros/humble/share/ament_cmake_copyright/cmake)
[0.939s] -- Found ament_cmake_cppcheck: 0.12.11 (/opt/ros/humble/share/ament_cmake_cppcheck/cmake)
[0.940s] -- Found ament_cmake_flake8: 0.12.11 (/opt/ros/humble/share/ament_cmake_flake8/cmake)
[0.941s] -- Found ament_cmake_lint_cmake: 0.12.11 (/opt/ros/humble/share/ament_cmake_lint_cmake/cmake)
[0.942s] -- Found ament_cmake_pep257: 0.12.11 (/opt/ros/humble/share/ament_cmake_pep257/cmake)
[0.943s] -- Found ament_cmake_xmllint: 0.12.11 (/opt/ros/humble/share/ament_cmake_xmllint/cmake)
[1.081s] -- Configuring done
[1.129s] -- Generating done
[1.131s] -- Build files have been written to: /home/user/humble_ws/build/franka_hardware
[1.139s] Invoked command in '/home/user/humble_ws/build/franka_hardware' returned '0': CMAKE_PREFIX_PATH=/home/user/humble_ws/install/franka_msgs:/home/user/humble_ws/install/panda_motion_generators:/home/user/humble_ws/install/panda_motion_generator_msgs:/home/user/humble_ws/install/multi_mode_controller_impl:/home/user/humble_ws/install/multi_mode_controller:/home/user/humble_ws/install/multi_mode_control_msgs:/home/user/humble_ws/install/garmi_controllers:/home/user/humble_ws/install/franka_robot_state_broadcaster:/home/user/humble_ws/install/franka_example_controllers:/home/user/humble_ws/install/franka_semantic_components:/home/user/humble_ws/install/franka_moveit_config:/home/user/humble_ws/install/franka_bringup:/home/user/humble_ws/install/franka_hardware:/home/user/humble_ws/install/franka_gripper:/home/user/humble_ws/install/franka_control2:/home/user/humble_ws/install/franka_description:/home/user/Libraries/libfranka/lib/cmake:/home/user/Libraries/mujoco/lib/cmake:/opt/ros/humble LD_LIBRARY_PATH=/home/user/humble_ws/install/franka_msgs/lib:/home/user/humble_ws/install/panda_motion_generators/lib:/home/user/humble_ws/install/panda_motion_generator_msgs/lib:/home/user/humble_ws/install/multi_mode_controller_impl/lib:/home/user/humble_ws/install/multi_mode_controller/lib:/home/user/humble_ws/install/multi_mode_control_msgs/lib:/home/user/humble_ws/install/garmi_controllers/lib:/home/user/humble_ws/install/franka_robot_state_broadcaster/lib:/home/user/humble_ws/install/franka_example_controllers/lib:/home/user/humble_ws/install/franka_semantic_components/lib:/home/user/humble_ws/install/franka_hardware/lib:/home/user/humble_ws/install/franka_gripper/lib:/opt/ros/humble/opt/rviz_ogre_vendor/lib:/opt/ros/humble/lib/x86_64-linux-gnu:/opt/ros/humble/lib:/home/user/Libraries/libfranka/lib:/home/user/Libraries/mujoco/lib /usr/bin/cmake /home/user/humble_ws/src/bimanual_architecture/franka_hardware -DCMAKE_INSTALL_PREFIX=/home/user/humble_ws/install/franka_hardware
[1.142s] Invoking command in '/home/user/humble_ws/build/franka_hardware': CMAKE_PREFIX_PATH=/home/user/humble_ws/install/franka_msgs:/home/user/humble_ws/install/panda_motion_generators:/home/user/humble_ws/install/panda_motion_generator_msgs:/home/user/humble_ws/install/multi_mode_controller_impl:/home/user/humble_ws/install/multi_mode_controller:/home/user/humble_ws/install/multi_mode_control_msgs:/home/user/humble_ws/install/garmi_controllers:/home/user/humble_ws/install/franka_robot_state_broadcaster:/home/user/humble_ws/install/franka_example_controllers:/home/user/humble_ws/install/franka_semantic_components:/home/user/humble_ws/install/franka_moveit_config:/home/user/humble_ws/install/franka_bringup:/home/user/humble_ws/install/franka_hardware:/home/user/humble_ws/install/franka_gripper:/home/user/humble_ws/install/franka_control2:/home/user/humble_ws/install/franka_description:/home/user/Libraries/libfranka/lib/cmake:/home/user/Libraries/mujoco/lib/cmake:/opt/ros/humble LD_LIBRARY_PATH=/home/user/humble_ws/install/franka_msgs/lib:/home/user/humble_ws/install/panda_motion_generators/lib:/home/user/humble_ws/install/panda_motion_generator_msgs/lib:/home/user/humble_ws/install/multi_mode_controller_impl/lib:/home/user/humble_ws/install/multi_mode_controller/lib:/home/user/humble_ws/install/multi_mode_control_msgs/lib:/home/user/humble_ws/install/garmi_controllers/lib:/home/user/humble_ws/install/franka_robot_state_broadcaster/lib:/home/user/humble_ws/install/franka_example_controllers/lib:/home/user/humble_ws/install/franka_semantic_components/lib:/home/user/humble_ws/install/franka_hardware/lib:/home/user/humble_ws/install/franka_gripper/lib:/opt/ros/humble/opt/rviz_ogre_vendor/lib:/opt/ros/humble/lib/x86_64-linux-gnu:/opt/ros/humble/lib:/home/user/Libraries/libfranka/lib:/home/user/Libraries/mujoco/lib /usr/bin/cmake --build /home/user/humble_ws/build/franka_hardware -- -j12 -l12
[1.222s] [35m[1mConsolidate compiler generated dependencies of target franka_hardware[0m
[1.307s] [100%] Built target franka_hardware
[1.324s] Invoked command in '/home/user/humble_ws/build/franka_hardware' returned '0': CMAKE_PREFIX_PATH=/home/user/humble_ws/install/franka_msgs:/home/user/humble_ws/install/panda_motion_generators:/home/user/humble_ws/install/panda_motion_generator_msgs:/home/user/humble_ws/install/multi_mode_controller_impl:/home/user/humble_ws/install/multi_mode_controller:/home/user/humble_ws/install/multi_mode_control_msgs:/home/user/humble_ws/install/garmi_controllers:/home/user/humble_ws/install/franka_robot_state_broadcaster:/home/user/humble_ws/install/franka_example_controllers:/home/user/humble_ws/install/franka_semantic_components:/home/user/humble_ws/install/franka_moveit_config:/home/user/humble_ws/install/franka_bringup:/home/user/humble_ws/install/franka_hardware:/home/user/humble_ws/install/franka_gripper:/home/user/humble_ws/install/franka_control2:/home/user/humble_ws/install/franka_description:/home/user/Libraries/libfranka/lib/cmake:/home/user/Libraries/mujoco/lib/cmake:/opt/ros/humble LD_LIBRARY_PATH=/home/user/humble_ws/install/franka_msgs/lib:/home/user/humble_ws/install/panda_motion_generators/lib:/home/user/humble_ws/install/panda_motion_generator_msgs/lib:/home/user/humble_ws/install/multi_mode_controller_impl/lib:/home/user/humble_ws/install/multi_mode_controller/lib:/home/user/humble_ws/install/multi_mode_control_msgs/lib:/home/user/humble_ws/install/garmi_controllers/lib:/home/user/humble_ws/install/franka_robot_state_broadcaster/lib:/home/user/humble_ws/install/franka_example_controllers/lib:/home/user/humble_ws/install/franka_semantic_components/lib:/home/user/humble_ws/install/franka_hardware/lib:/home/user/humble_ws/install/franka_gripper/lib:/opt/ros/humble/opt/rviz_ogre_vendor/lib:/opt/ros/humble/lib/x86_64-linux-gnu:/opt/ros/humble/lib:/home/user/Libraries/libfranka/lib:/home/user/Libraries/mujoco/lib /usr/bin/cmake --build /home/user/humble_ws/build/franka_hardware -- -j12 -l12
[1.436s] Invoking command in '/home/user/humble_ws/build/franka_hardware': CMAKE_PREFIX_PATH=/home/user/humble_ws/install/franka_msgs:/home/user/humble_ws/install/panda_motion_generators:/home/user/humble_ws/install/panda_motion_generator_msgs:/home/user/humble_ws/install/multi_mode_controller_impl:/home/user/humble_ws/install/multi_mode_controller:/home/user/humble_ws/install/multi_mode_control_msgs:/home/user/humble_ws/install/garmi_controllers:/home/user/humble_ws/install/franka_robot_state_broadcaster:/home/user/humble_ws/install/franka_example_controllers:/home/user/humble_ws/install/franka_semantic_components:/home/user/humble_ws/install/franka_moveit_config:/home/user/humble_ws/install/franka_bringup:/home/user/humble_ws/install/franka_hardware:/home/user/humble_ws/install/franka_gripper:/home/user/humble_ws/install/franka_control2:/home/user/humble_ws/install/franka_description:/home/user/Libraries/libfranka/lib/cmake:/home/user/Libraries/mujoco/lib/cmake:/opt/ros/humble LD_LIBRARY_PATH=/home/user/humble_ws/install/franka_msgs/lib:/home/user/humble_ws/install/panda_motion_generators/lib:/home/user/humble_ws/install/panda_motion_generator_msgs/lib:/home/user/humble_ws/install/multi_mode_controller_impl/lib:/home/user/humble_ws/install/multi_mode_controller/lib:/home/user/humble_ws/install/multi_mode_control_msgs/lib:/home/user/humble_ws/install/garmi_controllers/lib:/home/user/humble_ws/install/franka_robot_state_broadcaster/lib:/home/user/humble_ws/install/franka_example_controllers/lib:/home/user/humble_ws/install/franka_semantic_components/lib:/home/user/humble_ws/install/franka_hardware/lib:/home/user/humble_ws/install/franka_gripper/lib:/opt/ros/humble/opt/rviz_ogre_vendor/lib:/opt/ros/humble/lib/x86_64-linux-gnu:/opt/ros/humble/lib:/home/user/Libraries/libfranka/lib:/home/user/Libraries/mujoco/lib /usr/bin/cmake --install /home/user/humble_ws/build/franka_hardware
[1.451s] -- Install configuration: "Release"
[1.451s] -- Up-to-date: /home/user/humble_ws/install/franka_hardware/share/franka_hardware/franka_hardware.xml
[1.453s] -- Up-to-date: /home/user/humble_ws/install/franka_hardware/lib/libfranka_hardware.so
[1.458s] -- Up-to-date: /home/user/humble_ws/install/franka_hardware/include
[1.458s] -- Up-to-date: /home/user/humble_ws/install/franka_hardware/include/franka_hardware
[1.459s] -- Up-to-date: /home/user/humble_ws/install/franka_hardware/include/franka_hardware/mobile_base_sim.hpp
[1.459s] -- Up-to-date: /home/user/humble_ws/install/franka_hardware/include/franka_hardware/robot.hpp
[1.460s] -- Up-to-date: /home/user/humble_ws/install/franka_hardware/include/franka_hardware/franka_mujoco_multi_hardware_interface.hpp
[1.461s] -- Up-to-date: /home/user/humble_ws/install/franka_hardware/include/franka_hardware/franka_hardware_interface.hpp
[1.462s] -- Up-to-date: /home/user/humble_ws/install/franka_hardware/include/franka_hardware/control_mode.h
[1.463s] -- Up-to-date: /home/user/humble_ws/install/franka_hardware/include/franka_hardware/franka_executor.hpp
[1.464s] -- Up-to-date: /home/user/humble_ws/install/franka_hardware/include/franka_hardware/mujoco_pose_service.hpp
[1.464s] -- Up-to-date: /home/user/humble_ws/install/franka_hardware/include/franka_hardware/model_franka.hpp
[1.465s] -- Up-to-date: /home/user/humble_ws/install/franka_hardware/include/franka_hardware/garmi_head_sim.hpp
[1.466s] -- Up-to-date: /home/user/humble_ws/install/franka_hardware/include/franka_hardware/robot_sim.hpp
[1.467s] -- Up-to-date: /home/user/humble_ws/install/franka_hardware/include/franka_hardware/gripper_sim_action_server.hpp
[1.468s] -- Up-to-date: /home/user/humble_ws/install/franka_hardware/include/franka_hardware/franka_multi_hardware_interface.hpp
[1.468s] -- Up-to-date: /home/user/humble_ws/install/franka_hardware/include/franka_hardware/garmi_mujoco_hardware_interface.hpp
[1.469s] -- Up-to-date: /home/user/humble_ws/install/franka_hardware/include/franka_hardware/franka_error_recovery_service_server.hpp
[1.470s] -- Up-to-date: /home/user/humble_ws/install/franka_hardware/include/franka_hardware/helper_functions.hpp
[1.470s] -- Up-to-date: /home/user/humble_ws/install/franka_hardware/include/franka_hardware/model_base.hpp
[1.471s] -- Up-to-date: /home/user/humble_ws/install/franka_hardware/include/franka_hardware/mujoco_visualizer.hpp
[1.472s] -- Up-to-date: /home/user/humble_ws/install/franka_hardware/include/franka_hardware/model.hpp
[1.473s] -- Up-to-date: /home/user/humble_ws/install/franka_hardware/include/franka_hardware/franka_mujoco_hardware_interface.hpp
[1.473s] -- Up-to-date: /home/user/humble_ws/install/franka_hardware/include/franka_hardware/franka_param_service_server.hpp
[1.474s] -- Up-to-date: /home/user/humble_ws/install/franka_hardware/include/franka_hardware/model_sim.hpp
[1.475s] -- Up-to-date: /home/user/humble_ws/install/franka_hardware/share/franka_hardware/environment/library_path.sh
[1.475s] -- Installing: /home/user/humble_ws/install/franka_hardware/share/franka_hardware/environment/library_path.dsv
[1.476s] -- Up-to-date: /home/user/humble_ws/install/franka_hardware/share/ament_index/resource_index/package_run_dependencies/franka_hardware
[1.477s] -- Installing: /home/user/humble_ws/install/franka_hardware/share/ament_index/resource_index/parent_prefix_path/franka_hardware
[1.477s] -- Up-to-date: /home/user/humble_ws/install/franka_hardware/share/franka_hardware/environment/ament_prefix_path.sh
[1.478s] -- Installing: /home/user/humble_ws/install/franka_hardware/share/franka_hardware/environment/ament_prefix_path.dsv
[1.479s] -- Up-to-date: /home/user/humble_ws/install/franka_hardware/share/franka_hardware/environment/path.sh
[1.479s] -- Installing: /home/user/humble_ws/install/franka_hardware/share/franka_hardware/environment/path.dsv
[1.480s] -- Up-to-date: /home/user/humble_ws/install/franka_hardware/share/franka_hardware/local_setup.bash
[1.481s] -- Up-to-date: /home/user/humble_ws/install/franka_hardware/share/franka_hardware/local_setup.sh
[1.482s] -- Up-to-date: /home/user/humble_ws/install/franka_hardware/share/franka_hardware/local_setup.zsh
[1.482s] -- Installing: /home/user/humble_ws/install/franka_hardware/share/franka_hardware/local_setup.dsv
[1.483s] -- Installing: /home/user/humble_ws/install/franka_hardware/share/franka_hardware/package.dsv
[1.483s] -- Up-to-date: /home/user/humble_ws/install/franka_hardware/share/ament_index/resource_index/packages/franka_hardware
[1.484s] -- Up-to-date: /home/user/humble_ws/install/franka_hardware/share/ament_index/resource_index/hardware_interface__pluginlib__plugin/franka_hardware
[1.485s] -- Up-to-date: /home/user/humble_ws/install/franka_hardware/share/franka_hardware/cmake/ament_cmake_export_include_directories-extras.cmake
[1.486s] -- Up-to-date: /home/user/humble_ws/install/franka_hardware/share/franka_hardware/cmake/ament_cmake_export_libraries-extras.cmake
[1.486s] -- Up-to-date: /home/user/humble_ws/install/franka_hardware/share/franka_hardware/cmake/ament_cmake_export_dependencies-extras.cmake
[1.487s] -- Up-to-date: /home/user/humble_ws/install/franka_hardware/share/franka_hardware/cmake/franka_hardwareConfig.cmake
[1.488s] -- Up-to-date: /home/user/humble_ws/install/franka_hardware/share/franka_hardware/cmake/franka_hardwareConfig-version.cmake
[1.489s] -- Up-to-date: /home/user/humble_ws/install/franka_hardware/share/franka_hardware/package.xml
[1.493s] Invoked command in '/home/user/humble_ws/build/franka_hardware' returned '0': CMAKE_PREFIX_PATH=/home/user/humble_ws/install/franka_msgs:/home/user/humble_ws/install/panda_motion_generators:/home/user/humble_ws/install/panda_motion_generator_msgs:/home/user/humble_ws/install/multi_mode_controller_impl:/home/user/humble_ws/install/multi_mode_controller:/home/user/humble_ws/install/multi_mode_control_msgs:/home/user/humble_ws/install/garmi_controllers:/home/user/humble_ws/install/franka_robot_state_broadcaster:/home/user/humble_ws/install/franka_example_controllers:/home/user/humble_ws/install/franka_semantic_components:/home/user/humble_ws/install/franka_moveit_config:/home/user/humble_ws/install/franka_bringup:/home/user/humble_ws/install/franka_hardware:/home/user/humble_ws/install/franka_gripper:/home/user/humble_ws/install/franka_control2:/home/user/humble_ws/install/franka_description:/home/user/Libraries/libfranka/lib/cmake:/home/user/Libraries/mujoco/lib/cmake:/opt/ros/humble LD_LIBRARY_PATH=/home/user/humble_ws/install/franka_msgs/lib:/home/user/humble_ws/install/panda_motion_generators/lib:/home/user/humble_ws/install/panda_motion_generator_msgs/lib:/home/user/humble_ws/install/multi_mode_controller_impl/lib:/home/user/humble_ws/install/multi_mode_controller/lib:/home/user/humble_ws/install/multi_mode_control_msgs/lib:/home/user/humble_ws/install/garmi_controllers/lib:/home/user/humble_ws/install/franka_robot_state_broadcaster/lib:/home/user/humble_ws/install/franka_example_controllers/lib:/home/user/humble_ws/install/franka_semantic_components/lib:/home/user/humble_ws/install/franka_hardware/lib:/home/user/humble_ws/install/franka_gripper/lib:/opt/ros/humble/opt/rviz_ogre_vendor/lib:/opt/ros/humble/lib/x86_64-linux-gnu:/opt/ros/humble/lib:/home/user/Libraries/libfranka/lib:/home/user/Libraries/mujoco/lib /usr/bin/cmake --install /home/user/humble_ws/build/franka_hardware
