[0.074s] Invoking command in '/home/user/humble_ws/build/multi_mode_control_msgs': CMAKE_PREFIX_PATH=/home/user/humble_ws/install/franka_msgs:/home/user/humble_ws/install/panda_motion_generators:/home/user/humble_ws/install/panda_motion_generator_msgs:/home/user/humble_ws/install/multi_mode_controller_impl:/home/user/humble_ws/install/multi_mode_controller:/home/user/humble_ws/install/multi_mode_control_msgs:/home/user/humble_ws/install/garmi_controllers:/home/user/humble_ws/install/franka_robot_state_broadcaster:/home/user/humble_ws/install/franka_example_controllers:/home/user/humble_ws/install/franka_semantic_components:/home/user/humble_ws/install/franka_moveit_config:/home/user/humble_ws/install/franka_bringup:/home/user/humble_ws/install/franka_hardware:/home/user/humble_ws/install/franka_gripper:/home/user/humble_ws/install/franka_control2:/home/user/humble_ws/install/franka_description:/home/user/Libraries/libfranka/lib/cmake:/home/user/Libraries/mujoco/lib/cmake:/opt/ros/humble LD_LIBRARY_PATH=/home/user/humble_ws/install/franka_msgs/lib:/home/user/humble_ws/install/panda_motion_generators/lib:/home/user/humble_ws/install/panda_motion_generator_msgs/lib:/home/user/humble_ws/install/multi_mode_controller_impl/lib:/home/user/humble_ws/install/multi_mode_controller/lib:/home/user/humble_ws/install/multi_mode_control_msgs/lib:/home/user/humble_ws/install/garmi_controllers/lib:/home/user/humble_ws/install/franka_robot_state_broadcaster/lib:/home/user/humble_ws/install/franka_example_controllers/lib:/home/user/humble_ws/install/franka_semantic_components/lib:/home/user/humble_ws/install/franka_hardware/lib:/home/user/humble_ws/install/franka_gripper/lib:/opt/ros/humble/opt/rviz_ogre_vendor/lib:/opt/ros/humble/lib/x86_64-linux-gnu:/opt/ros/humble/lib:/home/user/Libraries/libfranka/lib:/home/user/Libraries/mujoco/lib /usr/bin/cmake --build /home/user/humble_ws/build/multi_mode_control_msgs -- -j12 -l12
[0.265s] [  0%] Built target multi_mode_control_msgs__cpp
[0.279s] [  0%] Built target ament_cmake_python_copy_multi_mode_control_msgs
[0.283s] [ 12%] Built target multi_mode_control_msgs__rosidl_generator_c
[0.334s] [ 32%] Built target multi_mode_control_msgs__rosidl_typesupport_introspection_c
[0.334s] [ 36%] Built target multi_mode_control_msgs__rosidl_typesupport_introspection_cpp
[0.343s] [ 48%] Built target multi_mode_control_msgs__rosidl_typesupport_fastrtps_cpp
[0.348s] [ 72%] Built target multi_mode_control_msgs__rosidl_typesupport_cpp
[0.348s] [ 72%] Built target multi_mode_control_msgs__rosidl_typesupport_c
[0.353s] [ 84%] Built target multi_mode_control_msgs__rosidl_typesupport_fastrtps_c
[0.398s] [ 84%] Built target multi_mode_control_msgs
[0.450s] [ 85%] Built target multi_mode_control_msgs__py
[0.511s] [ 96%] Built target multi_mode_control_msgs__rosidl_generator_py
[0.564s] [ 97%] Built target multi_mode_control_msgs__rosidl_typesupport_c__pyext
[0.566s] [100%] Built target multi_mode_control_msgs__rosidl_typesupport_fastrtps_c__pyext
[0.566s] [100%] Built target multi_mode_control_msgs__rosidl_typesupport_introspection_c__pyext
[0.571s] running egg_info
[0.572s] writing multi_mode_control_msgs.egg-info/PKG-INFO
[0.573s] writing dependency_links to multi_mode_control_msgs.egg-info/dependency_links.txt
[0.573s] writing top-level names to multi_mode_control_msgs.egg-info/top_level.txt
[0.578s] reading manifest file 'multi_mode_control_msgs.egg-info/SOURCES.txt'
[0.580s] writing manifest file 'multi_mode_control_msgs.egg-info/SOURCES.txt'
[0.627s] [100%] Built target ament_cmake_python_build_multi_mode_control_msgs_egg
[0.657s] Invoked command in '/home/user/humble_ws/build/multi_mode_control_msgs' returned '0': CMAKE_PREFIX_PATH=/home/user/humble_ws/install/franka_msgs:/home/user/humble_ws/install/panda_motion_generators:/home/user/humble_ws/install/panda_motion_generator_msgs:/home/user/humble_ws/install/multi_mode_controller_impl:/home/user/humble_ws/install/multi_mode_controller:/home/user/humble_ws/install/multi_mode_control_msgs:/home/user/humble_ws/install/garmi_controllers:/home/user/humble_ws/install/franka_robot_state_broadcaster:/home/user/humble_ws/install/franka_example_controllers:/home/user/humble_ws/install/franka_semantic_components:/home/user/humble_ws/install/franka_moveit_config:/home/user/humble_ws/install/franka_bringup:/home/user/humble_ws/install/franka_hardware:/home/user/humble_ws/install/franka_gripper:/home/user/humble_ws/install/franka_control2:/home/user/humble_ws/install/franka_description:/home/user/Libraries/libfranka/lib/cmake:/home/user/Libraries/mujoco/lib/cmake:/opt/ros/humble LD_LIBRARY_PATH=/home/user/humble_ws/install/franka_msgs/lib:/home/user/humble_ws/install/panda_motion_generators/lib:/home/user/humble_ws/install/panda_motion_generator_msgs/lib:/home/user/humble_ws/install/multi_mode_controller_impl/lib:/home/user/humble_ws/install/multi_mode_controller/lib:/home/user/humble_ws/install/multi_mode_control_msgs/lib:/home/user/humble_ws/install/garmi_controllers/lib:/home/user/humble_ws/install/franka_robot_state_broadcaster/lib:/home/user/humble_ws/install/franka_example_controllers/lib:/home/user/humble_ws/install/franka_semantic_components/lib:/home/user/humble_ws/install/franka_hardware/lib:/home/user/humble_ws/install/franka_gripper/lib:/opt/ros/humble/opt/rviz_ogre_vendor/lib:/opt/ros/humble/lib/x86_64-linux-gnu:/opt/ros/humble/lib:/home/user/Libraries/libfranka/lib:/home/user/Libraries/mujoco/lib /usr/bin/cmake --build /home/user/humble_ws/build/multi_mode_control_msgs -- -j12 -l12
[1.890s] Invoking command in '/home/user/humble_ws/build/multi_mode_control_msgs': CMAKE_PREFIX_PATH=/home/user/humble_ws/install/franka_msgs:/home/user/humble_ws/install/panda_motion_generators:/home/user/humble_ws/install/panda_motion_generator_msgs:/home/user/humble_ws/install/multi_mode_controller_impl:/home/user/humble_ws/install/multi_mode_controller:/home/user/humble_ws/install/multi_mode_control_msgs:/home/user/humble_ws/install/garmi_controllers:/home/user/humble_ws/install/franka_robot_state_broadcaster:/home/user/humble_ws/install/franka_example_controllers:/home/user/humble_ws/install/franka_semantic_components:/home/user/humble_ws/install/franka_moveit_config:/home/user/humble_ws/install/franka_bringup:/home/user/humble_ws/install/franka_hardware:/home/user/humble_ws/install/franka_gripper:/home/user/humble_ws/install/franka_control2:/home/user/humble_ws/install/franka_description:/home/user/Libraries/libfranka/lib/cmake:/home/user/Libraries/mujoco/lib/cmake:/opt/ros/humble LD_LIBRARY_PATH=/home/user/humble_ws/install/franka_msgs/lib:/home/user/humble_ws/install/panda_motion_generators/lib:/home/user/humble_ws/install/panda_motion_generator_msgs/lib:/home/user/humble_ws/install/multi_mode_controller_impl/lib:/home/user/humble_ws/install/multi_mode_controller/lib:/home/user/humble_ws/install/multi_mode_control_msgs/lib:/home/user/humble_ws/install/garmi_controllers/lib:/home/user/humble_ws/install/franka_robot_state_broadcaster/lib:/home/user/humble_ws/install/franka_example_controllers/lib:/home/user/humble_ws/install/franka_semantic_components/lib:/home/user/humble_ws/install/franka_hardware/lib:/home/user/humble_ws/install/franka_gripper/lib:/opt/ros/humble/opt/rviz_ogre_vendor/lib:/opt/ros/humble/lib/x86_64-linux-gnu:/opt/ros/humble/lib:/home/user/Libraries/libfranka/lib:/home/user/Libraries/mujoco/lib /usr/bin/cmake --install /home/user/humble_ws/build/multi_mode_control_msgs
[1.905s] -- Install configuration: "Release"
[1.905s] -- Up-to-date: /home/user/humble_ws/install/multi_mode_control_msgs/share/ament_index/resource_index/rosidl_interfaces/multi_mode_control_msgs
[1.905s] -- Up-to-date: /home/user/humble_ws/install/multi_mode_control_msgs/include/multi_mode_control_msgs/multi_mode_control_msgs
[1.906s] -- Up-to-date: /home/user/humble_ws/install/multi_mode_control_msgs/include/multi_mode_control_msgs/multi_mode_control_msgs/srv
[1.906s] -- Up-to-date: /home/user/humble_ws/install/multi_mode_control_msgs/include/multi_mode_control_msgs/multi_mode_control_msgs/srv/set_joint_impedance.h
[1.906s] -- Up-to-date: /home/user/humble_ws/install/multi_mode_control_msgs/include/multi_mode_control_msgs/multi_mode_control_msgs/srv/set_world_state.h
[1.906s] -- Up-to-date: /home/user/humble_ws/install/multi_mode_control_msgs/include/multi_mode_control_msgs/multi_mode_control_msgs/srv/set_reflex.h
[1.907s] -- Up-to-date: /home/user/humble_ws/install/multi_mode_control_msgs/include/multi_mode_control_msgs/multi_mode_control_msgs/srv/set_controllers.h
[1.907s] -- Up-to-date: /home/user/humble_ws/install/multi_mode_control_msgs/include/multi_mode_control_msgs/multi_mode_control_msgs/srv/set_recovery_mode.h
[1.907s] -- Up-to-date: /home/user/humble_ws/install/multi_mode_control_msgs/include/multi_mode_control_msgs/multi_mode_control_msgs/srv/detail
[1.908s] -- Up-to-date: /home/user/humble_ws/install/multi_mode_control_msgs/include/multi_mode_control_msgs/multi_mode_control_msgs/srv/detail/set_reflex__struct.h
[1.908s] -- Up-to-date: /home/user/humble_ws/install/multi_mode_control_msgs/include/multi_mode_control_msgs/multi_mode_control_msgs/srv/detail/set_cartesian_impedance__type_support.h
[1.908s] -- Up-to-date: /home/user/humble_ws/install/multi_mode_control_msgs/include/multi_mode_control_msgs/multi_mode_control_msgs/srv/detail/set_cartesian_impedance__functions.c
[1.908s] -- Up-to-date: /home/user/humble_ws/install/multi_mode_control_msgs/include/multi_mode_control_msgs/multi_mode_control_msgs/srv/detail/set_joint_impedance__struct.h
[1.908s] -- Up-to-date: /home/user/humble_ws/install/multi_mode_control_msgs/include/multi_mode_control_msgs/multi_mode_control_msgs/srv/detail/set_recovery_mode__type_support.h
[1.909s] -- Up-to-date: /home/user/humble_ws/install/multi_mode_control_msgs/include/multi_mode_control_msgs/multi_mode_control_msgs/srv/detail/set_reflex__type_support.h
[1.909s] -- Up-to-date: /home/user/humble_ws/install/multi_mode_control_msgs/include/multi_mode_control_msgs/multi_mode_control_msgs/srv/detail/set_reflex__functions.h
[1.909s] -- Up-to-date: /home/user/humble_ws/install/multi_mode_control_msgs/include/multi_mode_control_msgs/multi_mode_control_msgs/srv/detail/set_reflex__functions.c
[1.909s] -- Up-to-date: /home/user/humble_ws/install/multi_mode_control_msgs/include/multi_mode_control_msgs/multi_mode_control_msgs/srv/detail/set_controllers__struct.h
[1.910s] -- Up-to-date: /home/user/humble_ws/install/multi_mode_control_msgs/include/multi_mode_control_msgs/multi_mode_control_msgs/srv/detail/get_controllers__functions.c
[1.910s] -- Up-to-date: /home/user/humble_ws/install/multi_mode_control_msgs/include/multi_mode_control_msgs/multi_mode_control_msgs/srv/detail/set_recovery_mode__functions.h
[1.910s] -- Up-to-date: /home/user/humble_ws/install/multi_mode_control_msgs/include/multi_mode_control_msgs/multi_mode_control_msgs/srv/detail/get_controllers__type_support.h
[1.910s] -- Up-to-date: /home/user/humble_ws/install/multi_mode_control_msgs/include/multi_mode_control_msgs/multi_mode_control_msgs/srv/detail/set_thresholds__struct.h
[1.910s] -- Up-to-date: /home/user/humble_ws/install/multi_mode_control_msgs/include/multi_mode_control_msgs/multi_mode_control_msgs/srv/detail/set_controllers__type_support.h
[1.910s] -- Up-to-date: /home/user/humble_ws/install/multi_mode_control_msgs/include/multi_mode_control_msgs/multi_mode_control_msgs/srv/detail/set_world_state__functions.c
[1.911s] -- Up-to-date: /home/user/humble_ws/install/multi_mode_control_msgs/include/multi_mode_control_msgs/multi_mode_control_msgs/srv/detail/get_robot_states__functions.c
[1.911s] -- Up-to-date: /home/user/humble_ws/install/multi_mode_control_msgs/include/multi_mode_control_msgs/multi_mode_control_msgs/srv/detail/set_world_state__type_support.h
[1.911s] -- Up-to-date: /home/user/humble_ws/install/multi_mode_control_msgs/include/multi_mode_control_msgs/multi_mode_control_msgs/srv/detail/set_world_state__functions.h
[1.911s] -- Up-to-date: /home/user/humble_ws/install/multi_mode_control_msgs/include/multi_mode_control_msgs/multi_mode_control_msgs/srv/detail/set_cartesian_impedance__struct.h
[1.911s] -- Up-to-date: /home/user/humble_ws/install/multi_mode_control_msgs/include/multi_mode_control_msgs/multi_mode_control_msgs/srv/detail/set_joint_impedance__functions.h
[1.911s] -- Up-to-date: /home/user/humble_ws/install/multi_mode_control_msgs/include/multi_mode_control_msgs/multi_mode_control_msgs/srv/detail/set_recovery_mode__struct.h
[1.912s] -- Up-to-date: /home/user/humble_ws/install/multi_mode_control_msgs/include/multi_mode_control_msgs/multi_mode_control_msgs/srv/detail/get_controllers__functions.h
[1.912s] -- Up-to-date: /home/user/humble_ws/install/multi_mode_control_msgs/include/multi_mode_control_msgs/multi_mode_control_msgs/srv/detail/set_joint_impedance__type_support.h
[1.912s] -- Up-to-date: /home/user/humble_ws/install/multi_mode_control_msgs/include/multi_mode_control_msgs/multi_mode_control_msgs/srv/detail/set_thresholds__functions.h
[1.912s] -- Up-to-date: /home/user/humble_ws/install/multi_mode_control_msgs/include/multi_mode_control_msgs/multi_mode_control_msgs/srv/detail/set_thresholds__type_support.h
[1.912s] -- Up-to-date: /home/user/humble_ws/install/multi_mode_control_msgs/include/multi_mode_control_msgs/multi_mode_control_msgs/srv/detail/set_cartesian_impedance__functions.h
[1.912s] -- Up-to-date: /home/user/humble_ws/install/multi_mode_control_msgs/include/multi_mode_control_msgs/multi_mode_control_msgs/srv/detail/set_controllers__functions.h
[1.912s] -- Up-to-date: /home/user/humble_ws/install/multi_mode_control_msgs/include/multi_mode_control_msgs/multi_mode_control_msgs/srv/detail/get_robot_states__type_support.h
[1.913s] -- Up-to-date: /home/user/humble_ws/install/multi_mode_control_msgs/include/multi_mode_control_msgs/multi_mode_control_msgs/srv/detail/get_controllers__struct.h
[1.913s] -- Up-to-date: /home/user/humble_ws/install/multi_mode_control_msgs/include/multi_mode_control_msgs/multi_mode_control_msgs/srv/detail/get_robot_states__struct.h
[1.913s] -- Up-to-date: /home/user/humble_ws/install/multi_mode_control_msgs/include/multi_mode_control_msgs/multi_mode_control_msgs/srv/detail/get_robot_states__functions.h
[1.913s] -- Up-to-date: /home/user/humble_ws/install/multi_mode_control_msgs/include/multi_mode_control_msgs/multi_mode_control_msgs/srv/detail/set_joint_impedance__functions.c
[1.914s] -- Up-to-date: /home/user/humble_ws/install/multi_mode_control_msgs/include/multi_mode_control_msgs/multi_mode_control_msgs/srv/detail/set_thresholds__functions.c
[1.914s] -- Up-to-date: /home/user/humble_ws/install/multi_mode_control_msgs/include/multi_mode_control_msgs/multi_mode_control_msgs/srv/detail/set_controllers__functions.c
[1.914s] -- Up-to-date: /home/user/humble_ws/install/multi_mode_control_msgs/include/multi_mode_control_msgs/multi_mode_control_msgs/srv/detail/set_world_state__struct.h
[1.914s] -- Up-to-date: /home/user/humble_ws/install/multi_mode_control_msgs/include/multi_mode_control_msgs/multi_mode_control_msgs/srv/detail/set_recovery_mode__functions.c
[1.914s] -- Up-to-date: /home/user/humble_ws/install/multi_mode_control_msgs/include/multi_mode_control_msgs/multi_mode_control_msgs/srv/set_cartesian_impedance.h
[1.914s] -- Up-to-date: /home/user/humble_ws/install/multi_mode_control_msgs/include/multi_mode_control_msgs/multi_mode_control_msgs/srv/set_thresholds.h
[1.915s] -- Up-to-date: /home/user/humble_ws/install/multi_mode_control_msgs/include/multi_mode_control_msgs/multi_mode_control_msgs/srv/get_controllers.h
[1.915s] -- Up-to-date: /home/user/humble_ws/install/multi_mode_control_msgs/include/multi_mode_control_msgs/multi_mode_control_msgs/srv/get_robot_states.h
[1.915s] -- Up-to-date: /home/user/humble_ws/install/multi_mode_control_msgs/include/multi_mode_control_msgs/multi_mode_control_msgs/msg
[1.915s] -- Up-to-date: /home/user/humble_ws/install/multi_mode_control_msgs/include/multi_mode_control_msgs/multi_mode_control_msgs/msg/rosidl_generator_c__visibility_control.h
[1.915s] -- Up-to-date: /home/user/humble_ws/install/multi_mode_control_msgs/include/multi_mode_control_msgs/multi_mode_control_msgs/msg/velocity_goal.h
[1.915s] -- Up-to-date: /home/user/humble_ws/install/multi_mode_control_msgs/include/multi_mode_control_msgs/multi_mode_control_msgs/msg/joint_array.h
[1.916s] -- Up-to-date: /home/user/humble_ws/install/multi_mode_control_msgs/include/multi_mode_control_msgs/multi_mode_control_msgs/msg/detail
[1.916s] -- Up-to-date: /home/user/humble_ws/install/multi_mode_control_msgs/include/multi_mode_control_msgs/multi_mode_control_msgs/msg/detail/dual_cartesian_impedance_goal__functions.c
[1.916s] -- Up-to-date: /home/user/humble_ws/install/multi_mode_control_msgs/include/multi_mode_control_msgs/multi_mode_control_msgs/msg/detail/joint_goal__struct.h
[1.916s] -- Up-to-date: /home/user/humble_ws/install/multi_mode_control_msgs/include/multi_mode_control_msgs/multi_mode_control_msgs/msg/detail/joint_array__functions.c
[1.916s] -- Up-to-date: /home/user/humble_ws/install/multi_mode_control_msgs/include/multi_mode_control_msgs/multi_mode_control_msgs/msg/detail/wrench__functions.c
[1.917s] -- Up-to-date: /home/user/humble_ws/install/multi_mode_control_msgs/include/multi_mode_control_msgs/multi_mode_control_msgs/msg/detail/contact_thresholds__struct.h
[1.917s] -- Up-to-date: /home/user/humble_ws/install/multi_mode_control_msgs/include/multi_mode_control_msgs/multi_mode_control_msgs/msg/detail/joint_array__functions.h
[1.917s] -- Up-to-date: /home/user/humble_ws/install/multi_mode_control_msgs/include/multi_mode_control_msgs/multi_mode_control_msgs/msg/detail/dual_cartesian_impedance_goal__type_support.h
[1.917s] -- Up-to-date: /home/user/humble_ws/install/multi_mode_control_msgs/include/multi_mode_control_msgs/multi_mode_control_msgs/msg/detail/controller__functions.h
[1.917s] -- Up-to-date: /home/user/humble_ws/install/multi_mode_control_msgs/include/multi_mode_control_msgs/multi_mode_control_msgs/msg/detail/joint_goal__functions.h
[1.917s] -- Up-to-date: /home/user/humble_ws/install/multi_mode_control_msgs/include/multi_mode_control_msgs/multi_mode_control_msgs/msg/detail/cartesian_impedance_goal__type_support.h
[1.918s] -- Up-to-date: /home/user/humble_ws/install/multi_mode_control_msgs/include/multi_mode_control_msgs/multi_mode_control_msgs/msg/detail/contact_thresholds__type_support.h
[1.918s] -- Up-to-date: /home/user/humble_ws/install/multi_mode_control_msgs/include/multi_mode_control_msgs/multi_mode_control_msgs/msg/detail/controller__type_support.h
[1.918s] -- Up-to-date: /home/user/humble_ws/install/multi_mode_control_msgs/include/multi_mode_control_msgs/multi_mode_control_msgs/msg/detail/controller__functions.c
[1.918s] -- Up-to-date: /home/user/humble_ws/install/multi_mode_control_msgs/include/multi_mode_control_msgs/multi_mode_control_msgs/msg/detail/wrench__type_support.h
[1.918s] -- Up-to-date: /home/user/humble_ws/install/multi_mode_control_msgs/include/multi_mode_control_msgs/multi_mode_control_msgs/msg/detail/cartesian_impedance_goal__functions.c
[1.919s] -- Up-to-date: /home/user/humble_ws/install/multi_mode_control_msgs/include/multi_mode_control_msgs/multi_mode_control_msgs/msg/detail/velocity_goal__functions.c
[1.919s] -- Up-to-date: /home/user/humble_ws/install/multi_mode_control_msgs/include/multi_mode_control_msgs/multi_mode_control_msgs/msg/detail/velocity_goal__type_support.h
[1.919s] -- Up-to-date: /home/user/humble_ws/install/multi_mode_control_msgs/include/multi_mode_control_msgs/multi_mode_control_msgs/msg/detail/velocity_goal__struct.h
[1.919s] -- Up-to-date: /home/user/humble_ws/install/multi_mode_control_msgs/include/multi_mode_control_msgs/multi_mode_control_msgs/msg/detail/dual_cartesian_impedance_goal__struct.h
[1.919s] -- Up-to-date: /home/user/humble_ws/install/multi_mode_control_msgs/include/multi_mode_control_msgs/multi_mode_control_msgs/msg/detail/joint_goal__functions.c
[1.920s] -- Up-to-date: /home/user/humble_ws/install/multi_mode_control_msgs/include/multi_mode_control_msgs/multi_mode_control_msgs/msg/detail/joint_array__struct.h
[1.920s] -- Up-to-date: /home/user/humble_ws/install/multi_mode_control_msgs/include/multi_mode_control_msgs/multi_mode_control_msgs/msg/detail/contact_thresholds__functions.c
[1.920s] -- Up-to-date: /home/user/humble_ws/install/multi_mode_control_msgs/include/multi_mode_control_msgs/multi_mode_control_msgs/msg/detail/wrench__struct.h
[1.920s] -- Up-to-date: /home/user/humble_ws/install/multi_mode_control_msgs/include/multi_mode_control_msgs/multi_mode_control_msgs/msg/detail/cartesian_impedance_goal__functions.h
[1.920s] -- Up-to-date: /home/user/humble_ws/install/multi_mode_control_msgs/include/multi_mode_control_msgs/multi_mode_control_msgs/msg/detail/controller__struct.h
[1.920s] -- Up-to-date: /home/user/humble_ws/install/multi_mode_control_msgs/include/multi_mode_control_msgs/multi_mode_control_msgs/msg/detail/velocity_goal__functions.h
[1.921s] -- Up-to-date: /home/user/humble_ws/install/multi_mode_control_msgs/include/multi_mode_control_msgs/multi_mode_control_msgs/msg/detail/dual_cartesian_impedance_goal__functions.h
[1.921s] -- Up-to-date: /home/user/humble_ws/install/multi_mode_control_msgs/include/multi_mode_control_msgs/multi_mode_control_msgs/msg/detail/wrench__functions.h
[1.921s] -- Up-to-date: /home/user/humble_ws/install/multi_mode_control_msgs/include/multi_mode_control_msgs/multi_mode_control_msgs/msg/detail/joint_array__type_support.h
[1.921s] -- Up-to-date: /home/user/humble_ws/install/multi_mode_control_msgs/include/multi_mode_control_msgs/multi_mode_control_msgs/msg/detail/contact_thresholds__functions.h
[1.921s] -- Up-to-date: /home/user/humble_ws/install/multi_mode_control_msgs/include/multi_mode_control_msgs/multi_mode_control_msgs/msg/detail/cartesian_impedance_goal__struct.h
[1.921s] -- Up-to-date: /home/user/humble_ws/install/multi_mode_control_msgs/include/multi_mode_control_msgs/multi_mode_control_msgs/msg/detail/joint_goal__type_support.h
[1.922s] -- Up-to-date: /home/user/humble_ws/install/multi_mode_control_msgs/include/multi_mode_control_msgs/multi_mode_control_msgs/msg/joint_goal.h
[1.922s] -- Up-to-date: /home/user/humble_ws/install/multi_mode_control_msgs/include/multi_mode_control_msgs/multi_mode_control_msgs/msg/cartesian_impedance_goal.h
[1.922s] -- Up-to-date: /home/user/humble_ws/install/multi_mode_control_msgs/include/multi_mode_control_msgs/multi_mode_control_msgs/msg/controller.h
[1.922s] -- Up-to-date: /home/user/humble_ws/install/multi_mode_control_msgs/include/multi_mode_control_msgs/multi_mode_control_msgs/msg/wrench.h
[1.922s] -- Up-to-date: /home/user/humble_ws/install/multi_mode_control_msgs/include/multi_mode_control_msgs/multi_mode_control_msgs/msg/contact_thresholds.h
[1.923s] -- Up-to-date: /home/user/humble_ws/install/multi_mode_control_msgs/include/multi_mode_control_msgs/multi_mode_control_msgs/msg/dual_cartesian_impedance_goal.h
[1.923s] -- Up-to-date: /home/user/humble_ws/install/multi_mode_control_msgs/share/multi_mode_control_msgs/environment/library_path.sh
[1.923s] -- Up-to-date: /home/user/humble_ws/install/multi_mode_control_msgs/share/multi_mode_control_msgs/environment/library_path.dsv
[1.923s] -- Up-to-date: /home/user/humble_ws/install/multi_mode_control_msgs/lib/libmulti_mode_control_msgs__rosidl_generator_c.so
[1.923s] -- Up-to-date: /home/user/humble_ws/install/multi_mode_control_msgs/include/multi_mode_control_msgs/multi_mode_control_msgs
[1.923s] -- Up-to-date: /home/user/humble_ws/install/multi_mode_control_msgs/include/multi_mode_control_msgs/multi_mode_control_msgs/srv
[1.924s] -- Up-to-date: /home/user/humble_ws/install/multi_mode_control_msgs/include/multi_mode_control_msgs/multi_mode_control_msgs/srv/detail
[1.924s] -- Up-to-date: /home/user/humble_ws/install/multi_mode_control_msgs/include/multi_mode_control_msgs/multi_mode_control_msgs/srv/detail/set_thresholds__rosidl_typesupport_fastrtps_c.h
[1.924s] -- Up-to-date: /home/user/humble_ws/install/multi_mode_control_msgs/include/multi_mode_control_msgs/multi_mode_control_msgs/srv/detail/set_joint_impedance__rosidl_typesupport_fastrtps_c.h
[1.924s] -- Up-to-date: /home/user/humble_ws/install/multi_mode_control_msgs/include/multi_mode_control_msgs/multi_mode_control_msgs/srv/detail/set_recovery_mode__rosidl_typesupport_fastrtps_c.h
[1.924s] -- Up-to-date: /home/user/humble_ws/install/multi_mode_control_msgs/include/multi_mode_control_msgs/multi_mode_control_msgs/srv/detail/set_cartesian_impedance__rosidl_typesupport_fastrtps_c.h
[1.924s] -- Up-to-date: /home/user/humble_ws/install/multi_mode_control_msgs/include/multi_mode_control_msgs/multi_mode_control_msgs/srv/detail/set_world_state__rosidl_typesupport_fastrtps_c.h
[1.924s] -- Up-to-date: /home/user/humble_ws/install/multi_mode_control_msgs/include/multi_mode_control_msgs/multi_mode_control_msgs/srv/detail/set_controllers__rosidl_typesupport_fastrtps_c.h
[1.925s] -- Up-to-date: /home/user/humble_ws/install/multi_mode_control_msgs/include/multi_mode_control_msgs/multi_mode_control_msgs/srv/detail/set_reflex__rosidl_typesupport_fastrtps_c.h
[1.925s] -- Up-to-date: /home/user/humble_ws/install/multi_mode_control_msgs/include/multi_mode_control_msgs/multi_mode_control_msgs/srv/detail/get_controllers__rosidl_typesupport_fastrtps_c.h
[1.925s] -- Up-to-date: /home/user/humble_ws/install/multi_mode_control_msgs/include/multi_mode_control_msgs/multi_mode_control_msgs/srv/detail/get_robot_states__rosidl_typesupport_fastrtps_c.h
[1.925s] -- Up-to-date: /home/user/humble_ws/install/multi_mode_control_msgs/include/multi_mode_control_msgs/multi_mode_control_msgs/msg
[1.925s] -- Up-to-date: /home/user/humble_ws/install/multi_mode_control_msgs/include/multi_mode_control_msgs/multi_mode_control_msgs/msg/detail
[1.925s] -- Up-to-date: /home/user/humble_ws/install/multi_mode_control_msgs/include/multi_mode_control_msgs/multi_mode_control_msgs/msg/detail/dual_cartesian_impedance_goal__rosidl_typesupport_fastrtps_c.h
[1.926s] -- Up-to-date: /home/user/humble_ws/install/multi_mode_control_msgs/include/multi_mode_control_msgs/multi_mode_control_msgs/msg/detail/cartesian_impedance_goal__rosidl_typesupport_fastrtps_c.h
[1.926s] -- Up-to-date: /home/user/humble_ws/install/multi_mode_control_msgs/include/multi_mode_control_msgs/multi_mode_control_msgs/msg/detail/joint_array__rosidl_typesupport_fastrtps_c.h
[1.926s] -- Up-to-date: /home/user/humble_ws/install/multi_mode_control_msgs/include/multi_mode_control_msgs/multi_mode_control_msgs/msg/detail/contact_thresholds__rosidl_typesupport_fastrtps_c.h
[1.926s] -- Up-to-date: /home/user/humble_ws/install/multi_mode_control_msgs/include/multi_mode_control_msgs/multi_mode_control_msgs/msg/detail/controller__rosidl_typesupport_fastrtps_c.h
[1.926s] -- Up-to-date: /home/user/humble_ws/install/multi_mode_control_msgs/include/multi_mode_control_msgs/multi_mode_control_msgs/msg/detail/velocity_goal__rosidl_typesupport_fastrtps_c.h
[1.927s] -- Up-to-date: /home/user/humble_ws/install/multi_mode_control_msgs/include/multi_mode_control_msgs/multi_mode_control_msgs/msg/detail/joint_goal__rosidl_typesupport_fastrtps_c.h
[1.927s] -- Up-to-date: /home/user/humble_ws/install/multi_mode_control_msgs/include/multi_mode_control_msgs/multi_mode_control_msgs/msg/detail/wrench__rosidl_typesupport_fastrtps_c.h
[1.927s] -- Up-to-date: /home/user/humble_ws/install/multi_mode_control_msgs/include/multi_mode_control_msgs/multi_mode_control_msgs/msg/rosidl_typesupport_fastrtps_c__visibility_control.h
[1.927s] -- Up-to-date: /home/user/humble_ws/install/multi_mode_control_msgs/lib/libmulti_mode_control_msgs__rosidl_typesupport_fastrtps_c.so
[1.927s] -- Up-to-date: /home/user/humble_ws/install/multi_mode_control_msgs/include/multi_mode_control_msgs/multi_mode_control_msgs
[1.928s] -- Up-to-date: /home/user/humble_ws/install/multi_mode_control_msgs/include/multi_mode_control_msgs/multi_mode_control_msgs/srv
[1.928s] -- Up-to-date: /home/user/humble_ws/install/multi_mode_control_msgs/include/multi_mode_control_msgs/multi_mode_control_msgs/srv/get_controllers.hpp
[1.928s] -- Up-to-date: /home/user/humble_ws/install/multi_mode_control_msgs/include/multi_mode_control_msgs/multi_mode_control_msgs/srv/detail
[1.928s] -- Up-to-date: /home/user/humble_ws/install/multi_mode_control_msgs/include/multi_mode_control_msgs/multi_mode_control_msgs/srv/detail/set_reflex__builder.hpp
[1.928s] -- Up-to-date: /home/user/humble_ws/install/multi_mode_control_msgs/include/multi_mode_control_msgs/multi_mode_control_msgs/srv/detail/set_recovery_mode__builder.hpp
[1.928s] -- Up-to-date: /home/user/humble_ws/install/multi_mode_control_msgs/include/multi_mode_control_msgs/multi_mode_control_msgs/srv/detail/set_controllers__builder.hpp
[1.928s] -- Up-to-date: /home/user/humble_ws/install/multi_mode_control_msgs/include/multi_mode_control_msgs/multi_mode_control_msgs/srv/detail/set_controllers__traits.hpp
[1.929s] -- Up-to-date: /home/user/humble_ws/install/multi_mode_control_msgs/include/multi_mode_control_msgs/multi_mode_control_msgs/srv/detail/get_controllers__builder.hpp
[1.929s] -- Up-to-date: /home/user/humble_ws/install/multi_mode_control_msgs/include/multi_mode_control_msgs/multi_mode_control_msgs/srv/detail/set_reflex__traits.hpp
[1.929s] -- Up-to-date: /home/user/humble_ws/install/multi_mode_control_msgs/include/multi_mode_control_msgs/multi_mode_control_msgs/srv/detail/set_joint_impedance__builder.hpp
[1.929s] -- Up-to-date: /home/user/humble_ws/install/multi_mode_control_msgs/include/multi_mode_control_msgs/multi_mode_control_msgs/srv/detail/set_controllers__struct.hpp
[1.929s] -- Up-to-date: /home/user/humble_ws/install/multi_mode_control_msgs/include/multi_mode_control_msgs/multi_mode_control_msgs/srv/detail/set_thresholds__traits.hpp
[1.929s] -- Up-to-date: /home/user/humble_ws/install/multi_mode_control_msgs/include/multi_mode_control_msgs/multi_mode_control_msgs/srv/detail/set_cartesian_impedance__builder.hpp
[1.929s] -- Up-to-date: /home/user/humble_ws/install/multi_mode_control_msgs/include/multi_mode_control_msgs/multi_mode_control_msgs/srv/detail/get_robot_states__traits.hpp
[1.930s] -- Up-to-date: /home/user/humble_ws/install/multi_mode_control_msgs/include/multi_mode_control_msgs/multi_mode_control_msgs/srv/detail/get_controllers__traits.hpp
[1.930s] -- Up-to-date: /home/user/humble_ws/install/multi_mode_control_msgs/include/multi_mode_control_msgs/multi_mode_control_msgs/srv/detail/set_world_state__traits.hpp
[1.930s] -- Up-to-date: /home/user/humble_ws/install/multi_mode_control_msgs/include/multi_mode_control_msgs/multi_mode_control_msgs/srv/detail/set_joint_impedance__traits.hpp
[1.930s] -- Up-to-date: /home/user/humble_ws/install/multi_mode_control_msgs/include/multi_mode_control_msgs/multi_mode_control_msgs/srv/detail/set_thresholds__builder.hpp
[1.930s] -- Up-to-date: /home/user/humble_ws/install/multi_mode_control_msgs/include/multi_mode_control_msgs/multi_mode_control_msgs/srv/detail/set_cartesian_impedance__traits.hpp
[1.930s] -- Up-to-date: /home/user/humble_ws/install/multi_mode_control_msgs/include/multi_mode_control_msgs/multi_mode_control_msgs/srv/detail/set_world_state__struct.hpp
[1.930s] -- Up-to-date: /home/user/humble_ws/install/multi_mode_control_msgs/include/multi_mode_control_msgs/multi_mode_control_msgs/srv/detail/set_cartesian_impedance__struct.hpp
[1.930s] -- Up-to-date: /home/user/humble_ws/install/multi_mode_control_msgs/include/multi_mode_control_msgs/multi_mode_control_msgs/srv/detail/set_world_state__builder.hpp
[1.931s] -- Up-to-date: /home/user/humble_ws/install/multi_mode_control_msgs/include/multi_mode_control_msgs/multi_mode_control_msgs/srv/detail/get_controllers__struct.hpp
[1.931s] -- Up-to-date: /home/user/humble_ws/install/multi_mode_control_msgs/include/multi_mode_control_msgs/multi_mode_control_msgs/srv/detail/get_robot_states__struct.hpp
[1.931s] -- Up-to-date: /home/user/humble_ws/install/multi_mode_control_msgs/include/multi_mode_control_msgs/multi_mode_control_msgs/srv/detail/set_thresholds__struct.hpp
[1.931s] -- Up-to-date: /home/user/humble_ws/install/multi_mode_control_msgs/include/multi_mode_control_msgs/multi_mode_control_msgs/srv/detail/get_robot_states__builder.hpp
[1.931s] -- Up-to-date: /home/user/humble_ws/install/multi_mode_control_msgs/include/multi_mode_control_msgs/multi_mode_control_msgs/srv/detail/set_recovery_mode__traits.hpp
[1.931s] -- Up-to-date: /home/user/humble_ws/install/multi_mode_control_msgs/include/multi_mode_control_msgs/multi_mode_control_msgs/srv/detail/set_joint_impedance__struct.hpp
[1.931s] -- Up-to-date: /home/user/humble_ws/install/multi_mode_control_msgs/include/multi_mode_control_msgs/multi_mode_control_msgs/srv/detail/set_reflex__struct.hpp
[1.932s] -- Up-to-date: /home/user/humble_ws/install/multi_mode_control_msgs/include/multi_mode_control_msgs/multi_mode_control_msgs/srv/detail/set_recovery_mode__struct.hpp
[1.932s] -- Up-to-date: /home/user/humble_ws/install/multi_mode_control_msgs/include/multi_mode_control_msgs/multi_mode_control_msgs/srv/set_thresholds.hpp
[1.932s] -- Up-to-date: /home/user/humble_ws/install/multi_mode_control_msgs/include/multi_mode_control_msgs/multi_mode_control_msgs/srv/set_joint_impedance.hpp
[1.932s] -- Up-to-date: /home/user/humble_ws/install/multi_mode_control_msgs/include/multi_mode_control_msgs/multi_mode_control_msgs/srv/set_cartesian_impedance.hpp
[1.932s] -- Up-to-date: /home/user/humble_ws/install/multi_mode_control_msgs/include/multi_mode_control_msgs/multi_mode_control_msgs/srv/set_reflex.hpp
[1.932s] -- Up-to-date: /home/user/humble_ws/install/multi_mode_control_msgs/include/multi_mode_control_msgs/multi_mode_control_msgs/srv/get_robot_states.hpp
[1.932s] -- Up-to-date: /home/user/humble_ws/install/multi_mode_control_msgs/include/multi_mode_control_msgs/multi_mode_control_msgs/srv/set_recovery_mode.hpp
[1.933s] -- Up-to-date: /home/user/humble_ws/install/multi_mode_control_msgs/include/multi_mode_control_msgs/multi_mode_control_msgs/srv/set_controllers.hpp
[1.933s] -- Up-to-date: /home/user/humble_ws/install/multi_mode_control_msgs/include/multi_mode_control_msgs/multi_mode_control_msgs/srv/set_world_state.hpp
[1.933s] -- Up-to-date: /home/user/humble_ws/install/multi_mode_control_msgs/include/multi_mode_control_msgs/multi_mode_control_msgs/msg
[1.933s] -- Up-to-date: /home/user/humble_ws/install/multi_mode_control_msgs/include/multi_mode_control_msgs/multi_mode_control_msgs/msg/joint_goal.hpp
[1.933s] -- Up-to-date: /home/user/humble_ws/install/multi_mode_control_msgs/include/multi_mode_control_msgs/multi_mode_control_msgs/msg/velocity_goal.hpp
[1.933s] -- Up-to-date: /home/user/humble_ws/install/multi_mode_control_msgs/include/multi_mode_control_msgs/multi_mode_control_msgs/msg/joint_array.hpp
[1.933s] -- Up-to-date: /home/user/humble_ws/install/multi_mode_control_msgs/include/multi_mode_control_msgs/multi_mode_control_msgs/msg/contact_thresholds.hpp
[1.934s] -- Up-to-date: /home/user/humble_ws/install/multi_mode_control_msgs/include/multi_mode_control_msgs/multi_mode_control_msgs/msg/detail
[1.934s] -- Up-to-date: /home/user/humble_ws/install/multi_mode_control_msgs/include/multi_mode_control_msgs/multi_mode_control_msgs/msg/detail/joint_goal__builder.hpp
[1.934s] -- Up-to-date: /home/user/humble_ws/install/multi_mode_control_msgs/include/multi_mode_control_msgs/multi_mode_control_msgs/msg/detail/controller__struct.hpp
[1.934s] -- Up-to-date: /home/user/humble_ws/install/multi_mode_control_msgs/include/multi_mode_control_msgs/multi_mode_control_msgs/msg/detail/cartesian_impedance_goal__builder.hpp
[1.934s] -- Up-to-date: /home/user/humble_ws/install/multi_mode_control_msgs/include/multi_mode_control_msgs/multi_mode_control_msgs/msg/detail/dual_cartesian_impedance_goal__traits.hpp
[1.934s] -- Up-to-date: /home/user/humble_ws/install/multi_mode_control_msgs/include/multi_mode_control_msgs/multi_mode_control_msgs/msg/detail/wrench__builder.hpp
[1.934s] -- Up-to-date: /home/user/humble_ws/install/multi_mode_control_msgs/include/multi_mode_control_msgs/multi_mode_control_msgs/msg/detail/controller__builder.hpp
[1.934s] -- Up-to-date: /home/user/humble_ws/install/multi_mode_control_msgs/include/multi_mode_control_msgs/multi_mode_control_msgs/msg/detail/cartesian_impedance_goal__struct.hpp
[1.935s] -- Up-to-date: /home/user/humble_ws/install/multi_mode_control_msgs/include/multi_mode_control_msgs/multi_mode_control_msgs/msg/detail/wrench__traits.hpp
[1.935s] -- Up-to-date: /home/user/humble_ws/install/multi_mode_control_msgs/include/multi_mode_control_msgs/multi_mode_control_msgs/msg/detail/dual_cartesian_impedance_goal__builder.hpp
[1.935s] -- Up-to-date: /home/user/humble_ws/install/multi_mode_control_msgs/include/multi_mode_control_msgs/multi_mode_control_msgs/msg/detail/contact_thresholds__struct.hpp
[1.935s] -- Up-to-date: /home/user/humble_ws/install/multi_mode_control_msgs/include/multi_mode_control_msgs/multi_mode_control_msgs/msg/detail/joint_goal__struct.hpp
[1.935s] -- Up-to-date: /home/user/humble_ws/install/multi_mode_control_msgs/include/multi_mode_control_msgs/multi_mode_control_msgs/msg/detail/wrench__struct.hpp
[1.935s] -- Up-to-date: /home/user/humble_ws/install/multi_mode_control_msgs/include/multi_mode_control_msgs/multi_mode_control_msgs/msg/detail/joint_array__builder.hpp
[1.935s] -- Up-to-date: /home/user/humble_ws/install/multi_mode_control_msgs/include/multi_mode_control_msgs/multi_mode_control_msgs/msg/detail/velocity_goal__traits.hpp
[1.936s] -- Up-to-date: /home/user/humble_ws/install/multi_mode_control_msgs/include/multi_mode_control_msgs/multi_mode_control_msgs/msg/detail/dual_cartesian_impedance_goal__struct.hpp
[1.936s] -- Up-to-date: /home/user/humble_ws/install/multi_mode_control_msgs/include/multi_mode_control_msgs/multi_mode_control_msgs/msg/detail/joint_goal__traits.hpp
[1.936s] -- Up-to-date: /home/user/humble_ws/install/multi_mode_control_msgs/include/multi_mode_control_msgs/multi_mode_control_msgs/msg/detail/joint_array__traits.hpp
[1.936s] -- Up-to-date: /home/user/humble_ws/install/multi_mode_control_msgs/include/multi_mode_control_msgs/multi_mode_control_msgs/msg/detail/cartesian_impedance_goal__traits.hpp
[1.936s] -- Up-to-date: /home/user/humble_ws/install/multi_mode_control_msgs/include/multi_mode_control_msgs/multi_mode_control_msgs/msg/detail/joint_array__struct.hpp
[1.936s] -- Up-to-date: /home/user/humble_ws/install/multi_mode_control_msgs/include/multi_mode_control_msgs/multi_mode_control_msgs/msg/detail/velocity_goal__builder.hpp
[1.936s] -- Up-to-date: /home/user/humble_ws/install/multi_mode_control_msgs/include/multi_mode_control_msgs/multi_mode_control_msgs/msg/detail/controller__traits.hpp
[1.936s] -- Up-to-date: /home/user/humble_ws/install/multi_mode_control_msgs/include/multi_mode_control_msgs/multi_mode_control_msgs/msg/detail/contact_thresholds__builder.hpp
[1.937s] -- Up-to-date: /home/user/humble_ws/install/multi_mode_control_msgs/include/multi_mode_control_msgs/multi_mode_control_msgs/msg/detail/contact_thresholds__traits.hpp
[1.937s] -- Up-to-date: /home/user/humble_ws/install/multi_mode_control_msgs/include/multi_mode_control_msgs/multi_mode_control_msgs/msg/detail/velocity_goal__struct.hpp
[1.937s] -- Up-to-date: /home/user/humble_ws/install/multi_mode_control_msgs/include/multi_mode_control_msgs/multi_mode_control_msgs/msg/dual_cartesian_impedance_goal.hpp
[1.937s] -- Up-to-date: /home/user/humble_ws/install/multi_mode_control_msgs/include/multi_mode_control_msgs/multi_mode_control_msgs/msg/wrench.hpp
[1.937s] -- Up-to-date: /home/user/humble_ws/install/multi_mode_control_msgs/include/multi_mode_control_msgs/multi_mode_control_msgs/msg/cartesian_impedance_goal.hpp
[1.937s] -- Up-to-date: /home/user/humble_ws/install/multi_mode_control_msgs/include/multi_mode_control_msgs/multi_mode_control_msgs/msg/controller.hpp
[1.937s] -- Up-to-date: /home/user/humble_ws/install/multi_mode_control_msgs/include/multi_mode_control_msgs/multi_mode_control_msgs
[1.937s] -- Up-to-date: /home/user/humble_ws/install/multi_mode_control_msgs/include/multi_mode_control_msgs/multi_mode_control_msgs/srv
[1.938s] -- Up-to-date: /home/user/humble_ws/install/multi_mode_control_msgs/include/multi_mode_control_msgs/multi_mode_control_msgs/srv/detail
[1.938s] -- Up-to-date: /home/user/humble_ws/install/multi_mode_control_msgs/include/multi_mode_control_msgs/multi_mode_control_msgs/srv/detail/dds_fastrtps
[1.938s] -- Up-to-date: /home/user/humble_ws/install/multi_mode_control_msgs/include/multi_mode_control_msgs/multi_mode_control_msgs/srv/detail/get_robot_states__rosidl_typesupport_fastrtps_cpp.hpp
[1.938s] -- Up-to-date: /home/user/humble_ws/install/multi_mode_control_msgs/include/multi_mode_control_msgs/multi_mode_control_msgs/srv/detail/set_recovery_mode__rosidl_typesupport_fastrtps_cpp.hpp
[1.938s] -- Up-to-date: /home/user/humble_ws/install/multi_mode_control_msgs/include/multi_mode_control_msgs/multi_mode_control_msgs/srv/detail/set_cartesian_impedance__rosidl_typesupport_fastrtps_cpp.hpp
[1.938s] -- Up-to-date: /home/user/humble_ws/install/multi_mode_control_msgs/include/multi_mode_control_msgs/multi_mode_control_msgs/srv/detail/set_reflex__rosidl_typesupport_fastrtps_cpp.hpp
[1.938s] -- Up-to-date: /home/user/humble_ws/install/multi_mode_control_msgs/include/multi_mode_control_msgs/multi_mode_control_msgs/srv/detail/set_world_state__rosidl_typesupport_fastrtps_cpp.hpp
[1.938s] -- Up-to-date: /home/user/humble_ws/install/multi_mode_control_msgs/include/multi_mode_control_msgs/multi_mode_control_msgs/srv/detail/set_joint_impedance__rosidl_typesupport_fastrtps_cpp.hpp
[1.939s] -- Up-to-date: /home/user/humble_ws/install/multi_mode_control_msgs/include/multi_mode_control_msgs/multi_mode_control_msgs/srv/detail/set_controllers__rosidl_typesupport_fastrtps_cpp.hpp
[1.939s] -- Up-to-date: /home/user/humble_ws/install/multi_mode_control_msgs/include/multi_mode_control_msgs/multi_mode_control_msgs/srv/detail/set_thresholds__rosidl_typesupport_fastrtps_cpp.hpp
[1.939s] -- Up-to-date: /home/user/humble_ws/install/multi_mode_control_msgs/include/multi_mode_control_msgs/multi_mode_control_msgs/srv/detail/get_controllers__rosidl_typesupport_fastrtps_cpp.hpp
[1.939s] -- Up-to-date: /home/user/humble_ws/install/multi_mode_control_msgs/include/multi_mode_control_msgs/multi_mode_control_msgs/msg
[1.939s] -- Up-to-date: /home/user/humble_ws/install/multi_mode_control_msgs/include/multi_mode_control_msgs/multi_mode_control_msgs/msg/detail
[1.939s] -- Up-to-date: /home/user/humble_ws/install/multi_mode_control_msgs/include/multi_mode_control_msgs/multi_mode_control_msgs/msg/detail/dds_fastrtps
[1.939s] -- Up-to-date: /home/user/humble_ws/install/multi_mode_control_msgs/include/multi_mode_control_msgs/multi_mode_control_msgs/msg/detail/controller__rosidl_typesupport_fastrtps_cpp.hpp
[1.939s] -- Up-to-date: /home/user/humble_ws/install/multi_mode_control_msgs/include/multi_mode_control_msgs/multi_mode_control_msgs/msg/detail/velocity_goal__rosidl_typesupport_fastrtps_cpp.hpp
[1.940s] -- Up-to-date: /home/user/humble_ws/install/multi_mode_control_msgs/include/multi_mode_control_msgs/multi_mode_control_msgs/msg/detail/joint_array__rosidl_typesupport_fastrtps_cpp.hpp
[1.940s] -- Up-to-date: /home/user/humble_ws/install/multi_mode_control_msgs/include/multi_mode_control_msgs/multi_mode_control_msgs/msg/detail/cartesian_impedance_goal__rosidl_typesupport_fastrtps_cpp.hpp
[1.940s] -- Up-to-date: /home/user/humble_ws/install/multi_mode_control_msgs/include/multi_mode_control_msgs/multi_mode_control_msgs/msg/detail/wrench__rosidl_typesupport_fastrtps_cpp.hpp
[1.940s] -- Up-to-date: /home/user/humble_ws/install/multi_mode_control_msgs/include/multi_mode_control_msgs/multi_mode_control_msgs/msg/detail/contact_thresholds__rosidl_typesupport_fastrtps_cpp.hpp
[1.940s] -- Up-to-date: /home/user/humble_ws/install/multi_mode_control_msgs/include/multi_mode_control_msgs/multi_mode_control_msgs/msg/detail/dual_cartesian_impedance_goal__rosidl_typesupport_fastrtps_cpp.hpp
[1.940s] -- Up-to-date: /home/user/humble_ws/install/multi_mode_control_msgs/include/multi_mode_control_msgs/multi_mode_control_msgs/msg/detail/joint_goal__rosidl_typesupport_fastrtps_cpp.hpp
[1.940s] -- Up-to-date: /home/user/humble_ws/install/multi_mode_control_msgs/include/multi_mode_control_msgs/multi_mode_control_msgs/msg/rosidl_typesupport_fastrtps_cpp__visibility_control.h
[1.941s] -- Up-to-date: /home/user/humble_ws/install/multi_mode_control_msgs/lib/libmulti_mode_control_msgs__rosidl_typesupport_fastrtps_cpp.so
[1.941s] -- Up-to-date: /home/user/humble_ws/install/multi_mode_control_msgs/include/multi_mode_control_msgs/multi_mode_control_msgs
[1.941s] -- Up-to-date: /home/user/humble_ws/install/multi_mode_control_msgs/include/multi_mode_control_msgs/multi_mode_control_msgs/srv
[1.941s] -- Up-to-date: /home/user/humble_ws/install/multi_mode_control_msgs/include/multi_mode_control_msgs/multi_mode_control_msgs/srv/detail
[1.941s] -- Up-to-date: /home/user/humble_ws/install/multi_mode_control_msgs/include/multi_mode_control_msgs/multi_mode_control_msgs/srv/detail/get_robot_states__type_support.c
[1.941s] -- Up-to-date: /home/user/humble_ws/install/multi_mode_control_msgs/include/multi_mode_control_msgs/multi_mode_control_msgs/srv/detail/set_world_state__rosidl_typesupport_introspection_c.h
[1.941s] -- Up-to-date: /home/user/humble_ws/install/multi_mode_control_msgs/include/multi_mode_control_msgs/multi_mode_control_msgs/srv/detail/set_controllers__rosidl_typesupport_introspection_c.h
[1.941s] -- Up-to-date: /home/user/humble_ws/install/multi_mode_control_msgs/include/multi_mode_control_msgs/multi_mode_control_msgs/srv/detail/set_joint_impedance__rosidl_typesupport_introspection_c.h
[1.941s] -- Up-to-date: /home/user/humble_ws/install/multi_mode_control_msgs/include/multi_mode_control_msgs/multi_mode_control_msgs/srv/detail/set_cartesian_impedance__type_support.c
[1.942s] -- Up-to-date: /home/user/humble_ws/install/multi_mode_control_msgs/include/multi_mode_control_msgs/multi_mode_control_msgs/srv/detail/set_recovery_mode__type_support.c
[1.942s] -- Up-to-date: /home/user/humble_ws/install/multi_mode_control_msgs/include/multi_mode_control_msgs/multi_mode_control_msgs/srv/detail/get_robot_states__rosidl_typesupport_introspection_c.h
[1.942s] -- Up-to-date: /home/user/humble_ws/install/multi_mode_control_msgs/include/multi_mode_control_msgs/multi_mode_control_msgs/srv/detail/set_joint_impedance__type_support.c
[1.942s] -- Up-to-date: /home/user/humble_ws/install/multi_mode_control_msgs/include/multi_mode_control_msgs/multi_mode_control_msgs/srv/detail/set_controllers__type_support.c
[1.942s] -- Up-to-date: /home/user/humble_ws/install/multi_mode_control_msgs/include/multi_mode_control_msgs/multi_mode_control_msgs/srv/detail/set_reflex__type_support.c
[1.942s] -- Up-to-date: /home/user/humble_ws/install/multi_mode_control_msgs/include/multi_mode_control_msgs/multi_mode_control_msgs/srv/detail/set_thresholds__type_support.c
[1.942s] -- Up-to-date: /home/user/humble_ws/install/multi_mode_control_msgs/include/multi_mode_control_msgs/multi_mode_control_msgs/srv/detail/set_reflex__rosidl_typesupport_introspection_c.h
[1.942s] -- Up-to-date: /home/user/humble_ws/install/multi_mode_control_msgs/include/multi_mode_control_msgs/multi_mode_control_msgs/srv/detail/get_controllers__rosidl_typesupport_introspection_c.h
[1.942s] -- Up-to-date: /home/user/humble_ws/install/multi_mode_control_msgs/include/multi_mode_control_msgs/multi_mode_control_msgs/srv/detail/set_thresholds__rosidl_typesupport_introspection_c.h
[1.943s] -- Up-to-date: /home/user/humble_ws/install/multi_mode_control_msgs/include/multi_mode_control_msgs/multi_mode_control_msgs/srv/detail/set_cartesian_impedance__rosidl_typesupport_introspection_c.h
[1.943s] -- Up-to-date: /home/user/humble_ws/install/multi_mode_control_msgs/include/multi_mode_control_msgs/multi_mode_control_msgs/srv/detail/set_recovery_mode__rosidl_typesupport_introspection_c.h
[1.943s] -- Up-to-date: /home/user/humble_ws/install/multi_mode_control_msgs/include/multi_mode_control_msgs/multi_mode_control_msgs/srv/detail/get_controllers__type_support.c
[1.943s] -- Up-to-date: /home/user/humble_ws/install/multi_mode_control_msgs/include/multi_mode_control_msgs/multi_mode_control_msgs/srv/detail/set_world_state__type_support.c
[1.943s] -- Up-to-date: /home/user/humble_ws/install/multi_mode_control_msgs/include/multi_mode_control_msgs/multi_mode_control_msgs/msg
[1.943s] -- Up-to-date: /home/user/humble_ws/install/multi_mode_control_msgs/include/multi_mode_control_msgs/multi_mode_control_msgs/msg/detail
[1.943s] -- Up-to-date: /home/user/humble_ws/install/multi_mode_control_msgs/include/multi_mode_control_msgs/multi_mode_control_msgs/msg/detail/joint_array__rosidl_typesupport_introspection_c.h
[1.943s] -- Up-to-date: /home/user/humble_ws/install/multi_mode_control_msgs/include/multi_mode_control_msgs/multi_mode_control_msgs/msg/detail/joint_array__type_support.c
[1.944s] -- Up-to-date: /home/user/humble_ws/install/multi_mode_control_msgs/include/multi_mode_control_msgs/multi_mode_control_msgs/msg/detail/joint_goal__rosidl_typesupport_introspection_c.h
[1.944s] -- Up-to-date: /home/user/humble_ws/install/multi_mode_control_msgs/include/multi_mode_control_msgs/multi_mode_control_msgs/msg/detail/cartesian_impedance_goal__rosidl_typesupport_introspection_c.h
[1.944s] -- Up-to-date: /home/user/humble_ws/install/multi_mode_control_msgs/include/multi_mode_control_msgs/multi_mode_control_msgs/msg/detail/velocity_goal__type_support.c
[1.944s] -- Up-to-date: /home/user/humble_ws/install/multi_mode_control_msgs/include/multi_mode_control_msgs/multi_mode_control_msgs/msg/detail/wrench__rosidl_typesupport_introspection_c.h
[1.944s] -- Up-to-date: /home/user/humble_ws/install/multi_mode_control_msgs/include/multi_mode_control_msgs/multi_mode_control_msgs/msg/detail/cartesian_impedance_goal__type_support.c
[1.944s] -- Up-to-date: /home/user/humble_ws/install/multi_mode_control_msgs/include/multi_mode_control_msgs/multi_mode_control_msgs/msg/detail/controller__type_support.c
[1.944s] -- Up-to-date: /home/user/humble_ws/install/multi_mode_control_msgs/include/multi_mode_control_msgs/multi_mode_control_msgs/msg/detail/velocity_goal__rosidl_typesupport_introspection_c.h
[1.944s] -- Up-to-date: /home/user/humble_ws/install/multi_mode_control_msgs/include/multi_mode_control_msgs/multi_mode_control_msgs/msg/detail/dual_cartesian_impedance_goal__type_support.c
[1.944s] -- Up-to-date: /home/user/humble_ws/install/multi_mode_control_msgs/include/multi_mode_control_msgs/multi_mode_control_msgs/msg/detail/joint_goal__type_support.c
[1.945s] -- Up-to-date: /home/user/humble_ws/install/multi_mode_control_msgs/include/multi_mode_control_msgs/multi_mode_control_msgs/msg/detail/wrench__type_support.c
[1.945s] -- Up-to-date: /home/user/humble_ws/install/multi_mode_control_msgs/include/multi_mode_control_msgs/multi_mode_control_msgs/msg/detail/dual_cartesian_impedance_goal__rosidl_typesupport_introspection_c.h
[1.945s] -- Up-to-date: /home/user/humble_ws/install/multi_mode_control_msgs/include/multi_mode_control_msgs/multi_mode_control_msgs/msg/detail/contact_thresholds__rosidl_typesupport_introspection_c.h
[1.945s] -- Up-to-date: /home/user/humble_ws/install/multi_mode_control_msgs/include/multi_mode_control_msgs/multi_mode_control_msgs/msg/detail/controller__rosidl_typesupport_introspection_c.h
[1.945s] -- Up-to-date: /home/user/humble_ws/install/multi_mode_control_msgs/include/multi_mode_control_msgs/multi_mode_control_msgs/msg/detail/contact_thresholds__type_support.c
[1.945s] -- Up-to-date: /home/user/humble_ws/install/multi_mode_control_msgs/include/multi_mode_control_msgs/multi_mode_control_msgs/msg/rosidl_typesupport_introspection_c__visibility_control.h
[1.945s] -- Up-to-date: /home/user/humble_ws/install/multi_mode_control_msgs/lib/libmulti_mode_control_msgs__rosidl_typesupport_introspection_c.so
[1.945s] -- Up-to-date: /home/user/humble_ws/install/multi_mode_control_msgs/lib/libmulti_mode_control_msgs__rosidl_typesupport_c.so
[1.945s] -- Up-to-date: /home/user/humble_ws/install/multi_mode_control_msgs/include/multi_mode_control_msgs/multi_mode_control_msgs
[1.946s] -- Up-to-date: /home/user/humble_ws/install/multi_mode_control_msgs/include/multi_mode_control_msgs/multi_mode_control_msgs/srv
[1.946s] -- Up-to-date: /home/user/humble_ws/install/multi_mode_control_msgs/include/multi_mode_control_msgs/multi_mode_control_msgs/srv/detail
[1.946s] -- Up-to-date: /home/user/humble_ws/install/multi_mode_control_msgs/include/multi_mode_control_msgs/multi_mode_control_msgs/srv/detail/get_controllers__rosidl_typesupport_introspection_cpp.hpp
[1.946s] -- Up-to-date: /home/user/humble_ws/install/multi_mode_control_msgs/include/multi_mode_control_msgs/multi_mode_control_msgs/srv/detail/set_reflex__type_support.cpp
[1.946s] -- Up-to-date: /home/user/humble_ws/install/multi_mode_control_msgs/include/multi_mode_control_msgs/multi_mode_control_msgs/srv/detail/get_robot_states__rosidl_typesupport_introspection_cpp.hpp
[1.946s] -- Up-to-date: /home/user/humble_ws/install/multi_mode_control_msgs/include/multi_mode_control_msgs/multi_mode_control_msgs/srv/detail/set_world_state__rosidl_typesupport_introspection_cpp.hpp
[1.946s] -- Up-to-date: /home/user/humble_ws/install/multi_mode_control_msgs/include/multi_mode_control_msgs/multi_mode_control_msgs/srv/detail/set_reflex__rosidl_typesupport_introspection_cpp.hpp
[1.946s] -- Up-to-date: /home/user/humble_ws/install/multi_mode_control_msgs/include/multi_mode_control_msgs/multi_mode_control_msgs/srv/detail/set_thresholds__type_support.cpp
[1.946s] -- Up-to-date: /home/user/humble_ws/install/multi_mode_control_msgs/include/multi_mode_control_msgs/multi_mode_control_msgs/srv/detail/set_controllers__type_support.cpp
[1.947s] -- Up-to-date: /home/user/humble_ws/install/multi_mode_control_msgs/include/multi_mode_control_msgs/multi_mode_control_msgs/srv/detail/set_thresholds__rosidl_typesupport_introspection_cpp.hpp
[1.947s] -- Up-to-date: /home/user/humble_ws/install/multi_mode_control_msgs/include/multi_mode_control_msgs/multi_mode_control_msgs/srv/detail/set_recovery_mode__type_support.cpp
[1.947s] -- Up-to-date: /home/user/humble_ws/install/multi_mode_control_msgs/include/multi_mode_control_msgs/multi_mode_control_msgs/srv/detail/set_recovery_mode__rosidl_typesupport_introspection_cpp.hpp
[1.947s] -- Up-to-date: /home/user/humble_ws/install/multi_mode_control_msgs/include/multi_mode_control_msgs/multi_mode_control_msgs/srv/detail/set_controllers__rosidl_typesupport_introspection_cpp.hpp
[1.947s] -- Up-to-date: /home/user/humble_ws/install/multi_mode_control_msgs/include/multi_mode_control_msgs/multi_mode_control_msgs/srv/detail/set_joint_impedance__rosidl_typesupport_introspection_cpp.hpp
[1.947s] -- Up-to-date: /home/user/humble_ws/install/multi_mode_control_msgs/include/multi_mode_control_msgs/multi_mode_control_msgs/srv/detail/set_world_state__type_support.cpp
[1.947s] -- Up-to-date: /home/user/humble_ws/install/multi_mode_control_msgs/include/multi_mode_control_msgs/multi_mode_control_msgs/srv/detail/set_joint_impedance__type_support.cpp
[1.947s] -- Up-to-date: /home/user/humble_ws/install/multi_mode_control_msgs/include/multi_mode_control_msgs/multi_mode_control_msgs/srv/detail/get_controllers__type_support.cpp
[1.947s] -- Up-to-date: /home/user/humble_ws/install/multi_mode_control_msgs/include/multi_mode_control_msgs/multi_mode_control_msgs/srv/detail/get_robot_states__type_support.cpp
[1.948s] -- Up-to-date: /home/user/humble_ws/install/multi_mode_control_msgs/include/multi_mode_control_msgs/multi_mode_control_msgs/srv/detail/set_cartesian_impedance__rosidl_typesupport_introspection_cpp.hpp
[1.948s] -- Up-to-date: /home/user/humble_ws/install/multi_mode_control_msgs/include/multi_mode_control_msgs/multi_mode_control_msgs/srv/detail/set_cartesian_impedance__type_support.cpp
[1.948s] -- Up-to-date: /home/user/humble_ws/install/multi_mode_control_msgs/include/multi_mode_control_msgs/multi_mode_control_msgs/msg
[1.948s] -- Up-to-date: /home/user/humble_ws/install/multi_mode_control_msgs/include/multi_mode_control_msgs/multi_mode_control_msgs/msg/detail
[1.948s] -- Up-to-date: /home/user/humble_ws/install/multi_mode_control_msgs/include/multi_mode_control_msgs/multi_mode_control_msgs/msg/detail/joint_goal__rosidl_typesupport_introspection_cpp.hpp
[1.948s] -- Up-to-date: /home/user/humble_ws/install/multi_mode_control_msgs/include/multi_mode_control_msgs/multi_mode_control_msgs/msg/detail/dual_cartesian_impedance_goal__rosidl_typesupport_introspection_cpp.hpp
[1.948s] -- Up-to-date: /home/user/humble_ws/install/multi_mode_control_msgs/include/multi_mode_control_msgs/multi_mode_control_msgs/msg/detail/joint_goal__type_support.cpp
[1.948s] -- Up-to-date: /home/user/humble_ws/install/multi_mode_control_msgs/include/multi_mode_control_msgs/multi_mode_control_msgs/msg/detail/contact_thresholds__type_support.cpp
[1.948s] -- Up-to-date: /home/user/humble_ws/install/multi_mode_control_msgs/include/multi_mode_control_msgs/multi_mode_control_msgs/msg/detail/cartesian_impedance_goal__rosidl_typesupport_introspection_cpp.hpp
[1.949s] -- Up-to-date: /home/user/humble_ws/install/multi_mode_control_msgs/include/multi_mode_control_msgs/multi_mode_control_msgs/msg/detail/wrench__rosidl_typesupport_introspection_cpp.hpp
[1.949s] -- Up-to-date: /home/user/humble_ws/install/multi_mode_control_msgs/include/multi_mode_control_msgs/multi_mode_control_msgs/msg/detail/wrench__type_support.cpp
[1.949s] -- Up-to-date: /home/user/humble_ws/install/multi_mode_control_msgs/include/multi_mode_control_msgs/multi_mode_control_msgs/msg/detail/joint_array__type_support.cpp
[1.949s] -- Up-to-date: /home/user/humble_ws/install/multi_mode_control_msgs/include/multi_mode_control_msgs/multi_mode_control_msgs/msg/detail/controller__type_support.cpp
[1.949s] -- Up-to-date: /home/user/humble_ws/install/multi_mode_control_msgs/include/multi_mode_control_msgs/multi_mode_control_msgs/msg/detail/contact_thresholds__rosidl_typesupport_introspection_cpp.hpp
[1.949s] -- Up-to-date: /home/user/humble_ws/install/multi_mode_control_msgs/include/multi_mode_control_msgs/multi_mode_control_msgs/msg/detail/joint_array__rosidl_typesupport_introspection_cpp.hpp
[1.949s] -- Up-to-date: /home/user/humble_ws/install/multi_mode_control_msgs/include/multi_mode_control_msgs/multi_mode_control_msgs/msg/detail/cartesian_impedance_goal__type_support.cpp
[1.949s] -- Up-to-date: /home/user/humble_ws/install/multi_mode_control_msgs/include/multi_mode_control_msgs/multi_mode_control_msgs/msg/detail/dual_cartesian_impedance_goal__type_support.cpp
[1.950s] -- Up-to-date: /home/user/humble_ws/install/multi_mode_control_msgs/include/multi_mode_control_msgs/multi_mode_control_msgs/msg/detail/velocity_goal__type_support.cpp
[1.950s] -- Up-to-date: /home/user/humble_ws/install/multi_mode_control_msgs/include/multi_mode_control_msgs/multi_mode_control_msgs/msg/detail/velocity_goal__rosidl_typesupport_introspection_cpp.hpp
[1.950s] -- Up-to-date: /home/user/humble_ws/install/multi_mode_control_msgs/include/multi_mode_control_msgs/multi_mode_control_msgs/msg/detail/controller__rosidl_typesupport_introspection_cpp.hpp
[1.950s] -- Up-to-date: /home/user/humble_ws/install/multi_mode_control_msgs/lib/libmulti_mode_control_msgs__rosidl_typesupport_introspection_cpp.so
[1.950s] -- Up-to-date: /home/user/humble_ws/install/multi_mode_control_msgs/lib/libmulti_mode_control_msgs__rosidl_typesupport_cpp.so
[1.950s] -- Up-to-date: /home/user/humble_ws/install/multi_mode_control_msgs/share/multi_mode_control_msgs/environment/pythonpath.sh
[1.950s] -- Up-to-date: /home/user/humble_ws/install/multi_mode_control_msgs/share/multi_mode_control_msgs/environment/pythonpath.dsv
[1.950s] -- Up-to-date: /home/user/humble_ws/install/multi_mode_control_msgs/local/lib/python3.10/dist-packages/multi_mode_control_msgs-0.0.0-py3.10.egg-info
[1.950s] -- Installing: /home/user/humble_ws/install/multi_mode_control_msgs/local/lib/python3.10/dist-packages/multi_mode_control_msgs-0.0.0-py3.10.egg-info/top_level.txt
[1.951s] -- Installing: /home/user/humble_ws/install/multi_mode_control_msgs/local/lib/python3.10/dist-packages/multi_mode_control_msgs-0.0.0-py3.10.egg-info/dependency_links.txt
[1.951s] -- Installing: /home/user/humble_ws/install/multi_mode_control_msgs/local/lib/python3.10/dist-packages/multi_mode_control_msgs-0.0.0-py3.10.egg-info/SOURCES.txt
[1.951s] -- Installing: /home/user/humble_ws/install/multi_mode_control_msgs/local/lib/python3.10/dist-packages/multi_mode_control_msgs-0.0.0-py3.10.egg-info/PKG-INFO
[1.951s] -- Up-to-date: /home/user/humble_ws/install/multi_mode_control_msgs/local/lib/python3.10/dist-packages/multi_mode_control_msgs
[1.951s] -- Up-to-date: /home/user/humble_ws/install/multi_mode_control_msgs/local/lib/python3.10/dist-packages/multi_mode_control_msgs/multi_mode_control_msgs_s__rosidl_typesupport_introspection_c.cpython-310-x86_64-linux-gnu.so
[1.951s] -- Up-to-date: /home/user/humble_ws/install/multi_mode_control_msgs/local/lib/python3.10/dist-packages/multi_mode_control_msgs/_multi_mode_control_msgs_s.ep.rosidl_typesupport_fastrtps_c.c
[1.951s] -- Up-to-date: /home/user/humble_ws/install/multi_mode_control_msgs/local/lib/python3.10/dist-packages/multi_mode_control_msgs/_multi_mode_control_msgs_s.ep.rosidl_typesupport_c.c
[1.951s] -- Up-to-date: /home/user/humble_ws/install/multi_mode_control_msgs/local/lib/python3.10/dist-packages/multi_mode_control_msgs/multi_mode_control_msgs_s__rosidl_typesupport_c.cpython-310-x86_64-linux-gnu.so
[1.951s] -- Up-to-date: /home/user/humble_ws/install/multi_mode_control_msgs/local/lib/python3.10/dist-packages/multi_mode_control_msgs/libmulti_mode_control_msgs__rosidl_generator_py.so
[1.952s] -- Up-to-date: /home/user/humble_ws/install/multi_mode_control_msgs/local/lib/python3.10/dist-packages/multi_mode_control_msgs/srv
[1.952s] -- Up-to-date: /home/user/humble_ws/install/multi_mode_control_msgs/local/lib/python3.10/dist-packages/multi_mode_control_msgs/srv/_set_joint_impedance.py
[1.952s] -- Up-to-date: /home/user/humble_ws/install/multi_mode_control_msgs/local/lib/python3.10/dist-packages/multi_mode_control_msgs/srv/_set_reflex.py
[1.952s] -- Up-to-date: /home/user/humble_ws/install/multi_mode_control_msgs/local/lib/python3.10/dist-packages/multi_mode_control_msgs/srv/_get_controllers_s.c
[1.952s] -- Up-to-date: /home/user/humble_ws/install/multi_mode_control_msgs/local/lib/python3.10/dist-packages/multi_mode_control_msgs/srv/_get_robot_states.py
[1.952s] -- Up-to-date: /home/user/humble_ws/install/multi_mode_control_msgs/local/lib/python3.10/dist-packages/multi_mode_control_msgs/srv/_set_reflex_s.c
[1.952s] -- Up-to-date: /home/user/humble_ws/install/multi_mode_control_msgs/local/lib/python3.10/dist-packages/multi_mode_control_msgs/srv/_set_cartesian_impedance_s.c
[1.952s] -- Up-to-date: /home/user/humble_ws/install/multi_mode_control_msgs/local/lib/python3.10/dist-packages/multi_mode_control_msgs/srv/_set_controllers.py
[1.952s] -- Up-to-date: /home/user/humble_ws/install/multi_mode_control_msgs/local/lib/python3.10/dist-packages/multi_mode_control_msgs/srv/_set_thresholds.py
[1.953s] -- Up-to-date: /home/user/humble_ws/install/multi_mode_control_msgs/local/lib/python3.10/dist-packages/multi_mode_control_msgs/srv/_set_cartesian_impedance.py
[1.953s] -- Up-to-date: /home/user/humble_ws/install/multi_mode_control_msgs/local/lib/python3.10/dist-packages/multi_mode_control_msgs/srv/_set_joint_impedance_s.c
[1.953s] -- Up-to-date: /home/user/humble_ws/install/multi_mode_control_msgs/local/lib/python3.10/dist-packages/multi_mode_control_msgs/srv/_set_recovery_mode_s.c
[1.953s] -- Up-to-date: /home/user/humble_ws/install/multi_mode_control_msgs/local/lib/python3.10/dist-packages/multi_mode_control_msgs/srv/_set_world_state_s.c
[1.953s] -- Up-to-date: /home/user/humble_ws/install/multi_mode_control_msgs/local/lib/python3.10/dist-packages/multi_mode_control_msgs/srv/_set_world_state.py
[1.953s] -- Up-to-date: /home/user/humble_ws/install/multi_mode_control_msgs/local/lib/python3.10/dist-packages/multi_mode_control_msgs/srv/_set_controllers_s.c
[1.953s] -- Up-to-date: /home/user/humble_ws/install/multi_mode_control_msgs/local/lib/python3.10/dist-packages/multi_mode_control_msgs/srv/_set_thresholds_s.c
[1.953s] -- Up-to-date: /home/user/humble_ws/install/multi_mode_control_msgs/local/lib/python3.10/dist-packages/multi_mode_control_msgs/srv/_get_robot_states_s.c
[1.953s] -- Up-to-date: /home/user/humble_ws/install/multi_mode_control_msgs/local/lib/python3.10/dist-packages/multi_mode_control_msgs/srv/_set_recovery_mode.py
[1.954s] -- Up-to-date: /home/user/humble_ws/install/multi_mode_control_msgs/local/lib/python3.10/dist-packages/multi_mode_control_msgs/srv/__init__.py
[1.954s] -- Up-to-date: /home/user/humble_ws/install/multi_mode_control_msgs/local/lib/python3.10/dist-packages/multi_mode_control_msgs/srv/_get_controllers.py
[1.954s] -- Up-to-date: /home/user/humble_ws/install/multi_mode_control_msgs/local/lib/python3.10/dist-packages/multi_mode_control_msgs/multi_mode_control_msgs_s__rosidl_typesupport_fastrtps_c.cpython-310-x86_64-linux-gnu.so
[1.954s] -- Up-to-date: /home/user/humble_ws/install/multi_mode_control_msgs/local/lib/python3.10/dist-packages/multi_mode_control_msgs/msg
[1.954s] -- Up-to-date: /home/user/humble_ws/install/multi_mode_control_msgs/local/lib/python3.10/dist-packages/multi_mode_control_msgs/msg/_controller.py
[1.954s] -- Up-to-date: /home/user/humble_ws/install/multi_mode_control_msgs/local/lib/python3.10/dist-packages/multi_mode_control_msgs/msg/_controller_s.c
[1.954s] -- Up-to-date: /home/user/humble_ws/install/multi_mode_control_msgs/local/lib/python3.10/dist-packages/multi_mode_control_msgs/msg/_dual_cartesian_impedance_goal.py
[1.954s] -- Up-to-date: /home/user/humble_ws/install/multi_mode_control_msgs/local/lib/python3.10/dist-packages/multi_mode_control_msgs/msg/_dual_cartesian_impedance_goal_s.c
[1.955s] -- Up-to-date: /home/user/humble_ws/install/multi_mode_control_msgs/local/lib/python3.10/dist-packages/multi_mode_control_msgs/msg/_contact_thresholds_s.c
[1.955s] -- Up-to-date: /home/user/humble_ws/install/multi_mode_control_msgs/local/lib/python3.10/dist-packages/multi_mode_control_msgs/msg/_joint_array.py
[1.955s] -- Up-to-date: /home/user/humble_ws/install/multi_mode_control_msgs/local/lib/python3.10/dist-packages/multi_mode_control_msgs/msg/_contact_thresholds.py
[1.955s] -- Up-to-date: /home/user/humble_ws/install/multi_mode_control_msgs/local/lib/python3.10/dist-packages/multi_mode_control_msgs/msg/_wrench_s.c
[1.955s] -- Up-to-date: /home/user/humble_ws/install/multi_mode_control_msgs/local/lib/python3.10/dist-packages/multi_mode_control_msgs/msg/_cartesian_impedance_goal_s.c
[1.955s] -- Up-to-date: /home/user/humble_ws/install/multi_mode_control_msgs/local/lib/python3.10/dist-packages/multi_mode_control_msgs/msg/_joint_array_s.c
[1.955s] -- Up-to-date: /home/user/humble_ws/install/multi_mode_control_msgs/local/lib/python3.10/dist-packages/multi_mode_control_msgs/msg/_velocity_goal.py
[1.955s] -- Up-to-date: /home/user/humble_ws/install/multi_mode_control_msgs/local/lib/python3.10/dist-packages/multi_mode_control_msgs/msg/_joint_goal.py
[1.955s] -- Up-to-date: /home/user/humble_ws/install/multi_mode_control_msgs/local/lib/python3.10/dist-packages/multi_mode_control_msgs/msg/_velocity_goal_s.c
[1.956s] -- Up-to-date: /home/user/humble_ws/install/multi_mode_control_msgs/local/lib/python3.10/dist-packages/multi_mode_control_msgs/msg/_cartesian_impedance_goal.py
[1.956s] -- Up-to-date: /home/user/humble_ws/install/multi_mode_control_msgs/local/lib/python3.10/dist-packages/multi_mode_control_msgs/msg/_joint_goal_s.c
[1.956s] -- Up-to-date: /home/user/humble_ws/install/multi_mode_control_msgs/local/lib/python3.10/dist-packages/multi_mode_control_msgs/msg/__init__.py
[1.956s] -- Up-to-date: /home/user/humble_ws/install/multi_mode_control_msgs/local/lib/python3.10/dist-packages/multi_mode_control_msgs/msg/_wrench.py
[1.956s] -- Up-to-date: /home/user/humble_ws/install/multi_mode_control_msgs/local/lib/python3.10/dist-packages/multi_mode_control_msgs/__init__.py
[1.956s] -- Up-to-date: /home/user/humble_ws/install/multi_mode_control_msgs/local/lib/python3.10/dist-packages/multi_mode_control_msgs/_multi_mode_control_msgs_s.ep.rosidl_typesupport_introspection_c.c
[1.969s] Listing '/home/user/humble_ws/install/multi_mode_control_msgs/local/lib/python3.10/dist-packages/multi_mode_control_msgs'...
[1.969s] Listing '/home/user/humble_ws/install/multi_mode_control_msgs/local/lib/python3.10/dist-packages/multi_mode_control_msgs/msg'...
[1.969s] Listing '/home/user/humble_ws/install/multi_mode_control_msgs/local/lib/python3.10/dist-packages/multi_mode_control_msgs/srv'...
[1.975s] -- Up-to-date: /home/user/humble_ws/install/multi_mode_control_msgs/local/lib/python3.10/dist-packages/multi_mode_control_msgs/multi_mode_control_msgs_s__rosidl_typesupport_fastrtps_c.cpython-310-x86_64-linux-gnu.so
[1.976s] -- Up-to-date: /home/user/humble_ws/install/multi_mode_control_msgs/local/lib/python3.10/dist-packages/multi_mode_control_msgs/multi_mode_control_msgs_s__rosidl_typesupport_introspection_c.cpython-310-x86_64-linux-gnu.so
[1.977s] -- Up-to-date: /home/user/humble_ws/install/multi_mode_control_msgs/local/lib/python3.10/dist-packages/multi_mode_control_msgs/multi_mode_control_msgs_s__rosidl_typesupport_c.cpython-310-x86_64-linux-gnu.so
[1.977s] -- Up-to-date: /home/user/humble_ws/install/multi_mode_control_msgs/lib/libmulti_mode_control_msgs__rosidl_generator_py.so
[1.977s] -- Up-to-date: /home/user/humble_ws/install/multi_mode_control_msgs/share/multi_mode_control_msgs/msg/CartesianImpedanceGoal.idl
[1.977s] -- Up-to-date: /home/user/humble_ws/install/multi_mode_control_msgs/share/multi_mode_control_msgs/msg/DualCartesianImpedanceGoal.idl
[1.977s] -- Up-to-date: /home/user/humble_ws/install/multi_mode_control_msgs/share/multi_mode_control_msgs/msg/ContactThresholds.idl
[1.978s] -- Up-to-date: /home/user/humble_ws/install/multi_mode_control_msgs/share/multi_mode_control_msgs/msg/Controller.idl
[1.978s] -- Up-to-date: /home/user/humble_ws/install/multi_mode_control_msgs/share/multi_mode_control_msgs/msg/JointArray.idl
[1.978s] -- Up-to-date: /home/user/humble_ws/install/multi_mode_control_msgs/share/multi_mode_control_msgs/msg/JointGoal.idl
[1.978s] -- Up-to-date: /home/user/humble_ws/install/multi_mode_control_msgs/share/multi_mode_control_msgs/msg/VelocityGoal.idl
[1.979s] -- Up-to-date: /home/user/humble_ws/install/multi_mode_control_msgs/share/multi_mode_control_msgs/msg/Wrench.idl
[1.979s] -- Up-to-date: /home/user/humble_ws/install/multi_mode_control_msgs/share/multi_mode_control_msgs/srv/GetControllers.idl
[1.979s] -- Up-to-date: /home/user/humble_ws/install/multi_mode_control_msgs/share/multi_mode_control_msgs/srv/GetRobotStates.idl
[1.979s] -- Up-to-date: /home/user/humble_ws/install/multi_mode_control_msgs/share/multi_mode_control_msgs/srv/SetCartesianImpedance.idl
[1.979s] -- Up-to-date: /home/user/humble_ws/install/multi_mode_control_msgs/share/multi_mode_control_msgs/srv/SetControllers.idl
[1.979s] -- Up-to-date: /home/user/humble_ws/install/multi_mode_control_msgs/share/multi_mode_control_msgs/srv/SetJointImpedance.idl
[1.980s] -- Up-to-date: /home/user/humble_ws/install/multi_mode_control_msgs/share/multi_mode_control_msgs/srv/SetRecoveryMode.idl
[1.980s] -- Up-to-date: /home/user/humble_ws/install/multi_mode_control_msgs/share/multi_mode_control_msgs/srv/SetReflex.idl
[1.980s] -- Up-to-date: /home/user/humble_ws/install/multi_mode_control_msgs/share/multi_mode_control_msgs/srv/SetThresholds.idl
[1.980s] -- Up-to-date: /home/user/humble_ws/install/multi_mode_control_msgs/share/multi_mode_control_msgs/srv/SetWorldState.idl
[1.980s] -- Up-to-date: /home/user/humble_ws/install/multi_mode_control_msgs/share/multi_mode_control_msgs/msg/CartesianImpedanceGoal.msg
[1.980s] -- Up-to-date: /home/user/humble_ws/install/multi_mode_control_msgs/share/multi_mode_control_msgs/msg/DualCartesianImpedanceGoal.msg
[1.981s] -- Up-to-date: /home/user/humble_ws/install/multi_mode_control_msgs/share/multi_mode_control_msgs/msg/ContactThresholds.msg
[1.981s] -- Up-to-date: /home/user/humble_ws/install/multi_mode_control_msgs/share/multi_mode_control_msgs/msg/Controller.msg
[1.981s] -- Up-to-date: /home/user/humble_ws/install/multi_mode_control_msgs/share/multi_mode_control_msgs/msg/JointArray.msg
[1.981s] -- Up-to-date: /home/user/humble_ws/install/multi_mode_control_msgs/share/multi_mode_control_msgs/msg/JointGoal.msg
[1.981s] -- Up-to-date: /home/user/humble_ws/install/multi_mode_control_msgs/share/multi_mode_control_msgs/msg/VelocityGoal.msg
[1.981s] -- Up-to-date: /home/user/humble_ws/install/multi_mode_control_msgs/share/multi_mode_control_msgs/msg/Wrench.msg
[1.981s] -- Up-to-date: /home/user/humble_ws/install/multi_mode_control_msgs/share/multi_mode_control_msgs/srv/GetControllers.srv
[1.982s] -- Up-to-date: /home/user/humble_ws/install/multi_mode_control_msgs/share/multi_mode_control_msgs/srv/GetControllers_Request.msg
[1.982s] -- Up-to-date: /home/user/humble_ws/install/multi_mode_control_msgs/share/multi_mode_control_msgs/srv/GetControllers_Response.msg
[1.982s] -- Up-to-date: /home/user/humble_ws/install/multi_mode_control_msgs/share/multi_mode_control_msgs/srv/GetRobotStates.srv
[1.982s] -- Up-to-date: /home/user/humble_ws/install/multi_mode_control_msgs/share/multi_mode_control_msgs/srv/GetRobotStates_Request.msg
[1.982s] -- Up-to-date: /home/user/humble_ws/install/multi_mode_control_msgs/share/multi_mode_control_msgs/srv/GetRobotStates_Response.msg
[1.983s] -- Up-to-date: /home/user/humble_ws/install/multi_mode_control_msgs/share/multi_mode_control_msgs/srv/SetCartesianImpedance.srv
[1.983s] -- Up-to-date: /home/user/humble_ws/install/multi_mode_control_msgs/share/multi_mode_control_msgs/srv/SetCartesianImpedance_Request.msg
[1.983s] -- Up-to-date: /home/user/humble_ws/install/multi_mode_control_msgs/share/multi_mode_control_msgs/srv/SetCartesianImpedance_Response.msg
[1.983s] -- Up-to-date: /home/user/humble_ws/install/multi_mode_control_msgs/share/multi_mode_control_msgs/srv/SetControllers.srv
[1.984s] -- Up-to-date: /home/user/humble_ws/install/multi_mode_control_msgs/share/multi_mode_control_msgs/srv/SetControllers_Request.msg
[1.984s] -- Up-to-date: /home/user/humble_ws/install/multi_mode_control_msgs/share/multi_mode_control_msgs/srv/SetControllers_Response.msg
[1.984s] -- Up-to-date: /home/user/humble_ws/install/multi_mode_control_msgs/share/multi_mode_control_msgs/srv/SetJointImpedance.srv
[1.984s] -- Up-to-date: /home/user/humble_ws/install/multi_mode_control_msgs/share/multi_mode_control_msgs/srv/SetJointImpedance_Request.msg
[1.984s] -- Up-to-date: /home/user/humble_ws/install/multi_mode_control_msgs/share/multi_mode_control_msgs/srv/SetJointImpedance_Response.msg
[1.985s] -- Up-to-date: /home/user/humble_ws/install/multi_mode_control_msgs/share/multi_mode_control_msgs/srv/SetRecoveryMode.srv
[1.985s] -- Up-to-date: /home/user/humble_ws/install/multi_mode_control_msgs/share/multi_mode_control_msgs/srv/SetRecoveryMode_Request.msg
[1.985s] -- Up-to-date: /home/user/humble_ws/install/multi_mode_control_msgs/share/multi_mode_control_msgs/srv/SetRecoveryMode_Response.msg
[1.985s] -- Up-to-date: /home/user/humble_ws/install/multi_mode_control_msgs/share/multi_mode_control_msgs/srv/SetReflex.srv
[1.985s] -- Up-to-date: /home/user/humble_ws/install/multi_mode_control_msgs/share/multi_mode_control_msgs/srv/SetReflex_Request.msg
[1.985s] -- Up-to-date: /home/user/humble_ws/install/multi_mode_control_msgs/share/multi_mode_control_msgs/srv/SetReflex_Response.msg
[1.985s] -- Up-to-date: /home/user/humble_ws/install/multi_mode_control_msgs/share/multi_mode_control_msgs/srv/SetThresholds.srv
[1.986s] -- Up-to-date: /home/user/humble_ws/install/multi_mode_control_msgs/share/multi_mode_control_msgs/srv/SetThresholds_Request.msg
[1.986s] -- Up-to-date: /home/user/humble_ws/install/multi_mode_control_msgs/share/multi_mode_control_msgs/srv/SetThresholds_Response.msg
[1.986s] -- Up-to-date: /home/user/humble_ws/install/multi_mode_control_msgs/share/multi_mode_control_msgs/srv/SetWorldState.srv
[1.986s] -- Up-to-date: /home/user/humble_ws/install/multi_mode_control_msgs/share/multi_mode_control_msgs/srv/SetWorldState_Request.msg
[1.986s] -- Up-to-date: /home/user/humble_ws/install/multi_mode_control_msgs/share/multi_mode_control_msgs/srv/SetWorldState_Response.msg
[1.986s] -- Up-to-date: /home/user/humble_ws/install/multi_mode_control_msgs/share/ament_index/resource_index/package_run_dependencies/multi_mode_control_msgs
[1.986s] -- Up-to-date: /home/user/humble_ws/install/multi_mode_control_msgs/share/ament_index/resource_index/parent_prefix_path/multi_mode_control_msgs
[1.986s] -- Up-to-date: /home/user/humble_ws/install/multi_mode_control_msgs/share/multi_mode_control_msgs/environment/ament_prefix_path.sh
[1.986s] -- Up-to-date: /home/user/humble_ws/install/multi_mode_control_msgs/share/multi_mode_control_msgs/environment/ament_prefix_path.dsv
[1.987s] -- Up-to-date: /home/user/humble_ws/install/multi_mode_control_msgs/share/multi_mode_control_msgs/environment/path.sh
[1.987s] -- Up-to-date: /home/user/humble_ws/install/multi_mode_control_msgs/share/multi_mode_control_msgs/environment/path.dsv
[1.987s] -- Up-to-date: /home/user/humble_ws/install/multi_mode_control_msgs/share/multi_mode_control_msgs/local_setup.bash
[1.987s] -- Up-to-date: /home/user/humble_ws/install/multi_mode_control_msgs/share/multi_mode_control_msgs/local_setup.sh
[1.987s] -- Up-to-date: /home/user/humble_ws/install/multi_mode_control_msgs/share/multi_mode_control_msgs/local_setup.zsh
[1.988s] -- Up-to-date: /home/user/humble_ws/install/multi_mode_control_msgs/share/multi_mode_control_msgs/local_setup.dsv
[1.988s] -- Installing: /home/user/humble_ws/install/multi_mode_control_msgs/share/multi_mode_control_msgs/package.dsv
[1.988s] -- Up-to-date: /home/user/humble_ws/install/multi_mode_control_msgs/share/ament_index/resource_index/packages/multi_mode_control_msgs
[1.988s] -- Up-to-date: /home/user/humble_ws/install/multi_mode_control_msgs/share/multi_mode_control_msgs/cmake/export_multi_mode_control_msgs__rosidl_generator_cExport.cmake
[1.988s] -- Up-to-date: /home/user/humble_ws/install/multi_mode_control_msgs/share/multi_mode_control_msgs/cmake/export_multi_mode_control_msgs__rosidl_generator_cExport-release.cmake
[1.988s] -- Up-to-date: /home/user/humble_ws/install/multi_mode_control_msgs/share/multi_mode_control_msgs/cmake/export_multi_mode_control_msgs__rosidl_typesupport_fastrtps_cExport.cmake
[1.988s] -- Up-to-date: /home/user/humble_ws/install/multi_mode_control_msgs/share/multi_mode_control_msgs/cmake/export_multi_mode_control_msgs__rosidl_typesupport_fastrtps_cExport-release.cmake
[1.988s] -- Up-to-date: /home/user/humble_ws/install/multi_mode_control_msgs/share/multi_mode_control_msgs/cmake/export_multi_mode_control_msgs__rosidl_generator_cppExport.cmake
[1.988s] -- Up-to-date: /home/user/humble_ws/install/multi_mode_control_msgs/share/multi_mode_control_msgs/cmake/export_multi_mode_control_msgs__rosidl_typesupport_fastrtps_cppExport.cmake
[1.988s] -- Up-to-date: /home/user/humble_ws/install/multi_mode_control_msgs/share/multi_mode_control_msgs/cmake/export_multi_mode_control_msgs__rosidl_typesupport_fastrtps_cppExport-release.cmake
[1.988s] -- Up-to-date: /home/user/humble_ws/install/multi_mode_control_msgs/share/multi_mode_control_msgs/cmake/multi_mode_control_msgs__rosidl_typesupport_introspection_cExport.cmake
[1.988s] -- Up-to-date: /home/user/humble_ws/install/multi_mode_control_msgs/share/multi_mode_control_msgs/cmake/multi_mode_control_msgs__rosidl_typesupport_introspection_cExport-release.cmake
[1.988s] -- Up-to-date: /home/user/humble_ws/install/multi_mode_control_msgs/share/multi_mode_control_msgs/cmake/multi_mode_control_msgs__rosidl_typesupport_cExport.cmake
[1.988s] -- Up-to-date: /home/user/humble_ws/install/multi_mode_control_msgs/share/multi_mode_control_msgs/cmake/multi_mode_control_msgs__rosidl_typesupport_cExport-release.cmake
[1.989s] -- Up-to-date: /home/user/humble_ws/install/multi_mode_control_msgs/share/multi_mode_control_msgs/cmake/multi_mode_control_msgs__rosidl_typesupport_introspection_cppExport.cmake
[1.989s] -- Up-to-date: /home/user/humble_ws/install/multi_mode_control_msgs/share/multi_mode_control_msgs/cmake/multi_mode_control_msgs__rosidl_typesupport_introspection_cppExport-release.cmake
[1.989s] -- Up-to-date: /home/user/humble_ws/install/multi_mode_control_msgs/share/multi_mode_control_msgs/cmake/multi_mode_control_msgs__rosidl_typesupport_cppExport.cmake
[1.989s] -- Up-to-date: /home/user/humble_ws/install/multi_mode_control_msgs/share/multi_mode_control_msgs/cmake/multi_mode_control_msgs__rosidl_typesupport_cppExport-release.cmake
[1.989s] -- Up-to-date: /home/user/humble_ws/install/multi_mode_control_msgs/share/multi_mode_control_msgs/cmake/export_multi_mode_control_msgs__rosidl_generator_pyExport.cmake
[1.989s] -- Up-to-date: /home/user/humble_ws/install/multi_mode_control_msgs/share/multi_mode_control_msgs/cmake/export_multi_mode_control_msgs__rosidl_generator_pyExport-release.cmake
[1.989s] -- Up-to-date: /home/user/humble_ws/install/multi_mode_control_msgs/share/multi_mode_control_msgs/cmake/rosidl_cmake-extras.cmake
[1.989s] -- Up-to-date: /home/user/humble_ws/install/multi_mode_control_msgs/share/multi_mode_control_msgs/cmake/ament_cmake_export_dependencies-extras.cmake
[1.989s] -- Up-to-date: /home/user/humble_ws/install/multi_mode_control_msgs/share/multi_mode_control_msgs/cmake/ament_cmake_export_include_directories-extras.cmake
[1.989s] -- Up-to-date: /home/user/humble_ws/install/multi_mode_control_msgs/share/multi_mode_control_msgs/cmake/ament_cmake_export_libraries-extras.cmake
[1.989s] -- Up-to-date: /home/user/humble_ws/install/multi_mode_control_msgs/share/multi_mode_control_msgs/cmake/ament_cmake_export_targets-extras.cmake
[1.989s] -- Up-to-date: /home/user/humble_ws/install/multi_mode_control_msgs/share/multi_mode_control_msgs/cmake/rosidl_cmake_export_typesupport_targets-extras.cmake
[1.989s] -- Up-to-date: /home/user/humble_ws/install/multi_mode_control_msgs/share/multi_mode_control_msgs/cmake/rosidl_cmake_export_typesupport_libraries-extras.cmake
[1.989s] -- Up-to-date: /home/user/humble_ws/install/multi_mode_control_msgs/share/multi_mode_control_msgs/cmake/multi_mode_control_msgsConfig.cmake
[1.989s] -- Up-to-date: /home/user/humble_ws/install/multi_mode_control_msgs/share/multi_mode_control_msgs/cmake/multi_mode_control_msgsConfig-version.cmake
[1.989s] -- Up-to-date: /home/user/humble_ws/install/multi_mode_control_msgs/share/multi_mode_control_msgs/package.xml
[1.991s] Invoked command in '/home/user/humble_ws/build/multi_mode_control_msgs' returned '0': CMAKE_PREFIX_PATH=/home/user/humble_ws/install/franka_msgs:/home/user/humble_ws/install/panda_motion_generators:/home/user/humble_ws/install/panda_motion_generator_msgs:/home/user/humble_ws/install/multi_mode_controller_impl:/home/user/humble_ws/install/multi_mode_controller:/home/user/humble_ws/install/multi_mode_control_msgs:/home/user/humble_ws/install/garmi_controllers:/home/user/humble_ws/install/franka_robot_state_broadcaster:/home/user/humble_ws/install/franka_example_controllers:/home/user/humble_ws/install/franka_semantic_components:/home/user/humble_ws/install/franka_moveit_config:/home/user/humble_ws/install/franka_bringup:/home/user/humble_ws/install/franka_hardware:/home/user/humble_ws/install/franka_gripper:/home/user/humble_ws/install/franka_control2:/home/user/humble_ws/install/franka_description:/home/user/Libraries/libfranka/lib/cmake:/home/user/Libraries/mujoco/lib/cmake:/opt/ros/humble LD_LIBRARY_PATH=/home/user/humble_ws/install/franka_msgs/lib:/home/user/humble_ws/install/panda_motion_generators/lib:/home/user/humble_ws/install/panda_motion_generator_msgs/lib:/home/user/humble_ws/install/multi_mode_controller_impl/lib:/home/user/humble_ws/install/multi_mode_controller/lib:/home/user/humble_ws/install/multi_mode_control_msgs/lib:/home/user/humble_ws/install/garmi_controllers/lib:/home/user/humble_ws/install/franka_robot_state_broadcaster/lib:/home/user/humble_ws/install/franka_example_controllers/lib:/home/user/humble_ws/install/franka_semantic_components/lib:/home/user/humble_ws/install/franka_hardware/lib:/home/user/humble_ws/install/franka_gripper/lib:/opt/ros/humble/opt/rviz_ogre_vendor/lib:/opt/ros/humble/lib/x86_64-linux-gnu:/opt/ros/humble/lib:/home/user/Libraries/libfranka/lib:/home/user/Libraries/mujoco/lib /usr/bin/cmake --install /home/user/humble_ws/build/multi_mode_control_msgs
