[0.053s] Invoking command in '/home/user/humble_ws/build/panda_motion_generator_msgs': CMAKE_PREFIX_PATH=${CMAKE_PREFIX_PATH}:/opt/ros/humble /usr/bin/cmake --build /home/user/humble_ws/build/panda_motion_generator_msgs -- -j12 -l12
[0.225s] [  1%] Built target panda_motion_generator_msgs__cpp
[0.248s] [ 12%] Built target panda_motion_generator_msgs__rosidl_generator_c
[0.281s] [ 12%] Built target ament_cmake_python_copy_panda_motion_generator_msgs
[0.356s] [ 23%] Built target panda_motion_generator_msgs__rosidl_typesupport_cpp
[0.356s] [ 34%] Built target panda_motion_generator_msgs__rosidl_typesupport_fastrtps_cpp
[0.383s] [ 46%] Built target panda_motion_generator_msgs__rosidl_typesupport_introspection_cpp
[0.387s] [ 57%] Built target panda_motion_generator_msgs__rosidl_typesupport_c
[0.387s] [ 68%] Built target panda_motion_generator_msgs__rosidl_typesupport_fastrtps_c
[0.388s] [ 79%] Built target panda_motion_generator_msgs__rosidl_typesupport_introspection_c
[0.418s] [ 79%] Built target panda_motion_generator_msgs
[0.454s] [ 80%] Built target panda_motion_generator_msgs__py
[0.500s] [ 90%] Built target panda_motion_generator_msgs__rosidl_generator_py
[0.543s] [ 93%] Built target panda_motion_generator_msgs__rosidl_typesupport_introspection_c__pyext
[0.546s] [ 96%] Built target panda_motion_generator_msgs__rosidl_typesupport_fastrtps_c__pyext
[0.560s] [100%] Built target panda_motion_generator_msgs__rosidl_typesupport_c__pyext
[0.694s] running egg_info
[0.695s] writing panda_motion_generator_msgs.egg-info/PKG-INFO
[0.695s] writing dependency_links to panda_motion_generator_msgs.egg-info/dependency_links.txt
[0.695s] writing top-level names to panda_motion_generator_msgs.egg-info/top_level.txt
[0.698s] reading manifest file 'panda_motion_generator_msgs.egg-info/SOURCES.txt'
[0.699s] writing manifest file 'panda_motion_generator_msgs.egg-info/SOURCES.txt'
[0.733s] [100%] Built target ament_cmake_python_build_panda_motion_generator_msgs_egg
[0.755s] Invoked command in '/home/user/humble_ws/build/panda_motion_generator_msgs' returned '0': CMAKE_PREFIX_PATH=${CMAKE_PREFIX_PATH}:/opt/ros/humble /usr/bin/cmake --build /home/user/humble_ws/build/panda_motion_generator_msgs -- -j12 -l12
[1.151s] Invoking command in '/home/user/humble_ws/build/panda_motion_generator_msgs': CMAKE_PREFIX_PATH=${CMAKE_PREFIX_PATH}:/opt/ros/humble /usr/bin/cmake --install /home/user/humble_ws/build/panda_motion_generator_msgs
[1.167s] -- Install configuration: "Release"
[1.167s] -- Up-to-date: /home/user/humble_ws/install/panda_motion_generator_msgs/share/ament_index/resource_index/rosidl_interfaces/panda_motion_generator_msgs
[1.167s] -- Up-to-date: /home/user/humble_ws/install/panda_motion_generator_msgs/include/panda_motion_generator_msgs/panda_motion_generator_msgs
[1.168s] -- Up-to-date: /home/user/humble_ws/install/panda_motion_generator_msgs/include/panda_motion_generator_msgs/panda_motion_generator_msgs/action
[1.168s] -- Up-to-date: /home/user/humble_ws/install/panda_motion_generator_msgs/include/panda_motion_generator_msgs/panda_motion_generator_msgs/action/detail
[1.168s] -- Up-to-date: /home/user/humble_ws/install/panda_motion_generator_msgs/include/panda_motion_generator_msgs/panda_motion_generator_msgs/action/detail/cartesian_via_motion__type_support.h
[1.168s] -- Up-to-date: /home/user/humble_ws/install/panda_motion_generator_msgs/include/panda_motion_generator_msgs/panda_motion_generator_msgs/action/detail/joint_via_motion__type_support.h
[1.168s] -- Up-to-date: /home/user/humble_ws/install/panda_motion_generator_msgs/include/panda_motion_generator_msgs/panda_motion_generator_msgs/action/detail/joint_via_motion__struct.h
[1.169s] -- Up-to-date: /home/user/humble_ws/install/panda_motion_generator_msgs/include/panda_motion_generator_msgs/panda_motion_generator_msgs/action/detail/cartesian_via_motion__functions.h
[1.169s] -- Up-to-date: /home/user/humble_ws/install/panda_motion_generator_msgs/include/panda_motion_generator_msgs/panda_motion_generator_msgs/action/detail/joint_via_motion__functions.h
[1.169s] -- Up-to-date: /home/user/humble_ws/install/panda_motion_generator_msgs/include/panda_motion_generator_msgs/panda_motion_generator_msgs/action/detail/joint_via_motion__functions.c
[1.169s] -- Up-to-date: /home/user/humble_ws/install/panda_motion_generator_msgs/include/panda_motion_generator_msgs/panda_motion_generator_msgs/action/detail/cartesian_via_motion__struct.h
[1.169s] -- Up-to-date: /home/user/humble_ws/install/panda_motion_generator_msgs/include/panda_motion_generator_msgs/panda_motion_generator_msgs/action/detail/cartesian_via_motion__functions.c
[1.170s] -- Up-to-date: /home/user/humble_ws/install/panda_motion_generator_msgs/include/panda_motion_generator_msgs/panda_motion_generator_msgs/action/cartesian_via_motion.h
[1.170s] -- Up-to-date: /home/user/humble_ws/install/panda_motion_generator_msgs/include/panda_motion_generator_msgs/panda_motion_generator_msgs/action/joint_via_motion.h
[1.170s] -- Up-to-date: /home/user/humble_ws/install/panda_motion_generator_msgs/include/panda_motion_generator_msgs/panda_motion_generator_msgs/msg
[1.170s] -- Up-to-date: /home/user/humble_ws/install/panda_motion_generator_msgs/include/panda_motion_generator_msgs/panda_motion_generator_msgs/msg/rosidl_generator_c__visibility_control.h
[1.170s] -- Up-to-date: /home/user/humble_ws/install/panda_motion_generator_msgs/include/panda_motion_generator_msgs/panda_motion_generator_msgs/msg/detail
[1.171s] -- Up-to-date: /home/user/humble_ws/install/panda_motion_generator_msgs/include/panda_motion_generator_msgs/panda_motion_generator_msgs/msg/detail/simple_action_result__functions.c
[1.171s] -- Up-to-date: /home/user/humble_ws/install/panda_motion_generator_msgs/include/panda_motion_generator_msgs/panda_motion_generator_msgs/msg/detail/simple_action_result__type_support.h
[1.171s] -- Up-to-date: /home/user/humble_ws/install/panda_motion_generator_msgs/include/panda_motion_generator_msgs/panda_motion_generator_msgs/msg/detail/joint_pose__struct.h
[1.172s] -- Up-to-date: /home/user/humble_ws/install/panda_motion_generator_msgs/include/panda_motion_generator_msgs/panda_motion_generator_msgs/msg/detail/set_time_scaling__functions.c
[1.172s] -- Up-to-date: /home/user/humble_ws/install/panda_motion_generator_msgs/include/panda_motion_generator_msgs/panda_motion_generator_msgs/msg/detail/set_time_scaling__type_support.h
[1.172s] -- Up-to-date: /home/user/humble_ws/install/panda_motion_generator_msgs/include/panda_motion_generator_msgs/panda_motion_generator_msgs/msg/detail/joint_pose__type_support.h
[1.172s] -- Up-to-date: /home/user/humble_ws/install/panda_motion_generator_msgs/include/panda_motion_generator_msgs/panda_motion_generator_msgs/msg/detail/set_time_scaling__struct.h
[1.172s] -- Up-to-date: /home/user/humble_ws/install/panda_motion_generator_msgs/include/panda_motion_generator_msgs/panda_motion_generator_msgs/msg/detail/joint_pose__functions.h
[1.172s] -- Up-to-date: /home/user/humble_ws/install/panda_motion_generator_msgs/include/panda_motion_generator_msgs/panda_motion_generator_msgs/msg/detail/simple_action_result__functions.h
[1.173s] -- Up-to-date: /home/user/humble_ws/install/panda_motion_generator_msgs/include/panda_motion_generator_msgs/panda_motion_generator_msgs/msg/detail/simple_action_result__struct.h
[1.173s] -- Up-to-date: /home/user/humble_ws/install/panda_motion_generator_msgs/include/panda_motion_generator_msgs/panda_motion_generator_msgs/msg/detail/set_time_scaling__functions.h
[1.173s] -- Up-to-date: /home/user/humble_ws/install/panda_motion_generator_msgs/include/panda_motion_generator_msgs/panda_motion_generator_msgs/msg/detail/joint_pose__functions.c
[1.173s] -- Up-to-date: /home/user/humble_ws/install/panda_motion_generator_msgs/include/panda_motion_generator_msgs/panda_motion_generator_msgs/msg/simple_action_result.h
[1.174s] -- Up-to-date: /home/user/humble_ws/install/panda_motion_generator_msgs/include/panda_motion_generator_msgs/panda_motion_generator_msgs/msg/set_time_scaling.h
[1.174s] -- Up-to-date: /home/user/humble_ws/install/panda_motion_generator_msgs/include/panda_motion_generator_msgs/panda_motion_generator_msgs/msg/joint_pose.h
[1.174s] -- Up-to-date: /home/user/humble_ws/install/panda_motion_generator_msgs/share/panda_motion_generator_msgs/environment/library_path.sh
[1.174s] -- Up-to-date: /home/user/humble_ws/install/panda_motion_generator_msgs/share/panda_motion_generator_msgs/environment/library_path.dsv
[1.174s] -- Up-to-date: /home/user/humble_ws/install/panda_motion_generator_msgs/lib/libpanda_motion_generator_msgs__rosidl_generator_c.so
[1.175s] -- Up-to-date: /home/user/humble_ws/install/panda_motion_generator_msgs/include/panda_motion_generator_msgs/panda_motion_generator_msgs
[1.175s] -- Up-to-date: /home/user/humble_ws/install/panda_motion_generator_msgs/include/panda_motion_generator_msgs/panda_motion_generator_msgs/action
[1.175s] -- Up-to-date: /home/user/humble_ws/install/panda_motion_generator_msgs/include/panda_motion_generator_msgs/panda_motion_generator_msgs/action/detail
[1.175s] -- Up-to-date: /home/user/humble_ws/install/panda_motion_generator_msgs/include/panda_motion_generator_msgs/panda_motion_generator_msgs/action/detail/cartesian_via_motion__rosidl_typesupport_fastrtps_c.h
[1.176s] -- Up-to-date: /home/user/humble_ws/install/panda_motion_generator_msgs/include/panda_motion_generator_msgs/panda_motion_generator_msgs/action/detail/joint_via_motion__rosidl_typesupport_fastrtps_c.h
[1.176s] -- Up-to-date: /home/user/humble_ws/install/panda_motion_generator_msgs/include/panda_motion_generator_msgs/panda_motion_generator_msgs/msg
[1.176s] -- Up-to-date: /home/user/humble_ws/install/panda_motion_generator_msgs/include/panda_motion_generator_msgs/panda_motion_generator_msgs/msg/detail
[1.176s] -- Up-to-date: /home/user/humble_ws/install/panda_motion_generator_msgs/include/panda_motion_generator_msgs/panda_motion_generator_msgs/msg/detail/joint_pose__rosidl_typesupport_fastrtps_c.h
[1.176s] -- Up-to-date: /home/user/humble_ws/install/panda_motion_generator_msgs/include/panda_motion_generator_msgs/panda_motion_generator_msgs/msg/detail/simple_action_result__rosidl_typesupport_fastrtps_c.h
[1.176s] -- Up-to-date: /home/user/humble_ws/install/panda_motion_generator_msgs/include/panda_motion_generator_msgs/panda_motion_generator_msgs/msg/detail/set_time_scaling__rosidl_typesupport_fastrtps_c.h
[1.176s] -- Up-to-date: /home/user/humble_ws/install/panda_motion_generator_msgs/include/panda_motion_generator_msgs/panda_motion_generator_msgs/msg/rosidl_typesupport_fastrtps_c__visibility_control.h
[1.177s] -- Up-to-date: /home/user/humble_ws/install/panda_motion_generator_msgs/lib/libpanda_motion_generator_msgs__rosidl_typesupport_fastrtps_c.so
[1.177s] -- Up-to-date: /home/user/humble_ws/install/panda_motion_generator_msgs/include/panda_motion_generator_msgs/panda_motion_generator_msgs
[1.177s] -- Up-to-date: /home/user/humble_ws/install/panda_motion_generator_msgs/include/panda_motion_generator_msgs/panda_motion_generator_msgs/action
[1.177s] -- Up-to-date: /home/user/humble_ws/install/panda_motion_generator_msgs/include/panda_motion_generator_msgs/panda_motion_generator_msgs/action/cartesian_via_motion.hpp
[1.177s] -- Up-to-date: /home/user/humble_ws/install/panda_motion_generator_msgs/include/panda_motion_generator_msgs/panda_motion_generator_msgs/action/joint_via_motion.hpp
[1.178s] -- Up-to-date: /home/user/humble_ws/install/panda_motion_generator_msgs/include/panda_motion_generator_msgs/panda_motion_generator_msgs/action/detail
[1.178s] -- Up-to-date: /home/user/humble_ws/install/panda_motion_generator_msgs/include/panda_motion_generator_msgs/panda_motion_generator_msgs/action/detail/cartesian_via_motion__traits.hpp
[1.179s] -- Up-to-date: /home/user/humble_ws/install/panda_motion_generator_msgs/include/panda_motion_generator_msgs/panda_motion_generator_msgs/action/detail/joint_via_motion__traits.hpp
[1.179s] -- Up-to-date: /home/user/humble_ws/install/panda_motion_generator_msgs/include/panda_motion_generator_msgs/panda_motion_generator_msgs/action/detail/cartesian_via_motion__builder.hpp
[1.179s] -- Up-to-date: /home/user/humble_ws/install/panda_motion_generator_msgs/include/panda_motion_generator_msgs/panda_motion_generator_msgs/action/detail/joint_via_motion__builder.hpp
[1.179s] -- Up-to-date: /home/user/humble_ws/install/panda_motion_generator_msgs/include/panda_motion_generator_msgs/panda_motion_generator_msgs/action/detail/cartesian_via_motion__struct.hpp
[1.179s] -- Up-to-date: /home/user/humble_ws/install/panda_motion_generator_msgs/include/panda_motion_generator_msgs/panda_motion_generator_msgs/action/detail/joint_via_motion__struct.hpp
[1.180s] -- Up-to-date: /home/user/humble_ws/install/panda_motion_generator_msgs/include/panda_motion_generator_msgs/panda_motion_generator_msgs/msg
[1.180s] -- Up-to-date: /home/user/humble_ws/install/panda_motion_generator_msgs/include/panda_motion_generator_msgs/panda_motion_generator_msgs/msg/detail
[1.180s] -- Up-to-date: /home/user/humble_ws/install/panda_motion_generator_msgs/include/panda_motion_generator_msgs/panda_motion_generator_msgs/msg/detail/set_time_scaling__builder.hpp
[1.180s] -- Up-to-date: /home/user/humble_ws/install/panda_motion_generator_msgs/include/panda_motion_generator_msgs/panda_motion_generator_msgs/msg/detail/joint_pose__traits.hpp
[1.180s] -- Up-to-date: /home/user/humble_ws/install/panda_motion_generator_msgs/include/panda_motion_generator_msgs/panda_motion_generator_msgs/msg/detail/simple_action_result__traits.hpp
[1.180s] -- Up-to-date: /home/user/humble_ws/install/panda_motion_generator_msgs/include/panda_motion_generator_msgs/panda_motion_generator_msgs/msg/detail/joint_pose__struct.hpp
[1.180s] -- Up-to-date: /home/user/humble_ws/install/panda_motion_generator_msgs/include/panda_motion_generator_msgs/panda_motion_generator_msgs/msg/detail/simple_action_result__struct.hpp
[1.181s] -- Up-to-date: /home/user/humble_ws/install/panda_motion_generator_msgs/include/panda_motion_generator_msgs/panda_motion_generator_msgs/msg/detail/set_time_scaling__traits.hpp
[1.181s] -- Up-to-date: /home/user/humble_ws/install/panda_motion_generator_msgs/include/panda_motion_generator_msgs/panda_motion_generator_msgs/msg/detail/joint_pose__builder.hpp
[1.181s] -- Up-to-date: /home/user/humble_ws/install/panda_motion_generator_msgs/include/panda_motion_generator_msgs/panda_motion_generator_msgs/msg/detail/set_time_scaling__struct.hpp
[1.182s] -- Up-to-date: /home/user/humble_ws/install/panda_motion_generator_msgs/include/panda_motion_generator_msgs/panda_motion_generator_msgs/msg/detail/simple_action_result__builder.hpp
[1.182s] -- Up-to-date: /home/user/humble_ws/install/panda_motion_generator_msgs/include/panda_motion_generator_msgs/panda_motion_generator_msgs/msg/set_time_scaling.hpp
[1.182s] -- Up-to-date: /home/user/humble_ws/install/panda_motion_generator_msgs/include/panda_motion_generator_msgs/panda_motion_generator_msgs/msg/simple_action_result.hpp
[1.182s] -- Up-to-date: /home/user/humble_ws/install/panda_motion_generator_msgs/include/panda_motion_generator_msgs/panda_motion_generator_msgs/msg/joint_pose.hpp
[1.182s] -- Up-to-date: /home/user/humble_ws/install/panda_motion_generator_msgs/include/panda_motion_generator_msgs/panda_motion_generator_msgs
[1.182s] -- Up-to-date: /home/user/humble_ws/install/panda_motion_generator_msgs/include/panda_motion_generator_msgs/panda_motion_generator_msgs/action
[1.183s] -- Up-to-date: /home/user/humble_ws/install/panda_motion_generator_msgs/include/panda_motion_generator_msgs/panda_motion_generator_msgs/action/detail
[1.183s] -- Up-to-date: /home/user/humble_ws/install/panda_motion_generator_msgs/include/panda_motion_generator_msgs/panda_motion_generator_msgs/action/detail/dds_fastrtps
[1.183s] -- Up-to-date: /home/user/humble_ws/install/panda_motion_generator_msgs/include/panda_motion_generator_msgs/panda_motion_generator_msgs/action/detail/joint_via_motion__rosidl_typesupport_fastrtps_cpp.hpp
[1.183s] -- Up-to-date: /home/user/humble_ws/install/panda_motion_generator_msgs/include/panda_motion_generator_msgs/panda_motion_generator_msgs/action/detail/cartesian_via_motion__rosidl_typesupport_fastrtps_cpp.hpp
[1.183s] -- Up-to-date: /home/user/humble_ws/install/panda_motion_generator_msgs/include/panda_motion_generator_msgs/panda_motion_generator_msgs/msg
[1.183s] -- Up-to-date: /home/user/humble_ws/install/panda_motion_generator_msgs/include/panda_motion_generator_msgs/panda_motion_generator_msgs/msg/detail
[1.184s] -- Up-to-date: /home/user/humble_ws/install/panda_motion_generator_msgs/include/panda_motion_generator_msgs/panda_motion_generator_msgs/msg/detail/dds_fastrtps
[1.184s] -- Up-to-date: /home/user/humble_ws/install/panda_motion_generator_msgs/include/panda_motion_generator_msgs/panda_motion_generator_msgs/msg/detail/joint_pose__rosidl_typesupport_fastrtps_cpp.hpp
[1.184s] -- Up-to-date: /home/user/humble_ws/install/panda_motion_generator_msgs/include/panda_motion_generator_msgs/panda_motion_generator_msgs/msg/detail/simple_action_result__rosidl_typesupport_fastrtps_cpp.hpp
[1.185s] -- Up-to-date: /home/user/humble_ws/install/panda_motion_generator_msgs/include/panda_motion_generator_msgs/panda_motion_generator_msgs/msg/detail/set_time_scaling__rosidl_typesupport_fastrtps_cpp.hpp
[1.185s] -- Up-to-date: /home/user/humble_ws/install/panda_motion_generator_msgs/include/panda_motion_generator_msgs/panda_motion_generator_msgs/msg/rosidl_typesupport_fastrtps_cpp__visibility_control.h
[1.185s] -- Up-to-date: /home/user/humble_ws/install/panda_motion_generator_msgs/lib/libpanda_motion_generator_msgs__rosidl_typesupport_fastrtps_cpp.so
[1.185s] -- Up-to-date: /home/user/humble_ws/install/panda_motion_generator_msgs/include/panda_motion_generator_msgs/panda_motion_generator_msgs
[1.185s] -- Up-to-date: /home/user/humble_ws/install/panda_motion_generator_msgs/include/panda_motion_generator_msgs/panda_motion_generator_msgs/action
[1.186s] -- Up-to-date: /home/user/humble_ws/install/panda_motion_generator_msgs/include/panda_motion_generator_msgs/panda_motion_generator_msgs/action/detail
[1.186s] -- Up-to-date: /home/user/humble_ws/install/panda_motion_generator_msgs/include/panda_motion_generator_msgs/panda_motion_generator_msgs/action/detail/cartesian_via_motion__rosidl_typesupport_introspection_c.h
[1.186s] -- Up-to-date: /home/user/humble_ws/install/panda_motion_generator_msgs/include/panda_motion_generator_msgs/panda_motion_generator_msgs/action/detail/joint_via_motion__rosidl_typesupport_introspection_c.h
[1.186s] -- Up-to-date: /home/user/humble_ws/install/panda_motion_generator_msgs/include/panda_motion_generator_msgs/panda_motion_generator_msgs/action/detail/joint_via_motion__type_support.c
[1.186s] -- Up-to-date: /home/user/humble_ws/install/panda_motion_generator_msgs/include/panda_motion_generator_msgs/panda_motion_generator_msgs/action/detail/cartesian_via_motion__type_support.c
[1.186s] -- Up-to-date: /home/user/humble_ws/install/panda_motion_generator_msgs/include/panda_motion_generator_msgs/panda_motion_generator_msgs/msg
[1.187s] -- Up-to-date: /home/user/humble_ws/install/panda_motion_generator_msgs/include/panda_motion_generator_msgs/panda_motion_generator_msgs/msg/detail
[1.187s] -- Up-to-date: /home/user/humble_ws/install/panda_motion_generator_msgs/include/panda_motion_generator_msgs/panda_motion_generator_msgs/msg/detail/simple_action_result__type_support.c
[1.187s] -- Up-to-date: /home/user/humble_ws/install/panda_motion_generator_msgs/include/panda_motion_generator_msgs/panda_motion_generator_msgs/msg/detail/joint_pose__rosidl_typesupport_introspection_c.h
[1.187s] -- Up-to-date: /home/user/humble_ws/install/panda_motion_generator_msgs/include/panda_motion_generator_msgs/panda_motion_generator_msgs/msg/detail/joint_pose__type_support.c
[1.187s] -- Up-to-date: /home/user/humble_ws/install/panda_motion_generator_msgs/include/panda_motion_generator_msgs/panda_motion_generator_msgs/msg/detail/set_time_scaling__type_support.c
[1.188s] -- Up-to-date: /home/user/humble_ws/install/panda_motion_generator_msgs/include/panda_motion_generator_msgs/panda_motion_generator_msgs/msg/detail/simple_action_result__rosidl_typesupport_introspection_c.h
[1.188s] -- Up-to-date: /home/user/humble_ws/install/panda_motion_generator_msgs/include/panda_motion_generator_msgs/panda_motion_generator_msgs/msg/detail/set_time_scaling__rosidl_typesupport_introspection_c.h
[1.188s] -- Up-to-date: /home/user/humble_ws/install/panda_motion_generator_msgs/include/panda_motion_generator_msgs/panda_motion_generator_msgs/msg/rosidl_typesupport_introspection_c__visibility_control.h
[1.188s] -- Up-to-date: /home/user/humble_ws/install/panda_motion_generator_msgs/lib/libpanda_motion_generator_msgs__rosidl_typesupport_introspection_c.so
[1.188s] -- Up-to-date: /home/user/humble_ws/install/panda_motion_generator_msgs/lib/libpanda_motion_generator_msgs__rosidl_typesupport_c.so
[1.188s] -- Up-to-date: /home/user/humble_ws/install/panda_motion_generator_msgs/include/panda_motion_generator_msgs/panda_motion_generator_msgs
[1.189s] -- Up-to-date: /home/user/humble_ws/install/panda_motion_generator_msgs/include/panda_motion_generator_msgs/panda_motion_generator_msgs/action
[1.189s] -- Up-to-date: /home/user/humble_ws/install/panda_motion_generator_msgs/include/panda_motion_generator_msgs/panda_motion_generator_msgs/action/detail
[1.189s] -- Up-to-date: /home/user/humble_ws/install/panda_motion_generator_msgs/include/panda_motion_generator_msgs/panda_motion_generator_msgs/action/detail/cartesian_via_motion__rosidl_typesupport_introspection_cpp.hpp
[1.189s] -- Up-to-date: /home/user/humble_ws/install/panda_motion_generator_msgs/include/panda_motion_generator_msgs/panda_motion_generator_msgs/action/detail/joint_via_motion__type_support.cpp
[1.190s] -- Up-to-date: /home/user/humble_ws/install/panda_motion_generator_msgs/include/panda_motion_generator_msgs/panda_motion_generator_msgs/action/detail/joint_via_motion__rosidl_typesupport_introspection_cpp.hpp
[1.190s] -- Up-to-date: /home/user/humble_ws/install/panda_motion_generator_msgs/include/panda_motion_generator_msgs/panda_motion_generator_msgs/action/detail/cartesian_via_motion__type_support.cpp
[1.190s] -- Up-to-date: /home/user/humble_ws/install/panda_motion_generator_msgs/include/panda_motion_generator_msgs/panda_motion_generator_msgs/msg
[1.190s] -- Up-to-date: /home/user/humble_ws/install/panda_motion_generator_msgs/include/panda_motion_generator_msgs/panda_motion_generator_msgs/msg/detail
[1.190s] -- Up-to-date: /home/user/humble_ws/install/panda_motion_generator_msgs/include/panda_motion_generator_msgs/panda_motion_generator_msgs/msg/detail/simple_action_result__rosidl_typesupport_introspection_cpp.hpp
[1.190s] -- Up-to-date: /home/user/humble_ws/install/panda_motion_generator_msgs/include/panda_motion_generator_msgs/panda_motion_generator_msgs/msg/detail/joint_pose__type_support.cpp
[1.190s] -- Up-to-date: /home/user/humble_ws/install/panda_motion_generator_msgs/include/panda_motion_generator_msgs/panda_motion_generator_msgs/msg/detail/joint_pose__rosidl_typesupport_introspection_cpp.hpp
[1.191s] -- Up-to-date: /home/user/humble_ws/install/panda_motion_generator_msgs/include/panda_motion_generator_msgs/panda_motion_generator_msgs/msg/detail/set_time_scaling__rosidl_typesupport_introspection_cpp.hpp
[1.191s] -- Up-to-date: /home/user/humble_ws/install/panda_motion_generator_msgs/include/panda_motion_generator_msgs/panda_motion_generator_msgs/msg/detail/simple_action_result__type_support.cpp
[1.191s] -- Up-to-date: /home/user/humble_ws/install/panda_motion_generator_msgs/include/panda_motion_generator_msgs/panda_motion_generator_msgs/msg/detail/set_time_scaling__type_support.cpp
[1.191s] -- Up-to-date: /home/user/humble_ws/install/panda_motion_generator_msgs/lib/libpanda_motion_generator_msgs__rosidl_typesupport_introspection_cpp.so
[1.191s] -- Up-to-date: /home/user/humble_ws/install/panda_motion_generator_msgs/lib/libpanda_motion_generator_msgs__rosidl_typesupport_cpp.so
[1.191s] -- Up-to-date: /home/user/humble_ws/install/panda_motion_generator_msgs/share/panda_motion_generator_msgs/environment/pythonpath.sh
[1.192s] -- Up-to-date: /home/user/humble_ws/install/panda_motion_generator_msgs/share/panda_motion_generator_msgs/environment/pythonpath.dsv
[1.192s] -- Up-to-date: /home/user/humble_ws/install/panda_motion_generator_msgs/local/lib/python3.10/dist-packages/panda_motion_generator_msgs-0.0.0-py3.10.egg-info
[1.192s] -- Installing: /home/user/humble_ws/install/panda_motion_generator_msgs/local/lib/python3.10/dist-packages/panda_motion_generator_msgs-0.0.0-py3.10.egg-info/top_level.txt
[1.192s] -- Installing: /home/user/humble_ws/install/panda_motion_generator_msgs/local/lib/python3.10/dist-packages/panda_motion_generator_msgs-0.0.0-py3.10.egg-info/dependency_links.txt
[1.192s] -- Installing: /home/user/humble_ws/install/panda_motion_generator_msgs/local/lib/python3.10/dist-packages/panda_motion_generator_msgs-0.0.0-py3.10.egg-info/SOURCES.txt
[1.193s] -- Installing: /home/user/humble_ws/install/panda_motion_generator_msgs/local/lib/python3.10/dist-packages/panda_motion_generator_msgs-0.0.0-py3.10.egg-info/PKG-INFO
[1.193s] -- Up-to-date: /home/user/humble_ws/install/panda_motion_generator_msgs/local/lib/python3.10/dist-packages/panda_motion_generator_msgs
[1.193s] -- Up-to-date: /home/user/humble_ws/install/panda_motion_generator_msgs/local/lib/python3.10/dist-packages/panda_motion_generator_msgs/action
[1.193s] -- Up-to-date: /home/user/humble_ws/install/panda_motion_generator_msgs/local/lib/python3.10/dist-packages/panda_motion_generator_msgs/action/_joint_via_motion.py
[1.193s] -- Up-to-date: /home/user/humble_ws/install/panda_motion_generator_msgs/local/lib/python3.10/dist-packages/panda_motion_generator_msgs/action/_cartesian_via_motion_s.c
[1.193s] -- Up-to-date: /home/user/humble_ws/install/panda_motion_generator_msgs/local/lib/python3.10/dist-packages/panda_motion_generator_msgs/action/_cartesian_via_motion.py
[1.193s] -- Up-to-date: /home/user/humble_ws/install/panda_motion_generator_msgs/local/lib/python3.10/dist-packages/panda_motion_generator_msgs/action/_joint_via_motion_s.c
[1.194s] -- Up-to-date: /home/user/humble_ws/install/panda_motion_generator_msgs/local/lib/python3.10/dist-packages/panda_motion_generator_msgs/action/__init__.py
[1.194s] -- Up-to-date: /home/user/humble_ws/install/panda_motion_generator_msgs/local/lib/python3.10/dist-packages/panda_motion_generator_msgs/panda_motion_generator_msgs_s__rosidl_typesupport_fastrtps_c.cpython-310-x86_64-linux-gnu.so
[1.194s] -- Up-to-date: /home/user/humble_ws/install/panda_motion_generator_msgs/local/lib/python3.10/dist-packages/panda_motion_generator_msgs/libpanda_motion_generator_msgs__rosidl_generator_py.so
[1.194s] -- Up-to-date: /home/user/humble_ws/install/panda_motion_generator_msgs/local/lib/python3.10/dist-packages/panda_motion_generator_msgs/_panda_motion_generator_msgs_s.ep.rosidl_typesupport_introspection_c.c
[1.194s] -- Up-to-date: /home/user/humble_ws/install/panda_motion_generator_msgs/local/lib/python3.10/dist-packages/panda_motion_generator_msgs/panda_motion_generator_msgs_s__rosidl_typesupport_c.cpython-310-x86_64-linux-gnu.so
[1.194s] -- Up-to-date: /home/user/humble_ws/install/panda_motion_generator_msgs/local/lib/python3.10/dist-packages/panda_motion_generator_msgs/msg
[1.195s] -- Up-to-date: /home/user/humble_ws/install/panda_motion_generator_msgs/local/lib/python3.10/dist-packages/panda_motion_generator_msgs/msg/_set_time_scaling_s.c
[1.195s] -- Up-to-date: /home/user/humble_ws/install/panda_motion_generator_msgs/local/lib/python3.10/dist-packages/panda_motion_generator_msgs/msg/_joint_pose.py
[1.195s] -- Up-to-date: /home/user/humble_ws/install/panda_motion_generator_msgs/local/lib/python3.10/dist-packages/panda_motion_generator_msgs/msg/_simple_action_result.py
[1.195s] -- Up-to-date: /home/user/humble_ws/install/panda_motion_generator_msgs/local/lib/python3.10/dist-packages/panda_motion_generator_msgs/msg/_set_time_scaling.py
[1.196s] -- Up-to-date: /home/user/humble_ws/install/panda_motion_generator_msgs/local/lib/python3.10/dist-packages/panda_motion_generator_msgs/msg/_joint_pose_s.c
[1.196s] -- Up-to-date: /home/user/humble_ws/install/panda_motion_generator_msgs/local/lib/python3.10/dist-packages/panda_motion_generator_msgs/msg/__init__.py
[1.196s] -- Up-to-date: /home/user/humble_ws/install/panda_motion_generator_msgs/local/lib/python3.10/dist-packages/panda_motion_generator_msgs/msg/_simple_action_result_s.c
[1.196s] -- Up-to-date: /home/user/humble_ws/install/panda_motion_generator_msgs/local/lib/python3.10/dist-packages/panda_motion_generator_msgs/__init__.py
[1.196s] -- Up-to-date: /home/user/humble_ws/install/panda_motion_generator_msgs/local/lib/python3.10/dist-packages/panda_motion_generator_msgs/panda_motion_generator_msgs_s__rosidl_typesupport_introspection_c.cpython-310-x86_64-linux-gnu.so
[1.196s] -- Up-to-date: /home/user/humble_ws/install/panda_motion_generator_msgs/local/lib/python3.10/dist-packages/panda_motion_generator_msgs/_panda_motion_generator_msgs_s.ep.rosidl_typesupport_c.c
[1.197s] -- Up-to-date: /home/user/humble_ws/install/panda_motion_generator_msgs/local/lib/python3.10/dist-packages/panda_motion_generator_msgs/_panda_motion_generator_msgs_s.ep.rosidl_typesupport_fastrtps_c.c
[1.248s] Listing '/home/user/humble_ws/install/panda_motion_generator_msgs/local/lib/python3.10/dist-packages/panda_motion_generator_msgs'...
[1.248s] Listing '/home/user/humble_ws/install/panda_motion_generator_msgs/local/lib/python3.10/dist-packages/panda_motion_generator_msgs/action'...
[1.248s] Listing '/home/user/humble_ws/install/panda_motion_generator_msgs/local/lib/python3.10/dist-packages/panda_motion_generator_msgs/msg'...
[1.255s] -- Up-to-date: /home/user/humble_ws/install/panda_motion_generator_msgs/local/lib/python3.10/dist-packages/panda_motion_generator_msgs/panda_motion_generator_msgs_s__rosidl_typesupport_fastrtps_c.cpython-310-x86_64-linux-gnu.so
[1.255s] -- Up-to-date: /home/user/humble_ws/install/panda_motion_generator_msgs/local/lib/python3.10/dist-packages/panda_motion_generator_msgs/panda_motion_generator_msgs_s__rosidl_typesupport_introspection_c.cpython-310-x86_64-linux-gnu.so
[1.256s] -- Up-to-date: /home/user/humble_ws/install/panda_motion_generator_msgs/local/lib/python3.10/dist-packages/panda_motion_generator_msgs/panda_motion_generator_msgs_s__rosidl_typesupport_c.cpython-310-x86_64-linux-gnu.so
[1.256s] -- Up-to-date: /home/user/humble_ws/install/panda_motion_generator_msgs/lib/libpanda_motion_generator_msgs__rosidl_generator_py.so
[1.256s] -- Up-to-date: /home/user/humble_ws/install/panda_motion_generator_msgs/share/panda_motion_generator_msgs/msg/JointPose.idl
[1.256s] -- Up-to-date: /home/user/humble_ws/install/panda_motion_generator_msgs/share/panda_motion_generator_msgs/msg/SetTimeScaling.idl
[1.256s] -- Up-to-date: /home/user/humble_ws/install/panda_motion_generator_msgs/share/panda_motion_generator_msgs/msg/SimpleActionResult.idl
[1.257s] -- Up-to-date: /home/user/humble_ws/install/panda_motion_generator_msgs/share/panda_motion_generator_msgs/action/CartesianViaMotion.idl
[1.257s] -- Up-to-date: /home/user/humble_ws/install/panda_motion_generator_msgs/share/panda_motion_generator_msgs/action/JointViaMotion.idl
[1.257s] -- Up-to-date: /home/user/humble_ws/install/panda_motion_generator_msgs/share/panda_motion_generator_msgs/msg/JointPose.msg
[1.257s] -- Up-to-date: /home/user/humble_ws/install/panda_motion_generator_msgs/share/panda_motion_generator_msgs/msg/SetTimeScaling.msg
[1.257s] -- Up-to-date: /home/user/humble_ws/install/panda_motion_generator_msgs/share/panda_motion_generator_msgs/msg/SimpleActionResult.msg
[1.257s] -- Up-to-date: /home/user/humble_ws/install/panda_motion_generator_msgs/share/panda_motion_generator_msgs/action/CartesianViaMotion.action
[1.258s] -- Up-to-date: /home/user/humble_ws/install/panda_motion_generator_msgs/share/panda_motion_generator_msgs/action/JointViaMotion.action
[1.258s] -- Up-to-date: /home/user/humble_ws/install/panda_motion_generator_msgs/share/ament_index/resource_index/package_run_dependencies/panda_motion_generator_msgs
[1.258s] -- Up-to-date: /home/user/humble_ws/install/panda_motion_generator_msgs/share/ament_index/resource_index/parent_prefix_path/panda_motion_generator_msgs
[1.258s] -- Up-to-date: /home/user/humble_ws/install/panda_motion_generator_msgs/share/panda_motion_generator_msgs/environment/ament_prefix_path.sh
[1.258s] -- Up-to-date: /home/user/humble_ws/install/panda_motion_generator_msgs/share/panda_motion_generator_msgs/environment/ament_prefix_path.dsv
[1.258s] -- Up-to-date: /home/user/humble_ws/install/panda_motion_generator_msgs/share/panda_motion_generator_msgs/environment/path.sh
[1.259s] -- Up-to-date: /home/user/humble_ws/install/panda_motion_generator_msgs/share/panda_motion_generator_msgs/environment/path.dsv
[1.259s] -- Up-to-date: /home/user/humble_ws/install/panda_motion_generator_msgs/share/panda_motion_generator_msgs/local_setup.bash
[1.259s] -- Up-to-date: /home/user/humble_ws/install/panda_motion_generator_msgs/share/panda_motion_generator_msgs/local_setup.sh
[1.259s] -- Up-to-date: /home/user/humble_ws/install/panda_motion_generator_msgs/share/panda_motion_generator_msgs/local_setup.zsh
[1.259s] -- Up-to-date: /home/user/humble_ws/install/panda_motion_generator_msgs/share/panda_motion_generator_msgs/local_setup.dsv
[1.259s] -- Installing: /home/user/humble_ws/install/panda_motion_generator_msgs/share/panda_motion_generator_msgs/package.dsv
[1.260s] -- Up-to-date: /home/user/humble_ws/install/panda_motion_generator_msgs/share/ament_index/resource_index/packages/panda_motion_generator_msgs
[1.260s] -- Up-to-date: /home/user/humble_ws/install/panda_motion_generator_msgs/share/panda_motion_generator_msgs/cmake/export_panda_motion_generator_msgs__rosidl_generator_cExport.cmake
[1.260s] -- Up-to-date: /home/user/humble_ws/install/panda_motion_generator_msgs/share/panda_motion_generator_msgs/cmake/export_panda_motion_generator_msgs__rosidl_generator_cExport-release.cmake
[1.260s] -- Up-to-date: /home/user/humble_ws/install/panda_motion_generator_msgs/share/panda_motion_generator_msgs/cmake/export_panda_motion_generator_msgs__rosidl_typesupport_fastrtps_cExport.cmake
[1.260s] -- Up-to-date: /home/user/humble_ws/install/panda_motion_generator_msgs/share/panda_motion_generator_msgs/cmake/export_panda_motion_generator_msgs__rosidl_typesupport_fastrtps_cExport-release.cmake
[1.260s] -- Up-to-date: /home/user/humble_ws/install/panda_motion_generator_msgs/share/panda_motion_generator_msgs/cmake/export_panda_motion_generator_msgs__rosidl_generator_cppExport.cmake
[1.260s] -- Up-to-date: /home/user/humble_ws/install/panda_motion_generator_msgs/share/panda_motion_generator_msgs/cmake/export_panda_motion_generator_msgs__rosidl_typesupport_fastrtps_cppExport.cmake
[1.261s] -- Up-to-date: /home/user/humble_ws/install/panda_motion_generator_msgs/share/panda_motion_generator_msgs/cmake/export_panda_motion_generator_msgs__rosidl_typesupport_fastrtps_cppExport-release.cmake
[1.261s] -- Up-to-date: /home/user/humble_ws/install/panda_motion_generator_msgs/share/panda_motion_generator_msgs/cmake/panda_motion_generator_msgs__rosidl_typesupport_introspection_cExport.cmake
[1.261s] -- Up-to-date: /home/user/humble_ws/install/panda_motion_generator_msgs/share/panda_motion_generator_msgs/cmake/panda_motion_generator_msgs__rosidl_typesupport_introspection_cExport-release.cmake
[1.261s] -- Up-to-date: /home/user/humble_ws/install/panda_motion_generator_msgs/share/panda_motion_generator_msgs/cmake/panda_motion_generator_msgs__rosidl_typesupport_cExport.cmake
[1.261s] -- Up-to-date: /home/user/humble_ws/install/panda_motion_generator_msgs/share/panda_motion_generator_msgs/cmake/panda_motion_generator_msgs__rosidl_typesupport_cExport-release.cmake
[1.261s] -- Up-to-date: /home/user/humble_ws/install/panda_motion_generator_msgs/share/panda_motion_generator_msgs/cmake/panda_motion_generator_msgs__rosidl_typesupport_introspection_cppExport.cmake
[1.261s] -- Up-to-date: /home/user/humble_ws/install/panda_motion_generator_msgs/share/panda_motion_generator_msgs/cmake/panda_motion_generator_msgs__rosidl_typesupport_introspection_cppExport-release.cmake
[1.262s] -- Up-to-date: /home/user/humble_ws/install/panda_motion_generator_msgs/share/panda_motion_generator_msgs/cmake/panda_motion_generator_msgs__rosidl_typesupport_cppExport.cmake
[1.262s] -- Up-to-date: /home/user/humble_ws/install/panda_motion_generator_msgs/share/panda_motion_generator_msgs/cmake/panda_motion_generator_msgs__rosidl_typesupport_cppExport-release.cmake
[1.262s] -- Up-to-date: /home/user/humble_ws/install/panda_motion_generator_msgs/share/panda_motion_generator_msgs/cmake/export_panda_motion_generator_msgs__rosidl_generator_pyExport.cmake
[1.262s] -- Up-to-date: /home/user/humble_ws/install/panda_motion_generator_msgs/share/panda_motion_generator_msgs/cmake/export_panda_motion_generator_msgs__rosidl_generator_pyExport-release.cmake
[1.262s] -- Up-to-date: /home/user/humble_ws/install/panda_motion_generator_msgs/share/panda_motion_generator_msgs/cmake/rosidl_cmake-extras.cmake
[1.262s] -- Up-to-date: /home/user/humble_ws/install/panda_motion_generator_msgs/share/panda_motion_generator_msgs/cmake/ament_cmake_export_dependencies-extras.cmake
[1.262s] -- Up-to-date: /home/user/humble_ws/install/panda_motion_generator_msgs/share/panda_motion_generator_msgs/cmake/ament_cmake_export_include_directories-extras.cmake
[1.263s] -- Up-to-date: /home/user/humble_ws/install/panda_motion_generator_msgs/share/panda_motion_generator_msgs/cmake/ament_cmake_export_libraries-extras.cmake
[1.263s] -- Up-to-date: /home/user/humble_ws/install/panda_motion_generator_msgs/share/panda_motion_generator_msgs/cmake/ament_cmake_export_targets-extras.cmake
[1.263s] -- Up-to-date: /home/user/humble_ws/install/panda_motion_generator_msgs/share/panda_motion_generator_msgs/cmake/rosidl_cmake_export_typesupport_targets-extras.cmake
[1.263s] -- Up-to-date: /home/user/humble_ws/install/panda_motion_generator_msgs/share/panda_motion_generator_msgs/cmake/rosidl_cmake_export_typesupport_libraries-extras.cmake
[1.263s] -- Up-to-date: /home/user/humble_ws/install/panda_motion_generator_msgs/share/panda_motion_generator_msgs/cmake/panda_motion_generator_msgsConfig.cmake
[1.263s] -- Up-to-date: /home/user/humble_ws/install/panda_motion_generator_msgs/share/panda_motion_generator_msgs/cmake/panda_motion_generator_msgsConfig-version.cmake
[1.264s] -- Up-to-date: /home/user/humble_ws/install/panda_motion_generator_msgs/share/panda_motion_generator_msgs/package.xml
[1.266s] Invoked command in '/home/user/humble_ws/build/panda_motion_generator_msgs' returned '0': CMAKE_PREFIX_PATH=${CMAKE_PREFIX_PATH}:/opt/ros/humble /usr/bin/cmake --install /home/user/humble_ws/build/panda_motion_generator_msgs
