[0.045s] Invoking command in '/home/user/humble_ws/build/panda_motion_generators': CMAKE_PREFIX_PATH=/home/user/humble_ws/install/multi_mode_controller:/home/user/humble_ws/install/franka_semantic_components:/home/user/humble_ws/install/multi_mode_control_msgs:/home/user/humble_ws/install/franka_hardware:/home/user/humble_ws/install/panda_motion_generator_msgs:/home/user/humble_ws/install/franka_msgs:/home/user/humble_ws/install/panda_motion_generators:/home/user/humble_ws/install/multi_mode_controller_impl:/home/user/humble_ws/install/garmi_controllers:/home/user/humble_ws/install/franka_robot_state_broadcaster:/home/user/humble_ws/install/franka_example_controllers:/home/user/humble_ws/install/franka_moveit_config:/home/user/humble_ws/install/franka_bringup:/home/user/humble_ws/install/franka_gripper:/home/user/humble_ws/install/franka_control2:/home/user/humble_ws/install/franka_description:/home/user/Libraries/libfranka/lib/cmake:/home/user/Libraries/mujoco/lib/cmake:/opt/ros/humble LD_LIBRARY_PATH=/home/user/humble_ws/install/multi_mode_controller/lib:/home/user/humble_ws/install/franka_semantic_components/lib:/home/user/humble_ws/install/multi_mode_control_msgs/lib:/home/user/humble_ws/install/franka_hardware/lib:/home/user/humble_ws/install/panda_motion_generator_msgs/lib:/home/user/humble_ws/install/franka_msgs/lib:/home/user/humble_ws/install/panda_motion_generators/lib:/home/user/humble_ws/install/multi_mode_controller_impl/lib:/home/user/humble_ws/install/garmi_controllers/lib:/home/user/humble_ws/install/franka_robot_state_broadcaster/lib:/home/user/humble_ws/install/franka_example_controllers/lib:/home/user/humble_ws/install/franka_gripper/lib:/opt/ros/humble/opt/rviz_ogre_vendor/lib:/opt/ros/humble/lib/x86_64-linux-gnu:/opt/ros/humble/lib:/home/user/Libraries/libfranka/lib:/home/user/Libraries/mujoco/lib /usr/bin/cmake --build /home/user/humble_ws/build/panda_motion_generators -- -j12 -l12
[0.104s] [ 15%] Built target panda_poly_c2_joint_motion_generator_client
[0.110s] [ 46%] Built target panda_dq_c1_cartesian_motion_generator_client
[0.110s] [ 46%] Built target panda_to_init_pose_client
[0.111s] [ 69%] Built target panda_motion_generators
[0.138s] [ 84%] Built target panda_poly_c2_joint_motion_generator_node
[0.139s] [100%] Built target panda_dq_c1_cartesian_motion_generator_node
[0.149s] Invoked command in '/home/user/humble_ws/build/panda_motion_generators' returned '0': CMAKE_PREFIX_PATH=/home/user/humble_ws/install/multi_mode_controller:/home/user/humble_ws/install/franka_semantic_components:/home/user/humble_ws/install/multi_mode_control_msgs:/home/user/humble_ws/install/franka_hardware:/home/user/humble_ws/install/panda_motion_generator_msgs:/home/user/humble_ws/install/franka_msgs:/home/user/humble_ws/install/panda_motion_generators:/home/user/humble_ws/install/multi_mode_controller_impl:/home/user/humble_ws/install/garmi_controllers:/home/user/humble_ws/install/franka_robot_state_broadcaster:/home/user/humble_ws/install/franka_example_controllers:/home/user/humble_ws/install/franka_moveit_config:/home/user/humble_ws/install/franka_bringup:/home/user/humble_ws/install/franka_gripper:/home/user/humble_ws/install/franka_control2:/home/user/humble_ws/install/franka_description:/home/user/Libraries/libfranka/lib/cmake:/home/user/Libraries/mujoco/lib/cmake:/opt/ros/humble LD_LIBRARY_PATH=/home/user/humble_ws/install/multi_mode_controller/lib:/home/user/humble_ws/install/franka_semantic_components/lib:/home/user/humble_ws/install/multi_mode_control_msgs/lib:/home/user/humble_ws/install/franka_hardware/lib:/home/user/humble_ws/install/panda_motion_generator_msgs/lib:/home/user/humble_ws/install/franka_msgs/lib:/home/user/humble_ws/install/panda_motion_generators/lib:/home/user/humble_ws/install/multi_mode_controller_impl/lib:/home/user/humble_ws/install/garmi_controllers/lib:/home/user/humble_ws/install/franka_robot_state_broadcaster/lib:/home/user/humble_ws/install/franka_example_controllers/lib:/home/user/humble_ws/install/franka_gripper/lib:/opt/ros/humble/opt/rviz_ogre_vendor/lib:/opt/ros/humble/lib/x86_64-linux-gnu:/opt/ros/humble/lib:/home/user/Libraries/libfranka/lib:/home/user/Libraries/mujoco/lib /usr/bin/cmake --build /home/user/humble_ws/build/panda_motion_generators -- -j12 -l12
[0.243s] Invoking command in '/home/user/humble_ws/build/panda_motion_generators': CMAKE_PREFIX_PATH=/home/user/humble_ws/install/multi_mode_controller:/home/user/humble_ws/install/franka_semantic_components:/home/user/humble_ws/install/multi_mode_control_msgs:/home/user/humble_ws/install/franka_hardware:/home/user/humble_ws/install/panda_motion_generator_msgs:/home/user/humble_ws/install/franka_msgs:/home/user/humble_ws/install/panda_motion_generators:/home/user/humble_ws/install/multi_mode_controller_impl:/home/user/humble_ws/install/garmi_controllers:/home/user/humble_ws/install/franka_robot_state_broadcaster:/home/user/humble_ws/install/franka_example_controllers:/home/user/humble_ws/install/franka_moveit_config:/home/user/humble_ws/install/franka_bringup:/home/user/humble_ws/install/franka_gripper:/home/user/humble_ws/install/franka_control2:/home/user/humble_ws/install/franka_description:/home/user/Libraries/libfranka/lib/cmake:/home/user/Libraries/mujoco/lib/cmake:/opt/ros/humble LD_LIBRARY_PATH=/home/user/humble_ws/install/multi_mode_controller/lib:/home/user/humble_ws/install/franka_semantic_components/lib:/home/user/humble_ws/install/multi_mode_control_msgs/lib:/home/user/humble_ws/install/franka_hardware/lib:/home/user/humble_ws/install/panda_motion_generator_msgs/lib:/home/user/humble_ws/install/franka_msgs/lib:/home/user/humble_ws/install/panda_motion_generators/lib:/home/user/humble_ws/install/multi_mode_controller_impl/lib:/home/user/humble_ws/install/garmi_controllers/lib:/home/user/humble_ws/install/franka_robot_state_broadcaster/lib:/home/user/humble_ws/install/franka_example_controllers/lib:/home/user/humble_ws/install/franka_gripper/lib:/opt/ros/humble/opt/rviz_ogre_vendor/lib:/opt/ros/humble/lib/x86_64-linux-gnu:/opt/ros/humble/lib:/home/user/Libraries/libfranka/lib:/home/user/Libraries/mujoco/lib /usr/bin/cmake --install /home/user/humble_ws/build/panda_motion_generators
[0.258s] -- Install configuration: "Release"
[0.258s] -- Up-to-date: /home/user/humble_ws/install/panda_motion_generators/lib/libpanda_motion_generators.so
[0.259s] -- Up-to-date: /home/user/humble_ws/install/panda_motion_generators/lib/panda_motion_generators/panda_poly_c2_joint_motion_generator_node
[0.260s] -- Up-to-date: /home/user/humble_ws/install/panda_motion_generators/lib/panda_motion_generators/panda_dq_c1_cartesian_motion_generator_node
[0.260s] -- Up-to-date: /home/user/humble_ws/install/panda_motion_generators/lib/panda_motion_generators/panda_poly_c2_joint_motion_generator_client
[0.260s] -- Up-to-date: /home/user/humble_ws/install/panda_motion_generators/lib/panda_motion_generators/panda_dq_c1_cartesian_motion_generator_client
[0.261s] -- Up-to-date: /home/user/humble_ws/install/panda_motion_generators/lib/panda_motion_generators/panda_to_init_pose_client
[0.262s] -- Up-to-date: /home/user/humble_ws/install/panda_motion_generators/include
[0.262s] -- Up-to-date: /home/user/humble_ws/install/panda_motion_generators/include/panda_motion_generators
[0.262s] -- Up-to-date: /home/user/humble_ws/install/panda_motion_generators/include/panda_motion_generators/motion_generators
[0.262s] -- Up-to-date: /home/user/humble_ws/install/panda_motion_generators/include/panda_motion_generators/motion_generators/panda_dq_c1_cartesian_motion_generator.h
[0.263s] -- Up-to-date: /home/user/humble_ws/install/panda_motion_generators/include/panda_motion_generators/motion_generators/panda_poly_c2_joint_motion_generator.h
[0.263s] -- Up-to-date: /home/user/humble_ws/install/panda_motion_generators/include/panda_motion_generators/base
[0.263s] -- Up-to-date: /home/user/humble_ws/install/panda_motion_generators/include/panda_motion_generators/base/motion_generator_base.h
[0.263s] -- Up-to-date: /home/user/humble_ws/install/panda_motion_generators/include/panda_motion_generators/base/motion_generator_ros_interface.h
[0.263s] -- Up-to-date: /home/user/humble_ws/install/panda_motion_generators/include/panda_motion_generators/base/dq_c1_cartesian_motion_generator_base.h
[0.263s] -- Up-to-date: /home/user/humble_ws/install/panda_motion_generators/include/panda_motion_generators/base/dq_c1_cartesian_motion_generator.h
[0.263s] -- Up-to-date: /home/user/humble_ws/install/panda_motion_generators/include/panda_motion_generators/base/poly_c2_joint_motion_generator_base.h
[0.263s] -- Up-to-date: /home/user/humble_ws/install/panda_motion_generators/include/panda_motion_generators/base/poly_c2_joint_motion_generator.h
[0.264s] -- Up-to-date: /home/user/humble_ws/install/panda_motion_generators/share/ament_index/resource_index/package_run_dependencies/panda_motion_generators
[0.264s] -- Up-to-date: /home/user/humble_ws/install/panda_motion_generators/share/ament_index/resource_index/parent_prefix_path/panda_motion_generators
[0.264s] -- Up-to-date: /home/user/humble_ws/install/panda_motion_generators/share/panda_motion_generators/environment/ament_prefix_path.sh
[0.264s] -- Up-to-date: /home/user/humble_ws/install/panda_motion_generators/share/panda_motion_generators/environment/ament_prefix_path.dsv
[0.264s] -- Up-to-date: /home/user/humble_ws/install/panda_motion_generators/share/panda_motion_generators/environment/path.sh
[0.264s] -- Up-to-date: /home/user/humble_ws/install/panda_motion_generators/share/panda_motion_generators/environment/path.dsv
[0.264s] -- Up-to-date: /home/user/humble_ws/install/panda_motion_generators/share/panda_motion_generators/local_setup.bash
[0.264s] -- Up-to-date: /home/user/humble_ws/install/panda_motion_generators/share/panda_motion_generators/local_setup.sh
[0.264s] -- Up-to-date: /home/user/humble_ws/install/panda_motion_generators/share/panda_motion_generators/local_setup.zsh
[0.265s] -- Up-to-date: /home/user/humble_ws/install/panda_motion_generators/share/panda_motion_generators/local_setup.dsv
[0.265s] -- Installing: /home/user/humble_ws/install/panda_motion_generators/share/panda_motion_generators/package.dsv
[0.265s] -- Up-to-date: /home/user/humble_ws/install/panda_motion_generators/share/ament_index/resource_index/packages/panda_motion_generators
[0.265s] -- Up-to-date: /home/user/humble_ws/install/panda_motion_generators/share/panda_motion_generators/cmake/panda_motion_generatorsConfig.cmake
[0.265s] -- Up-to-date: /home/user/humble_ws/install/panda_motion_generators/share/panda_motion_generators/cmake/panda_motion_generatorsConfig-version.cmake
[0.265s] -- Up-to-date: /home/user/humble_ws/install/panda_motion_generators/share/panda_motion_generators/package.xml
[0.267s] Invoked command in '/home/user/humble_ws/build/panda_motion_generators' returned '0': CMAKE_PREFIX_PATH=/home/user/humble_ws/install/multi_mode_controller:/home/user/humble_ws/install/franka_semantic_components:/home/user/humble_ws/install/multi_mode_control_msgs:/home/user/humble_ws/install/franka_hardware:/home/user/humble_ws/install/panda_motion_generator_msgs:/home/user/humble_ws/install/franka_msgs:/home/user/humble_ws/install/panda_motion_generators:/home/user/humble_ws/install/multi_mode_controller_impl:/home/user/humble_ws/install/garmi_controllers:/home/user/humble_ws/install/franka_robot_state_broadcaster:/home/user/humble_ws/install/franka_example_controllers:/home/user/humble_ws/install/franka_moveit_config:/home/user/humble_ws/install/franka_bringup:/home/user/humble_ws/install/franka_gripper:/home/user/humble_ws/install/franka_control2:/home/user/humble_ws/install/franka_description:/home/user/Libraries/libfranka/lib/cmake:/home/user/Libraries/mujoco/lib/cmake:/opt/ros/humble LD_LIBRARY_PATH=/home/user/humble_ws/install/multi_mode_controller/lib:/home/user/humble_ws/install/franka_semantic_components/lib:/home/user/humble_ws/install/multi_mode_control_msgs/lib:/home/user/humble_ws/install/franka_hardware/lib:/home/user/humble_ws/install/panda_motion_generator_msgs/lib:/home/user/humble_ws/install/franka_msgs/lib:/home/user/humble_ws/install/panda_motion_generators/lib:/home/user/humble_ws/install/multi_mode_controller_impl/lib:/home/user/humble_ws/install/garmi_controllers/lib:/home/user/humble_ws/install/franka_robot_state_broadcaster/lib:/home/user/humble_ws/install/franka_example_controllers/lib:/home/user/humble_ws/install/franka_gripper/lib:/opt/ros/humble/opt/rviz_ogre_vendor/lib:/opt/ros/humble/lib/x86_64-linux-gnu:/opt/ros/humble/lib:/home/user/Libraries/libfranka/lib:/home/user/Libraries/mujoco/lib /usr/bin/cmake --install /home/user/humble_ws/build/panda_motion_generators
