[0.012s] Invoking command in '/home/user/humble_ws/build/franka_description': CMAKE_PREFIX_PATH=${CMAKE_PREFIX_PATH}:/opt/ros/humble /usr/bin/cmake --build /home/user/humble_ws/build/franka_description -- -j12 -l12
[0.043s] Invoked command in '/home/user/humble_ws/build/franka_description' returned '0': CMAKE_PREFIX_PATH=${CMAKE_PREFIX_PATH}:/opt/ros/humble /usr/bin/cmake --build /home/user/humble_ws/build/franka_description -- -j12 -l12
[0.078s] Invoking command in '/home/user/humble_ws/build/franka_description': CMAKE_PREFIX_PATH=${CMAKE_PREFIX_PATH}:/opt/ros/humble /usr/bin/cmake --install /home/user/humble_ws/build/franka_description
[0.087s] -- Install configuration: "Release"
[0.087s] -- Up-to-date: /home/user/humble_ws/install/franka_description/share/franka_description//launch
[0.087s] -- Up-to-date: /home/user/humble_ws/install/franka_description/share/franka_description//launch/visualize_franka.launch.py
[0.087s] -- Up-to-date: /home/user/humble_ws/install/franka_description/share/franka_description//robots
[0.088s] -- Up-to-date: /home/user/humble_ws/install/franka_description/share/franka_description//robots/mobile_platform.xacro
[0.088s] -- Up-to-date: /home/user/humble_ws/install/franka_description/share/franka_description//robots/panda_arm_sim.urdf.xacro
[0.088s] -- Up-to-date: /home/user/humble_ws/install/franka_description/share/franka_description//robots/dual_panda_arm_sim.ros2_control.xacro
[0.088s] -- Up-to-date: /home/user/humble_ws/install/franka_description/share/franka_description//robots/lidar_with_wheel_mount.xacro
[0.088s] -- Up-to-date: /home/user/humble_ws/install/franka_description/share/franka_description//robots/hand.urdf.xacro
[0.088s] -- Up-to-date: /home/user/humble_ws/install/franka_description/share/franka_description//robots/garmi_sim.urdf.xacro
[0.088s] -- Up-to-date: /home/user/humble_ws/install/franka_description/share/franka_description//robots/mixed_dual_panda_arm.urdf.xacro
[0.088s] -- Up-to-date: /home/user/humble_ws/install/franka_description/share/franka_description//robots/panda_arm.xacro
[0.088s] -- Up-to-date: /home/user/humble_ws/install/franka_description/share/franka_description//robots/mixed_quad_panda_arm.urdf.xacro
[0.089s] -- Up-to-date: /home/user/humble_ws/install/franka_description/share/franka_description//robots/panda_arm.urdf.xacro
[0.089s] -- Up-to-date: /home/user/humble_ws/install/franka_description/share/franka_description//robots/hand.xacro
[0.089s] -- Up-to-date: /home/user/humble_ws/install/franka_description/share/franka_description//robots/dual_panda_arm.ros2_control.xacro
[0.089s] -- Up-to-date: /home/user/humble_ws/install/franka_description/share/franka_description//robots/head.xacro
[0.089s] -- Up-to-date: /home/user/humble_ws/install/franka_description/share/franka_description//robots/garmi_wheel.xacro
[0.089s] -- Up-to-date: /home/user/humble_ws/install/franka_description/share/franka_description//robots/dual_panda_arm_sim.urdf.xacro
[0.089s] -- Up-to-date: /home/user/humble_ws/install/franka_description/share/franka_description//robots/dual_panda_arm.urdf.xacro
[0.089s] -- Up-to-date: /home/user/humble_ws/install/franka_description/share/franka_description//robots/garmi_sim.ros2_control.xacro
[0.089s] -- Up-to-date: /home/user/humble_ws/install/franka_description/share/franka_description//robots/base.xacro
[0.089s] -- Up-to-date: /home/user/humble_ws/install/franka_description/share/franka_description//robots/panda_arm.ros2_control.xacro
[0.090s] -- Up-to-date: /home/user/humble_ws/install/franka_description/share/franka_description//robots/panda_arm_sim.ros2_control.xacro
[0.090s] -- Up-to-date: /home/user/humble_ws/install/franka_description/share/franka_description//sensors
[0.090s] -- Up-to-date: /home/user/humble_ws/install/franka_description/share/franka_description//sensors/rplidarA2.xacro
[0.090s] -- Up-to-date: /home/user/humble_ws/install/franka_description/share/franka_description//meshes
[0.090s] -- Up-to-date: /home/user/humble_ws/install/franka_description/share/franka_description//meshes/visual
[0.090s] -- Up-to-date: /home/user/humble_ws/install/franka_description/share/franka_description//meshes/visual/hand.dae
[0.090s] -- Up-to-date: /home/user/humble_ws/install/franka_description/share/franka_description//meshes/visual/link7.dae
[0.091s] -- Up-to-date: /home/user/humble_ws/install/franka_description/share/franka_description//meshes/visual/torso.dae
[0.091s] -- Up-to-date: /home/user/humble_ws/install/franka_description/share/franka_description//meshes/visual/link1.dae
[0.091s] -- Up-to-date: /home/user/humble_ws/install/franka_description/share/franka_description//meshes/visual/mobile_platform.dae
[0.091s] -- Up-to-date: /home/user/humble_ws/install/franka_description/share/franka_description//meshes/visual/head.dae
[0.091s] -- Up-to-date: /home/user/humble_ws/install/franka_description/share/franka_description//meshes/visual/link6.dae
[0.091s] -- Up-to-date: /home/user/humble_ws/install/franka_description/share/franka_description//meshes/visual/rplidarA2.dae
[0.091s] -- Up-to-date: /home/user/humble_ws/install/franka_description/share/franka_description//meshes/visual/link3.dae
[0.091s] -- Up-to-date: /home/user/humble_ws/install/franka_description/share/franka_description//meshes/visual/meshes.blend
[0.091s] -- Up-to-date: /home/user/humble_ws/install/franka_description/share/franka_description//meshes/visual/link2.dae
[0.092s] -- Up-to-date: /home/user/humble_ws/install/franka_description/share/franka_description//meshes/visual/mobile_platform.dae.meta
[0.092s] -- Up-to-date: /home/user/humble_ws/install/franka_description/share/franka_description//meshes/visual/finger.dae
[0.092s] -- Up-to-date: /home/user/humble_ws/install/franka_description/share/franka_description//meshes/visual/link5.dae
[0.092s] -- Up-to-date: /home/user/humble_ws/install/franka_description/share/franka_description//meshes/visual/link0.dae
[0.092s] -- Up-to-date: /home/user/humble_ws/install/franka_description/share/franka_description//meshes/visual/link4.dae
[0.092s] -- Up-to-date: /home/user/humble_ws/install/franka_description/share/franka_description//rviz
[0.093s] -- Up-to-date: /home/user/humble_ws/install/franka_description/share/franka_description//rviz/visualize_franka.rviz
[0.093s] -- Up-to-date: /home/user/humble_ws/install/franka_description/share/franka_description//rviz/visualize_dual_franka.rviz
[0.093s] -- Up-to-date: /home/user/humble_ws/install/franka_description/share/franka_description//mujoco
[0.093s] -- Up-to-date: /home/user/humble_ws/install/franka_description/share/franka_description//mujoco/franka
[0.093s] -- Up-to-date: /home/user/humble_ws/install/franka_description/share/franka_description//mujoco/franka/objects.xml
[0.093s] -- Up-to-date: /home/user/humble_ws/install/franka_description/share/franka_description//mujoco/franka/mj_right.xml
[0.094s] -- Up-to-date: /home/user/humble_ws/install/franka_description/share/franka_description//mujoco/franka/assets
[0.095s] -- Up-to-date: /home/user/humble_ws/install/franka_description/share/franka_description//mujoco/franka/assets/link4_1.obj
[0.095s] -- Up-to-date: /home/user/humble_ws/install/franka_description/share/franka_description//mujoco/franka/assets/link3_1.obj
[0.095s] -- Up-to-date: /home/user/humble_ws/install/franka_description/share/franka_description//mujoco/franka/assets/link2.obj
[0.095s] -- Up-to-date: /home/user/humble_ws/install/franka_description/share/franka_description//mujoco/franka/assets/link0_5.obj
[0.095s] -- Up-to-date: /home/user/humble_ws/install/franka_description/share/franka_description//mujoco/franka/assets/link4.stl
[0.095s] -- Up-to-date: /home/user/humble_ws/install/franka_description/share/franka_description//mujoco/franka/assets/link6_10.obj
[0.096s] -- Up-to-date: /home/user/humble_ws/install/franka_description/share/franka_description//mujoco/franka/assets/link6_3.obj
[0.096s] -- Up-to-date: /home/user/humble_ws/install/franka_description/share/franka_description//mujoco/franka/assets/link0.stl
[0.096s] -- Up-to-date: /home/user/humble_ws/install/franka_description/share/franka_description//mujoco/franka/assets/link0_4.obj
[0.096s] -- Up-to-date: /home/user/humble_ws/install/franka_description/share/franka_description//mujoco/franka/assets/link7_3.obj
[0.096s] -- Up-to-date: /home/user/humble_ws/install/franka_description/share/franka_description//mujoco/franka/assets/link4_3.obj
[0.096s] -- Up-to-date: /home/user/humble_ws/install/franka_description/share/franka_description//mujoco/franka/assets/hand_3.obj
[0.096s] -- Up-to-date: /home/user/humble_ws/install/franka_description/share/franka_description//mujoco/franka/assets/link0_1.obj
[0.096s] -- Up-to-date: /home/user/humble_ws/install/franka_description/share/franka_description//mujoco/franka/assets/link6_14.obj
[0.097s] -- Up-to-date: /home/user/humble_ws/install/franka_description/share/franka_description//mujoco/franka/assets/link6_5.obj
[0.097s] -- Up-to-date: /home/user/humble_ws/install/franka_description/share/franka_description//mujoco/franka/assets/link7.stl
[0.097s] -- Up-to-date: /home/user/humble_ws/install/franka_description/share/franka_description//mujoco/franka/assets/link0_11.obj
[0.097s] -- Up-to-date: /home/user/humble_ws/install/franka_description/share/franka_description//mujoco/franka/assets/link5_0.obj
[0.097s] -- Up-to-date: /home/user/humble_ws/install/franka_description/share/franka_description//mujoco/franka/assets/link7_2.obj
[0.097s] -- Up-to-date: /home/user/humble_ws/install/franka_description/share/franka_description//mujoco/franka/assets/link0_0.obj
[0.097s] -- Up-to-date: /home/user/humble_ws/install/franka_description/share/franka_description//mujoco/franka/assets/link4_0.obj
[0.097s] -- Up-to-date: /home/user/humble_ws/install/franka_description/share/franka_description//mujoco/franka/assets/link0_2.obj
[0.097s] -- Up-to-date: /home/user/humble_ws/install/franka_description/share/franka_description//mujoco/franka/assets/link3_2.obj
[0.097s] -- Up-to-date: /home/user/humble_ws/install/franka_description/share/franka_description//mujoco/franka/assets/link0_8.obj
[0.097s] -- Up-to-date: /home/user/humble_ws/install/franka_description/share/franka_description//mujoco/franka/assets/finger_0.obj
[0.097s] -- Up-to-date: /home/user/humble_ws/install/franka_description/share/franka_description//mujoco/franka/assets/link0_9.obj
[0.097s] -- Up-to-date: /home/user/humble_ws/install/franka_description/share/franka_description//mujoco/franka/assets/finger_1.obj
[0.097s] -- Up-to-date: /home/user/humble_ws/install/franka_description/share/franka_description//mujoco/franka/assets/link7_4.obj
[0.097s] -- Up-to-date: /home/user/humble_ws/install/franka_description/share/franka_description//mujoco/franka/assets/hand.stl
[0.097s] -- Up-to-date: /home/user/humble_ws/install/franka_description/share/franka_description//mujoco/franka/assets/link5_1.obj
[0.097s] -- Up-to-date: /home/user/humble_ws/install/franka_description/share/franka_description//mujoco/franka/assets/link6_11.obj
[0.097s] -- Up-to-date: /home/user/humble_ws/install/franka_description/share/franka_description//mujoco/franka/assets/link7_6.obj
[0.097s] -- Up-to-date: /home/user/humble_ws/install/franka_description/share/franka_description//mujoco/franka/assets/hand_2.obj
[0.098s] -- Up-to-date: /home/user/humble_ws/install/franka_description/share/franka_description//mujoco/franka/assets/link0_7.obj
[0.098s] -- Up-to-date: /home/user/humble_ws/install/franka_description/share/franka_description//mujoco/franka/assets/link6.stl
[0.098s] -- Up-to-date: /home/user/humble_ws/install/franka_description/share/franka_description//mujoco/franka/assets/link3.stl
[0.098s] -- Up-to-date: /home/user/humble_ws/install/franka_description/share/franka_description//mujoco/franka/assets/link6_2.obj
[0.098s] -- Up-to-date: /home/user/humble_ws/install/franka_description/share/franka_description//mujoco/franka/assets/hand_4.obj
[0.098s] -- Up-to-date: /home/user/humble_ws/install/franka_description/share/franka_description//mujoco/franka/assets/link7_0.obj
[0.098s] -- Up-to-date: /home/user/humble_ws/install/franka_description/share/franka_description//mujoco/franka/assets/link7_5.obj
[0.098s] -- Up-to-date: /home/user/humble_ws/install/franka_description/share/franka_description//mujoco/franka/assets/link4_2.obj
[0.098s] -- Up-to-date: /home/user/humble_ws/install/franka_description/share/franka_description//mujoco/franka/assets/link5_collision_0.obj
[0.098s] -- Up-to-date: /home/user/humble_ws/install/franka_description/share/franka_description//mujoco/franka/assets/link7_7.obj
[0.098s] -- Up-to-date: /home/user/humble_ws/install/franka_description/share/franka_description//mujoco/franka/assets/link5_collision_1.obj
[0.098s] -- Up-to-date: /home/user/humble_ws/install/franka_description/share/franka_description//mujoco/franka/assets/link0_10.obj
[0.098s] -- Up-to-date: /home/user/humble_ws/install/franka_description/share/franka_description//mujoco/franka/assets/link6_0.obj
[0.098s] -- Up-to-date: /home/user/humble_ws/install/franka_description/share/franka_description//mujoco/franka/assets/hand_0.obj
[0.098s] -- Up-to-date: /home/user/humble_ws/install/franka_description/share/franka_description//mujoco/franka/assets/link5_collision_2.obj
[0.098s] -- Up-to-date: /home/user/humble_ws/install/franka_description/share/franka_description//mujoco/franka/assets/link1.stl
[0.098s] -- Up-to-date: /home/user/humble_ws/install/franka_description/share/franka_description//mujoco/franka/assets/link5_2.obj
[0.098s] -- Up-to-date: /home/user/humble_ws/install/franka_description/share/franka_description//mujoco/franka/assets/link6_7.obj
[0.098s] -- Up-to-date: /home/user/humble_ws/install/franka_description/share/franka_description//mujoco/franka/assets/link6_15.obj
[0.098s] -- Up-to-date: /home/user/humble_ws/install/franka_description/share/franka_description//mujoco/franka/assets/link6_1.obj
[0.098s] -- Up-to-date: /home/user/humble_ws/install/franka_description/share/franka_description//mujoco/franka/assets/link6_16.obj
[0.098s] -- Up-to-date: /home/user/humble_ws/install/franka_description/share/franka_description//mujoco/franka/assets/link6_13.obj
[0.098s] -- Up-to-date: /home/user/humble_ws/install/franka_description/share/franka_description//mujoco/franka/assets/link6_9.obj
[0.099s] -- Up-to-date: /home/user/humble_ws/install/franka_description/share/franka_description//mujoco/franka/assets/link1.obj
[0.099s] -- Up-to-date: /home/user/humble_ws/install/franka_description/share/franka_description//mujoco/franka/assets/link6_12.obj
[0.099s] -- Up-to-date: /home/user/humble_ws/install/franka_description/share/franka_description//mujoco/franka/assets/link7_1.obj
[0.099s] -- Up-to-date: /home/user/humble_ws/install/franka_description/share/franka_description//mujoco/franka/assets/link2.stl
[0.099s] -- Up-to-date: /home/user/humble_ws/install/franka_description/share/franka_description//mujoco/franka/assets/link0_3.obj
[0.099s] -- Up-to-date: /home/user/humble_ws/install/franka_description/share/franka_description//mujoco/franka/assets/link6_6.obj
[0.099s] -- Up-to-date: /home/user/humble_ws/install/franka_description/share/franka_description//mujoco/franka/assets/link6_8.obj
[0.099s] -- Up-to-date: /home/user/humble_ws/install/franka_description/share/franka_description//mujoco/franka/assets/link3_3.obj
[0.099s] -- Up-to-date: /home/user/humble_ws/install/franka_description/share/franka_description//mujoco/franka/assets/link6_4.obj
[0.099s] -- Up-to-date: /home/user/humble_ws/install/franka_description/share/franka_description//mujoco/franka/assets/hand_1.obj
[0.099s] -- Up-to-date: /home/user/humble_ws/install/franka_description/share/franka_description//mujoco/franka/assets/link3_0.obj
[0.099s] -- Up-to-date: /home/user/humble_ws/install/franka_description/share/franka_description//mujoco/franka/dual_scene.xml
[0.099s] -- Up-to-date: /home/user/humble_ws/install/franka_description/share/franka_description//mujoco/franka/scene.xml
[0.100s] -- Up-to-date: /home/user/humble_ws/install/franka_description/share/franka_description//mujoco/franka/TEMPLATE_panda.xml
[0.100s] -- Up-to-date: /home/user/humble_ws/install/franka_description/share/franka_description//mujoco/franka/mj_right_scene.xml
[0.100s] -- Up-to-date: /home/user/humble_ws/install/franka_description/share/franka_description//mujoco/franka/panda.xml
[0.100s] -- Up-to-date: /home/user/humble_ws/install/franka_description/share/franka_description//mujoco/franka/mj_dual.xml
[0.100s] -- Up-to-date: /home/user/humble_ws/install/franka_description/share/franka_description//mujoco/garmi
[0.100s] -- Up-to-date: /home/user/humble_ws/install/franka_description/share/franka_description//mujoco/garmi/assets
[0.100s] -- Up-to-date: /home/user/humble_ws/install/franka_description/share/franka_description//mujoco/garmi/assets/textures
[0.100s] -- Up-to-date: /home/user/humble_ws/install/franka_description/share/franka_description//mujoco/garmi/assets/textures/eyes.png
[0.100s] -- Up-to-date: /home/user/humble_ws/install/franka_description/share/franka_description//mujoco/garmi/assets/textures/panda
[0.100s] -- Up-to-date: /home/user/humble_ws/install/franka_description/share/franka_description//mujoco/garmi/assets/textures/panda/panda.png
[0.100s] -- Up-to-date: /home/user/humble_ws/install/franka_description/share/franka_description//mujoco/garmi/assets/textures/garmi
[0.100s] -- Up-to-date: /home/user/humble_ws/install/franka_description/share/franka_description//mujoco/garmi/assets/textures/garmi/torso.png
[0.100s] -- Up-to-date: /home/user/humble_ws/install/franka_description/share/franka_description//mujoco/garmi/assets/textures/garmi/head.png
[0.100s] -- Up-to-date: /home/user/humble_ws/install/franka_description/share/franka_description//mujoco/garmi/assets/textures/ball.png
[0.100s] -- Up-to-date: /home/user/humble_ws/install/franka_description/share/franka_description//mujoco/garmi/assets/textures/mat.png
[0.100s] -- Up-to-date: /home/user/humble_ws/install/franka_description/share/franka_description//mujoco/garmi/assets/textures/box.png
[0.100s] -- Up-to-date: /home/user/humble_ws/install/franka_description/share/franka_description//mujoco/garmi/assets/textures/H6bab216ce6e8442fa8d8fc8f2477d105D.png_300x300.jpg
[0.100s] -- Up-to-date: /home/user/humble_ws/install/franka_description/share/franka_description//mujoco/garmi/assets/textures/sponge.png
[0.100s] -- Up-to-date: /home/user/humble_ws/install/franka_description/share/franka_description//mujoco/garmi/assets/textures/isolated-cardboard-box_125540-1169.jpg
[0.100s] -- Up-to-date: /home/user/humble_ws/install/franka_description/share/franka_description//mujoco/garmi/assets/textures/surface_23-2148024793.jpg
[0.100s] -- Up-to-date: /home/user/humble_ws/install/franka_description/share/franka_description//mujoco/garmi/assets/textures/white-cloth-on-ground-260nw-358302005.png
[0.100s] -- Up-to-date: /home/user/humble_ws/install/franka_description/share/franka_description//mujoco/garmi/assets/textures/table.png
[0.100s] -- Up-to-date: /home/user/humble_ws/install/franka_description/share/franka_description//mujoco/garmi/assets/textures/cdba4eeb6f5b18314182d1c9d2b6138c.jpg
[0.101s] -- Up-to-date: /home/user/humble_ws/install/franka_description/share/franka_description//mujoco/garmi/assets/textures/sponge-texture-background_851674-32050.jpg
[0.101s] -- Up-to-date: /home/user/humble_ws/install/franka_description/share/franka_description//mujoco/garmi/assets/textures/white-cloth-on-ground-260nw-358302005.jpg
[0.101s] -- Up-to-date: /home/user/humble_ws/install/franka_description/share/franka_description//mujoco/garmi/assets/textures/spong.png
[0.101s] -- Up-to-date: /home/user/humble_ws/install/franka_description/share/franka_description//mujoco/garmi/assets/xml
[0.101s] -- Up-to-date: /home/user/humble_ws/install/franka_description/share/franka_description//mujoco/garmi/assets/xml/include
[0.101s] -- Up-to-date: /home/user/humble_ws/install/franka_description/share/franka_description//mujoco/garmi/assets/xml/include/panda_assets.xml
[0.101s] -- Up-to-date: /home/user/humble_ws/install/franka_description/share/franka_description//mujoco/garmi/assets/xml/include/garmi.xml
[0.101s] -- Installing: /home/user/humble_ws/install/franka_description/share/franka_description//mujoco/garmi/assets/xml/garmi.xml
[0.101s] -- Up-to-date: /home/user/humble_ws/install/franka_description/share/franka_description//mujoco/garmi/assets/xml/box.png
[0.101s] -- Up-to-date: /home/user/humble_ws/install/franka_description/share/franka_description//mujoco/garmi/assets/xml/isolated-cardboard-box_125540-1169.jpg
[0.101s] -- Up-to-date: /home/user/humble_ws/install/franka_description/share/franka_description//mujoco/garmi/assets/xml/cardboard-box-2352.html
[0.101s] -- Up-to-date: /home/user/humble_ws/install/franka_description/share/franka_description//mujoco/garmi/assets/xml/wget-log
[0.101s] -- Up-to-date: /home/user/humble_ws/install/franka_description/share/franka_description//mujoco/garmi/assets/xml/meshes
[0.101s] -- Up-to-date: /home/user/humble_ws/install/franka_description/share/franka_description//mujoco/garmi/assets/xml/temp
[0.101s] -- Up-to-date: /home/user/humble_ws/install/franka_description/share/franka_description//mujoco/garmi/assets/xml/temp/box.obj
[0.101s] -- Up-to-date: /home/user/humble_ws/install/franka_description/share/franka_description//mujoco/garmi/assets/xml/temp/.git
[0.101s] -- Up-to-date: /home/user/humble_ws/install/franka_description/share/franka_description//mujoco/garmi/assets/xml/temp/.git/refs
[0.101s] -- Up-to-date: /home/user/humble_ws/install/franka_description/share/franka_description//mujoco/garmi/assets/xml/temp/.git/refs/remotes
[0.101s] -- Up-to-date: /home/user/humble_ws/install/franka_description/share/franka_description//mujoco/garmi/assets/xml/temp/.git/refs/remotes/origin
[0.101s] -- Up-to-date: /home/user/humble_ws/install/franka_description/share/franka_description//mujoco/garmi/assets/xml/temp/.git/refs/remotes/origin/HEAD
[0.101s] -- Up-to-date: /home/user/humble_ws/install/franka_description/share/franka_description//mujoco/garmi/assets/xml/temp/.git/refs/heads
[0.101s] -- Up-to-date: /home/user/humble_ws/install/franka_description/share/franka_description//mujoco/garmi/assets/xml/temp/.git/refs/heads/main
[0.101s] -- Up-to-date: /home/user/humble_ws/install/franka_description/share/franka_description//mujoco/garmi/assets/xml/temp/.git/refs/tags
[0.101s] -- Up-to-date: /home/user/humble_ws/install/franka_description/share/franka_description//mujoco/garmi/assets/xml/temp/.git/hooks
[0.101s] -- Up-to-date: /home/user/humble_ws/install/franka_description/share/franka_description//mujoco/garmi/assets/xml/temp/.git/hooks/commit-msg.sample
[0.101s] -- Up-to-date: /home/user/humble_ws/install/franka_description/share/franka_description//mujoco/garmi/assets/xml/temp/.git/hooks/pre-push.sample
[0.101s] -- Up-to-date: /home/user/humble_ws/install/franka_description/share/franka_description//mujoco/garmi/assets/xml/temp/.git/hooks/push-to-checkout.sample
[0.102s] -- Up-to-date: /home/user/humble_ws/install/franka_description/share/franka_description//mujoco/garmi/assets/xml/temp/.git/hooks/pre-commit.sample
[0.102s] -- Up-to-date: /home/user/humble_ws/install/franka_description/share/franka_description//mujoco/garmi/assets/xml/temp/.git/hooks/applypatch-msg.sample
[0.102s] -- Up-to-date: /home/user/humble_ws/install/franka_description/share/franka_description//mujoco/garmi/assets/xml/temp/.git/hooks/pre-rebase.sample
[0.102s] -- Up-to-date: /home/user/humble_ws/install/franka_description/share/franka_description//mujoco/garmi/assets/xml/temp/.git/hooks/post-update.sample
[0.102s] -- Up-to-date: /home/user/humble_ws/install/franka_description/share/franka_description//mujoco/garmi/assets/xml/temp/.git/hooks/prepare-commit-msg.sample
[0.102s] -- Up-to-date: /home/user/humble_ws/install/franka_description/share/franka_description//mujoco/garmi/assets/xml/temp/.git/hooks/pre-merge-commit.sample
[0.102s] -- Up-to-date: /home/user/humble_ws/install/franka_description/share/franka_description//mujoco/garmi/assets/xml/temp/.git/hooks/update.sample
[0.102s] -- Up-to-date: /home/user/humble_ws/install/franka_description/share/franka_description//mujoco/garmi/assets/xml/temp/.git/hooks/pre-receive.sample
[0.102s] -- Up-to-date: /home/user/humble_ws/install/franka_description/share/franka_description//mujoco/garmi/assets/xml/temp/.git/hooks/fsmonitor-watchman.sample
[0.102s] -- Up-to-date: /home/user/humble_ws/install/franka_description/share/franka_description//mujoco/garmi/assets/xml/temp/.git/hooks/pre-applypatch.sample
[0.103s] -- Up-to-date: /home/user/humble_ws/install/franka_description/share/franka_description//mujoco/garmi/assets/xml/temp/.git/description
[0.103s] -- Up-to-date: /home/user/humble_ws/install/franka_description/share/franka_description//mujoco/garmi/assets/xml/temp/.git/packed-refs
[0.103s] -- Up-to-date: /home/user/humble_ws/install/franka_description/share/franka_description//mujoco/garmi/assets/xml/temp/.git/HEAD
[0.103s] -- Up-to-date: /home/user/humble_ws/install/franka_description/share/franka_description//mujoco/garmi/assets/xml/temp/.git/branches
[0.103s] -- Up-to-date: /home/user/humble_ws/install/franka_description/share/franka_description//mujoco/garmi/assets/xml/temp/.git/index
[0.103s] -- Up-to-date: /home/user/humble_ws/install/franka_description/share/franka_description//mujoco/garmi/assets/xml/temp/.git/info
[0.103s] -- Up-to-date: /home/user/humble_ws/install/franka_description/share/franka_description//mujoco/garmi/assets/xml/temp/.git/info/exclude
[0.103s] -- Up-to-date: /home/user/humble_ws/install/franka_description/share/franka_description//mujoco/garmi/assets/xml/temp/.git/config
[0.103s] -- Up-to-date: /home/user/humble_ws/install/franka_description/share/franka_description//mujoco/garmi/assets/xml/temp/.git/logs
[0.103s] -- Up-to-date: /home/user/humble_ws/install/franka_description/share/franka_description//mujoco/garmi/assets/xml/temp/.git/logs/refs
[0.104s] -- Up-to-date: /home/user/humble_ws/install/franka_description/share/franka_description//mujoco/garmi/assets/xml/temp/.git/logs/refs/remotes
[0.104s] -- Up-to-date: /home/user/humble_ws/install/franka_description/share/franka_description//mujoco/garmi/assets/xml/temp/.git/logs/refs/remotes/origin
[0.104s] -- Up-to-date: /home/user/humble_ws/install/franka_description/share/franka_description//mujoco/garmi/assets/xml/temp/.git/logs/refs/remotes/origin/HEAD
[0.104s] -- Up-to-date: /home/user/humble_ws/install/franka_description/share/franka_description//mujoco/garmi/assets/xml/temp/.git/logs/refs/heads
[0.104s] -- Up-to-date: /home/user/humble_ws/install/franka_description/share/franka_description//mujoco/garmi/assets/xml/temp/.git/logs/refs/heads/main
[0.104s] -- Up-to-date: /home/user/humble_ws/install/franka_description/share/franka_description//mujoco/garmi/assets/xml/temp/.git/logs/HEAD
[0.104s] -- Up-to-date: /home/user/humble_ws/install/franka_description/share/franka_description//mujoco/garmi/assets/xml/temp/.git/objects
[0.104s] -- Up-to-date: /home/user/humble_ws/install/franka_description/share/franka_description//mujoco/garmi/assets/xml/temp/.git/objects/pack
[0.104s] -- Up-to-date: /home/user/humble_ws/install/franka_description/share/franka_description//mujoco/garmi/assets/xml/temp/.git/objects/pack/pack-a3d3441a1ae27d841a0e672bcae49f49546e040e.pack
[0.104s] -- Up-to-date: /home/user/humble_ws/install/franka_description/share/franka_description//mujoco/garmi/assets/xml/temp/.git/objects/pack/pack-a3d3441a1ae27d841a0e672bcae49f49546e040e.idx
[0.104s] -- Up-to-date: /home/user/humble_ws/install/franka_description/share/franka_description//mujoco/garmi/assets/xml/temp/.git/objects/info
[0.105s] -- Installing: /home/user/humble_ws/install/franka_description/share/franka_description//mujoco/garmi/assets/xml/.garmi.xml.swp
[0.105s] -- Up-to-date: /home/user/humble_ws/install/franka_description/share/franka_description//mujoco/garmi/assets/xml/sponge-texture-background_851674-32050.jpg
[0.105s] -- Up-to-date: /home/user/humble_ws/install/franka_description/share/franka_description//mujoco/garmi/assets/xml/white-cloth-on-ground-260nw-358302005.jpg
[0.105s] -- Up-to-date: /home/user/humble_ws/install/franka_description/share/franka_description//mujoco/garmi/assets/xml/spong.png
[0.105s] -- Up-to-date: /home/user/humble_ws/install/franka_description/share/franka_description//mujoco/garmi/assets/meshes
[0.105s] -- Up-to-date: /home/user/humble_ws/install/franka_description/share/franka_description//mujoco/garmi/assets/meshes/cameras
[0.105s] -- Up-to-date: /home/user/humble_ws/install/franka_description/share/franka_description//mujoco/garmi/assets/meshes/cameras/d435_glass.obj
[0.106s] -- Up-to-date: /home/user/humble_ws/install/franka_description/share/franka_description//mujoco/garmi/assets/meshes/cameras/d435.obj
[0.106s] -- Up-to-date: /home/user/humble_ws/install/franka_description/share/franka_description//mujoco/garmi/assets/meshes/panda
[0.106s] -- Up-to-date: /home/user/humble_ws/install/franka_description/share/franka_description//mujoco/garmi/assets/meshes/panda/link2.obj
[0.106s] -- Up-to-date: /home/user/humble_ws/install/franka_description/share/franka_description//mujoco/garmi/assets/meshes/panda/link6.obj
[0.106s] -- Up-to-date: /home/user/humble_ws/install/franka_description/share/franka_description//mujoco/garmi/assets/meshes/panda/link7.obj
[0.106s] -- Up-to-date: /home/user/humble_ws/install/franka_description/share/franka_description//mujoco/garmi/assets/meshes/panda/link0.obj
[0.107s] -- Up-to-date: /home/user/humble_ws/install/franka_description/share/franka_description//mujoco/garmi/assets/meshes/panda/link5.obj
[0.107s] -- Up-to-date: /home/user/humble_ws/install/franka_description/share/franka_description//mujoco/garmi/assets/meshes/panda/hand.obj
[0.107s] -- Up-to-date: /home/user/humble_ws/install/franka_description/share/franka_description//mujoco/garmi/assets/meshes/panda/link1.obj
[0.107s] -- Up-to-date: /home/user/humble_ws/install/franka_description/share/franka_description//mujoco/garmi/assets/meshes/panda/link4.obj
[0.107s] -- Up-to-date: /home/user/humble_ws/install/franka_description/share/franka_description//mujoco/garmi/assets/meshes/panda/finger.obj
[0.107s] -- Up-to-date: /home/user/humble_ws/install/franka_description/share/franka_description//mujoco/garmi/assets/meshes/panda/link0.mtl
[0.107s] -- Up-to-date: /home/user/humble_ws/install/franka_description/share/franka_description//mujoco/garmi/assets/meshes/panda/link3.obj
[0.107s] -- Up-to-date: /home/user/humble_ws/install/franka_description/share/franka_description//mujoco/garmi/assets/meshes/garmi
[0.107s] -- Up-to-date: /home/user/humble_ws/install/franka_description/share/franka_description//mujoco/garmi/assets/meshes/garmi/tire.obj
[0.107s] -- Up-to-date: /home/user/humble_ws/install/franka_description/share/franka_description//mujoco/garmi/assets/meshes/garmi/wheel.obj
[0.107s] -- Up-to-date: /home/user/humble_ws/install/franka_description/share/franka_description//mujoco/garmi/assets/meshes/garmi/caster_wheel.obj
[0.107s] -- Up-to-date: /home/user/humble_ws/install/franka_description/share/franka_description//mujoco/garmi/assets/meshes/garmi/head.obj
[0.107s] -- Up-to-date: /home/user/humble_ws/install/franka_description/share/franka_description//mujoco/garmi/assets/meshes/garmi/head.mtl
[0.107s] -- Up-to-date: /home/user/humble_ws/install/franka_description/share/franka_description//mujoco/garmi/assets/meshes/garmi/visor.obj
[0.107s] -- Up-to-date: /home/user/humble_ws/install/franka_description/share/franka_description//mujoco/garmi/assets/meshes/garmi/inlet.obj
[0.107s] -- Up-to-date: /home/user/humble_ws/install/franka_description/share/franka_description//mujoco/garmi/assets/meshes/garmi/torso.obj
[0.107s] -- Up-to-date: /home/user/humble_ws/install/franka_description/share/franka_description//mujoco/garmi/assets/meshes/garmi/base.obj
[0.108s] -- Up-to-date: /home/user/humble_ws/install/franka_description/share/franka_description//mujoco/garmi/assets/meshes/temp
[0.108s] -- Up-to-date: /home/user/humble_ws/install/franka_description/share/franka_description//mujoco/garmi/assets/meshes/temp/11785_Necklace_l2.obj
[0.108s] -- Up-to-date: /home/user/humble_ws/install/franka_description/share/franka_description//mujoco/garmi/assets/meshes/temp/scale3.obj
[0.108s] -- Up-to-date: /home/user/humble_ws/install/franka_description/share/franka_description//mujoco/garmi/assets/meshes/temp/box.obj
[0.108s] -- Up-to-date: /home/user/humble_ws/install/franka_description/share/franka_description//mujoco/garmi/assets/meshes/temp/ elep.obj
[0.108s] -- Up-to-date: /home/user/humble_ws/install/franka_description/share/franka_description//mujoco/garmi/assets/meshes/temp/scale1.obj
[0.108s] -- Up-to-date: /home/user/humble_ws/install/franka_description/share/franka_description//mujoco/garmi/assets/meshes/temp/duck.obj
[0.108s] -- Up-to-date: /home/user/humble_ws/install/franka_description/share/franka_description//mujoco/garmi/assets/meshes/temp/.git
[0.108s] -- Up-to-date: /home/user/humble_ws/install/franka_description/share/franka_description//mujoco/garmi/assets/meshes/temp/.git/refs
[0.108s] -- Up-to-date: /home/user/humble_ws/install/franka_description/share/franka_description//mujoco/garmi/assets/meshes/temp/.git/refs/remotes
[0.108s] -- Up-to-date: /home/user/humble_ws/install/franka_description/share/franka_description//mujoco/garmi/assets/meshes/temp/.git/refs/remotes/origin
[0.109s] -- Up-to-date: /home/user/humble_ws/install/franka_description/share/franka_description//mujoco/garmi/assets/meshes/temp/.git/refs/remotes/origin/HEAD
[0.109s] -- Up-to-date: /home/user/humble_ws/install/franka_description/share/franka_description//mujoco/garmi/assets/meshes/temp/.git/refs/heads
[0.109s] -- Up-to-date: /home/user/humble_ws/install/franka_description/share/franka_description//mujoco/garmi/assets/meshes/temp/.git/refs/heads/main
[0.109s] -- Up-to-date: /home/user/humble_ws/install/franka_description/share/franka_description//mujoco/garmi/assets/meshes/temp/.git/refs/tags
[0.109s] -- Up-to-date: /home/user/humble_ws/install/franka_description/share/franka_description//mujoco/garmi/assets/meshes/temp/.git/hooks
[0.109s] -- Up-to-date: /home/user/humble_ws/install/franka_description/share/franka_description//mujoco/garmi/assets/meshes/temp/.git/hooks/commit-msg.sample
[0.109s] -- Up-to-date: /home/user/humble_ws/install/franka_description/share/franka_description//mujoco/garmi/assets/meshes/temp/.git/hooks/pre-push.sample
[0.109s] -- Up-to-date: /home/user/humble_ws/install/franka_description/share/franka_description//mujoco/garmi/assets/meshes/temp/.git/hooks/push-to-checkout.sample
[0.109s] -- Up-to-date: /home/user/humble_ws/install/franka_description/share/franka_description//mujoco/garmi/assets/meshes/temp/.git/hooks/pre-commit.sample
[0.109s] -- Up-to-date: /home/user/humble_ws/install/franka_description/share/franka_description//mujoco/garmi/assets/meshes/temp/.git/hooks/applypatch-msg.sample
[0.109s] -- Up-to-date: /home/user/humble_ws/install/franka_description/share/franka_description//mujoco/garmi/assets/meshes/temp/.git/hooks/pre-rebase.sample
[0.110s] -- Up-to-date: /home/user/humble_ws/install/franka_description/share/franka_description//mujoco/garmi/assets/meshes/temp/.git/hooks/post-update.sample
[0.110s] -- Up-to-date: /home/user/humble_ws/install/franka_description/share/franka_description//mujoco/garmi/assets/meshes/temp/.git/hooks/prepare-commit-msg.sample
[0.110s] -- Up-to-date: /home/user/humble_ws/install/franka_description/share/franka_description//mujoco/garmi/assets/meshes/temp/.git/hooks/pre-merge-commit.sample
[0.110s] -- Up-to-date: /home/user/humble_ws/install/franka_description/share/franka_description//mujoco/garmi/assets/meshes/temp/.git/hooks/update.sample
[0.110s] -- Up-to-date: /home/user/humble_ws/install/franka_description/share/franka_description//mujoco/garmi/assets/meshes/temp/.git/hooks/pre-receive.sample
[0.110s] -- Up-to-date: /home/user/humble_ws/install/franka_description/share/franka_description//mujoco/garmi/assets/meshes/temp/.git/hooks/fsmonitor-watchman.sample
[0.110s] -- Up-to-date: /home/user/humble_ws/install/franka_description/share/franka_description//mujoco/garmi/assets/meshes/temp/.git/hooks/pre-applypatch.sample
[0.110s] -- Up-to-date: /home/user/humble_ws/install/franka_description/share/franka_description//mujoco/garmi/assets/meshes/temp/.git/description
[0.110s] -- Up-to-date: /home/user/humble_ws/install/franka_description/share/franka_description//mujoco/garmi/assets/meshes/temp/.git/packed-refs
[0.110s] -- Up-to-date: /home/user/humble_ws/install/franka_description/share/franka_description//mujoco/garmi/assets/meshes/temp/.git/HEAD
[0.110s] -- Up-to-date: /home/user/humble_ws/install/franka_description/share/franka_description//mujoco/garmi/assets/meshes/temp/.git/branches
[0.110s] -- Up-to-date: /home/user/humble_ws/install/franka_description/share/franka_description//mujoco/garmi/assets/meshes/temp/.git/index
[0.110s] -- Up-to-date: /home/user/humble_ws/install/franka_description/share/franka_description//mujoco/garmi/assets/meshes/temp/.git/info
[0.110s] -- Up-to-date: /home/user/humble_ws/install/franka_description/share/franka_description//mujoco/garmi/assets/meshes/temp/.git/info/exclude
[0.111s] -- Up-to-date: /home/user/humble_ws/install/franka_description/share/franka_description//mujoco/garmi/assets/meshes/temp/.git/config
[0.111s] -- Up-to-date: /home/user/humble_ws/install/franka_description/share/franka_description//mujoco/garmi/assets/meshes/temp/.git/logs
[0.111s] -- Up-to-date: /home/user/humble_ws/install/franka_description/share/franka_description//mujoco/garmi/assets/meshes/temp/.git/logs/refs
[0.111s] -- Up-to-date: /home/user/humble_ws/install/franka_description/share/franka_description//mujoco/garmi/assets/meshes/temp/.git/logs/refs/remotes
[0.111s] -- Up-to-date: /home/user/humble_ws/install/franka_description/share/franka_description//mujoco/garmi/assets/meshes/temp/.git/logs/refs/remotes/origin
[0.111s] -- Up-to-date: /home/user/humble_ws/install/franka_description/share/franka_description//mujoco/garmi/assets/meshes/temp/.git/logs/refs/remotes/origin/HEAD
[0.111s] -- Up-to-date: /home/user/humble_ws/install/franka_description/share/franka_description//mujoco/garmi/assets/meshes/temp/.git/logs/refs/heads
[0.111s] -- Up-to-date: /home/user/humble_ws/install/franka_description/share/franka_description//mujoco/garmi/assets/meshes/temp/.git/logs/refs/heads/main
[0.111s] -- Up-to-date: /home/user/humble_ws/install/franka_description/share/franka_description//mujoco/garmi/assets/meshes/temp/.git/logs/HEAD
[0.111s] -- Up-to-date: /home/user/humble_ws/install/franka_description/share/franka_description//mujoco/garmi/assets/meshes/temp/.git/objects
[0.111s] -- Up-to-date: /home/user/humble_ws/install/franka_description/share/franka_description//mujoco/garmi/assets/meshes/temp/.git/objects/pack
[0.111s] -- Up-to-date: /home/user/humble_ws/install/franka_description/share/franka_description//mujoco/garmi/assets/meshes/temp/.git/objects/pack/pack-c8a77761a392b15d6ee925788667fccae8709181.pack
[0.111s] -- Up-to-date: /home/user/humble_ws/install/franka_description/share/franka_description//mujoco/garmi/assets/meshes/temp/.git/objects/pack/pack-c8a77761a392b15d6ee925788667fccae8709181.idx
[0.111s] -- Up-to-date: /home/user/humble_ws/install/franka_description/share/franka_description//mujoco/garmi/assets/meshes/temp/.git/objects/info
[0.111s] -- Up-to-date: /home/user/humble_ws/install/franka_description/share/franka_description//mujoco/garmi/assets/meshes/temp/plants2.obj
[0.113s] -- Up-to-date: /home/user/humble_ws/install/franka_description/share/franka_description//mujoco/garmi/assets/meshes/temp/plants1.obj
[0.113s] -- Up-to-date: /home/user/humble_ws/install/franka_description/share/franka_description//mujoco/garmi/assets/meshes/temp/compress_plant.obj
[0.113s] -- Up-to-date: /home/user/humble_ws/install/franka_description/share/franka_description//mujoco/garmi/assets/meshes/temp/scale2.obj
[0.113s] -- Up-to-date: /home/user/humble_ws/install/franka_description/share/franka_description//mujoco/garmi/assets/meshes/temp/plant.obj
[0.113s] -- Up-to-date: /home/user/humble_ws/install/franka_description/share/franka_description//mujoco/garmi/assets/meshes/temp/tscale.obj
[0.113s] -- Up-to-date: /home/user/humble_ws/install/franka_description/share/franka_description//mujoco/garmi/assets/temp
[0.113s] -- Up-to-date: /home/user/humble_ws/install/franka_description/share/franka_description//mujoco/garmi/assets/temp/box.obj
[0.113s] -- Up-to-date: /home/user/humble_ws/install/franka_description/share/franka_description//mujoco/garmi/assets/temp/.git
[0.113s] -- Up-to-date: /home/user/humble_ws/install/franka_description/share/franka_description//mujoco/garmi/assets/temp/.git/refs
[0.113s] -- Up-to-date: /home/user/humble_ws/install/franka_description/share/franka_description//mujoco/garmi/assets/temp/.git/refs/remotes
[0.113s] -- Up-to-date: /home/user/humble_ws/install/franka_description/share/franka_description//mujoco/garmi/assets/temp/.git/refs/remotes/origin
[0.114s] -- Up-to-date: /home/user/humble_ws/install/franka_description/share/franka_description//mujoco/garmi/assets/temp/.git/refs/remotes/origin/HEAD
[0.114s] -- Up-to-date: /home/user/humble_ws/install/franka_description/share/franka_description//mujoco/garmi/assets/temp/.git/refs/heads
[0.114s] -- Up-to-date: /home/user/humble_ws/install/franka_description/share/franka_description//mujoco/garmi/assets/temp/.git/refs/heads/main
[0.114s] -- Up-to-date: /home/user/humble_ws/install/franka_description/share/franka_description//mujoco/garmi/assets/temp/.git/refs/tags
[0.114s] -- Up-to-date: /home/user/humble_ws/install/franka_description/share/franka_description//mujoco/garmi/assets/temp/.git/hooks
[0.114s] -- Up-to-date: /home/user/humble_ws/install/franka_description/share/franka_description//mujoco/garmi/assets/temp/.git/hooks/commit-msg.sample
[0.115s] -- Up-to-date: /home/user/humble_ws/install/franka_description/share/franka_description//mujoco/garmi/assets/temp/.git/hooks/pre-push.sample
[0.115s] -- Up-to-date: /home/user/humble_ws/install/franka_description/share/franka_description//mujoco/garmi/assets/temp/.git/hooks/push-to-checkout.sample
[0.116s] -- Up-to-date: /home/user/humble_ws/install/franka_description/share/franka_description//mujoco/garmi/assets/temp/.git/hooks/pre-commit.sample
[0.116s] -- Up-to-date: /home/user/humble_ws/install/franka_description/share/franka_description//mujoco/garmi/assets/temp/.git/hooks/applypatch-msg.sample
[0.116s] -- Up-to-date: /home/user/humble_ws/install/franka_description/share/franka_description//mujoco/garmi/assets/temp/.git/hooks/pre-rebase.sample
[0.116s] -- Up-to-date: /home/user/humble_ws/install/franka_description/share/franka_description//mujoco/garmi/assets/temp/.git/hooks/post-update.sample
[0.116s] -- Up-to-date: /home/user/humble_ws/install/franka_description/share/franka_description//mujoco/garmi/assets/temp/.git/hooks/prepare-commit-msg.sample
[0.116s] -- Up-to-date: /home/user/humble_ws/install/franka_description/share/franka_description//mujoco/garmi/assets/temp/.git/hooks/pre-merge-commit.sample
[0.116s] -- Up-to-date: /home/user/humble_ws/install/franka_description/share/franka_description//mujoco/garmi/assets/temp/.git/hooks/update.sample
[0.116s] -- Up-to-date: /home/user/humble_ws/install/franka_description/share/franka_description//mujoco/garmi/assets/temp/.git/hooks/pre-receive.sample
[0.117s] -- Up-to-date: /home/user/humble_ws/install/franka_description/share/franka_description//mujoco/garmi/assets/temp/.git/hooks/fsmonitor-watchman.sample
[0.117s] -- Up-to-date: /home/user/humble_ws/install/franka_description/share/franka_description//mujoco/garmi/assets/temp/.git/hooks/pre-applypatch.sample
[0.117s] -- Up-to-date: /home/user/humble_ws/install/franka_description/share/franka_description//mujoco/garmi/assets/temp/.git/description
[0.117s] -- Up-to-date: /home/user/humble_ws/install/franka_description/share/franka_description//mujoco/garmi/assets/temp/.git/packed-refs
[0.117s] -- Up-to-date: /home/user/humble_ws/install/franka_description/share/franka_description//mujoco/garmi/assets/temp/.git/HEAD
[0.117s] -- Up-to-date: /home/user/humble_ws/install/franka_description/share/franka_description//mujoco/garmi/assets/temp/.git/branches
[0.117s] -- Up-to-date: /home/user/humble_ws/install/franka_description/share/franka_description//mujoco/garmi/assets/temp/.git/index
[0.117s] -- Up-to-date: /home/user/humble_ws/install/franka_description/share/franka_description//mujoco/garmi/assets/temp/.git/info
[0.117s] -- Up-to-date: /home/user/humble_ws/install/franka_description/share/franka_description//mujoco/garmi/assets/temp/.git/info/exclude
[0.117s] -- Up-to-date: /home/user/humble_ws/install/franka_description/share/franka_description//mujoco/garmi/assets/temp/.git/config
[0.117s] -- Up-to-date: /home/user/humble_ws/install/franka_description/share/franka_description//mujoco/garmi/assets/temp/.git/logs
[0.117s] -- Up-to-date: /home/user/humble_ws/install/franka_description/share/franka_description//mujoco/garmi/assets/temp/.git/logs/refs
[0.117s] -- Up-to-date: /home/user/humble_ws/install/franka_description/share/franka_description//mujoco/garmi/assets/temp/.git/logs/refs/remotes
[0.117s] -- Up-to-date: /home/user/humble_ws/install/franka_description/share/franka_description//mujoco/garmi/assets/temp/.git/logs/refs/remotes/origin
[0.117s] -- Up-to-date: /home/user/humble_ws/install/franka_description/share/franka_description//mujoco/garmi/assets/temp/.git/logs/refs/remotes/origin/HEAD
[0.117s] -- Up-to-date: /home/user/humble_ws/install/franka_description/share/franka_description//mujoco/garmi/assets/temp/.git/logs/refs/heads
[0.117s] -- Up-to-date: /home/user/humble_ws/install/franka_description/share/franka_description//mujoco/garmi/assets/temp/.git/logs/refs/heads/main
[0.118s] -- Up-to-date: /home/user/humble_ws/install/franka_description/share/franka_description//mujoco/garmi/assets/temp/.git/logs/HEAD
[0.118s] -- Up-to-date: /home/user/humble_ws/install/franka_description/share/franka_description//mujoco/garmi/assets/temp/.git/objects
[0.118s] -- Up-to-date: /home/user/humble_ws/install/franka_description/share/franka_description//mujoco/garmi/assets/temp/.git/objects/pack
[0.118s] -- Up-to-date: /home/user/humble_ws/install/franka_description/share/franka_description//mujoco/garmi/assets/temp/.git/objects/pack/pack-a3d3441a1ae27d841a0e672bcae49f49546e040e.pack
[0.118s] -- Up-to-date: /home/user/humble_ws/install/franka_description/share/franka_description//mujoco/garmi/assets/temp/.git/objects/pack/pack-a3d3441a1ae27d841a0e672bcae49f49546e040e.idx
[0.118s] -- Up-to-date: /home/user/humble_ws/install/franka_description/share/franka_description//mujoco/garmi/assets/temp/.git/objects/info
[0.118s] -- Up-to-date: /home/user/humble_ws/install/franka_description/share/ament_index/resource_index/package_run_dependencies/franka_description
[0.118s] -- Up-to-date: /home/user/humble_ws/install/franka_description/share/ament_index/resource_index/parent_prefix_path/franka_description
[0.118s] -- Up-to-date: /home/user/humble_ws/install/franka_description/share/franka_description/environment/ament_prefix_path.sh
[0.118s] -- Up-to-date: /home/user/humble_ws/install/franka_description/share/franka_description/environment/ament_prefix_path.dsv
[0.118s] -- Up-to-date: /home/user/humble_ws/install/franka_description/share/franka_description/environment/path.sh
[0.118s] -- Up-to-date: /home/user/humble_ws/install/franka_description/share/franka_description/environment/path.dsv
[0.118s] -- Up-to-date: /home/user/humble_ws/install/franka_description/share/franka_description/local_setup.bash
[0.118s] -- Up-to-date: /home/user/humble_ws/install/franka_description/share/franka_description/local_setup.sh
[0.118s] -- Up-to-date: /home/user/humble_ws/install/franka_description/share/franka_description/local_setup.zsh
[0.119s] -- Up-to-date: /home/user/humble_ws/install/franka_description/share/franka_description/local_setup.dsv
[0.119s] -- Installing: /home/user/humble_ws/install/franka_description/share/franka_description/package.dsv
[0.119s] -- Up-to-date: /home/user/humble_ws/install/franka_description/share/ament_index/resource_index/packages/franka_description
[0.119s] -- Up-to-date: /home/user/humble_ws/install/franka_description/share/franka_description/cmake/franka_descriptionConfig.cmake
[0.119s] -- Up-to-date: /home/user/humble_ws/install/franka_description/share/franka_description/cmake/franka_descriptionConfig-version.cmake
[0.119s] -- Up-to-date: /home/user/humble_ws/install/franka_description/share/franka_description/package.xml
[0.119s] Invoked command in '/home/user/humble_ws/build/franka_description' returned '0': CMAKE_PREFIX_PATH=${CMAKE_PREFIX_PATH}:/opt/ros/humble /usr/bin/cmake --install /home/user/humble_ws/build/franka_description
