In file included from /home/user/humble_ws/src/bimanual_architecture/franka_multi_mode_controller/panda_motion_generators/include/panda_motion_generators/base/dq_c1_cartesian_motion_generator.h:5,
                 from /home/user/humble_ws/src/bimanual_architecture/franka_multi_mode_controller/panda_motion_generators/include/panda_motion_generators/motion_generators/panda_dq_c1_cartesian_motion_generator.h:3,
                 from /home/user/humble_ws/src/bimanual_architecture/franka_multi_mode_controller/panda_motion_generators/src/panda_dq_c1_cartesian_motion_generator.cpp:1:
/home/user/humble_ws/src/bimanual_architecture/franka_multi_mode_controller/panda_motion_generators/include/panda_motion_generators/base/dq_c1_cartesian_motion_generator_base.h: In member function ‘virtual bool panda_motion_generators::DqC1CartesianMotionGeneratorBase::generateTrajectoryImpl(std::vector<double>&, const std::vector<DQ_robotics::DQ, std::allocator<DQ_robotics::DQ> >&, const double&)’:
/home/user/humble_ws/src/bimanual_architecture/franka_multi_mode_controller/panda_motion_generators/include/panda_motion_generators/base/dq_c1_cartesian_motion_generator_base.h:34:19: warning: comparison of integer expressions of different signedness: ‘int’ and ‘std::vector<DQ_robotics::DQ, std::allocator<DQ_robotics::DQ> >::size_type’ {aka ‘long unsigned int’} [-Wsign-compare]
   34 |     for (int i=0;i<via_poses.size();++i) {
      |                  ~^~~~~~~~~~~~~~~~~
In file included from /home/user/humble_ws/src/bimanual_architecture/franka_multi_mode_controller/panda_motion_generators/include/panda_motion_generators/base/motion_generator_ros_interface.h:13,
                 from /home/user/humble_ws/src/bimanual_architecture/franka_multi_mode_controller/panda_motion_generators/include/panda_motion_generators/base/dq_c1_cartesian_motion_generator.h:6,
                 from /home/user/humble_ws/src/bimanual_architecture/franka_multi_mode_controller/panda_motion_generators/include/panda_motion_generators/motion_generators/panda_dq_c1_cartesian_motion_generator.h:3,
                 from /home/user/humble_ws/src/bimanual_architecture/franka_multi_mode_controller/panda_motion_generators/src/panda_dq_c1_cartesian_motion_generator.cpp:1:
/home/user/humble_ws/install/multi_mode_controller/include/multi_mode_controller/utils/sync_service_client.hpp: In instantiation of ‘bool panda_controllers::ExecutorNode<ServiceType>::callWithTimeout(typename ServiceType::Request::SharedPtr&, typename ServiceType::Response::SharedPtr&, double) [with ServiceType = multi_mode_control_msgs::srv::GetRobotStates; typename ServiceType::Request::SharedPtr = std::shared_ptr<multi_mode_control_msgs::srv::GetRobotStates_Request_<std::allocator<void> > >; typename ServiceType::Request = multi_mode_control_msgs::srv::GetRobotStates_Request_<std::allocator<void> >; typename ServiceType::Response::SharedPtr = std::shared_ptr<multi_mode_control_msgs::srv::GetRobotStates_Response_<std::allocator<void> > >; typename ServiceType::Response = multi_mode_control_msgs::srv::GetRobotStates_Response_<std::allocator<void> >]’:
/home/user/humble_ws/src/bimanual_architecture/franka_multi_mode_controller/panda_motion_generators/src/panda_dq_c1_cartesian_motion_generator.cpp:57:49:   required from here
/home/user/humble_ws/install/multi_mode_controller/include/multi_mode_controller/utils/sync_service_client.hpp:31:67: warning: ‘rclcpp::Client<ServiceT>::FutureAndRequestId::operator rclcpp::Client<ServiceT>::SharedFuture() [with ServiceT = multi_mode_control_msgs::srv::GetRobotStates; rclcpp::Client<ServiceT>::SharedFuture = std::shared_future<std::shared_ptr<multi_mode_control_msgs::srv::GetRobotStates_Response_<std::allocator<void> > > >]’ is deprecated: FutureAndRequestId: use .future.share() instead of an implicit conversion [-Wdeprecated-declarations]
   31 |     std::shared_future<typename ServiceType::Response::SharedPtr> res_future =
      |                                                                   ^~~~~~~~~~
In file included from /opt/ros/humble/include/rclcpp/rclcpp/callback_group.hpp:24,
                 from /opt/ros/humble/include/rclcpp/rclcpp/any_executable.hpp:20,
                 from /opt/ros/humble/include/rclcpp/rclcpp/memory_strategy.hpp:25,
                 from /opt/ros/humble/include/rclcpp/rclcpp/memory_strategies.hpp:18,
                 from /opt/ros/humble/include/rclcpp/rclcpp/executor_options.hpp:20,
                 from /opt/ros/humble/include/rclcpp/rclcpp/executor.hpp:37,
                 from /opt/ros/humble/include/rclcpp/rclcpp/executors/multi_threaded_executor.hpp:25,
                 from /opt/ros/humble/include/rclcpp/rclcpp/executors.hpp:21,
                 from /opt/ros/humble/include/rclcpp/rclcpp/rclcpp.hpp:155,
                 from /home/user/humble_ws/src/bimanual_architecture/franka_multi_mode_controller/panda_motion_generators/include/panda_motion_generators/base/motion_generator_ros_interface.h:6,
                 from /home/user/humble_ws/src/bimanual_architecture/franka_multi_mode_controller/panda_motion_generators/include/panda_motion_generators/base/dq_c1_cartesian_motion_generator.h:6,
                 from /home/user/humble_ws/src/bimanual_architecture/franka_multi_mode_controller/panda_motion_generators/include/panda_motion_generators/motion_generators/panda_dq_c1_cartesian_motion_generator.h:3,
                 from /home/user/humble_ws/src/bimanual_architecture/franka_multi_mode_controller/panda_motion_generators/src/panda_dq_c1_cartesian_motion_generator.cpp:1:
/opt/ros/humble/include/rclcpp/rclcpp/client.hpp:415:5: note: declared here
  415 |     operator SharedFuture() {return this->future.share();}
      |     ^~~~~~~~
In file included from /home/user/humble_ws/src/bimanual_architecture/franka_multi_mode_controller/panda_motion_generators/include/panda_motion_generators/base/motion_generator_ros_interface.h:13,
                 from /home/user/humble_ws/src/bimanual_architecture/franka_multi_mode_controller/panda_motion_generators/include/panda_motion_generators/base/dq_c1_cartesian_motion_generator.h:6,
                 from /home/user/humble_ws/src/bimanual_architecture/franka_multi_mode_controller/panda_motion_generators/include/panda_motion_generators/motion_generators/panda_dq_c1_cartesian_motion_generator.h:3,
                 from /home/user/humble_ws/src/bimanual_architecture/franka_multi_mode_controller/panda_motion_generators/src/panda_dq_c1_cartesian_motion_generator.cpp:1:
/home/user/humble_ws/install/multi_mode_controller/include/multi_mode_controller/utils/sync_service_client.hpp: In instantiation of ‘bool panda_controllers::ExecutorNode<ServiceType>::callWithTimeout(typename ServiceType::Request::SharedPtr&, typename ServiceType::Response::SharedPtr&, double) [with ServiceType = multi_mode_control_msgs::srv::SetControllers; typename ServiceType::Request::SharedPtr = std::shared_ptr<multi_mode_control_msgs::srv::SetControllers_Request_<std::allocator<void> > >; typename ServiceType::Request = multi_mode_control_msgs::srv::SetControllers_Request_<std::allocator<void> >; typename ServiceType::Response::SharedPtr = std::shared_ptr<multi_mode_control_msgs::srv::SetControllers_Response_<std::allocator<void> > >; typename ServiceType::Response = multi_mode_control_msgs::srv::SetControllers_Response_<std::allocator<void> >]’:
/home/user/humble_ws/src/bimanual_architecture/franka_multi_mode_controller/panda_motion_generators/src/panda_dq_c1_cartesian_motion_generator.cpp:82:46:   required from here
/home/user/humble_ws/install/multi_mode_controller/include/multi_mode_controller/utils/sync_service_client.hpp:31:67: warning: ‘rclcpp::Client<ServiceT>::FutureAndRequestId::operator rclcpp::Client<ServiceT>::SharedFuture() [with ServiceT = multi_mode_control_msgs::srv::SetControllers; rclcpp::Client<ServiceT>::SharedFuture = std::shared_future<std::shared_ptr<multi_mode_control_msgs::srv::SetControllers_Response_<std::allocator<void> > > >]’ is deprecated: FutureAndRequestId: use .future.share() instead of an implicit conversion [-Wdeprecated-declarations]
   31 |     std::shared_future<typename ServiceType::Response::SharedPtr> res_future =
      |                                                                   ^~~~~~~~~~
In file included from /opt/ros/humble/include/rclcpp/rclcpp/callback_group.hpp:24,
                 from /opt/ros/humble/include/rclcpp/rclcpp/any_executable.hpp:20,
                 from /opt/ros/humble/include/rclcpp/rclcpp/memory_strategy.hpp:25,
                 from /opt/ros/humble/include/rclcpp/rclcpp/memory_strategies.hpp:18,
                 from /opt/ros/humble/include/rclcpp/rclcpp/executor_options.hpp:20,
                 from /opt/ros/humble/include/rclcpp/rclcpp/executor.hpp:37,
                 from /opt/ros/humble/include/rclcpp/rclcpp/executors/multi_threaded_executor.hpp:25,
                 from /opt/ros/humble/include/rclcpp/rclcpp/executors.hpp:21,
                 from /opt/ros/humble/include/rclcpp/rclcpp/rclcpp.hpp:155,
                 from /home/user/humble_ws/src/bimanual_architecture/franka_multi_mode_controller/panda_motion_generators/include/panda_motion_generators/base/motion_generator_ros_interface.h:6,
                 from /home/user/humble_ws/src/bimanual_architecture/franka_multi_mode_controller/panda_motion_generators/include/panda_motion_generators/base/dq_c1_cartesian_motion_generator.h:6,
                 from /home/user/humble_ws/src/bimanual_architecture/franka_multi_mode_controller/panda_motion_generators/include/panda_motion_generators/motion_generators/panda_dq_c1_cartesian_motion_generator.h:3,
                 from /home/user/humble_ws/src/bimanual_architecture/franka_multi_mode_controller/panda_motion_generators/src/panda_dq_c1_cartesian_motion_generator.cpp:1:
/opt/ros/humble/include/rclcpp/rclcpp/client.hpp:415:5: note: declared here
  415 |     operator SharedFuture() {return this->future.share();}
      |     ^~~~~~~~
In file included from /home/user/humble_ws/src/bimanual_architecture/franka_multi_mode_controller/panda_motion_generators/include/panda_motion_generators/base/dq_c1_cartesian_motion_generator.h:6,
                 from /home/user/humble_ws/src/bimanual_architecture/franka_multi_mode_controller/panda_motion_generators/include/panda_motion_generators/motion_generators/panda_dq_c1_cartesian_motion_generator.h:3,
                 from /home/user/humble_ws/src/bimanual_architecture/franka_multi_mode_controller/panda_motion_generators/src/panda_dq_c1_cartesian_motion_generator.cpp:1:
/home/user/humble_ws/src/bimanual_architecture/franka_multi_mode_controller/panda_motion_generators/include/panda_motion_generators/base/motion_generator_ros_interface.h: In instantiation of ‘panda_motion_generators::MotionGeneratorRosInterface<ViaPose, ControlGoal, Config, ControlGoalMsg, Action>::MotionGeneratorRosInterface(std::string, std::string, std::string, std::string) [with ViaPose = DQ_robotics::DQ; ControlGoal = panda_motion_generators::CartesianGoal; Config = double; ControlGoalMsg = multi_mode_control_msgs::msg::CartesianImpedanceGoal_<std::allocator<void> >; Action = panda_motion_generator_msgs::action::CartesianViaMotion; std::string = std::__cxx11::basic_string<char>]’:
/home/user/humble_ws/src/bimanual_architecture/franka_multi_mode_controller/panda_motion_generators/include/panda_motion_generators/base/dq_c1_cartesian_motion_generator.h:143:105:   required from ‘panda_motion_generators::DqC1CartesianMotionGenerator<CartesianGoalMsg>::DqC1CartesianMotionGenerator(const string&, const string&, const string&, const string&, const double&, const double&) [with CartesianGoalMsg = multi_mode_control_msgs::msg::CartesianImpedanceGoal_<std::allocator<void> >; std::string = std::__cxx11::basic_string<char>]’
/home/user/humble_ws/src/bimanual_architecture/franka_multi_mode_controller/panda_motion_generators/src/panda_dq_c1_cartesian_motion_generator.cpp:35:43:   required from here
/home/user/humble_ws/src/bimanual_architecture/franka_multi_mode_controller/panda_motion_generators/include/panda_motion_generators/base/motion_generator_ros_interface.h:88:81: warning: ‘panda_motion_generators::MotionGeneratorRosInterface<DQ_robotics::DQ, panda_motion_generators::CartesianGoal, double, multi_mode_control_msgs::msg::CartesianImpedanceGoal_<std::allocator<void> >, panda_motion_generator_msgs::action::CartesianViaMotion>::get_robot_state_node_’ will be initialized after [-Wreorder]
   88 |   panda_controllers::ExecutorNode<multi_mode_control_msgs::srv::GetRobotStates> get_robot_state_node_; // for getting robot state
      |                                                                                 ^~~~~~~~~~~~~~~~~~~~~
/home/user/humble_ws/src/bimanual_architecture/franka_multi_mode_controller/panda_motion_generators/include/panda_motion_generators/base/motion_generator_ros_interface.h:87:81: warning:   ‘panda_controllers::ExecutorNode<multi_mode_control_msgs::srv::SetControllers> panda_motion_generators::MotionGeneratorRosInterface<DQ_robotics::DQ, panda_motion_generators::CartesianGoal, double, multi_mode_control_msgs::msg::CartesianImpedanceGoal_<std::allocator<void> >, panda_motion_generator_msgs::action::CartesianViaMotion>::set_controllers_node_’ [-Wreorder]
   87 |   panda_controllers::ExecutorNode<multi_mode_control_msgs::srv::SetControllers> set_controllers_node_; // for setting controllers
      |                                                                                 ^~~~~~~~~~~~~~~~~~~~~
In file included from /home/user/humble_ws/src/bimanual_architecture/franka_multi_mode_controller/panda_motion_generators/include/panda_motion_generators/base/dq_c1_cartesian_motion_generator.h:6,
                 from /home/user/humble_ws/src/bimanual_architecture/franka_multi_mode_controller/panda_motion_generators/include/panda_motion_generators/motion_generators/panda_dq_c1_cartesian_motion_generator.h:3,
                 from /home/user/humble_ws/src/bimanual_architecture/franka_multi_mode_controller/panda_motion_generators/src/panda_dq_c1_cartesian_motion_generator.cpp:1:
/home/user/humble_ws/src/bimanual_architecture/franka_multi_mode_controller/panda_motion_generators/include/panda_motion_generators/base/motion_generator_ros_interface.h:49:3: warning:   when initialized here [-Wreorder]
   49 |   MotionGeneratorRosInterface(std::string action_name,
      |   ^~~~~~~~~~~~~~~~~~~~~~~~~~~
In file included from /home/user/humble_ws/src/bimanual_architecture/franka_multi_mode_controller/panda_motion_generators/include/panda_motion_generators/base/motion_generator_ros_interface.h:13,
                 from /home/user/humble_ws/src/bimanual_architecture/franka_multi_mode_controller/panda_motion_generators/include/panda_motion_generators/base/dq_c1_cartesian_motion_generator.h:6,
                 from /home/user/humble_ws/src/bimanual_architecture/franka_multi_mode_controller/panda_motion_generators/include/panda_motion_generators/motion_generators/panda_dq_c1_cartesian_motion_generator.h:3,
                 from /home/user/humble_ws/src/bimanual_architecture/franka_multi_mode_controller/panda_motion_generators/src/panda_dq_c1_cartesian_motion_generator.cpp:1:
/home/user/humble_ws/install/multi_mode_controller/include/multi_mode_controller/utils/sync_service_client.hpp: In instantiation of ‘panda_controllers::ExecutorNode<ServiceType>::ExecutorNode(const string&) [with ServiceType = multi_mode_control_msgs::srv::SetControllers; std::string = std::__cxx11::basic_string<char>]’:
/home/user/humble_ws/src/bimanual_architecture/franka_multi_mode_controller/panda_motion_generators/include/panda_motion_generators/base/motion_generator_ros_interface.h:53:64:   required from ‘panda_motion_generators::MotionGeneratorRosInterface<ViaPose, ControlGoal, Config, ControlGoalMsg, Action>::MotionGeneratorRosInterface(std::string, std::string, std::string, std::string) [with ViaPose = DQ_robotics::DQ; ControlGoal = panda_motion_generators::CartesianGoal; Config = double; ControlGoalMsg = multi_mode_control_msgs::msg::CartesianImpedanceGoal_<std::allocator<void> >; Action = panda_motion_generator_msgs::action::CartesianViaMotion; std::string = std::__cxx11::basic_string<char>]’
/home/user/humble_ws/src/bimanual_architecture/franka_multi_mode_controller/panda_motion_generators/include/panda_motion_generators/base/dq_c1_cartesian_motion_generator.h:143:105:   required from ‘panda_motion_generators::DqC1CartesianMotionGenerator<CartesianGoalMsg>::DqC1CartesianMotionGenerator(const string&, const string&, const string&, const string&, const double&, const double&) [with CartesianGoalMsg = multi_mode_control_msgs::msg::CartesianImpedanceGoal_<std::allocator<void> >; std::string = std::__cxx11::basic_string<char>]’
/home/user/humble_ws/src/bimanual_architecture/franka_multi_mode_controller/panda_motion_generators/src/panda_dq_c1_cartesian_motion_generator.cpp:35:43:   required from here
/home/user/humble_ws/install/multi_mode_controller/include/multi_mode_controller/utils/sync_service_client.hpp:49:15: warning: ‘panda_controllers::ExecutorNode<multi_mode_control_msgs::srv::SetControllers>::service_name_’ will be initialized after [-Wreorder]
   49 |   std::string service_name_;
      |               ^~~~~~~~~~~~~
/home/user/humble_ws/install/multi_mode_controller/include/multi_mode_controller/utils/sync_service_client.hpp:16:44: warning:   base ‘rclcpp::Node’ [-Wreorder]
   16 |             service_name + "_executor_node") {
      |                                            ^
/home/user/humble_ws/install/multi_mode_controller/include/multi_mode_controller/utils/sync_service_client.hpp:13:3: warning:   when initialized here [-Wreorder]
   13 |   ExecutorNode(const std::string& service_name) : service_name_(service_name),
      |   ^~~~~~~~~~~~
/home/user/humble_ws/install/multi_mode_controller/include/multi_mode_controller/utils/sync_service_client.hpp: In instantiation of ‘panda_controllers::ExecutorNode<ServiceType>::ExecutorNode(const string&) [with ServiceType = multi_mode_control_msgs::srv::GetRobotStates; std::string = std::__cxx11::basic_string<char>]’:
/home/user/humble_ws/src/bimanual_architecture/franka_multi_mode_controller/panda_motion_generators/include/panda_motion_generators/base/motion_generator_ros_interface.h:52:64:   required from ‘panda_motion_generators::MotionGeneratorRosInterface<ViaPose, ControlGoal, Config, ControlGoalMsg, Action>::MotionGeneratorRosInterface(std::string, std::string, std::string, std::string) [with ViaPose = DQ_robotics::DQ; ControlGoal = panda_motion_generators::CartesianGoal; Config = double; ControlGoalMsg = multi_mode_control_msgs::msg::CartesianImpedanceGoal_<std::allocator<void> >; Action = panda_motion_generator_msgs::action::CartesianViaMotion; std::string = std::__cxx11::basic_string<char>]’
/home/user/humble_ws/src/bimanual_architecture/franka_multi_mode_controller/panda_motion_generators/include/panda_motion_generators/base/dq_c1_cartesian_motion_generator.h:143:105:   required from ‘panda_motion_generators::DqC1CartesianMotionGenerator<CartesianGoalMsg>::DqC1CartesianMotionGenerator(const string&, const string&, const string&, const string&, const double&, const double&) [with CartesianGoalMsg = multi_mode_control_msgs::msg::CartesianImpedanceGoal_<std::allocator<void> >; std::string = std::__cxx11::basic_string<char>]’
/home/user/humble_ws/src/bimanual_architecture/franka_multi_mode_controller/panda_motion_generators/src/panda_dq_c1_cartesian_motion_generator.cpp:35:43:   required from here
/home/user/humble_ws/install/multi_mode_controller/include/multi_mode_controller/utils/sync_service_client.hpp:49:15: warning: ‘panda_controllers::ExecutorNode<multi_mode_control_msgs::srv::GetRobotStates>::service_name_’ will be initialized after [-Wreorder]
   49 |   std::string service_name_;
      |               ^~~~~~~~~~~~~
/home/user/humble_ws/install/multi_mode_controller/include/multi_mode_controller/utils/sync_service_client.hpp:16:44: warning:   base ‘rclcpp::Node’ [-Wreorder]
   16 |             service_name + "_executor_node") {
      |                                            ^
/home/user/humble_ws/install/multi_mode_controller/include/multi_mode_controller/utils/sync_service_client.hpp:13:3: warning:   when initialized here [-Wreorder]
   13 |   ExecutorNode(const std::string& service_name) : service_name_(service_name),
      |   ^~~~~~~~~~~~
In file included from /home/user/humble_ws/src/bimanual_architecture/franka_multi_mode_controller/panda_motion_generators/include/panda_motion_generators/base/dq_c1_cartesian_motion_generator.h:6,
                 from /home/user/humble_ws/src/bimanual_architecture/franka_multi_mode_controller/panda_motion_generators/include/panda_motion_generators/motion_generators/panda_dq_c1_cartesian_motion_generator.h:3,
                 from /home/user/humble_ws/src/bimanual_architecture/franka_multi_mode_controller/panda_motion_generators/src/panda_dq_c1_cartesian_motion_generator.cpp:1:
/home/user/humble_ws/src/bimanual_architecture/franka_multi_mode_controller/panda_motion_generators/include/panda_motion_generators/base/motion_generator_ros_interface.h: In instantiation of ‘std::string panda_motion_generators::MotionGeneratorRosInterface<ViaPose, ControlGoal, Config, ControlGoalMsg, Action>::printGoal(std::shared_ptr<const typename Action::Goal>&) [with ViaPose = DQ_robotics::DQ; ControlGoal = panda_motion_generators::CartesianGoal; Config = double; ControlGoalMsg = multi_mode_control_msgs::msg::CartesianImpedanceGoal_<std::allocator<void> >; Action = panda_motion_generator_msgs::action::CartesianViaMotion; std::string = std::__cxx11::basic_string<char>; typename Action::Goal = panda_motion_generator_msgs::action::CartesianViaMotion_Goal_<std::allocator<void> >]’:
/home/user/humble_ws/src/bimanual_architecture/franka_multi_mode_controller/panda_motion_generators/include/panda_motion_generators/base/motion_generator_ros_interface.h:127:5:   required from ‘rclcpp_action::GoalResponse panda_motion_generators::MotionGeneratorRosInterface<ViaPose, ControlGoal, Config, ControlGoalMsg, Action>::handle_goal(const GoalUUID&, std::shared_ptr<const typename Action::Goal>) [with ViaPose = DQ_robotics::DQ; ControlGoal = panda_motion_generators::CartesianGoal; Config = double; ControlGoalMsg = multi_mode_control_msgs::msg::CartesianImpedanceGoal_<std::allocator<void> >; Action = panda_motion_generator_msgs::action::CartesianViaMotion; rclcpp_action::GoalUUID = std::array<unsigned char, 16>; typename Action::Goal = panda_motion_generator_msgs::action::CartesianViaMotion_Goal_<std::allocator<void> >]’
/home/user/humble_ws/src/bimanual_architecture/franka_multi_mode_controller/panda_motion_generators/include/panda_motion_generators/base/motion_generator_ros_interface.h:70:17:   required from ‘panda_motion_generators::MotionGeneratorRosInterface<ViaPose, ControlGoal, Config, ControlGoalMsg, Action>::MotionGeneratorRosInterface(std::string, std::string, std::string, std::string) [with ViaPose = DQ_robotics::DQ; ControlGoal = panda_motion_generators::CartesianGoal; Config = double; ControlGoalMsg = multi_mode_control_msgs::msg::CartesianImpedanceGoal_<std::allocator<void> >; Action = panda_motion_generator_msgs::action::CartesianViaMotion; std::string = std::__cxx11::basic_string<char>]’
/home/user/humble_ws/src/bimanual_architecture/franka_multi_mode_controller/panda_motion_generators/include/panda_motion_generators/base/dq_c1_cartesian_motion_generator.h:143:105:   required from ‘panda_motion_generators::DqC1CartesianMotionGenerator<CartesianGoalMsg>::DqC1CartesianMotionGenerator(const string&, const string&, const string&, const string&, const double&, const double&) [with CartesianGoalMsg = multi_mode_control_msgs::msg::CartesianImpedanceGoal_<std::allocator<void> >; std::string = std::__cxx11::basic_string<char>]’
/home/user/humble_ws/src/bimanual_architecture/franka_multi_mode_controller/panda_motion_generators/src/panda_dq_c1_cartesian_motion_generator.cpp:35:43:   required from here
/home/user/humble_ws/src/bimanual_architecture/franka_multi_mode_controller/panda_motion_generators/include/panda_motion_generators/base/motion_generator_ros_interface.h:298:74: warning: unused parameter ‘goal’ [-Wunused-parameter]
  298 |   virtual std::string printGoal(shared_ptr<const typename Action::Goal>& goal) {
      |                                 ~~~~~~~~~~~~~~~~~~~~~~~~~~~~~~~~~~~~~~~~~^~~~
/home/user/humble_ws/src/bimanual_architecture/franka_multi_mode_controller/panda_motion_generators/include/panda_motion_generators/base/motion_generator_ros_interface.h: In instantiation of ‘bool panda_motion_generators::MotionGeneratorRosInterface<ViaPose, ControlGoal, Config, ControlGoalMsg, Action>::updateState(std::shared_ptr<rclcpp_action::ServerGoalHandle<Action> >) [with ViaPose = DQ_robotics::DQ; ControlGoal = panda_motion_generators::CartesianGoal; Config = double; ControlGoalMsg = multi_mode_control_msgs::msg::CartesianImpedanceGoal_<std::allocator<void> >; Action = panda_motion_generator_msgs::action::CartesianViaMotion]’:
/home/user/humble_ws/src/bimanual_architecture/franka_multi_mode_controller/panda_motion_generators/include/panda_motion_generators/base/motion_generator_ros_interface.h:206:12:   required from ‘void panda_motion_generators::MotionGeneratorRosInterface<ViaPose, ControlGoal, Config, ControlGoalMsg, Action>::executeGoal(std::shared_ptr<rclcpp_action::ServerGoalHandle<Action> >) [with ViaPose = DQ_robotics::DQ; ControlGoal = panda_motion_generators::CartesianGoal; Config = double; ControlGoalMsg = multi_mode_control_msgs::msg::CartesianImpedanceGoal_<std::allocator<void> >; Action = panda_motion_generator_msgs::action::CartesianViaMotion]’
/home/user/humble_ws/src/bimanual_architecture/franka_multi_mode_controller/panda_motion_generators/include/panda_motion_generators/base/motion_generator_ros_interface.h:178:27:   required from ‘void panda_motion_generators::MotionGeneratorRosInterface<ViaPose, ControlGoal, Config, ControlGoalMsg, Action>::handle_accepted(std::shared_ptr<rclcpp_action::ServerGoalHandle<Action> >) [with ViaPose = DQ_robotics::DQ; ControlGoal = panda_motion_generators::CartesianGoal; Config = double; ControlGoalMsg = multi_mode_control_msgs::msg::CartesianImpedanceGoal_<std::allocator<void> >; Action = panda_motion_generator_msgs::action::CartesianViaMotion]’
/home/user/humble_ws/src/bimanual_architecture/franka_multi_mode_controller/panda_motion_generators/include/panda_motion_generators/base/motion_generator_ros_interface.h:72:17:   required from ‘panda_motion_generators::MotionGeneratorRosInterface<ViaPose, ControlGoal, Config, ControlGoalMsg, Action>::MotionGeneratorRosInterface(std::string, std::string, std::string, std::string) [with ViaPose = DQ_robotics::DQ; ControlGoal = panda_motion_generators::CartesianGoal; Config = double; ControlGoalMsg = multi_mode_control_msgs::msg::CartesianImpedanceGoal_<std::allocator<void> >; Action = panda_motion_generator_msgs::action::CartesianViaMotion; std::string = std::__cxx11::basic_string<char>]’
/home/user/humble_ws/src/bimanual_architecture/franka_multi_mode_controller/panda_motion_generators/include/panda_motion_generators/base/dq_c1_cartesian_motion_generator.h:143:105:   required from ‘panda_motion_generators::DqC1CartesianMotionGenerator<CartesianGoalMsg>::DqC1CartesianMotionGenerator(const string&, const string&, const string&, const string&, const double&, const double&) [with CartesianGoalMsg = multi_mode_control_msgs::msg::CartesianImpedanceGoal_<std::allocator<void> >; std::string = std::__cxx11::basic_string<char>]’
/home/user/humble_ws/src/bimanual_architecture/franka_multi_mode_controller/panda_motion_generators/src/panda_dq_c1_cartesian_motion_generator.cpp:35:43:   required from here
/home/user/humble_ws/src/bimanual_architecture/franka_multi_mode_controller/panda_motion_generators/include/panda_motion_generators/base/motion_generator_ros_interface.h:257:5: warning: enumeration value ‘RECOVERY’ not handled in switch [-Wswitch]
  257 |     switch (state_) {
      |     ^~~~~~
/home/user/humble_ws/src/bimanual_architecture/franka_multi_mode_controller/panda_motion_generators/include/panda_motion_generators/base/motion_generator_ros_interface.h:257:5: warning: enumeration value ‘WAIT_FOR_RECOVERY’ not handled in switch [-Wswitch]
In file included from /home/user/humble_ws/src/bimanual_architecture/franka_multi_mode_controller/panda_motion_generators/include/panda_motion_generators/base/dq_c1_cartesian_motion_generator_base.h:9,
                 from /home/user/humble_ws/src/bimanual_architecture/franka_multi_mode_controller/panda_motion_generators/include/panda_motion_generators/base/dq_c1_cartesian_motion_generator.h:5,
                 from /home/user/humble_ws/src/bimanual_architecture/franka_multi_mode_controller/panda_motion_generators/include/panda_motion_generators/motion_generators/panda_dq_c1_cartesian_motion_generator.h:3,
                 from /home/user/humble_ws/src/bimanual_architecture/franka_multi_mode_controller/panda_motion_generators/src/panda_dq_c1_cartesian_motion_generator.cpp:1:
/home/user/humble_ws/src/bimanual_architecture/franka_multi_mode_controller/panda_motion_generators/include/panda_motion_generators/base/motion_generator_base.h: In instantiation of ‘bool panda_motion_generators::MotionGeneratorBase<ViaPose, ControlGoal, Config>::step(const bool&, ControlGoal&, double&, double&) [with ViaPose = DQ_robotics::DQ; ControlGoal = panda_motion_generators::CartesianGoal; Config = double]’:
/home/user/humble_ws/src/bimanual_architecture/franka_multi_mode_controller/panda_motion_generators/include/panda_motion_generators/base/motion_generator_ros_interface.h:217:21:   required from ‘void panda_motion_generators::MotionGeneratorRosInterface<ViaPose, ControlGoal, Config, ControlGoalMsg, Action>::executeTrajectory(std::shared_ptr<rclcpp_action::ServerGoalHandle<Action> >) [with ViaPose = DQ_robotics::DQ; ControlGoal = panda_motion_generators::CartesianGoal; Config = double; ControlGoalMsg = multi_mode_control_msgs::msg::CartesianImpedanceGoal_<std::allocator<void> >; Action = panda_motion_generator_msgs::action::CartesianViaMotion]’
/home/user/humble_ws/src/bimanual_architecture/franka_multi_mode_controller/panda_motion_generators/include/panda_motion_generators/base/motion_generator_ros_interface.h:207:7:   required from ‘void panda_motion_generators::MotionGeneratorRosInterface<ViaPose, ControlGoal, Config, ControlGoalMsg, Action>::executeGoal(std::shared_ptr<rclcpp_action::ServerGoalHandle<Action> >) [with ViaPose = DQ_robotics::DQ; ControlGoal = panda_motion_generators::CartesianGoal; Config = double; ControlGoalMsg = multi_mode_control_msgs::msg::CartesianImpedanceGoal_<std::allocator<void> >; Action = panda_motion_generator_msgs::action::CartesianViaMotion]’
/home/user/humble_ws/src/bimanual_architecture/franka_multi_mode_controller/panda_motion_generators/include/panda_motion_generators/base/motion_generator_ros_interface.h:178:27:   required from ‘void panda_motion_generators::MotionGeneratorRosInterface<ViaPose, ControlGoal, Config, ControlGoalMsg, Action>::handle_accepted(std::shared_ptr<rclcpp_action::ServerGoalHandle<Action> >) [with ViaPose = DQ_robotics::DQ; ControlGoal = panda_motion_generators::CartesianGoal; Config = double; ControlGoalMsg = multi_mode_control_msgs::msg::CartesianImpedanceGoal_<std::allocator<void> >; Action = panda_motion_generator_msgs::action::CartesianViaMotion]’
/home/user/humble_ws/src/bimanual_architecture/franka_multi_mode_controller/panda_motion_generators/include/panda_motion_generators/base/motion_generator_ros_interface.h:72:17:   required from ‘panda_motion_generators::MotionGeneratorRosInterface<ViaPose, ControlGoal, Config, ControlGoalMsg, Action>::MotionGeneratorRosInterface(std::string, std::string, std::string, std::string) [with ViaPose = DQ_robotics::DQ; ControlGoal = panda_motion_generators::CartesianGoal; Config = double; ControlGoalMsg = multi_mode_control_msgs::msg::CartesianImpedanceGoal_<std::allocator<void> >; Action = panda_motion_generator_msgs::action::CartesianViaMotion; std::string = std::__cxx11::basic_string<char>]’
/home/user/humble_ws/src/bimanual_architecture/franka_multi_mode_controller/panda_motion_generators/include/panda_motion_generators/base/dq_c1_cartesian_motion_generator.h:143:105:   required from ‘panda_motion_generators::DqC1CartesianMotionGenerator<CartesianGoalMsg>::DqC1CartesianMotionGenerator(const string&, const string&, const string&, const string&, const double&, const double&) [with CartesianGoalMsg = multi_mode_control_msgs::msg::CartesianImpedanceGoal_<std::allocator<void> >; std::string = std::__cxx11::basic_string<char>]’
/home/user/humble_ws/src/bimanual_architecture/franka_multi_mode_controller/panda_motion_generators/src/panda_dq_c1_cartesian_motion_generator.cpp:35:43:   required from here
/home/user/humble_ws/src/bimanual_architecture/franka_multi_mode_controller/panda_motion_generators/include/panda_motion_generators/base/motion_generator_base.h:86:35: warning: comparison of integer expressions of different signedness: ‘int’ and ‘std::vector<DQ_robotics::DQ, std::allocator<DQ_robotics::DQ> >::size_type’ {aka ‘long unsigned int’} [-Wsign-compare]
   86 |       } else if (current_section_ < via_poses_.size()-1) {
      |                  ~~~~~~~~~~~~~~~~~^~~~~~~~~~~~~~~~~~~~~
In file included from /home/user/humble_ws/src/bimanual_architecture/franka_multi_mode_controller/panda_motion_generators/include/panda_motion_generators/base/motion_generator_ros_interface.h:13,
                 from /home/user/humble_ws/src/bimanual_architecture/franka_multi_mode_controller/panda_motion_generators/include/panda_motion_generators/base/poly_c2_joint_motion_generator.h:6,
                 from /home/user/humble_ws/src/bimanual_architecture/franka_multi_mode_controller/panda_motion_generators/include/panda_motion_generators/motion_generators/panda_poly_c2_joint_motion_generator.h:3,
                 from /home/user/humble_ws/src/bimanual_architecture/franka_multi_mode_controller/panda_motion_generators/src/panda_poly_c2_joint_motion_generator.cpp:1:
/home/user/humble_ws/install/multi_mode_controller/include/multi_mode_controller/utils/sync_service_client.hpp: In instantiation of ‘bool panda_controllers::ExecutorNode<ServiceType>::callWithTimeout(typename ServiceType::Request::SharedPtr&, typename ServiceType::Response::SharedPtr&, double) [with ServiceType = multi_mode_control_msgs::srv::GetRobotStates; typename ServiceType::Request::SharedPtr = std::shared_ptr<multi_mode_control_msgs::srv::GetRobotStates_Request_<std::allocator<void> > >; typename ServiceType::Request = multi_mode_control_msgs::srv::GetRobotStates_Request_<std::allocator<void> >; typename ServiceType::Response::SharedPtr = std::shared_ptr<multi_mode_control_msgs::srv::GetRobotStates_Response_<std::allocator<void> > >; typename ServiceType::Response = multi_mode_control_msgs::srv::GetRobotStates_Response_<std::allocator<void> >]’:
/home/user/humble_ws/src/bimanual_architecture/franka_multi_mode_controller/panda_motion_generators/src/panda_poly_c2_joint_motion_generator.cpp:50:49:   required from here
/home/user/humble_ws/install/multi_mode_controller/include/multi_mode_controller/utils/sync_service_client.hpp:31:67: warning: ‘rclcpp::Client<ServiceT>::FutureAndRequestId::operator rclcpp::Client<ServiceT>::SharedFuture() [with ServiceT = multi_mode_control_msgs::srv::GetRobotStates; rclcpp::Client<ServiceT>::SharedFuture = std::shared_future<std::shared_ptr<multi_mode_control_msgs::srv::GetRobotStates_Response_<std::allocator<void> > > >]’ is deprecated: FutureAndRequestId: use .future.share() instead of an implicit conversion [-Wdeprecated-declarations]
   31 |     std::shared_future<typename ServiceType::Response::SharedPtr> res_future =
      |                                                                   ^~~~~~~~~~
In file included from /opt/ros/humble/include/rclcpp/rclcpp/callback_group.hpp:24,
                 from /opt/ros/humble/include/rclcpp/rclcpp/any_executable.hpp:20,
                 from /opt/ros/humble/include/rclcpp/rclcpp/memory_strategy.hpp:25,
                 from /opt/ros/humble/include/rclcpp/rclcpp/memory_strategies.hpp:18,
                 from /opt/ros/humble/include/rclcpp/rclcpp/executor_options.hpp:20,
                 from /opt/ros/humble/include/rclcpp/rclcpp/executor.hpp:37,
                 from /opt/ros/humble/include/rclcpp/rclcpp/executors/multi_threaded_executor.hpp:25,
                 from /opt/ros/humble/include/rclcpp/rclcpp/executors.hpp:21,
                 from /opt/ros/humble/include/rclcpp/rclcpp/rclcpp.hpp:155,
                 from /home/user/humble_ws/src/bimanual_architecture/franka_multi_mode_controller/panda_motion_generators/include/panda_motion_generators/base/motion_generator_ros_interface.h:6,
                 from /home/user/humble_ws/src/bimanual_architecture/franka_multi_mode_controller/panda_motion_generators/include/panda_motion_generators/base/poly_c2_joint_motion_generator.h:6,
                 from /home/user/humble_ws/src/bimanual_architecture/franka_multi_mode_controller/panda_motion_generators/include/panda_motion_generators/motion_generators/panda_poly_c2_joint_motion_generator.h:3,
                 from /home/user/humble_ws/src/bimanual_architecture/franka_multi_mode_controller/panda_motion_generators/src/panda_poly_c2_joint_motion_generator.cpp:1:
/opt/ros/humble/include/rclcpp/rclcpp/client.hpp:415:5: note: declared here
  415 |     operator SharedFuture() {return this->future.share();}
      |     ^~~~~~~~
In file included from /home/user/humble_ws/src/bimanual_architecture/franka_multi_mode_controller/panda_motion_generators/include/panda_motion_generators/base/motion_generator_ros_interface.h:13,
                 from /home/user/humble_ws/src/bimanual_architecture/franka_multi_mode_controller/panda_motion_generators/include/panda_motion_generators/base/poly_c2_joint_motion_generator.h:6,
                 from /home/user/humble_ws/src/bimanual_architecture/franka_multi_mode_controller/panda_motion_generators/include/panda_motion_generators/motion_generators/panda_poly_c2_joint_motion_generator.h:3,
                 from /home/user/humble_ws/src/bimanual_architecture/franka_multi_mode_controller/panda_motion_generators/src/panda_poly_c2_joint_motion_generator.cpp:1:
/home/user/humble_ws/install/multi_mode_controller/include/multi_mode_controller/utils/sync_service_client.hpp: In instantiation of ‘bool panda_controllers::ExecutorNode<ServiceType>::callWithTimeout(typename ServiceType::Request::SharedPtr&, typename ServiceType::Response::SharedPtr&, double) [with ServiceType = multi_mode_control_msgs::srv::SetControllers; typename ServiceType::Request::SharedPtr = std::shared_ptr<multi_mode_control_msgs::srv::SetControllers_Request_<std::allocator<void> > >; typename ServiceType::Request = multi_mode_control_msgs::srv::SetControllers_Request_<std::allocator<void> >; typename ServiceType::Response::SharedPtr = std::shared_ptr<multi_mode_control_msgs::srv::SetControllers_Response_<std::allocator<void> > >; typename ServiceType::Response = multi_mode_control_msgs::srv::SetControllers_Response_<std::allocator<void> >]’:
/home/user/humble_ws/src/bimanual_architecture/franka_multi_mode_controller/panda_motion_generators/src/panda_poly_c2_joint_motion_generator.cpp:74:46:   required from here
/home/user/humble_ws/install/multi_mode_controller/include/multi_mode_controller/utils/sync_service_client.hpp:31:67: warning: ‘rclcpp::Client<ServiceT>::FutureAndRequestId::operator rclcpp::Client<ServiceT>::SharedFuture() [with ServiceT = multi_mode_control_msgs::srv::SetControllers; rclcpp::Client<ServiceT>::SharedFuture = std::shared_future<std::shared_ptr<multi_mode_control_msgs::srv::SetControllers_Response_<std::allocator<void> > > >]’ is deprecated: FutureAndRequestId: use .future.share() instead of an implicit conversion [-Wdeprecated-declarations]
   31 |     std::shared_future<typename ServiceType::Response::SharedPtr> res_future =
      |                                                                   ^~~~~~~~~~
In file included from /opt/ros/humble/include/rclcpp/rclcpp/callback_group.hpp:24,
                 from /opt/ros/humble/include/rclcpp/rclcpp/any_executable.hpp:20,
                 from /opt/ros/humble/include/rclcpp/rclcpp/memory_strategy.hpp:25,
                 from /opt/ros/humble/include/rclcpp/rclcpp/memory_strategies.hpp:18,
                 from /opt/ros/humble/include/rclcpp/rclcpp/executor_options.hpp:20,
                 from /opt/ros/humble/include/rclcpp/rclcpp/executor.hpp:37,
                 from /opt/ros/humble/include/rclcpp/rclcpp/executors/multi_threaded_executor.hpp:25,
                 from /opt/ros/humble/include/rclcpp/rclcpp/executors.hpp:21,
                 from /opt/ros/humble/include/rclcpp/rclcpp/rclcpp.hpp:155,
                 from /home/user/humble_ws/src/bimanual_architecture/franka_multi_mode_controller/panda_motion_generators/include/panda_motion_generators/base/motion_generator_ros_interface.h:6,
                 from /home/user/humble_ws/src/bimanual_architecture/franka_multi_mode_controller/panda_motion_generators/include/panda_motion_generators/base/poly_c2_joint_motion_generator.h:6,
                 from /home/user/humble_ws/src/bimanual_architecture/franka_multi_mode_controller/panda_motion_generators/include/panda_motion_generators/motion_generators/panda_poly_c2_joint_motion_generator.h:3,
                 from /home/user/humble_ws/src/bimanual_architecture/franka_multi_mode_controller/panda_motion_generators/src/panda_poly_c2_joint_motion_generator.cpp:1:
/opt/ros/humble/include/rclcpp/rclcpp/client.hpp:415:5: note: declared here
  415 |     operator SharedFuture() {return this->future.share();}
      |     ^~~~~~~~
In file included from /home/user/humble_ws/src/bimanual_architecture/franka_multi_mode_controller/panda_motion_generators/include/panda_motion_generators/base/poly_c2_joint_motion_generator.h:6,
                 from /home/user/humble_ws/src/bimanual_architecture/franka_multi_mode_controller/panda_motion_generators/include/panda_motion_generators/motion_generators/panda_poly_c2_joint_motion_generator.h:3,
                 from /home/user/humble_ws/src/bimanual_architecture/franka_multi_mode_controller/panda_motion_generators/src/panda_poly_c2_joint_motion_generator.cpp:1:
/home/user/humble_ws/src/bimanual_architecture/franka_multi_mode_controller/panda_motion_generators/include/panda_motion_generators/base/motion_generator_ros_interface.h: In instantiation of ‘panda_motion_generators::MotionGeneratorRosInterface<ViaPose, ControlGoal, Config, ControlGoalMsg, Action>::MotionGeneratorRosInterface(std::string, std::string, std::string, std::string) [with ViaPose = Eigen::Matrix<double, 7, 1, 0, 7, 1>; ControlGoal = panda_motion_generators::JointGoal<7>; Config = double; ControlGoalMsg = multi_mode_control_msgs::msg::JointGoal_<std::allocator<void> >; Action = panda_motion_generator_msgs::action::JointViaMotion; std::string = std::__cxx11::basic_string<char>]’:
/home/user/humble_ws/src/bimanual_architecture/franka_multi_mode_controller/panda_motion_generators/include/panda_motion_generators/base/poly_c2_joint_motion_generator.h:56:84:   required from ‘panda_motion_generators::PolyC2JointMotionGenerator<ControlGoalMsg, size>::PolyC2JointMotionGenerator(const string&, const string&, const string&, const string&, const VectorSd&, const VectorSd&, const VectorSd&, const VectorSd&) [with ControlGoalMsg = multi_mode_control_msgs::msg::JointGoal_<std::allocator<void> >; int size = 7; std::string = std::__cxx11::basic_string<char>; panda_motion_generators::PolyC2JointMotionGenerator<ControlGoalMsg, size>::VectorSd = Eigen::Matrix<double, 7, 1, 0, 7, 1>]’
/home/user/humble_ws/src/bimanual_architecture/franka_multi_mode_controller/panda_motion_generators/src/panda_poly_c2_joint_motion_generator.cpp:33:60:   required from here
/home/user/humble_ws/src/bimanual_architecture/franka_multi_mode_controller/panda_motion_generators/include/panda_motion_generators/base/motion_generator_ros_interface.h:88:81: warning: ‘panda_motion_generators::MotionGeneratorRosInterface<Eigen::Matrix<double, 7, 1, 0, 7, 1>, panda_motion_generators::JointGoal<7>, double, multi_mode_control_msgs::msg::JointGoal_<std::allocator<void> >, panda_motion_generator_msgs::action::JointViaMotion>::get_robot_state_node_’ will be initialized after [-Wreorder]
   88 |   panda_controllers::ExecutorNode<multi_mode_control_msgs::srv::GetRobotStates> get_robot_state_node_; // for getting robot state
      |                                                                                 ^~~~~~~~~~~~~~~~~~~~~
/home/user/humble_ws/src/bimanual_architecture/franka_multi_mode_controller/panda_motion_generators/include/panda_motion_generators/base/motion_generator_ros_interface.h:87:81: warning:   ‘panda_controllers::ExecutorNode<multi_mode_control_msgs::srv::SetControllers> panda_motion_generators::MotionGeneratorRosInterface<Eigen::Matrix<double, 7, 1, 0, 7, 1>, panda_motion_generators::JointGoal<7>, double, multi_mode_control_msgs::msg::JointGoal_<std::allocator<void> >, panda_motion_generator_msgs::action::JointViaMotion>::set_controllers_node_’ [-Wreorder]
   87 |   panda_controllers::ExecutorNode<multi_mode_control_msgs::srv::SetControllers> set_controllers_node_; // for setting controllers
      |                                                                                 ^~~~~~~~~~~~~~~~~~~~~
In file included from /home/user/humble_ws/src/bimanual_architecture/franka_multi_mode_controller/panda_motion_generators/include/panda_motion_generators/base/poly_c2_joint_motion_generator.h:6,
                 from /home/user/humble_ws/src/bimanual_architecture/franka_multi_mode_controller/panda_motion_generators/include/panda_motion_generators/motion_generators/panda_poly_c2_joint_motion_generator.h:3,
                 from /home/user/humble_ws/src/bimanual_architecture/franka_multi_mode_controller/panda_motion_generators/src/panda_poly_c2_joint_motion_generator.cpp:1:
/home/user/humble_ws/src/bimanual_architecture/franka_multi_mode_controller/panda_motion_generators/include/panda_motion_generators/base/motion_generator_ros_interface.h:49:3: warning:   when initialized here [-Wreorder]
   49 |   MotionGeneratorRosInterface(std::string action_name,
      |   ^~~~~~~~~~~~~~~~~~~~~~~~~~~
In file included from /home/user/humble_ws/src/bimanual_architecture/franka_multi_mode_controller/panda_motion_generators/include/panda_motion_generators/motion_generators/panda_dq_c1_cartesian_motion_generator.h:3,
                 from /home/user/humble_ws/src/bimanual_architecture/franka_multi_mode_controller/panda_motion_generators/src/panda_dq_c1_cartesian_motion_generator.cpp:1:
/home/user/humble_ws/src/bimanual_architecture/franka_multi_mode_controller/panda_motion_generators/include/panda_motion_generators/base/dq_c1_cartesian_motion_generator.h: In instantiation of ‘std::vector<DQ_robotics::DQ, std::allocator<DQ_robotics::DQ> > panda_motion_generators::DqC1CartesianMotionGenerator<CartesianGoalMsg>::getViaPoses(std::shared_ptr<const panda_motion_generator_msgs::action::CartesianViaMotion_Goal_<std::allocator<void> > >&) [with CartesianGoalMsg = multi_mode_control_msgs::msg::CartesianImpedanceGoal_<std::allocator<void> >]’:
/home/user/humble_ws/src/bimanual_architecture/franka_multi_mode_controller/panda_motion_generators/include/panda_motion_generators/base/dq_c1_cartesian_motion_generator.h:83:27:   required from here
/home/user/humble_ws/src/bimanual_architecture/franka_multi_mode_controller/panda_motion_generators/include/panda_motion_generators/base/dq_c1_cartesian_motion_generator.h:85:19: warning: comparison of integer expressions of different signedness: ‘int’ and ‘std::vector<geometry_msgs::msg::Pose_<std::allocator<void> >, std::allocator<geometry_msgs::msg::Pose_<std::allocator<void> > > >::size_type’ {aka ‘long unsigned int’} [-Wsign-compare]
   85 |     for (int i=0;i<goal->via_poses.size();++i) {
      |                  ~^~~~~~~~~~~~~~~~~~~~~~~
In file included from /home/user/humble_ws/src/bimanual_architecture/franka_multi_mode_controller/panda_motion_generators/include/panda_motion_generators/base/motion_generator_ros_interface.h:13,
                 from /home/user/humble_ws/src/bimanual_architecture/franka_multi_mode_controller/panda_motion_generators/include/panda_motion_generators/base/poly_c2_joint_motion_generator.h:6,
                 from /home/user/humble_ws/src/bimanual_architecture/franka_multi_mode_controller/panda_motion_generators/include/panda_motion_generators/motion_generators/panda_poly_c2_joint_motion_generator.h:3,
                 from /home/user/humble_ws/src/bimanual_architecture/franka_multi_mode_controller/panda_motion_generators/src/panda_poly_c2_joint_motion_generator.cpp:1:
/home/user/humble_ws/install/multi_mode_controller/include/multi_mode_controller/utils/sync_service_client.hpp: In instantiation of ‘panda_controllers::ExecutorNode<ServiceType>::ExecutorNode(const string&) [with ServiceType = multi_mode_control_msgs::srv::SetControllers; std::string = std::__cxx11::basic_string<char>]’:
/home/user/humble_ws/src/bimanual_architecture/franka_multi_mode_controller/panda_motion_generators/include/panda_motion_generators/base/motion_generator_ros_interface.h:53:64:   required from ‘panda_motion_generators::MotionGeneratorRosInterface<ViaPose, ControlGoal, Config, ControlGoalMsg, Action>::MotionGeneratorRosInterface(std::string, std::string, std::string, std::string) [with ViaPose = Eigen::Matrix<double, 7, 1, 0, 7, 1>; ControlGoal = panda_motion_generators::JointGoal<7>; Config = double; ControlGoalMsg = multi_mode_control_msgs::msg::JointGoal_<std::allocator<void> >; Action = panda_motion_generator_msgs::action::JointViaMotion; std::string = std::__cxx11::basic_string<char>]’
/home/user/humble_ws/src/bimanual_architecture/franka_multi_mode_controller/panda_motion_generators/include/panda_motion_generators/base/poly_c2_joint_motion_generator.h:56:84:   required from ‘panda_motion_generators::PolyC2JointMotionGenerator<ControlGoalMsg, size>::PolyC2JointMotionGenerator(const string&, const string&, const string&, const string&, const VectorSd&, const VectorSd&, const VectorSd&, const VectorSd&) [with ControlGoalMsg = multi_mode_control_msgs::msg::JointGoal_<std::allocator<void> >; int size = 7; std::string = std::__cxx11::basic_string<char>; panda_motion_generators::PolyC2JointMotionGenerator<ControlGoalMsg, size>::VectorSd = Eigen::Matrix<double, 7, 1, 0, 7, 1>]’
/home/user/humble_ws/src/bimanual_architecture/franka_multi_mode_controller/panda_motion_generators/src/panda_poly_c2_joint_motion_generator.cpp:33:60:   required from here
/home/user/humble_ws/install/multi_mode_controller/include/multi_mode_controller/utils/sync_service_client.hpp:49:15: warning: ‘panda_controllers::ExecutorNode<multi_mode_control_msgs::srv::SetControllers>::service_name_’ will be initialized after [-Wreorder]
   49 |   std::string service_name_;
      |               ^~~~~~~~~~~~~
/home/user/humble_ws/install/multi_mode_controller/include/multi_mode_controller/utils/sync_service_client.hpp:16:44: warning:   base ‘rclcpp::Node’ [-Wreorder]
   16 |             service_name + "_executor_node") {
      |                                            ^
/home/user/humble_ws/install/multi_mode_controller/include/multi_mode_controller/utils/sync_service_client.hpp:13:3: warning:   when initialized here [-Wreorder]
   13 |   ExecutorNode(const std::string& service_name) : service_name_(service_name),
      |   ^~~~~~~~~~~~
/home/user/humble_ws/install/multi_mode_controller/include/multi_mode_controller/utils/sync_service_client.hpp: In instantiation of ‘panda_controllers::ExecutorNode<ServiceType>::ExecutorNode(const string&) [with ServiceType = multi_mode_control_msgs::srv::GetRobotStates; std::string = std::__cxx11::basic_string<char>]’:
/home/user/humble_ws/src/bimanual_architecture/franka_multi_mode_controller/panda_motion_generators/include/panda_motion_generators/base/motion_generator_ros_interface.h:52:64:   required from ‘panda_motion_generators::MotionGeneratorRosInterface<ViaPose, ControlGoal, Config, ControlGoalMsg, Action>::MotionGeneratorRosInterface(std::string, std::string, std::string, std::string) [with ViaPose = Eigen::Matrix<double, 7, 1, 0, 7, 1>; ControlGoal = panda_motion_generators::JointGoal<7>; Config = double; ControlGoalMsg = multi_mode_control_msgs::msg::JointGoal_<std::allocator<void> >; Action = panda_motion_generator_msgs::action::JointViaMotion; std::string = std::__cxx11::basic_string<char>]’
/home/user/humble_ws/src/bimanual_architecture/franka_multi_mode_controller/panda_motion_generators/include/panda_motion_generators/base/poly_c2_joint_motion_generator.h:56:84:   required from ‘panda_motion_generators::PolyC2JointMotionGenerator<ControlGoalMsg, size>::PolyC2JointMotionGenerator(const string&, const string&, const string&, const string&, const VectorSd&, const VectorSd&, const VectorSd&, const VectorSd&) [with ControlGoalMsg = multi_mode_control_msgs::msg::JointGoal_<std::allocator<void> >; int size = 7; std::string = std::__cxx11::basic_string<char>; panda_motion_generators::PolyC2JointMotionGenerator<ControlGoalMsg, size>::VectorSd = Eigen::Matrix<double, 7, 1, 0, 7, 1>]’
/home/user/humble_ws/src/bimanual_architecture/franka_multi_mode_controller/panda_motion_generators/src/panda_poly_c2_joint_motion_generator.cpp:33:60:   required from here
/home/user/humble_ws/install/multi_mode_controller/include/multi_mode_controller/utils/sync_service_client.hpp:49:15: warning: ‘panda_controllers::ExecutorNode<multi_mode_control_msgs::srv::GetRobotStates>::service_name_’ will be initialized after [-Wreorder]
   49 |   std::string service_name_;
      |               ^~~~~~~~~~~~~
/home/user/humble_ws/install/multi_mode_controller/include/multi_mode_controller/utils/sync_service_client.hpp:16:44: warning:   base ‘rclcpp::Node’ [-Wreorder]
   16 |             service_name + "_executor_node") {
      |                                            ^
/home/user/humble_ws/install/multi_mode_controller/include/multi_mode_controller/utils/sync_service_client.hpp:13:3: warning:   when initialized here [-Wreorder]
   13 |   ExecutorNode(const std::string& service_name) : service_name_(service_name),
      |   ^~~~~~~~~~~~
In file included from /home/user/humble_ws/src/bimanual_architecture/franka_multi_mode_controller/panda_motion_generators/include/panda_motion_generators/base/poly_c2_joint_motion_generator.h:6,
                 from /home/user/humble_ws/src/bimanual_architecture/franka_multi_mode_controller/panda_motion_generators/include/panda_motion_generators/motion_generators/panda_poly_c2_joint_motion_generator.h:3,
                 from /home/user/humble_ws/src/bimanual_architecture/franka_multi_mode_controller/panda_motion_generators/src/panda_poly_c2_joint_motion_generator.cpp:1:
/home/user/humble_ws/src/bimanual_architecture/franka_multi_mode_controller/panda_motion_generators/include/panda_motion_generators/base/motion_generator_ros_interface.h: In instantiation of ‘std::string panda_motion_generators::MotionGeneratorRosInterface<ViaPose, ControlGoal, Config, ControlGoalMsg, Action>::printGoal(std::shared_ptr<const typename Action::Goal>&) [with ViaPose = Eigen::Matrix<double, 7, 1, 0, 7, 1>; ControlGoal = panda_motion_generators::JointGoal<7>; Config = double; ControlGoalMsg = multi_mode_control_msgs::msg::JointGoal_<std::allocator<void> >; Action = panda_motion_generator_msgs::action::JointViaMotion; std::string = std::__cxx11::basic_string<char>; typename Action::Goal = panda_motion_generator_msgs::action::JointViaMotion_Goal_<std::allocator<void> >]’:
/home/user/humble_ws/src/bimanual_architecture/franka_multi_mode_controller/panda_motion_generators/include/panda_motion_generators/base/motion_generator_ros_interface.h:127:5:   required from ‘rclcpp_action::GoalResponse panda_motion_generators::MotionGeneratorRosInterface<ViaPose, ControlGoal, Config, ControlGoalMsg, Action>::handle_goal(const GoalUUID&, std::shared_ptr<const typename Action::Goal>) [with ViaPose = Eigen::Matrix<double, 7, 1, 0, 7, 1>; ControlGoal = panda_motion_generators::JointGoal<7>; Config = double; ControlGoalMsg = multi_mode_control_msgs::msg::JointGoal_<std::allocator<void> >; Action = panda_motion_generator_msgs::action::JointViaMotion; rclcpp_action::GoalUUID = std::array<unsigned char, 16>; typename Action::Goal = panda_motion_generator_msgs::action::JointViaMotion_Goal_<std::allocator<void> >]’
/home/user/humble_ws/src/bimanual_architecture/franka_multi_mode_controller/panda_motion_generators/include/panda_motion_generators/base/motion_generator_ros_interface.h:70:17:   required from ‘panda_motion_generators::MotionGeneratorRosInterface<ViaPose, ControlGoal, Config, ControlGoalMsg, Action>::MotionGeneratorRosInterface(std::string, std::string, std::string, std::string) [with ViaPose = Eigen::Matrix<double, 7, 1, 0, 7, 1>; ControlGoal = panda_motion_generators::JointGoal<7>; Config = double; ControlGoalMsg = multi_mode_control_msgs::msg::JointGoal_<std::allocator<void> >; Action = panda_motion_generator_msgs::action::JointViaMotion; std::string = std::__cxx11::basic_string<char>]’
/home/user/humble_ws/src/bimanual_architecture/franka_multi_mode_controller/panda_motion_generators/include/panda_motion_generators/base/poly_c2_joint_motion_generator.h:56:84:   required from ‘panda_motion_generators::PolyC2JointMotionGenerator<ControlGoalMsg, size>::PolyC2JointMotionGenerator(const string&, const string&, const string&, const string&, const VectorSd&, const VectorSd&, const VectorSd&, const VectorSd&) [with ControlGoalMsg = multi_mode_control_msgs::msg::JointGoal_<std::allocator<void> >; int size = 7; std::string = std::__cxx11::basic_string<char>; panda_motion_generators::PolyC2JointMotionGenerator<ControlGoalMsg, size>::VectorSd = Eigen::Matrix<double, 7, 1, 0, 7, 1>]’
/home/user/humble_ws/src/bimanual_architecture/franka_multi_mode_controller/panda_motion_generators/src/panda_poly_c2_joint_motion_generator.cpp:33:60:   required from here
/home/user/humble_ws/src/bimanual_architecture/franka_multi_mode_controller/panda_motion_generators/include/panda_motion_generators/base/motion_generator_ros_interface.h:298:74: warning: unused parameter ‘goal’ [-Wunused-parameter]
  298 |   virtual std::string printGoal(shared_ptr<const typename Action::Goal>& goal) {
      |                                 ~~~~~~~~~~~~~~~~~~~~~~~~~~~~~~~~~~~~~~~~~^~~~
/home/user/humble_ws/src/bimanual_architecture/franka_multi_mode_controller/panda_motion_generators/include/panda_motion_generators/base/motion_generator_ros_interface.h: In instantiation of ‘bool panda_motion_generators::MotionGeneratorRosInterface<ViaPose, ControlGoal, Config, ControlGoalMsg, Action>::updateState(std::shared_ptr<rclcpp_action::ServerGoalHandle<Action> >) [with ViaPose = Eigen::Matrix<double, 7, 1, 0, 7, 1>; ControlGoal = panda_motion_generators::JointGoal<7>; Config = double; ControlGoalMsg = multi_mode_control_msgs::msg::JointGoal_<std::allocator<void> >; Action = panda_motion_generator_msgs::action::JointViaMotion]’:
/home/user/humble_ws/src/bimanual_architecture/franka_multi_mode_controller/panda_motion_generators/include/panda_motion_generators/base/motion_generator_ros_interface.h:206:12:   required from ‘void panda_motion_generators::MotionGeneratorRosInterface<ViaPose, ControlGoal, Config, ControlGoalMsg, Action>::executeGoal(std::shared_ptr<rclcpp_action::ServerGoalHandle<Action> >) [with ViaPose = Eigen::Matrix<double, 7, 1, 0, 7, 1>; ControlGoal = panda_motion_generators::JointGoal<7>; Config = double; ControlGoalMsg = multi_mode_control_msgs::msg::JointGoal_<std::allocator<void> >; Action = panda_motion_generator_msgs::action::JointViaMotion]’
/home/user/humble_ws/src/bimanual_architecture/franka_multi_mode_controller/panda_motion_generators/include/panda_motion_generators/base/motion_generator_ros_interface.h:178:27:   required from ‘void panda_motion_generators::MotionGeneratorRosInterface<ViaPose, ControlGoal, Config, ControlGoalMsg, Action>::handle_accepted(std::shared_ptr<rclcpp_action::ServerGoalHandle<Action> >) [with ViaPose = Eigen::Matrix<double, 7, 1, 0, 7, 1>; ControlGoal = panda_motion_generators::JointGoal<7>; Config = double; ControlGoalMsg = multi_mode_control_msgs::msg::JointGoal_<std::allocator<void> >; Action = panda_motion_generator_msgs::action::JointViaMotion]’
/home/user/humble_ws/src/bimanual_architecture/franka_multi_mode_controller/panda_motion_generators/include/panda_motion_generators/base/motion_generator_ros_interface.h:72:17:   required from ‘panda_motion_generators::MotionGeneratorRosInterface<ViaPose, ControlGoal, Config, ControlGoalMsg, Action>::MotionGeneratorRosInterface(std::string, std::string, std::string, std::string) [with ViaPose = Eigen::Matrix<double, 7, 1, 0, 7, 1>; ControlGoal = panda_motion_generators::JointGoal<7>; Config = double; ControlGoalMsg = multi_mode_control_msgs::msg::JointGoal_<std::allocator<void> >; Action = panda_motion_generator_msgs::action::JointViaMotion; std::string = std::__cxx11::basic_string<char>]’
/home/user/humble_ws/src/bimanual_architecture/franka_multi_mode_controller/panda_motion_generators/include/panda_motion_generators/base/poly_c2_joint_motion_generator.h:56:84:   required from ‘panda_motion_generators::PolyC2JointMotionGenerator<ControlGoalMsg, size>::PolyC2JointMotionGenerator(const string&, const string&, const string&, const string&, const VectorSd&, const VectorSd&, const VectorSd&, const VectorSd&) [with ControlGoalMsg = multi_mode_control_msgs::msg::JointGoal_<std::allocator<void> >; int size = 7; std::string = std::__cxx11::basic_string<char>; panda_motion_generators::PolyC2JointMotionGenerator<ControlGoalMsg, size>::VectorSd = Eigen::Matrix<double, 7, 1, 0, 7, 1>]’
/home/user/humble_ws/src/bimanual_architecture/franka_multi_mode_controller/panda_motion_generators/src/panda_poly_c2_joint_motion_generator.cpp:33:60:   required from here
/home/user/humble_ws/src/bimanual_architecture/franka_multi_mode_controller/panda_motion_generators/include/panda_motion_generators/base/motion_generator_ros_interface.h:257:5: warning: enumeration value ‘RECOVERY’ not handled in switch [-Wswitch]
  257 |     switch (state_) {
      |     ^~~~~~
/home/user/humble_ws/src/bimanual_architecture/franka_multi_mode_controller/panda_motion_generators/include/panda_motion_generators/base/motion_generator_ros_interface.h:257:5: warning: enumeration value ‘WAIT_FOR_RECOVERY’ not handled in switch [-Wswitch]
In file included from /home/user/humble_ws/src/bimanual_architecture/franka_multi_mode_controller/panda_motion_generators/include/panda_motion_generators/base/poly_c2_joint_motion_generator_base.h:9,
                 from /home/user/humble_ws/src/bimanual_architecture/franka_multi_mode_controller/panda_motion_generators/include/panda_motion_generators/base/poly_c2_joint_motion_generator.h:5,
                 from /home/user/humble_ws/src/bimanual_architecture/franka_multi_mode_controller/panda_motion_generators/include/panda_motion_generators/motion_generators/panda_poly_c2_joint_motion_generator.h:3,
                 from /home/user/humble_ws/src/bimanual_architecture/franka_multi_mode_controller/panda_motion_generators/src/panda_poly_c2_joint_motion_generator.cpp:1:
/home/user/humble_ws/src/bimanual_architecture/franka_multi_mode_controller/panda_motion_generators/include/panda_motion_generators/base/motion_generator_base.h: In instantiation of ‘bool panda_motion_generators::MotionGeneratorBase<ViaPose, ControlGoal, Config>::step(const bool&, ControlGoal&, double&, double&) [with ViaPose = Eigen::Matrix<double, 7, 1, 0, 7, 1>; ControlGoal = panda_motion_generators::JointGoal<7>; Config = double]’:
/home/user/humble_ws/src/bimanual_architecture/franka_multi_mode_controller/panda_motion_generators/include/panda_motion_generators/base/motion_generator_ros_interface.h:217:21:   required from ‘void panda_motion_generators::MotionGeneratorRosInterface<ViaPose, ControlGoal, Config, ControlGoalMsg, Action>::executeTrajectory(std::shared_ptr<rclcpp_action::ServerGoalHandle<Action> >) [with ViaPose = Eigen::Matrix<double, 7, 1, 0, 7, 1>; ControlGoal = panda_motion_generators::JointGoal<7>; Config = double; ControlGoalMsg = multi_mode_control_msgs::msg::JointGoal_<std::allocator<void> >; Action = panda_motion_generator_msgs::action::JointViaMotion]’
/home/user/humble_ws/src/bimanual_architecture/franka_multi_mode_controller/panda_motion_generators/include/panda_motion_generators/base/motion_generator_ros_interface.h:207:7:   required from ‘void panda_motion_generators::MotionGeneratorRosInterface<ViaPose, ControlGoal, Config, ControlGoalMsg, Action>::executeGoal(std::shared_ptr<rclcpp_action::ServerGoalHandle<Action> >) [with ViaPose = Eigen::Matrix<double, 7, 1, 0, 7, 1>; ControlGoal = panda_motion_generators::JointGoal<7>; Config = double; ControlGoalMsg = multi_mode_control_msgs::msg::JointGoal_<std::allocator<void> >; Action = panda_motion_generator_msgs::action::JointViaMotion]’
/home/user/humble_ws/src/bimanual_architecture/franka_multi_mode_controller/panda_motion_generators/include/panda_motion_generators/base/motion_generator_ros_interface.h:178:27:   required from ‘void panda_motion_generators::MotionGeneratorRosInterface<ViaPose, ControlGoal, Config, ControlGoalMsg, Action>::handle_accepted(std::shared_ptr<rclcpp_action::ServerGoalHandle<Action> >) [with ViaPose = Eigen::Matrix<double, 7, 1, 0, 7, 1>; ControlGoal = panda_motion_generators::JointGoal<7>; Config = double; ControlGoalMsg = multi_mode_control_msgs::msg::JointGoal_<std::allocator<void> >; Action = panda_motion_generator_msgs::action::JointViaMotion]’
/home/user/humble_ws/src/bimanual_architecture/franka_multi_mode_controller/panda_motion_generators/include/panda_motion_generators/base/motion_generator_ros_interface.h:72:17:   required from ‘panda_motion_generators::MotionGeneratorRosInterface<ViaPose, ControlGoal, Config, ControlGoalMsg, Action>::MotionGeneratorRosInterface(std::string, std::string, std::string, std::string) [with ViaPose = Eigen::Matrix<double, 7, 1, 0, 7, 1>; ControlGoal = panda_motion_generators::JointGoal<7>; Config = double; ControlGoalMsg = multi_mode_control_msgs::msg::JointGoal_<std::allocator<void> >; Action = panda_motion_generator_msgs::action::JointViaMotion; std::string = std::__cxx11::basic_string<char>]’
/home/user/humble_ws/src/bimanual_architecture/franka_multi_mode_controller/panda_motion_generators/include/panda_motion_generators/base/poly_c2_joint_motion_generator.h:56:84:   required from ‘panda_motion_generators::PolyC2JointMotionGenerator<ControlGoalMsg, size>::PolyC2JointMotionGenerator(const string&, const string&, const string&, const string&, const VectorSd&, const VectorSd&, const VectorSd&, const VectorSd&) [with ControlGoalMsg = multi_mode_control_msgs::msg::JointGoal_<std::allocator<void> >; int size = 7; std::string = std::__cxx11::basic_string<char>; panda_motion_generators::PolyC2JointMotionGenerator<ControlGoalMsg, size>::VectorSd = Eigen::Matrix<double, 7, 1, 0, 7, 1>]’
/home/user/humble_ws/src/bimanual_architecture/franka_multi_mode_controller/panda_motion_generators/src/panda_poly_c2_joint_motion_generator.cpp:33:60:   required from here
/home/user/humble_ws/src/bimanual_architecture/franka_multi_mode_controller/panda_motion_generators/include/panda_motion_generators/base/motion_generator_base.h:86:35: warning: comparison of integer expressions of different signedness: ‘int’ and ‘std::vector<Eigen::Matrix<double, 7, 1, 0, 7, 1>, std::allocator<Eigen::Matrix<double, 7, 1, 0, 7, 1> > >::size_type’ {aka ‘long unsigned int’} [-Wsign-compare]
   86 |       } else if (current_section_ < via_poses_.size()-1) {
      |                  ~~~~~~~~~~~~~~~~~^~~~~~~~~~~~~~~~~~~~~
In file included from /home/user/humble_ws/src/bimanual_architecture/franka_multi_mode_controller/panda_motion_generators/include/panda_motion_generators/base/poly_c2_joint_motion_generator.h:5,
                 from /home/user/humble_ws/src/bimanual_architecture/franka_multi_mode_controller/panda_motion_generators/include/panda_motion_generators/motion_generators/panda_poly_c2_joint_motion_generator.h:3,
                 from /home/user/humble_ws/src/bimanual_architecture/franka_multi_mode_controller/panda_motion_generators/src/panda_poly_c2_joint_motion_generator.cpp:1:
/home/user/humble_ws/src/bimanual_architecture/franka_multi_mode_controller/panda_motion_generators/include/panda_motion_generators/base/poly_c2_joint_motion_generator_base.h: In instantiation of ‘bool panda_motion_generators::PolyC2JointMotionGeneratorBase<size>::generateTrajectoryImpl(std::vector<double>&, const std::vector<Eigen::Matrix<double, size, 1> >&, const double&) [with int size = 7]’:
/home/user/humble_ws/src/bimanual_architecture/franka_multi_mode_controller/panda_motion_generators/include/panda_motion_generators/base/poly_c2_joint_motion_generator_base.h:41:16:   required from here
/home/user/humble_ws/src/bimanual_architecture/franka_multi_mode_controller/panda_motion_generators/include/panda_motion_generators/base/poly_c2_joint_motion_generator_base.h:51:19: warning: comparison of integer expressions of different signedness: ‘int’ and ‘std::vector<Eigen::Matrix<double, 7, 1, 0, 7, 1>, std::allocator<Eigen::Matrix<double, 7, 1, 0, 7, 1> > >::size_type’ {aka ‘long unsigned int’} [-Wsign-compare]
   51 |     for (int i=0;i<via_poses.size();++i) {
      |                  ~^~~~~~~~~~~~~~~~~
In file included from /home/user/humble_ws/src/bimanual_architecture/franka_multi_mode_controller/panda_motion_generators/include/panda_motion_generators/motion_generators/panda_poly_c2_joint_motion_generator.h:3,
                 from /home/user/humble_ws/src/bimanual_architecture/franka_multi_mode_controller/panda_motion_generators/src/panda_poly_c2_joint_motion_generator.cpp:1:
/home/user/humble_ws/src/bimanual_architecture/franka_multi_mode_controller/panda_motion_generators/include/panda_motion_generators/base/poly_c2_joint_motion_generator.h: In instantiation of ‘bool panda_motion_generators::PolyC2JointMotionGenerator<ControlGoalMsg, size>::checkGoal(std::shared_ptr<const panda_motion_generator_msgs::action::JointViaMotion_Goal_<std::allocator<void> > >&) [with ControlGoalMsg = multi_mode_control_msgs::msg::JointGoal_<std::allocator<void> >; int size = 7]’:
/home/user/humble_ws/src/bimanual_architecture/franka_multi_mode_controller/panda_motion_generators/include/panda_motion_generators/base/poly_c2_joint_motion_generator.h:63:16:   required from here
/home/user/humble_ws/src/bimanual_architecture/franka_multi_mode_controller/panda_motion_generators/include/panda_motion_generators/base/poly_c2_joint_motion_generator.h:68:19: warning: comparison of integer expressions of different signedness: ‘int’ and ‘std::vector<panda_motion_generator_msgs::msg::JointPose_<std::allocator<void> >, std::allocator<panda_motion_generator_msgs::msg::JointPose_<std::allocator<void> > > >::size_type’ {aka ‘long unsigned int’} [-Wsign-compare]
   68 |     for (int i=0;i<goal->via_poses.size();++i) {
      |                  ~^~~~~~~~~~~~~~~~~~~~~~~
/home/user/humble_ws/src/bimanual_architecture/franka_multi_mode_controller/panda_motion_generators/include/panda_motion_generators/base/poly_c2_joint_motion_generator.h: In instantiation of ‘std::vector<Eigen::Matrix<double, size, 1> > panda_motion_generators::PolyC2JointMotionGenerator<ControlGoalMsg, size>::getViaPoses(std::shared_ptr<const panda_motion_generator_msgs::action::JointViaMotion_Goal_<std::allocator<void> > >&) [with ControlGoalMsg = multi_mode_control_msgs::msg::JointGoal_<std::allocator<void> >; int size = 7]’:
/home/user/humble_ws/src/bimanual_architecture/franka_multi_mode_controller/panda_motion_generators/include/panda_motion_generators/base/poly_c2_joint_motion_generator.h:120:33:   required from here
/home/user/humble_ws/src/bimanual_architecture/franka_multi_mode_controller/panda_motion_generators/include/panda_motion_generators/base/poly_c2_joint_motion_generator.h:122:19: warning: comparison of integer expressions of different signedness: ‘int’ and ‘std::vector<panda_motion_generator_msgs::msg::JointPose_<std::allocator<void> >, std::allocator<panda_motion_generator_msgs::msg::JointPose_<std::allocator<void> > > >::size_type’ {aka ‘long unsigned int’} [-Wsign-compare]
  122 |     for (int i=0;i<goal->via_poses.size();++i) {
      |                  ~^~~~~~~~~~~~~~~~~~~~~~~
/home/user/humble_ws/src/bimanual_architecture/franka_multi_mode_controller/panda_motion_generators/include/panda_motion_generators/base/poly_c2_joint_motion_generator.h: In instantiation of ‘std::string panda_motion_generators::PolyC2JointMotionGenerator<ControlGoalMsg, size>::printGoal(std::shared_ptr<const panda_motion_generator_msgs::action::JointViaMotion_Goal_<std::allocator<void> > >&) [with ControlGoalMsg = multi_mode_control_msgs::msg::JointGoal_<std::allocator<void> >; int size = 7; std::string = std::__cxx11::basic_string<char>]’:
/home/user/humble_ws/src/bimanual_architecture/franka_multi_mode_controller/panda_motion_generators/include/panda_motion_generators/base/poly_c2_joint_motion_generator.h:131:23:   required from here
/home/user/humble_ws/src/bimanual_architecture/franka_multi_mode_controller/panda_motion_generators/include/panda_motion_generators/base/poly_c2_joint_motion_generator.h:136:19: warning: comparison of integer expressions of different signedness: ‘int’ and ‘std::vector<double>::size_type’ {aka ‘long unsigned int’} [-Wsign-compare]
  136 |     for (int i=0;i<goal->via_poses.back().q.size()-1;++i) {
      |                  ~^~~~~~~~~~~~~~~~~~~~~~~~~~~~~~~~~~
In file included from /home/user/humble_ws/src/bimanual_architecture/franka_multi_mode_controller/panda_motion_generators/include/panda_motion_generators/base/poly_c2_joint_motion_generator.h:5,
                 from /home/user/humble_ws/src/bimanual_architecture/franka_multi_mode_controller/panda_motion_generators/include/panda_motion_generators/motion_generators/panda_poly_c2_joint_motion_generator.h:3,
                 from /home/user/humble_ws/src/bimanual_architecture/franka_multi_mode_controller/panda_motion_generators/src/panda_poly_c2_joint_motion_generator.cpp:1:
/home/user/humble_ws/src/bimanual_architecture/franka_multi_mode_controller/panda_motion_generators/include/panda_motion_generators/base/poly_c2_joint_motion_generator_base.h: In instantiation of ‘panda_motion_generators::PolyC2JointMotionGeneratorBase<size>::VectorSd panda_motion_generators::PolyC2JointMotionGeneratorBase<size>::getEndVel(std::vector<double>&, const std::vector<Eigen::Matrix<double, size, 1> >&, double, int) [with int size = 7; panda_motion_generators::PolyC2JointMotionGeneratorBase<size>::VectorSd = Eigen::Matrix<double, 7, 1, 0, 7, 1>]’:
/home/user/humble_ws/src/bimanual_architecture/franka_multi_mode_controller/panda_motion_generators/include/panda_motion_generators/base/poly_c2_joint_motion_generator_base.h:52:24:   required from ‘bool panda_motion_generators::PolyC2JointMotionGeneratorBase<size>::generateTrajectoryImpl(std::vector<double>&, const std::vector<Eigen::Matrix<double, size, 1> >&, const double&) [with int size = 7]’
/home/user/humble_ws/src/bimanual_architecture/franka_multi_mode_controller/panda_motion_generators/include/panda_motion_generators/base/poly_c2_joint_motion_generator_base.h:41:16:   required from here
/home/user/humble_ws/src/bimanual_architecture/franka_multi_mode_controller/panda_motion_generators/include/panda_motion_generators/base/poly_c2_joint_motion_generator_base.h:73:11: warning: comparison of integer expressions of different signedness: ‘int’ and ‘std::vector<Eigen::Matrix<double, 7, 1, 0, 7, 1>, std::allocator<Eigen::Matrix<double, 7, 1, 0, 7, 1> > >::size_type’ {aka ‘long unsigned int’} [-Wsign-compare]
   73 |     if (i == via_poses.size()-1) {
      |         ~~^~~~~~~~~~~~~~~~~~~~~
In file included from /home/user/humble_ws/src/bimanual_architecture/franka_multi_mode_controller/panda_motion_generators/include/panda_motion_generators/base/dq_c1_cartesian_motion_generator.h:5,
                 from /home/user/humble_ws/src/bimanual_architecture/franka_multi_mode_controller/panda_motion_generators/include/panda_motion_generators/motion_generators/panda_dq_c1_cartesian_motion_generator.h:3,
                 from /home/user/humble_ws/src/bimanual_architecture/franka_multi_mode_controller/panda_motion_generators/src/panda_dq_c1_cartesian_motion_generator_node.cpp:3:
/home/user/humble_ws/src/bimanual_architecture/franka_multi_mode_controller/panda_motion_generators/include/panda_motion_generators/base/dq_c1_cartesian_motion_generator_base.h: In member function ‘virtual bool panda_motion_generators::DqC1CartesianMotionGeneratorBase::generateTrajectoryImpl(std::vector<double, std::allocator<double> >&, const std::vector<DQ_robotics::DQ, std::allocator<DQ_robotics::DQ> >&, const double&)’:
/home/user/humble_ws/src/bimanual_architecture/franka_multi_mode_controller/panda_motion_generators/include/panda_motion_generators/base/dq_c1_cartesian_motion_generator_base.h:34:19: warning: comparison of integer expressions of different signedness: ‘int’ and ‘std::vector<DQ_robotics::DQ, std::allocator<DQ_robotics::DQ> >::size_type’ {aka ‘long unsigned int’} [-Wsign-compare]
   34 |     for (int i=0;i<via_poses.size();++i) {
      |                  ~^~~~~~~~~~~~~~~~~
In file included from /home/user/humble_ws/src/bimanual_architecture/franka_multi_mode_controller/panda_motion_generators/include/panda_motion_generators/motion_generators/panda_dq_c1_cartesian_motion_generator.h:3,
                 from /home/user/humble_ws/src/bimanual_architecture/franka_multi_mode_controller/panda_motion_generators/src/panda_dq_c1_cartesian_motion_generator_node.cpp:3:
/home/user/humble_ws/src/bimanual_architecture/franka_multi_mode_controller/panda_motion_generators/include/panda_motion_generators/base/dq_c1_cartesian_motion_generator.h: In instantiation of ‘std::vector<DQ_robotics::DQ, std::allocator<DQ_robotics::DQ> > panda_motion_generators::DqC1CartesianMotionGenerator<CartesianGoalMsg>::getViaPoses(std::shared_ptr<const panda_motion_generator_msgs::action::CartesianViaMotion_Goal_<std::allocator<void> > >&) [with CartesianGoalMsg = multi_mode_control_msgs::msg::CartesianImpedanceGoal_<std::allocator<void> >]’:
/home/user/humble_ws/src/bimanual_architecture/franka_multi_mode_controller/panda_motion_generators/include/panda_motion_generators/base/dq_c1_cartesian_motion_generator.h:83:27:   required from here
/home/user/humble_ws/src/bimanual_architecture/franka_multi_mode_controller/panda_motion_generators/include/panda_motion_generators/base/dq_c1_cartesian_motion_generator.h:85:19: warning: comparison of integer expressions of different signedness: ‘int’ and ‘std::vector<geometry_msgs::msg::Pose_<std::allocator<void> >, std::allocator<geometry_msgs::msg::Pose_<std::allocator<void> > > >::size_type’ {aka ‘long unsigned int’} [-Wsign-compare]
   85 |     for (int i=0;i<goal->via_poses.size();++i) {
      |                  ~^~~~~~~~~~~~~~~~~~~~~~~
In file included from /home/user/humble_ws/src/bimanual_architecture/franka_multi_mode_controller/panda_motion_generators/include/panda_motion_generators/base/dq_c1_cartesian_motion_generator.h:6,
                 from /home/user/humble_ws/src/bimanual_architecture/franka_multi_mode_controller/panda_motion_generators/include/panda_motion_generators/motion_generators/panda_dq_c1_cartesian_motion_generator.h:3,
                 from /home/user/humble_ws/src/bimanual_architecture/franka_multi_mode_controller/panda_motion_generators/src/panda_dq_c1_cartesian_motion_generator_node.cpp:3:
/home/user/humble_ws/src/bimanual_architecture/franka_multi_mode_controller/panda_motion_generators/include/panda_motion_generators/base/motion_generator_ros_interface.h: In instantiation of ‘std::string panda_motion_generators::MotionGeneratorRosInterface<ViaPose, ControlGoal, Config, ControlGoalMsg, Action>::printGoal(std::shared_ptr<const typename Action::Goal>&) [with ViaPose = DQ_robotics::DQ; ControlGoal = panda_motion_generators::CartesianGoal; Config = double; ControlGoalMsg = multi_mode_control_msgs::msg::CartesianImpedanceGoal_<std::allocator<void> >; Action = panda_motion_generator_msgs::action::CartesianViaMotion; std::string = std::__cxx11::basic_string<char>; typename Action::Goal = panda_motion_generator_msgs::action::CartesianViaMotion_Goal_<std::allocator<void> >]’:
/home/user/humble_ws/src/bimanual_architecture/franka_multi_mode_controller/panda_motion_generators/include/panda_motion_generators/base/motion_generator_ros_interface.h:298:23:   required from here
/home/user/humble_ws/src/bimanual_architecture/franka_multi_mode_controller/panda_motion_generators/include/panda_motion_generators/base/motion_generator_ros_interface.h:298:74: warning: unused parameter ‘goal’ [-Wunused-parameter]
  298 |   virtual std::string printGoal(shared_ptr<const typename Action::Goal>& goal) {
      |                                 ~~~~~~~~~~~~~~~~~~~~~~~~~~~~~~~~~~~~~~~~~^~~~
In file included from /home/user/humble_ws/src/bimanual_architecture/franka_multi_mode_controller/panda_motion_generators/include/panda_motion_generators/base/poly_c2_joint_motion_generator.h:5,
                 from /home/user/humble_ws/src/bimanual_architecture/franka_multi_mode_controller/panda_motion_generators/include/panda_motion_generators/motion_generators/panda_poly_c2_joint_motion_generator.h:3,
                 from /home/user/humble_ws/src/bimanual_architecture/franka_multi_mode_controller/panda_motion_generators/src/panda_poly_c2_joint_motion_generator_node.cpp:3:
/home/user/humble_ws/src/bimanual_architecture/franka_multi_mode_controller/panda_motion_generators/include/panda_motion_generators/base/poly_c2_joint_motion_generator_base.h: In instantiation of ‘bool panda_motion_generators::PolyC2JointMotionGeneratorBase<size>::generateTrajectoryImpl(std::vector<double, std::allocator<double> >&, const std::vector<Eigen::Matrix<double, size, 1> >&, const double&) [with int size = 7]’:
/home/user/humble_ws/src/bimanual_architecture/franka_multi_mode_controller/panda_motion_generators/include/panda_motion_generators/base/poly_c2_joint_motion_generator_base.h:41:16:   required from here
/home/user/humble_ws/src/bimanual_architecture/franka_multi_mode_controller/panda_motion_generators/include/panda_motion_generators/base/poly_c2_joint_motion_generator_base.h:51:19: warning: comparison of integer expressions of different signedness: ‘int’ and ‘std::vector<Eigen::Matrix<double, 7, 1, 0, 7, 1>, std::allocator<Eigen::Matrix<double, 7, 1, 0, 7, 1> > >::size_type’ {aka ‘long unsigned int’} [-Wsign-compare]
   51 |     for (int i=0;i<via_poses.size();++i) {
      |                  ~^~~~~~~~~~~~~~~~~
In file included from /home/user/humble_ws/src/bimanual_architecture/franka_multi_mode_controller/panda_motion_generators/include/panda_motion_generators/motion_generators/panda_poly_c2_joint_motion_generator.h:3,
                 from /home/user/humble_ws/src/bimanual_architecture/franka_multi_mode_controller/panda_motion_generators/src/panda_poly_c2_joint_motion_generator_node.cpp:3:
/home/user/humble_ws/src/bimanual_architecture/franka_multi_mode_controller/panda_motion_generators/include/panda_motion_generators/base/poly_c2_joint_motion_generator.h: In instantiation of ‘bool panda_motion_generators::PolyC2JointMotionGenerator<ControlGoalMsg, size>::checkGoal(std::shared_ptr<const panda_motion_generator_msgs::action::JointViaMotion_Goal_<std::allocator<void> > >&) [with ControlGoalMsg = multi_mode_control_msgs::msg::JointGoal_<std::allocator<void> >; int size = 7]’:
/home/user/humble_ws/src/bimanual_architecture/franka_multi_mode_controller/panda_motion_generators/include/panda_motion_generators/base/poly_c2_joint_motion_generator.h:63:16:   required from here
/home/user/humble_ws/src/bimanual_architecture/franka_multi_mode_controller/panda_motion_generators/include/panda_motion_generators/base/poly_c2_joint_motion_generator.h:68:19: warning: comparison of integer expressions of different signedness: ‘int’ and ‘std::vector<panda_motion_generator_msgs::msg::JointPose_<std::allocator<void> >, std::allocator<panda_motion_generator_msgs::msg::JointPose_<std::allocator<void> > > >::size_type’ {aka ‘long unsigned int’} [-Wsign-compare]
   68 |     for (int i=0;i<goal->via_poses.size();++i) {
      |                  ~^~~~~~~~~~~~~~~~~~~~~~~
/home/user/humble_ws/src/bimanual_architecture/franka_multi_mode_controller/panda_motion_generators/include/panda_motion_generators/base/poly_c2_joint_motion_generator.h: In instantiation of ‘std::vector<Eigen::Matrix<double, size, 1> > panda_motion_generators::PolyC2JointMotionGenerator<ControlGoalMsg, size>::getViaPoses(std::shared_ptr<const panda_motion_generator_msgs::action::JointViaMotion_Goal_<std::allocator<void> > >&) [with ControlGoalMsg = multi_mode_control_msgs::msg::JointGoal_<std::allocator<void> >; int size = 7]’:
/home/user/humble_ws/src/bimanual_architecture/franka_multi_mode_controller/panda_motion_generators/include/panda_motion_generators/base/poly_c2_joint_motion_generator.h:120:33:   required from here
/home/user/humble_ws/src/bimanual_architecture/franka_multi_mode_controller/panda_motion_generators/include/panda_motion_generators/base/poly_c2_joint_motion_generator.h:122:19: warning: comparison of integer expressions of different signedness: ‘int’ and ‘std::vector<panda_motion_generator_msgs::msg::JointPose_<std::allocator<void> >, std::allocator<panda_motion_generator_msgs::msg::JointPose_<std::allocator<void> > > >::size_type’ {aka ‘long unsigned int’} [-Wsign-compare]
  122 |     for (int i=0;i<goal->via_poses.size();++i) {
      |                  ~^~~~~~~~~~~~~~~~~~~~~~~
/home/user/humble_ws/src/bimanual_architecture/franka_multi_mode_controller/panda_motion_generators/include/panda_motion_generators/base/poly_c2_joint_motion_generator.h: In instantiation of ‘std::string panda_motion_generators::PolyC2JointMotionGenerator<ControlGoalMsg, size>::printGoal(std::shared_ptr<const panda_motion_generator_msgs::action::JointViaMotion_Goal_<std::allocator<void> > >&) [with ControlGoalMsg = multi_mode_control_msgs::msg::JointGoal_<std::allocator<void> >; int size = 7; std::string = std::__cxx11::basic_string<char>]’:
/home/user/humble_ws/src/bimanual_architecture/franka_multi_mode_controller/panda_motion_generators/include/panda_motion_generators/base/poly_c2_joint_motion_generator.h:131:23:   required from here
/home/user/humble_ws/src/bimanual_architecture/franka_multi_mode_controller/panda_motion_generators/include/panda_motion_generators/base/poly_c2_joint_motion_generator.h:136:19: warning: comparison of integer expressions of different signedness: ‘int’ and ‘std::vector<double, std::allocator<double> >::size_type’ {aka ‘long unsigned int’} [-Wsign-compare]
  136 |     for (int i=0;i<goal->via_poses.back().q.size()-1;++i) {
      |                  ~^~~~~~~~~~~~~~~~~~~~~~~~~~~~~~~~~~
In file included from /home/user/humble_ws/src/bimanual_architecture/franka_multi_mode_controller/panda_motion_generators/include/panda_motion_generators/base/poly_c2_joint_motion_generator.h:6,
                 from /home/user/humble_ws/src/bimanual_architecture/franka_multi_mode_controller/panda_motion_generators/include/panda_motion_generators/motion_generators/panda_poly_c2_joint_motion_generator.h:3,
                 from /home/user/humble_ws/src/bimanual_architecture/franka_multi_mode_controller/panda_motion_generators/src/panda_poly_c2_joint_motion_generator_node.cpp:3:
/home/user/humble_ws/src/bimanual_architecture/franka_multi_mode_controller/panda_motion_generators/include/panda_motion_generators/base/motion_generator_ros_interface.h: In instantiation of ‘std::string panda_motion_generators::MotionGeneratorRosInterface<ViaPose, ControlGoal, Config, ControlGoalMsg, Action>::printGoal(std::shared_ptr<const typename Action::Goal>&) [with ViaPose = Eigen::Matrix<double, 7, 1, 0, 7, 1>; ControlGoal = panda_motion_generators::JointGoal<7>; Config = double; ControlGoalMsg = multi_mode_control_msgs::msg::JointGoal_<std::allocator<void> >; Action = panda_motion_generator_msgs::action::JointViaMotion; std::string = std::__cxx11::basic_string<char>; typename Action::Goal = panda_motion_generator_msgs::action::JointViaMotion_Goal_<std::allocator<void> >]’:
/home/user/humble_ws/src/bimanual_architecture/franka_multi_mode_controller/panda_motion_generators/include/panda_motion_generators/base/motion_generator_ros_interface.h:298:23:   required from here
/home/user/humble_ws/src/bimanual_architecture/franka_multi_mode_controller/panda_motion_generators/include/panda_motion_generators/base/motion_generator_ros_interface.h:298:74: warning: unused parameter ‘goal’ [-Wunused-parameter]
  298 |   virtual std::string printGoal(shared_ptr<const typename Action::Goal>& goal) {
      |                                 ~~~~~~~~~~~~~~~~~~~~~~~~~~~~~~~~~~~~~~~~~^~~~
In file included from /home/user/humble_ws/src/bimanual_architecture/franka_multi_mode_controller/panda_motion_generators/include/panda_motion_generators/base/poly_c2_joint_motion_generator.h:5,
                 from /home/user/humble_ws/src/bimanual_architecture/franka_multi_mode_controller/panda_motion_generators/include/panda_motion_generators/motion_generators/panda_poly_c2_joint_motion_generator.h:3,
                 from /home/user/humble_ws/src/bimanual_architecture/franka_multi_mode_controller/panda_motion_generators/src/panda_poly_c2_joint_motion_generator_node.cpp:3:
/home/user/humble_ws/src/bimanual_architecture/franka_multi_mode_controller/panda_motion_generators/include/panda_motion_generators/base/poly_c2_joint_motion_generator_base.h: In instantiation of ‘panda_motion_generators::PolyC2JointMotionGeneratorBase<size>::VectorSd panda_motion_generators::PolyC2JointMotionGeneratorBase<size>::getEndVel(std::vector<double, std::allocator<double> >&, const std::vector<Eigen::Matrix<double, size, 1> >&, double, int) [with int size = 7; panda_motion_generators::PolyC2JointMotionGeneratorBase<size>::VectorSd = Eigen::Matrix<double, 7, 1, 0, 7, 1>]’:
/home/user/humble_ws/src/bimanual_architecture/franka_multi_mode_controller/panda_motion_generators/include/panda_motion_generators/base/poly_c2_joint_motion_generator_base.h:52:24:   required from ‘bool panda_motion_generators::PolyC2JointMotionGeneratorBase<size>::generateTrajectoryImpl(std::vector<double, std::allocator<double> >&, const std::vector<Eigen::Matrix<double, size, 1> >&, const double&) [with int size = 7]’
/home/user/humble_ws/src/bimanual_architecture/franka_multi_mode_controller/panda_motion_generators/include/panda_motion_generators/base/poly_c2_joint_motion_generator_base.h:41:16:   required from here
/home/user/humble_ws/src/bimanual_architecture/franka_multi_mode_controller/panda_motion_generators/include/panda_motion_generators/base/poly_c2_joint_motion_generator_base.h:73:11: warning: comparison of integer expressions of different signedness: ‘int’ and ‘std::vector<Eigen::Matrix<double, 7, 1, 0, 7, 1>, std::allocator<Eigen::Matrix<double, 7, 1, 0, 7, 1> > >::size_type’ {aka ‘long unsigned int’} [-Wsign-compare]
   73 |     if (i == via_poses.size()-1) {
      |         ~~^~~~~~~~~~~~~~~~~~~~~
