-- The C compiler identification is GNU 11.4.0
-- The CXX compiler identification is GNU 11.4.0
-- Detecting C compiler ABI info
-- Detecting C compiler ABI info - done
-- Check for working C compiler: /usr/bin/cc - skipped
-- Detecting C compile features
-- Detecting C compile features - done
-- Detecting CXX compiler ABI info
-- Detecting CXX compiler ABI info - done
-- Check for working CXX compiler: /usr/bin/c++ - skipped
-- Detecting CXX compile features
-- Detecting CXX compile features - done
-- Found ament_cmake: 1.3.10 (/opt/ros/humble/share/ament_cmake/cmake)
-- Found Python3: /usr/bin/python3 (found version "3.10.12") found components: Interpreter 
-- Found rclcpp: 16.0.10 (/opt/ros/humble/share/rclcpp/cmake)
-- Found rosidl_generator_c: 3.1.5 (/opt/ros/humble/share/rosidl_generator_c/cmake)
-- Found rosidl_adapter: 3.1.5 (/opt/ros/humble/share/rosidl_adapter/cmake)
-- Found rosidl_generator_cpp: 3.1.5 (/opt/ros/humble/share/rosidl_generator_cpp/cmake)
-- Using all available rosidl_typesupport_c: rosidl_typesupport_fastrtps_c;rosidl_typesupport_introspection_c
-- Using all available rosidl_typesupport_cpp: rosidl_typesupport_fastrtps_cpp;rosidl_typesupport_introspection_cpp
-- Found rmw_implementation_cmake: 6.1.2 (/opt/ros/humble/share/rmw_implementation_cmake/cmake)
-- Found rmw_fastrtps_cpp: 6.2.7 (/opt/ros/humble/share/rmw_fastrtps_cpp/cmake)
-- Found OpenSSL: /usr/lib/x86_64-linux-gnu/libcrypto.so (found version "3.0.2")  
-- Found FastRTPS: /opt/ros/humble/include  
-- Using RMW implementation 'rmw_fastrtps_cpp' as default
-- Looking for pthread.h
-- Looking for pthread.h - found
-- Performing Test CMAKE_HAVE_LIBC_PTHREAD
-- Performing Test CMAKE_HAVE_LIBC_PTHREAD - Success
-- Found Threads: TRUE  
-- Found rclcpp_action: 16.0.10 (/opt/ros/humble/share/rclcpp_action/cmake)
-- Found sensor_msgs: 4.2.4 (/opt/ros/humble/share/sensor_msgs/cmake)
-- Found std_srvs: 4.2.4 (/opt/ros/humble/share/std_srvs/cmake)
-- Found panda_motion_generator_msgs: 0.0.0 (/home/user/humble_ws/install/panda_motion_generator_msgs/share/panda_motion_generator_msgs/cmake)
-- Found multi_mode_control_msgs: 0.0.0 (/home/user/humble_ws/install/multi_mode_control_msgs/share/multi_mode_control_msgs/cmake)
-- Found multi_mode_controller: 0.0.0 (/home/user/humble_ws/install/multi_mode_controller/share/multi_mode_controller/cmake)
-- Found tf2: 0.25.7 (/opt/ros/humble/share/tf2/cmake)
-- Found tf2_ros: 0.25.7 (/opt/ros/humble/share/tf2_ros/cmake)
-- Found ament_lint_auto: 0.12.11 (/opt/ros/humble/share/ament_lint_auto/cmake)
-- Added test 'cppcheck' to perform static code analysis on C / C++ code
-- Configured cppcheck include dirs: /home/user/humble_ws/src/bimanual_architecture/franka_multi_mode_controller/panda_motion_generators/include
-- Configured cppcheck exclude dirs and/or files: 
-- Added test 'lint_cmake' to check CMake code style
-- Added test 'uncrustify' to check C / C++ code style
-- Configured uncrustify additional arguments: 
-- Added test 'xmllint' to check XML markup files
-- Configuring done
-- Generating done
-- Build files have been written to: /home/user/humble_ws/build/panda_motion_generators
[  7%] Building CXX object CMakeFiles/panda_to_init_pose_client.dir/src/panda_to_init_pose_client.cpp.o
[ 15%] Building CXX object CMakeFiles/panda_motion_generators.dir/src/panda_poly_c2_joint_motion_generator.cpp.o
[ 23%] Building CXX object CMakeFiles/panda_dq_c1_cartesian_motion_generator_client.dir/src/panda_dq_c1_cartesian_motion_generator_client.cpp.o
[ 30%] Building CXX object CMakeFiles/panda_poly_c2_joint_motion_generator_client.dir/src/panda_poly_c2_joint_motion_generator_client.cpp.o
[ 38%] Building CXX object CMakeFiles/panda_motion_generators.dir/src/panda_dq_c1_cartesian_motion_generator.cpp.o
[ 46%] Linking CXX executable panda_dq_c1_cartesian_motion_generator_client
[ 46%] Built target panda_dq_c1_cartesian_motion_generator_client
[ 53%] Linking CXX executable panda_poly_c2_joint_motion_generator_client
[ 53%] Built target panda_poly_c2_joint_motion_generator_client
[ 61%] Linking CXX executable panda_to_init_pose_client
[ 61%] Built target panda_to_init_pose_client
[ 69%] Linking CXX shared library libpanda_motion_generators.so
[ 69%] Built target panda_motion_generators
[ 76%] Building CXX object CMakeFiles/panda_dq_c1_cartesian_motion_generator_node.dir/src/panda_dq_c1_cartesian_motion_generator_node.cpp.o
[ 84%] Building CXX object CMakeFiles/panda_poly_c2_joint_motion_generator_node.dir/src/panda_poly_c2_joint_motion_generator_node.cpp.o
[ 92%] Linking CXX executable panda_dq_c1_cartesian_motion_generator_node
[ 92%] Built target panda_dq_c1_cartesian_motion_generator_node
[100%] Linking CXX executable panda_poly_c2_joint_motion_generator_node
[100%] Built target panda_poly_c2_joint_motion_generator_node
-- Install configuration: "Release"
-- Installing: /home/user/humble_ws/install/panda_motion_generators/lib/libpanda_motion_generators.so
-- Set runtime path of "/home/user/humble_ws/install/panda_motion_generators/lib/libpanda_motion_generators.so" to ""
-- Installing: /home/user/humble_ws/install/panda_motion_generators/lib/panda_motion_generators/panda_poly_c2_joint_motion_generator_node
-- Set runtime path of "/home/user/humble_ws/install/panda_motion_generators/lib/panda_motion_generators/panda_poly_c2_joint_motion_generator_node" to ""
-- Installing: /home/user/humble_ws/install/panda_motion_generators/lib/panda_motion_generators/panda_dq_c1_cartesian_motion_generator_node
-- Set runtime path of "/home/user/humble_ws/install/panda_motion_generators/lib/panda_motion_generators/panda_dq_c1_cartesian_motion_generator_node" to ""
-- Installing: /home/user/humble_ws/install/panda_motion_generators/lib/panda_motion_generators/panda_poly_c2_joint_motion_generator_client
-- Set runtime path of "/home/user/humble_ws/install/panda_motion_generators/lib/panda_motion_generators/panda_poly_c2_joint_motion_generator_client" to ""
-- Installing: /home/user/humble_ws/install/panda_motion_generators/lib/panda_motion_generators/panda_dq_c1_cartesian_motion_generator_client
-- Set runtime path of "/home/user/humble_ws/install/panda_motion_generators/lib/panda_motion_generators/panda_dq_c1_cartesian_motion_generator_client" to ""
-- Installing: /home/user/humble_ws/install/panda_motion_generators/lib/panda_motion_generators/panda_to_init_pose_client
-- Set runtime path of "/home/user/humble_ws/install/panda_motion_generators/lib/panda_motion_generators/panda_to_init_pose_client" to ""
-- Installing: /home/user/humble_ws/install/panda_motion_generators/include
-- Installing: /home/user/humble_ws/install/panda_motion_generators/include/panda_motion_generators
-- Installing: /home/user/humble_ws/install/panda_motion_generators/include/panda_motion_generators/motion_generators
-- Installing: /home/user/humble_ws/install/panda_motion_generators/include/panda_motion_generators/motion_generators/panda_dq_c1_cartesian_motion_generator.h
-- Installing: /home/user/humble_ws/install/panda_motion_generators/include/panda_motion_generators/motion_generators/panda_poly_c2_joint_motion_generator.h
-- Installing: /home/user/humble_ws/install/panda_motion_generators/include/panda_motion_generators/base
-- Installing: /home/user/humble_ws/install/panda_motion_generators/include/panda_motion_generators/base/motion_generator_base.h
-- Installing: /home/user/humble_ws/install/panda_motion_generators/include/panda_motion_generators/base/motion_generator_ros_interface.h
-- Installing: /home/user/humble_ws/install/panda_motion_generators/include/panda_motion_generators/base/dq_c1_cartesian_motion_generator_base.h
-- Installing: /home/user/humble_ws/install/panda_motion_generators/include/panda_motion_generators/base/dq_c1_cartesian_motion_generator.h
-- Installing: /home/user/humble_ws/install/panda_motion_generators/include/panda_motion_generators/base/poly_c2_joint_motion_generator_base.h
-- Installing: /home/user/humble_ws/install/panda_motion_generators/include/panda_motion_generators/base/poly_c2_joint_motion_generator.h
-- Installing: /home/user/humble_ws/install/panda_motion_generators/share/ament_index/resource_index/package_run_dependencies/panda_motion_generators
-- Installing: /home/user/humble_ws/install/panda_motion_generators/share/ament_index/resource_index/parent_prefix_path/panda_motion_generators
-- Installing: /home/user/humble_ws/install/panda_motion_generators/share/panda_motion_generators/environment/ament_prefix_path.sh
-- Installing: /home/user/humble_ws/install/panda_motion_generators/share/panda_motion_generators/environment/ament_prefix_path.dsv
-- Installing: /home/user/humble_ws/install/panda_motion_generators/share/panda_motion_generators/environment/path.sh
-- Installing: /home/user/humble_ws/install/panda_motion_generators/share/panda_motion_generators/environment/path.dsv
-- Installing: /home/user/humble_ws/install/panda_motion_generators/share/panda_motion_generators/local_setup.bash
-- Installing: /home/user/humble_ws/install/panda_motion_generators/share/panda_motion_generators/local_setup.sh
-- Installing: /home/user/humble_ws/install/panda_motion_generators/share/panda_motion_generators/local_setup.zsh
-- Installing: /home/user/humble_ws/install/panda_motion_generators/share/panda_motion_generators/local_setup.dsv
-- Installing: /home/user/humble_ws/install/panda_motion_generators/share/panda_motion_generators/package.dsv
-- Installing: /home/user/humble_ws/install/panda_motion_generators/share/ament_index/resource_index/packages/panda_motion_generators
-- Installing: /home/user/humble_ws/install/panda_motion_generators/share/panda_motion_generators/cmake/panda_motion_generatorsConfig.cmake
-- Installing: /home/user/humble_ws/install/panda_motion_generators/share/panda_motion_generators/cmake/panda_motion_generatorsConfig-version.cmake
-- Installing: /home/user/humble_ws/install/panda_motion_generators/share/panda_motion_generators/package.xml
