-- The C compiler identification is GNU 11.4.0
-- The CXX compiler identification is GNU 11.4.0
-- Detecting C compiler ABI info
-- Detecting C compiler ABI info - done
-- Check for working C compiler: /usr/bin/cc - skipped
-- Detecting C compile features
-- Detecting C compile features - done
-- Detecting CXX compiler ABI info
-- Detecting CXX compiler ABI info - done
-- Check for working CXX compiler: /usr/bin/c++ - skipped
-- Detecting CXX compile features
-- Detecting CXX compile features - done
-- Found ament_cmake: 1.3.10 (/opt/ros/humble/share/ament_cmake/cmake)
-- Found Python3: /usr/bin/python3 (found version "3.10.12") found components: Interpreter 
-- Found rosidl_default_generators: 1.2.0 (/opt/ros/humble/share/rosidl_default_generators/cmake)
-- Using all available rosidl_typesupport_c: rosidl_typesupport_fastrtps_c;rosidl_typesupport_introspection_c
-- Found rosidl_adapter: 3.1.5 (/opt/ros/humble/share/rosidl_adapter/cmake)
-- Using all available rosidl_typesupport_cpp: rosidl_typesupport_fastrtps_cpp;rosidl_typesupport_introspection_cpp
-- Found std_msgs: 4.2.4 (/opt/ros/humble/share/std_msgs/cmake)
-- Found geometry_msgs: 4.2.4 (/opt/ros/humble/share/geometry_msgs/cmake)
-- Found ament_cmake_ros: 0.10.0 (/opt/ros/humble/share/ament_cmake_ros/cmake)
-- Using all available rosidl_typesupport_c: rosidl_typesupport_fastrtps_c;rosidl_typesupport_introspection_c
-- Using all available rosidl_typesupport_cpp: rosidl_typesupport_fastrtps_cpp;rosidl_typesupport_introspection_cpp
-- Found PythonInterp: /usr/bin/python3 (found suitable version "3.10.12", minimum required is "3.6") 
-- Found python_cmake_module: 0.10.0 (/opt/ros/humble/share/python_cmake_module/cmake)
-- Found PythonLibs: /usr/lib/x86_64-linux-gnu/libpython3.10.so (found suitable version "3.10.12", minimum required is "3.5") 
-- Using PYTHON_EXECUTABLE: /usr/bin/python3
-- Using PYTHON_INCLUDE_DIRS: /usr/include/python3.10
-- Using PYTHON_LIBRARIES: /usr/lib/x86_64-linux-gnu/libpython3.10.so
-- Found PythonExtra: .so  
-- Found ament_lint_auto: 0.12.11 (/opt/ros/humble/share/ament_lint_auto/cmake)
-- Added test 'copyright' to check source files copyright and LICENSE
-- Added test 'lint_cmake' to check CMake code style
-- Added test 'xmllint' to check XML markup files
-- Configuring done
-- Generating done
-- Build files have been written to: /home/user/humble_ws/build/franka_msgs
[  0%] Generating C code for ROS interfaces
[  0%] Generating C++ code for ROS interfaces
[  0%] Built target ament_cmake_python_copy_franka_msgs
running egg_info
creating franka_msgs.egg-info
writing franka_msgs.egg-info/PKG-INFO
writing dependency_links to franka_msgs.egg-info/dependency_links.txt
writing top-level names to franka_msgs.egg-info/top_level.txt
writing manifest file 'franka_msgs.egg-info/SOURCES.txt'
reading manifest file 'franka_msgs.egg-info/SOURCES.txt'
writing manifest file 'franka_msgs.egg-info/SOURCES.txt'
[  0%] Built target ament_cmake_python_build_franka_msgs_egg
[  0%] Built target franka_msgs__cpp
[  1%] Generating C++ type support dispatch for ROS interfaces
[  1%] Generating C++ introspection for ROS interfaces
[  2%] Generating C++ type support for eProsima Fast-RTPS
[  3%] Building C object CMakeFiles/franka_msgs__rosidl_generator_c.dir/rosidl_generator_c/franka_msgs/action/detail/homing__functions.c.o
[  3%] Building C object CMakeFiles/franka_msgs__rosidl_generator_c.dir/rosidl_generator_c/franka_msgs/action/detail/move__functions.c.o
[  4%] Building C object CMakeFiles/franka_msgs__rosidl_generator_c.dir/rosidl_generator_c/franka_msgs/action/detail/grasp__functions.c.o
[  5%] Building C object CMakeFiles/franka_msgs__rosidl_generator_c.dir/rosidl_generator_c/franka_msgs/srv/detail/set_cartesian_stiffness__functions.c.o
[  5%] Building C object CMakeFiles/franka_msgs__rosidl_generator_c.dir/rosidl_generator_c/franka_msgs/srv/detail/set_tcp_frame__functions.c.o
[  6%] Building C object CMakeFiles/franka_msgs__rosidl_generator_c.dir/rosidl_generator_c/franka_msgs/srv/detail/error_recovery__functions.c.o
[  7%] Building C object CMakeFiles/franka_msgs__rosidl_generator_c.dir/rosidl_generator_c/franka_msgs/srv/detail/set_force_torque_collision_behavior__functions.c.o
[  7%] Building C object CMakeFiles/franka_msgs__rosidl_generator_c.dir/rosidl_generator_c/franka_msgs/srv/detail/set_full_collision_behavior__functions.c.o
[  8%] Building C object CMakeFiles/franka_msgs__rosidl_generator_c.dir/rosidl_generator_c/franka_msgs/srv/detail/set_joint_stiffness__functions.c.o
[  9%] Building C object CMakeFiles/franka_msgs__rosidl_generator_c.dir/rosidl_generator_c/franka_msgs/srv/detail/set_stiffness_frame__functions.c.o
[  9%] Building C object CMakeFiles/franka_msgs__rosidl_generator_c.dir/rosidl_generator_c/franka_msgs/srv/detail/set_load__functions.c.o
[ 10%] Building C object CMakeFiles/franka_msgs__rosidl_generator_c.dir/rosidl_generator_c/franka_msgs/srv/detail/set_mujoco_poses__functions.c.o
[ 11%] Building C object CMakeFiles/franka_msgs__rosidl_generator_c.dir/rosidl_generator_c/franka_msgs/msg/detail/grasp_epsilon__functions.c.o
[ 11%] Building C object CMakeFiles/franka_msgs__rosidl_generator_c.dir/rosidl_generator_c/franka_msgs/msg/detail/franka_state__functions.c.o
[ 12%] Building C object CMakeFiles/franka_msgs__rosidl_generator_c.dir/rosidl_generator_c/franka_msgs/msg/detail/franka_model__functions.c.o
[ 12%] Building C object CMakeFiles/franka_msgs__rosidl_generator_c.dir/rosidl_generator_c/franka_msgs/msg/detail/errors__functions.c.o
[ 13%] Building C object CMakeFiles/franka_msgs__rosidl_generator_c.dir/rosidl_generator_c/franka_msgs/msg/detail/pose_stamped_array__functions.c.o
[ 13%] Building CXX object CMakeFiles/franka_msgs__rosidl_typesupport_cpp.dir/rosidl_typesupport_cpp/franka_msgs/action/grasp__type_support.cpp.o
[ 14%] Building CXX object CMakeFiles/franka_msgs__rosidl_typesupport_cpp.dir/rosidl_typesupport_cpp/franka_msgs/action/homing__type_support.cpp.o
[ 15%] Building CXX object CMakeFiles/franka_msgs__rosidl_typesupport_cpp.dir/rosidl_typesupport_cpp/franka_msgs/action/move__type_support.cpp.o
[ 16%] Building CXX object CMakeFiles/franka_msgs__rosidl_typesupport_cpp.dir/rosidl_typesupport_cpp/franka_msgs/srv/set_cartesian_stiffness__type_support.cpp.o
[ 16%] Building CXX object CMakeFiles/franka_msgs__rosidl_typesupport_cpp.dir/rosidl_typesupport_cpp/franka_msgs/srv/error_recovery__type_support.cpp.o
[ 16%] Building CXX object CMakeFiles/franka_msgs__rosidl_typesupport_cpp.dir/rosidl_typesupport_cpp/franka_msgs/srv/set_force_torque_collision_behavior__type_support.cpp.o
[ 18%] Building CXX object CMakeFiles/franka_msgs__rosidl_typesupport_cpp.dir/rosidl_typesupport_cpp/franka_msgs/srv/set_full_collision_behavior__type_support.cpp.o
[ 18%] Building CXX object CMakeFiles/franka_msgs__rosidl_typesupport_cpp.dir/rosidl_typesupport_cpp/franka_msgs/srv/set_tcp_frame__type_support.cpp.o
[ 19%] Building CXX object CMakeFiles/franka_msgs__rosidl_typesupport_cpp.dir/rosidl_typesupport_cpp/franka_msgs/srv/set_joint_stiffness__type_support.cpp.o
[ 20%] Linking C shared library libfranka_msgs__rosidl_generator_c.so
[ 20%] Built target franka_msgs__rosidl_generator_c
[ 20%] Building CXX object CMakeFiles/franka_msgs__rosidl_typesupport_cpp.dir/rosidl_typesupport_cpp/franka_msgs/srv/set_stiffness_frame__type_support.cpp.o
[ 21%] Generating C type support for eProsima Fast-RTPS
[ 22%] Generating C introspection for ROS interfaces
[ 23%] Building CXX object CMakeFiles/franka_msgs__rosidl_typesupport_cpp.dir/rosidl_typesupport_cpp/franka_msgs/srv/set_load__type_support.cpp.o
[ 23%] Building CXX object CMakeFiles/franka_msgs__rosidl_typesupport_cpp.dir/rosidl_typesupport_cpp/franka_msgs/srv/set_mujoco_poses__type_support.cpp.o
[ 24%] Building CXX object CMakeFiles/franka_msgs__rosidl_typesupport_cpp.dir/rosidl_typesupport_cpp/franka_msgs/msg/grasp_epsilon__type_support.cpp.o
[ 25%] Building CXX object CMakeFiles/franka_msgs__rosidl_typesupport_cpp.dir/rosidl_typesupport_cpp/franka_msgs/msg/franka_state__type_support.cpp.o
[ 26%] Generating C type support dispatch for ROS interfaces
[ 26%] Building CXX object CMakeFiles/franka_msgs__rosidl_typesupport_cpp.dir/rosidl_typesupport_cpp/franka_msgs/msg/franka_model__type_support.cpp.o
[ 27%] Building CXX object CMakeFiles/franka_msgs__rosidl_typesupport_cpp.dir/rosidl_typesupport_cpp/franka_msgs/msg/errors__type_support.cpp.o
[ 28%] Building CXX object CMakeFiles/franka_msgs__rosidl_typesupport_cpp.dir/rosidl_typesupport_cpp/franka_msgs/msg/pose_stamped_array__type_support.cpp.o
[ 28%] Building CXX object CMakeFiles/franka_msgs__rosidl_typesupport_introspection_cpp.dir/rosidl_typesupport_introspection_cpp/franka_msgs/action/detail/homing__type_support.cpp.o
[ 29%] Building CXX object CMakeFiles/franka_msgs__rosidl_typesupport_introspection_cpp.dir/rosidl_typesupport_introspection_cpp/franka_msgs/action/detail/grasp__type_support.cpp.o
[ 30%] Building CXX object CMakeFiles/franka_msgs__rosidl_typesupport_introspection_cpp.dir/rosidl_typesupport_introspection_cpp/franka_msgs/action/detail/move__type_support.cpp.o
[ 31%] Building CXX object CMakeFiles/franka_msgs__rosidl_typesupport_introspection_cpp.dir/rosidl_typesupport_introspection_cpp/franka_msgs/srv/detail/error_recovery__type_support.cpp.o
[ 31%] Building CXX object CMakeFiles/franka_msgs__rosidl_typesupport_introspection_cpp.dir/rosidl_typesupport_introspection_cpp/franka_msgs/srv/detail/set_cartesian_stiffness__type_support.cpp.o
[ 32%] Building CXX object CMakeFiles/franka_msgs__rosidl_typesupport_introspection_cpp.dir/rosidl_typesupport_introspection_cpp/franka_msgs/srv/detail/set_tcp_frame__type_support.cpp.o
[ 33%] Linking CXX shared library libfranka_msgs__rosidl_typesupport_cpp.so
[ 33%] Building CXX object CMakeFiles/franka_msgs__rosidl_typesupport_introspection_cpp.dir/rosidl_typesupport_introspection_cpp/franka_msgs/srv/detail/set_force_torque_collision_behavior__type_support.cpp.o
[ 33%] Built target franka_msgs__rosidl_typesupport_cpp
[ 33%] Building CXX object CMakeFiles/franka_msgs__rosidl_typesupport_introspection_cpp.dir/rosidl_typesupport_introspection_cpp/franka_msgs/srv/detail/set_full_collision_behavior__type_support.cpp.o
[ 34%] Building CXX object CMakeFiles/franka_msgs__rosidl_typesupport_introspection_cpp.dir/rosidl_typesupport_introspection_cpp/franka_msgs/srv/detail/set_joint_stiffness__type_support.cpp.o
[ 34%] Building CXX object CMakeFiles/franka_msgs__rosidl_typesupport_introspection_cpp.dir/rosidl_typesupport_introspection_cpp/franka_msgs/srv/detail/set_stiffness_frame__type_support.cpp.o
[ 35%] Building CXX object CMakeFiles/franka_msgs__rosidl_typesupport_fastrtps_cpp.dir/rosidl_typesupport_fastrtps_cpp/franka_msgs/action/detail/dds_fastrtps/grasp__type_support.cpp.o
[ 35%] Building CXX object CMakeFiles/franka_msgs__rosidl_typesupport_fastrtps_cpp.dir/rosidl_typesupport_fastrtps_cpp/franka_msgs/action/detail/dds_fastrtps/homing__type_support.cpp.o
[ 36%] Building CXX object CMakeFiles/franka_msgs__rosidl_typesupport_fastrtps_cpp.dir/rosidl_typesupport_fastrtps_cpp/franka_msgs/action/detail/dds_fastrtps/move__type_support.cpp.o
[ 37%] Building CXX object CMakeFiles/franka_msgs__rosidl_typesupport_fastrtps_cpp.dir/rosidl_typesupport_fastrtps_cpp/franka_msgs/srv/detail/dds_fastrtps/error_recovery__type_support.cpp.o
[ 38%] Building CXX object CMakeFiles/franka_msgs__rosidl_typesupport_introspection_cpp.dir/rosidl_typesupport_introspection_cpp/franka_msgs/srv/detail/set_load__type_support.cpp.o
[ 39%] Building CXX object CMakeFiles/franka_msgs__rosidl_typesupport_introspection_cpp.dir/rosidl_typesupport_introspection_cpp/franka_msgs/srv/detail/set_mujoco_poses__type_support.cpp.o
[ 39%] Building CXX object CMakeFiles/franka_msgs__rosidl_typesupport_fastrtps_cpp.dir/rosidl_typesupport_fastrtps_cpp/franka_msgs/srv/detail/dds_fastrtps/set_cartesian_stiffness__type_support.cpp.o
[ 39%] Building CXX object CMakeFiles/franka_msgs__rosidl_typesupport_introspection_cpp.dir/rosidl_typesupport_introspection_cpp/franka_msgs/msg/detail/grasp_epsilon__type_support.cpp.o
[ 40%] Building CXX object CMakeFiles/franka_msgs__rosidl_typesupport_fastrtps_cpp.dir/rosidl_typesupport_fastrtps_cpp/franka_msgs/srv/detail/dds_fastrtps/set_tcp_frame__type_support.cpp.o
[ 40%] Building CXX object CMakeFiles/franka_msgs__rosidl_typesupport_c.dir/rosidl_typesupport_c/franka_msgs/action/grasp__type_support.cpp.o
[ 41%] Building CXX object CMakeFiles/franka_msgs__rosidl_typesupport_introspection_cpp.dir/rosidl_typesupport_introspection_cpp/franka_msgs/msg/detail/franka_state__type_support.cpp.o
[ 42%] Building CXX object CMakeFiles/franka_msgs__rosidl_typesupport_introspection_cpp.dir/rosidl_typesupport_introspection_cpp/franka_msgs/msg/detail/franka_model__type_support.cpp.o
[ 43%] Building CXX object CMakeFiles/franka_msgs__rosidl_typesupport_c.dir/rosidl_typesupport_c/franka_msgs/action/homing__type_support.cpp.o
[ 43%] Building CXX object CMakeFiles/franka_msgs__rosidl_typesupport_introspection_cpp.dir/rosidl_typesupport_introspection_cpp/franka_msgs/msg/detail/errors__type_support.cpp.o
[ 44%] Building CXX object CMakeFiles/franka_msgs__rosidl_typesupport_c.dir/rosidl_typesupport_c/franka_msgs/action/move__type_support.cpp.o
[ 45%] Building CXX object CMakeFiles/franka_msgs__rosidl_typesupport_introspection_cpp.dir/rosidl_typesupport_introspection_cpp/franka_msgs/msg/detail/pose_stamped_array__type_support.cpp.o
[ 45%] Building CXX object CMakeFiles/franka_msgs__rosidl_typesupport_c.dir/rosidl_typesupport_c/franka_msgs/srv/error_recovery__type_support.cpp.o
[ 46%] Building CXX object CMakeFiles/franka_msgs__rosidl_typesupport_c.dir/rosidl_typesupport_c/franka_msgs/srv/set_cartesian_stiffness__type_support.cpp.o
[ 46%] Building CXX object CMakeFiles/franka_msgs__rosidl_typesupport_c.dir/rosidl_typesupport_c/franka_msgs/srv/set_tcp_frame__type_support.cpp.o
[ 47%] Building CXX object CMakeFiles/franka_msgs__rosidl_typesupport_c.dir/rosidl_typesupport_c/franka_msgs/srv/set_force_torque_collision_behavior__type_support.cpp.o
[ 47%] Building CXX object CMakeFiles/franka_msgs__rosidl_typesupport_c.dir/rosidl_typesupport_c/franka_msgs/srv/set_joint_stiffness__type_support.cpp.o
[ 47%] Building CXX object CMakeFiles/franka_msgs__rosidl_typesupport_fastrtps_cpp.dir/rosidl_typesupport_fastrtps_cpp/franka_msgs/srv/detail/dds_fastrtps/set_force_torque_collision_behavior__type_support.cpp.o
[ 48%] Building CXX object CMakeFiles/franka_msgs__rosidl_typesupport_c.dir/rosidl_typesupport_c/franka_msgs/srv/set_full_collision_behavior__type_support.cpp.o
[ 49%] Building CXX object CMakeFiles/franka_msgs__rosidl_typesupport_c.dir/rosidl_typesupport_c/franka_msgs/srv/set_stiffness_frame__type_support.cpp.o
[ 50%] Building CXX object CMakeFiles/franka_msgs__rosidl_typesupport_c.dir/rosidl_typesupport_c/franka_msgs/srv/set_load__type_support.cpp.o
[ 51%] Building CXX object CMakeFiles/franka_msgs__rosidl_typesupport_fastrtps_cpp.dir/rosidl_typesupport_fastrtps_cpp/franka_msgs/srv/detail/dds_fastrtps/set_full_collision_behavior__type_support.cpp.o
[ 51%] Building CXX object CMakeFiles/franka_msgs__rosidl_typesupport_c.dir/rosidl_typesupport_c/franka_msgs/srv/set_mujoco_poses__type_support.cpp.o
[ 52%] Building CXX object CMakeFiles/franka_msgs__rosidl_typesupport_fastrtps_cpp.dir/rosidl_typesupport_fastrtps_cpp/franka_msgs/srv/detail/dds_fastrtps/set_joint_stiffness__type_support.cpp.o
[ 53%] Building CXX object CMakeFiles/franka_msgs__rosidl_typesupport_c.dir/rosidl_typesupport_c/franka_msgs/msg/grasp_epsilon__type_support.cpp.o
[ 53%] Building CXX object CMakeFiles/franka_msgs__rosidl_typesupport_c.dir/rosidl_typesupport_c/franka_msgs/msg/franka_state__type_support.cpp.o
[ 54%] Building CXX object CMakeFiles/franka_msgs__rosidl_typesupport_c.dir/rosidl_typesupport_c/franka_msgs/msg/franka_model__type_support.cpp.o
[ 55%] Building CXX object CMakeFiles/franka_msgs__rosidl_typesupport_c.dir/rosidl_typesupport_c/franka_msgs/msg/errors__type_support.cpp.o
[ 55%] Building CXX object CMakeFiles/franka_msgs__rosidl_typesupport_fastrtps_cpp.dir/rosidl_typesupport_fastrtps_cpp/franka_msgs/srv/detail/dds_fastrtps/set_stiffness_frame__type_support.cpp.o
[ 56%] Building CXX object CMakeFiles/franka_msgs__rosidl_typesupport_fastrtps_cpp.dir/rosidl_typesupport_fastrtps_cpp/franka_msgs/srv/detail/dds_fastrtps/set_load__type_support.cpp.o
[ 56%] Building CXX object CMakeFiles/franka_msgs__rosidl_typesupport_c.dir/rosidl_typesupport_c/franka_msgs/msg/pose_stamped_array__type_support.cpp.o
[ 57%] Building CXX object CMakeFiles/franka_msgs__rosidl_typesupport_fastrtps_cpp.dir/rosidl_typesupport_fastrtps_cpp/franka_msgs/srv/detail/dds_fastrtps/set_mujoco_poses__type_support.cpp.o
[ 57%] Building CXX object CMakeFiles/franka_msgs__rosidl_typesupport_fastrtps_cpp.dir/rosidl_typesupport_fastrtps_cpp/franka_msgs/msg/detail/dds_fastrtps/grasp_epsilon__type_support.cpp.o
[ 58%] Linking CXX shared library libfranka_msgs__rosidl_typesupport_c.so
[ 59%] Building C object CMakeFiles/franka_msgs__rosidl_typesupport_introspection_c.dir/rosidl_typesupport_introspection_c/franka_msgs/action/detail/grasp__type_support.c.o
[ 59%] Building C object CMakeFiles/franka_msgs__rosidl_typesupport_introspection_c.dir/rosidl_typesupport_introspection_c/franka_msgs/action/detail/homing__type_support.c.o
[ 59%] Built target franka_msgs__rosidl_typesupport_c
[ 60%] Linking CXX shared library libfranka_msgs__rosidl_typesupport_introspection_cpp.so
[ 61%] Building CXX object CMakeFiles/franka_msgs__rosidl_typesupport_fastrtps_cpp.dir/rosidl_typesupport_fastrtps_cpp/franka_msgs/msg/detail/dds_fastrtps/franka_state__type_support.cpp.o
[ 61%] Building CXX object CMakeFiles/franka_msgs__rosidl_typesupport_fastrtps_c.dir/rosidl_typesupport_fastrtps_c/franka_msgs/action/detail/grasp__type_support_c.cpp.o
[ 62%] Building C object CMakeFiles/franka_msgs__rosidl_typesupport_introspection_c.dir/rosidl_typesupport_introspection_c/franka_msgs/action/detail/move__type_support.c.o
[ 62%] Building C object CMakeFiles/franka_msgs__rosidl_typesupport_introspection_c.dir/rosidl_typesupport_introspection_c/franka_msgs/srv/detail/error_recovery__type_support.c.o
[ 62%] Built target franka_msgs__rosidl_typesupport_introspection_cpp
[ 62%] Building CXX object CMakeFiles/franka_msgs__rosidl_typesupport_fastrtps_cpp.dir/rosidl_typesupport_fastrtps_cpp/franka_msgs/msg/detail/dds_fastrtps/franka_model__type_support.cpp.o
[ 63%] Building CXX object CMakeFiles/franka_msgs__rosidl_typesupport_fastrtps_cpp.dir/rosidl_typesupport_fastrtps_cpp/franka_msgs/msg/detail/dds_fastrtps/errors__type_support.cpp.o
[ 64%] Building C object CMakeFiles/franka_msgs__rosidl_typesupport_introspection_c.dir/rosidl_typesupport_introspection_c/franka_msgs/srv/detail/set_cartesian_stiffness__type_support.c.o
[ 65%] Building CXX object CMakeFiles/franka_msgs__rosidl_typesupport_fastrtps_cpp.dir/rosidl_typesupport_fastrtps_cpp/franka_msgs/msg/detail/dds_fastrtps/pose_stamped_array__type_support.cpp.o
[ 65%] Building C object CMakeFiles/franka_msgs__rosidl_typesupport_introspection_c.dir/rosidl_typesupport_introspection_c/franka_msgs/srv/detail/set_force_torque_collision_behavior__type_support.c.o
[ 66%] Building C object CMakeFiles/franka_msgs__rosidl_typesupport_introspection_c.dir/rosidl_typesupport_introspection_c/franka_msgs/srv/detail/set_tcp_frame__type_support.c.o
[ 67%] Building C object CMakeFiles/franka_msgs__rosidl_typesupport_introspection_c.dir/rosidl_typesupport_introspection_c/franka_msgs/srv/detail/set_full_collision_behavior__type_support.c.o
[ 68%] Building C object CMakeFiles/franka_msgs__rosidl_typesupport_introspection_c.dir/rosidl_typesupport_introspection_c/franka_msgs/srv/detail/set_joint_stiffness__type_support.c.o
[ 69%] Building CXX object CMakeFiles/franka_msgs__rosidl_typesupport_fastrtps_c.dir/rosidl_typesupport_fastrtps_c/franka_msgs/action/detail/homing__type_support_c.cpp.o
[ 69%] Building C object CMakeFiles/franka_msgs__rosidl_typesupport_introspection_c.dir/rosidl_typesupport_introspection_c/franka_msgs/srv/detail/set_stiffness_frame__type_support.c.o
[ 69%] Building CXX object CMakeFiles/franka_msgs__rosidl_typesupport_fastrtps_c.dir/rosidl_typesupport_fastrtps_c/franka_msgs/srv/detail/error_recovery__type_support_c.cpp.o
[ 70%] Building CXX object CMakeFiles/franka_msgs__rosidl_typesupport_fastrtps_c.dir/rosidl_typesupport_fastrtps_c/franka_msgs/action/detail/move__type_support_c.cpp.o
[ 71%] Building CXX object CMakeFiles/franka_msgs__rosidl_typesupport_fastrtps_c.dir/rosidl_typesupport_fastrtps_c/franka_msgs/srv/detail/set_cartesian_stiffness__type_support_c.cpp.o
[ 72%] Building C object CMakeFiles/franka_msgs__rosidl_typesupport_introspection_c.dir/rosidl_typesupport_introspection_c/franka_msgs/srv/detail/set_load__type_support.c.o
[ 73%] Building CXX object CMakeFiles/franka_msgs__rosidl_typesupport_fastrtps_c.dir/rosidl_typesupport_fastrtps_c/franka_msgs/srv/detail/set_tcp_frame__type_support_c.cpp.o
[ 74%] Building C object CMakeFiles/franka_msgs__rosidl_typesupport_introspection_c.dir/rosidl_typesupport_introspection_c/franka_msgs/srv/detail/set_mujoco_poses__type_support.c.o
[ 74%] Building C object CMakeFiles/franka_msgs__rosidl_typesupport_introspection_c.dir/rosidl_typesupport_introspection_c/franka_msgs/msg/detail/grasp_epsilon__type_support.c.o
[ 75%] Building C object CMakeFiles/franka_msgs__rosidl_typesupport_introspection_c.dir/rosidl_typesupport_introspection_c/franka_msgs/msg/detail/franka_state__type_support.c.o
[ 75%] Building CXX object CMakeFiles/franka_msgs__rosidl_typesupport_fastrtps_c.dir/rosidl_typesupport_fastrtps_c/franka_msgs/srv/detail/set_force_torque_collision_behavior__type_support_c.cpp.o
[ 75%] Building C object CMakeFiles/franka_msgs__rosidl_typesupport_introspection_c.dir/rosidl_typesupport_introspection_c/franka_msgs/msg/detail/franka_model__type_support.c.o
[ 76%] Building CXX object CMakeFiles/franka_msgs__rosidl_typesupport_fastrtps_c.dir/rosidl_typesupport_fastrtps_c/franka_msgs/srv/detail/set_full_collision_behavior__type_support_c.cpp.o
[ 76%] Building CXX object CMakeFiles/franka_msgs__rosidl_typesupport_fastrtps_c.dir/rosidl_typesupport_fastrtps_c/franka_msgs/srv/detail/set_joint_stiffness__type_support_c.cpp.o
[ 77%] Building CXX object CMakeFiles/franka_msgs__rosidl_typesupport_fastrtps_c.dir/rosidl_typesupport_fastrtps_c/franka_msgs/srv/detail/set_stiffness_frame__type_support_c.cpp.o
[ 78%] Building C object CMakeFiles/franka_msgs__rosidl_typesupport_introspection_c.dir/rosidl_typesupport_introspection_c/franka_msgs/msg/detail/errors__type_support.c.o
[ 79%] Building C object CMakeFiles/franka_msgs__rosidl_typesupport_introspection_c.dir/rosidl_typesupport_introspection_c/franka_msgs/msg/detail/pose_stamped_array__type_support.c.o
[ 80%] Building CXX object CMakeFiles/franka_msgs__rosidl_typesupport_fastrtps_c.dir/rosidl_typesupport_fastrtps_c/franka_msgs/srv/detail/set_load__type_support_c.cpp.o
[ 80%] Linking CXX shared library libfranka_msgs__rosidl_typesupport_fastrtps_cpp.so
[ 80%] Building CXX object CMakeFiles/franka_msgs__rosidl_typesupport_fastrtps_c.dir/rosidl_typesupport_fastrtps_c/franka_msgs/srv/detail/set_mujoco_poses__type_support_c.cpp.o
[ 81%] Building CXX object CMakeFiles/franka_msgs__rosidl_typesupport_fastrtps_c.dir/rosidl_typesupport_fastrtps_c/franka_msgs/msg/detail/grasp_epsilon__type_support_c.cpp.o
[ 82%] Building CXX object CMakeFiles/franka_msgs__rosidl_typesupport_fastrtps_c.dir/rosidl_typesupport_fastrtps_c/franka_msgs/msg/detail/franka_state__type_support_c.cpp.o
[ 82%] Linking C shared library libfranka_msgs__rosidl_typesupport_introspection_c.so
[ 82%] Building CXX object CMakeFiles/franka_msgs__rosidl_typesupport_fastrtps_c.dir/rosidl_typesupport_fastrtps_c/franka_msgs/msg/detail/franka_model__type_support_c.cpp.o
[ 83%] Building CXX object CMakeFiles/franka_msgs__rosidl_typesupport_fastrtps_c.dir/rosidl_typesupport_fastrtps_c/franka_msgs/msg/detail/errors__type_support_c.cpp.o
[ 83%] Built target franka_msgs__rosidl_typesupport_fastrtps_cpp
[ 83%] Built target franka_msgs__rosidl_typesupport_introspection_c
[ 84%] Building CXX object CMakeFiles/franka_msgs__rosidl_typesupport_fastrtps_c.dir/rosidl_typesupport_fastrtps_c/franka_msgs/msg/detail/pose_stamped_array__type_support_c.cpp.o
[ 84%] Linking CXX shared library libfranka_msgs__rosidl_typesupport_fastrtps_c.so
[ 84%] Built target franka_msgs__rosidl_typesupport_fastrtps_c
[ 84%] Built target franka_msgs
[ 85%] Generating Python code for ROS interfaces
[ 85%] Built target franka_msgs__py
[ 87%] Building C object CMakeFiles/franka_msgs__rosidl_generator_py.dir/rosidl_generator_py/franka_msgs/srv/_set_full_collision_behavior_s.c.o
[ 88%] Building C object CMakeFiles/franka_msgs__rosidl_generator_py.dir/rosidl_generator_py/franka_msgs/action/_grasp_s.c.o
[ 88%] Building C object CMakeFiles/franka_msgs__rosidl_generator_py.dir/rosidl_generator_py/franka_msgs/action/_homing_s.c.o
[ 88%] Building C object CMakeFiles/franka_msgs__rosidl_generator_py.dir/rosidl_generator_py/franka_msgs/srv/_set_joint_stiffness_s.c.o
[ 88%] Building C object CMakeFiles/franka_msgs__rosidl_generator_py.dir/rosidl_generator_py/franka_msgs/srv/_set_cartesian_stiffness_s.c.o
[ 88%] Building C object CMakeFiles/franka_msgs__rosidl_generator_py.dir/rosidl_generator_py/franka_msgs/srv/_error_recovery_s.c.o
[ 89%] Building C object CMakeFiles/franka_msgs__rosidl_generator_py.dir/rosidl_generator_py/franka_msgs/action/_move_s.c.o
[ 89%] Building C object CMakeFiles/franka_msgs__rosidl_generator_py.dir/rosidl_generator_py/franka_msgs/srv/_set_tcp_frame_s.c.o
[ 90%] Building C object CMakeFiles/franka_msgs__rosidl_generator_py.dir/rosidl_generator_py/franka_msgs/srv/_set_force_torque_collision_behavior_s.c.o
[ 91%] Building C object CMakeFiles/franka_msgs__rosidl_generator_py.dir/rosidl_generator_py/franka_msgs/srv/_set_stiffness_frame_s.c.o
[ 92%] Building C object CMakeFiles/franka_msgs__rosidl_generator_py.dir/rosidl_generator_py/franka_msgs/srv/_set_load_s.c.o
[ 92%] Building C object CMakeFiles/franka_msgs__rosidl_generator_py.dir/rosidl_generator_py/franka_msgs/srv/_set_mujoco_poses_s.c.o
[ 93%] Building C object CMakeFiles/franka_msgs__rosidl_generator_py.dir/rosidl_generator_py/franka_msgs/msg/_grasp_epsilon_s.c.o
[ 94%] Building C object CMakeFiles/franka_msgs__rosidl_generator_py.dir/rosidl_generator_py/franka_msgs/msg/_franka_model_s.c.o
[ 94%] Building C object CMakeFiles/franka_msgs__rosidl_generator_py.dir/rosidl_generator_py/franka_msgs/msg/_franka_state_s.c.o
[ 95%] Building C object CMakeFiles/franka_msgs__rosidl_generator_py.dir/rosidl_generator_py/franka_msgs/msg/_errors_s.c.o
[ 95%] Building C object CMakeFiles/franka_msgs__rosidl_generator_py.dir/rosidl_generator_py/franka_msgs/msg/_pose_stamped_array_s.c.o
[ 96%] Linking C shared library rosidl_generator_py/franka_msgs/libfranka_msgs__rosidl_generator_py.so
[ 96%] Built target franka_msgs__rosidl_generator_py
[ 97%] Building C object CMakeFiles/franka_msgs__rosidl_typesupport_introspection_c__pyext.dir/rosidl_generator_py/franka_msgs/_franka_msgs_s.ep.rosidl_typesupport_introspection_c.c.o
[ 98%] Building C object CMakeFiles/franka_msgs__rosidl_typesupport_c__pyext.dir/rosidl_generator_py/franka_msgs/_franka_msgs_s.ep.rosidl_typesupport_c.c.o
[ 99%] Building C object CMakeFiles/franka_msgs__rosidl_typesupport_fastrtps_c__pyext.dir/rosidl_generator_py/franka_msgs/_franka_msgs_s.ep.rosidl_typesupport_fastrtps_c.c.o
[100%] Linking C shared library rosidl_generator_py/franka_msgs/franka_msgs_s__rosidl_typesupport_introspection_c.cpython-310-x86_64-linux-gnu.so
[100%] Built target franka_msgs__rosidl_typesupport_introspection_c__pyext
[100%] Linking C shared library rosidl_generator_py/franka_msgs/franka_msgs_s__rosidl_typesupport_fastrtps_c.cpython-310-x86_64-linux-gnu.so
[100%] Built target franka_msgs__rosidl_typesupport_fastrtps_c__pyext
[100%] Linking C shared library rosidl_generator_py/franka_msgs/franka_msgs_s__rosidl_typesupport_c.cpython-310-x86_64-linux-gnu.so
[100%] Built target franka_msgs__rosidl_typesupport_c__pyext
-- Install configuration: "Release"
-- Installing: /home/user/humble_ws/install/franka_msgs/share/ament_index/resource_index/rosidl_interfaces/franka_msgs
-- Installing: /home/user/humble_ws/install/franka_msgs/include/franka_msgs/franka_msgs
-- Installing: /home/user/humble_ws/install/franka_msgs/include/franka_msgs/franka_msgs/action
-- Installing: /home/user/humble_ws/install/franka_msgs/include/franka_msgs/franka_msgs/action/grasp.h
-- Installing: /home/user/humble_ws/install/franka_msgs/include/franka_msgs/franka_msgs/action/detail
-- Installing: /home/user/humble_ws/install/franka_msgs/include/franka_msgs/franka_msgs/action/detail/homing__functions.c
-- Installing: /home/user/humble_ws/install/franka_msgs/include/franka_msgs/franka_msgs/action/detail/move__functions.c
-- Installing: /home/user/humble_ws/install/franka_msgs/include/franka_msgs/franka_msgs/action/detail/move__type_support.h
-- Installing: /home/user/humble_ws/install/franka_msgs/include/franka_msgs/franka_msgs/action/detail/homing__struct.h
-- Installing: /home/user/humble_ws/install/franka_msgs/include/franka_msgs/franka_msgs/action/detail/homing__functions.h
-- Installing: /home/user/humble_ws/install/franka_msgs/include/franka_msgs/franka_msgs/action/detail/grasp__functions.h
-- Installing: /home/user/humble_ws/install/franka_msgs/include/franka_msgs/franka_msgs/action/detail/grasp__struct.h
-- Installing: /home/user/humble_ws/install/franka_msgs/include/franka_msgs/franka_msgs/action/detail/grasp__type_support.h
-- Installing: /home/user/humble_ws/install/franka_msgs/include/franka_msgs/franka_msgs/action/detail/grasp__functions.c
-- Installing: /home/user/humble_ws/install/franka_msgs/include/franka_msgs/franka_msgs/action/detail/move__struct.h
-- Installing: /home/user/humble_ws/install/franka_msgs/include/franka_msgs/franka_msgs/action/detail/homing__type_support.h
-- Installing: /home/user/humble_ws/install/franka_msgs/include/franka_msgs/franka_msgs/action/detail/move__functions.h
-- Installing: /home/user/humble_ws/install/franka_msgs/include/franka_msgs/franka_msgs/action/homing.h
-- Installing: /home/user/humble_ws/install/franka_msgs/include/franka_msgs/franka_msgs/action/move.h
-- Installing: /home/user/humble_ws/install/franka_msgs/include/franka_msgs/franka_msgs/srv
-- Installing: /home/user/humble_ws/install/franka_msgs/include/franka_msgs/franka_msgs/srv/set_tcp_frame.h
-- Installing: /home/user/humble_ws/install/franka_msgs/include/franka_msgs/franka_msgs/srv/set_force_torque_collision_behavior.h
-- Installing: /home/user/humble_ws/install/franka_msgs/include/franka_msgs/franka_msgs/srv/set_cartesian_stiffness.h
-- Installing: /home/user/humble_ws/install/franka_msgs/include/franka_msgs/franka_msgs/srv/detail
-- Installing: /home/user/humble_ws/install/franka_msgs/include/franka_msgs/franka_msgs/srv/detail/error_recovery__functions.h
-- Installing: /home/user/humble_ws/install/franka_msgs/include/franka_msgs/franka_msgs/srv/detail/set_tcp_frame__functions.c
-- Installing: /home/user/humble_ws/install/franka_msgs/include/franka_msgs/franka_msgs/srv/detail/set_mujoco_poses__functions.c
-- Installing: /home/user/humble_ws/install/franka_msgs/include/franka_msgs/franka_msgs/srv/detail/set_joint_stiffness__functions.c
-- Installing: /home/user/humble_ws/install/franka_msgs/include/franka_msgs/franka_msgs/srv/detail/set_load__struct.h
-- Installing: /home/user/humble_ws/install/franka_msgs/include/franka_msgs/franka_msgs/srv/detail/set_force_torque_collision_behavior__functions.c
-- Installing: /home/user/humble_ws/install/franka_msgs/include/franka_msgs/franka_msgs/srv/detail/set_joint_stiffness__type_support.h
-- Installing: /home/user/humble_ws/install/franka_msgs/include/franka_msgs/franka_msgs/srv/detail/error_recovery__functions.c
-- Installing: /home/user/humble_ws/install/franka_msgs/include/franka_msgs/franka_msgs/srv/detail/set_stiffness_frame__type_support.h
-- Installing: /home/user/humble_ws/install/franka_msgs/include/franka_msgs/franka_msgs/srv/detail/set_stiffness_frame__functions.h
-- Installing: /home/user/humble_ws/install/franka_msgs/include/franka_msgs/franka_msgs/srv/detail/set_stiffness_frame__functions.c
-- Installing: /home/user/humble_ws/install/franka_msgs/include/franka_msgs/franka_msgs/srv/detail/set_tcp_frame__struct.h
-- Installing: /home/user/humble_ws/install/franka_msgs/include/franka_msgs/franka_msgs/srv/detail/set_stiffness_frame__struct.h
-- Installing: /home/user/humble_ws/install/franka_msgs/include/franka_msgs/franka_msgs/srv/detail/set_full_collision_behavior__functions.c
-- Installing: /home/user/humble_ws/install/franka_msgs/include/franka_msgs/franka_msgs/srv/detail/error_recovery__struct.h
-- Installing: /home/user/humble_ws/install/franka_msgs/include/franka_msgs/franka_msgs/srv/detail/set_full_collision_behavior__type_support.h
-- Installing: /home/user/humble_ws/install/franka_msgs/include/franka_msgs/franka_msgs/srv/detail/set_mujoco_poses__struct.h
-- Installing: /home/user/humble_ws/install/franka_msgs/include/franka_msgs/franka_msgs/srv/detail/set_cartesian_stiffness__functions.c
-- Installing: /home/user/humble_ws/install/franka_msgs/include/franka_msgs/franka_msgs/srv/detail/set_load__functions.h
-- Installing: /home/user/humble_ws/install/franka_msgs/include/franka_msgs/franka_msgs/srv/detail/set_force_torque_collision_behavior__struct.h
-- Installing: /home/user/humble_ws/install/franka_msgs/include/franka_msgs/franka_msgs/srv/detail/error_recovery__type_support.h
-- Installing: /home/user/humble_ws/install/franka_msgs/include/franka_msgs/franka_msgs/srv/detail/set_load__type_support.h
-- Installing: /home/user/humble_ws/install/franka_msgs/include/franka_msgs/franka_msgs/srv/detail/set_joint_stiffness__functions.h
-- Installing: /home/user/humble_ws/install/franka_msgs/include/franka_msgs/franka_msgs/srv/detail/set_load__functions.c
-- Installing: /home/user/humble_ws/install/franka_msgs/include/franka_msgs/franka_msgs/srv/detail/set_mujoco_poses__type_support.h
-- Installing: /home/user/humble_ws/install/franka_msgs/include/franka_msgs/franka_msgs/srv/detail/set_mujoco_poses__functions.h
-- Installing: /home/user/humble_ws/install/franka_msgs/include/franka_msgs/franka_msgs/srv/detail/set_force_torque_collision_behavior__functions.h
-- Installing: /home/user/humble_ws/install/franka_msgs/include/franka_msgs/franka_msgs/srv/detail/set_tcp_frame__type_support.h
-- Installing: /home/user/humble_ws/install/franka_msgs/include/franka_msgs/franka_msgs/srv/detail/set_force_torque_collision_behavior__type_support.h
-- Installing: /home/user/humble_ws/install/franka_msgs/include/franka_msgs/franka_msgs/srv/detail/set_cartesian_stiffness__struct.h
-- Installing: /home/user/humble_ws/install/franka_msgs/include/franka_msgs/franka_msgs/srv/detail/set_cartesian_stiffness__type_support.h
-- Installing: /home/user/humble_ws/install/franka_msgs/include/franka_msgs/franka_msgs/srv/detail/set_full_collision_behavior__struct.h
-- Installing: /home/user/humble_ws/install/franka_msgs/include/franka_msgs/franka_msgs/srv/detail/set_cartesian_stiffness__functions.h
-- Installing: /home/user/humble_ws/install/franka_msgs/include/franka_msgs/franka_msgs/srv/detail/set_joint_stiffness__struct.h
-- Installing: /home/user/humble_ws/install/franka_msgs/include/franka_msgs/franka_msgs/srv/detail/set_tcp_frame__functions.h
-- Installing: /home/user/humble_ws/install/franka_msgs/include/franka_msgs/franka_msgs/srv/detail/set_full_collision_behavior__functions.h
-- Installing: /home/user/humble_ws/install/franka_msgs/include/franka_msgs/franka_msgs/srv/set_load.h
-- Installing: /home/user/humble_ws/install/franka_msgs/include/franka_msgs/franka_msgs/srv/set_full_collision_behavior.h
-- Installing: /home/user/humble_ws/install/franka_msgs/include/franka_msgs/franka_msgs/srv/set_joint_stiffness.h
-- Installing: /home/user/humble_ws/install/franka_msgs/include/franka_msgs/franka_msgs/srv/set_stiffness_frame.h
-- Installing: /home/user/humble_ws/install/franka_msgs/include/franka_msgs/franka_msgs/srv/set_mujoco_poses.h
-- Installing: /home/user/humble_ws/install/franka_msgs/include/franka_msgs/franka_msgs/srv/error_recovery.h
-- Installing: /home/user/humble_ws/install/franka_msgs/include/franka_msgs/franka_msgs/msg
-- Installing: /home/user/humble_ws/install/franka_msgs/include/franka_msgs/franka_msgs/msg/rosidl_generator_c__visibility_control.h
-- Installing: /home/user/humble_ws/install/franka_msgs/include/franka_msgs/franka_msgs/msg/errors.h
-- Installing: /home/user/humble_ws/install/franka_msgs/include/franka_msgs/franka_msgs/msg/grasp_epsilon.h
-- Installing: /home/user/humble_ws/install/franka_msgs/include/franka_msgs/franka_msgs/msg/detail
-- Installing: /home/user/humble_ws/install/franka_msgs/include/franka_msgs/franka_msgs/msg/detail/pose_stamped_array__functions.h
-- Installing: /home/user/humble_ws/install/franka_msgs/include/franka_msgs/franka_msgs/msg/detail/franka_state__functions.c
-- Installing: /home/user/humble_ws/install/franka_msgs/include/franka_msgs/franka_msgs/msg/detail/franka_state__type_support.h
-- Installing: /home/user/humble_ws/install/franka_msgs/include/franka_msgs/franka_msgs/msg/detail/grasp_epsilon__functions.h
-- Installing: /home/user/humble_ws/install/franka_msgs/include/franka_msgs/franka_msgs/msg/detail/errors__functions.h
-- Installing: /home/user/humble_ws/install/franka_msgs/include/franka_msgs/franka_msgs/msg/detail/pose_stamped_array__type_support.h
-- Installing: /home/user/humble_ws/install/franka_msgs/include/franka_msgs/franka_msgs/msg/detail/errors__type_support.h
-- Installing: /home/user/humble_ws/install/franka_msgs/include/franka_msgs/franka_msgs/msg/detail/franka_model__functions.h
-- Installing: /home/user/humble_ws/install/franka_msgs/include/franka_msgs/franka_msgs/msg/detail/franka_model__type_support.h
-- Installing: /home/user/humble_ws/install/franka_msgs/include/franka_msgs/franka_msgs/msg/detail/grasp_epsilon__functions.c
-- Installing: /home/user/humble_ws/install/franka_msgs/include/franka_msgs/franka_msgs/msg/detail/franka_model__functions.c
-- Installing: /home/user/humble_ws/install/franka_msgs/include/franka_msgs/franka_msgs/msg/detail/errors__struct.h
-- Installing: /home/user/humble_ws/install/franka_msgs/include/franka_msgs/franka_msgs/msg/detail/grasp_epsilon__struct.h
-- Installing: /home/user/humble_ws/install/franka_msgs/include/franka_msgs/franka_msgs/msg/detail/franka_model__struct.h
-- Installing: /home/user/humble_ws/install/franka_msgs/include/franka_msgs/franka_msgs/msg/detail/errors__functions.c
-- Installing: /home/user/humble_ws/install/franka_msgs/include/franka_msgs/franka_msgs/msg/detail/grasp_epsilon__type_support.h
-- Installing: /home/user/humble_ws/install/franka_msgs/include/franka_msgs/franka_msgs/msg/detail/franka_state__functions.h
-- Installing: /home/user/humble_ws/install/franka_msgs/include/franka_msgs/franka_msgs/msg/detail/pose_stamped_array__functions.c
-- Installing: /home/user/humble_ws/install/franka_msgs/include/franka_msgs/franka_msgs/msg/detail/franka_state__struct.h
-- Installing: /home/user/humble_ws/install/franka_msgs/include/franka_msgs/franka_msgs/msg/detail/pose_stamped_array__struct.h
-- Installing: /home/user/humble_ws/install/franka_msgs/include/franka_msgs/franka_msgs/msg/pose_stamped_array.h
-- Installing: /home/user/humble_ws/install/franka_msgs/include/franka_msgs/franka_msgs/msg/franka_model.h
-- Installing: /home/user/humble_ws/install/franka_msgs/include/franka_msgs/franka_msgs/msg/franka_state.h
-- Installing: /home/user/humble_ws/install/franka_msgs/share/franka_msgs/environment/library_path.sh
-- Installing: /home/user/humble_ws/install/franka_msgs/share/franka_msgs/environment/library_path.dsv
-- Installing: /home/user/humble_ws/install/franka_msgs/lib/libfranka_msgs__rosidl_generator_c.so
-- Set runtime path of "/home/user/humble_ws/install/franka_msgs/lib/libfranka_msgs__rosidl_generator_c.so" to ""
-- Up-to-date: /home/user/humble_ws/install/franka_msgs/include/franka_msgs/franka_msgs
-- Up-to-date: /home/user/humble_ws/install/franka_msgs/include/franka_msgs/franka_msgs/action
-- Up-to-date: /home/user/humble_ws/install/franka_msgs/include/franka_msgs/franka_msgs/action/detail
-- Installing: /home/user/humble_ws/install/franka_msgs/include/franka_msgs/franka_msgs/action/detail/homing__rosidl_typesupport_fastrtps_c.h
-- Installing: /home/user/humble_ws/install/franka_msgs/include/franka_msgs/franka_msgs/action/detail/grasp__rosidl_typesupport_fastrtps_c.h
-- Installing: /home/user/humble_ws/install/franka_msgs/include/franka_msgs/franka_msgs/action/detail/move__rosidl_typesupport_fastrtps_c.h
-- Up-to-date: /home/user/humble_ws/install/franka_msgs/include/franka_msgs/franka_msgs/srv
-- Up-to-date: /home/user/humble_ws/install/franka_msgs/include/franka_msgs/franka_msgs/srv/detail
-- Installing: /home/user/humble_ws/install/franka_msgs/include/franka_msgs/franka_msgs/srv/detail/set_cartesian_stiffness__rosidl_typesupport_fastrtps_c.h
-- Installing: /home/user/humble_ws/install/franka_msgs/include/franka_msgs/franka_msgs/srv/detail/set_force_torque_collision_behavior__rosidl_typesupport_fastrtps_c.h
-- Installing: /home/user/humble_ws/install/franka_msgs/include/franka_msgs/franka_msgs/srv/detail/set_full_collision_behavior__rosidl_typesupport_fastrtps_c.h
-- Installing: /home/user/humble_ws/install/franka_msgs/include/franka_msgs/franka_msgs/srv/detail/set_stiffness_frame__rosidl_typesupport_fastrtps_c.h
-- Installing: /home/user/humble_ws/install/franka_msgs/include/franka_msgs/franka_msgs/srv/detail/set_joint_stiffness__rosidl_typesupport_fastrtps_c.h
-- Installing: /home/user/humble_ws/install/franka_msgs/include/franka_msgs/franka_msgs/srv/detail/set_tcp_frame__rosidl_typesupport_fastrtps_c.h
-- Installing: /home/user/humble_ws/install/franka_msgs/include/franka_msgs/franka_msgs/srv/detail/error_recovery__rosidl_typesupport_fastrtps_c.h
-- Installing: /home/user/humble_ws/install/franka_msgs/include/franka_msgs/franka_msgs/srv/detail/set_mujoco_poses__rosidl_typesupport_fastrtps_c.h
-- Installing: /home/user/humble_ws/install/franka_msgs/include/franka_msgs/franka_msgs/srv/detail/set_load__rosidl_typesupport_fastrtps_c.h
-- Up-to-date: /home/user/humble_ws/install/franka_msgs/include/franka_msgs/franka_msgs/msg
-- Up-to-date: /home/user/humble_ws/install/franka_msgs/include/franka_msgs/franka_msgs/msg/detail
-- Installing: /home/user/humble_ws/install/franka_msgs/include/franka_msgs/franka_msgs/msg/detail/pose_stamped_array__rosidl_typesupport_fastrtps_c.h
-- Installing: /home/user/humble_ws/install/franka_msgs/include/franka_msgs/franka_msgs/msg/detail/franka_state__rosidl_typesupport_fastrtps_c.h
-- Installing: /home/user/humble_ws/install/franka_msgs/include/franka_msgs/franka_msgs/msg/detail/grasp_epsilon__rosidl_typesupport_fastrtps_c.h
-- Installing: /home/user/humble_ws/install/franka_msgs/include/franka_msgs/franka_msgs/msg/detail/franka_model__rosidl_typesupport_fastrtps_c.h
-- Installing: /home/user/humble_ws/install/franka_msgs/include/franka_msgs/franka_msgs/msg/detail/errors__rosidl_typesupport_fastrtps_c.h
-- Installing: /home/user/humble_ws/install/franka_msgs/include/franka_msgs/franka_msgs/msg/rosidl_typesupport_fastrtps_c__visibility_control.h
-- Installing: /home/user/humble_ws/install/franka_msgs/lib/libfranka_msgs__rosidl_typesupport_fastrtps_c.so
-- Set runtime path of "/home/user/humble_ws/install/franka_msgs/lib/libfranka_msgs__rosidl_typesupport_fastrtps_c.so" to ""
-- Up-to-date: /home/user/humble_ws/install/franka_msgs/include/franka_msgs/franka_msgs
-- Up-to-date: /home/user/humble_ws/install/franka_msgs/include/franka_msgs/franka_msgs/action
-- Up-to-date: /home/user/humble_ws/install/franka_msgs/include/franka_msgs/franka_msgs/action/detail
-- Installing: /home/user/humble_ws/install/franka_msgs/include/franka_msgs/franka_msgs/action/detail/move__rosidl_typesupport_introspection_c.h
-- Installing: /home/user/humble_ws/install/franka_msgs/include/franka_msgs/franka_msgs/action/detail/grasp__type_support.c
-- Installing: /home/user/humble_ws/install/franka_msgs/include/franka_msgs/franka_msgs/action/detail/move__type_support.c
-- Installing: /home/user/humble_ws/install/franka_msgs/include/franka_msgs/franka_msgs/action/detail/homing__rosidl_typesupport_introspection_c.h
-- Installing: /home/user/humble_ws/install/franka_msgs/include/franka_msgs/franka_msgs/action/detail/homing__type_support.c
-- Installing: /home/user/humble_ws/install/franka_msgs/include/franka_msgs/franka_msgs/action/detail/grasp__rosidl_typesupport_introspection_c.h
-- Up-to-date: /home/user/humble_ws/install/franka_msgs/include/franka_msgs/franka_msgs/srv
-- Up-to-date: /home/user/humble_ws/install/franka_msgs/include/franka_msgs/franka_msgs/srv/detail
-- Installing: /home/user/humble_ws/install/franka_msgs/include/franka_msgs/franka_msgs/srv/detail/set_stiffness_frame__type_support.c
-- Installing: /home/user/humble_ws/install/franka_msgs/include/franka_msgs/franka_msgs/srv/detail/set_mujoco_poses__type_support.c
-- Installing: /home/user/humble_ws/install/franka_msgs/include/franka_msgs/franka_msgs/srv/detail/set_joint_stiffness__type_support.c
-- Installing: /home/user/humble_ws/install/franka_msgs/include/franka_msgs/franka_msgs/srv/detail/error_recovery__type_support.c
-- Installing: /home/user/humble_ws/install/franka_msgs/include/franka_msgs/franka_msgs/srv/detail/set_full_collision_behavior__rosidl_typesupport_introspection_c.h
-- Installing: /home/user/humble_ws/install/franka_msgs/include/franka_msgs/franka_msgs/srv/detail/set_force_torque_collision_behavior__rosidl_typesupport_introspection_c.h
-- Installing: /home/user/humble_ws/install/franka_msgs/include/franka_msgs/franka_msgs/srv/detail/set_joint_stiffness__rosidl_typesupport_introspection_c.h
-- Installing: /home/user/humble_ws/install/franka_msgs/include/franka_msgs/franka_msgs/srv/detail/set_load__rosidl_typesupport_introspection_c.h
-- Installing: /home/user/humble_ws/install/franka_msgs/include/franka_msgs/franka_msgs/srv/detail/set_cartesian_stiffness__rosidl_typesupport_introspection_c.h
-- Installing: /home/user/humble_ws/install/franka_msgs/include/franka_msgs/franka_msgs/srv/detail/error_recovery__rosidl_typesupport_introspection_c.h
-- Installing: /home/user/humble_ws/install/franka_msgs/include/franka_msgs/franka_msgs/srv/detail/set_force_torque_collision_behavior__type_support.c
-- Installing: /home/user/humble_ws/install/franka_msgs/include/franka_msgs/franka_msgs/srv/detail/set_tcp_frame__type_support.c
-- Installing: /home/user/humble_ws/install/franka_msgs/include/franka_msgs/franka_msgs/srv/detail/set_stiffness_frame__rosidl_typesupport_introspection_c.h
-- Installing: /home/user/humble_ws/install/franka_msgs/include/franka_msgs/franka_msgs/srv/detail/set_cartesian_stiffness__type_support.c
-- Installing: /home/user/humble_ws/install/franka_msgs/include/franka_msgs/franka_msgs/srv/detail/set_load__type_support.c
-- Installing: /home/user/humble_ws/install/franka_msgs/include/franka_msgs/franka_msgs/srv/detail/set_full_collision_behavior__type_support.c
-- Installing: /home/user/humble_ws/install/franka_msgs/include/franka_msgs/franka_msgs/srv/detail/set_tcp_frame__rosidl_typesupport_introspection_c.h
-- Installing: /home/user/humble_ws/install/franka_msgs/include/franka_msgs/franka_msgs/srv/detail/set_mujoco_poses__rosidl_typesupport_introspection_c.h
-- Up-to-date: /home/user/humble_ws/install/franka_msgs/include/franka_msgs/franka_msgs/msg
-- Up-to-date: /home/user/humble_ws/install/franka_msgs/include/franka_msgs/franka_msgs/msg/detail
-- Installing: /home/user/humble_ws/install/franka_msgs/include/franka_msgs/franka_msgs/msg/detail/pose_stamped_array__rosidl_typesupport_introspection_c.h
-- Installing: /home/user/humble_ws/install/franka_msgs/include/franka_msgs/franka_msgs/msg/detail/franka_model__type_support.c
-- Installing: /home/user/humble_ws/install/franka_msgs/include/franka_msgs/franka_msgs/msg/detail/pose_stamped_array__type_support.c
-- Installing: /home/user/humble_ws/install/franka_msgs/include/franka_msgs/franka_msgs/msg/detail/grasp_epsilon__rosidl_typesupport_introspection_c.h
-- Installing: /home/user/humble_ws/install/franka_msgs/include/franka_msgs/franka_msgs/msg/detail/franka_state__rosidl_typesupport_introspection_c.h
-- Installing: /home/user/humble_ws/install/franka_msgs/include/franka_msgs/franka_msgs/msg/detail/grasp_epsilon__type_support.c
-- Installing: /home/user/humble_ws/install/franka_msgs/include/franka_msgs/franka_msgs/msg/detail/errors__rosidl_typesupport_introspection_c.h
-- Installing: /home/user/humble_ws/install/franka_msgs/include/franka_msgs/franka_msgs/msg/detail/franka_model__rosidl_typesupport_introspection_c.h
-- Installing: /home/user/humble_ws/install/franka_msgs/include/franka_msgs/franka_msgs/msg/detail/errors__type_support.c
-- Installing: /home/user/humble_ws/install/franka_msgs/include/franka_msgs/franka_msgs/msg/detail/franka_state__type_support.c
-- Installing: /home/user/humble_ws/install/franka_msgs/include/franka_msgs/franka_msgs/msg/rosidl_typesupport_introspection_c__visibility_control.h
-- Installing: /home/user/humble_ws/install/franka_msgs/lib/libfranka_msgs__rosidl_typesupport_introspection_c.so
-- Set runtime path of "/home/user/humble_ws/install/franka_msgs/lib/libfranka_msgs__rosidl_typesupport_introspection_c.so" to ""
-- Installing: /home/user/humble_ws/install/franka_msgs/lib/libfranka_msgs__rosidl_typesupport_c.so
-- Set runtime path of "/home/user/humble_ws/install/franka_msgs/lib/libfranka_msgs__rosidl_typesupport_c.so" to ""
-- Up-to-date: /home/user/humble_ws/install/franka_msgs/include/franka_msgs/franka_msgs
-- Up-to-date: /home/user/humble_ws/install/franka_msgs/include/franka_msgs/franka_msgs/action
-- Installing: /home/user/humble_ws/install/franka_msgs/include/franka_msgs/franka_msgs/action/move.hpp
-- Up-to-date: /home/user/humble_ws/install/franka_msgs/include/franka_msgs/franka_msgs/action/detail
-- Installing: /home/user/humble_ws/install/franka_msgs/include/franka_msgs/franka_msgs/action/detail/homing__struct.hpp
-- Installing: /home/user/humble_ws/install/franka_msgs/include/franka_msgs/franka_msgs/action/detail/homing__traits.hpp
-- Installing: /home/user/humble_ws/install/franka_msgs/include/franka_msgs/franka_msgs/action/detail/grasp__traits.hpp
-- Installing: /home/user/humble_ws/install/franka_msgs/include/franka_msgs/franka_msgs/action/detail/grasp__struct.hpp
-- Installing: /home/user/humble_ws/install/franka_msgs/include/franka_msgs/franka_msgs/action/detail/homing__builder.hpp
-- Installing: /home/user/humble_ws/install/franka_msgs/include/franka_msgs/franka_msgs/action/detail/move__traits.hpp
-- Installing: /home/user/humble_ws/install/franka_msgs/include/franka_msgs/franka_msgs/action/detail/grasp__builder.hpp
-- Installing: /home/user/humble_ws/install/franka_msgs/include/franka_msgs/franka_msgs/action/detail/move__builder.hpp
-- Installing: /home/user/humble_ws/install/franka_msgs/include/franka_msgs/franka_msgs/action/detail/move__struct.hpp
-- Installing: /home/user/humble_ws/install/franka_msgs/include/franka_msgs/franka_msgs/action/grasp.hpp
-- Installing: /home/user/humble_ws/install/franka_msgs/include/franka_msgs/franka_msgs/action/homing.hpp
-- Up-to-date: /home/user/humble_ws/install/franka_msgs/include/franka_msgs/franka_msgs/srv
-- Installing: /home/user/humble_ws/install/franka_msgs/include/franka_msgs/franka_msgs/srv/error_recovery.hpp
-- Up-to-date: /home/user/humble_ws/install/franka_msgs/include/franka_msgs/franka_msgs/srv/detail
-- Installing: /home/user/humble_ws/install/franka_msgs/include/franka_msgs/franka_msgs/srv/detail/set_joint_stiffness__struct.hpp
-- Installing: /home/user/humble_ws/install/franka_msgs/include/franka_msgs/franka_msgs/srv/detail/set_full_collision_behavior__builder.hpp
-- Installing: /home/user/humble_ws/install/franka_msgs/include/franka_msgs/franka_msgs/srv/detail/set_mujoco_poses__traits.hpp
-- Installing: /home/user/humble_ws/install/franka_msgs/include/franka_msgs/franka_msgs/srv/detail/set_force_torque_collision_behavior__traits.hpp
-- Installing: /home/user/humble_ws/install/franka_msgs/include/franka_msgs/franka_msgs/srv/detail/set_cartesian_stiffness__traits.hpp
-- Installing: /home/user/humble_ws/install/franka_msgs/include/franka_msgs/franka_msgs/srv/detail/set_stiffness_frame__traits.hpp
-- Installing: /home/user/humble_ws/install/franka_msgs/include/franka_msgs/franka_msgs/srv/detail/set_force_torque_collision_behavior__struct.hpp
-- Installing: /home/user/humble_ws/install/franka_msgs/include/franka_msgs/franka_msgs/srv/detail/set_tcp_frame__struct.hpp
-- Installing: /home/user/humble_ws/install/franka_msgs/include/franka_msgs/franka_msgs/srv/detail/error_recovery__builder.hpp
-- Installing: /home/user/humble_ws/install/franka_msgs/include/franka_msgs/franka_msgs/srv/detail/set_load__traits.hpp
-- Installing: /home/user/humble_ws/install/franka_msgs/include/franka_msgs/franka_msgs/srv/detail/set_joint_stiffness__builder.hpp
-- Installing: /home/user/humble_ws/install/franka_msgs/include/franka_msgs/franka_msgs/srv/detail/set_load__struct.hpp
-- Installing: /home/user/humble_ws/install/franka_msgs/include/franka_msgs/franka_msgs/srv/detail/set_stiffness_frame__struct.hpp
-- Installing: /home/user/humble_ws/install/franka_msgs/include/franka_msgs/franka_msgs/srv/detail/set_tcp_frame__builder.hpp
-- Installing: /home/user/humble_ws/install/franka_msgs/include/franka_msgs/franka_msgs/srv/detail/set_mujoco_poses__struct.hpp
-- Installing: /home/user/humble_ws/install/franka_msgs/include/franka_msgs/franka_msgs/srv/detail/set_full_collision_behavior__struct.hpp
-- Installing: /home/user/humble_ws/install/franka_msgs/include/franka_msgs/franka_msgs/srv/detail/set_cartesian_stiffness__builder.hpp
-- Installing: /home/user/humble_ws/install/franka_msgs/include/franka_msgs/franka_msgs/srv/detail/set_cartesian_stiffness__struct.hpp
-- Installing: /home/user/humble_ws/install/franka_msgs/include/franka_msgs/franka_msgs/srv/detail/set_joint_stiffness__traits.hpp
-- Installing: /home/user/humble_ws/install/franka_msgs/include/franka_msgs/franka_msgs/srv/detail/set_force_torque_collision_behavior__builder.hpp
-- Installing: /home/user/humble_ws/install/franka_msgs/include/franka_msgs/franka_msgs/srv/detail/error_recovery__traits.hpp
-- Installing: /home/user/humble_ws/install/franka_msgs/include/franka_msgs/franka_msgs/srv/detail/set_full_collision_behavior__traits.hpp
-- Installing: /home/user/humble_ws/install/franka_msgs/include/franka_msgs/franka_msgs/srv/detail/set_tcp_frame__traits.hpp
-- Installing: /home/user/humble_ws/install/franka_msgs/include/franka_msgs/franka_msgs/srv/detail/set_mujoco_poses__builder.hpp
-- Installing: /home/user/humble_ws/install/franka_msgs/include/franka_msgs/franka_msgs/srv/detail/set_stiffness_frame__builder.hpp
-- Installing: /home/user/humble_ws/install/franka_msgs/include/franka_msgs/franka_msgs/srv/detail/set_load__builder.hpp
-- Installing: /home/user/humble_ws/install/franka_msgs/include/franka_msgs/franka_msgs/srv/detail/error_recovery__struct.hpp
-- Installing: /home/user/humble_ws/install/franka_msgs/include/franka_msgs/franka_msgs/srv/set_cartesian_stiffness.hpp
-- Installing: /home/user/humble_ws/install/franka_msgs/include/franka_msgs/franka_msgs/srv/set_joint_stiffness.hpp
-- Installing: /home/user/humble_ws/install/franka_msgs/include/franka_msgs/franka_msgs/srv/set_force_torque_collision_behavior.hpp
-- Installing: /home/user/humble_ws/install/franka_msgs/include/franka_msgs/franka_msgs/srv/set_load.hpp
-- Installing: /home/user/humble_ws/install/franka_msgs/include/franka_msgs/franka_msgs/srv/set_stiffness_frame.hpp
-- Installing: /home/user/humble_ws/install/franka_msgs/include/franka_msgs/franka_msgs/srv/set_tcp_frame.hpp
-- Installing: /home/user/humble_ws/install/franka_msgs/include/franka_msgs/franka_msgs/srv/set_mujoco_poses.hpp
-- Installing: /home/user/humble_ws/install/franka_msgs/include/franka_msgs/franka_msgs/srv/set_full_collision_behavior.hpp
-- Up-to-date: /home/user/humble_ws/install/franka_msgs/include/franka_msgs/franka_msgs/msg
-- Installing: /home/user/humble_ws/install/franka_msgs/include/franka_msgs/franka_msgs/msg/grasp_epsilon.hpp
-- Installing: /home/user/humble_ws/install/franka_msgs/include/franka_msgs/franka_msgs/msg/errors.hpp
-- Up-to-date: /home/user/humble_ws/install/franka_msgs/include/franka_msgs/franka_msgs/msg/detail
-- Installing: /home/user/humble_ws/install/franka_msgs/include/franka_msgs/franka_msgs/msg/detail/franka_model__traits.hpp
-- Installing: /home/user/humble_ws/install/franka_msgs/include/franka_msgs/franka_msgs/msg/detail/pose_stamped_array__traits.hpp
-- Installing: /home/user/humble_ws/install/franka_msgs/include/franka_msgs/franka_msgs/msg/detail/franka_state__builder.hpp
-- Installing: /home/user/humble_ws/install/franka_msgs/include/franka_msgs/franka_msgs/msg/detail/grasp_epsilon__traits.hpp
-- Installing: /home/user/humble_ws/install/franka_msgs/include/franka_msgs/franka_msgs/msg/detail/franka_state__traits.hpp
-- Installing: /home/user/humble_ws/install/franka_msgs/include/franka_msgs/franka_msgs/msg/detail/franka_state__struct.hpp
-- Installing: /home/user/humble_ws/install/franka_msgs/include/franka_msgs/franka_msgs/msg/detail/errors__builder.hpp
-- Installing: /home/user/humble_ws/install/franka_msgs/include/franka_msgs/franka_msgs/msg/detail/errors__traits.hpp
-- Installing: /home/user/humble_ws/install/franka_msgs/include/franka_msgs/franka_msgs/msg/detail/franka_model__struct.hpp
-- Installing: /home/user/humble_ws/install/franka_msgs/include/franka_msgs/franka_msgs/msg/detail/pose_stamped_array__builder.hpp
-- Installing: /home/user/humble_ws/install/franka_msgs/include/franka_msgs/franka_msgs/msg/detail/errors__struct.hpp
-- Installing: /home/user/humble_ws/install/franka_msgs/include/franka_msgs/franka_msgs/msg/detail/grasp_epsilon__builder.hpp
-- Installing: /home/user/humble_ws/install/franka_msgs/include/franka_msgs/franka_msgs/msg/detail/franka_model__builder.hpp
-- Installing: /home/user/humble_ws/install/franka_msgs/include/franka_msgs/franka_msgs/msg/detail/pose_stamped_array__struct.hpp
-- Installing: /home/user/humble_ws/install/franka_msgs/include/franka_msgs/franka_msgs/msg/detail/grasp_epsilon__struct.hpp
-- Installing: /home/user/humble_ws/install/franka_msgs/include/franka_msgs/franka_msgs/msg/pose_stamped_array.hpp
-- Installing: /home/user/humble_ws/install/franka_msgs/include/franka_msgs/franka_msgs/msg/franka_state.hpp
-- Installing: /home/user/humble_ws/install/franka_msgs/include/franka_msgs/franka_msgs/msg/franka_model.hpp
-- Up-to-date: /home/user/humble_ws/install/franka_msgs/include/franka_msgs/franka_msgs
-- Up-to-date: /home/user/humble_ws/install/franka_msgs/include/franka_msgs/franka_msgs/action
-- Up-to-date: /home/user/humble_ws/install/franka_msgs/include/franka_msgs/franka_msgs/action/detail
-- Installing: /home/user/humble_ws/install/franka_msgs/include/franka_msgs/franka_msgs/action/detail/dds_fastrtps
-- Installing: /home/user/humble_ws/install/franka_msgs/include/franka_msgs/franka_msgs/action/detail/grasp__rosidl_typesupport_fastrtps_cpp.hpp
-- Installing: /home/user/humble_ws/install/franka_msgs/include/franka_msgs/franka_msgs/action/detail/move__rosidl_typesupport_fastrtps_cpp.hpp
-- Installing: /home/user/humble_ws/install/franka_msgs/include/franka_msgs/franka_msgs/action/detail/homing__rosidl_typesupport_fastrtps_cpp.hpp
-- Up-to-date: /home/user/humble_ws/install/franka_msgs/include/franka_msgs/franka_msgs/srv
-- Up-to-date: /home/user/humble_ws/install/franka_msgs/include/franka_msgs/franka_msgs/srv/detail
-- Installing: /home/user/humble_ws/install/franka_msgs/include/franka_msgs/franka_msgs/srv/detail/dds_fastrtps
-- Installing: /home/user/humble_ws/install/franka_msgs/include/franka_msgs/franka_msgs/srv/detail/set_stiffness_frame__rosidl_typesupport_fastrtps_cpp.hpp
-- Installing: /home/user/humble_ws/install/franka_msgs/include/franka_msgs/franka_msgs/srv/detail/set_joint_stiffness__rosidl_typesupport_fastrtps_cpp.hpp
-- Installing: /home/user/humble_ws/install/franka_msgs/include/franka_msgs/franka_msgs/srv/detail/set_load__rosidl_typesupport_fastrtps_cpp.hpp
-- Installing: /home/user/humble_ws/install/franka_msgs/include/franka_msgs/franka_msgs/srv/detail/error_recovery__rosidl_typesupport_fastrtps_cpp.hpp
-- Installing: /home/user/humble_ws/install/franka_msgs/include/franka_msgs/franka_msgs/srv/detail/set_full_collision_behavior__rosidl_typesupport_fastrtps_cpp.hpp
-- Installing: /home/user/humble_ws/install/franka_msgs/include/franka_msgs/franka_msgs/srv/detail/set_mujoco_poses__rosidl_typesupport_fastrtps_cpp.hpp
-- Installing: /home/user/humble_ws/install/franka_msgs/include/franka_msgs/franka_msgs/srv/detail/set_tcp_frame__rosidl_typesupport_fastrtps_cpp.hpp
-- Installing: /home/user/humble_ws/install/franka_msgs/include/franka_msgs/franka_msgs/srv/detail/set_force_torque_collision_behavior__rosidl_typesupport_fastrtps_cpp.hpp
-- Installing: /home/user/humble_ws/install/franka_msgs/include/franka_msgs/franka_msgs/srv/detail/set_cartesian_stiffness__rosidl_typesupport_fastrtps_cpp.hpp
-- Up-to-date: /home/user/humble_ws/install/franka_msgs/include/franka_msgs/franka_msgs/msg
-- Up-to-date: /home/user/humble_ws/install/franka_msgs/include/franka_msgs/franka_msgs/msg/detail
-- Installing: /home/user/humble_ws/install/franka_msgs/include/franka_msgs/franka_msgs/msg/detail/pose_stamped_array__rosidl_typesupport_fastrtps_cpp.hpp
-- Installing: /home/user/humble_ws/install/franka_msgs/include/franka_msgs/franka_msgs/msg/detail/grasp_epsilon__rosidl_typesupport_fastrtps_cpp.hpp
-- Installing: /home/user/humble_ws/install/franka_msgs/include/franka_msgs/franka_msgs/msg/detail/dds_fastrtps
-- Installing: /home/user/humble_ws/install/franka_msgs/include/franka_msgs/franka_msgs/msg/detail/franka_model__rosidl_typesupport_fastrtps_cpp.hpp
-- Installing: /home/user/humble_ws/install/franka_msgs/include/franka_msgs/franka_msgs/msg/detail/franka_state__rosidl_typesupport_fastrtps_cpp.hpp
-- Installing: /home/user/humble_ws/install/franka_msgs/include/franka_msgs/franka_msgs/msg/detail/errors__rosidl_typesupport_fastrtps_cpp.hpp
-- Installing: /home/user/humble_ws/install/franka_msgs/include/franka_msgs/franka_msgs/msg/rosidl_typesupport_fastrtps_cpp__visibility_control.h
-- Installing: /home/user/humble_ws/install/franka_msgs/lib/libfranka_msgs__rosidl_typesupport_fastrtps_cpp.so
-- Set runtime path of "/home/user/humble_ws/install/franka_msgs/lib/libfranka_msgs__rosidl_typesupport_fastrtps_cpp.so" to ""
-- Up-to-date: /home/user/humble_ws/install/franka_msgs/include/franka_msgs/franka_msgs
-- Up-to-date: /home/user/humble_ws/install/franka_msgs/include/franka_msgs/franka_msgs/action
-- Up-to-date: /home/user/humble_ws/install/franka_msgs/include/franka_msgs/franka_msgs/action/detail
-- Installing: /home/user/humble_ws/install/franka_msgs/include/franka_msgs/franka_msgs/action/detail/homing__type_support.cpp
-- Installing: /home/user/humble_ws/install/franka_msgs/include/franka_msgs/franka_msgs/action/detail/move__type_support.cpp
-- Installing: /home/user/humble_ws/install/franka_msgs/include/franka_msgs/franka_msgs/action/detail/homing__rosidl_typesupport_introspection_cpp.hpp
-- Installing: /home/user/humble_ws/install/franka_msgs/include/franka_msgs/franka_msgs/action/detail/grasp__rosidl_typesupport_introspection_cpp.hpp
-- Installing: /home/user/humble_ws/install/franka_msgs/include/franka_msgs/franka_msgs/action/detail/move__rosidl_typesupport_introspection_cpp.hpp
-- Installing: /home/user/humble_ws/install/franka_msgs/include/franka_msgs/franka_msgs/action/detail/grasp__type_support.cpp
-- Up-to-date: /home/user/humble_ws/install/franka_msgs/include/franka_msgs/franka_msgs/srv
-- Up-to-date: /home/user/humble_ws/install/franka_msgs/include/franka_msgs/franka_msgs/srv/detail
-- Installing: /home/user/humble_ws/install/franka_msgs/include/franka_msgs/franka_msgs/srv/detail/error_recovery__rosidl_typesupport_introspection_cpp.hpp
-- Installing: /home/user/humble_ws/install/franka_msgs/include/franka_msgs/franka_msgs/srv/detail/set_tcp_frame__rosidl_typesupport_introspection_cpp.hpp
-- Installing: /home/user/humble_ws/install/franka_msgs/include/franka_msgs/franka_msgs/srv/detail/set_tcp_frame__type_support.cpp
-- Installing: /home/user/humble_ws/install/franka_msgs/include/franka_msgs/franka_msgs/srv/detail/set_full_collision_behavior__rosidl_typesupport_introspection_cpp.hpp
-- Installing: /home/user/humble_ws/install/franka_msgs/include/franka_msgs/franka_msgs/srv/detail/set_cartesian_stiffness__rosidl_typesupport_introspection_cpp.hpp
-- Installing: /home/user/humble_ws/install/franka_msgs/include/franka_msgs/franka_msgs/srv/detail/set_stiffness_frame__rosidl_typesupport_introspection_cpp.hpp
-- Installing: /home/user/humble_ws/install/franka_msgs/include/franka_msgs/franka_msgs/srv/detail/error_recovery__type_support.cpp
-- Installing: /home/user/humble_ws/install/franka_msgs/include/franka_msgs/franka_msgs/srv/detail/set_joint_stiffness__rosidl_typesupport_introspection_cpp.hpp
-- Installing: /home/user/humble_ws/install/franka_msgs/include/franka_msgs/franka_msgs/srv/detail/set_force_torque_collision_behavior__rosidl_typesupport_introspection_cpp.hpp
-- Installing: /home/user/humble_ws/install/franka_msgs/include/franka_msgs/franka_msgs/srv/detail/set_mujoco_poses__type_support.cpp
-- Installing: /home/user/humble_ws/install/franka_msgs/include/franka_msgs/franka_msgs/srv/detail/set_stiffness_frame__type_support.cpp
-- Installing: /home/user/humble_ws/install/franka_msgs/include/franka_msgs/franka_msgs/srv/detail/set_load__type_support.cpp
-- Installing: /home/user/humble_ws/install/franka_msgs/include/franka_msgs/franka_msgs/srv/detail/set_full_collision_behavior__type_support.cpp
-- Installing: /home/user/humble_ws/install/franka_msgs/include/franka_msgs/franka_msgs/srv/detail/set_cartesian_stiffness__type_support.cpp
-- Installing: /home/user/humble_ws/install/franka_msgs/include/franka_msgs/franka_msgs/srv/detail/set_mujoco_poses__rosidl_typesupport_introspection_cpp.hpp
-- Installing: /home/user/humble_ws/install/franka_msgs/include/franka_msgs/franka_msgs/srv/detail/set_joint_stiffness__type_support.cpp
-- Installing: /home/user/humble_ws/install/franka_msgs/include/franka_msgs/franka_msgs/srv/detail/set_force_torque_collision_behavior__type_support.cpp
-- Installing: /home/user/humble_ws/install/franka_msgs/include/franka_msgs/franka_msgs/srv/detail/set_load__rosidl_typesupport_introspection_cpp.hpp
-- Up-to-date: /home/user/humble_ws/install/franka_msgs/include/franka_msgs/franka_msgs/msg
-- Up-to-date: /home/user/humble_ws/install/franka_msgs/include/franka_msgs/franka_msgs/msg/detail
-- Installing: /home/user/humble_ws/install/franka_msgs/include/franka_msgs/franka_msgs/msg/detail/pose_stamped_array__rosidl_typesupport_introspection_cpp.hpp
-- Installing: /home/user/humble_ws/install/franka_msgs/include/franka_msgs/franka_msgs/msg/detail/franka_state__type_support.cpp
-- Installing: /home/user/humble_ws/install/franka_msgs/include/franka_msgs/franka_msgs/msg/detail/franka_state__rosidl_typesupport_introspection_cpp.hpp
-- Installing: /home/user/humble_ws/install/franka_msgs/include/franka_msgs/franka_msgs/msg/detail/franka_model__rosidl_typesupport_introspection_cpp.hpp
-- Installing: /home/user/humble_ws/install/franka_msgs/include/franka_msgs/franka_msgs/msg/detail/grasp_epsilon__type_support.cpp
-- Installing: /home/user/humble_ws/install/franka_msgs/include/franka_msgs/franka_msgs/msg/detail/franka_model__type_support.cpp
-- Installing: /home/user/humble_ws/install/franka_msgs/include/franka_msgs/franka_msgs/msg/detail/grasp_epsilon__rosidl_typesupport_introspection_cpp.hpp
-- Installing: /home/user/humble_ws/install/franka_msgs/include/franka_msgs/franka_msgs/msg/detail/pose_stamped_array__type_support.cpp
-- Installing: /home/user/humble_ws/install/franka_msgs/include/franka_msgs/franka_msgs/msg/detail/errors__rosidl_typesupport_introspection_cpp.hpp
-- Installing: /home/user/humble_ws/install/franka_msgs/include/franka_msgs/franka_msgs/msg/detail/errors__type_support.cpp
-- Installing: /home/user/humble_ws/install/franka_msgs/lib/libfranka_msgs__rosidl_typesupport_introspection_cpp.so
-- Set runtime path of "/home/user/humble_ws/install/franka_msgs/lib/libfranka_msgs__rosidl_typesupport_introspection_cpp.so" to ""
-- Installing: /home/user/humble_ws/install/franka_msgs/lib/libfranka_msgs__rosidl_typesupport_cpp.so
-- Set runtime path of "/home/user/humble_ws/install/franka_msgs/lib/libfranka_msgs__rosidl_typesupport_cpp.so" to ""
-- Installing: /home/user/humble_ws/install/franka_msgs/share/franka_msgs/environment/pythonpath.sh
-- Installing: /home/user/humble_ws/install/franka_msgs/share/franka_msgs/environment/pythonpath.dsv
-- Installing: /home/user/humble_ws/install/franka_msgs/local/lib/python3.10/dist-packages/franka_msgs-0.0.0-py3.10.egg-info
-- Installing: /home/user/humble_ws/install/franka_msgs/local/lib/python3.10/dist-packages/franka_msgs-0.0.0-py3.10.egg-info/top_level.txt
-- Installing: /home/user/humble_ws/install/franka_msgs/local/lib/python3.10/dist-packages/franka_msgs-0.0.0-py3.10.egg-info/dependency_links.txt
-- Installing: /home/user/humble_ws/install/franka_msgs/local/lib/python3.10/dist-packages/franka_msgs-0.0.0-py3.10.egg-info/SOURCES.txt
-- Installing: /home/user/humble_ws/install/franka_msgs/local/lib/python3.10/dist-packages/franka_msgs-0.0.0-py3.10.egg-info/PKG-INFO
-- Installing: /home/user/humble_ws/install/franka_msgs/local/lib/python3.10/dist-packages/franka_msgs
-- Installing: /home/user/humble_ws/install/franka_msgs/local/lib/python3.10/dist-packages/franka_msgs/action
-- Installing: /home/user/humble_ws/install/franka_msgs/local/lib/python3.10/dist-packages/franka_msgs/action/_homing_s.c
-- Installing: /home/user/humble_ws/install/franka_msgs/local/lib/python3.10/dist-packages/franka_msgs/action/_homing.py
-- Installing: /home/user/humble_ws/install/franka_msgs/local/lib/python3.10/dist-packages/franka_msgs/action/_grasp_s.c
-- Installing: /home/user/humble_ws/install/franka_msgs/local/lib/python3.10/dist-packages/franka_msgs/action/_move.py
-- Installing: /home/user/humble_ws/install/franka_msgs/local/lib/python3.10/dist-packages/franka_msgs/action/_grasp.py
-- Installing: /home/user/humble_ws/install/franka_msgs/local/lib/python3.10/dist-packages/franka_msgs/action/_move_s.c
-- Installing: /home/user/humble_ws/install/franka_msgs/local/lib/python3.10/dist-packages/franka_msgs/action/__init__.py
-- Installing: /home/user/humble_ws/install/franka_msgs/local/lib/python3.10/dist-packages/franka_msgs/franka_msgs_s__rosidl_typesupport_introspection_c.cpython-310-x86_64-linux-gnu.so
-- Installing: /home/user/humble_ws/install/franka_msgs/local/lib/python3.10/dist-packages/franka_msgs/franka_msgs_s__rosidl_typesupport_c.cpython-310-x86_64-linux-gnu.so
-- Installing: /home/user/humble_ws/install/franka_msgs/local/lib/python3.10/dist-packages/franka_msgs/_franka_msgs_s.ep.rosidl_typesupport_fastrtps_c.c
-- Installing: /home/user/humble_ws/install/franka_msgs/local/lib/python3.10/dist-packages/franka_msgs/_franka_msgs_s.ep.rosidl_typesupport_c.c
-- Installing: /home/user/humble_ws/install/franka_msgs/local/lib/python3.10/dist-packages/franka_msgs/srv
-- Installing: /home/user/humble_ws/install/franka_msgs/local/lib/python3.10/dist-packages/franka_msgs/srv/_set_joint_stiffness.py
-- Installing: /home/user/humble_ws/install/franka_msgs/local/lib/python3.10/dist-packages/franka_msgs/srv/_set_mujoco_poses.py
-- Installing: /home/user/humble_ws/install/franka_msgs/local/lib/python3.10/dist-packages/franka_msgs/srv/_set_cartesian_stiffness_s.c
-- Installing: /home/user/humble_ws/install/franka_msgs/local/lib/python3.10/dist-packages/franka_msgs/srv/_set_load.py
-- Installing: /home/user/humble_ws/install/franka_msgs/local/lib/python3.10/dist-packages/franka_msgs/srv/_set_full_collision_behavior.py
-- Installing: /home/user/humble_ws/install/franka_msgs/local/lib/python3.10/dist-packages/franka_msgs/srv/_error_recovery.py
-- Installing: /home/user/humble_ws/install/franka_msgs/local/lib/python3.10/dist-packages/franka_msgs/srv/_set_mujoco_poses_s.c
-- Installing: /home/user/humble_ws/install/franka_msgs/local/lib/python3.10/dist-packages/franka_msgs/srv/_set_cartesian_stiffness.py
-- Installing: /home/user/humble_ws/install/franka_msgs/local/lib/python3.10/dist-packages/franka_msgs/srv/_set_load_s.c
-- Installing: /home/user/humble_ws/install/franka_msgs/local/lib/python3.10/dist-packages/franka_msgs/srv/_set_joint_stiffness_s.c
-- Installing: /home/user/humble_ws/install/franka_msgs/local/lib/python3.10/dist-packages/franka_msgs/srv/_set_stiffness_frame_s.c
-- Installing: /home/user/humble_ws/install/franka_msgs/local/lib/python3.10/dist-packages/franka_msgs/srv/_set_stiffness_frame.py
-- Installing: /home/user/humble_ws/install/franka_msgs/local/lib/python3.10/dist-packages/franka_msgs/srv/_set_tcp_frame_s.c
-- Installing: /home/user/humble_ws/install/franka_msgs/local/lib/python3.10/dist-packages/franka_msgs/srv/_error_recovery_s.c
-- Installing: /home/user/humble_ws/install/franka_msgs/local/lib/python3.10/dist-packages/franka_msgs/srv/_set_tcp_frame.py
-- Installing: /home/user/humble_ws/install/franka_msgs/local/lib/python3.10/dist-packages/franka_msgs/srv/__init__.py
-- Installing: /home/user/humble_ws/install/franka_msgs/local/lib/python3.10/dist-packages/franka_msgs/srv/_set_force_torque_collision_behavior_s.c
-- Installing: /home/user/humble_ws/install/franka_msgs/local/lib/python3.10/dist-packages/franka_msgs/srv/_set_force_torque_collision_behavior.py
-- Installing: /home/user/humble_ws/install/franka_msgs/local/lib/python3.10/dist-packages/franka_msgs/srv/_set_full_collision_behavior_s.c
-- Installing: /home/user/humble_ws/install/franka_msgs/local/lib/python3.10/dist-packages/franka_msgs/msg
-- Installing: /home/user/humble_ws/install/franka_msgs/local/lib/python3.10/dist-packages/franka_msgs/msg/_grasp_epsilon.py
-- Installing: /home/user/humble_ws/install/franka_msgs/local/lib/python3.10/dist-packages/franka_msgs/msg/_grasp_epsilon_s.c
-- Installing: /home/user/humble_ws/install/franka_msgs/local/lib/python3.10/dist-packages/franka_msgs/msg/_franka_state.py
-- Installing: /home/user/humble_ws/install/franka_msgs/local/lib/python3.10/dist-packages/franka_msgs/msg/_pose_stamped_array_s.c
-- Installing: /home/user/humble_ws/install/franka_msgs/local/lib/python3.10/dist-packages/franka_msgs/msg/_franka_model.py
-- Installing: /home/user/humble_ws/install/franka_msgs/local/lib/python3.10/dist-packages/franka_msgs/msg/_franka_model_s.c
-- Installing: /home/user/humble_ws/install/franka_msgs/local/lib/python3.10/dist-packages/franka_msgs/msg/_errors.py
-- Installing: /home/user/humble_ws/install/franka_msgs/local/lib/python3.10/dist-packages/franka_msgs/msg/_franka_state_s.c
-- Installing: /home/user/humble_ws/install/franka_msgs/local/lib/python3.10/dist-packages/franka_msgs/msg/_pose_stamped_array.py
-- Installing: /home/user/humble_ws/install/franka_msgs/local/lib/python3.10/dist-packages/franka_msgs/msg/_errors_s.c
-- Installing: /home/user/humble_ws/install/franka_msgs/local/lib/python3.10/dist-packages/franka_msgs/msg/__init__.py
-- Installing: /home/user/humble_ws/install/franka_msgs/local/lib/python3.10/dist-packages/franka_msgs/franka_msgs_s__rosidl_typesupport_fastrtps_c.cpython-310-x86_64-linux-gnu.so
-- Installing: /home/user/humble_ws/install/franka_msgs/local/lib/python3.10/dist-packages/franka_msgs/_franka_msgs_s.ep.rosidl_typesupport_introspection_c.c
-- Installing: /home/user/humble_ws/install/franka_msgs/local/lib/python3.10/dist-packages/franka_msgs/libfranka_msgs__rosidl_generator_py.so
-- Installing: /home/user/humble_ws/install/franka_msgs/local/lib/python3.10/dist-packages/franka_msgs/__init__.py
Listing '/home/user/humble_ws/install/franka_msgs/local/lib/python3.10/dist-packages/franka_msgs'...
Compiling '/home/user/humble_ws/install/franka_msgs/local/lib/python3.10/dist-packages/franka_msgs/__init__.py'...
Listing '/home/user/humble_ws/install/franka_msgs/local/lib/python3.10/dist-packages/franka_msgs/action'...
Compiling '/home/user/humble_ws/install/franka_msgs/local/lib/python3.10/dist-packages/franka_msgs/action/__init__.py'...
Compiling '/home/user/humble_ws/install/franka_msgs/local/lib/python3.10/dist-packages/franka_msgs/action/_grasp.py'...
Compiling '/home/user/humble_ws/install/franka_msgs/local/lib/python3.10/dist-packages/franka_msgs/action/_homing.py'...
Compiling '/home/user/humble_ws/install/franka_msgs/local/lib/python3.10/dist-packages/franka_msgs/action/_move.py'...
Listing '/home/user/humble_ws/install/franka_msgs/local/lib/python3.10/dist-packages/franka_msgs/msg'...
Compiling '/home/user/humble_ws/install/franka_msgs/local/lib/python3.10/dist-packages/franka_msgs/msg/__init__.py'...
Compiling '/home/user/humble_ws/install/franka_msgs/local/lib/python3.10/dist-packages/franka_msgs/msg/_errors.py'...
Compiling '/home/user/humble_ws/install/franka_msgs/local/lib/python3.10/dist-packages/franka_msgs/msg/_franka_model.py'...
Compiling '/home/user/humble_ws/install/franka_msgs/local/lib/python3.10/dist-packages/franka_msgs/msg/_franka_state.py'...
Compiling '/home/user/humble_ws/install/franka_msgs/local/lib/python3.10/dist-packages/franka_msgs/msg/_grasp_epsilon.py'...
Compiling '/home/user/humble_ws/install/franka_msgs/local/lib/python3.10/dist-packages/franka_msgs/msg/_pose_stamped_array.py'...
Listing '/home/user/humble_ws/install/franka_msgs/local/lib/python3.10/dist-packages/franka_msgs/srv'...
Compiling '/home/user/humble_ws/install/franka_msgs/local/lib/python3.10/dist-packages/franka_msgs/srv/__init__.py'...
Compiling '/home/user/humble_ws/install/franka_msgs/local/lib/python3.10/dist-packages/franka_msgs/srv/_error_recovery.py'...
Compiling '/home/user/humble_ws/install/franka_msgs/local/lib/python3.10/dist-packages/franka_msgs/srv/_set_cartesian_stiffness.py'...
Compiling '/home/user/humble_ws/install/franka_msgs/local/lib/python3.10/dist-packages/franka_msgs/srv/_set_force_torque_collision_behavior.py'...
Compiling '/home/user/humble_ws/install/franka_msgs/local/lib/python3.10/dist-packages/franka_msgs/srv/_set_full_collision_behavior.py'...
Compiling '/home/user/humble_ws/install/franka_msgs/local/lib/python3.10/dist-packages/franka_msgs/srv/_set_joint_stiffness.py'...
Compiling '/home/user/humble_ws/install/franka_msgs/local/lib/python3.10/dist-packages/franka_msgs/srv/_set_load.py'...
Compiling '/home/user/humble_ws/install/franka_msgs/local/lib/python3.10/dist-packages/franka_msgs/srv/_set_mujoco_poses.py'...
Compiling '/home/user/humble_ws/install/franka_msgs/local/lib/python3.10/dist-packages/franka_msgs/srv/_set_stiffness_frame.py'...
Compiling '/home/user/humble_ws/install/franka_msgs/local/lib/python3.10/dist-packages/franka_msgs/srv/_set_tcp_frame.py'...
-- Installing: /home/user/humble_ws/install/franka_msgs/local/lib/python3.10/dist-packages/franka_msgs/franka_msgs_s__rosidl_typesupport_fastrtps_c.cpython-310-x86_64-linux-gnu.so
-- Set runtime path of "/home/user/humble_ws/install/franka_msgs/local/lib/python3.10/dist-packages/franka_msgs/franka_msgs_s__rosidl_typesupport_fastrtps_c.cpython-310-x86_64-linux-gnu.so" to ""
-- Installing: /home/user/humble_ws/install/franka_msgs/local/lib/python3.10/dist-packages/franka_msgs/franka_msgs_s__rosidl_typesupport_introspection_c.cpython-310-x86_64-linux-gnu.so
-- Set runtime path of "/home/user/humble_ws/install/franka_msgs/local/lib/python3.10/dist-packages/franka_msgs/franka_msgs_s__rosidl_typesupport_introspection_c.cpython-310-x86_64-linux-gnu.so" to ""
-- Installing: /home/user/humble_ws/install/franka_msgs/local/lib/python3.10/dist-packages/franka_msgs/franka_msgs_s__rosidl_typesupport_c.cpython-310-x86_64-linux-gnu.so
-- Set runtime path of "/home/user/humble_ws/install/franka_msgs/local/lib/python3.10/dist-packages/franka_msgs/franka_msgs_s__rosidl_typesupport_c.cpython-310-x86_64-linux-gnu.so" to ""
-- Installing: /home/user/humble_ws/install/franka_msgs/lib/libfranka_msgs__rosidl_generator_py.so
-- Set runtime path of "/home/user/humble_ws/install/franka_msgs/lib/libfranka_msgs__rosidl_generator_py.so" to ""
-- Installing: /home/user/humble_ws/install/franka_msgs/share/franka_msgs/action/Grasp.idl
-- Installing: /home/user/humble_ws/install/franka_msgs/share/franka_msgs/action/Homing.idl
-- Installing: /home/user/humble_ws/install/franka_msgs/share/franka_msgs/action/Move.idl
-- Installing: /home/user/humble_ws/install/franka_msgs/share/franka_msgs/srv/ErrorRecovery.idl
-- Installing: /home/user/humble_ws/install/franka_msgs/share/franka_msgs/srv/SetCartesianStiffness.idl
-- Installing: /home/user/humble_ws/install/franka_msgs/share/franka_msgs/srv/SetTCPFrame.idl
-- Installing: /home/user/humble_ws/install/franka_msgs/share/franka_msgs/srv/SetForceTorqueCollisionBehavior.idl
-- Installing: /home/user/humble_ws/install/franka_msgs/share/franka_msgs/srv/SetFullCollisionBehavior.idl
-- Installing: /home/user/humble_ws/install/franka_msgs/share/franka_msgs/srv/SetJointStiffness.idl
-- Installing: /home/user/humble_ws/install/franka_msgs/share/franka_msgs/srv/SetStiffnessFrame.idl
-- Installing: /home/user/humble_ws/install/franka_msgs/share/franka_msgs/srv/SetLoad.idl
-- Installing: /home/user/humble_ws/install/franka_msgs/share/franka_msgs/srv/SetMujocoPoses.idl
-- Installing: /home/user/humble_ws/install/franka_msgs/share/franka_msgs/msg/GraspEpsilon.idl
-- Installing: /home/user/humble_ws/install/franka_msgs/share/franka_msgs/msg/FrankaState.idl
-- Installing: /home/user/humble_ws/install/franka_msgs/share/franka_msgs/msg/FrankaModel.idl
-- Installing: /home/user/humble_ws/install/franka_msgs/share/franka_msgs/msg/Errors.idl
-- Installing: /home/user/humble_ws/install/franka_msgs/share/franka_msgs/msg/PoseStampedArray.idl
-- Installing: /home/user/humble_ws/install/franka_msgs/share/franka_msgs/action/Grasp.action
-- Installing: /home/user/humble_ws/install/franka_msgs/share/franka_msgs/action/Homing.action
-- Installing: /home/user/humble_ws/install/franka_msgs/share/franka_msgs/action/Move.action
-- Installing: /home/user/humble_ws/install/franka_msgs/share/franka_msgs/srv/ErrorRecovery.srv
-- Installing: /home/user/humble_ws/install/franka_msgs/share/franka_msgs/srv/ErrorRecovery_Request.msg
-- Installing: /home/user/humble_ws/install/franka_msgs/share/franka_msgs/srv/ErrorRecovery_Response.msg
-- Installing: /home/user/humble_ws/install/franka_msgs/share/franka_msgs/srv/SetCartesianStiffness.srv
-- Installing: /home/user/humble_ws/install/franka_msgs/share/franka_msgs/srv/SetCartesianStiffness_Request.msg
-- Installing: /home/user/humble_ws/install/franka_msgs/share/franka_msgs/srv/SetCartesianStiffness_Response.msg
-- Installing: /home/user/humble_ws/install/franka_msgs/share/franka_msgs/srv/SetTCPFrame.srv
-- Installing: /home/user/humble_ws/install/franka_msgs/share/franka_msgs/srv/SetTCPFrame_Request.msg
-- Installing: /home/user/humble_ws/install/franka_msgs/share/franka_msgs/srv/SetTCPFrame_Response.msg
-- Installing: /home/user/humble_ws/install/franka_msgs/share/franka_msgs/srv/SetForceTorqueCollisionBehavior.srv
-- Installing: /home/user/humble_ws/install/franka_msgs/share/franka_msgs/srv/SetForceTorqueCollisionBehavior_Request.msg
-- Installing: /home/user/humble_ws/install/franka_msgs/share/franka_msgs/srv/SetForceTorqueCollisionBehavior_Response.msg
-- Installing: /home/user/humble_ws/install/franka_msgs/share/franka_msgs/srv/SetFullCollisionBehavior.srv
-- Installing: /home/user/humble_ws/install/franka_msgs/share/franka_msgs/srv/SetFullCollisionBehavior_Request.msg
-- Installing: /home/user/humble_ws/install/franka_msgs/share/franka_msgs/srv/SetFullCollisionBehavior_Response.msg
-- Installing: /home/user/humble_ws/install/franka_msgs/share/franka_msgs/srv/SetJointStiffness.srv
-- Installing: /home/user/humble_ws/install/franka_msgs/share/franka_msgs/srv/SetJointStiffness_Request.msg
-- Installing: /home/user/humble_ws/install/franka_msgs/share/franka_msgs/srv/SetJointStiffness_Response.msg
-- Installing: /home/user/humble_ws/install/franka_msgs/share/franka_msgs/srv/SetStiffnessFrame.srv
-- Installing: /home/user/humble_ws/install/franka_msgs/share/franka_msgs/srv/SetStiffnessFrame_Request.msg
-- Installing: /home/user/humble_ws/install/franka_msgs/share/franka_msgs/srv/SetStiffnessFrame_Response.msg
-- Installing: /home/user/humble_ws/install/franka_msgs/share/franka_msgs/srv/SetLoad.srv
-- Installing: /home/user/humble_ws/install/franka_msgs/share/franka_msgs/srv/SetLoad_Request.msg
-- Installing: /home/user/humble_ws/install/franka_msgs/share/franka_msgs/srv/SetLoad_Response.msg
-- Installing: /home/user/humble_ws/install/franka_msgs/share/franka_msgs/srv/SetMujocoPoses.srv
-- Installing: /home/user/humble_ws/install/franka_msgs/share/franka_msgs/srv/SetMujocoPoses_Request.msg
-- Installing: /home/user/humble_ws/install/franka_msgs/share/franka_msgs/srv/SetMujocoPoses_Response.msg
-- Installing: /home/user/humble_ws/install/franka_msgs/share/franka_msgs/msg/GraspEpsilon.msg
-- Installing: /home/user/humble_ws/install/franka_msgs/share/franka_msgs/msg/FrankaState.msg
-- Installing: /home/user/humble_ws/install/franka_msgs/share/franka_msgs/msg/FrankaModel.msg
-- Installing: /home/user/humble_ws/install/franka_msgs/share/franka_msgs/msg/Errors.msg
-- Installing: /home/user/humble_ws/install/franka_msgs/share/franka_msgs/msg/PoseStampedArray.msg
-- Installing: /home/user/humble_ws/install/franka_msgs/share/ament_index/resource_index/package_run_dependencies/franka_msgs
-- Installing: /home/user/humble_ws/install/franka_msgs/share/ament_index/resource_index/parent_prefix_path/franka_msgs
-- Installing: /home/user/humble_ws/install/franka_msgs/share/franka_msgs/environment/ament_prefix_path.sh
-- Installing: /home/user/humble_ws/install/franka_msgs/share/franka_msgs/environment/ament_prefix_path.dsv
-- Installing: /home/user/humble_ws/install/franka_msgs/share/franka_msgs/environment/path.sh
-- Installing: /home/user/humble_ws/install/franka_msgs/share/franka_msgs/environment/path.dsv
-- Installing: /home/user/humble_ws/install/franka_msgs/share/franka_msgs/local_setup.bash
-- Installing: /home/user/humble_ws/install/franka_msgs/share/franka_msgs/local_setup.sh
-- Installing: /home/user/humble_ws/install/franka_msgs/share/franka_msgs/local_setup.zsh
-- Installing: /home/user/humble_ws/install/franka_msgs/share/franka_msgs/local_setup.dsv
-- Installing: /home/user/humble_ws/install/franka_msgs/share/franka_msgs/package.dsv
-- Installing: /home/user/humble_ws/install/franka_msgs/share/ament_index/resource_index/packages/franka_msgs
-- Installing: /home/user/humble_ws/install/franka_msgs/share/franka_msgs/cmake/export_franka_msgs__rosidl_generator_cExport.cmake
-- Installing: /home/user/humble_ws/install/franka_msgs/share/franka_msgs/cmake/export_franka_msgs__rosidl_generator_cExport-release.cmake
-- Installing: /home/user/humble_ws/install/franka_msgs/share/franka_msgs/cmake/export_franka_msgs__rosidl_typesupport_fastrtps_cExport.cmake
-- Installing: /home/user/humble_ws/install/franka_msgs/share/franka_msgs/cmake/export_franka_msgs__rosidl_typesupport_fastrtps_cExport-release.cmake
-- Installing: /home/user/humble_ws/install/franka_msgs/share/franka_msgs/cmake/franka_msgs__rosidl_typesupport_introspection_cExport.cmake
-- Installing: /home/user/humble_ws/install/franka_msgs/share/franka_msgs/cmake/franka_msgs__rosidl_typesupport_introspection_cExport-release.cmake
-- Installing: /home/user/humble_ws/install/franka_msgs/share/franka_msgs/cmake/franka_msgs__rosidl_typesupport_cExport.cmake
-- Installing: /home/user/humble_ws/install/franka_msgs/share/franka_msgs/cmake/franka_msgs__rosidl_typesupport_cExport-release.cmake
-- Installing: /home/user/humble_ws/install/franka_msgs/share/franka_msgs/cmake/export_franka_msgs__rosidl_generator_cppExport.cmake
-- Installing: /home/user/humble_ws/install/franka_msgs/share/franka_msgs/cmake/export_franka_msgs__rosidl_typesupport_fastrtps_cppExport.cmake
-- Installing: /home/user/humble_ws/install/franka_msgs/share/franka_msgs/cmake/export_franka_msgs__rosidl_typesupport_fastrtps_cppExport-release.cmake
-- Installing: /home/user/humble_ws/install/franka_msgs/share/franka_msgs/cmake/franka_msgs__rosidl_typesupport_introspection_cppExport.cmake
-- Installing: /home/user/humble_ws/install/franka_msgs/share/franka_msgs/cmake/franka_msgs__rosidl_typesupport_introspection_cppExport-release.cmake
-- Installing: /home/user/humble_ws/install/franka_msgs/share/franka_msgs/cmake/franka_msgs__rosidl_typesupport_cppExport.cmake
-- Installing: /home/user/humble_ws/install/franka_msgs/share/franka_msgs/cmake/franka_msgs__rosidl_typesupport_cppExport-release.cmake
-- Installing: /home/user/humble_ws/install/franka_msgs/share/franka_msgs/cmake/export_franka_msgs__rosidl_generator_pyExport.cmake
-- Installing: /home/user/humble_ws/install/franka_msgs/share/franka_msgs/cmake/export_franka_msgs__rosidl_generator_pyExport-release.cmake
-- Installing: /home/user/humble_ws/install/franka_msgs/share/franka_msgs/cmake/rosidl_cmake-extras.cmake
-- Installing: /home/user/humble_ws/install/franka_msgs/share/franka_msgs/cmake/ament_cmake_export_dependencies-extras.cmake
-- Installing: /home/user/humble_ws/install/franka_msgs/share/franka_msgs/cmake/ament_cmake_export_include_directories-extras.cmake
-- Installing: /home/user/humble_ws/install/franka_msgs/share/franka_msgs/cmake/ament_cmake_export_libraries-extras.cmake
-- Installing: /home/user/humble_ws/install/franka_msgs/share/franka_msgs/cmake/ament_cmake_export_targets-extras.cmake
-- Installing: /home/user/humble_ws/install/franka_msgs/share/franka_msgs/cmake/rosidl_cmake_export_typesupport_targets-extras.cmake
-- Installing: /home/user/humble_ws/install/franka_msgs/share/franka_msgs/cmake/rosidl_cmake_export_typesupport_libraries-extras.cmake
-- Installing: /home/user/humble_ws/install/franka_msgs/share/franka_msgs/cmake/franka_msgsConfig.cmake
-- Installing: /home/user/humble_ws/install/franka_msgs/share/franka_msgs/cmake/franka_msgsConfig-version.cmake
-- Installing: /home/user/humble_ws/install/franka_msgs/share/franka_msgs/package.xml
