[0.035s] Invoking command in '/home/user/humble_ws/build/garmi_controllers': CMAKE_PREFIX_PATH=${CMAKE_PREFIX_PATH}:/opt/ros/humble /usr/bin/cmake --build /home/user/humble_ws/build/garmi_controllers -- -j12 -l12
[0.177s] [100%] Built target garmi_controllers
[0.220s] Invoked command in '/home/user/humble_ws/build/garmi_controllers' returned '0': CMAKE_PREFIX_PATH=${CMAKE_PREFIX_PATH}:/opt/ros/humble /usr/bin/cmake --build /home/user/humble_ws/build/garmi_controllers -- -j12 -l12
[0.313s] Invoking command in '/home/user/humble_ws/build/garmi_controllers': CMAKE_PREFIX_PATH=${CMAKE_PREFIX_PATH}:/opt/ros/humble /usr/bin/cmake --install /home/user/humble_ws/build/garmi_controllers
[0.344s] -- Install configuration: "Release"
[0.347s] -- Up-to-date: /home/user/humble_ws/install/garmi_controllers/share/garmi_controllers/garmi_controllers.xml
[0.348s] -- Up-to-date: /home/user/humble_ws/install/garmi_controllers/lib/libgarmi_controllers.so
[0.351s] -- Up-to-date: /home/user/humble_ws/install/garmi_controllers/include
[0.351s] -- Up-to-date: /home/user/humble_ws/install/garmi_controllers/include/garmi_controllers
[0.352s] -- Up-to-date: /home/user/humble_ws/install/garmi_controllers/include/garmi_controllers/mobile_base_controller.hpp
[0.352s] -- Up-to-date: /home/user/humble_ws/install/garmi_controllers/share/garmi_controllers/environment/library_path.sh
[0.353s] -- Up-to-date: /home/user/humble_ws/install/garmi_controllers/share/garmi_controllers/environment/library_path.dsv
[0.354s] -- Up-to-date: /home/user/humble_ws/install/garmi_controllers/share/ament_index/resource_index/package_run_dependencies/garmi_controllers
[0.354s] -- Up-to-date: /home/user/humble_ws/install/garmi_controllers/share/ament_index/resource_index/parent_prefix_path/garmi_controllers
[0.355s] -- Up-to-date: /home/user/humble_ws/install/garmi_controllers/share/garmi_controllers/environment/ament_prefix_path.sh
[0.356s] -- Up-to-date: /home/user/humble_ws/install/garmi_controllers/share/garmi_controllers/environment/ament_prefix_path.dsv
[0.356s] -- Up-to-date: /home/user/humble_ws/install/garmi_controllers/share/garmi_controllers/environment/path.sh
[0.356s] -- Up-to-date: /home/user/humble_ws/install/garmi_controllers/share/garmi_controllers/environment/path.dsv
[0.356s] -- Up-to-date: /home/user/humble_ws/install/garmi_controllers/share/garmi_controllers/local_setup.bash
[0.356s] -- Up-to-date: /home/user/humble_ws/install/garmi_controllers/share/garmi_controllers/local_setup.sh
[0.357s] -- Up-to-date: /home/user/humble_ws/install/garmi_controllers/share/garmi_controllers/local_setup.zsh
[0.357s] -- Up-to-date: /home/user/humble_ws/install/garmi_controllers/share/garmi_controllers/local_setup.dsv
[0.358s] -- Installing: /home/user/humble_ws/install/garmi_controllers/share/garmi_controllers/package.dsv
[0.359s] -- Up-to-date: /home/user/humble_ws/install/garmi_controllers/share/ament_index/resource_index/packages/garmi_controllers
[0.360s] -- Up-to-date: /home/user/humble_ws/install/garmi_controllers/share/ament_index/resource_index/controller_interface__pluginlib__plugin/garmi_controllers
[0.360s] -- Up-to-date: /home/user/humble_ws/install/garmi_controllers/share/garmi_controllers/cmake/ament_cmake_export_include_directories-extras.cmake
[0.361s] -- Up-to-date: /home/user/humble_ws/install/garmi_controllers/share/garmi_controllers/cmake/ament_cmake_export_libraries-extras.cmake
[0.361s] -- Up-to-date: /home/user/humble_ws/install/garmi_controllers/share/garmi_controllers/cmake/ament_cmake_export_dependencies-extras.cmake
[0.361s] -- Up-to-date: /home/user/humble_ws/install/garmi_controllers/share/garmi_controllers/cmake/garmi_controllersConfig.cmake
[0.361s] -- Up-to-date: /home/user/humble_ws/install/garmi_controllers/share/garmi_controllers/cmake/garmi_controllersConfig-version.cmake
[0.362s] -- Up-to-date: /home/user/humble_ws/install/garmi_controllers/share/garmi_controllers/package.xml
[0.374s] Invoked command in '/home/user/humble_ws/build/garmi_controllers' returned '0': CMAKE_PREFIX_PATH=${CMAKE_PREFIX_PATH}:/opt/ros/humble /usr/bin/cmake --install /home/user/humble_ws/build/garmi_controllers
