[0.018s] Invoking command in '/home/user/humble_ws/build/franka_msgs': CMAKE_PREFIX_PATH=${CMAKE_PREFIX_PATH}:/opt/ros/humble /usr/bin/cmake --build /home/user/humble_ws/build/franka_msgs -- -j12 -l12
[0.089s] [  2%] Built target franka_msgs__cpp
[0.090s] [ 12%] Built target franka_msgs__rosidl_generator_c
[0.114s] [ 12%] Built target ament_cmake_python_copy_franka_msgs
[0.127s] [ 24%] Built target franka_msgs__rosidl_typesupport_introspection_cpp
[0.132s] [ 36%] Built target franka_msgs__rosidl_typesupport_cpp
[0.141s] [ 48%] Built target franka_msgs__rosidl_typesupport_fastrtps_cpp
[0.152s] [ 60%] Built target franka_msgs__rosidl_typesupport_c
[0.152s] [ 79%] Built target franka_msgs__rosidl_typesupport_fastrtps_c
[0.152s] [ 84%] Built target franka_msgs__rosidl_typesupport_introspection_c
[0.175s] [ 84%] Built target franka_msgs
[0.192s] [ 85%] Built target franka_msgs__py
[0.213s] [ 96%] Built target franka_msgs__rosidl_generator_py
[0.234s] [ 98%] Built target franka_msgs__rosidl_typesupport_introspection_c__pyext
[0.234s] [ 99%] Built target franka_msgs__rosidl_typesupport_c__pyext
[0.235s] [100%] Built target franka_msgs__rosidl_typesupport_fastrtps_c__pyext
[0.296s] running egg_info
[0.297s] writing franka_msgs.egg-info/PKG-INFO
[0.297s] writing dependency_links to franka_msgs.egg-info/dependency_links.txt
[0.297s] writing top-level names to franka_msgs.egg-info/top_level.txt
[0.299s] reading manifest file 'franka_msgs.egg-info/SOURCES.txt'
[0.299s] writing manifest file 'franka_msgs.egg-info/SOURCES.txt'
[0.323s] [100%] Built target ament_cmake_python_build_franka_msgs_egg
[0.331s] Invoked command in '/home/user/humble_ws/build/franka_msgs' returned '0': CMAKE_PREFIX_PATH=${CMAKE_PREFIX_PATH}:/opt/ros/humble /usr/bin/cmake --build /home/user/humble_ws/build/franka_msgs -- -j12 -l12
[0.918s] Invoking command in '/home/user/humble_ws/build/franka_msgs': CMAKE_PREFIX_PATH=${CMAKE_PREFIX_PATH}:/opt/ros/humble /usr/bin/cmake --install /home/user/humble_ws/build/franka_msgs
[0.928s] -- Install configuration: "Release"
[0.928s] -- Up-to-date: /home/user/humble_ws/install/franka_msgs/share/ament_index/resource_index/rosidl_interfaces/franka_msgs
[0.928s] -- Up-to-date: /home/user/humble_ws/install/franka_msgs/include/franka_msgs/franka_msgs
[0.928s] -- Up-to-date: /home/user/humble_ws/install/franka_msgs/include/franka_msgs/franka_msgs/action
[0.929s] -- Up-to-date: /home/user/humble_ws/install/franka_msgs/include/franka_msgs/franka_msgs/action/grasp.h
[0.929s] -- Up-to-date: /home/user/humble_ws/install/franka_msgs/include/franka_msgs/franka_msgs/action/detail
[0.929s] -- Up-to-date: /home/user/humble_ws/install/franka_msgs/include/franka_msgs/franka_msgs/action/detail/homing__functions.c
[0.929s] -- Up-to-date: /home/user/humble_ws/install/franka_msgs/include/franka_msgs/franka_msgs/action/detail/move__functions.c
[0.930s] -- Up-to-date: /home/user/humble_ws/install/franka_msgs/include/franka_msgs/franka_msgs/action/detail/move__type_support.h
[0.930s] -- Up-to-date: /home/user/humble_ws/install/franka_msgs/include/franka_msgs/franka_msgs/action/detail/homing__struct.h
[0.930s] -- Up-to-date: /home/user/humble_ws/install/franka_msgs/include/franka_msgs/franka_msgs/action/detail/homing__functions.h
[0.930s] -- Up-to-date: /home/user/humble_ws/install/franka_msgs/include/franka_msgs/franka_msgs/action/detail/grasp__functions.h
[0.930s] -- Up-to-date: /home/user/humble_ws/install/franka_msgs/include/franka_msgs/franka_msgs/action/detail/grasp__struct.h
[0.931s] -- Up-to-date: /home/user/humble_ws/install/franka_msgs/include/franka_msgs/franka_msgs/action/detail/grasp__type_support.h
[0.931s] -- Up-to-date: /home/user/humble_ws/install/franka_msgs/include/franka_msgs/franka_msgs/action/detail/grasp__functions.c
[0.931s] -- Up-to-date: /home/user/humble_ws/install/franka_msgs/include/franka_msgs/franka_msgs/action/detail/move__struct.h
[0.931s] -- Up-to-date: /home/user/humble_ws/install/franka_msgs/include/franka_msgs/franka_msgs/action/detail/homing__type_support.h
[0.931s] -- Up-to-date: /home/user/humble_ws/install/franka_msgs/include/franka_msgs/franka_msgs/action/detail/move__functions.h
[0.931s] -- Up-to-date: /home/user/humble_ws/install/franka_msgs/include/franka_msgs/franka_msgs/action/homing.h
[0.931s] -- Up-to-date: /home/user/humble_ws/install/franka_msgs/include/franka_msgs/franka_msgs/action/move.h
[0.932s] -- Up-to-date: /home/user/humble_ws/install/franka_msgs/include/franka_msgs/franka_msgs/srv
[0.932s] -- Up-to-date: /home/user/humble_ws/install/franka_msgs/include/franka_msgs/franka_msgs/srv/set_tcp_frame.h
[0.932s] -- Up-to-date: /home/user/humble_ws/install/franka_msgs/include/franka_msgs/franka_msgs/srv/set_force_torque_collision_behavior.h
[0.932s] -- Up-to-date: /home/user/humble_ws/install/franka_msgs/include/franka_msgs/franka_msgs/srv/set_cartesian_stiffness.h
[0.932s] -- Up-to-date: /home/user/humble_ws/install/franka_msgs/include/franka_msgs/franka_msgs/srv/detail
[0.932s] -- Up-to-date: /home/user/humble_ws/install/franka_msgs/include/franka_msgs/franka_msgs/srv/detail/error_recovery__functions.h
[0.933s] -- Up-to-date: /home/user/humble_ws/install/franka_msgs/include/franka_msgs/franka_msgs/srv/detail/set_tcp_frame__functions.c
[0.933s] -- Up-to-date: /home/user/humble_ws/install/franka_msgs/include/franka_msgs/franka_msgs/srv/detail/set_mujoco_poses__functions.c
[0.933s] -- Up-to-date: /home/user/humble_ws/install/franka_msgs/include/franka_msgs/franka_msgs/srv/detail/set_joint_stiffness__functions.c
[0.933s] -- Up-to-date: /home/user/humble_ws/install/franka_msgs/include/franka_msgs/franka_msgs/srv/detail/set_load__struct.h
[0.933s] -- Up-to-date: /home/user/humble_ws/install/franka_msgs/include/franka_msgs/franka_msgs/srv/detail/set_force_torque_collision_behavior__functions.c
[0.933s] -- Up-to-date: /home/user/humble_ws/install/franka_msgs/include/franka_msgs/franka_msgs/srv/detail/set_joint_stiffness__type_support.h
[0.934s] -- Up-to-date: /home/user/humble_ws/install/franka_msgs/include/franka_msgs/franka_msgs/srv/detail/error_recovery__functions.c
[0.934s] -- Up-to-date: /home/user/humble_ws/install/franka_msgs/include/franka_msgs/franka_msgs/srv/detail/set_stiffness_frame__type_support.h
[0.934s] -- Up-to-date: /home/user/humble_ws/install/franka_msgs/include/franka_msgs/franka_msgs/srv/detail/set_stiffness_frame__functions.h
[0.934s] -- Up-to-date: /home/user/humble_ws/install/franka_msgs/include/franka_msgs/franka_msgs/srv/detail/set_stiffness_frame__functions.c
[0.934s] -- Up-to-date: /home/user/humble_ws/install/franka_msgs/include/franka_msgs/franka_msgs/srv/detail/set_tcp_frame__struct.h
[0.934s] -- Up-to-date: /home/user/humble_ws/install/franka_msgs/include/franka_msgs/franka_msgs/srv/detail/set_stiffness_frame__struct.h
[0.934s] -- Up-to-date: /home/user/humble_ws/install/franka_msgs/include/franka_msgs/franka_msgs/srv/detail/set_full_collision_behavior__functions.c
[0.934s] -- Up-to-date: /home/user/humble_ws/install/franka_msgs/include/franka_msgs/franka_msgs/srv/detail/error_recovery__struct.h
[0.935s] -- Up-to-date: /home/user/humble_ws/install/franka_msgs/include/franka_msgs/franka_msgs/srv/detail/set_full_collision_behavior__type_support.h
[0.935s] -- Up-to-date: /home/user/humble_ws/install/franka_msgs/include/franka_msgs/franka_msgs/srv/detail/set_mujoco_poses__struct.h
[0.935s] -- Up-to-date: /home/user/humble_ws/install/franka_msgs/include/franka_msgs/franka_msgs/srv/detail/set_cartesian_stiffness__functions.c
[0.935s] -- Up-to-date: /home/user/humble_ws/install/franka_msgs/include/franka_msgs/franka_msgs/srv/detail/set_load__functions.h
[0.935s] -- Up-to-date: /home/user/humble_ws/install/franka_msgs/include/franka_msgs/franka_msgs/srv/detail/set_force_torque_collision_behavior__struct.h
[0.936s] -- Up-to-date: /home/user/humble_ws/install/franka_msgs/include/franka_msgs/franka_msgs/srv/detail/error_recovery__type_support.h
[0.936s] -- Up-to-date: /home/user/humble_ws/install/franka_msgs/include/franka_msgs/franka_msgs/srv/detail/set_load__type_support.h
[0.936s] -- Up-to-date: /home/user/humble_ws/install/franka_msgs/include/franka_msgs/franka_msgs/srv/detail/set_joint_stiffness__functions.h
[0.936s] -- Up-to-date: /home/user/humble_ws/install/franka_msgs/include/franka_msgs/franka_msgs/srv/detail/set_load__functions.c
[0.936s] -- Up-to-date: /home/user/humble_ws/install/franka_msgs/include/franka_msgs/franka_msgs/srv/detail/set_mujoco_poses__type_support.h
[0.936s] -- Up-to-date: /home/user/humble_ws/install/franka_msgs/include/franka_msgs/franka_msgs/srv/detail/set_mujoco_poses__functions.h
[0.936s] -- Up-to-date: /home/user/humble_ws/install/franka_msgs/include/franka_msgs/franka_msgs/srv/detail/set_force_torque_collision_behavior__functions.h
[0.936s] -- Up-to-date: /home/user/humble_ws/install/franka_msgs/include/franka_msgs/franka_msgs/srv/detail/set_tcp_frame__type_support.h
[0.936s] -- Up-to-date: /home/user/humble_ws/install/franka_msgs/include/franka_msgs/franka_msgs/srv/detail/set_force_torque_collision_behavior__type_support.h
[0.936s] -- Up-to-date: /home/user/humble_ws/install/franka_msgs/include/franka_msgs/franka_msgs/srv/detail/set_cartesian_stiffness__struct.h
[0.936s] -- Up-to-date: /home/user/humble_ws/install/franka_msgs/include/franka_msgs/franka_msgs/srv/detail/set_cartesian_stiffness__type_support.h
[0.936s] -- Up-to-date: /home/user/humble_ws/install/franka_msgs/include/franka_msgs/franka_msgs/srv/detail/set_full_collision_behavior__struct.h
[0.936s] -- Up-to-date: /home/user/humble_ws/install/franka_msgs/include/franka_msgs/franka_msgs/srv/detail/set_cartesian_stiffness__functions.h
[0.936s] -- Up-to-date: /home/user/humble_ws/install/franka_msgs/include/franka_msgs/franka_msgs/srv/detail/set_joint_stiffness__struct.h
[0.936s] -- Up-to-date: /home/user/humble_ws/install/franka_msgs/include/franka_msgs/franka_msgs/srv/detail/set_tcp_frame__functions.h
[0.936s] -- Up-to-date: /home/user/humble_ws/install/franka_msgs/include/franka_msgs/franka_msgs/srv/detail/set_full_collision_behavior__functions.h
[0.936s] -- Up-to-date: /home/user/humble_ws/install/franka_msgs/include/franka_msgs/franka_msgs/srv/set_load.h
[0.936s] -- Up-to-date: /home/user/humble_ws/install/franka_msgs/include/franka_msgs/franka_msgs/srv/set_full_collision_behavior.h
[0.937s] -- Up-to-date: /home/user/humble_ws/install/franka_msgs/include/franka_msgs/franka_msgs/srv/set_joint_stiffness.h
[0.937s] -- Up-to-date: /home/user/humble_ws/install/franka_msgs/include/franka_msgs/franka_msgs/srv/set_stiffness_frame.h
[0.937s] -- Up-to-date: /home/user/humble_ws/install/franka_msgs/include/franka_msgs/franka_msgs/srv/set_mujoco_poses.h
[0.937s] -- Up-to-date: /home/user/humble_ws/install/franka_msgs/include/franka_msgs/franka_msgs/srv/error_recovery.h
[0.937s] -- Up-to-date: /home/user/humble_ws/install/franka_msgs/include/franka_msgs/franka_msgs/msg
[0.937s] -- Up-to-date: /home/user/humble_ws/install/franka_msgs/include/franka_msgs/franka_msgs/msg/rosidl_generator_c__visibility_control.h
[0.937s] -- Up-to-date: /home/user/humble_ws/install/franka_msgs/include/franka_msgs/franka_msgs/msg/errors.h
[0.937s] -- Up-to-date: /home/user/humble_ws/install/franka_msgs/include/franka_msgs/franka_msgs/msg/grasp_epsilon.h
[0.937s] -- Up-to-date: /home/user/humble_ws/install/franka_msgs/include/franka_msgs/franka_msgs/msg/detail
[0.937s] -- Up-to-date: /home/user/humble_ws/install/franka_msgs/include/franka_msgs/franka_msgs/msg/detail/pose_stamped_array__functions.h
[0.937s] -- Up-to-date: /home/user/humble_ws/install/franka_msgs/include/franka_msgs/franka_msgs/msg/detail/franka_state__functions.c
[0.937s] -- Up-to-date: /home/user/humble_ws/install/franka_msgs/include/franka_msgs/franka_msgs/msg/detail/franka_state__type_support.h
[0.937s] -- Up-to-date: /home/user/humble_ws/install/franka_msgs/include/franka_msgs/franka_msgs/msg/detail/grasp_epsilon__functions.h
[0.937s] -- Up-to-date: /home/user/humble_ws/install/franka_msgs/include/franka_msgs/franka_msgs/msg/detail/errors__functions.h
[0.937s] -- Up-to-date: /home/user/humble_ws/install/franka_msgs/include/franka_msgs/franka_msgs/msg/detail/pose_stamped_array__type_support.h
[0.937s] -- Up-to-date: /home/user/humble_ws/install/franka_msgs/include/franka_msgs/franka_msgs/msg/detail/errors__type_support.h
[0.937s] -- Up-to-date: /home/user/humble_ws/install/franka_msgs/include/franka_msgs/franka_msgs/msg/detail/franka_model__functions.h
[0.937s] -- Up-to-date: /home/user/humble_ws/install/franka_msgs/include/franka_msgs/franka_msgs/msg/detail/franka_model__type_support.h
[0.937s] -- Up-to-date: /home/user/humble_ws/install/franka_msgs/include/franka_msgs/franka_msgs/msg/detail/grasp_epsilon__functions.c
[0.937s] -- Up-to-date: /home/user/humble_ws/install/franka_msgs/include/franka_msgs/franka_msgs/msg/detail/franka_model__functions.c
[0.938s] -- Up-to-date: /home/user/humble_ws/install/franka_msgs/include/franka_msgs/franka_msgs/msg/detail/errors__struct.h
[0.938s] -- Up-to-date: /home/user/humble_ws/install/franka_msgs/include/franka_msgs/franka_msgs/msg/detail/grasp_epsilon__struct.h
[0.938s] -- Up-to-date: /home/user/humble_ws/install/franka_msgs/include/franka_msgs/franka_msgs/msg/detail/franka_model__struct.h
[0.938s] -- Up-to-date: /home/user/humble_ws/install/franka_msgs/include/franka_msgs/franka_msgs/msg/detail/errors__functions.c
[0.938s] -- Up-to-date: /home/user/humble_ws/install/franka_msgs/include/franka_msgs/franka_msgs/msg/detail/grasp_epsilon__type_support.h
[0.938s] -- Up-to-date: /home/user/humble_ws/install/franka_msgs/include/franka_msgs/franka_msgs/msg/detail/franka_state__functions.h
[0.938s] -- Up-to-date: /home/user/humble_ws/install/franka_msgs/include/franka_msgs/franka_msgs/msg/detail/pose_stamped_array__functions.c
[0.938s] -- Up-to-date: /home/user/humble_ws/install/franka_msgs/include/franka_msgs/franka_msgs/msg/detail/franka_state__struct.h
[0.939s] -- Up-to-date: /home/user/humble_ws/install/franka_msgs/include/franka_msgs/franka_msgs/msg/detail/pose_stamped_array__struct.h
[0.939s] -- Up-to-date: /home/user/humble_ws/install/franka_msgs/include/franka_msgs/franka_msgs/msg/pose_stamped_array.h
[0.939s] -- Up-to-date: /home/user/humble_ws/install/franka_msgs/include/franka_msgs/franka_msgs/msg/franka_model.h
[0.939s] -- Up-to-date: /home/user/humble_ws/install/franka_msgs/include/franka_msgs/franka_msgs/msg/franka_state.h
[0.939s] -- Up-to-date: /home/user/humble_ws/install/franka_msgs/share/franka_msgs/environment/library_path.sh
[0.939s] -- Up-to-date: /home/user/humble_ws/install/franka_msgs/share/franka_msgs/environment/library_path.dsv
[0.939s] -- Up-to-date: /home/user/humble_ws/install/franka_msgs/lib/libfranka_msgs__rosidl_generator_c.so
[0.939s] -- Up-to-date: /home/user/humble_ws/install/franka_msgs/include/franka_msgs/franka_msgs
[0.940s] -- Up-to-date: /home/user/humble_ws/install/franka_msgs/include/franka_msgs/franka_msgs/action
[0.940s] -- Up-to-date: /home/user/humble_ws/install/franka_msgs/include/franka_msgs/franka_msgs/action/detail
[0.940s] -- Up-to-date: /home/user/humble_ws/install/franka_msgs/include/franka_msgs/franka_msgs/action/detail/homing__rosidl_typesupport_fastrtps_c.h
[0.940s] -- Up-to-date: /home/user/humble_ws/install/franka_msgs/include/franka_msgs/franka_msgs/action/detail/grasp__rosidl_typesupport_fastrtps_c.h
[0.940s] -- Up-to-date: /home/user/humble_ws/install/franka_msgs/include/franka_msgs/franka_msgs/action/detail/move__rosidl_typesupport_fastrtps_c.h
[0.940s] -- Up-to-date: /home/user/humble_ws/install/franka_msgs/include/franka_msgs/franka_msgs/srv
[0.940s] -- Up-to-date: /home/user/humble_ws/install/franka_msgs/include/franka_msgs/franka_msgs/srv/detail
[0.940s] -- Up-to-date: /home/user/humble_ws/install/franka_msgs/include/franka_msgs/franka_msgs/srv/detail/set_cartesian_stiffness__rosidl_typesupport_fastrtps_c.h
[0.940s] -- Up-to-date: /home/user/humble_ws/install/franka_msgs/include/franka_msgs/franka_msgs/srv/detail/set_force_torque_collision_behavior__rosidl_typesupport_fastrtps_c.h
[0.940s] -- Up-to-date: /home/user/humble_ws/install/franka_msgs/include/franka_msgs/franka_msgs/srv/detail/set_full_collision_behavior__rosidl_typesupport_fastrtps_c.h
[0.941s] -- Up-to-date: /home/user/humble_ws/install/franka_msgs/include/franka_msgs/franka_msgs/srv/detail/set_stiffness_frame__rosidl_typesupport_fastrtps_c.h
[0.941s] -- Up-to-date: /home/user/humble_ws/install/franka_msgs/include/franka_msgs/franka_msgs/srv/detail/set_joint_stiffness__rosidl_typesupport_fastrtps_c.h
[0.941s] -- Up-to-date: /home/user/humble_ws/install/franka_msgs/include/franka_msgs/franka_msgs/srv/detail/set_tcp_frame__rosidl_typesupport_fastrtps_c.h
[0.941s] -- Up-to-date: /home/user/humble_ws/install/franka_msgs/include/franka_msgs/franka_msgs/srv/detail/error_recovery__rosidl_typesupport_fastrtps_c.h
[0.941s] -- Up-to-date: /home/user/humble_ws/install/franka_msgs/include/franka_msgs/franka_msgs/srv/detail/set_mujoco_poses__rosidl_typesupport_fastrtps_c.h
[0.941s] -- Up-to-date: /home/user/humble_ws/install/franka_msgs/include/franka_msgs/franka_msgs/srv/detail/set_load__rosidl_typesupport_fastrtps_c.h
[0.941s] -- Up-to-date: /home/user/humble_ws/install/franka_msgs/include/franka_msgs/franka_msgs/msg
[0.941s] -- Up-to-date: /home/user/humble_ws/install/franka_msgs/include/franka_msgs/franka_msgs/msg/detail
[0.941s] -- Up-to-date: /home/user/humble_ws/install/franka_msgs/include/franka_msgs/franka_msgs/msg/detail/pose_stamped_array__rosidl_typesupport_fastrtps_c.h
[0.941s] -- Up-to-date: /home/user/humble_ws/install/franka_msgs/include/franka_msgs/franka_msgs/msg/detail/franka_state__rosidl_typesupport_fastrtps_c.h
[0.941s] -- Up-to-date: /home/user/humble_ws/install/franka_msgs/include/franka_msgs/franka_msgs/msg/detail/grasp_epsilon__rosidl_typesupport_fastrtps_c.h
[0.941s] -- Up-to-date: /home/user/humble_ws/install/franka_msgs/include/franka_msgs/franka_msgs/msg/detail/franka_model__rosidl_typesupport_fastrtps_c.h
[0.941s] -- Up-to-date: /home/user/humble_ws/install/franka_msgs/include/franka_msgs/franka_msgs/msg/detail/errors__rosidl_typesupport_fastrtps_c.h
[0.941s] -- Up-to-date: /home/user/humble_ws/install/franka_msgs/include/franka_msgs/franka_msgs/msg/rosidl_typesupport_fastrtps_c__visibility_control.h
[0.941s] -- Up-to-date: /home/user/humble_ws/install/franka_msgs/lib/libfranka_msgs__rosidl_typesupport_fastrtps_c.so
[0.941s] -- Up-to-date: /home/user/humble_ws/install/franka_msgs/include/franka_msgs/franka_msgs
[0.941s] -- Up-to-date: /home/user/humble_ws/install/franka_msgs/include/franka_msgs/franka_msgs/action
[0.941s] -- Up-to-date: /home/user/humble_ws/install/franka_msgs/include/franka_msgs/franka_msgs/action/detail
[0.941s] -- Up-to-date: /home/user/humble_ws/install/franka_msgs/include/franka_msgs/franka_msgs/action/detail/move__rosidl_typesupport_introspection_c.h
[0.941s] -- Up-to-date: /home/user/humble_ws/install/franka_msgs/include/franka_msgs/franka_msgs/action/detail/grasp__type_support.c
[0.941s] -- Up-to-date: /home/user/humble_ws/install/franka_msgs/include/franka_msgs/franka_msgs/action/detail/move__type_support.c
[0.941s] -- Up-to-date: /home/user/humble_ws/install/franka_msgs/include/franka_msgs/franka_msgs/action/detail/homing__rosidl_typesupport_introspection_c.h
[0.941s] -- Up-to-date: /home/user/humble_ws/install/franka_msgs/include/franka_msgs/franka_msgs/action/detail/homing__type_support.c
[0.941s] -- Up-to-date: /home/user/humble_ws/install/franka_msgs/include/franka_msgs/franka_msgs/action/detail/grasp__rosidl_typesupport_introspection_c.h
[0.941s] -- Up-to-date: /home/user/humble_ws/install/franka_msgs/include/franka_msgs/franka_msgs/srv
[0.941s] -- Up-to-date: /home/user/humble_ws/install/franka_msgs/include/franka_msgs/franka_msgs/srv/detail
[0.941s] -- Up-to-date: /home/user/humble_ws/install/franka_msgs/include/franka_msgs/franka_msgs/srv/detail/set_stiffness_frame__type_support.c
[0.941s] -- Up-to-date: /home/user/humble_ws/install/franka_msgs/include/franka_msgs/franka_msgs/srv/detail/set_mujoco_poses__type_support.c
[0.941s] -- Up-to-date: /home/user/humble_ws/install/franka_msgs/include/franka_msgs/franka_msgs/srv/detail/set_joint_stiffness__type_support.c
[0.941s] -- Up-to-date: /home/user/humble_ws/install/franka_msgs/include/franka_msgs/franka_msgs/srv/detail/error_recovery__type_support.c
[0.942s] -- Up-to-date: /home/user/humble_ws/install/franka_msgs/include/franka_msgs/franka_msgs/srv/detail/set_full_collision_behavior__rosidl_typesupport_introspection_c.h
[0.942s] -- Up-to-date: /home/user/humble_ws/install/franka_msgs/include/franka_msgs/franka_msgs/srv/detail/set_force_torque_collision_behavior__rosidl_typesupport_introspection_c.h
[0.942s] -- Up-to-date: /home/user/humble_ws/install/franka_msgs/include/franka_msgs/franka_msgs/srv/detail/set_joint_stiffness__rosidl_typesupport_introspection_c.h
[0.942s] -- Up-to-date: /home/user/humble_ws/install/franka_msgs/include/franka_msgs/franka_msgs/srv/detail/set_load__rosidl_typesupport_introspection_c.h
[0.942s] -- Up-to-date: /home/user/humble_ws/install/franka_msgs/include/franka_msgs/franka_msgs/srv/detail/set_cartesian_stiffness__rosidl_typesupport_introspection_c.h
[0.942s] -- Up-to-date: /home/user/humble_ws/install/franka_msgs/include/franka_msgs/franka_msgs/srv/detail/error_recovery__rosidl_typesupport_introspection_c.h
[0.942s] -- Up-to-date: /home/user/humble_ws/install/franka_msgs/include/franka_msgs/franka_msgs/srv/detail/set_force_torque_collision_behavior__type_support.c
[0.942s] -- Up-to-date: /home/user/humble_ws/install/franka_msgs/include/franka_msgs/franka_msgs/srv/detail/set_tcp_frame__type_support.c
[0.942s] -- Up-to-date: /home/user/humble_ws/install/franka_msgs/include/franka_msgs/franka_msgs/srv/detail/set_stiffness_frame__rosidl_typesupport_introspection_c.h
[0.942s] -- Up-to-date: /home/user/humble_ws/install/franka_msgs/include/franka_msgs/franka_msgs/srv/detail/set_cartesian_stiffness__type_support.c
[0.942s] -- Up-to-date: /home/user/humble_ws/install/franka_msgs/include/franka_msgs/franka_msgs/srv/detail/set_load__type_support.c
[0.942s] -- Up-to-date: /home/user/humble_ws/install/franka_msgs/include/franka_msgs/franka_msgs/srv/detail/set_full_collision_behavior__type_support.c
[0.942s] -- Up-to-date: /home/user/humble_ws/install/franka_msgs/include/franka_msgs/franka_msgs/srv/detail/set_tcp_frame__rosidl_typesupport_introspection_c.h
[0.942s] -- Up-to-date: /home/user/humble_ws/install/franka_msgs/include/franka_msgs/franka_msgs/srv/detail/set_mujoco_poses__rosidl_typesupport_introspection_c.h
[0.942s] -- Up-to-date: /home/user/humble_ws/install/franka_msgs/include/franka_msgs/franka_msgs/msg
[0.942s] -- Up-to-date: /home/user/humble_ws/install/franka_msgs/include/franka_msgs/franka_msgs/msg/detail
[0.942s] -- Up-to-date: /home/user/humble_ws/install/franka_msgs/include/franka_msgs/franka_msgs/msg/detail/pose_stamped_array__rosidl_typesupport_introspection_c.h
[0.942s] -- Up-to-date: /home/user/humble_ws/install/franka_msgs/include/franka_msgs/franka_msgs/msg/detail/franka_model__type_support.c
[0.942s] -- Up-to-date: /home/user/humble_ws/install/franka_msgs/include/franka_msgs/franka_msgs/msg/detail/pose_stamped_array__type_support.c
[0.942s] -- Up-to-date: /home/user/humble_ws/install/franka_msgs/include/franka_msgs/franka_msgs/msg/detail/grasp_epsilon__rosidl_typesupport_introspection_c.h
[0.942s] -- Up-to-date: /home/user/humble_ws/install/franka_msgs/include/franka_msgs/franka_msgs/msg/detail/franka_state__rosidl_typesupport_introspection_c.h
[0.942s] -- Up-to-date: /home/user/humble_ws/install/franka_msgs/include/franka_msgs/franka_msgs/msg/detail/grasp_epsilon__type_support.c
[0.942s] -- Up-to-date: /home/user/humble_ws/install/franka_msgs/include/franka_msgs/franka_msgs/msg/detail/errors__rosidl_typesupport_introspection_c.h
[0.942s] -- Up-to-date: /home/user/humble_ws/install/franka_msgs/include/franka_msgs/franka_msgs/msg/detail/franka_model__rosidl_typesupport_introspection_c.h
[0.942s] -- Up-to-date: /home/user/humble_ws/install/franka_msgs/include/franka_msgs/franka_msgs/msg/detail/errors__type_support.c
[0.942s] -- Up-to-date: /home/user/humble_ws/install/franka_msgs/include/franka_msgs/franka_msgs/msg/detail/franka_state__type_support.c
[0.942s] -- Up-to-date: /home/user/humble_ws/install/franka_msgs/include/franka_msgs/franka_msgs/msg/rosidl_typesupport_introspection_c__visibility_control.h
[0.942s] -- Up-to-date: /home/user/humble_ws/install/franka_msgs/lib/libfranka_msgs__rosidl_typesupport_introspection_c.so
[0.942s] -- Up-to-date: /home/user/humble_ws/install/franka_msgs/lib/libfranka_msgs__rosidl_typesupport_c.so
[0.942s] -- Up-to-date: /home/user/humble_ws/install/franka_msgs/include/franka_msgs/franka_msgs
[0.942s] -- Up-to-date: /home/user/humble_ws/install/franka_msgs/include/franka_msgs/franka_msgs/action
[0.942s] -- Up-to-date: /home/user/humble_ws/install/franka_msgs/include/franka_msgs/franka_msgs/action/move.hpp
[0.942s] -- Up-to-date: /home/user/humble_ws/install/franka_msgs/include/franka_msgs/franka_msgs/action/detail
[0.942s] -- Up-to-date: /home/user/humble_ws/install/franka_msgs/include/franka_msgs/franka_msgs/action/detail/homing__struct.hpp
[0.942s] -- Up-to-date: /home/user/humble_ws/install/franka_msgs/include/franka_msgs/franka_msgs/action/detail/homing__traits.hpp
[0.942s] -- Up-to-date: /home/user/humble_ws/install/franka_msgs/include/franka_msgs/franka_msgs/action/detail/grasp__traits.hpp
[0.942s] -- Up-to-date: /home/user/humble_ws/install/franka_msgs/include/franka_msgs/franka_msgs/action/detail/grasp__struct.hpp
[0.942s] -- Up-to-date: /home/user/humble_ws/install/franka_msgs/include/franka_msgs/franka_msgs/action/detail/homing__builder.hpp
[0.942s] -- Up-to-date: /home/user/humble_ws/install/franka_msgs/include/franka_msgs/franka_msgs/action/detail/move__traits.hpp
[0.942s] -- Up-to-date: /home/user/humble_ws/install/franka_msgs/include/franka_msgs/franka_msgs/action/detail/grasp__builder.hpp
[0.942s] -- Up-to-date: /home/user/humble_ws/install/franka_msgs/include/franka_msgs/franka_msgs/action/detail/move__builder.hpp
[0.942s] -- Up-to-date: /home/user/humble_ws/install/franka_msgs/include/franka_msgs/franka_msgs/action/detail/move__struct.hpp
[0.942s] -- Up-to-date: /home/user/humble_ws/install/franka_msgs/include/franka_msgs/franka_msgs/action/grasp.hpp
[0.942s] -- Up-to-date: /home/user/humble_ws/install/franka_msgs/include/franka_msgs/franka_msgs/action/homing.hpp
[0.943s] -- Up-to-date: /home/user/humble_ws/install/franka_msgs/include/franka_msgs/franka_msgs/srv
[0.943s] -- Up-to-date: /home/user/humble_ws/install/franka_msgs/include/franka_msgs/franka_msgs/srv/error_recovery.hpp
[0.943s] -- Up-to-date: /home/user/humble_ws/install/franka_msgs/include/franka_msgs/franka_msgs/srv/detail
[0.943s] -- Up-to-date: /home/user/humble_ws/install/franka_msgs/include/franka_msgs/franka_msgs/srv/detail/set_joint_stiffness__struct.hpp
[0.943s] -- Up-to-date: /home/user/humble_ws/install/franka_msgs/include/franka_msgs/franka_msgs/srv/detail/set_full_collision_behavior__builder.hpp
[0.943s] -- Up-to-date: /home/user/humble_ws/install/franka_msgs/include/franka_msgs/franka_msgs/srv/detail/set_mujoco_poses__traits.hpp
[0.943s] -- Up-to-date: /home/user/humble_ws/install/franka_msgs/include/franka_msgs/franka_msgs/srv/detail/set_force_torque_collision_behavior__traits.hpp
[0.943s] -- Up-to-date: /home/user/humble_ws/install/franka_msgs/include/franka_msgs/franka_msgs/srv/detail/set_cartesian_stiffness__traits.hpp
[0.943s] -- Up-to-date: /home/user/humble_ws/install/franka_msgs/include/franka_msgs/franka_msgs/srv/detail/set_stiffness_frame__traits.hpp
[0.943s] -- Up-to-date: /home/user/humble_ws/install/franka_msgs/include/franka_msgs/franka_msgs/srv/detail/set_force_torque_collision_behavior__struct.hpp
[0.943s] -- Up-to-date: /home/user/humble_ws/install/franka_msgs/include/franka_msgs/franka_msgs/srv/detail/set_tcp_frame__struct.hpp
[0.943s] -- Up-to-date: /home/user/humble_ws/install/franka_msgs/include/franka_msgs/franka_msgs/srv/detail/error_recovery__builder.hpp
[0.943s] -- Up-to-date: /home/user/humble_ws/install/franka_msgs/include/franka_msgs/franka_msgs/srv/detail/set_load__traits.hpp
[0.943s] -- Up-to-date: /home/user/humble_ws/install/franka_msgs/include/franka_msgs/franka_msgs/srv/detail/set_joint_stiffness__builder.hpp
[0.943s] -- Up-to-date: /home/user/humble_ws/install/franka_msgs/include/franka_msgs/franka_msgs/srv/detail/set_load__struct.hpp
[0.943s] -- Up-to-date: /home/user/humble_ws/install/franka_msgs/include/franka_msgs/franka_msgs/srv/detail/set_stiffness_frame__struct.hpp
[0.943s] -- Up-to-date: /home/user/humble_ws/install/franka_msgs/include/franka_msgs/franka_msgs/srv/detail/set_tcp_frame__builder.hpp
[0.943s] -- Up-to-date: /home/user/humble_ws/install/franka_msgs/include/franka_msgs/franka_msgs/srv/detail/set_mujoco_poses__struct.hpp
[0.943s] -- Up-to-date: /home/user/humble_ws/install/franka_msgs/include/franka_msgs/franka_msgs/srv/detail/set_full_collision_behavior__struct.hpp
[0.943s] -- Up-to-date: /home/user/humble_ws/install/franka_msgs/include/franka_msgs/franka_msgs/srv/detail/set_cartesian_stiffness__builder.hpp
[0.943s] -- Up-to-date: /home/user/humble_ws/install/franka_msgs/include/franka_msgs/franka_msgs/srv/detail/set_cartesian_stiffness__struct.hpp
[0.943s] -- Up-to-date: /home/user/humble_ws/install/franka_msgs/include/franka_msgs/franka_msgs/srv/detail/set_joint_stiffness__traits.hpp
[0.943s] -- Up-to-date: /home/user/humble_ws/install/franka_msgs/include/franka_msgs/franka_msgs/srv/detail/set_force_torque_collision_behavior__builder.hpp
[0.943s] -- Up-to-date: /home/user/humble_ws/install/franka_msgs/include/franka_msgs/franka_msgs/srv/detail/error_recovery__traits.hpp
[0.943s] -- Up-to-date: /home/user/humble_ws/install/franka_msgs/include/franka_msgs/franka_msgs/srv/detail/set_full_collision_behavior__traits.hpp
[0.943s] -- Up-to-date: /home/user/humble_ws/install/franka_msgs/include/franka_msgs/franka_msgs/srv/detail/set_tcp_frame__traits.hpp
[0.943s] -- Up-to-date: /home/user/humble_ws/install/franka_msgs/include/franka_msgs/franka_msgs/srv/detail/set_mujoco_poses__builder.hpp
[0.943s] -- Up-to-date: /home/user/humble_ws/install/franka_msgs/include/franka_msgs/franka_msgs/srv/detail/set_stiffness_frame__builder.hpp
[0.943s] -- Up-to-date: /home/user/humble_ws/install/franka_msgs/include/franka_msgs/franka_msgs/srv/detail/set_load__builder.hpp
[0.943s] -- Up-to-date: /home/user/humble_ws/install/franka_msgs/include/franka_msgs/franka_msgs/srv/detail/error_recovery__struct.hpp
[0.943s] -- Up-to-date: /home/user/humble_ws/install/franka_msgs/include/franka_msgs/franka_msgs/srv/set_cartesian_stiffness.hpp
[0.943s] -- Up-to-date: /home/user/humble_ws/install/franka_msgs/include/franka_msgs/franka_msgs/srv/set_joint_stiffness.hpp
[0.943s] -- Up-to-date: /home/user/humble_ws/install/franka_msgs/include/franka_msgs/franka_msgs/srv/set_force_torque_collision_behavior.hpp
[0.943s] -- Up-to-date: /home/user/humble_ws/install/franka_msgs/include/franka_msgs/franka_msgs/srv/set_load.hpp
[0.943s] -- Up-to-date: /home/user/humble_ws/install/franka_msgs/include/franka_msgs/franka_msgs/srv/set_stiffness_frame.hpp
[0.943s] -- Up-to-date: /home/user/humble_ws/install/franka_msgs/include/franka_msgs/franka_msgs/srv/set_tcp_frame.hpp
[0.943s] -- Up-to-date: /home/user/humble_ws/install/franka_msgs/include/franka_msgs/franka_msgs/srv/set_mujoco_poses.hpp
[0.943s] -- Up-to-date: /home/user/humble_ws/install/franka_msgs/include/franka_msgs/franka_msgs/srv/set_full_collision_behavior.hpp
[0.943s] -- Up-to-date: /home/user/humble_ws/install/franka_msgs/include/franka_msgs/franka_msgs/msg
[0.943s] -- Up-to-date: /home/user/humble_ws/install/franka_msgs/include/franka_msgs/franka_msgs/msg/grasp_epsilon.hpp
[0.943s] -- Up-to-date: /home/user/humble_ws/install/franka_msgs/include/franka_msgs/franka_msgs/msg/errors.hpp
[0.943s] -- Up-to-date: /home/user/humble_ws/install/franka_msgs/include/franka_msgs/franka_msgs/msg/detail
[0.943s] -- Up-to-date: /home/user/humble_ws/install/franka_msgs/include/franka_msgs/franka_msgs/msg/detail/franka_model__traits.hpp
[0.943s] -- Up-to-date: /home/user/humble_ws/install/franka_msgs/include/franka_msgs/franka_msgs/msg/detail/pose_stamped_array__traits.hpp
[0.943s] -- Up-to-date: /home/user/humble_ws/install/franka_msgs/include/franka_msgs/franka_msgs/msg/detail/franka_state__builder.hpp
[0.944s] -- Up-to-date: /home/user/humble_ws/install/franka_msgs/include/franka_msgs/franka_msgs/msg/detail/grasp_epsilon__traits.hpp
[0.944s] -- Up-to-date: /home/user/humble_ws/install/franka_msgs/include/franka_msgs/franka_msgs/msg/detail/franka_state__traits.hpp
[0.944s] -- Up-to-date: /home/user/humble_ws/install/franka_msgs/include/franka_msgs/franka_msgs/msg/detail/franka_state__struct.hpp
[0.944s] -- Up-to-date: /home/user/humble_ws/install/franka_msgs/include/franka_msgs/franka_msgs/msg/detail/errors__builder.hpp
[0.944s] -- Up-to-date: /home/user/humble_ws/install/franka_msgs/include/franka_msgs/franka_msgs/msg/detail/errors__traits.hpp
[0.944s] -- Up-to-date: /home/user/humble_ws/install/franka_msgs/include/franka_msgs/franka_msgs/msg/detail/franka_model__struct.hpp
[0.944s] -- Up-to-date: /home/user/humble_ws/install/franka_msgs/include/franka_msgs/franka_msgs/msg/detail/pose_stamped_array__builder.hpp
[0.944s] -- Up-to-date: /home/user/humble_ws/install/franka_msgs/include/franka_msgs/franka_msgs/msg/detail/errors__struct.hpp
[0.944s] -- Up-to-date: /home/user/humble_ws/install/franka_msgs/include/franka_msgs/franka_msgs/msg/detail/grasp_epsilon__builder.hpp
[0.944s] -- Up-to-date: /home/user/humble_ws/install/franka_msgs/include/franka_msgs/franka_msgs/msg/detail/franka_model__builder.hpp
[0.944s] -- Up-to-date: /home/user/humble_ws/install/franka_msgs/include/franka_msgs/franka_msgs/msg/detail/pose_stamped_array__struct.hpp
[0.944s] -- Up-to-date: /home/user/humble_ws/install/franka_msgs/include/franka_msgs/franka_msgs/msg/detail/grasp_epsilon__struct.hpp
[0.944s] -- Up-to-date: /home/user/humble_ws/install/franka_msgs/include/franka_msgs/franka_msgs/msg/pose_stamped_array.hpp
[0.944s] -- Up-to-date: /home/user/humble_ws/install/franka_msgs/include/franka_msgs/franka_msgs/msg/franka_state.hpp
[0.944s] -- Up-to-date: /home/user/humble_ws/install/franka_msgs/include/franka_msgs/franka_msgs/msg/franka_model.hpp
[0.944s] -- Up-to-date: /home/user/humble_ws/install/franka_msgs/include/franka_msgs/franka_msgs
[0.944s] -- Up-to-date: /home/user/humble_ws/install/franka_msgs/include/franka_msgs/franka_msgs/action
[0.944s] -- Up-to-date: /home/user/humble_ws/install/franka_msgs/include/franka_msgs/franka_msgs/action/detail
[0.944s] -- Up-to-date: /home/user/humble_ws/install/franka_msgs/include/franka_msgs/franka_msgs/action/detail/dds_fastrtps
[0.944s] -- Up-to-date: /home/user/humble_ws/install/franka_msgs/include/franka_msgs/franka_msgs/action/detail/grasp__rosidl_typesupport_fastrtps_cpp.hpp
[0.944s] -- Up-to-date: /home/user/humble_ws/install/franka_msgs/include/franka_msgs/franka_msgs/action/detail/move__rosidl_typesupport_fastrtps_cpp.hpp
[0.944s] -- Up-to-date: /home/user/humble_ws/install/franka_msgs/include/franka_msgs/franka_msgs/action/detail/homing__rosidl_typesupport_fastrtps_cpp.hpp
[0.944s] -- Up-to-date: /home/user/humble_ws/install/franka_msgs/include/franka_msgs/franka_msgs/srv
[0.944s] -- Up-to-date: /home/user/humble_ws/install/franka_msgs/include/franka_msgs/franka_msgs/srv/detail
[0.944s] -- Up-to-date: /home/user/humble_ws/install/franka_msgs/include/franka_msgs/franka_msgs/srv/detail/dds_fastrtps
[0.944s] -- Up-to-date: /home/user/humble_ws/install/franka_msgs/include/franka_msgs/franka_msgs/srv/detail/set_stiffness_frame__rosidl_typesupport_fastrtps_cpp.hpp
[0.944s] -- Up-to-date: /home/user/humble_ws/install/franka_msgs/include/franka_msgs/franka_msgs/srv/detail/set_joint_stiffness__rosidl_typesupport_fastrtps_cpp.hpp
[0.944s] -- Up-to-date: /home/user/humble_ws/install/franka_msgs/include/franka_msgs/franka_msgs/srv/detail/set_load__rosidl_typesupport_fastrtps_cpp.hpp
[0.944s] -- Up-to-date: /home/user/humble_ws/install/franka_msgs/include/franka_msgs/franka_msgs/srv/detail/error_recovery__rosidl_typesupport_fastrtps_cpp.hpp
[0.944s] -- Up-to-date: /home/user/humble_ws/install/franka_msgs/include/franka_msgs/franka_msgs/srv/detail/set_full_collision_behavior__rosidl_typesupport_fastrtps_cpp.hpp
[0.944s] -- Up-to-date: /home/user/humble_ws/install/franka_msgs/include/franka_msgs/franka_msgs/srv/detail/set_mujoco_poses__rosidl_typesupport_fastrtps_cpp.hpp
[0.944s] -- Up-to-date: /home/user/humble_ws/install/franka_msgs/include/franka_msgs/franka_msgs/srv/detail/set_tcp_frame__rosidl_typesupport_fastrtps_cpp.hpp
[0.944s] -- Up-to-date: /home/user/humble_ws/install/franka_msgs/include/franka_msgs/franka_msgs/srv/detail/set_force_torque_collision_behavior__rosidl_typesupport_fastrtps_cpp.hpp
[0.944s] -- Up-to-date: /home/user/humble_ws/install/franka_msgs/include/franka_msgs/franka_msgs/srv/detail/set_cartesian_stiffness__rosidl_typesupport_fastrtps_cpp.hpp
[0.944s] -- Up-to-date: /home/user/humble_ws/install/franka_msgs/include/franka_msgs/franka_msgs/msg
[0.944s] -- Up-to-date: /home/user/humble_ws/install/franka_msgs/include/franka_msgs/franka_msgs/msg/detail
[0.944s] -- Up-to-date: /home/user/humble_ws/install/franka_msgs/include/franka_msgs/franka_msgs/msg/detail/pose_stamped_array__rosidl_typesupport_fastrtps_cpp.hpp
[0.944s] -- Up-to-date: /home/user/humble_ws/install/franka_msgs/include/franka_msgs/franka_msgs/msg/detail/grasp_epsilon__rosidl_typesupport_fastrtps_cpp.hpp
[0.944s] -- Up-to-date: /home/user/humble_ws/install/franka_msgs/include/franka_msgs/franka_msgs/msg/detail/dds_fastrtps
[0.944s] -- Up-to-date: /home/user/humble_ws/install/franka_msgs/include/franka_msgs/franka_msgs/msg/detail/franka_model__rosidl_typesupport_fastrtps_cpp.hpp
[0.944s] -- Up-to-date: /home/user/humble_ws/install/franka_msgs/include/franka_msgs/franka_msgs/msg/detail/franka_state__rosidl_typesupport_fastrtps_cpp.hpp
[0.944s] -- Up-to-date: /home/user/humble_ws/install/franka_msgs/include/franka_msgs/franka_msgs/msg/detail/errors__rosidl_typesupport_fastrtps_cpp.hpp
[0.944s] -- Up-to-date: /home/user/humble_ws/install/franka_msgs/include/franka_msgs/franka_msgs/msg/rosidl_typesupport_fastrtps_cpp__visibility_control.h
[0.944s] -- Up-to-date: /home/user/humble_ws/install/franka_msgs/lib/libfranka_msgs__rosidl_typesupport_fastrtps_cpp.so
[0.945s] -- Up-to-date: /home/user/humble_ws/install/franka_msgs/include/franka_msgs/franka_msgs
[0.945s] -- Up-to-date: /home/user/humble_ws/install/franka_msgs/include/franka_msgs/franka_msgs/action
[0.945s] -- Up-to-date: /home/user/humble_ws/install/franka_msgs/include/franka_msgs/franka_msgs/action/detail
[0.945s] -- Up-to-date: /home/user/humble_ws/install/franka_msgs/include/franka_msgs/franka_msgs/action/detail/homing__type_support.cpp
[0.945s] -- Up-to-date: /home/user/humble_ws/install/franka_msgs/include/franka_msgs/franka_msgs/action/detail/move__type_support.cpp
[0.945s] -- Up-to-date: /home/user/humble_ws/install/franka_msgs/include/franka_msgs/franka_msgs/action/detail/homing__rosidl_typesupport_introspection_cpp.hpp
[0.945s] -- Up-to-date: /home/user/humble_ws/install/franka_msgs/include/franka_msgs/franka_msgs/action/detail/grasp__rosidl_typesupport_introspection_cpp.hpp
[0.945s] -- Up-to-date: /home/user/humble_ws/install/franka_msgs/include/franka_msgs/franka_msgs/action/detail/move__rosidl_typesupport_introspection_cpp.hpp
[0.945s] -- Up-to-date: /home/user/humble_ws/install/franka_msgs/include/franka_msgs/franka_msgs/action/detail/grasp__type_support.cpp
[0.945s] -- Up-to-date: /home/user/humble_ws/install/franka_msgs/include/franka_msgs/franka_msgs/srv
[0.945s] -- Up-to-date: /home/user/humble_ws/install/franka_msgs/include/franka_msgs/franka_msgs/srv/detail
[0.945s] -- Up-to-date: /home/user/humble_ws/install/franka_msgs/include/franka_msgs/franka_msgs/srv/detail/error_recovery__rosidl_typesupport_introspection_cpp.hpp
[0.945s] -- Up-to-date: /home/user/humble_ws/install/franka_msgs/include/franka_msgs/franka_msgs/srv/detail/set_tcp_frame__rosidl_typesupport_introspection_cpp.hpp
[0.945s] -- Up-to-date: /home/user/humble_ws/install/franka_msgs/include/franka_msgs/franka_msgs/srv/detail/set_tcp_frame__type_support.cpp
[0.945s] -- Up-to-date: /home/user/humble_ws/install/franka_msgs/include/franka_msgs/franka_msgs/srv/detail/set_full_collision_behavior__rosidl_typesupport_introspection_cpp.hpp
[0.945s] -- Up-to-date: /home/user/humble_ws/install/franka_msgs/include/franka_msgs/franka_msgs/srv/detail/set_cartesian_stiffness__rosidl_typesupport_introspection_cpp.hpp
[0.945s] -- Up-to-date: /home/user/humble_ws/install/franka_msgs/include/franka_msgs/franka_msgs/srv/detail/set_stiffness_frame__rosidl_typesupport_introspection_cpp.hpp
[0.945s] -- Up-to-date: /home/user/humble_ws/install/franka_msgs/include/franka_msgs/franka_msgs/srv/detail/error_recovery__type_support.cpp
[0.945s] -- Up-to-date: /home/user/humble_ws/install/franka_msgs/include/franka_msgs/franka_msgs/srv/detail/set_joint_stiffness__rosidl_typesupport_introspection_cpp.hpp
[0.945s] -- Up-to-date: /home/user/humble_ws/install/franka_msgs/include/franka_msgs/franka_msgs/srv/detail/set_force_torque_collision_behavior__rosidl_typesupport_introspection_cpp.hpp
[0.945s] -- Up-to-date: /home/user/humble_ws/install/franka_msgs/include/franka_msgs/franka_msgs/srv/detail/set_mujoco_poses__type_support.cpp
[0.945s] -- Up-to-date: /home/user/humble_ws/install/franka_msgs/include/franka_msgs/franka_msgs/srv/detail/set_stiffness_frame__type_support.cpp
[0.945s] -- Up-to-date: /home/user/humble_ws/install/franka_msgs/include/franka_msgs/franka_msgs/srv/detail/set_load__type_support.cpp
[0.945s] -- Up-to-date: /home/user/humble_ws/install/franka_msgs/include/franka_msgs/franka_msgs/srv/detail/set_full_collision_behavior__type_support.cpp
[0.945s] -- Up-to-date: /home/user/humble_ws/install/franka_msgs/include/franka_msgs/franka_msgs/srv/detail/set_cartesian_stiffness__type_support.cpp
[0.945s] -- Up-to-date: /home/user/humble_ws/install/franka_msgs/include/franka_msgs/franka_msgs/srv/detail/set_mujoco_poses__rosidl_typesupport_introspection_cpp.hpp
[0.945s] -- Up-to-date: /home/user/humble_ws/install/franka_msgs/include/franka_msgs/franka_msgs/srv/detail/set_joint_stiffness__type_support.cpp
[0.945s] -- Up-to-date: /home/user/humble_ws/install/franka_msgs/include/franka_msgs/franka_msgs/srv/detail/set_force_torque_collision_behavior__type_support.cpp
[0.945s] -- Up-to-date: /home/user/humble_ws/install/franka_msgs/include/franka_msgs/franka_msgs/srv/detail/set_load__rosidl_typesupport_introspection_cpp.hpp
[0.945s] -- Up-to-date: /home/user/humble_ws/install/franka_msgs/include/franka_msgs/franka_msgs/msg
[0.945s] -- Up-to-date: /home/user/humble_ws/install/franka_msgs/include/franka_msgs/franka_msgs/msg/detail
[0.945s] -- Up-to-date: /home/user/humble_ws/install/franka_msgs/include/franka_msgs/franka_msgs/msg/detail/pose_stamped_array__rosidl_typesupport_introspection_cpp.hpp
[0.945s] -- Up-to-date: /home/user/humble_ws/install/franka_msgs/include/franka_msgs/franka_msgs/msg/detail/franka_state__type_support.cpp
[0.945s] -- Up-to-date: /home/user/humble_ws/install/franka_msgs/include/franka_msgs/franka_msgs/msg/detail/franka_state__rosidl_typesupport_introspection_cpp.hpp
[0.945s] -- Up-to-date: /home/user/humble_ws/install/franka_msgs/include/franka_msgs/franka_msgs/msg/detail/franka_model__rosidl_typesupport_introspection_cpp.hpp
[0.945s] -- Up-to-date: /home/user/humble_ws/install/franka_msgs/include/franka_msgs/franka_msgs/msg/detail/grasp_epsilon__type_support.cpp
[0.945s] -- Up-to-date: /home/user/humble_ws/install/franka_msgs/include/franka_msgs/franka_msgs/msg/detail/franka_model__type_support.cpp
[0.945s] -- Up-to-date: /home/user/humble_ws/install/franka_msgs/include/franka_msgs/franka_msgs/msg/detail/grasp_epsilon__rosidl_typesupport_introspection_cpp.hpp
[0.945s] -- Up-to-date: /home/user/humble_ws/install/franka_msgs/include/franka_msgs/franka_msgs/msg/detail/pose_stamped_array__type_support.cpp
[0.945s] -- Up-to-date: /home/user/humble_ws/install/franka_msgs/include/franka_msgs/franka_msgs/msg/detail/errors__rosidl_typesupport_introspection_cpp.hpp
[0.945s] -- Up-to-date: /home/user/humble_ws/install/franka_msgs/include/franka_msgs/franka_msgs/msg/detail/errors__type_support.cpp
[0.945s] -- Up-to-date: /home/user/humble_ws/install/franka_msgs/lib/libfranka_msgs__rosidl_typesupport_introspection_cpp.so
[0.945s] -- Up-to-date: /home/user/humble_ws/install/franka_msgs/lib/libfranka_msgs__rosidl_typesupport_cpp.so
[0.946s] -- Up-to-date: /home/user/humble_ws/install/franka_msgs/share/franka_msgs/environment/pythonpath.sh
[0.946s] -- Up-to-date: /home/user/humble_ws/install/franka_msgs/share/franka_msgs/environment/pythonpath.dsv
[0.946s] -- Up-to-date: /home/user/humble_ws/install/franka_msgs/local/lib/python3.10/dist-packages/franka_msgs-0.0.0-py3.10.egg-info
[0.946s] -- Installing: /home/user/humble_ws/install/franka_msgs/local/lib/python3.10/dist-packages/franka_msgs-0.0.0-py3.10.egg-info/top_level.txt
[0.946s] -- Installing: /home/user/humble_ws/install/franka_msgs/local/lib/python3.10/dist-packages/franka_msgs-0.0.0-py3.10.egg-info/dependency_links.txt
[0.946s] -- Installing: /home/user/humble_ws/install/franka_msgs/local/lib/python3.10/dist-packages/franka_msgs-0.0.0-py3.10.egg-info/SOURCES.txt
[0.946s] -- Installing: /home/user/humble_ws/install/franka_msgs/local/lib/python3.10/dist-packages/franka_msgs-0.0.0-py3.10.egg-info/PKG-INFO
[0.946s] -- Up-to-date: /home/user/humble_ws/install/franka_msgs/local/lib/python3.10/dist-packages/franka_msgs
[0.946s] -- Up-to-date: /home/user/humble_ws/install/franka_msgs/local/lib/python3.10/dist-packages/franka_msgs/action
[0.946s] -- Up-to-date: /home/user/humble_ws/install/franka_msgs/local/lib/python3.10/dist-packages/franka_msgs/action/_homing_s.c
[0.946s] -- Up-to-date: /home/user/humble_ws/install/franka_msgs/local/lib/python3.10/dist-packages/franka_msgs/action/_homing.py
[0.946s] -- Up-to-date: /home/user/humble_ws/install/franka_msgs/local/lib/python3.10/dist-packages/franka_msgs/action/_grasp_s.c
[0.946s] -- Up-to-date: /home/user/humble_ws/install/franka_msgs/local/lib/python3.10/dist-packages/franka_msgs/action/_move.py
[0.946s] -- Up-to-date: /home/user/humble_ws/install/franka_msgs/local/lib/python3.10/dist-packages/franka_msgs/action/_grasp.py
[0.946s] -- Up-to-date: /home/user/humble_ws/install/franka_msgs/local/lib/python3.10/dist-packages/franka_msgs/action/_move_s.c
[0.946s] -- Up-to-date: /home/user/humble_ws/install/franka_msgs/local/lib/python3.10/dist-packages/franka_msgs/action/__init__.py
[0.946s] -- Up-to-date: /home/user/humble_ws/install/franka_msgs/local/lib/python3.10/dist-packages/franka_msgs/franka_msgs_s__rosidl_typesupport_introspection_c.cpython-310-x86_64-linux-gnu.so
[0.946s] -- Up-to-date: /home/user/humble_ws/install/franka_msgs/local/lib/python3.10/dist-packages/franka_msgs/franka_msgs_s__rosidl_typesupport_c.cpython-310-x86_64-linux-gnu.so
[0.946s] -- Up-to-date: /home/user/humble_ws/install/franka_msgs/local/lib/python3.10/dist-packages/franka_msgs/_franka_msgs_s.ep.rosidl_typesupport_fastrtps_c.c
[0.946s] -- Up-to-date: /home/user/humble_ws/install/franka_msgs/local/lib/python3.10/dist-packages/franka_msgs/_franka_msgs_s.ep.rosidl_typesupport_c.c
[0.946s] -- Up-to-date: /home/user/humble_ws/install/franka_msgs/local/lib/python3.10/dist-packages/franka_msgs/srv
[0.946s] -- Up-to-date: /home/user/humble_ws/install/franka_msgs/local/lib/python3.10/dist-packages/franka_msgs/srv/_set_joint_stiffness.py
[0.946s] -- Up-to-date: /home/user/humble_ws/install/franka_msgs/local/lib/python3.10/dist-packages/franka_msgs/srv/_set_mujoco_poses.py
[0.946s] -- Up-to-date: /home/user/humble_ws/install/franka_msgs/local/lib/python3.10/dist-packages/franka_msgs/srv/_set_cartesian_stiffness_s.c
[0.946s] -- Up-to-date: /home/user/humble_ws/install/franka_msgs/local/lib/python3.10/dist-packages/franka_msgs/srv/_set_load.py
[0.946s] -- Up-to-date: /home/user/humble_ws/install/franka_msgs/local/lib/python3.10/dist-packages/franka_msgs/srv/_set_full_collision_behavior.py
[0.946s] -- Up-to-date: /home/user/humble_ws/install/franka_msgs/local/lib/python3.10/dist-packages/franka_msgs/srv/_error_recovery.py
[0.946s] -- Up-to-date: /home/user/humble_ws/install/franka_msgs/local/lib/python3.10/dist-packages/franka_msgs/srv/_set_mujoco_poses_s.c
[0.946s] -- Up-to-date: /home/user/humble_ws/install/franka_msgs/local/lib/python3.10/dist-packages/franka_msgs/srv/_set_cartesian_stiffness.py
[0.946s] -- Up-to-date: /home/user/humble_ws/install/franka_msgs/local/lib/python3.10/dist-packages/franka_msgs/srv/_set_load_s.c
[0.946s] -- Up-to-date: /home/user/humble_ws/install/franka_msgs/local/lib/python3.10/dist-packages/franka_msgs/srv/_set_joint_stiffness_s.c
[0.946s] -- Up-to-date: /home/user/humble_ws/install/franka_msgs/local/lib/python3.10/dist-packages/franka_msgs/srv/_set_stiffness_frame_s.c
[0.946s] -- Up-to-date: /home/user/humble_ws/install/franka_msgs/local/lib/python3.10/dist-packages/franka_msgs/srv/_set_stiffness_frame.py
[0.946s] -- Up-to-date: /home/user/humble_ws/install/franka_msgs/local/lib/python3.10/dist-packages/franka_msgs/srv/_set_tcp_frame_s.c
[0.946s] -- Up-to-date: /home/user/humble_ws/install/franka_msgs/local/lib/python3.10/dist-packages/franka_msgs/srv/_error_recovery_s.c
[0.946s] -- Up-to-date: /home/user/humble_ws/install/franka_msgs/local/lib/python3.10/dist-packages/franka_msgs/srv/_set_tcp_frame.py
[0.946s] -- Up-to-date: /home/user/humble_ws/install/franka_msgs/local/lib/python3.10/dist-packages/franka_msgs/srv/__init__.py
[0.946s] -- Up-to-date: /home/user/humble_ws/install/franka_msgs/local/lib/python3.10/dist-packages/franka_msgs/srv/_set_force_torque_collision_behavior_s.c
[0.946s] -- Up-to-date: /home/user/humble_ws/install/franka_msgs/local/lib/python3.10/dist-packages/franka_msgs/srv/_set_force_torque_collision_behavior.py
[0.946s] -- Up-to-date: /home/user/humble_ws/install/franka_msgs/local/lib/python3.10/dist-packages/franka_msgs/srv/_set_full_collision_behavior_s.c
[0.946s] -- Up-to-date: /home/user/humble_ws/install/franka_msgs/local/lib/python3.10/dist-packages/franka_msgs/msg
[0.946s] -- Up-to-date: /home/user/humble_ws/install/franka_msgs/local/lib/python3.10/dist-packages/franka_msgs/msg/_grasp_epsilon.py
[0.946s] -- Up-to-date: /home/user/humble_ws/install/franka_msgs/local/lib/python3.10/dist-packages/franka_msgs/msg/_grasp_epsilon_s.c
[0.946s] -- Up-to-date: /home/user/humble_ws/install/franka_msgs/local/lib/python3.10/dist-packages/franka_msgs/msg/_franka_state.py
[0.947s] -- Up-to-date: /home/user/humble_ws/install/franka_msgs/local/lib/python3.10/dist-packages/franka_msgs/msg/_pose_stamped_array_s.c
[0.947s] -- Up-to-date: /home/user/humble_ws/install/franka_msgs/local/lib/python3.10/dist-packages/franka_msgs/msg/_franka_model.py
[0.947s] -- Up-to-date: /home/user/humble_ws/install/franka_msgs/local/lib/python3.10/dist-packages/franka_msgs/msg/_franka_model_s.c
[0.947s] -- Up-to-date: /home/user/humble_ws/install/franka_msgs/local/lib/python3.10/dist-packages/franka_msgs/msg/_errors.py
[0.947s] -- Up-to-date: /home/user/humble_ws/install/franka_msgs/local/lib/python3.10/dist-packages/franka_msgs/msg/_franka_state_s.c
[0.947s] -- Up-to-date: /home/user/humble_ws/install/franka_msgs/local/lib/python3.10/dist-packages/franka_msgs/msg/_pose_stamped_array.py
[0.947s] -- Up-to-date: /home/user/humble_ws/install/franka_msgs/local/lib/python3.10/dist-packages/franka_msgs/msg/_errors_s.c
[0.947s] -- Up-to-date: /home/user/humble_ws/install/franka_msgs/local/lib/python3.10/dist-packages/franka_msgs/msg/__init__.py
[0.947s] -- Up-to-date: /home/user/humble_ws/install/franka_msgs/local/lib/python3.10/dist-packages/franka_msgs/franka_msgs_s__rosidl_typesupport_fastrtps_c.cpython-310-x86_64-linux-gnu.so
[0.947s] -- Up-to-date: /home/user/humble_ws/install/franka_msgs/local/lib/python3.10/dist-packages/franka_msgs/_franka_msgs_s.ep.rosidl_typesupport_introspection_c.c
[0.947s] -- Up-to-date: /home/user/humble_ws/install/franka_msgs/local/lib/python3.10/dist-packages/franka_msgs/libfranka_msgs__rosidl_generator_py.so
[0.947s] -- Up-to-date: /home/user/humble_ws/install/franka_msgs/local/lib/python3.10/dist-packages/franka_msgs/__init__.py
[0.960s] Listing '/home/user/humble_ws/install/franka_msgs/local/lib/python3.10/dist-packages/franka_msgs'...
[0.960s] Listing '/home/user/humble_ws/install/franka_msgs/local/lib/python3.10/dist-packages/franka_msgs/action'...
[0.960s] Listing '/home/user/humble_ws/install/franka_msgs/local/lib/python3.10/dist-packages/franka_msgs/msg'...
[0.960s] Listing '/home/user/humble_ws/install/franka_msgs/local/lib/python3.10/dist-packages/franka_msgs/srv'...
[0.962s] -- Up-to-date: /home/user/humble_ws/install/franka_msgs/local/lib/python3.10/dist-packages/franka_msgs/franka_msgs_s__rosidl_typesupport_fastrtps_c.cpython-310-x86_64-linux-gnu.so
[0.963s] -- Up-to-date: /home/user/humble_ws/install/franka_msgs/local/lib/python3.10/dist-packages/franka_msgs/franka_msgs_s__rosidl_typesupport_introspection_c.cpython-310-x86_64-linux-gnu.so
[0.963s] -- Up-to-date: /home/user/humble_ws/install/franka_msgs/local/lib/python3.10/dist-packages/franka_msgs/franka_msgs_s__rosidl_typesupport_c.cpython-310-x86_64-linux-gnu.so
[0.963s] -- Up-to-date: /home/user/humble_ws/install/franka_msgs/lib/libfranka_msgs__rosidl_generator_py.so
[0.963s] -- Up-to-date: /home/user/humble_ws/install/franka_msgs/share/franka_msgs/action/Grasp.idl
[0.963s] -- Up-to-date: /home/user/humble_ws/install/franka_msgs/share/franka_msgs/action/Homing.idl
[0.963s] -- Up-to-date: /home/user/humble_ws/install/franka_msgs/share/franka_msgs/action/Move.idl
[0.963s] -- Up-to-date: /home/user/humble_ws/install/franka_msgs/share/franka_msgs/srv/ErrorRecovery.idl
[0.963s] -- Up-to-date: /home/user/humble_ws/install/franka_msgs/share/franka_msgs/srv/SetCartesianStiffness.idl
[0.963s] -- Up-to-date: /home/user/humble_ws/install/franka_msgs/share/franka_msgs/srv/SetTCPFrame.idl
[0.963s] -- Up-to-date: /home/user/humble_ws/install/franka_msgs/share/franka_msgs/srv/SetForceTorqueCollisionBehavior.idl
[0.963s] -- Up-to-date: /home/user/humble_ws/install/franka_msgs/share/franka_msgs/srv/SetFullCollisionBehavior.idl
[0.963s] -- Up-to-date: /home/user/humble_ws/install/franka_msgs/share/franka_msgs/srv/SetJointStiffness.idl
[0.963s] -- Up-to-date: /home/user/humble_ws/install/franka_msgs/share/franka_msgs/srv/SetStiffnessFrame.idl
[0.963s] -- Up-to-date: /home/user/humble_ws/install/franka_msgs/share/franka_msgs/srv/SetLoad.idl
[0.963s] -- Up-to-date: /home/user/humble_ws/install/franka_msgs/share/franka_msgs/srv/SetMujocoPoses.idl
[0.963s] -- Up-to-date: /home/user/humble_ws/install/franka_msgs/share/franka_msgs/msg/GraspEpsilon.idl
[0.963s] -- Up-to-date: /home/user/humble_ws/install/franka_msgs/share/franka_msgs/msg/FrankaState.idl
[0.963s] -- Up-to-date: /home/user/humble_ws/install/franka_msgs/share/franka_msgs/msg/FrankaModel.idl
[0.964s] -- Up-to-date: /home/user/humble_ws/install/franka_msgs/share/franka_msgs/msg/Errors.idl
[0.964s] -- Up-to-date: /home/user/humble_ws/install/franka_msgs/share/franka_msgs/msg/PoseStampedArray.idl
[0.964s] -- Up-to-date: /home/user/humble_ws/install/franka_msgs/share/franka_msgs/action/Grasp.action
[0.964s] -- Up-to-date: /home/user/humble_ws/install/franka_msgs/share/franka_msgs/action/Homing.action
[0.964s] -- Up-to-date: /home/user/humble_ws/install/franka_msgs/share/franka_msgs/action/Move.action
[0.964s] -- Up-to-date: /home/user/humble_ws/install/franka_msgs/share/franka_msgs/srv/ErrorRecovery.srv
[0.964s] -- Up-to-date: /home/user/humble_ws/install/franka_msgs/share/franka_msgs/srv/ErrorRecovery_Request.msg
[0.964s] -- Up-to-date: /home/user/humble_ws/install/franka_msgs/share/franka_msgs/srv/ErrorRecovery_Response.msg
[0.964s] -- Up-to-date: /home/user/humble_ws/install/franka_msgs/share/franka_msgs/srv/SetCartesianStiffness.srv
[0.964s] -- Up-to-date: /home/user/humble_ws/install/franka_msgs/share/franka_msgs/srv/SetCartesianStiffness_Request.msg
[0.964s] -- Up-to-date: /home/user/humble_ws/install/franka_msgs/share/franka_msgs/srv/SetCartesianStiffness_Response.msg
[0.964s] -- Up-to-date: /home/user/humble_ws/install/franka_msgs/share/franka_msgs/srv/SetTCPFrame.srv
[0.964s] -- Up-to-date: /home/user/humble_ws/install/franka_msgs/share/franka_msgs/srv/SetTCPFrame_Request.msg
[0.964s] -- Up-to-date: /home/user/humble_ws/install/franka_msgs/share/franka_msgs/srv/SetTCPFrame_Response.msg
[0.964s] -- Up-to-date: /home/user/humble_ws/install/franka_msgs/share/franka_msgs/srv/SetForceTorqueCollisionBehavior.srv
[0.964s] -- Up-to-date: /home/user/humble_ws/install/franka_msgs/share/franka_msgs/srv/SetForceTorqueCollisionBehavior_Request.msg
[0.964s] -- Up-to-date: /home/user/humble_ws/install/franka_msgs/share/franka_msgs/srv/SetForceTorqueCollisionBehavior_Response.msg
[0.964s] -- Up-to-date: /home/user/humble_ws/install/franka_msgs/share/franka_msgs/srv/SetFullCollisionBehavior.srv
[0.964s] -- Up-to-date: /home/user/humble_ws/install/franka_msgs/share/franka_msgs/srv/SetFullCollisionBehavior_Request.msg
[0.964s] -- Up-to-date: /home/user/humble_ws/install/franka_msgs/share/franka_msgs/srv/SetFullCollisionBehavior_Response.msg
[0.964s] -- Up-to-date: /home/user/humble_ws/install/franka_msgs/share/franka_msgs/srv/SetJointStiffness.srv
[0.964s] -- Up-to-date: /home/user/humble_ws/install/franka_msgs/share/franka_msgs/srv/SetJointStiffness_Request.msg
[0.964s] -- Up-to-date: /home/user/humble_ws/install/franka_msgs/share/franka_msgs/srv/SetJointStiffness_Response.msg
[0.964s] -- Up-to-date: /home/user/humble_ws/install/franka_msgs/share/franka_msgs/srv/SetStiffnessFrame.srv
[0.964s] -- Up-to-date: /home/user/humble_ws/install/franka_msgs/share/franka_msgs/srv/SetStiffnessFrame_Request.msg
[0.964s] -- Up-to-date: /home/user/humble_ws/install/franka_msgs/share/franka_msgs/srv/SetStiffnessFrame_Response.msg
[0.964s] -- Up-to-date: /home/user/humble_ws/install/franka_msgs/share/franka_msgs/srv/SetLoad.srv
[0.964s] -- Up-to-date: /home/user/humble_ws/install/franka_msgs/share/franka_msgs/srv/SetLoad_Request.msg
[0.964s] -- Up-to-date: /home/user/humble_ws/install/franka_msgs/share/franka_msgs/srv/SetLoad_Response.msg
[0.964s] -- Up-to-date: /home/user/humble_ws/install/franka_msgs/share/franka_msgs/srv/SetMujocoPoses.srv
[0.964s] -- Up-to-date: /home/user/humble_ws/install/franka_msgs/share/franka_msgs/srv/SetMujocoPoses_Request.msg
[0.964s] -- Up-to-date: /home/user/humble_ws/install/franka_msgs/share/franka_msgs/srv/SetMujocoPoses_Response.msg
[0.965s] -- Up-to-date: /home/user/humble_ws/install/franka_msgs/share/franka_msgs/msg/GraspEpsilon.msg
[0.965s] -- Up-to-date: /home/user/humble_ws/install/franka_msgs/share/franka_msgs/msg/FrankaState.msg
[0.965s] -- Up-to-date: /home/user/humble_ws/install/franka_msgs/share/franka_msgs/msg/FrankaModel.msg
[0.965s] -- Up-to-date: /home/user/humble_ws/install/franka_msgs/share/franka_msgs/msg/Errors.msg
[0.965s] -- Up-to-date: /home/user/humble_ws/install/franka_msgs/share/franka_msgs/msg/PoseStampedArray.msg
[0.965s] -- Up-to-date: /home/user/humble_ws/install/franka_msgs/share/ament_index/resource_index/package_run_dependencies/franka_msgs
[0.965s] -- Up-to-date: /home/user/humble_ws/install/franka_msgs/share/ament_index/resource_index/parent_prefix_path/franka_msgs
[0.965s] -- Up-to-date: /home/user/humble_ws/install/franka_msgs/share/franka_msgs/environment/ament_prefix_path.sh
[0.965s] -- Up-to-date: /home/user/humble_ws/install/franka_msgs/share/franka_msgs/environment/ament_prefix_path.dsv
[0.965s] -- Up-to-date: /home/user/humble_ws/install/franka_msgs/share/franka_msgs/environment/path.sh
[0.965s] -- Up-to-date: /home/user/humble_ws/install/franka_msgs/share/franka_msgs/environment/path.dsv
[0.965s] -- Up-to-date: /home/user/humble_ws/install/franka_msgs/share/franka_msgs/local_setup.bash
[0.965s] -- Up-to-date: /home/user/humble_ws/install/franka_msgs/share/franka_msgs/local_setup.sh
[0.965s] -- Up-to-date: /home/user/humble_ws/install/franka_msgs/share/franka_msgs/local_setup.zsh
[0.965s] -- Up-to-date: /home/user/humble_ws/install/franka_msgs/share/franka_msgs/local_setup.dsv
[0.965s] -- Installing: /home/user/humble_ws/install/franka_msgs/share/franka_msgs/package.dsv
[0.965s] -- Up-to-date: /home/user/humble_ws/install/franka_msgs/share/ament_index/resource_index/packages/franka_msgs
[0.965s] -- Up-to-date: /home/user/humble_ws/install/franka_msgs/share/franka_msgs/cmake/export_franka_msgs__rosidl_generator_cExport.cmake
[0.965s] -- Up-to-date: /home/user/humble_ws/install/franka_msgs/share/franka_msgs/cmake/export_franka_msgs__rosidl_generator_cExport-release.cmake
[0.965s] -- Up-to-date: /home/user/humble_ws/install/franka_msgs/share/franka_msgs/cmake/export_franka_msgs__rosidl_typesupport_fastrtps_cExport.cmake
[0.965s] -- Up-to-date: /home/user/humble_ws/install/franka_msgs/share/franka_msgs/cmake/export_franka_msgs__rosidl_typesupport_fastrtps_cExport-release.cmake
[0.965s] -- Up-to-date: /home/user/humble_ws/install/franka_msgs/share/franka_msgs/cmake/franka_msgs__rosidl_typesupport_introspection_cExport.cmake
[0.965s] -- Up-to-date: /home/user/humble_ws/install/franka_msgs/share/franka_msgs/cmake/franka_msgs__rosidl_typesupport_introspection_cExport-release.cmake
[0.965s] -- Up-to-date: /home/user/humble_ws/install/franka_msgs/share/franka_msgs/cmake/franka_msgs__rosidl_typesupport_cExport.cmake
[0.965s] -- Up-to-date: /home/user/humble_ws/install/franka_msgs/share/franka_msgs/cmake/franka_msgs__rosidl_typesupport_cExport-release.cmake
[0.965s] -- Up-to-date: /home/user/humble_ws/install/franka_msgs/share/franka_msgs/cmake/export_franka_msgs__rosidl_generator_cppExport.cmake
[0.966s] -- Up-to-date: /home/user/humble_ws/install/franka_msgs/share/franka_msgs/cmake/export_franka_msgs__rosidl_typesupport_fastrtps_cppExport.cmake
[0.966s] -- Up-to-date: /home/user/humble_ws/install/franka_msgs/share/franka_msgs/cmake/export_franka_msgs__rosidl_typesupport_fastrtps_cppExport-release.cmake
[0.966s] -- Up-to-date: /home/user/humble_ws/install/franka_msgs/share/franka_msgs/cmake/franka_msgs__rosidl_typesupport_introspection_cppExport.cmake
[0.966s] -- Up-to-date: /home/user/humble_ws/install/franka_msgs/share/franka_msgs/cmake/franka_msgs__rosidl_typesupport_introspection_cppExport-release.cmake
[0.966s] -- Up-to-date: /home/user/humble_ws/install/franka_msgs/share/franka_msgs/cmake/franka_msgs__rosidl_typesupport_cppExport.cmake
[0.966s] -- Up-to-date: /home/user/humble_ws/install/franka_msgs/share/franka_msgs/cmake/franka_msgs__rosidl_typesupport_cppExport-release.cmake
[0.966s] -- Up-to-date: /home/user/humble_ws/install/franka_msgs/share/franka_msgs/cmake/export_franka_msgs__rosidl_generator_pyExport.cmake
[0.966s] -- Up-to-date: /home/user/humble_ws/install/franka_msgs/share/franka_msgs/cmake/export_franka_msgs__rosidl_generator_pyExport-release.cmake
[0.966s] -- Up-to-date: /home/user/humble_ws/install/franka_msgs/share/franka_msgs/cmake/rosidl_cmake-extras.cmake
[0.966s] -- Up-to-date: /home/user/humble_ws/install/franka_msgs/share/franka_msgs/cmake/ament_cmake_export_dependencies-extras.cmake
[0.966s] -- Up-to-date: /home/user/humble_ws/install/franka_msgs/share/franka_msgs/cmake/ament_cmake_export_include_directories-extras.cmake
[0.966s] -- Up-to-date: /home/user/humble_ws/install/franka_msgs/share/franka_msgs/cmake/ament_cmake_export_libraries-extras.cmake
[0.966s] -- Up-to-date: /home/user/humble_ws/install/franka_msgs/share/franka_msgs/cmake/ament_cmake_export_targets-extras.cmake
[0.966s] -- Up-to-date: /home/user/humble_ws/install/franka_msgs/share/franka_msgs/cmake/rosidl_cmake_export_typesupport_targets-extras.cmake
[0.966s] -- Up-to-date: /home/user/humble_ws/install/franka_msgs/share/franka_msgs/cmake/rosidl_cmake_export_typesupport_libraries-extras.cmake
[0.966s] -- Up-to-date: /home/user/humble_ws/install/franka_msgs/share/franka_msgs/cmake/franka_msgsConfig.cmake
[0.966s] -- Up-to-date: /home/user/humble_ws/install/franka_msgs/share/franka_msgs/cmake/franka_msgsConfig-version.cmake
[0.966s] -- Up-to-date: /home/user/humble_ws/install/franka_msgs/share/franka_msgs/package.xml
[0.968s] Invoked command in '/home/user/humble_ws/build/franka_msgs' returned '0': CMAKE_PREFIX_PATH=${CMAKE_PREFIX_PATH}:/opt/ros/humble /usr/bin/cmake --install /home/user/humble_ws/build/franka_msgs
