[0.021s] Invoking command in '/home/user/humble_ws/build/multi_mode_controller': CMAKE_PREFIX_PATH=/home/user/humble_ws/install/franka_semantic_components:/home/user/humble_ws/install/multi_mode_control_msgs:/home/user/humble_ws/install/franka_hardware:/home/user/humble_ws/install/franka_msgs:/home/user/humble_ws/install/panda_motion_generators:/home/user/humble_ws/install/panda_motion_generator_msgs:/home/user/humble_ws/install/multi_mode_controller_impl:/home/user/humble_ws/install/multi_mode_controller:/home/user/humble_ws/install/garmi_controllers:/home/user/humble_ws/install/franka_robot_state_broadcaster:/home/user/humble_ws/install/franka_example_controllers:/home/user/humble_ws/install/franka_moveit_config:/home/user/humble_ws/install/franka_bringup:/home/user/humble_ws/install/franka_gripper:/home/user/humble_ws/install/franka_control2:/home/user/humble_ws/install/franka_description:/home/user/Libraries/libfranka/lib/cmake:/home/user/Libraries/mujoco/lib/cmake:/opt/ros/humble LD_LIBRARY_PATH=/home/user/humble_ws/install/franka_semantic_components/lib:/home/user/humble_ws/install/multi_mode_control_msgs/lib:/home/user/humble_ws/install/franka_hardware/lib:/home/user/humble_ws/install/franka_msgs/lib:/home/user/humble_ws/install/panda_motion_generators/lib:/home/user/humble_ws/install/panda_motion_generator_msgs/lib:/home/user/humble_ws/install/multi_mode_controller_impl/lib:/home/user/humble_ws/install/multi_mode_controller/lib:/home/user/humble_ws/install/garmi_controllers/lib:/home/user/humble_ws/install/franka_robot_state_broadcaster/lib:/home/user/humble_ws/install/franka_example_controllers/lib:/home/user/humble_ws/install/franka_gripper/lib:/opt/ros/humble/opt/rviz_ogre_vendor/lib:/opt/ros/humble/lib/x86_64-linux-gnu:/opt/ros/humble/lib:/home/user/Libraries/libfranka/lib:/home/user/Libraries/mujoco/lib /usr/bin/cmake --build /home/user/humble_ws/build/multi_mode_controller -- -j12 -l12
[0.099s] [ 10%] Built target openGJK
[0.107s] [ 20%] Built target synchronous_client
[0.157s] [100%] Built target multi_mode_controller
[0.176s] Invoked command in '/home/user/humble_ws/build/multi_mode_controller' returned '0': CMAKE_PREFIX_PATH=/home/user/humble_ws/install/franka_semantic_components:/home/user/humble_ws/install/multi_mode_control_msgs:/home/user/humble_ws/install/franka_hardware:/home/user/humble_ws/install/franka_msgs:/home/user/humble_ws/install/panda_motion_generators:/home/user/humble_ws/install/panda_motion_generator_msgs:/home/user/humble_ws/install/multi_mode_controller_impl:/home/user/humble_ws/install/multi_mode_controller:/home/user/humble_ws/install/garmi_controllers:/home/user/humble_ws/install/franka_robot_state_broadcaster:/home/user/humble_ws/install/franka_example_controllers:/home/user/humble_ws/install/franka_moveit_config:/home/user/humble_ws/install/franka_bringup:/home/user/humble_ws/install/franka_gripper:/home/user/humble_ws/install/franka_control2:/home/user/humble_ws/install/franka_description:/home/user/Libraries/libfranka/lib/cmake:/home/user/Libraries/mujoco/lib/cmake:/opt/ros/humble LD_LIBRARY_PATH=/home/user/humble_ws/install/franka_semantic_components/lib:/home/user/humble_ws/install/multi_mode_control_msgs/lib:/home/user/humble_ws/install/franka_hardware/lib:/home/user/humble_ws/install/franka_msgs/lib:/home/user/humble_ws/install/panda_motion_generators/lib:/home/user/humble_ws/install/panda_motion_generator_msgs/lib:/home/user/humble_ws/install/multi_mode_controller_impl/lib:/home/user/humble_ws/install/multi_mode_controller/lib:/home/user/humble_ws/install/garmi_controllers/lib:/home/user/humble_ws/install/franka_robot_state_broadcaster/lib:/home/user/humble_ws/install/franka_example_controllers/lib:/home/user/humble_ws/install/franka_gripper/lib:/opt/ros/humble/opt/rviz_ogre_vendor/lib:/opt/ros/humble/lib/x86_64-linux-gnu:/opt/ros/humble/lib:/home/user/Libraries/libfranka/lib:/home/user/Libraries/mujoco/lib /usr/bin/cmake --build /home/user/humble_ws/build/multi_mode_controller -- -j12 -l12
[0.298s] Invoking command in '/home/user/humble_ws/build/multi_mode_controller': CMAKE_PREFIX_PATH=/home/user/humble_ws/install/franka_semantic_components:/home/user/humble_ws/install/multi_mode_control_msgs:/home/user/humble_ws/install/franka_hardware:/home/user/humble_ws/install/franka_msgs:/home/user/humble_ws/install/panda_motion_generators:/home/user/humble_ws/install/panda_motion_generator_msgs:/home/user/humble_ws/install/multi_mode_controller_impl:/home/user/humble_ws/install/multi_mode_controller:/home/user/humble_ws/install/garmi_controllers:/home/user/humble_ws/install/franka_robot_state_broadcaster:/home/user/humble_ws/install/franka_example_controllers:/home/user/humble_ws/install/franka_moveit_config:/home/user/humble_ws/install/franka_bringup:/home/user/humble_ws/install/franka_gripper:/home/user/humble_ws/install/franka_control2:/home/user/humble_ws/install/franka_description:/home/user/Libraries/libfranka/lib/cmake:/home/user/Libraries/mujoco/lib/cmake:/opt/ros/humble LD_LIBRARY_PATH=/home/user/humble_ws/install/franka_semantic_components/lib:/home/user/humble_ws/install/multi_mode_control_msgs/lib:/home/user/humble_ws/install/franka_hardware/lib:/home/user/humble_ws/install/franka_msgs/lib:/home/user/humble_ws/install/panda_motion_generators/lib:/home/user/humble_ws/install/panda_motion_generator_msgs/lib:/home/user/humble_ws/install/multi_mode_controller_impl/lib:/home/user/humble_ws/install/multi_mode_controller/lib:/home/user/humble_ws/install/garmi_controllers/lib:/home/user/humble_ws/install/franka_robot_state_broadcaster/lib:/home/user/humble_ws/install/franka_example_controllers/lib:/home/user/humble_ws/install/franka_gripper/lib:/opt/ros/humble/opt/rviz_ogre_vendor/lib:/opt/ros/humble/lib/x86_64-linux-gnu:/opt/ros/humble/lib:/home/user/Libraries/libfranka/lib:/home/user/Libraries/mujoco/lib /usr/bin/cmake --install /home/user/humble_ws/build/multi_mode_controller
[0.303s] -- Install configuration: "Release"
[0.303s] -- Up-to-date: /home/user/humble_ws/install/multi_mode_controller/lib/libopenGJK.a
[0.304s] -- Up-to-date: /home/user/humble_ws/install/multi_mode_controller/lib/libmulti_mode_controller.so
[0.304s] -- Up-to-date: /home/user/humble_ws/install/multi_mode_controller/include
[0.304s] -- Up-to-date: /home/user/humble_ws/install/multi_mode_controller/include/multi_mode_controller
[0.304s] -- Up-to-date: /home/user/humble_ws/install/multi_mode_controller/include/multi_mode_controller/controllers
[0.304s] -- Up-to-date: /home/user/humble_ws/install/multi_mode_controller/include/multi_mode_controller/controllers/panda_cartesian_impedance_controller.h
[0.304s] -- Up-to-date: /home/user/humble_ws/install/multi_mode_controller/include/multi_mode_controller/controllers/comless_dual_joint_impedance_controller.h
[0.304s] -- Up-to-date: /home/user/humble_ws/install/multi_mode_controller/include/multi_mode_controller/controllers/twin_joint_impedance_controller.h
[0.304s] -- Up-to-date: /home/user/humble_ws/install/multi_mode_controller/include/multi_mode_controller/controllers/comless_dual_cartesian_impedance_controller.h
[0.304s] -- Up-to-date: /home/user/humble_ws/install/multi_mode_controller/include/multi_mode_controller/controllers/twin_cartesian_impedance_controller.h
[0.304s] -- Up-to-date: /home/user/humble_ws/install/multi_mode_controller/include/multi_mode_controller/controllers/panda_joint_velocity_controller.h
[0.304s] -- Up-to-date: /home/user/humble_ws/install/multi_mode_controller/include/multi_mode_controller/controllers/comless_panda_cartesian_impedance_controller.h
[0.304s] -- Up-to-date: /home/user/humble_ws/install/multi_mode_controller/include/multi_mode_controller/controllers/comless_coupled_dual_cartesian_impedance_controller.h
[0.305s] -- Up-to-date: /home/user/humble_ws/install/multi_mode_controller/include/multi_mode_controller/controllers/dual_cartesian_impedance_controller.h
[0.305s] -- Up-to-date: /home/user/humble_ws/install/multi_mode_controller/include/multi_mode_controller/controllers/panda_joint_impedance_controller.h
[0.305s] -- Up-to-date: /home/user/humble_ws/install/multi_mode_controller/include/multi_mode_controller/controllers/comless_panda_joint_impedance_controller.h
[0.305s] -- Up-to-date: /home/user/humble_ws/install/multi_mode_controller/include/multi_mode_controller/controllers/des_coupled_dual_cartesian_impedance_controller.h
[0.305s] -- Up-to-date: /home/user/humble_ws/install/multi_mode_controller/include/multi_mode_controller/utils
[0.305s] -- Up-to-date: /home/user/humble_ws/install/multi_mode_controller/include/multi_mode_controller/utils/factory.h
[0.305s] -- Up-to-date: /home/user/humble_ws/install/multi_mode_controller/include/multi_mode_controller/utils/damping_design.h
[0.305s] -- Up-to-date: /home/user/humble_ws/install/multi_mode_controller/include/multi_mode_controller/utils/synchronous_client.h
[0.305s] -- Up-to-date: /home/user/humble_ws/install/multi_mode_controller/include/multi_mode_controller/utils/robot_data.h
[0.305s] -- Up-to-date: /home/user/humble_ws/install/multi_mode_controller/include/multi_mode_controller/utils/conversions.h
[0.305s] -- Up-to-date: /home/user/humble_ws/install/multi_mode_controller/include/multi_mode_controller/utils/get_robot_state_msg.h
[0.305s] -- Up-to-date: /home/user/humble_ws/install/multi_mode_controller/include/multi_mode_controller/utils/type_name.h
[0.305s] -- Up-to-date: /home/user/humble_ws/install/multi_mode_controller/include/multi_mode_controller/utils/buffered.h
[0.306s] -- Up-to-date: /home/user/humble_ws/install/multi_mode_controller/include/multi_mode_controller/utils/controller_factory.h
[0.306s] -- Up-to-date: /home/user/humble_ws/install/multi_mode_controller/include/multi_mode_controller/utils/nullspace_projection.h
[0.306s] -- Up-to-date: /home/user/humble_ws/install/multi_mode_controller/include/multi_mode_controller/utils/redundancy_resolution.h
[0.306s] -- Up-to-date: /home/user/humble_ws/install/multi_mode_controller/include/multi_mode_controller/utils/sync_service_client.hpp
[0.306s] -- Up-to-date: /home/user/humble_ws/install/multi_mode_controller/include/multi_mode_controller/utils/openGJK.h
[0.306s] -- Up-to-date: /home/user/humble_ws/install/multi_mode_controller/include/multi_mode_controller/utils/panda_limits.h
[0.306s] -- Up-to-date: /home/user/humble_ws/install/multi_mode_controller/include/multi_mode_controller/base
[0.306s] -- Up-to-date: /home/user/humble_ws/install/multi_mode_controller/include/multi_mode_controller/base/panda_controller_interface.h
[0.306s] -- Up-to-date: /home/user/humble_ws/install/multi_mode_controller/include/multi_mode_controller/base/switch_engine_interface.h
[0.307s] -- Up-to-date: /home/user/humble_ws/install/multi_mode_controller/include/multi_mode_controller/base/panda_controller_base.h
[0.307s] -- Up-to-date: /home/user/humble_ws/install/multi_mode_controller/include/multi_mode_controller/base/switch_engine.h
[0.307s] -- Up-to-date: /home/user/humble_ws/install/multi_mode_controller/include/multi_mode_controller/base/panda_controller_ros_interface.h
[0.307s] -- Up-to-date: /home/user/humble_ws/install/multi_mode_controller/lib/libsynchronous_client.so
[0.307s] -- Up-to-date: /home/user/humble_ws/install/multi_mode_controller/share/multi_mode_controller/environment/library_path.sh
[0.307s] -- Up-to-date: /home/user/humble_ws/install/multi_mode_controller/share/multi_mode_controller/environment/library_path.dsv
[0.308s] -- Up-to-date: /home/user/humble_ws/install/multi_mode_controller/share/ament_index/resource_index/package_run_dependencies/multi_mode_controller
[0.308s] -- Up-to-date: /home/user/humble_ws/install/multi_mode_controller/share/ament_index/resource_index/parent_prefix_path/multi_mode_controller
[0.309s] -- Up-to-date: /home/user/humble_ws/install/multi_mode_controller/share/multi_mode_controller/environment/ament_prefix_path.sh
[0.309s] -- Up-to-date: /home/user/humble_ws/install/multi_mode_controller/share/multi_mode_controller/environment/ament_prefix_path.dsv
[0.309s] -- Up-to-date: /home/user/humble_ws/install/multi_mode_controller/share/multi_mode_controller/environment/path.sh
[0.309s] -- Up-to-date: /home/user/humble_ws/install/multi_mode_controller/share/multi_mode_controller/environment/path.dsv
[0.309s] -- Up-to-date: /home/user/humble_ws/install/multi_mode_controller/share/multi_mode_controller/local_setup.bash
[0.310s] -- Up-to-date: /home/user/humble_ws/install/multi_mode_controller/share/multi_mode_controller/local_setup.sh
[0.310s] -- Up-to-date: /home/user/humble_ws/install/multi_mode_controller/share/multi_mode_controller/local_setup.zsh
[0.310s] -- Up-to-date: /home/user/humble_ws/install/multi_mode_controller/share/multi_mode_controller/local_setup.dsv
[0.310s] -- Installing: /home/user/humble_ws/install/multi_mode_controller/share/multi_mode_controller/package.dsv
[0.310s] -- Up-to-date: /home/user/humble_ws/install/multi_mode_controller/share/ament_index/resource_index/packages/multi_mode_controller
[0.310s] -- Up-to-date: /home/user/humble_ws/install/multi_mode_controller/share/multi_mode_controller/cmake/ament_cmake_export_include_directories-extras.cmake
[0.311s] -- Up-to-date: /home/user/humble_ws/install/multi_mode_controller/share/multi_mode_controller/cmake/ament_cmake_export_libraries-extras.cmake
[0.311s] -- Up-to-date: /home/user/humble_ws/install/multi_mode_controller/share/multi_mode_controller/cmake/ament_cmake_export_dependencies-extras.cmake
[0.311s] -- Up-to-date: /home/user/humble_ws/install/multi_mode_controller/share/multi_mode_controller/cmake/multi_mode_controllerConfig.cmake
[0.311s] -- Up-to-date: /home/user/humble_ws/install/multi_mode_controller/share/multi_mode_controller/cmake/multi_mode_controllerConfig-version.cmake
[0.311s] -- Up-to-date: /home/user/humble_ws/install/multi_mode_controller/share/multi_mode_controller/package.xml
[0.312s] Invoked command in '/home/user/humble_ws/build/multi_mode_controller' returned '0': CMAKE_PREFIX_PATH=/home/user/humble_ws/install/franka_semantic_components:/home/user/humble_ws/install/multi_mode_control_msgs:/home/user/humble_ws/install/franka_hardware:/home/user/humble_ws/install/franka_msgs:/home/user/humble_ws/install/panda_motion_generators:/home/user/humble_ws/install/panda_motion_generator_msgs:/home/user/humble_ws/install/multi_mode_controller_impl:/home/user/humble_ws/install/multi_mode_controller:/home/user/humble_ws/install/garmi_controllers:/home/user/humble_ws/install/franka_robot_state_broadcaster:/home/user/humble_ws/install/franka_example_controllers:/home/user/humble_ws/install/franka_moveit_config:/home/user/humble_ws/install/franka_bringup:/home/user/humble_ws/install/franka_gripper:/home/user/humble_ws/install/franka_control2:/home/user/humble_ws/install/franka_description:/home/user/Libraries/libfranka/lib/cmake:/home/user/Libraries/mujoco/lib/cmake:/opt/ros/humble LD_LIBRARY_PATH=/home/user/humble_ws/install/franka_semantic_components/lib:/home/user/humble_ws/install/multi_mode_control_msgs/lib:/home/user/humble_ws/install/franka_hardware/lib:/home/user/humble_ws/install/franka_msgs/lib:/home/user/humble_ws/install/panda_motion_generators/lib:/home/user/humble_ws/install/panda_motion_generator_msgs/lib:/home/user/humble_ws/install/multi_mode_controller_impl/lib:/home/user/humble_ws/install/multi_mode_controller/lib:/home/user/humble_ws/install/garmi_controllers/lib:/home/user/humble_ws/install/franka_robot_state_broadcaster/lib:/home/user/humble_ws/install/franka_example_controllers/lib:/home/user/humble_ws/install/franka_gripper/lib:/opt/ros/humble/opt/rviz_ogre_vendor/lib:/opt/ros/humble/lib/x86_64-linux-gnu:/opt/ros/humble/lib:/home/user/Libraries/libfranka/lib:/home/user/Libraries/mujoco/lib /usr/bin/cmake --install /home/user/humble_ws/build/multi_mode_controller
