-- The C compiler identification is GNU 11.4.0
-- The CXX compiler identification is GNU 11.4.0
-- Detecting C compiler ABI info
-- Detecting C compiler ABI info - done
-- Check for working C compiler: /usr/bin/cc - skipped
-- Detecting C compile features
-- Detecting C compile features - done
-- Detecting CXX compiler ABI info
-- Detecting CXX compiler ABI info - done
-- Check for working CXX compiler: /usr/bin/c++ - skipped
-- Detecting CXX compile features
-- Detecting CXX compile features - done
-- Found ament_cmake: 1.3.10 (/opt/ros/humble/share/ament_cmake/cmake)
-- Found Python3: /usr/bin/python3 (found version "3.10.12") found components: Interpreter 
-- Looking for pthread.h
-- Looking for pthread.h - found
-- Performing Test CMAKE_HAVE_LIBC_PTHREAD
-- Performing Test CMAKE_HAVE_LIBC_PTHREAD - Success
-- Found Threads: TRUE  
-- Found franka_hardware: 0.0.0 (/home/user/humble_ws/install/franka_hardware/share/franka_hardware/cmake)
-- Found rosidl_generator_c: 3.1.5 (/opt/ros/humble/share/rosidl_generator_c/cmake)
-- Found rosidl_adapter: 3.1.5 (/opt/ros/humble/share/rosidl_adapter/cmake)
-- Found rosidl_generator_cpp: 3.1.5 (/opt/ros/humble/share/rosidl_generator_cpp/cmake)
-- Using all available rosidl_typesupport_c: rosidl_typesupport_fastrtps_c;rosidl_typesupport_introspection_c
-- Using all available rosidl_typesupport_cpp: rosidl_typesupport_fastrtps_cpp;rosidl_typesupport_introspection_cpp
-- Found rmw_implementation_cmake: 6.1.2 (/opt/ros/humble/share/rmw_implementation_cmake/cmake)
-- Found rmw_fastrtps_cpp: 6.2.7 (/opt/ros/humble/share/rmw_fastrtps_cpp/cmake)
-- Found TinyXML2 via Config file: TinyXML2_DIR-NOTFOUND
-- Found OpenSSL: /usr/lib/x86_64-linux-gnu/libcrypto.so (found version "3.0.2")  
-- Found TinyXML2 via Config file: TinyXML2_DIR-NOTFOUND
-- Found FastRTPS: /opt/ros/humble/include  
-- Found TinyXML2 via Config file: TinyXML2_DIR-NOTFOUND
-- Found TinyXML2 via Config file: TinyXML2_DIR-NOTFOUND
-- Using RMW implementation 'rmw_fastrtps_cpp' as default
-- Found franka_msgs: 0.0.0 (/home/user/humble_ws/install/franka_msgs/share/franka_msgs/cmake)
-- Found controller_interface: 2.44.0 (/opt/ros/humble/share/controller_interface/cmake)
-- Found ament_lint_auto: 0.12.11 (/opt/ros/humble/share/ament_lint_auto/cmake)
-- Added test 'clang_format' to check C / C++ code style
-- Added test 'copyright' to check source files copyright and LICENSE
-- Added test 'cppcheck' to perform static code analysis on C / C++ code
-- Configured cppcheck include dirs: /home/user/humble_ws/src/bimanual_architecture/franka_semantic_components/include
-- Configured cppcheck exclude dirs and/or files: 
-- Added test 'lint_cmake' to check CMake code style
-- Added test 'xmllint' to check XML markup files
-- Configuring done
-- Generating done
-- Build files have been written to: /home/user/humble_ws/build/franka_semantic_components
[ 33%] Building CXX object CMakeFiles/franka_semantic_components.dir/src/franka_robot_state.cpp.o
[ 66%] Building CXX object CMakeFiles/franka_semantic_components.dir/src/franka_robot_model.cpp.o
[100%] Linking CXX shared library libfranka_semantic_components.so
[100%] Built target franka_semantic_components
-- Install configuration: "Release"
-- Installing: /home/user/humble_ws/install/franka_semantic_components/lib/libfranka_semantic_components.so
-- Set runtime path of "/home/user/humble_ws/install/franka_semantic_components/lib/libfranka_semantic_components.so" to ""
-- Installing: /home/user/humble_ws/install/franka_semantic_components/include
-- Installing: /home/user/humble_ws/install/franka_semantic_components/include/franka_semantic_components
-- Installing: /home/user/humble_ws/install/franka_semantic_components/include/franka_semantic_components/franka_robot_state.hpp
-- Installing: /home/user/humble_ws/install/franka_semantic_components/include/franka_semantic_components/franka_robot_model.hpp
-- Installing: /home/user/humble_ws/install/franka_semantic_components/share/franka_semantic_components/environment/library_path.sh
-- Installing: /home/user/humble_ws/install/franka_semantic_components/share/franka_semantic_components/environment/library_path.dsv
-- Installing: /home/user/humble_ws/install/franka_semantic_components/share/ament_index/resource_index/package_run_dependencies/franka_semantic_components
-- Installing: /home/user/humble_ws/install/franka_semantic_components/share/ament_index/resource_index/parent_prefix_path/franka_semantic_components
-- Installing: /home/user/humble_ws/install/franka_semantic_components/share/franka_semantic_components/environment/ament_prefix_path.sh
-- Installing: /home/user/humble_ws/install/franka_semantic_components/share/franka_semantic_components/environment/ament_prefix_path.dsv
-- Installing: /home/user/humble_ws/install/franka_semantic_components/share/franka_semantic_components/environment/path.sh
-- Installing: /home/user/humble_ws/install/franka_semantic_components/share/franka_semantic_components/environment/path.dsv
-- Installing: /home/user/humble_ws/install/franka_semantic_components/share/franka_semantic_components/local_setup.bash
-- Installing: /home/user/humble_ws/install/franka_semantic_components/share/franka_semantic_components/local_setup.sh
-- Installing: /home/user/humble_ws/install/franka_semantic_components/share/franka_semantic_components/local_setup.zsh
-- Installing: /home/user/humble_ws/install/franka_semantic_components/share/franka_semantic_components/local_setup.dsv
-- Installing: /home/user/humble_ws/install/franka_semantic_components/share/franka_semantic_components/package.dsv
-- Installing: /home/user/humble_ws/install/franka_semantic_components/share/ament_index/resource_index/packages/franka_semantic_components
-- Installing: /home/user/humble_ws/install/franka_semantic_components/share/franka_semantic_components/cmake/ament_cmake_export_include_directories-extras.cmake
-- Installing: /home/user/humble_ws/install/franka_semantic_components/share/franka_semantic_components/cmake/ament_cmake_export_libraries-extras.cmake
-- Installing: /home/user/humble_ws/install/franka_semantic_components/share/franka_semantic_components/cmake/ament_cmake_export_dependencies-extras.cmake
-- Installing: /home/user/humble_ws/install/franka_semantic_components/share/franka_semantic_components/cmake/franka_semantic_componentsConfig.cmake
-- Installing: /home/user/humble_ws/install/franka_semantic_components/share/franka_semantic_components/cmake/franka_semantic_componentsConfig-version.cmake
-- Installing: /home/user/humble_ws/install/franka_semantic_components/share/franka_semantic_components/package.xml
