[0.014s] Invoking command in '/home/user/humble_ws/build/franka_semantic_components': AMENT_PREFIX_PATH=/home/user/humble_ws/install/franka_hardware:/home/user/humble_ws/install/franka_msgs:${AMENT_PREFIX_PATH} CMAKE_PREFIX_PATH=/home/user/humble_ws/install/franka_hardware:/home/user/humble_ws/install/franka_msgs:~/Libraries/libfranka/lib/cmake:~/Libraries/mujoco/lib/cmake:/opt/ros/humble LD_LIBRARY_PATH=/home/user/humble_ws/install/franka_hardware/lib:/home/user/humble_ws/install/franka_msgs/lib:${LD_LIBRARY_PATH} PYTHONPATH=/home/user/humble_ws/install/franka_msgs/local/lib/python3.10/dist-packages:${PYTHONPATH} /usr/bin/cmake /home/user/humble_ws/src/bimanual_architecture/franka_semantic_components -DCMAKE_BUILD_TYPE=Release -DCMAKE_INSTALL_PREFIX=/home/user/humble_ws/install/franka_semantic_components
[0.074s] -- The C compiler identification is GNU 11.4.0
[0.125s] -- The CXX compiler identification is GNU 11.4.0
[0.132s] -- Detecting C compiler ABI info
[0.192s] -- Detecting C compiler ABI info - done
[0.197s] -- Check for working C compiler: /usr/bin/cc - skipped
[0.198s] -- Detecting C compile features
[0.198s] -- Detecting C compile features - done
[0.200s] -- Detecting CXX compiler ABI info
[0.271s] -- Detecting CXX compiler ABI info - done
[0.276s] -- Check for working CXX compiler: /usr/bin/c++ - skipped
[0.276s] -- Detecting CXX compile features
[0.277s] -- Detecting CXX compile features - done
[0.279s] -- Found ament_cmake: 1.3.10 (/opt/ros/humble/share/ament_cmake/cmake)
[0.400s] -- Found Python3: /usr/bin/python3 (found version "3.10.12") found components: Interpreter 
[0.492s] -- Looking for pthread.h
[0.559s] -- Looking for pthread.h - found
[0.559s] -- Performing Test CMAKE_HAVE_LIBC_PTHREAD
[0.630s] -- Performing Test CMAKE_HAVE_LIBC_PTHREAD - Success
[0.630s] -- Found Threads: TRUE  
[0.630s] -- Found franka_hardware: 0.0.0 (/home/user/humble_ws/install/franka_hardware/share/franka_hardware/cmake)
[0.664s] -- Found rosidl_generator_c: 3.1.5 (/opt/ros/humble/share/rosidl_generator_c/cmake)
[0.669s] -- Found rosidl_adapter: 3.1.5 (/opt/ros/humble/share/rosidl_adapter/cmake)
[0.676s] -- Found rosidl_generator_cpp: 3.1.5 (/opt/ros/humble/share/rosidl_generator_cpp/cmake)
[0.686s] -- Using all available rosidl_typesupport_c: rosidl_typesupport_fastrtps_c;rosidl_typesupport_introspection_c
[0.699s] -- Using all available rosidl_typesupport_cpp: rosidl_typesupport_fastrtps_cpp;rosidl_typesupport_introspection_cpp
[0.862s] -- Found rmw_implementation_cmake: 6.1.2 (/opt/ros/humble/share/rmw_implementation_cmake/cmake)
[0.865s] -- Found rmw_fastrtps_cpp: 6.2.7 (/opt/ros/humble/share/rmw_fastrtps_cpp/cmake)
[0.887s] -- Found TinyXML2 via Config file: TinyXML2_DIR-NOTFOUND
[0.953s] -- Found OpenSSL: /usr/lib/x86_64-linux-gnu/libcrypto.so (found version "3.0.2")  
[0.956s] -- Found TinyXML2 via Config file: TinyXML2_DIR-NOTFOUND
[0.972s] -- Found FastRTPS: /opt/ros/humble/include  
[0.974s] -- Found TinyXML2 via Config file: TinyXML2_DIR-NOTFOUND
[0.985s] -- Found TinyXML2 via Config file: TinyXML2_DIR-NOTFOUND
[0.990s] -- Using RMW implementation 'rmw_fastrtps_cpp' as default
[1.032s] -- Found franka_msgs: 0.0.0 (/home/user/humble_ws/install/franka_msgs/share/franka_msgs/cmake)
[1.048s] -- Found controller_interface: 2.44.0 (/opt/ros/humble/share/controller_interface/cmake)
[1.067s] -- Found ament_lint_auto: 0.12.11 (/opt/ros/humble/share/ament_lint_auto/cmake)
[1.133s] -- Added test 'clang_format' to check C / C++ code style
[1.134s] -- Added test 'copyright' to check source files copyright and LICENSE
[1.135s] -- Added test 'cppcheck' to perform static code analysis on C / C++ code
[1.135s] -- Configured cppcheck include dirs: /home/user/humble_ws/src/bimanual_architecture/franka_semantic_components/include
[1.136s] -- Configured cppcheck exclude dirs and/or files: 
[1.136s] -- Added test 'lint_cmake' to check CMake code style
[1.137s] -- Added test 'xmllint' to check XML markup files
[1.139s] -- Configuring done
[1.157s] -- Generating done
[1.158s] -- Build files have been written to: /home/user/humble_ws/build/franka_semantic_components
[1.165s] Invoked command in '/home/user/humble_ws/build/franka_semantic_components' returned '0': AMENT_PREFIX_PATH=/home/user/humble_ws/install/franka_hardware:/home/user/humble_ws/install/franka_msgs:${AMENT_PREFIX_PATH} CMAKE_PREFIX_PATH=/home/user/humble_ws/install/franka_hardware:/home/user/humble_ws/install/franka_msgs:~/Libraries/libfranka/lib/cmake:~/Libraries/mujoco/lib/cmake:/opt/ros/humble LD_LIBRARY_PATH=/home/user/humble_ws/install/franka_hardware/lib:/home/user/humble_ws/install/franka_msgs/lib:${LD_LIBRARY_PATH} PYTHONPATH=/home/user/humble_ws/install/franka_msgs/local/lib/python3.10/dist-packages:${PYTHONPATH} /usr/bin/cmake /home/user/humble_ws/src/bimanual_architecture/franka_semantic_components -DCMAKE_BUILD_TYPE=Release -DCMAKE_INSTALL_PREFIX=/home/user/humble_ws/install/franka_semantic_components
[1.166s] Invoking command in '/home/user/humble_ws/build/franka_semantic_components': AMENT_PREFIX_PATH=/home/user/humble_ws/install/franka_hardware:/home/user/humble_ws/install/franka_msgs:${AMENT_PREFIX_PATH} CMAKE_PREFIX_PATH=/home/user/humble_ws/install/franka_hardware:/home/user/humble_ws/install/franka_msgs:~/Libraries/libfranka/lib/cmake:~/Libraries/mujoco/lib/cmake:/opt/ros/humble LD_LIBRARY_PATH=/home/user/humble_ws/install/franka_hardware/lib:/home/user/humble_ws/install/franka_msgs/lib:${LD_LIBRARY_PATH} PYTHONPATH=/home/user/humble_ws/install/franka_msgs/local/lib/python3.10/dist-packages:${PYTHONPATH} /usr/bin/cmake --build /home/user/humble_ws/build/franka_semantic_components -- -j12 -l12
[1.218s] [ 33%] Building CXX object CMakeFiles/franka_semantic_components.dir/src/franka_robot_state.cpp.o
[1.221s] [ 66%] Building CXX object CMakeFiles/franka_semantic_components.dir/src/franka_robot_model.cpp.o
[2.297s] [100%] Linking CXX shared library libfranka_semantic_components.so
[2.420s] [100%] Built target franka_semantic_components
[2.431s] Invoked command in '/home/user/humble_ws/build/franka_semantic_components' returned '0': AMENT_PREFIX_PATH=/home/user/humble_ws/install/franka_hardware:/home/user/humble_ws/install/franka_msgs:${AMENT_PREFIX_PATH} CMAKE_PREFIX_PATH=/home/user/humble_ws/install/franka_hardware:/home/user/humble_ws/install/franka_msgs:~/Libraries/libfranka/lib/cmake:~/Libraries/mujoco/lib/cmake:/opt/ros/humble LD_LIBRARY_PATH=/home/user/humble_ws/install/franka_hardware/lib:/home/user/humble_ws/install/franka_msgs/lib:${LD_LIBRARY_PATH} PYTHONPATH=/home/user/humble_ws/install/franka_msgs/local/lib/python3.10/dist-packages:${PYTHONPATH} /usr/bin/cmake --build /home/user/humble_ws/build/franka_semantic_components -- -j12 -l12
[2.464s] Invoking command in '/home/user/humble_ws/build/franka_semantic_components': AMENT_PREFIX_PATH=/home/user/humble_ws/install/franka_hardware:/home/user/humble_ws/install/franka_msgs:${AMENT_PREFIX_PATH} CMAKE_PREFIX_PATH=/home/user/humble_ws/install/franka_hardware:/home/user/humble_ws/install/franka_msgs:~/Libraries/libfranka/lib/cmake:~/Libraries/mujoco/lib/cmake:/opt/ros/humble LD_LIBRARY_PATH=/home/user/humble_ws/install/franka_hardware/lib:/home/user/humble_ws/install/franka_msgs/lib:${LD_LIBRARY_PATH} PYTHONPATH=/home/user/humble_ws/install/franka_msgs/local/lib/python3.10/dist-packages:${PYTHONPATH} /usr/bin/cmake --install /home/user/humble_ws/build/franka_semantic_components
[2.477s] -- Install configuration: "Release"
[2.477s] -- Installing: /home/user/humble_ws/install/franka_semantic_components/lib/libfranka_semantic_components.so
[2.477s] -- Set runtime path of "/home/user/humble_ws/install/franka_semantic_components/lib/libfranka_semantic_components.so" to ""
[2.478s] -- Installing: /home/user/humble_ws/install/franka_semantic_components/include
[2.478s] -- Installing: /home/user/humble_ws/install/franka_semantic_components/include/franka_semantic_components
[2.478s] -- Installing: /home/user/humble_ws/install/franka_semantic_components/include/franka_semantic_components/franka_robot_state.hpp
[2.478s] -- Installing: /home/user/humble_ws/install/franka_semantic_components/include/franka_semantic_components/franka_robot_model.hpp
[2.479s] -- Installing: /home/user/humble_ws/install/franka_semantic_components/share/franka_semantic_components/environment/library_path.sh
[2.479s] -- Installing: /home/user/humble_ws/install/franka_semantic_components/share/franka_semantic_components/environment/library_path.dsv
[2.480s] -- Installing: /home/user/humble_ws/install/franka_semantic_components/share/ament_index/resource_index/package_run_dependencies/franka_semantic_components
[2.480s] -- Installing: /home/user/humble_ws/install/franka_semantic_components/share/ament_index/resource_index/parent_prefix_path/franka_semantic_components
[2.480s] -- Installing: /home/user/humble_ws/install/franka_semantic_components/share/franka_semantic_components/environment/ament_prefix_path.sh
[2.480s] -- Installing: /home/user/humble_ws/install/franka_semantic_components/share/franka_semantic_components/environment/ament_prefix_path.dsv
[2.480s] -- Installing: /home/user/humble_ws/install/franka_semantic_components/share/franka_semantic_components/environment/path.sh
[2.480s] -- Installing: /home/user/humble_ws/install/franka_semantic_components/share/franka_semantic_components/environment/path.dsv
[2.481s] -- Installing: /home/user/humble_ws/install/franka_semantic_components/share/franka_semantic_components/local_setup.bash
[2.481s] -- Installing: /home/user/humble_ws/install/franka_semantic_components/share/franka_semantic_components/local_setup.sh
[2.481s] -- Installing: /home/user/humble_ws/install/franka_semantic_components/share/franka_semantic_components/local_setup.zsh
[2.481s] -- Installing: /home/user/humble_ws/install/franka_semantic_components/share/franka_semantic_components/local_setup.dsv
[2.481s] -- Installing: /home/user/humble_ws/install/franka_semantic_components/share/franka_semantic_components/package.dsv
[2.481s] -- Installing: /home/user/humble_ws/install/franka_semantic_components/share/ament_index/resource_index/packages/franka_semantic_components
[2.482s] -- Installing: /home/user/humble_ws/install/franka_semantic_components/share/franka_semantic_components/cmake/ament_cmake_export_include_directories-extras.cmake
[2.482s] -- Installing: /home/user/humble_ws/install/franka_semantic_components/share/franka_semantic_components/cmake/ament_cmake_export_libraries-extras.cmake
[2.482s] -- Installing: /home/user/humble_ws/install/franka_semantic_components/share/franka_semantic_components/cmake/ament_cmake_export_dependencies-extras.cmake
[2.482s] -- Installing: /home/user/humble_ws/install/franka_semantic_components/share/franka_semantic_components/cmake/franka_semantic_componentsConfig.cmake
[2.482s] -- Installing: /home/user/humble_ws/install/franka_semantic_components/share/franka_semantic_components/cmake/franka_semantic_componentsConfig-version.cmake
[2.482s] -- Installing: /home/user/humble_ws/install/franka_semantic_components/share/franka_semantic_components/package.xml
[2.484s] Invoked command in '/home/user/humble_ws/build/franka_semantic_components' returned '0': AMENT_PREFIX_PATH=/home/user/humble_ws/install/franka_hardware:/home/user/humble_ws/install/franka_msgs:${AMENT_PREFIX_PATH} CMAKE_PREFIX_PATH=/home/user/humble_ws/install/franka_hardware:/home/user/humble_ws/install/franka_msgs:~/Libraries/libfranka/lib/cmake:~/Libraries/mujoco/lib/cmake:/opt/ros/humble LD_LIBRARY_PATH=/home/user/humble_ws/install/franka_hardware/lib:/home/user/humble_ws/install/franka_msgs/lib:${LD_LIBRARY_PATH} PYTHONPATH=/home/user/humble_ws/install/franka_msgs/local/lib/python3.10/dist-packages:${PYTHONPATH} /usr/bin/cmake --install /home/user/humble_ws/build/franka_semantic_components
