-- Found ament_cmake: 1.3.10 (/opt/ros/humble/share/ament_cmake/cmake)
-- Found builtin_interfaces: 1.2.1 (/opt/ros/humble/share/builtin_interfaces/cmake)
-- Found rosidl_generator_c: 3.1.5 (/opt/ros/humble/share/rosidl_generator_c/cmake)
-- Found rosidl_adapter: 3.1.5 (/opt/ros/humble/share/rosidl_adapter/cmake)
-- Found rosidl_generator_cpp: 3.1.5 (/opt/ros/humble/share/rosidl_generator_cpp/cmake)
-- Using all available rosidl_typesupport_c: rosidl_typesupport_fastrtps_c;rosidl_typesupport_introspection_c
-- Using all available rosidl_typesupport_cpp: rosidl_typesupport_fastrtps_cpp;rosidl_typesupport_introspection_cpp
-- Found control_msgs: 4.7.0 (/opt/ros/humble/share/control_msgs/cmake)
-- Found controller_interface: 2.44.0 (/opt/ros/humble/share/controller_interface/cmake)
-- Found rmw_implementation_cmake: 6.1.2 (/opt/ros/humble/share/rmw_implementation_cmake/cmake)
-- Found rmw_fastrtps_cpp: 6.2.7 (/opt/ros/humble/share/rmw_fastrtps_cpp/cmake)
-- Found TinyXML2 via Config file: TinyXML2_DIR-NOTFOUND
-- Found TinyXML2 via Config file: TinyXML2_DIR-NOTFOUND
-- Found TinyXML2 via Config file: TinyXML2_DIR-NOTFOUND
-- Found TinyXML2 via Config file: TinyXML2_DIR-NOTFOUND
-- Using RMW implementation 'rmw_fastrtps_cpp' as default
-- Found controller_manager: 2.44.0 (/opt/ros/humble/share/controller_manager/cmake)
-- Found franka_msgs: 0.0.0 (/home/user/humble_ws/install/franka_msgs/share/franka_msgs/cmake)
-- Found franka_semantic_components: 0.0.0 (/home/user/humble_ws/install/franka_semantic_components/share/franka_semantic_components/cmake)
-- Found generate_parameter_library: 0.3.9 (/opt/ros/humble/share/generate_parameter_library/cmake)
-- Found parameter_traits: 0.3.9 (/opt/ros/humble/share/parameter_traits/cmake)
-- Found ament_lint_auto: 0.12.11 (/opt/ros/humble/share/ament_lint_auto/cmake)
-- Configuring done
-- Generating done
-- Build files have been written to: /home/user/humble_ws/build/franka_robot_state_broadcaster
[ 25%] Built target franka_robot_state_broadcaster_parameters
[35m[1mConsolidate compiler generated dependencies of target franka_robot_state_broadcaster[0m
[100%] Built target franka_robot_state_broadcaster
-- Install configuration: "Release"
-- Up-to-date: /home/user/humble_ws/install/franka_robot_state_broadcaster/include/franka_robot_state_broadcaster_parameters
-- Up-to-date: /home/user/humble_ws/install/franka_robot_state_broadcaster/include/franka_robot_state_broadcaster_parameters/franka_robot_state_broadcaster_parameters.hpp
-- Up-to-date: /home/user/humble_ws/install/franka_robot_state_broadcaster/share/franka_robot_state_broadcaster/franka_robot_state_broadcaster.xml
-- Up-to-date: /home/user/humble_ws/install/franka_robot_state_broadcaster/lib/libfranka_robot_state_broadcaster.so
-- Up-to-date: /home/user/humble_ws/install/franka_robot_state_broadcaster/include
-- Up-to-date: /home/user/humble_ws/install/franka_robot_state_broadcaster/include/franka_robot_state_broadcaster
-- Up-to-date: /home/user/humble_ws/install/franka_robot_state_broadcaster/include/franka_robot_state_broadcaster/franka_robot_state_broadcaster.hpp
-- Up-to-date: /home/user/humble_ws/install/franka_robot_state_broadcaster/include/franka_robot_state_broadcaster/franka_robot_model_broadcaster.hpp
-- Up-to-date: /home/user/humble_ws/install/franka_robot_state_broadcaster/share/franka_robot_state_broadcaster/environment/library_path.sh
-- Installing: /home/user/humble_ws/install/franka_robot_state_broadcaster/share/franka_robot_state_broadcaster/environment/library_path.dsv
-- Up-to-date: /home/user/humble_ws/install/franka_robot_state_broadcaster/share/ament_index/resource_index/package_run_dependencies/franka_robot_state_broadcaster
-- Installing: /home/user/humble_ws/install/franka_robot_state_broadcaster/share/ament_index/resource_index/parent_prefix_path/franka_robot_state_broadcaster
-- Up-to-date: /home/user/humble_ws/install/franka_robot_state_broadcaster/share/franka_robot_state_broadcaster/environment/ament_prefix_path.sh
-- Installing: /home/user/humble_ws/install/franka_robot_state_broadcaster/share/franka_robot_state_broadcaster/environment/ament_prefix_path.dsv
-- Up-to-date: /home/user/humble_ws/install/franka_robot_state_broadcaster/share/franka_robot_state_broadcaster/environment/path.sh
-- Installing: /home/user/humble_ws/install/franka_robot_state_broadcaster/share/franka_robot_state_broadcaster/environment/path.dsv
-- Up-to-date: /home/user/humble_ws/install/franka_robot_state_broadcaster/share/franka_robot_state_broadcaster/local_setup.bash
-- Up-to-date: /home/user/humble_ws/install/franka_robot_state_broadcaster/share/franka_robot_state_broadcaster/local_setup.sh
-- Up-to-date: /home/user/humble_ws/install/franka_robot_state_broadcaster/share/franka_robot_state_broadcaster/local_setup.zsh
-- Installing: /home/user/humble_ws/install/franka_robot_state_broadcaster/share/franka_robot_state_broadcaster/local_setup.dsv
-- Installing: /home/user/humble_ws/install/franka_robot_state_broadcaster/share/franka_robot_state_broadcaster/package.dsv
-- Up-to-date: /home/user/humble_ws/install/franka_robot_state_broadcaster/share/ament_index/resource_index/packages/franka_robot_state_broadcaster
-- Up-to-date: /home/user/humble_ws/install/franka_robot_state_broadcaster/share/ament_index/resource_index/controller_interface__pluginlib__plugin/franka_robot_state_broadcaster
-- Up-to-date: /home/user/humble_ws/install/franka_robot_state_broadcaster/share/franka_robot_state_broadcaster/cmake/ament_cmake_export_include_directories-extras.cmake
-- Up-to-date: /home/user/humble_ws/install/franka_robot_state_broadcaster/share/franka_robot_state_broadcaster/cmake/ament_cmake_export_libraries-extras.cmake
-- Up-to-date: /home/user/humble_ws/install/franka_robot_state_broadcaster/share/franka_robot_state_broadcaster/cmake/ament_cmake_export_dependencies-extras.cmake
-- Up-to-date: /home/user/humble_ws/install/franka_robot_state_broadcaster/share/franka_robot_state_broadcaster/cmake/franka_robot_state_broadcasterConfig.cmake
-- Up-to-date: /home/user/humble_ws/install/franka_robot_state_broadcaster/share/franka_robot_state_broadcaster/cmake/franka_robot_state_broadcasterConfig-version.cmake
-- Up-to-date: /home/user/humble_ws/install/franka_robot_state_broadcaster/share/franka_robot_state_broadcaster/package.xml
