-- Found ament_cmake: 1.3.10 (/opt/ros/humble/share/ament_cmake/cmake)
-- Found rclcpp: 16.0.10 (/opt/ros/humble/share/rclcpp/cmake)
-- Found rosidl_generator_c: 3.1.5 (/opt/ros/humble/share/rosidl_generator_c/cmake)
-- Found rosidl_adapter: 3.1.5 (/opt/ros/humble/share/rosidl_adapter/cmake)
-- Found rosidl_generator_cpp: 3.1.5 (/opt/ros/humble/share/rosidl_generator_cpp/cmake)
-- Using all available rosidl_typesupport_c: rosidl_typesupport_fastrtps_c;rosidl_typesupport_introspection_c
-- Using all available rosidl_typesupport_cpp: rosidl_typesupport_fastrtps_cpp;rosidl_typesupport_introspection_cpp
-- Found rmw_implementation_cmake: 6.1.2 (/opt/ros/humble/share/rmw_implementation_cmake/cmake)
-- Found rmw_fastrtps_cpp: 6.2.7 (/opt/ros/humble/share/rmw_fastrtps_cpp/cmake)
-- Using RMW implementation 'rmw_fastrtps_cpp' as default
-- Found controller_interface: 2.44.0 (/opt/ros/humble/share/controller_interface/cmake)
-- Found generate_parameter_library: 0.3.9 (/opt/ros/humble/share/generate_parameter_library/cmake)
-- Found parameter_traits: 0.3.9 (/opt/ros/humble/share/parameter_traits/cmake)
-- Found nav_msgs: 4.2.4 (/opt/ros/humble/share/nav_msgs/cmake)
-- Found ament_lint_auto: 0.12.11 (/opt/ros/humble/share/ament_lint_auto/cmake)
-- Added test 'cppcheck' to perform static code analysis on C / C++ code
-- Configured cppcheck include dirs: /home/user/humble_ws/src/bimanual_architecture/garmi_controllers/include
-- Configured cppcheck exclude dirs and/or files: 
-- Added test 'lint_cmake' to check CMake code style
-- Added test 'uncrustify' to check C / C++ code style
-- Configured uncrustify additional arguments: 
-- Added test 'xmllint' to check XML markup files
-- Configuring done
-- Generating done
-- Build files have been written to: /home/user/humble_ws/build/garmi_controllers
[35m[1mConsolidate compiler generated dependencies of target garmi_controllers[0m
[100%] Built target garmi_controllers
-- Install configuration: "Release"
-- Up-to-date: /home/user/humble_ws/install/garmi_controllers/share/garmi_controllers/garmi_controllers.xml
-- Up-to-date: /home/user/humble_ws/install/garmi_controllers/lib/libgarmi_controllers.so
-- Up-to-date: /home/user/humble_ws/install/garmi_controllers/include
-- Up-to-date: /home/user/humble_ws/install/garmi_controllers/include/garmi_controllers
-- Up-to-date: /home/user/humble_ws/install/garmi_controllers/include/garmi_controllers/mobile_base_controller.hpp
-- Up-to-date: /home/user/humble_ws/install/garmi_controllers/share/garmi_controllers/environment/library_path.sh
-- Installing: /home/user/humble_ws/install/garmi_controllers/share/garmi_controllers/environment/library_path.dsv
-- Up-to-date: /home/user/humble_ws/install/garmi_controllers/share/ament_index/resource_index/package_run_dependencies/garmi_controllers
-- Installing: /home/user/humble_ws/install/garmi_controllers/share/ament_index/resource_index/parent_prefix_path/garmi_controllers
-- Up-to-date: /home/user/humble_ws/install/garmi_controllers/share/garmi_controllers/environment/ament_prefix_path.sh
-- Installing: /home/user/humble_ws/install/garmi_controllers/share/garmi_controllers/environment/ament_prefix_path.dsv
-- Up-to-date: /home/user/humble_ws/install/garmi_controllers/share/garmi_controllers/environment/path.sh
-- Installing: /home/user/humble_ws/install/garmi_controllers/share/garmi_controllers/environment/path.dsv
-- Up-to-date: /home/user/humble_ws/install/garmi_controllers/share/garmi_controllers/local_setup.bash
-- Up-to-date: /home/user/humble_ws/install/garmi_controllers/share/garmi_controllers/local_setup.sh
-- Up-to-date: /home/user/humble_ws/install/garmi_controllers/share/garmi_controllers/local_setup.zsh
-- Installing: /home/user/humble_ws/install/garmi_controllers/share/garmi_controllers/local_setup.dsv
-- Installing: /home/user/humble_ws/install/garmi_controllers/share/garmi_controllers/package.dsv
-- Up-to-date: /home/user/humble_ws/install/garmi_controllers/share/ament_index/resource_index/packages/garmi_controllers
-- Up-to-date: /home/user/humble_ws/install/garmi_controllers/share/ament_index/resource_index/controller_interface__pluginlib__plugin/garmi_controllers
-- Up-to-date: /home/user/humble_ws/install/garmi_controllers/share/garmi_controllers/cmake/ament_cmake_export_include_directories-extras.cmake
-- Up-to-date: /home/user/humble_ws/install/garmi_controllers/share/garmi_controllers/cmake/ament_cmake_export_libraries-extras.cmake
-- Up-to-date: /home/user/humble_ws/install/garmi_controllers/share/garmi_controllers/cmake/ament_cmake_export_dependencies-extras.cmake
-- Up-to-date: /home/user/humble_ws/install/garmi_controllers/share/garmi_controllers/cmake/garmi_controllersConfig.cmake
-- Up-to-date: /home/user/humble_ws/install/garmi_controllers/share/garmi_controllers/cmake/garmi_controllersConfig-version.cmake
-- Up-to-date: /home/user/humble_ws/install/garmi_controllers/share/garmi_controllers/package.xml
