[0.029s] Invoking command in '/home/user/humble_ws/build/garmi_controllers': CMAKE_PREFIX_PATH=${CMAKE_PREFIX_PATH}:/opt/ros/humble /usr/bin/cmake /home/user/humble_ws/src/bimanual_architecture/garmi_controllers -DCMAKE_INSTALL_PREFIX=/home/user/humble_ws/install/garmi_controllers
[0.045s] -- Found ament_cmake: 1.3.10 (/opt/ros/humble/share/ament_cmake/cmake)
[0.233s] -- Found rclcpp: 16.0.10 (/opt/ros/humble/share/rclcpp/cmake)
[0.281s] -- Found rosidl_generator_c: 3.1.5 (/opt/ros/humble/share/rosidl_generator_c/cmake)
[0.286s] -- Found rosidl_adapter: 3.1.5 (/opt/ros/humble/share/rosidl_adapter/cmake)
[0.296s] -- Found rosidl_generator_cpp: 3.1.5 (/opt/ros/humble/share/rosidl_generator_cpp/cmake)
[0.315s] -- Using all available rosidl_typesupport_c: rosidl_typesupport_fastrtps_c;rosidl_typesupport_introspection_c
[0.339s] -- Using all available rosidl_typesupport_cpp: rosidl_typesupport_fastrtps_cpp;rosidl_typesupport_introspection_cpp
[0.401s] -- Found rmw_implementation_cmake: 6.1.2 (/opt/ros/humble/share/rmw_implementation_cmake/cmake)
[0.404s] -- Found rmw_fastrtps_cpp: 6.2.7 (/opt/ros/humble/share/rmw_fastrtps_cpp/cmake)
[0.577s] -- Using RMW implementation 'rmw_fastrtps_cpp' as default
[0.633s] -- Found controller_interface: 2.44.0 (/opt/ros/humble/share/controller_interface/cmake)
[0.794s] -- Found generate_parameter_library: 0.3.9 (/opt/ros/humble/share/generate_parameter_library/cmake)
[0.795s] -- Found parameter_traits: 0.3.9 (/opt/ros/humble/share/parameter_traits/cmake)
[0.805s] -- Found nav_msgs: 4.2.4 (/opt/ros/humble/share/nav_msgs/cmake)
[0.842s] -- Found ament_lint_auto: 0.12.11 (/opt/ros/humble/share/ament_lint_auto/cmake)
[0.986s] -- Added test 'cppcheck' to perform static code analysis on C / C++ code
[0.986s] -- Configured cppcheck include dirs: /home/user/humble_ws/src/bimanual_architecture/garmi_controllers/include
[0.986s] -- Configured cppcheck exclude dirs and/or files: 
[0.987s] -- Added test 'lint_cmake' to check CMake code style
[0.990s] -- Added test 'uncrustify' to check C / C++ code style
[0.990s] -- Configured uncrustify additional arguments: 
[0.991s] -- Added test 'xmllint' to check XML markup files
[1.016s] -- Configuring done
[1.078s] -- Generating done
[1.081s] -- Build files have been written to: /home/user/humble_ws/build/garmi_controllers
[1.093s] Invoked command in '/home/user/humble_ws/build/garmi_controllers' returned '0': CMAKE_PREFIX_PATH=${CMAKE_PREFIX_PATH}:/opt/ros/humble /usr/bin/cmake /home/user/humble_ws/src/bimanual_architecture/garmi_controllers -DCMAKE_INSTALL_PREFIX=/home/user/humble_ws/install/garmi_controllers
[1.095s] Invoking command in '/home/user/humble_ws/build/garmi_controllers': CMAKE_PREFIX_PATH=${CMAKE_PREFIX_PATH}:/opt/ros/humble /usr/bin/cmake --build /home/user/humble_ws/build/garmi_controllers -- -j12 -l12
[1.167s] [35m[1mConsolidate compiler generated dependencies of target garmi_controllers[0m
[1.194s] [100%] Built target garmi_controllers
[1.207s] Invoked command in '/home/user/humble_ws/build/garmi_controllers' returned '0': CMAKE_PREFIX_PATH=${CMAKE_PREFIX_PATH}:/opt/ros/humble /usr/bin/cmake --build /home/user/humble_ws/build/garmi_controllers -- -j12 -l12
[1.258s] Invoking command in '/home/user/humble_ws/build/garmi_controllers': CMAKE_PREFIX_PATH=${CMAKE_PREFIX_PATH}:/opt/ros/humble /usr/bin/cmake --install /home/user/humble_ws/build/garmi_controllers
[1.267s] -- Install configuration: "Release"
[1.267s] -- Up-to-date: /home/user/humble_ws/install/garmi_controllers/share/garmi_controllers/garmi_controllers.xml
[1.268s] -- Up-to-date: /home/user/humble_ws/install/garmi_controllers/lib/libgarmi_controllers.so
[1.271s] -- Up-to-date: /home/user/humble_ws/install/garmi_controllers/include
[1.271s] -- Up-to-date: /home/user/humble_ws/install/garmi_controllers/include/garmi_controllers
[1.271s] -- Up-to-date: /home/user/humble_ws/install/garmi_controllers/include/garmi_controllers/mobile_base_controller.hpp
[1.272s] -- Up-to-date: /home/user/humble_ws/install/garmi_controllers/share/garmi_controllers/environment/library_path.sh
[1.273s] -- Installing: /home/user/humble_ws/install/garmi_controllers/share/garmi_controllers/environment/library_path.dsv
[1.273s] -- Up-to-date: /home/user/humble_ws/install/garmi_controllers/share/ament_index/resource_index/package_run_dependencies/garmi_controllers
[1.274s] -- Installing: /home/user/humble_ws/install/garmi_controllers/share/ament_index/resource_index/parent_prefix_path/garmi_controllers
[1.274s] -- Up-to-date: /home/user/humble_ws/install/garmi_controllers/share/garmi_controllers/environment/ament_prefix_path.sh
[1.275s] -- Installing: /home/user/humble_ws/install/garmi_controllers/share/garmi_controllers/environment/ament_prefix_path.dsv
[1.276s] -- Up-to-date: /home/user/humble_ws/install/garmi_controllers/share/garmi_controllers/environment/path.sh
[1.277s] -- Installing: /home/user/humble_ws/install/garmi_controllers/share/garmi_controllers/environment/path.dsv
[1.278s] -- Up-to-date: /home/user/humble_ws/install/garmi_controllers/share/garmi_controllers/local_setup.bash
[1.279s] -- Up-to-date: /home/user/humble_ws/install/garmi_controllers/share/garmi_controllers/local_setup.sh
[1.280s] -- Up-to-date: /home/user/humble_ws/install/garmi_controllers/share/garmi_controllers/local_setup.zsh
[1.282s] -- Installing: /home/user/humble_ws/install/garmi_controllers/share/garmi_controllers/local_setup.dsv
[1.282s] -- Installing: /home/user/humble_ws/install/garmi_controllers/share/garmi_controllers/package.dsv
[1.283s] -- Up-to-date: /home/user/humble_ws/install/garmi_controllers/share/ament_index/resource_index/packages/garmi_controllers
[1.283s] -- Up-to-date: /home/user/humble_ws/install/garmi_controllers/share/ament_index/resource_index/controller_interface__pluginlib__plugin/garmi_controllers
[1.285s] -- Up-to-date: /home/user/humble_ws/install/garmi_controllers/share/garmi_controllers/cmake/ament_cmake_export_include_directories-extras.cmake
[1.286s] -- Up-to-date: /home/user/humble_ws/install/garmi_controllers/share/garmi_controllers/cmake/ament_cmake_export_libraries-extras.cmake
[1.287s] -- Up-to-date: /home/user/humble_ws/install/garmi_controllers/share/garmi_controllers/cmake/ament_cmake_export_dependencies-extras.cmake
[1.288s] -- Up-to-date: /home/user/humble_ws/install/garmi_controllers/share/garmi_controllers/cmake/garmi_controllersConfig.cmake
[1.288s] -- Up-to-date: /home/user/humble_ws/install/garmi_controllers/share/garmi_controllers/cmake/garmi_controllersConfig-version.cmake
[1.289s] -- Up-to-date: /home/user/humble_ws/install/garmi_controllers/share/garmi_controllers/package.xml
[1.293s] Invoked command in '/home/user/humble_ws/build/garmi_controllers' returned '0': CMAKE_PREFIX_PATH=${CMAKE_PREFIX_PATH}:/opt/ros/humble /usr/bin/cmake --install /home/user/humble_ws/build/garmi_controllers
