[0.080s] Invoking command in '/home/user/humble_ws/build/franka_gripper': CMAKE_PREFIX_PATH=/home/user/humble_ws/install/franka_msgs:/home/user/humble_ws/install/panda_motion_generators:/home/user/humble_ws/install/panda_motion_generator_msgs:/home/user/humble_ws/install/multi_mode_controller_impl:/home/user/humble_ws/install/multi_mode_controller:/home/user/humble_ws/install/multi_mode_control_msgs:/home/user/humble_ws/install/garmi_controllers:/home/user/humble_ws/install/franka_robot_state_broadcaster:/home/user/humble_ws/install/franka_example_controllers:/home/user/humble_ws/install/franka_semantic_components:/home/user/humble_ws/install/franka_moveit_config:/home/user/humble_ws/install/franka_bringup:/home/user/humble_ws/install/franka_hardware:/home/user/humble_ws/install/franka_gripper:/home/user/humble_ws/install/franka_control2:/home/user/humble_ws/install/franka_description:/home/user/Libraries/libfranka/lib/cmake:/home/user/Libraries/mujoco/lib/cmake:/opt/ros/humble LD_LIBRARY_PATH=/home/user/humble_ws/install/franka_msgs/lib:/home/user/humble_ws/install/panda_motion_generators/lib:/home/user/humble_ws/install/panda_motion_generator_msgs/lib:/home/user/humble_ws/install/multi_mode_controller_impl/lib:/home/user/humble_ws/install/multi_mode_controller/lib:/home/user/humble_ws/install/multi_mode_control_msgs/lib:/home/user/humble_ws/install/garmi_controllers/lib:/home/user/humble_ws/install/franka_robot_state_broadcaster/lib:/home/user/humble_ws/install/franka_example_controllers/lib:/home/user/humble_ws/install/franka_semantic_components/lib:/home/user/humble_ws/install/franka_hardware/lib:/home/user/humble_ws/install/franka_gripper/lib:/opt/ros/humble/opt/rviz_ogre_vendor/lib:/opt/ros/humble/lib/x86_64-linux-gnu:/opt/ros/humble/lib:/home/user/Libraries/libfranka/lib:/home/user/Libraries/mujoco/lib /usr/bin/cmake --build /home/user/humble_ws/build/franka_gripper -- -j12 -l12
[0.242s] [ 50%] Built target franka_gripper_node
[0.262s] [100%] Built target gripper_server
[0.265s] [100%] Built target ament_cmake_python_copy_franka_gripper
[0.737s] running egg_info
[0.740s] writing franka_gripper.egg-info/PKG-INFO
[0.741s] writing dependency_links to franka_gripper.egg-info/dependency_links.txt
[0.741s] writing top-level names to franka_gripper.egg-info/top_level.txt
[0.750s] reading manifest file 'franka_gripper.egg-info/SOURCES.txt'
[0.750s] writing manifest file 'franka_gripper.egg-info/SOURCES.txt'
[0.817s] [100%] Built target ament_cmake_python_build_franka_gripper_egg
[0.849s] Invoked command in '/home/user/humble_ws/build/franka_gripper' returned '0': CMAKE_PREFIX_PATH=/home/user/humble_ws/install/franka_msgs:/home/user/humble_ws/install/panda_motion_generators:/home/user/humble_ws/install/panda_motion_generator_msgs:/home/user/humble_ws/install/multi_mode_controller_impl:/home/user/humble_ws/install/multi_mode_controller:/home/user/humble_ws/install/multi_mode_control_msgs:/home/user/humble_ws/install/garmi_controllers:/home/user/humble_ws/install/franka_robot_state_broadcaster:/home/user/humble_ws/install/franka_example_controllers:/home/user/humble_ws/install/franka_semantic_components:/home/user/humble_ws/install/franka_moveit_config:/home/user/humble_ws/install/franka_bringup:/home/user/humble_ws/install/franka_hardware:/home/user/humble_ws/install/franka_gripper:/home/user/humble_ws/install/franka_control2:/home/user/humble_ws/install/franka_description:/home/user/Libraries/libfranka/lib/cmake:/home/user/Libraries/mujoco/lib/cmake:/opt/ros/humble LD_LIBRARY_PATH=/home/user/humble_ws/install/franka_msgs/lib:/home/user/humble_ws/install/panda_motion_generators/lib:/home/user/humble_ws/install/panda_motion_generator_msgs/lib:/home/user/humble_ws/install/multi_mode_controller_impl/lib:/home/user/humble_ws/install/multi_mode_controller/lib:/home/user/humble_ws/install/multi_mode_control_msgs/lib:/home/user/humble_ws/install/garmi_controllers/lib:/home/user/humble_ws/install/franka_robot_state_broadcaster/lib:/home/user/humble_ws/install/franka_example_controllers/lib:/home/user/humble_ws/install/franka_semantic_components/lib:/home/user/humble_ws/install/franka_hardware/lib:/home/user/humble_ws/install/franka_gripper/lib:/opt/ros/humble/opt/rviz_ogre_vendor/lib:/opt/ros/humble/lib/x86_64-linux-gnu:/opt/ros/humble/lib:/home/user/Libraries/libfranka/lib:/home/user/Libraries/mujoco/lib /usr/bin/cmake --build /home/user/humble_ws/build/franka_gripper -- -j12 -l12
[0.962s] Invoking command in '/home/user/humble_ws/build/franka_gripper': CMAKE_PREFIX_PATH=/home/user/humble_ws/install/franka_msgs:/home/user/humble_ws/install/panda_motion_generators:/home/user/humble_ws/install/panda_motion_generator_msgs:/home/user/humble_ws/install/multi_mode_controller_impl:/home/user/humble_ws/install/multi_mode_controller:/home/user/humble_ws/install/multi_mode_control_msgs:/home/user/humble_ws/install/garmi_controllers:/home/user/humble_ws/install/franka_robot_state_broadcaster:/home/user/humble_ws/install/franka_example_controllers:/home/user/humble_ws/install/franka_semantic_components:/home/user/humble_ws/install/franka_moveit_config:/home/user/humble_ws/install/franka_bringup:/home/user/humble_ws/install/franka_hardware:/home/user/humble_ws/install/franka_gripper:/home/user/humble_ws/install/franka_control2:/home/user/humble_ws/install/franka_description:/home/user/Libraries/libfranka/lib/cmake:/home/user/Libraries/mujoco/lib/cmake:/opt/ros/humble LD_LIBRARY_PATH=/home/user/humble_ws/install/franka_msgs/lib:/home/user/humble_ws/install/panda_motion_generators/lib:/home/user/humble_ws/install/panda_motion_generator_msgs/lib:/home/user/humble_ws/install/multi_mode_controller_impl/lib:/home/user/humble_ws/install/multi_mode_controller/lib:/home/user/humble_ws/install/multi_mode_control_msgs/lib:/home/user/humble_ws/install/garmi_controllers/lib:/home/user/humble_ws/install/franka_robot_state_broadcaster/lib:/home/user/humble_ws/install/franka_example_controllers/lib:/home/user/humble_ws/install/franka_semantic_components/lib:/home/user/humble_ws/install/franka_hardware/lib:/home/user/humble_ws/install/franka_gripper/lib:/opt/ros/humble/opt/rviz_ogre_vendor/lib:/opt/ros/humble/lib/x86_64-linux-gnu:/opt/ros/humble/lib:/home/user/Libraries/libfranka/lib:/home/user/Libraries/mujoco/lib /usr/bin/cmake --install /home/user/humble_ws/build/franka_gripper
[0.990s] -- Install configuration: "Release"
[0.991s] -- Up-to-date: /home/user/humble_ws/install/franka_gripper/lib/franka_gripper/franka_gripper_node
[0.992s] -- Up-to-date: /home/user/humble_ws/install/franka_gripper/lib/libgripper_server.so
[0.993s] -- Up-to-date: /home/user/humble_ws/install/franka_gripper/share/franka_gripper//launch
[0.993s] -- Up-to-date: /home/user/humble_ws/install/franka_gripper/share/franka_gripper//launch/gripper.launch.py
[0.993s] -- Up-to-date: /home/user/humble_ws/install/franka_gripper/share/franka_gripper//config
[0.994s] -- Up-to-date: /home/user/humble_ws/install/franka_gripper/share/franka_gripper//config/franka_gripper_node.yaml
[0.994s] -- Up-to-date: /home/user/humble_ws/install/franka_gripper/share/franka_gripper/environment/pythonpath.sh
[0.995s] -- Up-to-date: /home/user/humble_ws/install/franka_gripper/share/franka_gripper/environment/pythonpath.dsv
[0.995s] -- Up-to-date: /home/user/humble_ws/install/franka_gripper/local/lib/python3.10/dist-packages/franka_gripper-0.0.0-py3.10.egg-info
[0.995s] -- Installing: /home/user/humble_ws/install/franka_gripper/local/lib/python3.10/dist-packages/franka_gripper-0.0.0-py3.10.egg-info/top_level.txt
[0.995s] -- Installing: /home/user/humble_ws/install/franka_gripper/local/lib/python3.10/dist-packages/franka_gripper-0.0.0-py3.10.egg-info/dependency_links.txt
[0.996s] -- Installing: /home/user/humble_ws/install/franka_gripper/local/lib/python3.10/dist-packages/franka_gripper-0.0.0-py3.10.egg-info/SOURCES.txt
[0.996s] -- Installing: /home/user/humble_ws/install/franka_gripper/local/lib/python3.10/dist-packages/franka_gripper-0.0.0-py3.10.egg-info/PKG-INFO
[0.997s] -- Up-to-date: /home/user/humble_ws/install/franka_gripper/local/lib/python3.10/dist-packages/franka_gripper
[0.997s] -- Up-to-date: /home/user/humble_ws/install/franka_gripper/local/lib/python3.10/dist-packages/franka_gripper/__init__.py
[1.061s] Listing '/home/user/humble_ws/install/franka_gripper/local/lib/python3.10/dist-packages/franka_gripper'...
[1.069s] -- Up-to-date: /home/user/humble_ws/install/franka_gripper/lib/franka_gripper/fake_gripper_state_publisher.py
[1.070s] -- Up-to-date: /home/user/humble_ws/install/franka_gripper/share/ament_index/resource_index/package_run_dependencies/franka_gripper
[1.070s] -- Up-to-date: /home/user/humble_ws/install/franka_gripper/share/ament_index/resource_index/parent_prefix_path/franka_gripper
[1.071s] -- Up-to-date: /home/user/humble_ws/install/franka_gripper/share/franka_gripper/environment/ament_prefix_path.sh
[1.071s] -- Up-to-date: /home/user/humble_ws/install/franka_gripper/share/franka_gripper/environment/ament_prefix_path.dsv
[1.071s] -- Up-to-date: /home/user/humble_ws/install/franka_gripper/share/franka_gripper/environment/path.sh
[1.071s] -- Up-to-date: /home/user/humble_ws/install/franka_gripper/share/franka_gripper/environment/path.dsv
[1.072s] -- Up-to-date: /home/user/humble_ws/install/franka_gripper/share/franka_gripper/local_setup.bash
[1.072s] -- Up-to-date: /home/user/humble_ws/install/franka_gripper/share/franka_gripper/local_setup.sh
[1.072s] -- Up-to-date: /home/user/humble_ws/install/franka_gripper/share/franka_gripper/local_setup.zsh
[1.072s] -- Up-to-date: /home/user/humble_ws/install/franka_gripper/share/franka_gripper/local_setup.dsv
[1.072s] -- Installing: /home/user/humble_ws/install/franka_gripper/share/franka_gripper/package.dsv
[1.074s] -- Up-to-date: /home/user/humble_ws/install/franka_gripper/share/ament_index/resource_index/packages/franka_gripper
[1.075s] -- Up-to-date: /home/user/humble_ws/install/franka_gripper/share/ament_index/resource_index/rclcpp_components/franka_gripper
[1.075s] -- Up-to-date: /home/user/humble_ws/install/franka_gripper/share/franka_gripper/cmake/franka_gripperConfig.cmake
[1.076s] -- Up-to-date: /home/user/humble_ws/install/franka_gripper/share/franka_gripper/cmake/franka_gripperConfig-version.cmake
[1.076s] -- Up-to-date: /home/user/humble_ws/install/franka_gripper/share/franka_gripper/package.xml
[1.096s] Invoked command in '/home/user/humble_ws/build/franka_gripper' returned '0': CMAKE_PREFIX_PATH=/home/user/humble_ws/install/franka_msgs:/home/user/humble_ws/install/panda_motion_generators:/home/user/humble_ws/install/panda_motion_generator_msgs:/home/user/humble_ws/install/multi_mode_controller_impl:/home/user/humble_ws/install/multi_mode_controller:/home/user/humble_ws/install/multi_mode_control_msgs:/home/user/humble_ws/install/garmi_controllers:/home/user/humble_ws/install/franka_robot_state_broadcaster:/home/user/humble_ws/install/franka_example_controllers:/home/user/humble_ws/install/franka_semantic_components:/home/user/humble_ws/install/franka_moveit_config:/home/user/humble_ws/install/franka_bringup:/home/user/humble_ws/install/franka_hardware:/home/user/humble_ws/install/franka_gripper:/home/user/humble_ws/install/franka_control2:/home/user/humble_ws/install/franka_description:/home/user/Libraries/libfranka/lib/cmake:/home/user/Libraries/mujoco/lib/cmake:/opt/ros/humble LD_LIBRARY_PATH=/home/user/humble_ws/install/franka_msgs/lib:/home/user/humble_ws/install/panda_motion_generators/lib:/home/user/humble_ws/install/panda_motion_generator_msgs/lib:/home/user/humble_ws/install/multi_mode_controller_impl/lib:/home/user/humble_ws/install/multi_mode_controller/lib:/home/user/humble_ws/install/multi_mode_control_msgs/lib:/home/user/humble_ws/install/garmi_controllers/lib:/home/user/humble_ws/install/franka_robot_state_broadcaster/lib:/home/user/humble_ws/install/franka_example_controllers/lib:/home/user/humble_ws/install/franka_semantic_components/lib:/home/user/humble_ws/install/franka_hardware/lib:/home/user/humble_ws/install/franka_gripper/lib:/opt/ros/humble/opt/rviz_ogre_vendor/lib:/opt/ros/humble/lib/x86_64-linux-gnu:/opt/ros/humble/lib:/home/user/Libraries/libfranka/lib:/home/user/Libraries/mujoco/lib /usr/bin/cmake --install /home/user/humble_ws/build/franka_gripper
