[0.028s] Invoking command in '/home/user/humble_ws/build/panda_motion_generator_msgs': CMAKE_PREFIX_PATH=${CMAKE_PREFIX_PATH}:/opt/ros/humble /usr/bin/cmake /home/user/humble_ws/src/bimanual_architecture/franka_multi_mode_controller/panda_motion_generator_msgs -DCMAKE_INSTALL_PREFIX=/home/user/humble_ws/install/panda_motion_generator_msgs
[0.041s] -- Found ament_cmake: 1.3.10 (/opt/ros/humble/share/ament_cmake/cmake)
[0.210s] -- Found geometry_msgs: 4.2.4 (/opt/ros/humble/share/geometry_msgs/cmake)
[0.240s] -- Found rosidl_generator_c: 3.1.5 (/opt/ros/humble/share/rosidl_generator_c/cmake)
[0.242s] -- Found rosidl_adapter: 3.1.5 (/opt/ros/humble/share/rosidl_adapter/cmake)
[0.249s] -- Found rosidl_generator_cpp: 3.1.5 (/opt/ros/humble/share/rosidl_generator_cpp/cmake)
[0.261s] -- Using all available rosidl_typesupport_c: rosidl_typesupport_fastrtps_c;rosidl_typesupport_introspection_c
[0.274s] -- Using all available rosidl_typesupport_cpp: rosidl_typesupport_fastrtps_cpp;rosidl_typesupport_introspection_cpp
[0.313s] -- Found rosidl_default_generators: 1.2.0 (/opt/ros/humble/share/rosidl_default_generators/cmake)
[0.811s] -- Found ament_cmake_ros: 0.10.0 (/opt/ros/humble/share/ament_cmake_ros/cmake)
[1.415s] -- Using all available rosidl_typesupport_c: rosidl_typesupport_fastrtps_c;rosidl_typesupport_introspection_c
[1.609s] -- Using all available rosidl_typesupport_cpp: rosidl_typesupport_fastrtps_cpp;rosidl_typesupport_introspection_cpp
[1.630s] -- Found python_cmake_module: 0.10.0 (/opt/ros/humble/share/python_cmake_module/cmake)
[1.649s] -- Using PYTHON_EXECUTABLE: /usr/bin/python3
[1.649s] -- Using PYTHON_INCLUDE_DIRS: /usr/include/python3.10
[1.649s] -- Using PYTHON_LIBRARIES: /usr/lib/x86_64-linux-gnu/libpython3.10.so
[1.703s] -- Found ament_lint_auto: 0.12.11 (/opt/ros/humble/share/ament_lint_auto/cmake)
[1.726s] -- Added test 'lint_cmake' to check CMake code style
[1.728s] -- Added test 'xmllint' to check XML markup files
[1.741s] -- Configuring done
[1.806s] -- Generating done
[1.809s] -- Build files have been written to: /home/user/humble_ws/build/panda_motion_generator_msgs
[1.816s] Invoked command in '/home/user/humble_ws/build/panda_motion_generator_msgs' returned '0': CMAKE_PREFIX_PATH=${CMAKE_PREFIX_PATH}:/opt/ros/humble /usr/bin/cmake /home/user/humble_ws/src/bimanual_architecture/franka_multi_mode_controller/panda_motion_generator_msgs -DCMAKE_INSTALL_PREFIX=/home/user/humble_ws/install/panda_motion_generator_msgs
[1.818s] Invoking command in '/home/user/humble_ws/build/panda_motion_generator_msgs': CMAKE_PREFIX_PATH=${CMAKE_PREFIX_PATH}:/opt/ros/humble /usr/bin/cmake --build /home/user/humble_ws/build/panda_motion_generator_msgs -- -j12 -l12
[1.880s] [35m[1mConsolidate compiler generated dependencies of target panda_motion_generator_msgs__rosidl_generator_c[0m
[1.898s] [  1%] Built target panda_motion_generator_msgs__cpp
[1.903s] [ 12%] Built target panda_motion_generator_msgs__rosidl_generator_c
[1.915s] [35m[1mConsolidate compiler generated dependencies of target panda_motion_generator_msgs__rosidl_typesupport_introspection_cpp[0m
[1.917s] [ 12%] Built target ament_cmake_python_copy_panda_motion_generator_msgs
[1.918s] [35m[1mConsolidate compiler generated dependencies of target panda_motion_generator_msgs__rosidl_typesupport_fastrtps_cpp[0m
[1.923s] [35m[1mConsolidate compiler generated dependencies of target panda_motion_generator_msgs__rosidl_typesupport_c[0m
[1.923s] [35m[1mConsolidate compiler generated dependencies of target panda_motion_generator_msgs__rosidl_typesupport_cpp[0m
[1.924s] [35m[1mConsolidate compiler generated dependencies of target panda_motion_generator_msgs__rosidl_typesupport_fastrtps_c[0m
[1.931s] [35m[1mConsolidate compiler generated dependencies of target panda_motion_generator_msgs__rosidl_typesupport_introspection_c[0m
[1.946s] [ 23%] Built target panda_motion_generator_msgs__rosidl_typesupport_fastrtps_cpp
[1.949s] [ 34%] Built target panda_motion_generator_msgs__rosidl_typesupport_c
[1.950s] [ 46%] Built target panda_motion_generator_msgs__rosidl_typesupport_introspection_cpp
[1.954s] [ 57%] Built target panda_motion_generator_msgs__rosidl_typesupport_introspection_c
[1.956s] [ 73%] Built target panda_motion_generator_msgs__rosidl_typesupport_cpp
[1.956s] [ 79%] Built target panda_motion_generator_msgs__rosidl_typesupport_fastrtps_c
[1.995s] [ 79%] Built target panda_motion_generator_msgs
[2.032s] [ 80%] Built target panda_motion_generator_msgs__py
[2.053s] [35m[1mConsolidate compiler generated dependencies of target panda_motion_generator_msgs__rosidl_generator_py[0m
[2.076s] [ 90%] Built target panda_motion_generator_msgs__rosidl_generator_py
[2.093s] [35m[1mConsolidate compiler generated dependencies of target panda_motion_generator_msgs__rosidl_typesupport_fastrtps_c__pyext[0m
[2.095s] [35m[1mConsolidate compiler generated dependencies of target panda_motion_generator_msgs__rosidl_typesupport_introspection_c__pyext[0m
[2.099s] [35m[1mConsolidate compiler generated dependencies of target panda_motion_generator_msgs__rosidl_typesupport_c__pyext[0m
[2.116s] [ 93%] Built target panda_motion_generator_msgs__rosidl_typesupport_fastrtps_c__pyext
[2.121s] [ 96%] Built target panda_motion_generator_msgs__rosidl_typesupport_introspection_c__pyext
[2.121s] [100%] Built target panda_motion_generator_msgs__rosidl_typesupport_c__pyext
[2.162s] running egg_info
[2.163s] writing panda_motion_generator_msgs.egg-info/PKG-INFO
[2.163s] writing dependency_links to panda_motion_generator_msgs.egg-info/dependency_links.txt
[2.163s] writing top-level names to panda_motion_generator_msgs.egg-info/top_level.txt
[2.166s] reading manifest file 'panda_motion_generator_msgs.egg-info/SOURCES.txt'
[2.166s] writing manifest file 'panda_motion_generator_msgs.egg-info/SOURCES.txt'
[2.197s] [100%] Built target ament_cmake_python_build_panda_motion_generator_msgs_egg
[2.212s] Invoked command in '/home/user/humble_ws/build/panda_motion_generator_msgs' returned '0': CMAKE_PREFIX_PATH=${CMAKE_PREFIX_PATH}:/opt/ros/humble /usr/bin/cmake --build /home/user/humble_ws/build/panda_motion_generator_msgs -- -j12 -l12
[2.504s] Invoking command in '/home/user/humble_ws/build/panda_motion_generator_msgs': CMAKE_PREFIX_PATH=${CMAKE_PREFIX_PATH}:/opt/ros/humble /usr/bin/cmake --install /home/user/humble_ws/build/panda_motion_generator_msgs
[2.515s] -- Install configuration: "Release"
[2.515s] -- Up-to-date: /home/user/humble_ws/install/panda_motion_generator_msgs/share/ament_index/resource_index/rosidl_interfaces/panda_motion_generator_msgs
[2.517s] -- Up-to-date: /home/user/humble_ws/install/panda_motion_generator_msgs/include/panda_motion_generator_msgs/panda_motion_generator_msgs
[2.517s] -- Up-to-date: /home/user/humble_ws/install/panda_motion_generator_msgs/include/panda_motion_generator_msgs/panda_motion_generator_msgs/action
[2.517s] -- Up-to-date: /home/user/humble_ws/install/panda_motion_generator_msgs/include/panda_motion_generator_msgs/panda_motion_generator_msgs/action/detail
[2.517s] -- Up-to-date: /home/user/humble_ws/install/panda_motion_generator_msgs/include/panda_motion_generator_msgs/panda_motion_generator_msgs/action/detail/cartesian_via_motion__type_support.h
[2.518s] -- Up-to-date: /home/user/humble_ws/install/panda_motion_generator_msgs/include/panda_motion_generator_msgs/panda_motion_generator_msgs/action/detail/joint_via_motion__type_support.h
[2.519s] -- Up-to-date: /home/user/humble_ws/install/panda_motion_generator_msgs/include/panda_motion_generator_msgs/panda_motion_generator_msgs/action/detail/joint_via_motion__struct.h
[2.519s] -- Up-to-date: /home/user/humble_ws/install/panda_motion_generator_msgs/include/panda_motion_generator_msgs/panda_motion_generator_msgs/action/detail/cartesian_via_motion__functions.h
[2.520s] -- Up-to-date: /home/user/humble_ws/install/panda_motion_generator_msgs/include/panda_motion_generator_msgs/panda_motion_generator_msgs/action/detail/joint_via_motion__functions.h
[2.521s] -- Up-to-date: /home/user/humble_ws/install/panda_motion_generator_msgs/include/panda_motion_generator_msgs/panda_motion_generator_msgs/action/detail/joint_via_motion__functions.c
[2.522s] -- Up-to-date: /home/user/humble_ws/install/panda_motion_generator_msgs/include/panda_motion_generator_msgs/panda_motion_generator_msgs/action/detail/cartesian_via_motion__struct.h
[2.522s] -- Up-to-date: /home/user/humble_ws/install/panda_motion_generator_msgs/include/panda_motion_generator_msgs/panda_motion_generator_msgs/action/detail/cartesian_via_motion__functions.c
[2.523s] -- Up-to-date: /home/user/humble_ws/install/panda_motion_generator_msgs/include/panda_motion_generator_msgs/panda_motion_generator_msgs/action/cartesian_via_motion.h
[2.524s] -- Up-to-date: /home/user/humble_ws/install/panda_motion_generator_msgs/include/panda_motion_generator_msgs/panda_motion_generator_msgs/action/joint_via_motion.h
[2.524s] -- Up-to-date: /home/user/humble_ws/install/panda_motion_generator_msgs/include/panda_motion_generator_msgs/panda_motion_generator_msgs/msg
[2.525s] -- Up-to-date: /home/user/humble_ws/install/panda_motion_generator_msgs/include/panda_motion_generator_msgs/panda_motion_generator_msgs/msg/rosidl_generator_c__visibility_control.h
[2.525s] -- Up-to-date: /home/user/humble_ws/install/panda_motion_generator_msgs/include/panda_motion_generator_msgs/panda_motion_generator_msgs/msg/detail
[2.525s] -- Up-to-date: /home/user/humble_ws/install/panda_motion_generator_msgs/include/panda_motion_generator_msgs/panda_motion_generator_msgs/msg/detail/simple_action_result__functions.c
[2.526s] -- Up-to-date: /home/user/humble_ws/install/panda_motion_generator_msgs/include/panda_motion_generator_msgs/panda_motion_generator_msgs/msg/detail/simple_action_result__type_support.h
[2.527s] -- Up-to-date: /home/user/humble_ws/install/panda_motion_generator_msgs/include/panda_motion_generator_msgs/panda_motion_generator_msgs/msg/detail/joint_pose__struct.h
[2.527s] -- Up-to-date: /home/user/humble_ws/install/panda_motion_generator_msgs/include/panda_motion_generator_msgs/panda_motion_generator_msgs/msg/detail/set_time_scaling__functions.c
[2.528s] -- Up-to-date: /home/user/humble_ws/install/panda_motion_generator_msgs/include/panda_motion_generator_msgs/panda_motion_generator_msgs/msg/detail/set_time_scaling__type_support.h
[2.529s] -- Up-to-date: /home/user/humble_ws/install/panda_motion_generator_msgs/include/panda_motion_generator_msgs/panda_motion_generator_msgs/msg/detail/joint_pose__type_support.h
[2.529s] -- Up-to-date: /home/user/humble_ws/install/panda_motion_generator_msgs/include/panda_motion_generator_msgs/panda_motion_generator_msgs/msg/detail/set_time_scaling__struct.h
[2.530s] -- Up-to-date: /home/user/humble_ws/install/panda_motion_generator_msgs/include/panda_motion_generator_msgs/panda_motion_generator_msgs/msg/detail/joint_pose__functions.h
[2.531s] -- Up-to-date: /home/user/humble_ws/install/panda_motion_generator_msgs/include/panda_motion_generator_msgs/panda_motion_generator_msgs/msg/detail/simple_action_result__functions.h
[2.532s] -- Up-to-date: /home/user/humble_ws/install/panda_motion_generator_msgs/include/panda_motion_generator_msgs/panda_motion_generator_msgs/msg/detail/simple_action_result__struct.h
[2.533s] -- Up-to-date: /home/user/humble_ws/install/panda_motion_generator_msgs/include/panda_motion_generator_msgs/panda_motion_generator_msgs/msg/detail/set_time_scaling__functions.h
[2.533s] -- Up-to-date: /home/user/humble_ws/install/panda_motion_generator_msgs/include/panda_motion_generator_msgs/panda_motion_generator_msgs/msg/detail/joint_pose__functions.c
[2.534s] -- Up-to-date: /home/user/humble_ws/install/panda_motion_generator_msgs/include/panda_motion_generator_msgs/panda_motion_generator_msgs/msg/simple_action_result.h
[2.535s] -- Up-to-date: /home/user/humble_ws/install/panda_motion_generator_msgs/include/panda_motion_generator_msgs/panda_motion_generator_msgs/msg/set_time_scaling.h
[2.537s] -- Up-to-date: /home/user/humble_ws/install/panda_motion_generator_msgs/include/panda_motion_generator_msgs/panda_motion_generator_msgs/msg/joint_pose.h
[2.538s] -- Up-to-date: /home/user/humble_ws/install/panda_motion_generator_msgs/share/panda_motion_generator_msgs/environment/library_path.sh
[2.539s] -- Installing: /home/user/humble_ws/install/panda_motion_generator_msgs/share/panda_motion_generator_msgs/environment/library_path.dsv
[2.540s] -- Up-to-date: /home/user/humble_ws/install/panda_motion_generator_msgs/lib/libpanda_motion_generator_msgs__rosidl_generator_c.so
[2.542s] -- Up-to-date: /home/user/humble_ws/install/panda_motion_generator_msgs/include/panda_motion_generator_msgs/panda_motion_generator_msgs
[2.542s] -- Up-to-date: /home/user/humble_ws/install/panda_motion_generator_msgs/include/panda_motion_generator_msgs/panda_motion_generator_msgs/action
[2.542s] -- Up-to-date: /home/user/humble_ws/install/panda_motion_generator_msgs/include/panda_motion_generator_msgs/panda_motion_generator_msgs/action/detail
[2.542s] -- Up-to-date: /home/user/humble_ws/install/panda_motion_generator_msgs/include/panda_motion_generator_msgs/panda_motion_generator_msgs/action/detail/cartesian_via_motion__rosidl_typesupport_fastrtps_c.h
[2.543s] -- Up-to-date: /home/user/humble_ws/install/panda_motion_generator_msgs/include/panda_motion_generator_msgs/panda_motion_generator_msgs/action/detail/joint_via_motion__rosidl_typesupport_fastrtps_c.h
[2.544s] -- Up-to-date: /home/user/humble_ws/install/panda_motion_generator_msgs/include/panda_motion_generator_msgs/panda_motion_generator_msgs/msg
[2.544s] -- Up-to-date: /home/user/humble_ws/install/panda_motion_generator_msgs/include/panda_motion_generator_msgs/panda_motion_generator_msgs/msg/detail
[2.544s] -- Up-to-date: /home/user/humble_ws/install/panda_motion_generator_msgs/include/panda_motion_generator_msgs/panda_motion_generator_msgs/msg/detail/joint_pose__rosidl_typesupport_fastrtps_c.h
[2.545s] -- Up-to-date: /home/user/humble_ws/install/panda_motion_generator_msgs/include/panda_motion_generator_msgs/panda_motion_generator_msgs/msg/detail/simple_action_result__rosidl_typesupport_fastrtps_c.h
[2.546s] -- Up-to-date: /home/user/humble_ws/install/panda_motion_generator_msgs/include/panda_motion_generator_msgs/panda_motion_generator_msgs/msg/detail/set_time_scaling__rosidl_typesupport_fastrtps_c.h
[2.546s] -- Up-to-date: /home/user/humble_ws/install/panda_motion_generator_msgs/include/panda_motion_generator_msgs/panda_motion_generator_msgs/msg/rosidl_typesupport_fastrtps_c__visibility_control.h
[2.548s] -- Up-to-date: /home/user/humble_ws/install/panda_motion_generator_msgs/lib/libpanda_motion_generator_msgs__rosidl_typesupport_fastrtps_c.so
[2.549s] -- Up-to-date: /home/user/humble_ws/install/panda_motion_generator_msgs/include/panda_motion_generator_msgs/panda_motion_generator_msgs
[2.549s] -- Up-to-date: /home/user/humble_ws/install/panda_motion_generator_msgs/include/panda_motion_generator_msgs/panda_motion_generator_msgs/action
[2.550s] -- Up-to-date: /home/user/humble_ws/install/panda_motion_generator_msgs/include/panda_motion_generator_msgs/panda_motion_generator_msgs/action/cartesian_via_motion.hpp
[2.550s] -- Up-to-date: /home/user/humble_ws/install/panda_motion_generator_msgs/include/panda_motion_generator_msgs/panda_motion_generator_msgs/action/joint_via_motion.hpp
[2.551s] -- Up-to-date: /home/user/humble_ws/install/panda_motion_generator_msgs/include/panda_motion_generator_msgs/panda_motion_generator_msgs/action/detail
[2.551s] -- Up-to-date: /home/user/humble_ws/install/panda_motion_generator_msgs/include/panda_motion_generator_msgs/panda_motion_generator_msgs/action/detail/cartesian_via_motion__traits.hpp
[2.552s] -- Up-to-date: /home/user/humble_ws/install/panda_motion_generator_msgs/include/panda_motion_generator_msgs/panda_motion_generator_msgs/action/detail/joint_via_motion__traits.hpp
[2.553s] -- Up-to-date: /home/user/humble_ws/install/panda_motion_generator_msgs/include/panda_motion_generator_msgs/panda_motion_generator_msgs/action/detail/cartesian_via_motion__builder.hpp
[2.553s] -- Up-to-date: /home/user/humble_ws/install/panda_motion_generator_msgs/include/panda_motion_generator_msgs/panda_motion_generator_msgs/action/detail/joint_via_motion__builder.hpp
[2.554s] -- Up-to-date: /home/user/humble_ws/install/panda_motion_generator_msgs/include/panda_motion_generator_msgs/panda_motion_generator_msgs/action/detail/cartesian_via_motion__struct.hpp
[2.555s] -- Up-to-date: /home/user/humble_ws/install/panda_motion_generator_msgs/include/panda_motion_generator_msgs/panda_motion_generator_msgs/action/detail/joint_via_motion__struct.hpp
[2.556s] -- Up-to-date: /home/user/humble_ws/install/panda_motion_generator_msgs/include/panda_motion_generator_msgs/panda_motion_generator_msgs/msg
[2.556s] -- Up-to-date: /home/user/humble_ws/install/panda_motion_generator_msgs/include/panda_motion_generator_msgs/panda_motion_generator_msgs/msg/detail
[2.557s] -- Up-to-date: /home/user/humble_ws/install/panda_motion_generator_msgs/include/panda_motion_generator_msgs/panda_motion_generator_msgs/msg/detail/set_time_scaling__builder.hpp
[2.557s] -- Up-to-date: /home/user/humble_ws/install/panda_motion_generator_msgs/include/panda_motion_generator_msgs/panda_motion_generator_msgs/msg/detail/joint_pose__traits.hpp
[2.558s] -- Up-to-date: /home/user/humble_ws/install/panda_motion_generator_msgs/include/panda_motion_generator_msgs/panda_motion_generator_msgs/msg/detail/simple_action_result__traits.hpp
[2.559s] -- Up-to-date: /home/user/humble_ws/install/panda_motion_generator_msgs/include/panda_motion_generator_msgs/panda_motion_generator_msgs/msg/detail/joint_pose__struct.hpp
[2.559s] -- Up-to-date: /home/user/humble_ws/install/panda_motion_generator_msgs/include/panda_motion_generator_msgs/panda_motion_generator_msgs/msg/detail/simple_action_result__struct.hpp
[2.560s] -- Up-to-date: /home/user/humble_ws/install/panda_motion_generator_msgs/include/panda_motion_generator_msgs/panda_motion_generator_msgs/msg/detail/set_time_scaling__traits.hpp
[2.561s] -- Up-to-date: /home/user/humble_ws/install/panda_motion_generator_msgs/include/panda_motion_generator_msgs/panda_motion_generator_msgs/msg/detail/joint_pose__builder.hpp
[2.562s] -- Up-to-date: /home/user/humble_ws/install/panda_motion_generator_msgs/include/panda_motion_generator_msgs/panda_motion_generator_msgs/msg/detail/set_time_scaling__struct.hpp
[2.562s] -- Up-to-date: /home/user/humble_ws/install/panda_motion_generator_msgs/include/panda_motion_generator_msgs/panda_motion_generator_msgs/msg/detail/simple_action_result__builder.hpp
[2.563s] -- Up-to-date: /home/user/humble_ws/install/panda_motion_generator_msgs/include/panda_motion_generator_msgs/panda_motion_generator_msgs/msg/set_time_scaling.hpp
[2.564s] -- Up-to-date: /home/user/humble_ws/install/panda_motion_generator_msgs/include/panda_motion_generator_msgs/panda_motion_generator_msgs/msg/simple_action_result.hpp
[2.565s] -- Up-to-date: /home/user/humble_ws/install/panda_motion_generator_msgs/include/panda_motion_generator_msgs/panda_motion_generator_msgs/msg/joint_pose.hpp
[2.566s] -- Up-to-date: /home/user/humble_ws/install/panda_motion_generator_msgs/include/panda_motion_generator_msgs/panda_motion_generator_msgs
[2.566s] -- Up-to-date: /home/user/humble_ws/install/panda_motion_generator_msgs/include/panda_motion_generator_msgs/panda_motion_generator_msgs/action
[2.566s] -- Up-to-date: /home/user/humble_ws/install/panda_motion_generator_msgs/include/panda_motion_generator_msgs/panda_motion_generator_msgs/action/detail
[2.566s] -- Up-to-date: /home/user/humble_ws/install/panda_motion_generator_msgs/include/panda_motion_generator_msgs/panda_motion_generator_msgs/action/detail/dds_fastrtps
[2.566s] -- Up-to-date: /home/user/humble_ws/install/panda_motion_generator_msgs/include/panda_motion_generator_msgs/panda_motion_generator_msgs/action/detail/joint_via_motion__rosidl_typesupport_fastrtps_cpp.hpp
[2.567s] -- Up-to-date: /home/user/humble_ws/install/panda_motion_generator_msgs/include/panda_motion_generator_msgs/panda_motion_generator_msgs/action/detail/cartesian_via_motion__rosidl_typesupport_fastrtps_cpp.hpp
[2.568s] -- Up-to-date: /home/user/humble_ws/install/panda_motion_generator_msgs/include/panda_motion_generator_msgs/panda_motion_generator_msgs/msg
[2.568s] -- Up-to-date: /home/user/humble_ws/install/panda_motion_generator_msgs/include/panda_motion_generator_msgs/panda_motion_generator_msgs/msg/detail
[2.568s] -- Up-to-date: /home/user/humble_ws/install/panda_motion_generator_msgs/include/panda_motion_generator_msgs/panda_motion_generator_msgs/msg/detail/dds_fastrtps
[2.568s] -- Up-to-date: /home/user/humble_ws/install/panda_motion_generator_msgs/include/panda_motion_generator_msgs/panda_motion_generator_msgs/msg/detail/joint_pose__rosidl_typesupport_fastrtps_cpp.hpp
[2.569s] -- Up-to-date: /home/user/humble_ws/install/panda_motion_generator_msgs/include/panda_motion_generator_msgs/panda_motion_generator_msgs/msg/detail/simple_action_result__rosidl_typesupport_fastrtps_cpp.hpp
[2.571s] -- Up-to-date: /home/user/humble_ws/install/panda_motion_generator_msgs/include/panda_motion_generator_msgs/panda_motion_generator_msgs/msg/detail/set_time_scaling__rosidl_typesupport_fastrtps_cpp.hpp
[2.571s] -- Up-to-date: /home/user/humble_ws/install/panda_motion_generator_msgs/include/panda_motion_generator_msgs/panda_motion_generator_msgs/msg/rosidl_typesupport_fastrtps_cpp__visibility_control.h
[2.573s] -- Up-to-date: /home/user/humble_ws/install/panda_motion_generator_msgs/lib/libpanda_motion_generator_msgs__rosidl_typesupport_fastrtps_cpp.so
[2.574s] -- Up-to-date: /home/user/humble_ws/install/panda_motion_generator_msgs/include/panda_motion_generator_msgs/panda_motion_generator_msgs
[2.574s] -- Up-to-date: /home/user/humble_ws/install/panda_motion_generator_msgs/include/panda_motion_generator_msgs/panda_motion_generator_msgs/action
[2.574s] -- Up-to-date: /home/user/humble_ws/install/panda_motion_generator_msgs/include/panda_motion_generator_msgs/panda_motion_generator_msgs/action/detail
[2.575s] -- Up-to-date: /home/user/humble_ws/install/panda_motion_generator_msgs/include/panda_motion_generator_msgs/panda_motion_generator_msgs/action/detail/cartesian_via_motion__rosidl_typesupport_introspection_c.h
[2.576s] -- Up-to-date: /home/user/humble_ws/install/panda_motion_generator_msgs/include/panda_motion_generator_msgs/panda_motion_generator_msgs/action/detail/joint_via_motion__rosidl_typesupport_introspection_c.h
[2.576s] -- Up-to-date: /home/user/humble_ws/install/panda_motion_generator_msgs/include/panda_motion_generator_msgs/panda_motion_generator_msgs/action/detail/joint_via_motion__type_support.c
[2.577s] -- Up-to-date: /home/user/humble_ws/install/panda_motion_generator_msgs/include/panda_motion_generator_msgs/panda_motion_generator_msgs/action/detail/cartesian_via_motion__type_support.c
[2.578s] -- Up-to-date: /home/user/humble_ws/install/panda_motion_generator_msgs/include/panda_motion_generator_msgs/panda_motion_generator_msgs/msg
[2.578s] -- Up-to-date: /home/user/humble_ws/install/panda_motion_generator_msgs/include/panda_motion_generator_msgs/panda_motion_generator_msgs/msg/detail
[2.578s] -- Up-to-date: /home/user/humble_ws/install/panda_motion_generator_msgs/include/panda_motion_generator_msgs/panda_motion_generator_msgs/msg/detail/simple_action_result__type_support.c
[2.579s] -- Up-to-date: /home/user/humble_ws/install/panda_motion_generator_msgs/include/panda_motion_generator_msgs/panda_motion_generator_msgs/msg/detail/joint_pose__rosidl_typesupport_introspection_c.h
[2.580s] -- Up-to-date: /home/user/humble_ws/install/panda_motion_generator_msgs/include/panda_motion_generator_msgs/panda_motion_generator_msgs/msg/detail/joint_pose__type_support.c
[2.581s] -- Up-to-date: /home/user/humble_ws/install/panda_motion_generator_msgs/include/panda_motion_generator_msgs/panda_motion_generator_msgs/msg/detail/set_time_scaling__type_support.c
[2.582s] -- Up-to-date: /home/user/humble_ws/install/panda_motion_generator_msgs/include/panda_motion_generator_msgs/panda_motion_generator_msgs/msg/detail/simple_action_result__rosidl_typesupport_introspection_c.h
[2.582s] -- Up-to-date: /home/user/humble_ws/install/panda_motion_generator_msgs/include/panda_motion_generator_msgs/panda_motion_generator_msgs/msg/detail/set_time_scaling__rosidl_typesupport_introspection_c.h
[2.583s] -- Up-to-date: /home/user/humble_ws/install/panda_motion_generator_msgs/include/panda_motion_generator_msgs/panda_motion_generator_msgs/msg/rosidl_typesupport_introspection_c__visibility_control.h
[2.585s] -- Up-to-date: /home/user/humble_ws/install/panda_motion_generator_msgs/lib/libpanda_motion_generator_msgs__rosidl_typesupport_introspection_c.so
[2.587s] -- Up-to-date: /home/user/humble_ws/install/panda_motion_generator_msgs/lib/libpanda_motion_generator_msgs__rosidl_typesupport_c.so
[2.589s] -- Up-to-date: /home/user/humble_ws/install/panda_motion_generator_msgs/include/panda_motion_generator_msgs/panda_motion_generator_msgs
[2.589s] -- Up-to-date: /home/user/humble_ws/install/panda_motion_generator_msgs/include/panda_motion_generator_msgs/panda_motion_generator_msgs/action
[2.589s] -- Up-to-date: /home/user/humble_ws/install/panda_motion_generator_msgs/include/panda_motion_generator_msgs/panda_motion_generator_msgs/action/detail
[2.589s] -- Up-to-date: /home/user/humble_ws/install/panda_motion_generator_msgs/include/panda_motion_generator_msgs/panda_motion_generator_msgs/action/detail/cartesian_via_motion__rosidl_typesupport_introspection_cpp.hpp
[2.590s] -- Up-to-date: /home/user/humble_ws/install/panda_motion_generator_msgs/include/panda_motion_generator_msgs/panda_motion_generator_msgs/action/detail/joint_via_motion__type_support.cpp
[2.591s] -- Up-to-date: /home/user/humble_ws/install/panda_motion_generator_msgs/include/panda_motion_generator_msgs/panda_motion_generator_msgs/action/detail/joint_via_motion__rosidl_typesupport_introspection_cpp.hpp
[2.592s] -- Up-to-date: /home/user/humble_ws/install/panda_motion_generator_msgs/include/panda_motion_generator_msgs/panda_motion_generator_msgs/action/detail/cartesian_via_motion__type_support.cpp
[2.593s] -- Up-to-date: /home/user/humble_ws/install/panda_motion_generator_msgs/include/panda_motion_generator_msgs/panda_motion_generator_msgs/msg
[2.593s] -- Up-to-date: /home/user/humble_ws/install/panda_motion_generator_msgs/include/panda_motion_generator_msgs/panda_motion_generator_msgs/msg/detail
[2.593s] -- Up-to-date: /home/user/humble_ws/install/panda_motion_generator_msgs/include/panda_motion_generator_msgs/panda_motion_generator_msgs/msg/detail/simple_action_result__rosidl_typesupport_introspection_cpp.hpp
[2.594s] -- Up-to-date: /home/user/humble_ws/install/panda_motion_generator_msgs/include/panda_motion_generator_msgs/panda_motion_generator_msgs/msg/detail/joint_pose__type_support.cpp
[2.594s] -- Up-to-date: /home/user/humble_ws/install/panda_motion_generator_msgs/include/panda_motion_generator_msgs/panda_motion_generator_msgs/msg/detail/joint_pose__rosidl_typesupport_introspection_cpp.hpp
[2.595s] -- Up-to-date: /home/user/humble_ws/install/panda_motion_generator_msgs/include/panda_motion_generator_msgs/panda_motion_generator_msgs/msg/detail/set_time_scaling__rosidl_typesupport_introspection_cpp.hpp
[2.596s] -- Up-to-date: /home/user/humble_ws/install/panda_motion_generator_msgs/include/panda_motion_generator_msgs/panda_motion_generator_msgs/msg/detail/simple_action_result__type_support.cpp
[2.597s] -- Up-to-date: /home/user/humble_ws/install/panda_motion_generator_msgs/include/panda_motion_generator_msgs/panda_motion_generator_msgs/msg/detail/set_time_scaling__type_support.cpp
[2.598s] -- Up-to-date: /home/user/humble_ws/install/panda_motion_generator_msgs/lib/libpanda_motion_generator_msgs__rosidl_typesupport_introspection_cpp.so
[2.600s] -- Up-to-date: /home/user/humble_ws/install/panda_motion_generator_msgs/lib/libpanda_motion_generator_msgs__rosidl_typesupport_cpp.so
[2.602s] -- Up-to-date: /home/user/humble_ws/install/panda_motion_generator_msgs/share/panda_motion_generator_msgs/environment/pythonpath.sh
[2.602s] -- Installing: /home/user/humble_ws/install/panda_motion_generator_msgs/share/panda_motion_generator_msgs/environment/pythonpath.dsv
[2.603s] -- Up-to-date: /home/user/humble_ws/install/panda_motion_generator_msgs/local/lib/python3.10/dist-packages/panda_motion_generator_msgs-0.0.0-py3.10.egg-info
[2.603s] -- Installing: /home/user/humble_ws/install/panda_motion_generator_msgs/local/lib/python3.10/dist-packages/panda_motion_generator_msgs-0.0.0-py3.10.egg-info/top_level.txt
[2.604s] -- Installing: /home/user/humble_ws/install/panda_motion_generator_msgs/local/lib/python3.10/dist-packages/panda_motion_generator_msgs-0.0.0-py3.10.egg-info/dependency_links.txt
[2.604s] -- Installing: /home/user/humble_ws/install/panda_motion_generator_msgs/local/lib/python3.10/dist-packages/panda_motion_generator_msgs-0.0.0-py3.10.egg-info/SOURCES.txt
[2.604s] -- Installing: /home/user/humble_ws/install/panda_motion_generator_msgs/local/lib/python3.10/dist-packages/panda_motion_generator_msgs-0.0.0-py3.10.egg-info/PKG-INFO
[2.605s] -- Up-to-date: /home/user/humble_ws/install/panda_motion_generator_msgs/local/lib/python3.10/dist-packages/panda_motion_generator_msgs
[2.606s] -- Up-to-date: /home/user/humble_ws/install/panda_motion_generator_msgs/local/lib/python3.10/dist-packages/panda_motion_generator_msgs/action
[2.606s] -- Up-to-date: /home/user/humble_ws/install/panda_motion_generator_msgs/local/lib/python3.10/dist-packages/panda_motion_generator_msgs/action/_joint_via_motion.py
[2.607s] -- Up-to-date: /home/user/humble_ws/install/panda_motion_generator_msgs/local/lib/python3.10/dist-packages/panda_motion_generator_msgs/action/_cartesian_via_motion_s.c
[2.608s] -- Up-to-date: /home/user/humble_ws/install/panda_motion_generator_msgs/local/lib/python3.10/dist-packages/panda_motion_generator_msgs/action/_cartesian_via_motion.py
[2.609s] -- Up-to-date: /home/user/humble_ws/install/panda_motion_generator_msgs/local/lib/python3.10/dist-packages/panda_motion_generator_msgs/action/_joint_via_motion_s.c
[2.610s] -- Up-to-date: /home/user/humble_ws/install/panda_motion_generator_msgs/local/lib/python3.10/dist-packages/panda_motion_generator_msgs/action/__init__.py
[2.611s] -- Up-to-date: /home/user/humble_ws/install/panda_motion_generator_msgs/local/lib/python3.10/dist-packages/panda_motion_generator_msgs/panda_motion_generator_msgs_s__rosidl_typesupport_fastrtps_c.cpython-310-x86_64-linux-gnu.so
[2.612s] -- Up-to-date: /home/user/humble_ws/install/panda_motion_generator_msgs/local/lib/python3.10/dist-packages/panda_motion_generator_msgs/libpanda_motion_generator_msgs__rosidl_generator_py.so
[2.613s] -- Up-to-date: /home/user/humble_ws/install/panda_motion_generator_msgs/local/lib/python3.10/dist-packages/panda_motion_generator_msgs/_panda_motion_generator_msgs_s.ep.rosidl_typesupport_introspection_c.c
[2.614s] -- Up-to-date: /home/user/humble_ws/install/panda_motion_generator_msgs/local/lib/python3.10/dist-packages/panda_motion_generator_msgs/panda_motion_generator_msgs_s__rosidl_typesupport_c.cpython-310-x86_64-linux-gnu.so
[2.615s] -- Up-to-date: /home/user/humble_ws/install/panda_motion_generator_msgs/local/lib/python3.10/dist-packages/panda_motion_generator_msgs/msg
[2.615s] -- Up-to-date: /home/user/humble_ws/install/panda_motion_generator_msgs/local/lib/python3.10/dist-packages/panda_motion_generator_msgs/msg/_set_time_scaling_s.c
[2.616s] -- Up-to-date: /home/user/humble_ws/install/panda_motion_generator_msgs/local/lib/python3.10/dist-packages/panda_motion_generator_msgs/msg/_joint_pose.py
[2.617s] -- Up-to-date: /home/user/humble_ws/install/panda_motion_generator_msgs/local/lib/python3.10/dist-packages/panda_motion_generator_msgs/msg/_simple_action_result.py
[2.618s] -- Up-to-date: /home/user/humble_ws/install/panda_motion_generator_msgs/local/lib/python3.10/dist-packages/panda_motion_generator_msgs/msg/_set_time_scaling.py
[2.619s] -- Up-to-date: /home/user/humble_ws/install/panda_motion_generator_msgs/local/lib/python3.10/dist-packages/panda_motion_generator_msgs/msg/_joint_pose_s.c
[2.619s] -- Up-to-date: /home/user/humble_ws/install/panda_motion_generator_msgs/local/lib/python3.10/dist-packages/panda_motion_generator_msgs/msg/__init__.py
[2.620s] -- Up-to-date: /home/user/humble_ws/install/panda_motion_generator_msgs/local/lib/python3.10/dist-packages/panda_motion_generator_msgs/msg/_simple_action_result_s.c
[2.621s] -- Installing: /home/user/humble_ws/install/panda_motion_generator_msgs/local/lib/python3.10/dist-packages/panda_motion_generator_msgs/__init__.py
[2.621s] -- Up-to-date: /home/user/humble_ws/install/panda_motion_generator_msgs/local/lib/python3.10/dist-packages/panda_motion_generator_msgs/panda_motion_generator_msgs_s__rosidl_typesupport_introspection_c.cpython-310-x86_64-linux-gnu.so
[2.622s] -- Up-to-date: /home/user/humble_ws/install/panda_motion_generator_msgs/local/lib/python3.10/dist-packages/panda_motion_generator_msgs/_panda_motion_generator_msgs_s.ep.rosidl_typesupport_c.c
[2.623s] -- Up-to-date: /home/user/humble_ws/install/panda_motion_generator_msgs/local/lib/python3.10/dist-packages/panda_motion_generator_msgs/_panda_motion_generator_msgs_s.ep.rosidl_typesupport_fastrtps_c.c
[2.665s] Listing '/home/user/humble_ws/install/panda_motion_generator_msgs/local/lib/python3.10/dist-packages/panda_motion_generator_msgs'...
[2.666s] Compiling '/home/user/humble_ws/install/panda_motion_generator_msgs/local/lib/python3.10/dist-packages/panda_motion_generator_msgs/__init__.py'...
[2.666s] Listing '/home/user/humble_ws/install/panda_motion_generator_msgs/local/lib/python3.10/dist-packages/panda_motion_generator_msgs/action'...
[2.666s] Listing '/home/user/humble_ws/install/panda_motion_generator_msgs/local/lib/python3.10/dist-packages/panda_motion_generator_msgs/msg'...
[2.672s] -- Up-to-date: /home/user/humble_ws/install/panda_motion_generator_msgs/local/lib/python3.10/dist-packages/panda_motion_generator_msgs/panda_motion_generator_msgs_s__rosidl_typesupport_fastrtps_c.cpython-310-x86_64-linux-gnu.so
[2.672s] -- Up-to-date: /home/user/humble_ws/install/panda_motion_generator_msgs/local/lib/python3.10/dist-packages/panda_motion_generator_msgs/panda_motion_generator_msgs_s__rosidl_typesupport_introspection_c.cpython-310-x86_64-linux-gnu.so
[2.673s] -- Up-to-date: /home/user/humble_ws/install/panda_motion_generator_msgs/local/lib/python3.10/dist-packages/panda_motion_generator_msgs/panda_motion_generator_msgs_s__rosidl_typesupport_c.cpython-310-x86_64-linux-gnu.so
[2.673s] -- Up-to-date: /home/user/humble_ws/install/panda_motion_generator_msgs/lib/libpanda_motion_generator_msgs__rosidl_generator_py.so
[2.675s] -- Up-to-date: /home/user/humble_ws/install/panda_motion_generator_msgs/share/panda_motion_generator_msgs/msg/JointPose.idl
[2.676s] -- Up-to-date: /home/user/humble_ws/install/panda_motion_generator_msgs/share/panda_motion_generator_msgs/msg/SetTimeScaling.idl
[2.677s] -- Up-to-date: /home/user/humble_ws/install/panda_motion_generator_msgs/share/panda_motion_generator_msgs/msg/SimpleActionResult.idl
[2.678s] -- Up-to-date: /home/user/humble_ws/install/panda_motion_generator_msgs/share/panda_motion_generator_msgs/action/CartesianViaMotion.idl
[2.679s] -- Up-to-date: /home/user/humble_ws/install/panda_motion_generator_msgs/share/panda_motion_generator_msgs/action/JointViaMotion.idl
[2.680s] -- Up-to-date: /home/user/humble_ws/install/panda_motion_generator_msgs/share/panda_motion_generator_msgs/msg/JointPose.msg
[2.680s] -- Up-to-date: /home/user/humble_ws/install/panda_motion_generator_msgs/share/panda_motion_generator_msgs/msg/SetTimeScaling.msg
[2.681s] -- Up-to-date: /home/user/humble_ws/install/panda_motion_generator_msgs/share/panda_motion_generator_msgs/msg/SimpleActionResult.msg
[2.682s] -- Up-to-date: /home/user/humble_ws/install/panda_motion_generator_msgs/share/panda_motion_generator_msgs/action/CartesianViaMotion.action
[2.683s] -- Up-to-date: /home/user/humble_ws/install/panda_motion_generator_msgs/share/panda_motion_generator_msgs/action/JointViaMotion.action
[2.684s] -- Up-to-date: /home/user/humble_ws/install/panda_motion_generator_msgs/share/ament_index/resource_index/package_run_dependencies/panda_motion_generator_msgs
[2.686s] -- Installing: /home/user/humble_ws/install/panda_motion_generator_msgs/share/ament_index/resource_index/parent_prefix_path/panda_motion_generator_msgs
[2.686s] -- Up-to-date: /home/user/humble_ws/install/panda_motion_generator_msgs/share/panda_motion_generator_msgs/environment/ament_prefix_path.sh
[2.688s] -- Installing: /home/user/humble_ws/install/panda_motion_generator_msgs/share/panda_motion_generator_msgs/environment/ament_prefix_path.dsv
[2.688s] -- Up-to-date: /home/user/humble_ws/install/panda_motion_generator_msgs/share/panda_motion_generator_msgs/environment/path.sh
[2.689s] -- Installing: /home/user/humble_ws/install/panda_motion_generator_msgs/share/panda_motion_generator_msgs/environment/path.dsv
[2.690s] -- Up-to-date: /home/user/humble_ws/install/panda_motion_generator_msgs/share/panda_motion_generator_msgs/local_setup.bash
[2.691s] -- Up-to-date: /home/user/humble_ws/install/panda_motion_generator_msgs/share/panda_motion_generator_msgs/local_setup.sh
[2.692s] -- Up-to-date: /home/user/humble_ws/install/panda_motion_generator_msgs/share/panda_motion_generator_msgs/local_setup.zsh
[2.692s] -- Installing: /home/user/humble_ws/install/panda_motion_generator_msgs/share/panda_motion_generator_msgs/local_setup.dsv
[2.693s] -- Installing: /home/user/humble_ws/install/panda_motion_generator_msgs/share/panda_motion_generator_msgs/package.dsv
[2.693s] -- Up-to-date: /home/user/humble_ws/install/panda_motion_generator_msgs/share/ament_index/resource_index/packages/panda_motion_generator_msgs
[2.694s] -- Up-to-date: /home/user/humble_ws/install/panda_motion_generator_msgs/share/panda_motion_generator_msgs/cmake/export_panda_motion_generator_msgs__rosidl_generator_cExport.cmake
[2.695s] -- Up-to-date: /home/user/humble_ws/install/panda_motion_generator_msgs/share/panda_motion_generator_msgs/cmake/export_panda_motion_generator_msgs__rosidl_generator_cExport-release.cmake
[2.697s] -- Up-to-date: /home/user/humble_ws/install/panda_motion_generator_msgs/share/panda_motion_generator_msgs/cmake/export_panda_motion_generator_msgs__rosidl_typesupport_fastrtps_cExport.cmake
[2.697s] -- Up-to-date: /home/user/humble_ws/install/panda_motion_generator_msgs/share/panda_motion_generator_msgs/cmake/export_panda_motion_generator_msgs__rosidl_typesupport_fastrtps_cExport-release.cmake
[2.698s] -- Up-to-date: /home/user/humble_ws/install/panda_motion_generator_msgs/share/panda_motion_generator_msgs/cmake/export_panda_motion_generator_msgs__rosidl_generator_cppExport.cmake
[2.699s] -- Up-to-date: /home/user/humble_ws/install/panda_motion_generator_msgs/share/panda_motion_generator_msgs/cmake/export_panda_motion_generator_msgs__rosidl_typesupport_fastrtps_cppExport.cmake
[2.700s] -- Up-to-date: /home/user/humble_ws/install/panda_motion_generator_msgs/share/panda_motion_generator_msgs/cmake/export_panda_motion_generator_msgs__rosidl_typesupport_fastrtps_cppExport-release.cmake
[2.701s] -- Up-to-date: /home/user/humble_ws/install/panda_motion_generator_msgs/share/panda_motion_generator_msgs/cmake/panda_motion_generator_msgs__rosidl_typesupport_introspection_cExport.cmake
[2.702s] -- Up-to-date: /home/user/humble_ws/install/panda_motion_generator_msgs/share/panda_motion_generator_msgs/cmake/panda_motion_generator_msgs__rosidl_typesupport_introspection_cExport-release.cmake
[2.703s] -- Up-to-date: /home/user/humble_ws/install/panda_motion_generator_msgs/share/panda_motion_generator_msgs/cmake/panda_motion_generator_msgs__rosidl_typesupport_cExport.cmake
[2.704s] -- Up-to-date: /home/user/humble_ws/install/panda_motion_generator_msgs/share/panda_motion_generator_msgs/cmake/panda_motion_generator_msgs__rosidl_typesupport_cExport-release.cmake
[2.705s] -- Up-to-date: /home/user/humble_ws/install/panda_motion_generator_msgs/share/panda_motion_generator_msgs/cmake/panda_motion_generator_msgs__rosidl_typesupport_introspection_cppExport.cmake
[2.706s] -- Up-to-date: /home/user/humble_ws/install/panda_motion_generator_msgs/share/panda_motion_generator_msgs/cmake/panda_motion_generator_msgs__rosidl_typesupport_introspection_cppExport-release.cmake
[2.707s] -- Up-to-date: /home/user/humble_ws/install/panda_motion_generator_msgs/share/panda_motion_generator_msgs/cmake/panda_motion_generator_msgs__rosidl_typesupport_cppExport.cmake
[2.708s] -- Up-to-date: /home/user/humble_ws/install/panda_motion_generator_msgs/share/panda_motion_generator_msgs/cmake/panda_motion_generator_msgs__rosidl_typesupport_cppExport-release.cmake
[2.709s] -- Up-to-date: /home/user/humble_ws/install/panda_motion_generator_msgs/share/panda_motion_generator_msgs/cmake/export_panda_motion_generator_msgs__rosidl_generator_pyExport.cmake
[2.710s] -- Up-to-date: /home/user/humble_ws/install/panda_motion_generator_msgs/share/panda_motion_generator_msgs/cmake/export_panda_motion_generator_msgs__rosidl_generator_pyExport-release.cmake
[2.711s] -- Up-to-date: /home/user/humble_ws/install/panda_motion_generator_msgs/share/panda_motion_generator_msgs/cmake/rosidl_cmake-extras.cmake
[2.712s] -- Up-to-date: /home/user/humble_ws/install/panda_motion_generator_msgs/share/panda_motion_generator_msgs/cmake/ament_cmake_export_dependencies-extras.cmake
[2.713s] -- Up-to-date: /home/user/humble_ws/install/panda_motion_generator_msgs/share/panda_motion_generator_msgs/cmake/ament_cmake_export_include_directories-extras.cmake
[2.713s] -- Up-to-date: /home/user/humble_ws/install/panda_motion_generator_msgs/share/panda_motion_generator_msgs/cmake/ament_cmake_export_libraries-extras.cmake
[2.714s] -- Up-to-date: /home/user/humble_ws/install/panda_motion_generator_msgs/share/panda_motion_generator_msgs/cmake/ament_cmake_export_targets-extras.cmake
[2.715s] -- Up-to-date: /home/user/humble_ws/install/panda_motion_generator_msgs/share/panda_motion_generator_msgs/cmake/rosidl_cmake_export_typesupport_targets-extras.cmake
[2.716s] -- Up-to-date: /home/user/humble_ws/install/panda_motion_generator_msgs/share/panda_motion_generator_msgs/cmake/rosidl_cmake_export_typesupport_libraries-extras.cmake
[2.717s] -- Up-to-date: /home/user/humble_ws/install/panda_motion_generator_msgs/share/panda_motion_generator_msgs/cmake/panda_motion_generator_msgsConfig.cmake
[2.718s] -- Up-to-date: /home/user/humble_ws/install/panda_motion_generator_msgs/share/panda_motion_generator_msgs/cmake/panda_motion_generator_msgsConfig-version.cmake
[2.719s] -- Up-to-date: /home/user/humble_ws/install/panda_motion_generator_msgs/share/panda_motion_generator_msgs/package.xml
[2.723s] Invoked command in '/home/user/humble_ws/build/panda_motion_generator_msgs' returned '0': CMAKE_PREFIX_PATH=${CMAKE_PREFIX_PATH}:/opt/ros/humble /usr/bin/cmake --install /home/user/humble_ws/build/panda_motion_generator_msgs
