[100%] Built target garmi_controllers
-- Install configuration: "Release"
-- Up-to-date: /home/user/humble_ws/install/garmi_controllers/share/garmi_controllers/garmi_controllers.xml
-- Up-to-date: /home/user/humble_ws/install/garmi_controllers/lib/libgarmi_controllers.so
-- Up-to-date: /home/user/humble_ws/install/garmi_controllers/include
-- Up-to-date: /home/user/humble_ws/install/garmi_controllers/include/garmi_controllers
-- Up-to-date: /home/user/humble_ws/install/garmi_controllers/include/garmi_controllers/mobile_base_controller.hpp
-- Up-to-date: /home/user/humble_ws/install/garmi_controllers/share/garmi_controllers/environment/library_path.sh
-- Up-to-date: /home/user/humble_ws/install/garmi_controllers/share/garmi_controllers/environment/library_path.dsv
-- Up-to-date: /home/user/humble_ws/install/garmi_controllers/share/ament_index/resource_index/package_run_dependencies/garmi_controllers
-- Up-to-date: /home/user/humble_ws/install/garmi_controllers/share/ament_index/resource_index/parent_prefix_path/garmi_controllers
-- Up-to-date: /home/user/humble_ws/install/garmi_controllers/share/garmi_controllers/environment/ament_prefix_path.sh
-- Up-to-date: /home/user/humble_ws/install/garmi_controllers/share/garmi_controllers/environment/ament_prefix_path.dsv
-- Up-to-date: /home/user/humble_ws/install/garmi_controllers/share/garmi_controllers/environment/path.sh
-- Up-to-date: /home/user/humble_ws/install/garmi_controllers/share/garmi_controllers/environment/path.dsv
-- Up-to-date: /home/user/humble_ws/install/garmi_controllers/share/garmi_controllers/local_setup.bash
-- Up-to-date: /home/user/humble_ws/install/garmi_controllers/share/garmi_controllers/local_setup.sh
-- Up-to-date: /home/user/humble_ws/install/garmi_controllers/share/garmi_controllers/local_setup.zsh
-- Up-to-date: /home/user/humble_ws/install/garmi_controllers/share/garmi_controllers/local_setup.dsv
-- Up-to-date: /home/user/humble_ws/install/garmi_controllers/share/garmi_controllers/package.dsv
-- Up-to-date: /home/user/humble_ws/install/garmi_controllers/share/ament_index/resource_index/packages/garmi_controllers
-- Up-to-date: /home/user/humble_ws/install/garmi_controllers/share/ament_index/resource_index/controller_interface__pluginlib__plugin/garmi_controllers
-- Up-to-date: /home/user/humble_ws/install/garmi_controllers/share/garmi_controllers/cmake/ament_cmake_export_include_directories-extras.cmake
-- Up-to-date: /home/user/humble_ws/install/garmi_controllers/share/garmi_controllers/cmake/ament_cmake_export_libraries-extras.cmake
-- Up-to-date: /home/user/humble_ws/install/garmi_controllers/share/garmi_controllers/cmake/ament_cmake_export_dependencies-extras.cmake
-- Up-to-date: /home/user/humble_ws/install/garmi_controllers/share/garmi_controllers/cmake/garmi_controllersConfig.cmake
-- Up-to-date: /home/user/humble_ws/install/garmi_controllers/share/garmi_controllers/cmake/garmi_controllersConfig-version.cmake
-- Up-to-date: /home/user/humble_ws/install/garmi_controllers/share/garmi_controllers/package.xml
